"../../../Engine/Content/EditorBlueprintResources/StandardMacros.uasset" 0
"../../../Engine/Content/EngineResources/Black.uasset" 1
"../../../NightmareGame/Content/InfinityBladeEffects/Effects/Masters/M_Add_Sprite_Master_DepthFade.uasset" 2
"../../../NightmareGame/Content/InfinityBladeEffects/Effects/FX_Textures/Gradient/T_starFlare_01.uasset" 3
"../../../NightmareGame/Content/InfinityBladeEffects/Effects/FX_Materials/Gradient/M_Flare_01_INST.uasset" 4
"../../../NightmareGame/Content/InfinityBladeEffects/Effects/FX_Textures/Gradient/T_SoftFallOff.uasset" 5
"../../../NightmareGame/Content/InfinityBladeEffects/Effects/FX_Materials/Gradient/M_Flare_03_INST.uasset" 6
"../../../NightmareGame/Content/InfinityBladeEffects/Effects/FX_Combat_Base/WeaponCombo/P_ComboFinish_Tap_01.uasset" 7
"../../../NightmareGame/Content/ThirdPersonBP/Blueprints/Magic1.uasset" 8
"../../../NightmareGame/Content/ThirdPersonBP/Blueprints/Magic1_Cue.uasset" 9
"../../../NightmareGame/Content/ThirdPersonBP/Blueprints/DummyOrbRotate.uasset" 10
"../../../NightmareGame/Content/ThirdPersonBP/HUD/Kingthings_Hand.uasset" 11
"../../../NightmareGame/Content/ThirdPersonBP/Dialogue/TextBoxTemplate.uasset" 12
"../../../NightmareGame/Content/ThirdPersonBP/Dialogue/DialogueUMG.uasset" 13
"../../../NightmareGame/Content/ThirdPersonBP/Dialogue/Tooltip.uasset" 14
"../../../NightmareGame/Content/ThirdPersonBP/Dialogue/TooltipUMG.uasset" 15
"../../../NightmareGame/Content/ThirdPersonBP/Blueprints/Miss.uasset" 16
"../../../NightmareGame/Content/ThirdPersonBP/Blueprints/Miss_Cue.uasset" 17
"../../../NightmareGame/Content/ThirdPersonBP/DuskModel/DuskTexture.uasset" 18
"../../../NightmareGame/Content/ThirdPersonBP/DuskModel/lambert1.uasset" 19
"../../../NightmareGame/Content/ThirdPersonBP/DuskModel/lambert9.uasset" 20
"../../../NightmareGame/Content/ThirdPersonBP/DuskModel/layeredTexture2Material.uasset" 21
"../../../NightmareGame/Content/ThirdPersonBP/DuskModel/Duskv1_pPlane3_Skeleton.uasset" 22
"../../../NightmareGame/Content/ThirdPersonBP/DuskModel/Duskv1_pPlane4_Skeleton.uasset" 23
"../../../NightmareGame/Content/ThirdPersonBP/DuskModel/Duskv1_pSphere1_PhysicsAsset.uasset" 24
"../../../NightmareGame/Content/ThirdPersonBP/DuskModel/Duskv1_pSphere1_Skeleton.uasset" 25
"../../../NightmareGame/Content/ThirdPersonBP/DuskModel/Duskv1.uasset" 26
"../../../NightmareGame/Content/ThirdPersonBP/Blueprints/ThirdPersonCharacter.uasset" 27
"../../../Engine/Content/Functions/Engine_MaterialFunctions01/Opacity/CameraDepthFade.uasset" 28
"../../../Engine/Content/EngineMaterials/T_Default_Material_Grid_M.uasset" 29
"../../../Engine/Content/EngineMaterials/T_Default_Material_Grid_N.uasset" 30
"../../../Engine/Content/EngineMaterials/WorldGridMaterial.uasset" 31
"../../../NightmareGame/Content/ThirdPersonBP/Blueprints/Castle_in_the_Sky.uasset" 32
"../../../NightmareGame/Content/ThirdPersonBP/Blueprints/Castle_in_the_Sky_Cue.uasset" 33
"../../../NightmareGame/Content/ThirdPersonBP/HUD/crosshair.uasset" 34
"../../../NightmareGame/Content/ThirdPersonBP/HUD/HealthDeco1.uasset" 35
"../../../NightmareGame/Content/ThirdPersonBP/HUD/CharacterHUD.uasset" 36
"../../../NightmareGame/Content/ThirdPersonBP/Menus/TempLogo.uasset" 37
"../../../NightmareGame/Content/ThirdPersonBP/Menus/StartMenu.uasset" 38
"../../../NightmareGame/Content/ThirdPersonBP/Maps/MainMenu.umap" 39
"../../../NightmareGame/Content/StarterContent/Textures/question-mark.uasset" 40
"../../../NightmareGame/Content/StarterContent/Materials/question-mark_Mat.uasset" 41
"../../../NightmareGame/Content/ThirdPersonBP/Blueprints/Starlight/texture.uasset" 42
"../../../NightmareGame/Content/ThirdPersonBP/Blueprints/Starlight/lambert4.uasset" 43
"../../../NightmareGame/Content/ThirdPersonBP/Blueprints/Starlight/Starlightv1_PhysicsAsset.uasset" 44
"../../../NightmareGame/Content/ThirdPersonBP/Blueprints/Starlight/Starlightv1_Skeleton.uasset" 45
"../../../NightmareGame/Content/ThirdPersonBP/Blueprints/Starlight/Starlightv1.uasset" 46
"../../../NightmareGame/Content/ThirdPersonBP/Blueprints/Starlight.uasset" 47
"../../../Engine/Content/EngineSky/C_Sky_Cloud_Color.uasset" 48
"../../../Engine/Content/EngineSky/C_Sky_Horizon_Color.uasset" 49
"../../../Engine/Content/EngineSky/C_Sky_Zenith_Color.uasset" 50
"../../../Engine/Content/EngineSky/T_Sky_Blue.uasset" 51
"../../../Engine/Content/EngineSky/T_Sky_Clouds_M.uasset" 52
"../../../Engine/Content/EngineSky/T_Sky_Stars.uasset" 53
"../../../Engine/Content/EngineSky/SM_SkySphere.uasset" 54
"../../../Engine/Content/EngineSky/M_Sky_Panning_Clouds2.uasset" 55
"../../../Engine/Content/EngineSky/BP_Sky_Sphere.uasset" 56
"../../../NightmareGame/Content/ThirdPersonBP/Blueprints/DynamicText/CaveText.uasset" 57
"../../../NightmareGame/Content/ThirdPersonBP/HUD/PressE.uasset" 58
"../../../NightmareGame/Content/ThirdPersonBP/HUD/myHUD.uasset" 59
"../../../NightmareGame/Content/ThirdPersonBP/Blueprints/Decision2.uasset" 60
"../../../NightmareGame/Content/ThirdPersonBP/Blueprints/Decision2_Cue.uasset" 61
"../../../Engine/Content/Functions/Engine_MaterialFunctions01/Density/ExponentialDensity.uasset" 62
"../../../Engine/Content/Functions/Engine_MaterialFunctions01/Gradient/RadialGradientExponential.uasset" 63
"../../../NightmareGame/Content/ThirdPersonBP/Blueprints/ParticleSystems/TutIslandMat.uasset" 64
"../../../NightmareGame/Content/ThirdPersonBP/Blueprints/ParticleSystems/P_Portal.uasset" 65
"../../../NightmareGame/Content/ThirdPersonBP/Blueprints/LevelTransfer/Cave.uasset" 66
"../../../NightmareGame/Content/ThirdPersonBP/Blueprints/LevelTransfer/Circus.uasset" 67
"../../../NightmareGame/Content/ThirdPersonBP/Blueprints/LevelTransfer/Final.uasset" 68
"../../../NightmareGame/Content/StarterContent/Materials/ExampleContent/Blueprint_Communication/Materials/M_Highlight.uasset" 69
"../../../NightmareGame/Content/StarterContent/Materials/M_AssetPlatform.uasset" 70
"../../../NightmareGame/Content/StarterContent/Materials/M_Basic_Floor.uasset" 71
"../../../NightmareGame/Content/StarterContent/Materials/M_Basic_Wall.uasset" 72
"../../../NightmareGame/Content/StarterContent/Textures/T_Concrete_Tiles_D.uasset" 73
"../../../NightmareGame/Content/StarterContent/Textures/T_Concrete_Tiles_M.uasset" 74
"../../../NightmareGame/Content/StarterContent/Textures/T_Concrete_Tiles_N.uasset" 75
"../../../NightmareGame/Content/StarterContent/Textures/T_Concrete_Tiles_Variation_M.uasset" 76
"../../../NightmareGame/Content/StarterContent/Textures/T_MacroVariation.uasset" 77
"../../../NightmareGame/Content/StarterContent/Materials/M_Concrete_Tiles.uasset" 78
"../../../NightmareGame/Content/StarterContent/Textures/T_Perlin_Noise_M.uasset" 79
"../../../NightmareGame/Content/StarterContent/Textures/T_Wood_Pine_D.uasset" 80
"../../../NightmareGame/Content/StarterContent/Textures/T_Wood_Pine_N.uasset" 81
"../../../NightmareGame/Content/StarterContent/Materials/M_Wood_Pine.uasset" 82
"../../../NightmareGame/Content/StarterContent/Props/Materials/KidInBed/RaceCarSheet.uasset" 83
"../../../NightmareGame/Content/StarterContent/Props/Materials/KidInBed/BedSheet1.uasset" 84
"../../../NightmareGame/Content/StarterContent/Props/Materials/KidInBed/TeddyBearsSheet.uasset" 85
"../../../NightmareGame/Content/StarterContent/Props/Materials/KidInBed/BedSheet2.uasset" 86
"../../../NightmareGame/Content/StarterContent/Props/Materials/KidInBed/SkullSheet.uasset" 87
"../../../NightmareGame/Content/StarterContent/Props/Materials/KidInBed/BedSheet3.uasset" 88
"../../../NightmareGame/Content/StarterContent/Props/Materials/KidInBed/WhiteSheets.uasset" 89
"../../../NightmareGame/Content/StarterContent/Props/Materials/lambert5.uasset" 90
"../../../NightmareGame/Content/StarterContent/Props/Materials/LampMetal.uasset" 91
"../../../NightmareGame/Content/StarterContent/Props/phong1.uasset" 92
"../../../NightmareGame/Content/StarterContent/Props/PurpleHouse.uasset" 93
"../../../NightmareGame/Content/StarterContent/Props/Red.uasset" 94
"../../../Engine/Content/BasicShapes/Cube.uasset" 95
"../../../Engine/Content/EngineMaterials/DefaultMaterial.uasset" 96
"../../../Engine/Content/BasicShapes/Cylinder.uasset" 97
"../../../NightmareGame/Content/StarterContent/Architecture/Wall_400x400.uasset" 98
"../../../NightmareGame/Content/StarterContent/Architecture/Wall_Door_400x400.uasset" 99
"../../../NightmareGame/Content/StarterContent/Architecture/Wall_Window_400x400.uasset" 100
"../../../NightmareGame/Content/StarterContent/Props/ToonTeddy.uasset" 101
"../../../NightmareGame/Content/StarterContent/Props/ToonTeddy_Mat.uasset" 102
"../../../NightmareGame/Content/StarterContent/Props/bear.uasset" 103
"../../../NightmareGame/Content/StarterContent/Props/Kidinbedtext.uasset" 104
"../../../NightmareGame/Content/StarterContent/Props/Kidinbedtext_Mat.uasset" 105
"../../../NightmareGame/Content/StarterContent/Props/Materials/blambert1.uasset" 106
"../../../NightmareGame/Content/StarterContent/Props/Materials/blambert3.uasset" 107
"../../../NightmareGame/Content/StarterContent/Props/Materials/lambert4.uasset" 108
"../../../NightmareGame/Content/StarterContent/Props/Materials/lambert6.uasset" 109
"../../../NightmareGame/Content/StarterContent/Props/KidInBed.uasset" 110
"../../../NightmareGame/Content/StarterContent/Props/Materials/LampGlass.uasset" 111
"../../../NightmareGame/Content/StarterContent/Props/Materials/MailBoxBase.uasset" 112
"../../../NightmareGame/Content/StarterContent/Props/Materials/MailboxPost.uasset" 113
"../../../NightmareGame/Content/StarterContent/Props/Mailbox.uasset" 114
"../../../NightmareGame/Content/StarterContent/Textures/T_Chair_M.uasset" 115
"../../../NightmareGame/Content/StarterContent/Textures/T_Chair_N.uasset" 116
"../../../NightmareGame/Content/StarterContent/Props/Materials/M_Chair.uasset" 117
"../../../NightmareGame/Content/StarterContent/Props/SM_Chair.uasset" 118
"../../../NightmareGame/Content/StarterContent/Props/SM_Couch.uasset" 119
"../../../NightmareGame/Content/StarterContent/Textures/T_Frame_M.uasset" 120
"../../../NightmareGame/Content/StarterContent/Textures/T_Frame_N.uasset" 121
"../../../NightmareGame/Content/StarterContent/Props/Materials/M_Frame.uasset" 122
"../../../NightmareGame/Content/StarterContent/Props/SM_DoorFrame.uasset" 123
"../../../NightmareGame/Content/StarterContent/Materials/M_Glass.uasset" 124
"../../../NightmareGame/Content/StarterContent/Props/SM_GlassWindow.uasset" 125
"../../../NightmareGame/Content/StarterContent/Textures/T_Lamp_M.uasset" 126
"../../../NightmareGame/Content/StarterContent/Textures/T_Lamp_N.uasset" 127
"../../../NightmareGame/Content/StarterContent/Props/Materials/M_Lamp.uasset" 128
"../../../NightmareGame/Content/StarterContent/Props/SM_Lamp_Ceiling.uasset" 129
"../../../NightmareGame/Content/StarterContent/Textures/T_TableRound_M.uasset" 130
"../../../NightmareGame/Content/StarterContent/Textures/T_TableRound_N.uasset" 131
"../../../NightmareGame/Content/StarterContent/Props/Materials/M_TableRound.uasset" 132
"../../../NightmareGame/Content/StarterContent/Props/SM_TableRound.uasset" 133
"../../../NightmareGame/Content/StarterContent/Props/SM_WindowFrame.uasset" 134
"../../../NightmareGame/Content/StarterContent/Props/Materials/LampMetal2.uasset" 135
"../../../NightmareGame/Content/StarterContent/Props/StreetLight.uasset" 136
"../../../NightmareGame/Content/StarterContent/Shapes/Shape_QuadPyramid.uasset" 137
"../../../NightmareGame/Content/StarterContent/Shapes/Shape_WideCapsule.uasset" 138
"../../../NightmareGame/Content/ThirdPersonBP/Blueprints/Sunday_Meadows.uasset" 139
"../../../NightmareGame/Content/ThirdPersonBP/Blueprints/Sunday_Meadows_Cue.uasset" 140
"../../../NightmareGame/Content/ThirdPersonBP/Maps/Hub.umap" 141
"../../../NightmareGame/Content/StarterContent/Textures/T_Burst_M.uasset" 142
"../../../NightmareGame/Content/StarterContent/Particles/Materials/M_Burst.uasset" 143
"../../../NightmareGame/Content/StarterContent/Textures/T_Explosion_SubUV.uasset" 144
"../../../NightmareGame/Content/StarterContent/Particles/Materials/M_explosion_subUV.uasset" 145
"../../../NightmareGame/Content/StarterContent/Particles/Materials/m_flare_01.uasset" 146
"../../../Engine/Content/Functions/Engine_MaterialFunctions01/Gradient/RadialGradient.uasset" 147
"../../../NightmareGame/Content/StarterContent/Particles/Materials/M_radial_ramp.uasset" 148
"../../../NightmareGame/Content/StarterContent/Textures/T_Smoke_SubUV.uasset" 149
"../../../NightmareGame/Content/StarterContent/Textures/T_Smoke_Tiled_D.uasset" 150
"../../../NightmareGame/Content/StarterContent/Particles/Materials/M_smoke_subUV.uasset" 151
"../../../NightmareGame/Content/StarterContent/Particles/P_Explosion.uasset" 152
"../../../NightmareGame/Content/StarterContent/Props/lambert1.uasset" 153
"../../../NightmareGame/Content/ThirdPersonBP/AnimatedStuff/Clown/Clown_PhysicsAsset.uasset" 154
"../../../NightmareGame/Content/ThirdPersonBP/AnimatedStuff/Clown/Clown_Skeleton.uasset" 155
"../../../NightmareGame/Content/ThirdPersonBP/AnimatedStuff/Clown/Clown.uasset" 156
"../../../NightmareGame/Content/ThirdPersonBP/AnimatedStuff/Clown/Clown_BP.uasset" 157
"../../../Engine/Content/Functions/Engine_MaterialFunctions02/Utility/BlendAngleCorrectedNormals.uasset" 158
"../../../Engine/Content/Functions/MaterialLayerFunctions/MatLayerBlend_NormalBlend.uasset" 159
"../../../Engine/Content/Functions/MaterialLayerFunctions/MatLayerBlend_Simple.uasset" 160
"../../../NightmareGame/Content/Mannequin/Character/Materials/MaterialLayers/T_ML_Rubber_Blue_01_D.uasset" 161
"../../../NightmareGame/Content/Mannequin/Character/Materials/MaterialLayers/T_ML_Rubber_Blue_01_N.uasset" 162
"../../../NightmareGame/Content/Mannequin/Character/Materials/MaterialLayers/ML_GlossyBlack_Latex_UE4.uasset" 163
"../../../NightmareGame/Content/Mannequin/Character/Materials/MaterialLayers/ML_Plastic_Shiny_Beige.uasset" 164
"../../../NightmareGame/Content/Mannequin/Character/Textures/UE4_LOGO_CARD.uasset" 165
"../../../NightmareGame/Content/Mannequin/Character/Materials/MaterialLayers/ML_Plastic_Shiny_Beige_LOGO.uasset" 166
"../../../NightmareGame/Content/Mannequin/Character/Materials/MaterialLayers/T_ML_Aluminum01.uasset" 167
"../../../NightmareGame/Content/Mannequin/Character/Materials/MaterialLayers/T_ML_Aluminum01_N.uasset" 168
"../../../NightmareGame/Content/Mannequin/Character/Materials/MaterialLayers/ML_SoftMetal_UE4.uasset" 169
"../../../NightmareGame/Content/Mannequin/Character/Textures/UE4_Mannequin__normals.uasset" 170
"../../../NightmareGame/Content/Mannequin/Character/Textures/UE4_Mannequin_MAT_MASKA.uasset" 171
"../../../NightmareGame/Content/Mannequin/Character/Materials/M_UE4Man_Body.uasset" 172
"../../../NightmareGame/Content/Mannequin/Character/Textures/UE4Man_Logo_N.uasset" 173
"../../../NightmareGame/Content/Mannequin/Character/Materials/M_UE4Man_ChestLogo.uasset" 174
"../../../NightmareGame/Content/Mannequin/Character/Mesh/SK_Mannequin.uasset" 175
"../../../NightmareGame/Content/Mannequin/Character/Mesh/UE4_Mannequin_Skeleton.uasset" 176
"../../../NightmareGame/Content/Mannequin/Animations/ThirdPerson_Jump.uasset" 177
"../../../NightmareGame/Content/Mannequin/Animations/ThirdPersonJump_Loop.uasset" 178
"../../../NightmareGame/Content/Mannequin/Animations/ThirdPersonJump_Start.uasset" 179
"../../../NightmareGame/Content/Mannequin/Animations/ThirdPersonIdle.uasset" 180
"../../../NightmareGame/Content/Mannequin/Animations/ThirdPersonRun.uasset" 181
"../../../NightmareGame/Content/Mannequin/Animations/ThirdPersonWalk.uasset" 182
"../../../NightmareGame/Content/Mannequin/Animations/ThirdPerson_IdleRun_2D.uasset" 183
"../../../NightmareGame/Content/Mannequin/Animations/ThirdPerson_AnimBP.uasset" 184
"../../../NightmareGame/Content/ThirdPersonBP/Blueprints/Child.uasset" 185
"../../../NightmareGame/Content/ThirdPersonBP/Blueprints/DynamicText/arrow-down.uasset" 186
"../../../NightmareGame/Content/ThirdPersonBP/Blueprints/DynamicText/arrow-down_Mat.uasset" 187
"../../../NightmareGame/Content/ThirdPersonBP/Blueprints/DynamicText/FloatingArrows.uasset" 188
"../../../NightmareGame/Content/StarterContent/Props/White.uasset" 189
"../../../NightmareGame/Content/StarterContent/Props/Yellow.uasset" 190
"../../../NightmareGame/Content/StarterContent/Props/Circus_Platform_01.uasset" 191
"../../../NightmareGame/Content/ThirdPersonBP/Blueprints/DynamicText/RotatingPlatform.uasset" 192
"../../../Engine/Content/BasicShapes/BasicShapeMaterial.uasset" 193
"../../../Engine/Content/BasicShapes/Sphere.uasset" 194
"../../../NightmareGame/Content/ThirdPersonBP/Blueprints/PuzzleObjs/Baseball.uasset" 195
"../../../NightmareGame/Content/StarterContent/Props/mdl_material1.uasset" 196
"../../../NightmareGame/Content/StarterContent/Props/key.uasset" 197
"../../../NightmareGame/Content/ThirdPersonBP/Blueprints/Chime2.uasset" 198
"../../../NightmareGame/Content/ThirdPersonBP/Blueprints/Chime2_Cue.uasset" 199
"../../../NightmareGame/Content/ThirdPersonBP/Blueprints/PuzzleObjs/CircusKeyPuzzle.uasset" 200
"../../../NightmareGame/Content/InfinityBladeEffects/Effects/Masters/M_Add_Sprite_Master.uasset" 201
"../../../NightmareGame/Content/InfinityBladeEffects/Effects/FX_Textures/Spark/T_Spark_Core.uasset" 202
"../../../NightmareGame/Content/InfinityBladeEffects/Effects/FX_Materials/Spark/M_Spark_Core_01_INST.uasset" 203
"../../../NightmareGame/Content/InfinityBladeEffects/Effects/FX_Treasure/Resources/P_OrePile_Explosion_Success.uasset" 204
"../../../NightmareGame/Content/StarterContent/Shapes/Shape_Cylinder.uasset" 205
"../../../NightmareGame/Content/ThirdPersonBP/Blueprints/PuzzleObjs/FirstKnockDownGame.uasset" 206
"../../../NightmareGame/Content/ThirdPersonBP/Blueprints/PuzzleObjs/FourthKnockDownGame.uasset" 207
"../../../NightmareGame/Content/ThirdPersonBP/Blueprints/PuzzleObjs/SecondKnockDownGame.uasset" 208
"../../../NightmareGame/Content/ThirdPersonBP/Blueprints/PuzzleObjs/ThirdKnockDownGame.uasset" 209
"../../../NightmareGame/Content/StarterContent/Materials/carnival_sign-knock_down.uasset" 210
"../../../NightmareGame/Content/StarterContent/Materials/carnival_sign-knock_down_Mat.uasset" 211
"../../../NightmareGame/Content/StarterContent/Textures/Cube_mask.uasset" 212
"../../../NightmareGame/Content/StarterContent/Textures/CubeTexture_NRM.uasset" 213
"../../../NightmareGame/Content/StarterContent/Textures/T_Metal_Gold_N.uasset" 214
"../../../NightmareGame/Content/StarterContent/Materials/Cube_Mat_Green.uasset" 215
"../../../NightmareGame/Content/StarterContent/Materials/Cube_Mat_Orange.uasset" 216
"../../../NightmareGame/Content/StarterContent/Materials/depositphotos_33125685-Baseball-texture.uasset" 217
"../../../NightmareGame/Content/StarterContent/Materials/depositphotos_33125685-Baseball-texture_Mat.uasset" 218
"../../../NightmareGame/Content/StarterContent/Materials/M_Metal_Chrome.uasset" 219
"../../../NightmareGame/Content/StarterContent/Textures/T_Metal_Gold_D.uasset" 220
"../../../NightmareGame/Content/StarterContent/Materials/M_Metal_Gold.uasset" 221
"../../../NightmareGame/Content/StarterContent/Textures/T_Metal_Rust_D.uasset" 222
"../../../NightmareGame/Content/StarterContent/Textures/T_Metal_Rust_N.uasset" 223
"../../../NightmareGame/Content/StarterContent/Materials/M_Metal_Rust.uasset" 224
"../../../NightmareGame/Content/StarterContent/Textures/T_Wood_Oak_D.uasset" 225
"../../../NightmareGame/Content/StarterContent/Textures/T_Wood_Oak_N.uasset" 226
"../../../NightmareGame/Content/StarterContent/Materials/M_Wood_Oak.uasset" 227
"../../../NightmareGame/Content/ThirdPersonBP/Blueprints/DynamicText/arrow-downGREEN.uasset" 228
"../../../NightmareGame/Content/ThirdPersonBP/Blueprints/DynamicText/arrow-downGREEN_Mat.uasset" 229
"../../../NightmareGame/Content/StarterContent/Props/blinn1.uasset" 230
"../../../NightmareGame/Content/StarterContent/Props/blinn2.uasset" 231
"../../../NightmareGame/Content/StarterContent/Props/blinn3.uasset" 232
"../../../NightmareGame/Content/StarterContent/Props/Circus_Tent.uasset" 233
"../../../NightmareGame/Content/StarterContent/Props/CircusTent.uasset" 234
"../../../NightmareGame/Content/StarterContent/Props/phongE1.uasset" 235
"../../../NightmareGame/Content/StarterContent/Props/newcage.uasset" 236
"../../../NightmareGame/Content/StarterContent/Props/Seating.uasset" 237
"../../../NightmareGame/Content/StarterContent/Props/Tightrope.uasset" 238
"../../../NightmareGame/Content/ThirdPersonBP/Blueprints/Flash1.uasset" 239
"../../../NightmareGame/Content/ThirdPersonBP/Blueprints/Flash1_Cue.uasset" 240
"../../../NightmareGame/Content/ThirdPersonBP/Blueprints/Fungeons_.uasset" 241
"../../../NightmareGame/Content/ThirdPersonBP/Blueprints/Fungeons__Cue.uasset" 242
"../../../NightmareGame/Content/ThirdPersonBP/Maps/Circus.umap" 243
"../../../NightmareGame/Content/StarterContent/Audio/Fire01.uasset" 244
"../../../NightmareGame/Content/StarterContent/Audio/Fire01_Cue.uasset" 245
"../../../NightmareGame/Content/StarterContent/Textures/T_Fire_SubUV.uasset" 246
"../../../NightmareGame/Content/StarterContent/Textures/T_Fire_Tiled_D.uasset" 247
"../../../NightmareGame/Content/StarterContent/Particles/Materials/M_Fire_SubUV.uasset" 248
"../../../NightmareGame/Content/StarterContent/Textures/T_Water_N.uasset" 249
"../../../NightmareGame/Content/StarterContent/Particles/Materials/M_Heat_Distortion.uasset" 250
"../../../NightmareGame/Content/StarterContent/Particles/Materials/M_Radial_Gradient.uasset" 251
"../../../NightmareGame/Content/StarterContent/Particles/P_Fire.uasset" 252
"../../../NightmareGame/Content/StarterContent/Blueprints/Blueprint_Effect_Fire.uasset" 253
"../../../NightmareGame/Content/StarterContent/Audio/Smoke01.uasset" 254
"../../../NightmareGame/Content/StarterContent/Audio/Smoke01_Cue.uasset" 255
"../../../NightmareGame/Content/StarterContent/Particles/P_Smoke.uasset" 256
"../../../NightmareGame/Content/StarterContent/Blueprints/Blueprint_Effect_Smoke.uasset" 257
"../../../NightmareGame/Content/StarterContent/Audio/Fire_Sparks01.uasset" 258
"../../../NightmareGame/Content/StarterContent/Audio/Fire_Sparks01_Cue.uasset" 259
"../../../NightmareGame/Content/StarterContent/Textures/T_Spark_Core.uasset" 260
"../../../NightmareGame/Content/StarterContent/Particles/Materials/M_Spark.uasset" 261
"../../../NightmareGame/Content/StarterContent/Particles/P_Sparks.uasset" 262
"../../../NightmareGame/Content/StarterContent/Blueprints/Blueprint_Effect_Sparks.uasset" 263
"../../../NightmareGame/Content/StarterContent/Audio/Steam01.uasset" 264
"../../../NightmareGame/Content/StarterContent/Audio/Steam01_Cue.uasset" 265
"../../../NightmareGame/Content/StarterContent/Particles/P_Steam_Lit.uasset" 266
"../../../NightmareGame/Content/StarterContent/Blueprints/Blueprint_Effect_Steam.uasset" 267
"../../../NightmareGame/Content/StarterContent/Blueprints/Blueprint_CeilingLight.uasset" 268
"../../../NightmareGame/Content/StarterContent/Props/SM_Lamp_Wall.uasset" 269
"../../../NightmareGame/Content/StarterContent/Blueprints/Blueprint_WallSconce.uasset" 270
"../../../Engine/Content/EngineFonts/RobotoDistanceField.uasset" 271
"../../../Engine/Content/Functions/Engine_MaterialFunctions03/Procedurals/ComputeFilterWidth.uasset" 272
"../../../Engine/Content/EngineMaterials/AntiAliasedTextMaterialTranslucent.uasset" 273
"../../../NightmareGame/Content/StarterContent/Textures/T_Brick_Clay_Beveled_D.uasset" 274
"../../../NightmareGame/Content/StarterContent/Textures/T_Brick_Clay_Beveled_M.uasset" 275
"../../../NightmareGame/Content/StarterContent/Textures/T_Brick_Clay_Beveled_N.uasset" 276
"../../../NightmareGame/Content/StarterContent/Materials/M_Brick_Clay_Beveled.uasset" 277
"../../../NightmareGame/Content/StarterContent/Textures/T_Brick_Clay_New_D.uasset" 278
"../../../NightmareGame/Content/StarterContent/Textures/T_Brick_Clay_New_M.uasset" 279
"../../../NightmareGame/Content/StarterContent/Textures/T_Brick_Clay_New_N.uasset" 280
"../../../NightmareGame/Content/StarterContent/Textures/T_Detail_Rocky_N.uasset" 281
"../../../NightmareGame/Content/StarterContent/Materials/M_Brick_Clay_New.uasset" 282
"../../../NightmareGame/Content/StarterContent/Textures/T_Brick_Clay_Old_D.uasset" 283
"../../../NightmareGame/Content/StarterContent/Textures/T_Brick_Clay_Old_N.uasset" 284
"../../../NightmareGame/Content/StarterContent/Materials/M_Brick_Clay_Old.uasset" 285
"../../../NightmareGame/Content/StarterContent/Textures/T_Brick_Cut_Stone_D.uasset" 286
"../../../NightmareGame/Content/StarterContent/Textures/T_Brick_Cut_Stone_N.uasset" 287
"../../../NightmareGame/Content/StarterContent/Materials/M_Brick_Cut_Stone.uasset" 288
"../../../NightmareGame/Content/StarterContent/Textures/T_Brick_Hewn_Stone_D.uasset" 289
"../../../NightmareGame/Content/StarterContent/Textures/T_Brick_Hewn_Stone_M.uasset" 290
"../../../NightmareGame/Content/StarterContent/Textures/T_Brick_Hewn_Stone_N.uasset" 291
"../../../NightmareGame/Content/StarterContent/Materials/M_Brick_Hewn_Stone.uasset" 292
"../../../NightmareGame/Content/StarterContent/Textures/T_Ceramic_Tile_M.uasset" 293
"../../../NightmareGame/Content/StarterContent/Textures/T_Ceramic_Tile_N.uasset" 294
"../../../NightmareGame/Content/StarterContent/Textures/T_Rock_Marble_Polished_D.uasset" 295
"../../../NightmareGame/Content/StarterContent/Materials/M_Ceramic_Tile_Checker.uasset" 296
"../../../NightmareGame/Content/StarterContent/Textures/T_CobbleStone_Pebble_D.uasset" 297
"../../../NightmareGame/Content/StarterContent/Textures/T_CobbleStone_Pebble_M.uasset" 298
"../../../NightmareGame/Content/StarterContent/Textures/T_CobbleStone_Pebble_N.uasset" 299
"../../../NightmareGame/Content/StarterContent/Materials/M_CobbleStone_Pebble.uasset" 300
"../../../NightmareGame/Content/StarterContent/Textures/T_CobbleStone_Rough_D.uasset" 301
"../../../NightmareGame/Content/StarterContent/Textures/T_CobbleStone_Rough_N.uasset" 302
"../../../NightmareGame/Content/StarterContent/Textures/T_Gradinet_01.uasset" 303
"../../../NightmareGame/Content/StarterContent/Textures/T_Rock_Smooth_Granite_D.uasset" 304
"../../../NightmareGame/Content/StarterContent/Materials/M_CobbleStone_Rough.uasset" 305
"../../../NightmareGame/Content/StarterContent/Textures/T_CobbleStone_Smooth_D.uasset" 306
"../../../NightmareGame/Content/StarterContent/Textures/T_CobbleStone_Smooth_M.uasset" 307
"../../../NightmareGame/Content/StarterContent/Textures/T_CobbleStone_Smooth_N.uasset" 308
"../../../NightmareGame/Content/StarterContent/Materials/M_CobbleStone_Smooth.uasset" 309
"../../../NightmareGame/Content/StarterContent/Textures/T_Concrete_Grime_D.uasset" 310
"../../../NightmareGame/Content/StarterContent/Materials/M_Concrete_Grime.uasset" 311
"../../../NightmareGame/Content/StarterContent/Textures/T_Concrete_Panels_D.uasset" 312
"../../../NightmareGame/Content/StarterContent/Textures/T_Concrete_Panels_N.uasset" 313
"../../../NightmareGame/Content/StarterContent/Materials/M_Concrete_Panels.uasset" 314
"../../../NightmareGame/Content/StarterContent/Textures/T_Concrete_Poured_D.uasset" 315
"../../../NightmareGame/Content/StarterContent/Textures/T_Concrete_Poured_N.uasset" 316
"../../../NightmareGame/Content/StarterContent/Materials/M_Concrete_Poured.uasset" 317
"../../../NightmareGame/Content/StarterContent/Textures/T_Ground_Grass_D.uasset" 318
"../../../NightmareGame/Content/StarterContent/Textures/T_Ground_Grass_N.uasset" 319
"../../../NightmareGame/Content/StarterContent/Materials/M_Ground_Grass.uasset" 320
"../../../NightmareGame/Content/StarterContent/Textures/T_Ground_Gravel_D.uasset" 321
"../../../NightmareGame/Content/StarterContent/Textures/T_Ground_Gravel_N.uasset" 322
"../../../NightmareGame/Content/StarterContent/Materials/M_Ground_Gravel.uasset" 323
"../../../NightmareGame/Content/StarterContent/Textures/T_ground_Moss_D.uasset" 324
"../../../NightmareGame/Content/StarterContent/Textures/T_Ground_Moss_N.uasset" 325
"../../../NightmareGame/Content/StarterContent/Materials/M_Ground_Moss.uasset" 326
"../../../NightmareGame/Content/StarterContent/Materials/M_Metal_Brushed_Nickel.uasset" 327
"../../../NightmareGame/Content/StarterContent/Textures/T_Metal_Aluminum_D.uasset" 328
"../../../NightmareGame/Content/StarterContent/Materials/M_Metal_Burnished_Steel.uasset" 329
"../../../NightmareGame/Content/StarterContent/Textures/T_Metal_Copper_D.uasset" 330
"../../../NightmareGame/Content/StarterContent/Materials/M_Metal_Copper.uasset" 331
"../../../NightmareGame/Content/StarterContent/Textures/T_Metal_Steel_D.uasset" 332
"../../../NightmareGame/Content/StarterContent/Textures/T_Metal_Steel_N.uasset" 333
"../../../NightmareGame/Content/StarterContent/Materials/M_Metal_Steel.uasset" 334
"../../../NightmareGame/Content/StarterContent/Textures/T_Rock_Basalt_D.uasset" 335
"../../../NightmareGame/Content/StarterContent/Textures/T_Rock_Basalt_N.uasset" 336
"../../../NightmareGame/Content/StarterContent/Materials/M_Rock_Basalt.uasset" 337
"../../../NightmareGame/Content/StarterContent/Materials/M_Rock_Marble_Polished.uasset" 338
"../../../NightmareGame/Content/StarterContent/Textures/T_Rock_Sandstone_D.uasset" 339
"../../../NightmareGame/Content/StarterContent/Textures/T_Rock_Sandstone_N.uasset" 340
"../../../NightmareGame/Content/StarterContent/Materials/M_Rock_Sandstone.uasset" 341
"../../../NightmareGame/Content/StarterContent/Textures/T_Rock_Slate_D.uasset" 342
"../../../NightmareGame/Content/StarterContent/Textures/T_Rock_Slate_N.uasset" 343
"../../../NightmareGame/Content/StarterContent/Materials/M_Rock_Slate.uasset" 344
"../../../NightmareGame/Content/StarterContent/Textures/T_Checker_Noise_M.uasset" 345
"../../../NightmareGame/Content/StarterContent/Textures/T_Single_Tile_N.uasset" 346
"../../../NightmareGame/Content/StarterContent/Textures/T_Tech_Dot_M.uasset" 347
"../../../NightmareGame/Content/StarterContent/Textures/T_Tech_Dot_N.uasset" 348
"../../../NightmareGame/Content/StarterContent/Materials/M_Tech_Checker_Dot.uasset" 349
"../../../NightmareGame/Content/StarterContent/Textures/T_Tech_Hex_Tile_M.uasset" 350
"../../../NightmareGame/Content/StarterContent/Textures/T_Tech_Hex_Tile_N.uasset" 351
"../../../NightmareGame/Content/StarterContent/Materials/M_Tech_Hex_Tile.uasset" 352
"../../../NightmareGame/Content/StarterContent/Materials/M_Tech_Hex_Tile_Pulse.uasset" 353
"../../../NightmareGame/Content/StarterContent/Textures/T_Tech_Panel_M.uasset" 354
"../../../NightmareGame/Content/StarterContent/Textures/T_Tech_Panel_N.uasset" 355
"../../../NightmareGame/Content/StarterContent/Materials/M_Tech_Panel.uasset" 356
"../../../NightmareGame/Content/StarterContent/Materials/M_Water_Lake.uasset" 357
"../../../NightmareGame/Content/StarterContent/Textures/T_Water_M.uasset" 358
"../../../NightmareGame/Content/StarterContent/Materials/M_Water_Ocean.uasset" 359
"../../../NightmareGame/Content/StarterContent/Textures/T_Wood_Floor_Walnut_D.uasset" 360
"../../../NightmareGame/Content/StarterContent/Textures/T_Wood_Floor_Walnut_M.uasset" 361
"../../../NightmareGame/Content/StarterContent/Textures/T_Wood_Floor_Walnut_N.uasset" 362
"../../../NightmareGame/Content/StarterContent/Materials/M_Wood_Floor_Walnut_Polished.uasset" 363
"../../../Engine/Content/Functions/Engine_MaterialFunctions01/Opacity/AlphaOffset.uasset" 364
"../../../NightmareGame/Content/StarterContent/Materials/M_Wood_Floor_Walnut_Worn.uasset" 365
"../../../NightmareGame/Content/StarterContent/Textures/T_Wood_Walnut_D.uasset" 366
"../../../NightmareGame/Content/StarterContent/Textures/T_Wood_Walnut_N.uasset" 367
"../../../NightmareGame/Content/StarterContent/Materials/M_Wood_Walnut.uasset" 368
"../../../NightmareGame/Content/StarterContent/Architecture/Floor_400x400.uasset" 369
"../../../NightmareGame/Content/StarterContent/Architecture/Wall_400x200.uasset" 370
"../../../NightmareGame/Content/StarterContent/Architecture/Wall_Door_400x300.uasset" 371
"../../../NightmareGame/Content/StarterContent/Architecture/Wall_Window_400x300.uasset" 372
"../../../NightmareGame/Content/StarterContent/Audio/Collapse01.uasset" 373
"../../../NightmareGame/Content/StarterContent/Audio/Collapse02.uasset" 374
"../../../NightmareGame/Content/StarterContent/Audio/Collapse_Cue.uasset" 375
"../../../NightmareGame/Content/StarterContent/Audio/Starter_Birds01.uasset" 376
"../../../NightmareGame/Content/StarterContent/Audio/Starter_Wind05.uasset" 377
"../../../NightmareGame/Content/StarterContent/Audio/Starter_Wind06.uasset" 378
"../../../NightmareGame/Content/StarterContent/Audio/Starter_Background_Cue.uasset" 379
"../../../NightmareGame/Content/StarterContent/Audio/Starter_Music01.uasset" 380
"../../../NightmareGame/Content/StarterContent/Audio/Starter_Music_Cue.uasset" 381
"../../../NightmareGame/Content/StarterContent/Textures/T_Dust_Particle_D.uasset" 382
"../../../NightmareGame/Content/StarterContent/Particles/Materials/M_Dust_Particle.uasset" 383
"../../../NightmareGame/Content/StarterContent/Particles/P_Ambient_Dust.uasset" 384
"../../../NightmareGame/Content/StarterContent/Props/MaterialSphere.uasset" 385
"../../../NightmareGame/Content/StarterContent/Props/SM_CornerFrame.uasset" 386
"../../../NightmareGame/Content/StarterContent/Props/SM_PillarFrame.uasset" 387
"../../../NightmareGame/Content/StarterContent/Props/SM_PillarFrame300.uasset" 388
"../../../NightmareGame/Content/StarterContent/Textures/T_Statue_M.uasset" 389
"../../../NightmareGame/Content/StarterContent/Textures/T_Statue_N.uasset" 390
"../../../NightmareGame/Content/StarterContent/Props/Materials/M_Statue.uasset" 391
"../../../NightmareGame/Content/StarterContent/Props/Materials/M_StatueGlass.uasset" 392
"../../../NightmareGame/Content/StarterContent/Props/SM_Statue.uasset" 393
"../../../NightmareGame/Content/StarterContent/Shapes/Shape_Cube.uasset" 394
"../../../NightmareGame/Content/StarterContent/Shapes/Shape_Sphere.uasset" 395
"../../../NightmareGame/Content/StarterContent/Maps/StarterMap.umap" 396
"../../../NightmareGame/Content/StarterContent/Maps/Minimal_Default.umap" 397
"../../../Engine/Content/EngineMaterials/DefaultDiffuse.uasset" 398
"../../../Engine/Content/EngineMaterials/DefaultNormal.uasset" 399
"../../../Engine/Content/Maps/Entry.umap" 400
"../../../NightmareGame/Content/ThirdPersonBP/Blueprints/PuzzleObjs/Hope1.uasset" 401
"../../../NightmareGame/Content/ThirdPersonBP/Blueprints/PuzzleObjs/Hope2.uasset" 402
"../../../NightmareGame/Content/ThirdPersonBP/Blueprints/PuzzleObjs/Hope3.uasset" 403
"../../../NightmareGame/Content/StarterContent/Materials/Cube_Mat_Purple.uasset" 404
"../../../NightmareGame/Content/StarterContent/Materials/M_Basic_Wall2.uasset" 405
"../../../NightmareGame/Content/StarterContent/Materials/M_Metal_Chrome2.uasset" 406
"../../../NightmareGame/Content/StarterContent/Props/GreenHouseMat.uasset" 407
"../../../NightmareGame/Content/StarterContent/Props/antihub_platform.uasset" 408
"../../../NightmareGame/Content/StarterContent/Props/lambert3.uasset" 409
"../../../NightmareGame/Content/StarterContent/Props/lambert4.uasset" 410
"../../../NightmareGame/Content/StarterContent/Props/fountain.uasset" 411
"../../../NightmareGame/Content/StarterContent/Props/lambert6.uasset" 412
"../../../NightmareGame/Content/StarterContent/Props/greenhouse.uasset" 413
"../../../NightmareGame/Content/StarterContent/Props/Materials/KidInBed/KidSkin.uasset" 414
"../../../NightmareGame/Content/StarterContent/Props/Materials/KidInBed/KidInBed.uasset" 415
"../../../NightmareGame/Content/ThirdPersonBP/Blueprints/War_Games.uasset" 416
"../../../NightmareGame/Content/ThirdPersonBP/Blueprints/War_Games_Cue.uasset" 417
"../../../NightmareGame/Content/ThirdPersonBP/Maps/AntiHub.umap" 418
"../../../NightmareGame/Content/InfinityBladeEffects/Effects/FX_Textures/Tile/T_Black_32.uasset" 419
"../../../NightmareGame/Content/InfinityBladeEffects/Effects/Masters/M_Trans_Sprite_Master.uasset" 420
"../../../NightmareGame/Content/InfinityBladeEffects/Effects/FX_Textures/Liquid/T_bloodSpatter_01.uasset" 421
"../../../NightmareGame/Content/InfinityBladeEffects/Effects/FX_Materials/Liquid/M_Liquid_Splat_01_INST.uasset" 422
"../../../NightmareGame/Content/InfinityBladeEffects/Effects/FX_Textures/Gradient/T_GlowNoise_01.uasset" 423
"../../../NightmareGame/Content/InfinityBladeEffects/Effects/FX_Materials/M_Shockwave_03_Add_INST.uasset" 424
"../../../NightmareGame/Content/InfinityBladeEffects/Effects/FX_Textures/Animal/T_SpiderGib.uasset" 425
"../../../NightmareGame/Content/InfinityBladeEffects/Effects/FX_Materials/Misc/M_Feathers_Trans_3X1_INST2.uasset" 426
"../../../NightmareGame/Content/InfinityBladeEffects/Effects/FX_Monsters/FX_Monster_Chicken/P_Chicken_Death_02.uasset" 427
"../../../NightmareGame/Content/ThirdPersonBP/AnimatedStuff/Spider/spider_01.uasset" 428
"../../../NightmareGame/Content/ThirdPersonBP/AnimatedStuff/Spider/03_-_Default.uasset" 429
"../../../NightmareGame/Content/ThirdPersonBP/AnimatedStuff/Spider/Spider_PhysicsAsset.uasset" 430
"../../../NightmareGame/Content/ThirdPersonBP/AnimatedStuff/Spider/Spider_Skeleton.uasset" 431
"../../../NightmareGame/Content/ThirdPersonBP/AnimatedStuff/Spider/Spider.uasset" 432
"../../../NightmareGame/Content/ThirdPersonBP/AnimatedStuff/Spider/Spider_BP.uasset" 433
"../../../NightmareGame/Content/ThirdPersonBP/Blueprints/TooltipTriggers/JumpTooltipTrigger.uasset" 434
"../../../NightmareGame/Content/ThirdPersonBP/Blueprints/TooltipTriggers/TelekinesisTooltipTrigger.uasset" 435
"../../../NightmareGame/Content/ThirdPersonBP/Blueprints/PuzzleObjs/CopperCube.uasset" 436
"../../../NightmareGame/Content/ThirdPersonBP/Blueprints/PuzzleObjs/GoldCube.uasset" 437
"../../../NightmareGame/Content/ThirdPersonBP/Blueprints/PuzzleObjs/NickelCube.uasset" 438
"../../../NightmareGame/Content/InfinityBladeEffects/Effects/FX_Textures/Gradient/T_starFlare_02.uasset" 439
"../../../NightmareGame/Content/InfinityBladeEffects/Effects/FX_Materials/Gradient/M_Flare_02_INST.uasset" 440
"../../../NightmareGame/Content/InfinityBladeEffects/Effects/FX_Treasure/Gold_Bag/P_GoldSparkle_Bag_Lo_2.uasset" 441
"../../../NightmareGame/Content/ThirdPersonBP/Blueprints/PuzzleObjs/Sphere.uasset" 442
"../../../NightmareGame/Content/ThirdPersonBP/Blueprints/PuzzleObjs/SteelCube.uasset" 443
"../../../NightmareGame/Content/ThirdPersonBP/Blueprints/PuzzleObjs/TeddyBURRRRR.uasset" 444
"../../../NightmareGame/Content/StarterContent/Materials/Cube_Mat_Teal.uasset" 445
"../../../NightmareGame/Content/StarterContent/Props/CrystalRock.uasset" 446
"../../../NightmareGame/Content/StarterContent/Props/Cave.uasset" 447
"../../../NightmareGame/Content/StarterContent/Props/CaveRock1.uasset" 448
"../../../NightmareGame/Content/StarterContent/Props/CaveRock2.uasset" 449
"../../../NightmareGame/Content/StarterContent/Props/Materials/CrystalMat.uasset" 450
"../../../NightmareGame/Content/StarterContent/Props/CrystalFormation.uasset" 451
"../../../NightmareGame/Content/StarterContent/Props/DoubleStalagmite.uasset" 452
"../../../NightmareGame/Content/StarterContent/Props/LockedCaveDoor.uasset" 453
"../../../NightmareGame/Content/StarterContent/Props/Materials/lambert2.uasset" 454
"../../../NightmareGame/Content/StarterContent/Props/Materials/lambert3.uasset" 455
"../../../NightmareGame/Content/StarterContent/Props/Materials/phongE1.uasset" 456
"../../../NightmareGame/Content/StarterContent/Props/Mushroom.uasset" 457
"../../../NightmareGame/Content/StarterContent/Props/SingleStalagmite.uasset" 458
"../../../NightmareGame/Content/ThirdPersonBP/Blueprints/Damage3.uasset" 459
"../../../NightmareGame/Content/ThirdPersonBP/Blueprints/Damage3_Cue.uasset" 460
"../../../NightmareGame/Content/ThirdPersonBP/Blueprints/Dungeon2.uasset" 461
"../../../NightmareGame/Content/ThirdPersonBP/Blueprints/Dungeon2_Cue.uasset" 462
"../../../NightmareGame/Content/ThirdPersonBP/Blueprints/Switch3.uasset" 463
"../../../NightmareGame/Content/ThirdPersonBP/Blueprints/Switch3_Cue.uasset" 464
"../../../NightmareGame/Content/ThirdPersonBP/Menus/InGameMenu.uasset" 465
"../../../NightmareGame/Content/ThirdPersonBP/Maps/Cave.umap" 466
"../../../NightmareGame/Content/StarterContent/Blueprints/Assets/FogBrightnessLUT.uasset" 467
"../../../NightmareGame/Content/StarterContent/Blueprints/Assets/SunlightColorLUT.uasset" 468
"../../../NightmareGame/Content/StarterContent/Blueprints/Assets/M_LightStage_Arrows.uasset" 469
"../../../Engine/Content/MapTemplates/Sky/DaylightAmbientCubemap.uasset" 470
"../../../NightmareGame/Content/StarterContent/Blueprints/Assets/M_LightStage_Skybox_Master.uasset" 471
"../../../NightmareGame/Content/StarterContent/Blueprints/Assets/M_LightStage_Skybox_Black.uasset" 472
"../../../NightmareGame/Content/StarterContent/Blueprints/Assets/M_LightStage_Skybox_HDRI.uasset" 473
"../../../Engine/Content/EditorMaterials/Thumbnails/SkySphereMaterial.uasset" 474
"../../../NightmareGame/Content/StarterContent/Blueprints/Assets/Skybox.uasset" 475
"../../../NightmareGame/Content/StarterContent/Blueprints/Assets/SM_Arrows.uasset" 476
"../../../NightmareGame/Content/StarterContent/HDRI/HDRI_Epic_Courtyard_Daylight.uasset" 477
"../../../NightmareGame/Content/StarterContent/Blueprints/BP_LightStudio.uasset" 478
"../../../Engine/Content/EditorMeshes/ColorCalibrator/M_ChromeBall.uasset" 479
"../../../Engine/Content/EditorMeshes/ColorCalibrator/M_ClearCoat.uasset" 480
"../../../Engine/Content/EditorMeshes/ColorCalibrator/M_ClearCoatBlack.uasset" 481
"../../../Engine/Content/EditorMeshes/ColorCalibrator/T_ColorGrid.uasset" 482
"../../../Engine/Content/EditorMeshes/ColorCalibrator/M_ColorGrid.uasset" 483
"../../../Engine/Content/EditorMeshes/ColorCalibrator/M_GreyBall.uasset" 484
"../../../Engine/Content/EditorMeshes/ColorCalibrator/SM_ColorCalibrator.uasset" 485
"../../../NightmareGame/Content/StarterContent/Architecture/SM_AssetPlatform.uasset" 486
"../../../NightmareGame/Content/StarterContent/Maps/Advanced_Lighting.umap" 487
"../../../Engine/Content/EngineFonts/Roboto.uasset" 488
"../../../Engine/Content/Functions/Engine_MaterialFunctions01/Shading/PowerToRoughness.uasset" 489
"../../../Engine/Content/EngineMaterials/DefaultDeferredDecalMaterial.uasset" 490
"../../../Engine/Content/EngineMaterials/DefaultLightFunctionMaterial.uasset" 491
"../../../Engine/Content/Functions/Engine_MaterialFunctions02/Utility/BreakOutFloat2Components.uasset" 492
"../../../Engine/Content/EngineMaterials/DefaultPostProcessMaterial.uasset" 493
"../../../Engine/Content/EngineResources/DefaultTexture.uasset" 494
"../../../Engine/Content/Functions/Engine_MaterialFunctions02/Texturing/ScreenAlignedUVs.uasset" 495
"../../../Engine/Content/EngineResources/WhiteSquareTexture.uasset" 496
"../../../Engine/Content/EngineMaterials/Widget3DPassThrough.uasset" 497
"../../../Engine/Content/EngineMaterials/Widget3DPassThrough_Translucent.uasset" 498
"../../../Engine/Content/EngineMaterials/Widget3DPassThrough_Translucent_OneSided.uasset" 499
"../../../Engine/Content/EngineMaterials/Widget3DPassThrough_Opaque.uasset" 500
"../../../Engine/Content/EngineMaterials/Widget3DPassThrough_Opaque_OneSided.uasset" 501
"../../../Engine/Content/EngineMaterials/Widget3DPassThrough_Masked.uasset" 502
"../../../Engine/Content/EngineMaterials/Widget3DPassThrough_Masked_OneSided.uasset" 503
"../../../Engine/Content/EditorResources/S_Actor.uasset" 504
"../../../Engine/Content/Maps/Templates/Thumbnails/Default.uasset" 505
"../../../Engine/Content/EditorMaterials/ParticleSystems/PSysThumbnail_NoImage.uasset" 506
"../../../Engine/Content/EditorMaterials/ParticleSystems/PSysThumbnail_OOD.uasset" 507
"../../../Engine/Content/EditorLandscapeResources/DataLayer.uasset" 508
"../../../Engine/Content/EngineDamageTypes/DmgTypeBP_Environmental.uasset" 509
"../../../Engine/Content/EngineMeshes/Sphere.uasset" 510
"../../../Engine/Content/EngineMaterials/DefaultTextMaterialOpaque.uasset" 511
"../../../Engine/Content/EditorResources/S_Trigger.uasset" 512
"../../../Engine/Content/EngineResources/GradientTexture0.uasset" 513
"../../../Engine/Content/EditorMaterials/MatineeGroups/MAT_Groups_Float.uasset" 514
"../../../Engine/Content/EditorMaterials/MatineeGroups/MAT_Groups_Director.uasset" 515
"../../../Engine/Content/EditorMaterials/MatineeGroups/MAT_Groups_Event.uasset" 516
"../../../Engine/Content/EditorMaterials/MatineeGroups/MAT_Groups_Anim.uasset" 517
"../../../Engine/Content/EditorMaterials/MatineeGroups/MAT_Groups_Fade.uasset" 518
"../../../Engine/Content/EditorMaterials/MatineeGroups/MAT_Groups_Move.uasset" 519
"../../../Engine/Content/EditorMaterials/MatineeGroups/MAT_Groups_Slomo.uasset" 520
"../../../Engine/Content/EditorMaterials/MatineeGroups/MAT_ColorTrack.uasset" 521
"../../../Engine/Content/EditorMaterials/MAT_Groups_Toggle.uasset" 522
"../../../Engine/Content/EditorMaterials/MatineeGroups/MAT_Groups_AudioMaster.uasset" 523
"../../../Engine/Content/EditorMaterials/MatineeGroups/MAT_Groups_Sound.uasset" 524
"../../../Engine/Content/EditorMaterials/MatineeGroups/MAT_Groups_Vector.uasset" 525
"../../../Engine/Content/EditorMaterials/MAT_Groups_Visibility.uasset" 526
"../../../Engine/Content/EngineResources/DefaultTextureCube.uasset" 527
"../../../Engine/Content/EngineMeshes/Cylinder.uasset" 528
"../../../Engine/Content/EngineTireTypes/DefaultTireType.uasset" 529
"../../../Engine/Content/EngineResources/AICON-Red.uasset" 530
"../../../Engine/Content/EngineResources/AICON-Green.uasset" 531
"../../../Engine/Content/Tutorial/Basics/LevelEditorAttract.uasset" 532
"../../../NightmareGame/Content/ThirdPersonBP/ThirdPersonOverview.uasset" 533
"../../../Engine/Content/Tutorial/BlueprintTutorials/TutorialAssets/Blueprint_64x.uasset" 534
"../../../Engine/Content/Tutorial/BlueprintTutorials/BlueprintEditorTutorial.uasset" 535
"../../../Engine/Content/Tutorial/ContentIntroCurve.uasset" 536
"../../../Engine/Plugins/2D/Paper2D/Content/PlaceholderTextures/DummySpriteTexture.uasset" 537
"../../../Engine/Plugins/2D/Paper2D/Content/DummySpriteTexture.uasset" 538
"../../../Engine/Plugins/2D/Paper2D/Content/DefaultSpriteMaterial.uasset" 539
"../../../Engine/Plugins/2D/Paper2D/Content/MaskedUnlitSpriteMaterial.uasset" 540
"../../../Engine/Plugins/2D/Paper2D/Content/OpaqueUnlitSpriteMaterial.uasset" 541
"../../../Engine/Plugins/2D/Paper2D/Content/DummySprite.uasset" 542
"../../../Engine/Plugins/2D/Paper2D/Content/DefaultPaperTerrainMaterial.uasset" 543
"../../../Engine/Plugins/Runtime/LeapMotionController/Content/LM_CapsuleMesh.uasset" 544
"../../../Engine/Plugins/Runtime/LeapMotionController/Content/LM_TorusMesh.uasset" 545
"../../../Engine/Plugins/Runtime/LeapMotionController/Content/LM_HandColor.uasset" 546
"../../../Engine/Plugins/Runtime/LeapMotionController/Content/LM_SampleDistortion.uasset" 547
"../../../Engine/Plugins/Runtime/LeapMotionController/Content/LM_TestTexture.uasset" 548
"../../../Engine/Plugins/Runtime/LeapMotionController/Content/LM_PassthroughMaterial.uasset" 549
"../../../Engine/Content/EngineMaterials/RemoveSurfaceMaterial.uasset" 550
"../../../Engine/Content/EngineDebugMaterials/DebugMeshMaterial.uasset" 551
"../../../Engine/Content/EngineMaterials/InvalidLightmapSettings.uasset" 552
"../../../Engine/Content/EngineMaterials/M_InvalidLightmapSettings.uasset" 553
"../../../Engine/Content/EditorMaterials/GizmoMaterial.uasset" 554
"../../../Engine/Content/EngineMaterials/Good64x64TilingNoiseHighFreq.uasset" 555
"../../../Engine/Content/EngineMaterials/DefaultBokeh.uasset" 556
"../../../Engine/Content/EngineMaterials/PreintegratedSkinBRDF.uasset" 557
"../../../Engine/Content/EngineMaterials/MiniFont.uasset" 558
"../../../Engine/Content/EngineMaterials/WeightMapPlaceholderTexture.uasset" 559
"../../../Engine/Content/EngineMaterials/DefaultPhysicalMaterial.uasset" 560
"../../../Engine/Content/EngineFonts/RobotoTiny.uasset" 561
"../../../Engine/Content/EditorResources/LightIcons/S_LightError.uasset" 562
"../../../NightmareGame/Content/StarterContent/Shapes/Shape_TriPyramid.uasset" 563
"../../../NightmareGame/Content/StarterContent/Shapes/Shape_Tube.uasset" 564
"../../../NightmareGame/Content/StarterContent/Shapes/Shape_Wedge_A.uasset" 565
"../../../NightmareGame/Content/StarterContent/Shapes/Shape_Wedge_B.uasset" 566
"../../../Engine/Content/MobileResources/HUD/MobileHUDButton2_off.uasset" 567
"../../../Engine/Content/MobileResources/HUD/MobileHUDDirectionPad3.uasset" 568
"../../../NightmareGame/Content/Geometry/Meshes/CubeMaterial.uasset" 569
"../../../NightmareGame/Content/Geometry/Meshes/TemplateFloor.uasset" 570
"../../../NightmareGame/Content/InfinityBladeEffects/Effects/Masters/M_Add_Sprite_SubUV_Master.uasset" 571
"../../../NightmareGame/Content/InfinityBladeEffects/Effects/FX_Textures/Spark/T_Spark_2_2_01.uasset" 572
"../../../NightmareGame/Content/InfinityBladeEffects/Effects/FX_Materials/Spark/M_Spark_01_SubUV_2_2_INST.uasset" 573
"../../../NightmareGame/Content/InfinityBladeEffects/Effects/FX_Cines/P_Gate_Sparks_01.uasset" 574
"../../../NightmareGame/Content/InfinityBladeEffects/Effects/FX_Textures/Animal/T_SpiderGib_Mat.uasset" 575
"../../../NightmareGame/Content/StarterContent/Props/Materials/KidInBed/lambert6.uasset" 576
"../../../NightmareGame/Content/StarterContent/Shapes/Shape_Torus.uasset" 577
"../../../NightmareGame/Content/StarterContent/Shapes/Shape_Trim.uasset" 578
"../../../NightmareGame/Content/StarterContent/Shapes/Shape_Trim_90_In.uasset" 579
"../../../NightmareGame/Content/StarterContent/Shapes/Shape_Trim_90_Out.uasset" 580
"../../../NightmareGame/Content/ThirdPersonBP/Mannequin/Character/Textures/UE4_LOGO_CARD.uasset" 581
"../../../NightmareGame/Content/ThirdPersonBP/Mannequin/Character/Textures/UE4Man_Logo_N.uasset" 582
"../../../NightmareGame/Content/ThirdPersonBP/Dialogue/TextBoxConsole.uasset" 583
"../../../Engine/Content/MobileResources/HUD/MobileHUDButton3.uasset" 584
"../../../NightmareGame/Content/InfinityBladeEffects/Effects/FX_Textures_IB/Glyph/T_AnimGrid_Mask.uasset" 585
"../../../NightmareGame/Content/InfinityBladeEffects/Effects/FX_Materials/Glyph/M_IB_AnimGrid_Masked_Trans.uasset" 586
"../../../NightmareGame/Content/InfinityBladeEffects/Effects/FX_Textures_IB/Glyph/T_IB_Debris_Box.uasset" 587
"../../../NightmareGame/Content/InfinityBladeEffects/Effects/FX_Textures_IB/Glyph/T_IB_Debris_Box_E.uasset" 588
"../../../NightmareGame/Content/InfinityBladeEffects/Effects/FX_Materials/Glyph/M_IB_Debris_Boxes_Opaque.uasset" 589
"../../../NightmareGame/Content/InfinityBladeEffects/Effects/FX_Textures/Glyph/T_IB_FlashGrid.uasset" 590
"../../../NightmareGame/Content/InfinityBladeEffects/Effects/FX_Materials/Glyph/M_IB_Flash_Add.uasset" 591
"../../../NightmareGame/Content/InfinityBladeEffects/Effects/FX_Textures_IB/Glyph/T_AnimGrid_2_6_6.uasset" 592
"../../../NightmareGame/Content/InfinityBladeEffects/Effects/FX_Textures_IB/Glyph/T_AnimGrid_Single.uasset" 593
"../../../NightmareGame/Content/InfinityBladeEffects/Effects/FX_Materials/Gradient/M_Impact_IB_SubUV.uasset" 594
"../../../NightmareGame/Content/InfinityBladeEffects/Effects/FX_Textures/Liquid/T_bloodTest_4X6.uasset" 595
"../../../NightmareGame/Content/InfinityBladeEffects/Effects/FX_Materials/Mobile/M_IB_Blood_Trans_subUV_mobile.uasset" 596
"../../../NightmareGame/Content/InfinityBladeEffects/Effects/FX_Textures/Gradient/T_impactFlares_meleeBase.uasset" 597
"../../../NightmareGame/Content/InfinityBladeEffects/Effects/FX_Materials/Gradient/M_Flash_Impact_01_1X2_INST.uasset" 598
"../../../NightmareGame/Content/InfinityBladeEffects/Effects/FX_Meshes/IB/SM_Swipe_Impact.uasset" 599
"../../../NightmareGame/Content/InfinityBladeEffects/Effects/FX_Combat_Base/Impact/P_Impact_Enemy_IB.uasset" 600
"../../../NightmareGame/Content/StarterContent/Materials/PurplePulse.uasset" 601
"../../../NightmareGame/Content/ThirdPersonBP/Dialogue/TextBoxKeyboard.uasset" 602
"../../../Engine/Content/MobileResources/T_MobileMenu2.uasset" 603
"../../../NightmareGame/Content/Mannequin/Character/Mesh/SK_Mannequin_PhysicsAsset.uasset" 604
"../../../NightmareGame/Content/ThirdPersonBP/Mannequin/Character/Materials/MaterialLayers/T_ML_Aluminum01.uasset" 605
"../../../Engine/Content/MobileResources/HUD/MobileHUDButtonFire.uasset" 606
"../../../NightmareGame/Content/ThirdPersonBP/Mannequin/Character/Materials/MaterialLayers/T_ML_Aluminum01_N.uasset" 607
"../../../NightmareGame/Content/InfinityBladeEffects/Effects/FX_Textures/Animal/T_Feathers_01.uasset" 608
"../../../NightmareGame/Content/InfinityBladeEffects/Effects/FX_Materials/Misc/M_Feathers_Trans_3X1_INST.uasset" 609
"../../../NightmareGame/Content/InfinityBladeEffects/Effects/FX_Monsters/FX_Monster_Chicken/P_Chicken_Death_01.uasset" 610
"../../../NightmareGame/Content/StarterContent/Audio/Explosion01.uasset" 611
"../../../NightmareGame/Content/StarterContent/Audio/Explosion02.uasset" 612
"../../../NightmareGame/Content/StarterContent/Audio/Explosion_Cue.uasset" 613
"../../../NightmareGame/Content/StarterContent/Blueprints/Blueprint_Effect_Explosion.uasset" 614
"../../../NightmareGame/Content/StarterContent/Textures/T_RockMesh_M.uasset" 615
"../../../NightmareGame/Content/StarterContent/Textures/T_RockMesh_N.uasset" 616
"../../../NightmareGame/Content/StarterContent/Props/Materials/M_Rock.uasset" 617
"../../../NightmareGame/Content/StarterContent/Props/SM_Rock.uasset" 618
"../../../NightmareGame/Content/StarterContent/Textures/T_Shelf_M.uasset" 619
"../../../NightmareGame/Content/StarterContent/Textures/T_Shelf_N.uasset" 620
"../../../NightmareGame/Content/StarterContent/Props/Materials/M_Shelf.uasset" 621
"../../../NightmareGame/Content/StarterContent/Props/SM_Shelf.uasset" 622
"../../../NightmareGame/Content/StarterContent/Props/SM_Stairs.uasset" 623
"../../../NightmareGame/Content/StarterContent/Shapes/Shape_NarrowCapsule.uasset" 624
"../../../NightmareGame/Content/StarterContent/Shapes/Shape_Pipe.uasset" 625
"../../../NightmareGame/Content/StarterContent/Shapes/Shape_Pipe_180.uasset" 626
"../../../NightmareGame/Content/StarterContent/Shapes/Shape_Pipe_90.uasset" 627
"../../../NightmareGame/Content/StarterContent/Shapes/Shape_Plane.uasset" 628
"../../../NightmareGame/Content/ThirdPersonBP/HUD/crosshair_Mat.uasset" 629
"../../../NightmareGame/Content/ThirdPersonBP/Mannequin/Character/Materials/MaterialLayers/ML_GlossyBlack_Latex_UE4.uasset" 630
"../../../NightmareGame/Content/ThirdPersonBP/Mannequin/Character/Materials/MaterialLayers/ML_Plastic_Shiny_Beige.uasset" 631
"../../../NightmareGame/Content/ThirdPersonBP/Mannequin/Character/Materials/MaterialLayers/ML_Plastic_Shiny_Beige_LOGO.uasset" 632
"../../../NightmareGame/Content/ThirdPersonBP/Mannequin/Character/Materials/MaterialLayers/ML_SoftMetal_UE4.uasset" 633
"../../../Engine/Content/EditorResources/EmptyActor.uasset" 634
"../../../Engine/Content/EditorMaterials/PhAT_JointLimitMaterial.uasset" 635
"../../../Engine/Content/EditorMaterials/PreviewShadowIndicator.uasset" 636
"../../../Engine/Content/EditorMaterials/PreviewShadowIndicatorMaterial.uasset" 637
"../../../Engine/Content/EditorResources/BSPVertex.uasset" 638
"../../../Engine/Content/EditorResources/AudioIcons/S_AudioComponent.uasset" 639
"../../../Engine/Content/EditorResources/AudioIcons/S_AudioComponent_AutoActivate.uasset" 640
"../../../Engine/Content/EngineDebugMaterials/HeatmapGradient.uasset" 641
"../../../Engine/Content/EngineDebugMaterials/BoneWeightMaterial.uasset" 642
"../../../Engine/Content/EngineDebugMaterials/GeomMaterial.uasset" 643
"../../../Engine/Content/Functions/Engine_MaterialFunctions01/Shading/ConvertFromDiffSpec.uasset" 644
"../../../Engine/Content/EngineDebugMaterials/LevelColorationLitMaterial.uasset" 645
"../../../Engine/Content/EngineDebugMaterials/LevelColorationUnlitMaterial.uasset" 646
"../../../Engine/Content/EngineMaterials/DefaultWhiteGrid.uasset" 647
"../../../Engine/Content/EngineDebugMaterials/MAT_LevelColorationLitLightmapUV.uasset" 648
"../../../Engine/Content/EngineDebugMaterials/ShadedLevelColorationLitMaterial.uasset" 649
"../../../Engine/Content/EngineDebugMaterials/ShadedLevelColorationUnlitMateri.uasset" 650
"../../../Engine/Content/EngineDebugMaterials/VertexColorMaterial.uasset" 651
"../../../Engine/Content/EngineDebugMaterials/VertexColorViewMode_AlphaAsColor.uasset" 652
"../../../Engine/Content/EngineDebugMaterials/VertexColorViewMode_BlueOnly.uasset" 653
"../../../Engine/Content/EngineDebugMaterials/VertexColorViewMode_ColorOnly.uasset" 654
"../../../Engine/Content/EngineDebugMaterials/VertexColorViewMode_GreenOnly.uasset" 655
"../../../Engine/Content/EngineDebugMaterials/VertexColorViewMode_RedOnly.uasset" 656
"../../../Engine/Content/EngineDebugMaterials/WireframeMaterial.uasset" 657
"../../../Engine/Content/EngineMaterials/EditorBrushMaterial.uasset" 658
"../../../Engine/Content/MobileResources/T_MobileControls_texture.uasset" 659
"../../../Engine/Content/MobileResources/HUD/AnalogHat.uasset" 660
"../../../Engine/Content/MobileResources/HUD/VirtualJoystick_Background.uasset" 661
"../../../Engine/Content/MobileResources/HUD/VirtualJoystick_Thumb.uasset" 662
"../../../Engine/Content/MobileResources/HUD/DefaultVirtualJoysticks.uasset" 663
"../../../Engine/Content/MobileResources/HUD/LeftVirtualJoystickOnly.uasset" 664
"../../../Engine/Content/MobileResources/HUD/MobileHUDButton1_off.uasset" 665
"../../../Engine/Content/MobileResources/HUD/MobileHUDButton1_on.uasset" 666
"../../../Engine/Content/MobileResources/HUD/MobileHUDButton2_on.uasset" 667
"../../../Engine/Content/MobileResources/HUD/MobileHUDDirectionPad.uasset" 668
"../../../Engine/Content/MobileResources/HUD/MobileHUDDirectionPad2.uasset" 669
"../../../Engine/Content/MobileResources/HUD/MobileHUDDirectionStick.uasset" 670
"../../../Engine/Content/MobileResources/HUD/T_Castle_ThumbstickInner.uasset" 671
"../../../Engine/Content/MobileResources/HUD/T_Castle_ThumbstickOutter.uasset" 672
"../../../Engine/Content/Tutorial/Basics/TutorialAssets/icon_tab_Levels_40x.uasset" 673
"../../../Engine/Content/Tutorial/Basics/LevelEditorOverview.uasset" 674
"../../../Engine/Content/Tutorial/BlueprintTutorials/TutorialAssets/BlueprintInterface_64x.uasset" 675
"../../../Engine/Content/Tutorial/BlueprintTutorials/TutorialAssets/Tutorial_BP_Interface.uasset" 676
"../../../Engine/Content/Tutorial/BlueprintTutorials/BlueprintInterfacesEditorOverview.uasset" 677
"../../../Engine/Content/Tutorial/BlueprintTutorials/TutorialAssets/BlueprintMacroLibrary_64x.uasset" 678
"../../../Engine/Content/Tutorial/BlueprintTutorials/TutorialAssets/Tutorial_BP_MacroLib.uasset" 679
"../../../Engine/Content/Tutorial/BlueprintTutorials/BlueprintMacroLibrariesEditorOverview.uasset" 680
"../../../Engine/Content/Tutorial/BlueprintTutorials/LevelBlueprintEditorOverview.uasset" 681
"../../../Engine/Content/Tutorial/Foliage/TutorialAssets/Foliage.uasset" 682
"../../../Engine/Content/Tutorial/Foliage/Foliage_Settings_Tutorial.uasset" 683
"../../../Engine/Content/Tutorial/Foliage/Foliage_Using_The_Tool_Tutorial.uasset" 684
"../../../Engine/Content/Tutorial/Foliage/Foliage_Intro_Tutorial.uasset" 685
"../../../Engine/Content/Tutorial/Landscape/TutorialAssets/Landscape.uasset" 686
"../../../Engine/Content/Tutorial/Landscape/Landscape_Painting_Mode.uasset" 687
"../../../Engine/Content/Tutorial/Landscape/Landscape_Sculpt_Mode.uasset" 688
"../../../Engine/Content/Tutorial/Landscape/Landscape_Manage_Mode.uasset" 689
"../../../Engine/Content/Tutorial/Paper2D/TutorialAssets/Paper2DFlipbook_TutorialIcon.uasset" 690
"../../../Engine/Content/Tutorial/Paper2D/FlipbookEditorTutorial.uasset" 691
"../../../Engine/Content/Tutorial/Paper2D/TutorialAssets/Paper2DSprite_TutorialIcon.uasset" 692
"../../../Engine/Content/Tutorial/Paper2D/SpriteEditorTutorial.uasset" 693
"../../../Engine/Content/EditorMeshes/EditorCube.uasset" 694
"../../../Engine/Content/Tutorial/SubEditors/TutorialAssets/Tutorial_DM.uasset" 695
"../../../Engine/Content/Tutorial/SubEditors/DestructibleMeshEditorTutorial.uasset" 696
"../../../Engine/Content/Tutorial/SubEditors/TutorialAssets/TutorialMaterial.uasset" 697
"../../../Engine/Content/Tutorial/SubEditors/MaterialEditorTutorial.uasset" 698
"../../../Engine/Content/Tutorial/SubEditors/TutorialAssets/T_SmokeSubUV_8X8.uasset" 699
"../../../Engine/Content/Tutorial/SubEditors/TutorialAssets/T_soft_smoke.uasset" 700
"../../../Engine/Content/Tutorial/SubEditors/TutorialAssets/M_smoke_subUV_blackbody.uasset" 701
"../../../Engine/Content/Tutorial/SubEditors/TutorialAssets/TutorialParticleSystem.uasset" 702
"../../../Engine/Content/Tutorial/SubEditors/ParticleSystemEditorTutorial.uasset" 703
"../../../Engine/Content/Tutorial/SubEditors/TutorialAssets/icon_ShowSkeletalMeshes_40x.uasset" 704
"../../../Engine/Content/Tutorial/SubEditors/TutorialAssets/Character/TutorialTPP_Mat.uasset" 705
"../../../Engine/Content/Tutorial/SubEditors/TutorialAssets/Character/TutorialTPP_PhysicsAsset.uasset" 706
"../../../Engine/Content/Tutorial/SubEditors/TutorialAssets/Character/TutorialTPP.uasset" 707
"../../../Engine/Content/Tutorial/SubEditors/TutorialAssets/Character/TutorialTPP_Skeleton.uasset" 708
"../../../Engine/Content/Tutorial/SubEditors/TutorialAssets/Character/Tutorial_Idle.uasset" 709
"../../../Engine/Content/Tutorial/SubEditors/TutorialAssets/Character/Tutorial_Walk_Fwd.uasset" 710
"../../../Engine/Content/Tutorial/SubEditors/TutorialAssets/Character/NewBlendSpace1D.uasset" 711
"../../../Engine/Content/Tutorial/SubEditors/TutorialAssets/Character/TutorialCharacter.uasset" 712
"../../../Engine/Content/Tutorial/SubEditors/TutorialAssets/Character/TutorialTPP_AnimBlueprint.uasset" 713
"../../../Engine/Content/Tutorial/SubEditors/PersonaAnimBlueprintEditorWalkthrough.uasset" 714
"../../../Engine/Content/Tutorial/SubEditors/PersonaAnimEditorWalkthrough.uasset" 715
"../../../Engine/Content/Tutorial/SubEditors/PersonaAnimEditorTutorial.uasset" 716
"../../../Engine/Content/EngineMeshes/Cube.uasset" 717
"../../../Engine/Content/Tutorial/SubEditors/StaticMeshEditorTutorial.uasset" 718
"../../../Engine/Content/Tutorial/SubEditors/TutorialAssets/icon_Editor_Preferences_General_40x.uasset" 719
"../../../NightmareGame/Content/Mailbox.uasset" 720
"../../../NightmareGame/Content/StarterContent/Props/Materials/MailboxFlag.uasset" 721
"../../../NightmareGame/Content/MailboxFlag.uasset" 722
"../../../NightmareGame/Content/Mushroom_Blueprint.uasset" 723
"../../../NightmareGame/Content/StarterContent/Props/Materials/M_Glass2.uasset" 724
"../../../NightmareGame/Content/M_Glass2.uasset" 725
"../../../NightmareGame/Content/Sphere_Blueprint.uasset" 726
"../../../NightmareGame/Content/StreetLight.uasset" 727
"../../../NightmareGame/Content/Geometry/Meshes/1M_Cube.uasset" 728
"../../../NightmareGame/Content/Geometry/Meshes/1M_Cube_Chamfer.uasset" 729
"../../../Engine/Content/EngineMaterials/FlatNormal.uasset" 730
"../../../NightmareGame/Content/InfinityBladeEffects/Effects/Masters/M_Trans_Sprite_Master_Surface.uasset" 731
"../../../NightmareGame/Content/InfinityBladeEffects/Effects/FX_Textures/Damage/T_cracks_01_N.uasset" 732
"../../../NightmareGame/Content/InfinityBladeEffects/Effects/FX_Textures/Damage/T_cracks_03.uasset" 733
"../../../NightmareGame/Content/InfinityBladeEffects/Effects/FX_Materials/Damage/M_CrackedGround_01_INST.uasset" 734
"../../../NightmareGame/Content/InfinityBladeEffects/Effects/Masters/M_Trans_Sprite_Lit_SubUV_Master.uasset" 735
"../../../NightmareGame/Content/InfinityBladeEffects/Effects/FX_Textures/Damage/T_Rocks_3_3.uasset" 736
"../../../NightmareGame/Content/InfinityBladeEffects/Effects/FX_Materials/Damage/M_RockDebris_Trans_INST.uasset" 737
"../../../NightmareGame/Content/InfinityBladeEffects/Effects/FX_Textures/Smoke/T_SmokeBall_01_8_8.uasset" 738
"../../../NightmareGame/Content/InfinityBladeEffects/Effects/FX_Materials/Smoke/M_Smoke_01_8X8_INST.uasset" 739
"../../../NightmareGame/Content/InfinityBladeEffects/Effects/FX_Textures/Gradient/T_BlastWave.uasset" 740
"../../../NightmareGame/Content/InfinityBladeEffects/Effects/FX_Materials/M_Shockwave_01_ADD_INST.uasset" 741
"../../../NightmareGame/Content/InfinityBladeEffects/Effects/FX_Skill_Aura/P_Aura_Default_Upheaval_Charge_01.uasset" 742
"../../../NightmareGame/Content/Mannequin/Animations/ThirdPersonJump_End.uasset" 743
"../../../NightmareGame/Content/Maps/MainMenu.uasset" 744
"../../../NightmareGame/Content/StarterContent/Architecture/Pillar_50x500.uasset" 745
"../../../NightmareGame/Content/StarterContent/Architecture/Wall_400x300.uasset" 746
"../../../NightmareGame/Content/StarterContent/Architecture/Wall_500x500.uasset" 747
"../../../NightmareGame/Content/StarterContent/Audio/Light01.uasset" 748
"../../../NightmareGame/Content/StarterContent/Audio/Light01_Cue.uasset" 749
"../../../NightmareGame/Content/StarterContent/Audio/Light02.uasset" 750
"../../../NightmareGame/Content/StarterContent/Audio/Light02_Cue.uasset" 751
"../../../NightmareGame/Content/StarterContent/Materials/M_ColorGrid_LowSpec.uasset" 752
"../../../NightmareGame/Content/StarterContent/Props/Bottle.uasset" 753
"../../../NightmareGame/Content/StarterContent/Props/Cage.uasset" 754
"../../../NightmareGame/Content/StarterContent/Props/CageTop.uasset" 755
"../../../NightmareGame/Content/StarterContent/Props/Circus_Platform.uasset" 756
"../../../NightmareGame/Content/StarterContent/Props/lambert2.uasset" 757
"../../../NightmareGame/Content/StarterContent/Textures/T_Bush_D.uasset" 758
"../../../NightmareGame/Content/StarterContent/Textures/T_Bush_N.uasset" 759
"../../../NightmareGame/Content/StarterContent/Props/Materials/M_Bush.uasset" 760
"../../../NightmareGame/Content/StarterContent/Props/SM_Bush.uasset" 761
"../../../NightmareGame/Content/StarterContent/Textures/T_Door_M.uasset" 762
"../../../NightmareGame/Content/StarterContent/Textures/T_Door_N.uasset" 763
"../../../NightmareGame/Content/StarterContent/Props/Materials/M_Door.uasset" 764
"../../../NightmareGame/Content/StarterContent/Props/SM_Door.uasset" 765
"../../../NightmareGame/Content/StarterContent/Props/Materials/M_MaterialSphere.uasset" 766
"../../../NightmareGame/Content/StarterContent/Props/Materials/M_MaterialSphere_Plain.uasset" 767
"../../../NightmareGame/Content/StarterContent/Props/SM_MatPreviewMesh_02.uasset" 768
"../../../NightmareGame/Content/StarterContent/Props/Materials/blambert2.uasset" 769
"../../../NightmareGame/Content/StarterContent/Props/Materials/lambert1.uasset" 770
"../../../NightmareGame/Content/StarterContent/Shapes/Shape_Cone.uasset" 771
"../../../NightmareGame/Content/ThirdPerson/Meshes/RampMaterial.uasset" 772
"../../../NightmareGame/Content/ThirdPerson/Meshes/Bump_StaticMesh.uasset" 773
"../../../NightmareGame/Content/ThirdPerson/Meshes/LeftArm_StaticMesh.uasset" 774
"../../../NightmareGame/Content/ThirdPerson/Meshes/Linear_Stair_StaticMesh.uasset" 775
"../../../NightmareGame/Content/ThirdPerson/Meshes/Ramp_StaticMesh.uasset" 776
"../../../NightmareGame/Content/ThirdPerson/Meshes/RightArm_StaticMesh.uasset" 777
"../../../NightmareGame/Content/ThirdPersonBP/AnimatedStuff/Circus_Platform_01_Blueprint.uasset" 778
"../../../NightmareGame/Content/ThirdPersonBP/AnimatedStuff/Clown/Clown_Anim.uasset" 779
"../../../NightmareGame/Content/ThirdPersonBP/AnimatedStuff/Spider/animations/Spider.uasset" 780
"../../../NightmareGame/Content/ThirdPersonBP/AnimatedStuff/Spider/animations/Spider_Run.uasset" 781
"../../../NightmareGame/Content/ThirdPersonBP/Blueprints/Cylinder_BP.uasset" 782
"../../../NightmareGame/Content/ThirdPersonBP/Blueprints/ThirdPersonGameMode.uasset" 783
"../../../NightmareGame/Content/ThirdPersonBP/Blueprints/Dusk/DuskTexture.uasset" 784
"../../../NightmareGame/Content/ThirdPersonBP/Blueprints/Dusk/DuskTexture_Mat.uasset" 785
"../../../NightmareGame/Content/ThirdPersonBP/Blueprints/Dusk/layeredTexture2Material.uasset" 786
"../../../NightmareGame/Content/ThirdPersonBP/Blueprints/Dusk/Duskv1_pPlane3_Skeleton.uasset" 787
"../../../NightmareGame/Content/ThirdPersonBP/Blueprints/Dusk/Duskv1_pPlane3.uasset" 788
"../../../NightmareGame/Content/ThirdPersonBP/Blueprints/Dusk/Duskv1_pPlane3_Anim.uasset" 789
"../../../NightmareGame/Content/ThirdPersonBP/Blueprints/Dusk/lambert9.uasset" 790
"../../../NightmareGame/Content/ThirdPersonBP/Blueprints/Dusk/Duskv1_pPlane4_Skeleton.uasset" 791
"../../../NightmareGame/Content/ThirdPersonBP/Blueprints/Dusk/Duskv1_pPlane4.uasset" 792
"../../../NightmareGame/Content/ThirdPersonBP/Blueprints/Dusk/Duskv1_pPlane4_Anim.uasset" 793
"../../../NightmareGame/Content/ThirdPersonBP/Blueprints/Dusk/Duskv1_pSphere1_Skeleton.uasset" 794
"../../../NightmareGame/Content/ThirdPersonBP/Blueprints/Dusk/Duskv1_pSphere1_Anim.uasset" 795
"../../../NightmareGame/Content/ThirdPersonBP/Blueprints/DynamicText/BackToHome.uasset" 796
"../../../NightmareGame/Content/ThirdPersonBP/Blueprints/DynamicText/FloatingTextTemplate.uasset" 797
"../../../NightmareGame/Content/ThirdPersonBP/Blueprints/DynamicText/TutorialIslandText.uasset" 798
"../../../NightmareGame/Content/ThirdPersonBP/Blueprints/ParticleSystems/P_PortalHUB.uasset" 799
"../../../NightmareGame/Content/ThirdPersonBP/Blueprints/LevelTransfer/BackToHub.uasset" 800
"../../../NightmareGame/Content/ThirdPersonBP/Blueprints/LevelTransfer/blinn1.uasset" 801
"../../../NightmareGame/Content/ThirdPersonBP/Blueprints/LevelTransfer/blinn2.uasset" 802
"../../../NightmareGame/Content/ThirdPersonBP/Blueprints/LevelTransfer/blinn3.uasset" 803
"../../../NightmareGame/Content/ThirdPersonBP/Blueprints/LevelTransfer/lambert1.uasset" 804
"../../../NightmareGame/Content/ThirdPersonBP/Blueprints/LevelTransfer/Circus_Tent.uasset" 805
"../../../NightmareGame/Content/ThirdPersonBP/Blueprints/LevelTransfer/LEVELTRANSFERBASE.uasset" 806
"../../../NightmareGame/Content/ThirdPersonBP/Blueprints/LevelTransfer/TutorialIsland.uasset" 807
"../../../NightmareGame/Content/ThirdPersonBP/Blueprints/Starlight/Starlightv1_Anim.uasset" 808
"../../../NightmareGame/Content/ThirdPersonBP/Dialogue/TooltipConsole.uasset" 809
"../../../NightmareGame/Content/ThirdPersonBP/Dialogue/TooltipKeyboard.uasset" 810
"../../../NightmareGame/Content/ThirdPersonBP/DuskModel/Duskv1_pPlane3_Anim.uasset" 811
"../../../NightmareGame/Content/ThirdPersonBP/DuskModel/Duskv1_pPlane4_Anim.uasset" 812
"../../../NightmareGame/Content/ThirdPersonBP/DuskModel/Duskv1_pSphere1_Anim.uasset" 813
"../../../NightmareGame/Content/ThirdPersonBP/HUD/HealthDeco.uasset" 814
"../../../NightmareGame/Content/ThirdPersonBP/HUD/Radial/MFUN_XYSplit.uasset" 815
"../../../NightmareGame/Content/ThirdPersonBP/HUD/Radial/MFUN_CMPCoords.uasset" 816
"../../../NightmareGame/Content/ThirdPersonBP/HUD/Radial/MFUN_DynRadius.uasset" 817
"../../../NightmareGame/Content/ThirdPersonBP/HUD/Radial/MFUN_Pulse.uasset" 818
"../../../NightmareGame/Content/ThirdPersonBP/HUD/Radial/SK_Noise01.uasset" 819
"../../../NightmareGame/Content/ThirdPersonBP/HUD/Radial/MAT_RadialDyn_Master.uasset" 820
"../../../NightmareGame/Content/ThirdPersonBP/HUD/Radial/MIC_Health_StyleA.uasset" 821
"../../../NightmareGame/Content/ThirdPersonBP/Mannequin/Animations/ThirdPersonIdle.uasset" 822
"../../../NightmareGame/Content/ThirdPersonBP/Mannequin/Animations/ThirdPersonJump_Loop.uasset" 823
"../../../NightmareGame/Content/ThirdPersonBP/Mannequin/Animations/ThirdPersonJump_Start.uasset" 824
"../../../Engine/Content/EngineAnimNotifies/AnimNotify_PlaySound.uasset" 825
"../../../NightmareGame/Content/ThirdPersonBP/Mannequin/Animations/ThirdPersonRun.uasset" 826
"../../../NightmareGame/Content/ThirdPersonBP/Mannequin/Animations/ThirdPersonWalk.uasset" 827
"../../../NightmareGame/Content/ThirdPersonBP/Mannequin/Animations/ThirdPerson_AnimBP.uasset" 828
"../../../NightmareGame/Content/ThirdPersonBP/Mannequin/Animations/ThirdPerson_IdleRun_2D.uasset" 829
"../../../NightmareGame/Content/ThirdPersonBP/Mannequin/Animations/ThirdPerson_Jump.uasset" 830
"../../../NightmareGame/Content/ThirdPersonBP/Mannequin/Character/Materials/M_UE4Man_Body.uasset" 831
"../../../NightmareGame/Content/ThirdPersonBP/Mannequin/Character/Materials/M_UE4Man_ChestLogo.uasset" 832
"../../../NightmareGame/Content/ThirdPersonBP/Mannequin/Character/Materials/MaterialLayers/T_ML_Rubber_Blue_01_D.uasset" 833
"../../../NightmareGame/Content/ThirdPersonBP/Mannequin/Character/Materials/MaterialLayers/T_ML_Rubber_Blue_01_N.uasset" 834
"../../../NightmareGame/Content/ThirdPersonBP/Mannequin/Character/Mesh/SK_Mannequin.uasset" 835
"../../../NightmareGame/Content/ThirdPersonBP/Mannequin/Character/Mesh/UE4_Mannequin_Skeleton.uasset" 836
"../../../NightmareGame/Content/ThirdPersonBP/Mannequin/Character/Textures/UE4_Mannequin_MAT_MASKA.uasset" 837
"../../../NightmareGame/Content/ThirdPersonBP/Mannequin/Character/Textures/UE4_Mannequin__normals.uasset" 838
"../../../NightmareGame/Content/ThirdPersonBP/OldAssets/Blueprints/Footsteps.uasset" 839
"../../../NightmareGame/Content/ThirdPersonBP/OldAssets/Blueprints/ItemDataStructure.uasset" 840
"../../../NightmareGame/Content/ThirdPersonBP/OldAssets/Blueprints/TPCBlueprint.uasset" 841
"../../../NightmareGame/Content/ThirdPersonBP/OldAssets/User_Interface/Game_Menu/In_Game_Menu.uasset" 842
"../../../NightmareGame/Content/ThirdPersonBP/StarterContent/Audio/151238__owlstorm__hard-female-footstep-2.uasset" 843
