[2015.11.16-12.39.17:533][  0]Log file open, 11/16/15 07:39:17
[2015.11.16-12.39.17:533][  0]LogInit:Display: Running engine for game: NightmareGame
[2015.11.16-12.39.17:533][  0]LogInit:Display: RandInit(-298736235) SRandInit(-298736234).
[2015.11.16-12.39.17:533][  0]LogTaskGraph: Started task graph with 4 named threads and 7 total threads.
[2015.11.16-12.39.17:533][  0]LogStats: Stats thread started at 0.153095
[2015.11.16-12.39.17:533][  0]LogInit: Version: 4.9.2-2707645+++depot+UE4-Releases+4.9
[2015.11.16-12.39.17:533][  0]LogInit: API Version: 2672455
[2015.11.16-12.39.17:533][  0]LogInit: Compiled (64-bit): Sep 28 2015 10:25:44
[2015.11.16-12.39.17:533][  0]LogInit: Compiled with Visual C++: 18.00.21005.01
[2015.11.16-12.39.17:533][  0]LogInit: Build Configuration: Development
[2015.11.16-12.39.17:533][  0]LogInit: Branch Name: ++depot+UE4-Releases+4.9
[2015.11.16-12.39.17:533][  0]LogInit: Command line:  
[2015.11.16-12.39.17:533][  0]LogInit: Base directory: C:/Program Files/Epic Games/4.9/Engine/Binaries/Win64/
[2015.11.16-12.39.17:533][  0]LogInit: Rocket: 1
[2015.11.16-12.39.17:606][  0]LogInit: Using libcurl 7.41.0
[2015.11.16-12.39.17:606][  0]LogInit:  - built for x86_64-pc-win32
[2015.11.16-12.39.17:606][  0]LogInit:  - supports SSL with WinSSL
[2015.11.16-12.39.17:606][  0]LogInit:  - other features:
[2015.11.16-12.39.17:606][  0]LogInit:      CURL_VERSION_SSL
[2015.11.16-12.39.17:606][  0]LogInit:      CURL_VERSION_IPV6
[2015.11.16-12.39.17:606][  0]LogInit:      CURL_VERSION_ASYNCHDNS
[2015.11.16-12.39.17:606][  0]LogInit:      CURL_VERSION_LARGEFILE
[2015.11.16-12.39.17:606][  0]LogInit:      CURL_VERSION_IDN
[2015.11.16-12.39.17:606][  0]LogInit:  CurlRequestOptions (configurable via config and command line):
[2015.11.16-12.39.17:606][  0]LogInit:  - bVerifyPeer = true  - Libcurl will verify peer certificate
[2015.11.16-12.39.17:606][  0]LogInit:  - bUseHttpProxy = false  - Libcurl will NOT use HTTP proxy
[2015.11.16-12.39.17:606][  0]LogInit:  - bDontReuseConnections = false  - Libcurl will reuse connections
[2015.11.16-12.39.17:606][  0]LogInit:  - CertBundlePath = nullptr  - Libcurl will use whatever was configured at build time.
[2015.11.16-12.39.17:627][  0]LogInit: Presizing for 0 objects not considered by GC, pre-allocating 0 bytes.
[2015.11.16-12.39.17:643][  0]LogInit: Object subsystem initialized
[2015.11.16-12.39.17:647][  0]LogInit: Selected Device Profile: [Windows]
[2015.11.16-12.39.17:647][  0]LogInit: Applying CVar settings loaded from the selected device profile: [Windows]
[2015.11.16-12.39.17:742][  0]LogInit: Computer: NICKSCOMPUTER
[2015.11.16-12.39.17:742][  0]LogInit: User: ntanc000
[2015.11.16-12.39.17:742][  0]LogInit: CPU Page size=4096, Cores=4
[2015.11.16-12.39.17:742][  0]LogInit: High frequency timer resolution =2.537596 MHz
[2015.11.16-12.39.17:743][  0]LogMemory: Memory total: Physical=15.9GB (16GB approx)
[2015.11.16-12.39.17:743][  0]LogMemory: Platform Memory Stats for Windows
[2015.11.16-12.39.17:743][  0]LogMemory: Process Physical Memory: 52.93 MB used, 52.93 MB peak
[2015.11.16-12.39.17:743][  0]LogMemory: Process Virtual Memory: 55.05 MB used, 55.05 MB peak
[2015.11.16-12.39.17:743][  0]LogMemory: Physical Memory: 4769.05 MB used, 16269.45 MB total
[2015.11.16-12.39.17:743][  0]LogMemory: Virtual Memory: 360.18 MB used, 134217728.00 MB total
[2015.11.16-12.39.17:842][  0]LogTextLocalizationManager: No specific translations for ('en-US') exist, so ('en') translations will be used.
[2015.11.16-12.39.19:460][  0]LogD3D11RHI: Found D3D11 adapter 0: NVIDIA GeForce GTX 980M (Feature Level 11_0)
[2015.11.16-12.39.19:460][  0]LogD3D11RHI: Adapter has 3981MB of dedicated video memory, 0MB of dedicated system memory, and 8134MB of shared system memory, 1 output[s]
[2015.11.16-12.39.19:488][  0]LogD3D11RHI: Found D3D11 adapter 1: Intel(R) HD Graphics 4600 (Feature Level 11_0)
[2015.11.16-12.39.19:488][  0]LogD3D11RHI: Adapter has 32MB of dedicated video memory, 0MB of dedicated system memory, and 1760MB of shared system memory, 0 output[s]
[2015.11.16-12.39.19:498][  0]LogD3D11RHI: Found D3D11 adapter 2: Microsoft Basic Render Driver (Feature Level 11_0)
[2015.11.16-12.39.19:498][  0]LogD3D11RHI: Adapter has 0MB of dedicated video memory, 0MB of dedicated system memory, and 256MB of shared system memory, 0 output[s]
[2015.11.16-12.39.19:498][  0]LogD3D11RHI: Chosen D3D11 Adapter Id = 0
[2015.11.16-12.39.19:511][  0]LogD3D11RHI: !Direct3DDevice
[2015.11.16-12.39.19:511][  0]LogRHI: Texture pool is 1361 MB (70% of 1945 MB)
[2015.11.16-12.39.19:555][  0]LogD3D11RHI: Async texture creation enabled
[2015.11.16-12.39.19:576][  0]LogShaderCompilers: Guid format shader working directory is 15 characters bigger than the processId version (D:/NightmareGame/TheGame/Intermediate/Shaders/WorkingDirectory/5068/).
[2015.11.16-12.39.19:577][  0]LogShaderCompilers: Cleaned the shader compiler working directory 'D:/NightmareGame/TheGame/Intermediate/Shaders/tmp/4D01AFBF48A5F95293A213BCE65F44C3/'.
[2015.11.16-12.39.19:577][  0]LogShaderCompilers:Display: Using Local Shader Compiler.
[2015.11.16-12.39.21:618][  0]LogTemp:Display: Loaded TP AllDesktopTargetPlatform
[2015.11.16-12.39.21:629][  0]LogTemp:Display: Loaded TP WindowsClientTargetPlatform
[2015.11.16-12.39.21:640][  0]LogTemp:Display: Loaded TP WindowsNoEditorTargetPlatform
[2015.11.16-12.39.21:652][  0]LogTemp:Display: Loaded TP WindowsServerTargetPlatform
[2015.11.16-12.39.21:678][  0]LogTemp:Display: Loaded TP WindowsTargetPlatform
[2015.11.16-12.39.21:691][  0]LogTemp:Display: Loaded TP AndroidTargetPlatform
[2015.11.16-12.39.21:702][  0]LogTemp:Display: Loaded TP Android_ASTCTargetPlatform
[2015.11.16-12.39.21:715][  0]LogTemp:Display: Loaded TP Android_ATCTargetPlatform
[2015.11.16-12.39.21:727][  0]LogTemp:Display: Loaded TP Android_DXTTargetPlatform
[2015.11.16-12.39.21:740][  0]LogTemp:Display: Loaded TP Android_ETC1TargetPlatform
[2015.11.16-12.39.21:752][  0]LogTemp:Display: Loaded TP Android_ETC2TargetPlatform
[2015.11.16-12.39.21:764][  0]LogTemp:Display: Loaded TP Android_PVRTCTargetPlatform
[2015.11.16-12.39.21:770][  0]LogTemp:Display: Loaded TP HTML5TargetPlatform
[2015.11.16-12.39.21:803][  0]LogTemp:Display: Loaded TP IOSTargetPlatform
[2015.11.16-12.39.21:814][  0]LogTemp:Display: Loaded TP LinuxNoEditorTargetPlatform
[2015.11.16-12.39.21:825][  0]LogTemp:Display: Loaded TP LinuxServerTargetPlatform
[2015.11.16-12.39.21:837][  0]LogTemp:Display: Loaded TP LinuxTargetPlatform
[2015.11.16-12.39.21:837][  0]LogTargetPlatformManager:Display: Building Assets For Windows
[2015.11.16-12.39.22:008][  0]LogDerivedDataCache:Display: Max Cache Size: 512 MB
[2015.11.16-12.39.22:058][  0]LogDerivedDataCache: Loaded boot cache 0.05s 41MB C:/Users/ntanc_000/AppData/Local/UnrealEngine/4.9/DerivedDataCache/Boot.ddc.
[2015.11.16-12.39.22:058][  0]LogDerivedDataCache:Display: Loaded Boot cache: C:/Users/ntanc_000/AppData/Local/UnrealEngine/4.9/DerivedDataCache/Boot.ddc
[2015.11.16-12.39.22:058][  0]LogDerivedDataCache: FDerivedDataBackendGraph:  Pak pak cache file D:/NightmareGame/TheGame/DerivedDataCache/DDC.ddp not found, will not use a pak cache.
[2015.11.16-12.39.22:058][  0]LogDerivedDataCache: Unable to find inner node Pak for hierarchical cache Hierarchy.
[2015.11.16-12.39.22:058][  0]LogDerivedDataCache: FDerivedDataBackendGraph:  CompressedPak pak cache file D:/NightmareGame/TheGame/DerivedDataCache/Compressed.ddp not found, will not use a pak cache.
[2015.11.16-12.39.22:058][  0]LogDerivedDataCache: Unable to find inner node CompressedPak for hierarchical cache Hierarchy.
[2015.11.16-12.39.22:231][  0]LogDerivedDataCache:Display: Pak cache opened for reading ../../../Engine/DerivedDataCache/Compressed.ddp.
[2015.11.16-12.39.22:244][  0]LogDerivedDataCache: Using Local data cache path C:/Users/ntanc_000/AppData/Local/UnrealEngine/Common/DerivedDataCache: Writable
[2015.11.16-12.39.22:482][  0]LogInit: Selected Device Profile: [Windows]
[2015.11.16-12.39.22:485][  0]LogContentStreaming: Texture pool size is 0.000000MB
[2015.11.16-12.39.22:728][  0]LogMeshUtilities: No automatic mesh reduction module available
[2015.11.16-12.39.22:731][  0]LogMeshUtilities: No automatic mesh merging module available
[2015.11.16-12.39.23:094][  0]LogInit: WinSock: version 1.1 (2.2), MaxSocks=32767, MaxUdp=65467
[2015.11.16-12.39.24:236][  0]UdpMessaging: Initializing bridge on interface 0.0.0.0:0 to multicast group 230.0.0.1:6666.
[2015.11.16-12.39.24:396][  0]LogAssetRegistry: FAssetRegistry took 0.0110 seconds to start up
[2015.11.16-12.39.27:644][  0]SourceControl: Info Source control is disabled
[2015.11.16-12.39.28:266][  0]LogLinker:Warning: Asset '../../../Engine/Plugins/Runtime/LeapMotionController/Content/LM_PassthroughMaterial.uasset' has been saved with empty engine version. The asset will be loaded but may be incompatible.
[2015.11.16-12.39.28:456][  0]LogObj: 28361 objects as part of root set at end of initial load.
[2015.11.16-12.39.28:456][  0]LogUObjectAllocator: 6038864 out of 0 bytes used by permanent object pool.
[2015.11.16-12.39.28:527][  0]LogEngine: Initializing Engine...
[2015.11.16-12.39.28:529][  0]LogHMD: Can't find Oculus library dev build: is proper Runtime installed? Version: 0.7.0.0
[2015.11.16-12.39.28:531][  0]LogHMD: SteamVR failed to initialize.  Err: 110
[2015.11.16-12.39.28:704][  0]LogAIModule: Creating AISystem for world NewWorld
[2015.11.16-12.39.28:712][  0]LogInit: XAudio2 using 'Speakers (Sound Blaster Recon3Di)' : 2 channels at 48 kHz using 32 bits per sample (channel mask 0x3)
[2015.11.16-12.39.28:727][  0]LogInit: FAudioDevice initialized.
[2015.11.16-12.39.28:761][  0]LogDerivedDataCache: Saved boot cache 0.03s 41MB C:/Users/ntanc_000/AppData/Local/UnrealEngine/4.9/DerivedDataCache/Boot.ddc.
[2015.11.16-12.39.28:764][  0]LogInit: Texture streaming: Enabled
[2015.11.16-12.39.28:773][  0]LogAnalytics: Creating configured Analytics provider AnalyticsET
[2015.11.16-12.39.28:773][  0]LogAnalytics: [UEEditor.Rocket.Release] APIServer = http://et2.epicgames.com/ET2/. AppVersion = 4.9.2-2707645+++depot+UE4-Releases+4.9
[2015.11.16-12.39.28:774][  0]LogAnalytics: [UEEditor.Rocket.Release] SetUserId 2c211ad74a9e5469c13dfaa1059b2d42|1bd0216fcaf5458183f89cc914276325|d020360b-9246-478a-84ac-08a9775e7849
[2015.11.16-12.39.28:774][  0]LogAnalytics: [UEEditor.Rocket.Release] AnalyticsET::StartSession
[2015.11.16-12.39.28:792][  0]LogWindowsTextInputMethodSystem:Display: IME system now deactivated.
[2015.11.16-12.39.28:792][  0]LogWindowsTextInputMethodSystem:Display: IME system now deactivated.
[2015.11.16-12.39.28:824][  0]LogInit: Transaction tracking system initialized
[2015.11.16-12.39.28:873][  0]BlueprintLog: New page: Editor Load
[2015.11.16-12.39.29:057][  0]LocalizationService: Info Localization service is disabled
[2015.11.16-12.39.29:189][  0]LogConsoleResponse:Display: 
[2015.11.16-12.39.29:383][  0]LogCook:Display: Done creating registry. It took  0.00s.
[2015.11.16-12.39.29:487][  0]LogFileCache: Scanning file cache for directory 'D:/NightmareGame/TheGame/Content/' took 0.05s
[2015.11.16-12.39.29:497][  0]Cmd: MAP LOAD FILE="D:/NightmareGame/TheGame/Content/ThirdPersonBP/Maps/Hub.umap" TEMPLATE=0 SHOWPROGRESS=1 FEATURELEVEL=3
[2015.11.16-12.39.31:692][  0]LightingResults: New page: Lighting Build
[2015.11.16-12.39.31:708][  0]MapCheck: New page: Map Check
[2015.11.16-12.39.31:709][  0]LightingResults: New page: Lighting Build
[2015.11.16-12.39.31:747][  0]LogParticles: Destroying 0 GPU particle simulations for FXSystem 0x000000012398F6A0
[2015.11.16-12.39.32:109][  0]LogLinker:Warning: Asset 'D:/NightmareGame/TheGame/Content/Mannequin/Animations/ThirdPerson_AnimBP.uasset' has been saved with empty engine version. The asset will be loaded but may be incompatible.
[2015.11.16-12.39.32:119][  0]LogLinker:Warning: Asset 'D:/NightmareGame/TheGame/Content/Mannequin/Animations/ThirdPerson_Jump.uasset' has been saved with empty engine version. The asset will be loaded but may be incompatible.
[2015.11.16-12.39.32:134][  0]LogLinker:Warning: Asset 'D:/NightmareGame/TheGame/Content/Mannequin/Animations/ThirdPersonJump_Loop.uasset' has been saved with empty engine version. The asset will be loaded but may be incompatible.
[2015.11.16-12.39.32:147][  0]LogLinker:Warning: Asset 'D:/NightmareGame/TheGame/Content/Mannequin/Animations/ThirdPersonJump_Start.uasset' has been saved with empty engine version. The asset will be loaded but may be incompatible.
[2015.11.16-12.39.32:157][  0]LogLinker:Warning: Asset 'D:/NightmareGame/TheGame/Content/Mannequin/Animations/ThirdPerson_IdleRun_2D.uasset' has been saved with empty engine version. The asset will be loaded but may be incompatible.
[2015.11.16-12.39.32:165][  0]LogLinker:Warning: Asset 'D:/NightmareGame/TheGame/Content/Mannequin/Animations/ThirdPersonIdle.uasset' has been saved with empty engine version. The asset will be loaded but may be incompatible.
[2015.11.16-12.39.32:174][  0]LogLinker:Warning: Asset 'D:/NightmareGame/TheGame/Content/Mannequin/Animations/ThirdPersonRun.uasset' has been saved with empty engine version. The asset will be loaded but may be incompatible.
[2015.11.16-12.39.32:183][  0]LogLinker:Warning: Asset 'D:/NightmareGame/TheGame/Content/Mannequin/Animations/ThirdPersonWalk.uasset' has been saved with empty engine version. The asset will be loaded but may be incompatible.
[2015.11.16-12.39.44:533][  0]LogAIModule: Creating AISystem for world Hub
[2015.11.16-12.39.44:547][  0]LogEditorServer: Finished looking for orphan Actors (0.000 secs)
[2015.11.16-12.39.44:548][  0]Cmd: MAP CHECKDEP NOCLEARLOG
[2015.11.16-12.40.01:296][  0]MapCheck: Info Map check complete: 0 Error(s), 0 Warning(s), took 16,747.966ms to complete.
[2015.11.16-12.40.01:296][  0]LogFileHelpers: Loading map 'Hub' took 31.800
[2015.11.16-12.40.03:665][  0]LogCollectionManager: Loaded 0 collections in 0.005039 seconds
[2015.11.16-12.40.08:112][  0]LogFileCache: Scanning file cache for directory 'D:/NightmareGame/TheGame/Saved/Collections/' took 0.01s
[2015.11.16-12.40.08:112][  0]LogFileCache: Scanning file cache for directory 'D:/NightmareGame/TheGame/Content/Developers/ntanc000/Collections/' took 0.01s
[2015.11.16-12.40.08:112][  0]LogFileCache: Scanning file cache for directory 'D:/NightmareGame/TheGame/Content/Collections/' took 0.01s
[2015.11.16-12.40.08:112][  0]LogContentBrowser: Native class hierarchy populated in 0.0258 seconds. Added 1867 classes and 333 folders.
[2015.11.16-12.40.08:128][  0]LogCollectionManager: Rebuilt the GUID cache for 0 collections in 0.000005 seconds
[2015.11.16-12.40.08:144][  0]LogContentBrowser: Native class hierarchy updated for 'WidgetCarousel' in 0.0017 seconds. Added 0 classes and 0 folders.
[2015.11.16-12.40.08:248][  0]LogContentBrowser: Native class hierarchy updated for 'AddContentDialog' in 0.0009 seconds. Added 0 classes and 0 folders.
[2015.11.16-12.40.08:253][  0]LogContentBrowser: Native class hierarchy updated for 'SceneOutliner' in 0.0008 seconds. Added 1 classes and 2 folders.
[2015.11.16-12.40.08:333][  0]LogCrashTracker: Crashtracker disabled due to settings.
[2015.11.16-12.40.08:337][  0]LogUObjectGlobals:Warning: Failed to find object 'Class None.'
[2015.11.16-12.40.08:360][  0]LogLoad: Full Startup: 66.62 seconds (BP compile: 0.52 seconds)
[2015.11.16-12.40.11:377][  0]LogContentStreaming: Texture pool size now 1000 MB
[2015.11.16-12.40.11:537][  0]LogRenderer: Reallocating scene render targets to support 1052x484 (Frame:2).
[2015.11.16-12.40.14:399][ 11]LogAssetRegistry: Asset discovery search completed in 50.0142 seconds
[2015.11.16-12.40.14:399][ 11]LogCollectionManager: Rebuilt the object cache for 0 collections in 0.000000 seconds (found 0 objects)
[2015.11.16-12.40.14:399][ 11]LogCollectionManager: Fixed up redirectors for 0 collections in 0.000026 seconds (updated 0 objects)
[2015.11.16-12.40.19:579][592]LogBlueprintUserMessages: Early PlayInEditor Detection: Level '/Game/ThirdPersonBP/Maps/Hub.Hub:PersistentLevel' has LevelScriptBlueprint '/Game/ThirdPersonBP/Maps/Hub.Hub:PersistentLevel.Hub' with GeneratedClass '/Game/ThirdPersonBP/Maps/Hub.Hub_C' with ClassGeneratedBy '/Game/ThirdPersonBP/Maps/Hub.Hub:PersistentLevel.Hub'
[2015.11.16-12.40.19:591][592]LogPlayLevel: PlayLevel: No blueprints needed recompiling
[2015.11.16-12.40.19:598][592]PIE: New page: PIE session: Hub (Nov 16, 2015, 2:40:19 AM)
[2015.11.16-12.40.19:598][592]LogPlayLevel: Creating play world package: /Game/ThirdPersonBP/Maps/UEDPIE_0_Hub
[2015.11.16-12.40.19:710][592]LogPlayLevel: PIE: StaticDuplicateObject took: (0.112505s)
[2015.11.16-12.40.19:713][592]LogAIModule: Creating AISystem for world Hub
[2015.11.16-12.40.19:714][592]LogPlayLevel: PIE: World Init took: (0.002991s)
[2015.11.16-12.40.19:714][592]LogPlayLevel: PIE: Created PIE world by copying editor world from /Game/ThirdPersonBP/Maps/Hub.Hub to /Game/ThirdPersonBP/Maps/UEDPIE_0_Hub.Hub (0.116191s)
[2015.11.16-12.40.19:803][592]LogInit: XAudio2 using 'Speakers (Sound Blaster Recon3Di)' : 2 channels at 48 kHz using 32 bits per sample (channel mask 0x3)
[2015.11.16-12.40.19:813][592]LogInit: FAudioDevice initialized.
[2015.11.16-12.40.19:912][592]LogWorld: Game class is 'ThirdPersonGameMode_C'
[2015.11.16-12.40.20:009][592]LogWorld:Warning: *** WARNING - PATHS MAY NOT BE VALID ***
[2015.11.16-12.40.20:009][592]LogWorld: Bringing World /Game/ThirdPersonBP/Maps/UEDPIE_0_Hub.Hub up for play (max tick rate 0) at 2015.11.16-07.40.20
[2015.11.16-12.40.20:009][592]LogActor:Warning: GameSession /Game/ThirdPersonBP/Maps/UEDPIE_0_Hub.Hub:PersistentLevel.GameSession_0 has natively added scene component(s), but none of them were set as the actor's RootComponent - picking one arbitrarily
[2015.11.16-12.40.20:010][592]LogActor:Warning: GameNetworkManager /Game/ThirdPersonBP/Maps/UEDPIE_0_Hub.Hub:PersistentLevel.GameNetworkManager_0 has natively added scene component(s), but none of them were set as the actor's RootComponent - picking one arbitrarily
[2015.11.16-12.40.20:012][592]LogWorld: Bringing up level for play took: 0.096547
[2015.11.16-12.40.20:025][592]PIE: Info Play in editor start time for /Game/ThirdPersonBP/Maps/UEDPIE_0_Hub -0.474
[2015.11.16-12.40.20:025][592]LogBlueprintUserMessages: Late PlayInEditor Detection: Level '/Game/ThirdPersonBP/Maps/Hub.Hub:PersistentLevel' has LevelScriptBlueprint '/Game/ThirdPersonBP/Maps/Hub.Hub:PersistentLevel.Hub' with GeneratedClass '/Game/ThirdPersonBP/Maps/Hub.Hub_C' with ClassGeneratedBy '/Game/ThirdPersonBP/Maps/Hub.Hub:PersistentLevel.Hub'
[2015.11.16-12.40.21:720][769]LogBlueprintUserMessages: Early EndPlayMap Detection: Level '/Game/ThirdPersonBP/Maps/Hub.Hub:PersistentLevel' has LevelScriptBlueprint '/Game/ThirdPersonBP/Maps/Hub.Hub:PersistentLevel.Hub' with GeneratedClass '/Game/ThirdPersonBP/Maps/Hub.Hub_C' with ClassGeneratedBy '/Game/ThirdPersonBP/Maps/Hub.Hub:PersistentLevel.Hub'
[2015.11.16-12.40.21:761][769]LogBlueprintUserMessages: Late EndPlayMap Detection: Level '/Game/ThirdPersonBP/Maps/Hub.Hub:PersistentLevel' has LevelScriptBlueprint '/Game/ThirdPersonBP/Maps/Hub.Hub:PersistentLevel.Hub' with GeneratedClass '/Game/ThirdPersonBP/Maps/Hub.Hub_C' with ClassGeneratedBy '/Game/ThirdPersonBP/Maps/Hub.Hub:PersistentLevel.Hub'
[2015.11.16-12.40.21:780][769]LogParticles: Destroying 0 GPU particle simulations for FXSystem 0x0000000135349940
[2015.11.16-12.41.03:876][405]LogWindowsTextInputMethodSystem:Display: IME system now deactivated.
[2015.11.16-12.41.03:876][405]LogWindowsTextInputMethodSystem:Display: IME system now deactivated.
[2015.11.16-12.41.04:405][406]Cmd: QUIT_EDITOR
[2015.11.16-12.41.05:583][406]LogExit: Preparing to exit.
[2015.11.16-12.41.08:620][406]LogExit: Editor shut down
[2015.11.16-12.41.08:620][406]LogExit: Transaction tracking system shut down
[2015.11.16-12.41.08:623][406]LogParticles: Destroying 0 GPU particle simulations for FXSystem 0x00000001294AFF60
[2015.11.16-12.41.08:624][406]LogParticles: Destroying 0 GPU particle simulations for FXSystem 0x00000001363CE520
[2015.11.16-12.41.08:624][406]LogParticles: Destroying 0 GPU particle simulations for FXSystem 0x0000000137F619E0
[2015.11.16-12.41.08:624][406]LogParticles: Destroying 0 GPU particle simulations for FXSystem 0x0000000137F4EAC0
[2015.11.16-12.41.08:624][406]LogParticles: Destroying 0 GPU particle simulations for FXSystem 0x0000000137E449A0
[2015.11.16-12.41.08:870][406]LogExit: Object subsystem successfully closed.
[2015.11.16-12.41.08:882][406]LogD3D11RHI: Shutdown
[2015.11.16-12.41.08:882][406]LogD3D11RHI: CleanupD3DDevice
[2015.11.16-12.41.09:007][406]LogD3D11RHI: ~FD3D11DynamicRHI
[2015.11.16-12.41.09:065][406]LogModuleManager: Shutting down and abandoning module CrashTracker (197)
[2015.11.16-12.41.09:065][406]LogModuleManager: Shutting down and abandoning module SceneOutliner (196)
[2015.11.16-12.41.09:066][406]LogModuleManager: Shutting down and abandoning module SuperSearch (195)
[2015.11.16-12.41.09:066][406]LogModuleManager: Shutting down and abandoning module WidgetCarousel (194)
[2015.11.16-12.41.09:066][406]LogModuleManager: Shutting down and abandoning module AddContentDialog (193)
[2015.11.16-12.41.09:068][406]LogModuleManager: Shutting down and abandoning module EditorWidgets (192)
[2015.11.16-12.41.09:068][406]LogModuleManager: Shutting down and abandoning module CollectionManager (191)
[2015.11.16-12.41.09:072][406]LogModuleManager: Shutting down and abandoning module StatsViewer (190)
[2015.11.16-12.41.09:072][406]LogModuleManager: Shutting down and abandoning module FoliageEdit (189)
[2015.11.16-12.41.09:072][406]LogModuleManager: Shutting down and abandoning module LandscapeEditor (188)
[2015.11.16-12.41.09:073][406]LogModuleManager: Shutting down and abandoning module ActorPickerMode (187)
[2015.11.16-12.41.09:073][406]LogModuleManager: Shutting down and abandoning module GeometryMode (186)
[2015.11.16-12.41.09:073][406]LogModuleManager: Shutting down and abandoning module TextureAlignMode (185)
[2015.11.16-12.41.09:073][406]LogModuleManager: Shutting down and abandoning module BspMode (184)
[2015.11.16-12.41.09:073][406]LogModuleManager: Shutting down and abandoning module PlacementMode (183)
[2015.11.16-12.41.09:073][406]LogModuleManager: Shutting down and abandoning module AutomationWorker (182)
[2015.11.16-12.41.09:073][406]LogModuleManager: Shutting down and abandoning module CharacterAI (181)
[2015.11.16-12.41.09:073][406]LogModuleManager: Shutting down and abandoning module SmartSnapping (180)
[2015.11.16-12.41.09:073][406]LogModuleManager: Shutting down and abandoning module ViewportSnapping (179)
[2015.11.16-12.41.09:073][406]LogModuleManager: Shutting down and abandoning module LogVisualizer (178)
[2015.11.16-12.41.09:074][406]LogModuleManager: Shutting down and abandoning module GameProjectGeneration (177)
[2015.11.16-12.41.09:075][406]LogModuleManager: Shutting down and abandoning module IntroTutorials (176)
[2015.11.16-12.41.09:076][406]LogModuleManager: Shutting down and abandoning module EditorLiveStreaming (175)
[2015.11.16-12.41.09:076][406]LogModuleManager: Shutting down and abandoning module IOSPlatformEditor (174)
[2015.11.16-12.41.09:076][406]LogModuleManager: Shutting down and abandoning module HTML5PlatformEditor (173)
[2015.11.16-12.41.09:076][406]LogModuleManager: Shutting down and abandoning module AndroidDeviceDetection (172)
[2015.11.16-12.41.09:180][406]LogModuleManager: Shutting down and abandoning module AndroidPlatformEditor (171)
[2015.11.16-12.41.09:180][406]LogModuleManager: Shutting down and abandoning module IOSRuntimeSettings (170)
[2015.11.16-12.41.09:180][406]LogModuleManager: Shutting down and abandoning module AndroidRuntimeSettings (169)
[2015.11.16-12.41.09:180][406]LogModuleManager: Shutting down and abandoning module MergeActors (168)
[2015.11.16-12.41.09:180][406]LogModuleManager: Shutting down and abandoning module SizeMap (167)
[2015.11.16-12.41.09:180][406]LogModuleManager: Shutting down and abandoning module TreeMap (166)
[2015.11.16-12.41.09:180][406]LogModuleManager: Shutting down and abandoning module ReferenceViewer (165)
[2015.11.16-12.41.09:180][406]LogModuleManager: Shutting down and abandoning module LocalizationService (164)
[2015.11.16-12.41.09:180][406]LogModuleManager: Shutting down and abandoning module LocalizationDashboard (163)
[2015.11.16-12.41.09:182][406]LogModuleManager: Shutting down and abandoning module HardwareTargeting (162)
[2015.11.16-12.41.09:182][406]LogModuleManager: Shutting down and abandoning module DeviceProfileEditor (161)
[2015.11.16-12.41.09:182][406]LogModuleManager: Shutting down and abandoning module UndoHistory (160)
[2015.11.16-12.41.09:182][406]LogModuleManager: Shutting down and abandoning module GameplayTagsEditor (159)
[2015.11.16-12.41.09:182][406]LogModuleManager: Shutting down and abandoning module UserFeedback (158)
[2015.11.16-12.41.09:182][406]LogModuleManager: Shutting down and abandoning module XmlParser (157)
[2015.11.16-12.41.09:182][406]LogModuleManager: Shutting down and abandoning module Blutility (156)
[2015.11.16-12.41.09:183][406]LogModuleManager: Shutting down and abandoning module ProjectTargetPlatformEditor (155)
[2015.11.16-12.41.09:183][406]LogModuleManager: Shutting down and abandoning module ProjectSettingsViewer (154)
[2015.11.16-12.41.09:183][406]LogModuleManager: Shutting down and abandoning module InputBindingEditor (153)
[2015.11.16-12.41.09:183][406]LogModuleManager: Shutting down and abandoning module EditorSettingsViewer (152)
[2015.11.16-12.41.09:183][406]LogModuleManager: Shutting down and abandoning module SettingsEditor (151)
[2015.11.16-12.41.09:183][406]LogModuleManager: Shutting down and abandoning module ProjectLauncher (150)
[2015.11.16-12.41.09:184][406]LogModuleManager: Shutting down and abandoning module SessionFrontend (149)
[2015.11.16-12.41.09:184][406]LogModuleManager: Shutting down and abandoning module ProfilerClient (148)
[2015.11.16-12.41.09:184][406]LogModuleManager: Shutting down and abandoning module TargetDeviceServices (147)
[2015.11.16-12.41.09:185][406]LogModuleManager: Shutting down and abandoning module DeviceManager (146)
[2015.11.16-12.41.09:185][406]LogModuleManager: Shutting down and abandoning module AutomationController (145)
[2015.11.16-12.41.09:185][406]LogModuleManager: Shutting down and abandoning module AutomationWindow (144)
[2015.11.16-12.41.09:185][406]LogModuleManager: Shutting down and abandoning module Layers (143)
[2015.11.16-12.41.09:185][406]LogModuleManager: Shutting down and abandoning module ComponentVisualizers (142)
[2015.11.16-12.41.09:185][406]LogModuleManager: Shutting down and abandoning module DetailCustomizations (141)
[2015.11.16-12.41.09:186][406]LogModuleManager: Shutting down and abandoning module PackagesDialog (140)
[2015.11.16-12.41.09:186][406]LogModuleManager: Shutting down and abandoning module Persona (139)
[2015.11.16-12.41.09:187][406]LogModuleManager: Shutting down and abandoning module Kismet (138)
[2015.11.16-12.41.09:187][406]LogModuleManager: Shutting down and abandoning module GraphEditor (137)
[2015.11.16-12.41.09:187][406]LogModuleManager: Shutting down and abandoning module ClassViewer (136)
[2015.11.16-12.41.09:187][406]LogModuleManager: Shutting down and abandoning module Toolbox (135)
[2015.11.16-12.41.09:187][406]LogModuleManager: Shutting down and abandoning module ModuleUI (134)
[2015.11.16-12.41.09:187][406]LogModuleManager: Shutting down and abandoning module MovieSceneTools (133)
[2015.11.16-12.41.09:188][406]LogModuleManager: Shutting down and abandoning module OutputLog (132)
[2015.11.16-12.41.09:188][406]LogModuleManager: Shutting down and abandoning module GammaUI (131)
[2015.11.16-12.41.09:188][406]LogModuleManager: Shutting down and abandoning module Documentation (130)
[2015.11.16-12.41.09:188][406]LogModuleManager: Shutting down and abandoning module GameLiveStreaming (129)
[2015.11.16-12.41.09:188][406]LogModuleManager: Shutting down and abandoning module StreamingPauseRendering (128)
[2015.11.16-12.41.09:188][406]LogModuleManager: Shutting down and abandoning module AnalyticsET (127)
[2015.11.16-12.41.09:188][406]LogModuleManager: Shutting down and abandoning module Analytics (126)
[2015.11.16-12.41.09:188][406]LogModuleManager: Shutting down and abandoning module AITestSuite (125)
[2015.11.16-12.41.09:188][406]LogModuleManager: Shutting down and abandoning module GameplayDebugger (124)
[2015.11.16-12.41.09:188][406]LogModuleManager: Shutting down and abandoning module AIModule (123)
[2015.11.16-12.41.09:188][406]LogModuleManager: Shutting down and abandoning module ProfilerService (122)
[2015.11.16-12.41.09:323][406]LogModuleManager: Shutting down and abandoning module TaskGraph (121)
[2015.11.16-12.41.09:323][406]LogModuleManager: Shutting down and abandoning module SlateRemote (120)
[2015.11.16-12.41.09:323][406]LogModuleManager: Shutting down and abandoning module SteamVRController (119)
[2015.11.16-12.41.09:323][406]LogModuleManager: Shutting down and abandoning module SteamVR (118)
[2015.11.16-12.41.09:323][406]LogModuleManager: Shutting down and abandoning module ProceduralMeshComponent (117)
[2015.11.16-12.41.09:323][406]LogModuleManager: Shutting down and abandoning module OculusRift (116)
[2015.11.16-12.41.09:323][406]LogModuleManager: Shutting down and abandoning module OculusLibrary (115)
[2015.11.16-12.41.09:323][406]LogModuleManager: Shutting down and abandoning module LeapMotionController (114)
[2015.11.16-12.41.09:342][406]LogModuleManager: Shutting down and abandoning module CustomMeshComponent (113)
[2015.11.16-12.41.09:342][406]LogModuleManager: Shutting down and abandoning module CableComponent (112)
[2015.11.16-12.41.09:342][406]LogModuleManager: Shutting down and abandoning module ArchVisCharacter (111)
[2015.11.16-12.41.09:342][406]LogModuleManager: Shutting down and abandoning module MessagingDebugger (110)
[2015.11.16-12.41.09:345][406]LogModuleManager: Shutting down and abandoning module MediaPlayerEditor (109)
[2015.11.16-12.41.09:346][406]LogModuleManager: Shutting down and abandoning module HTML5Networking (108)
[2015.11.16-12.41.09:346][406]LogModuleManager: Shutting down and abandoning module SpeedTreeImporter (107)
[2015.11.16-12.41.09:346][406]LogModuleManager: Shutting down and abandoning module PluginBrowser (106)
[2015.11.16-12.41.09:347][406]LogModuleManager: Shutting down and abandoning module EpicSurvey (105)
[2015.11.16-12.41.09:347][406]LogModuleManager: Shutting down and abandoning module DesktopPlatform (104)
[2015.11.16-12.41.09:347][406]LogModuleManager: Shutting down and abandoning module VisualStudioSourceCodeAccess (103)
[2015.11.16-12.41.09:347][406]LogModuleManager: Shutting down and abandoning module UObjectPlugin (102)
[2015.11.16-12.41.09:347][406]LogModuleManager: Shutting down and abandoning module SubversionSourceControl (101)
[2015.11.16-12.41.09:347][406]LogModuleManager: Shutting down and abandoning module PerforceSourceControl (100)
[2015.11.16-12.41.09:347][406]LogModuleManager: Shutting down and abandoning module SourceControl (99)
[2015.11.16-12.41.09:347][406]LogModuleManager: Shutting down and abandoning module GitSourceControl (98)
[2015.11.16-12.41.09:347][406]LogModuleManager: Shutting down and abandoning module LightPropagationVolumeEditor (97)
[2015.11.16-12.41.09:347][406]LogModuleManager: Shutting down and abandoning module PaperTiledImporter (96)
[2015.11.16-12.41.09:347][406]LogModuleManager: Shutting down and abandoning module PaperSpriteSheetImporter (95)
[2015.11.16-12.41.09:347][406]LogModuleManager: Shutting down and abandoning module MeshPaint (94)
[2015.11.16-12.41.09:348][406]LogModuleManager: Shutting down and abandoning module SlateReflector (93)
[2015.11.16-12.41.09:349][406]LogModuleManager: Shutting down and abandoning module HotReload (92)
[2015.11.16-12.41.09:349][406]LogModuleManager: Shutting down and abandoning module MainFrame (91)
[2015.11.16-12.41.09:349][406]LogModuleManager: Shutting down and abandoning module LevelEditor (90)
[2015.11.16-12.41.09:352][406]LogModuleManager: Shutting down and abandoning module DirectoryWatcher (89)
[2015.11.16-12.41.09:352][406]LogModuleManager: Shutting down and abandoning module AssetRegistry (88)
[2015.11.16-12.41.19:252][406]LogModuleManager: Shutting down and abandoning module ContentBrowser (87)
[2015.11.16-12.41.19:253][406]LogModuleManager: Shutting down and abandoning module Paper2DEditor (86)
[2015.11.16-12.41.19:257][406]LogModuleManager: Shutting down and abandoning module UdpMessaging (85)
[2015.11.16-12.41.19:358][406]LogModuleManager: Shutting down and abandoning module LightPropagationVolumeRuntime (84)
[2015.11.16-12.41.19:358][406]LogModuleManager: Shutting down and abandoning module Paper2D (83)
[2015.11.16-12.41.19:358][406]LogModuleManager: Shutting down and abandoning module WindowsMoviePlayer (82)
[2015.11.16-12.41.19:361][406]LogModuleManager: Shutting down and abandoning module Media (81)
[2015.11.16-12.41.19:361][406]LogModuleManager: Shutting down and abandoning module WmfMedia (80)
[2015.11.16-12.41.19:362][406]LogModuleManager: Shutting down and abandoning module OnlineBlueprintSupport (79)
[2015.11.16-12.41.19:362][406]LogModuleManager: Shutting down and abandoning module GameplayTasksEditor (78)
[2015.11.16-12.41.19:362][406]LogModuleManager: Shutting down and abandoning module PropertyEditor (77)
[2015.11.16-12.41.19:362][406]LogModuleManager: Shutting down and abandoning module BehaviorTreeEditor (76)
[2015.11.16-12.41.19:362][406]LogModuleManager: Shutting down and abandoning module FunctionalTesting (75)
[2015.11.16-12.41.19:362][406]LogModuleManager: Shutting down and abandoning module CollisionAnalyzer (74)
[2015.11.16-12.41.19:362][406]LogModuleManager: Shutting down and abandoning module WorkspaceMenuStructure (73)
[2015.11.16-12.41.19:362][406]LogModuleManager: Shutting down and abandoning module MessageLog (72)
[2015.11.16-12.41.19:362][406]LogModuleManager: Shutting down and abandoning module Sequencer (71)
[2015.11.16-12.41.19:363][406]LogModuleManager: Shutting down and abandoning module AssetTools (70)
[2015.11.16-12.41.19:363][406]LogModuleManager: Shutting down and abandoning module UMGEditor (69)
[2015.11.16-12.41.19:363][406]LogModuleManager: Shutting down and abandoning module UMG (68)
[2015.11.16-12.41.19:363][406]LogModuleManager: Shutting down and abandoning module Slate (67)
[2015.11.16-12.41.19:363][406]LogModuleManager: Shutting down and abandoning module EditorStyle (66)
[2015.11.16-12.41.19:366][406]LogModuleManager: Shutting down and abandoning module SessionServices (65)
[2015.11.16-12.41.19:366][406]LogModuleManager: Shutting down and abandoning module SourceCodeAccess (64)
[2015.11.16-12.41.19:366][406]LogModuleManager: Shutting down and abandoning module HeadMountedDisplay (63)
[2015.11.16-12.41.19:366][406]LogModuleManager: Shutting down and abandoning module XAudio2 (62)
[2015.11.16-12.41.19:366][406]LogModuleManager: Shutting down and abandoning module Networking (60)
[2015.11.16-12.41.19:366][406]LogModuleManager: Shutting down and abandoning module Core (59)
[2015.11.16-12.41.19:366][406]LogModuleManager: Shutting down and abandoning module KismetCompiler (58)
[2015.11.16-12.41.19:366][406]LogModuleManager: Shutting down and abandoning module PhysXFormats (57)
[2015.11.16-12.41.19:366][406]LogModuleManager: Shutting down and abandoning module MeshUtilities (56)
[2015.11.16-12.41.19:366][406]LogModuleManager: Shutting down and abandoning module CookingStats (55)
[2015.11.16-12.41.19:367][406]LogModuleManager: Shutting down and abandoning module DerivedDataCache (54)
[2015.11.16-12.41.19:816][406]LogDerivedDataCache: Shutdown
[2015.11.16-12.41.19:816][406]LogModuleManager: Shutting down and abandoning module ShaderFormatOpenGL (53)
[2015.11.16-12.41.19:816][406]LogModuleManager: Shutting down and abandoning module ShaderFormatD3D (52)
[2015.11.16-12.41.19:816][406]LogModuleManager: Shutting down and abandoning module MetalShaderFormat (51)
[2015.11.16-12.41.19:816][406]LogModuleManager: Shutting down and abandoning module TextureFormatUncompressed (50)
[2015.11.16-12.41.19:816][406]LogModuleManager: Shutting down and abandoning module TextureFormatPVR (49)
[2015.11.16-12.41.19:816][406]LogModuleManager: Shutting down and abandoning module TextureFormatIntelISPCTexComp (48)
[2015.11.16-12.41.19:816][406]LogModuleManager: Shutting down and abandoning module TextureFormatDXT (47)
[2015.11.16-12.41.19:816][406]LogModuleManager: Shutting down and abandoning module ImageWrapper (46)
[2015.11.16-12.41.19:817][406]LogModuleManager: Shutting down and abandoning module TextureFormatASTC (45)
[2015.11.16-12.41.19:817][406]LogModuleManager: Shutting down and abandoning module TextureFormatAndroid (44)
[2015.11.16-12.41.19:817][406]LogModuleManager: Shutting down and abandoning module AudioFormatOpus (43)
[2015.11.16-12.41.19:817][406]LogModuleManager: Shutting down and abandoning module AudioFormatOgg (42)
[2015.11.16-12.41.19:817][406]LogModuleManager: Shutting down and abandoning module AudioFormatADPCM (41)
[2015.11.16-12.41.19:817][406]LogModuleManager: Shutting down and abandoning module LinuxTargetPlatform (40)
[2015.11.16-12.41.19:818][406]LogModuleManager: Shutting down and abandoning module LinuxServerTargetPlatform (39)
[2015.11.16-12.41.19:818][406]LogModuleManager: Shutting down and abandoning module LinuxNoEditorTargetPlatform (38)
[2015.11.16-12.41.19:818][406]LogModuleManager: Shutting down and abandoning module Messaging (37)
[2015.11.16-12.41.19:818][406]LogModuleManager: Shutting down and abandoning module IOSTargetPlatform (36)
[2015.11.16-12.41.19:818][406]LogModuleManager: Shutting down and abandoning module HTML5TargetPlatform (35)
[2015.11.16-12.41.19:818][406]LogModuleManager: Shutting down and abandoning module Android_PVRTCTargetPlatform (34)
[2015.11.16-12.41.19:818][406]LogModuleManager: Shutting down and abandoning module Android_ETC2TargetPlatform (33)
[2015.11.16-12.41.19:818][406]LogModuleManager: Shutting down and abandoning module Android_ETC1TargetPlatform (32)
[2015.11.16-12.41.19:818][406]LogModuleManager: Shutting down and abandoning module Android_DXTTargetPlatform (31)
[2015.11.16-12.41.19:818][406]LogModuleManager: Shutting down and abandoning module Android_ATCTargetPlatform (30)
[2015.11.16-12.41.19:818][406]LogModuleManager: Shutting down and abandoning module Android_ASTCTargetPlatform (29)
[2015.11.16-12.41.19:818][406]LogModuleManager: Shutting down and abandoning module AndroidTargetPlatform (28)
[2015.11.16-12.41.19:818][406]LogModuleManager: Shutting down and abandoning module WindowsTargetPlatform (27)
[2015.11.16-12.41.19:818][406]LogModuleManager: Shutting down and abandoning module WindowsServerTargetPlatform (26)
[2015.11.16-12.41.19:818][406]LogModuleManager: Shutting down and abandoning module WindowsNoEditorTargetPlatform (25)
[2015.11.16-12.41.19:818][406]LogModuleManager: Shutting down and abandoning module WindowsClientTargetPlatform (24)
[2015.11.16-12.41.19:819][406]LogModuleManager: Shutting down and abandoning module AllDesktopTargetPlatform (23)
[2015.11.16-12.41.19:819][406]LogModuleManager: Shutting down and abandoning module TargetPlatform (22)
[2015.11.16-12.41.19:819][406]LogModuleManager: Shutting down and abandoning module InputCore (21)
[2015.11.16-12.41.19:819][406]LogModuleManager: Shutting down and abandoning module Settings (20)
[2015.11.16-12.41.19:819][406]LogModuleManager: Shutting down and abandoning module OnlineSubsystem (18)
[2015.11.16-12.41.19:819][406]LogModuleManager: Shutting down and abandoning module HTTP (17)
[2015.11.16-12.41.21:832][406]LogModuleManager: Shutting down and abandoning module XMPP (16)
[2015.11.16-12.41.21:832][406]LogModuleManager: Shutting down and abandoning module ExampleDeviceProfileSelector (15)
[2015.11.16-12.41.21:832][406]LogModuleManager: Shutting down and abandoning module TextureCompressor (14)
[2015.11.16-12.41.21:833][406]LogModuleManager: Shutting down and abandoning module ShaderCore (13)
[2015.11.16-12.41.21:833][406]LogModuleManager: Shutting down and abandoning module Landscape (12)
[2015.11.16-12.41.21:833][406]LogModuleManager: Shutting down and abandoning module SlateRHIRenderer (11)
[2015.11.16-12.41.21:834][406]LogModuleManager: Shutting down and abandoning module OpenGLDrv (10)
[2015.11.16-12.41.21:834][406]LogModuleManager: Shutting down and abandoning module D3D11RHI (9)
[2015.11.16-12.41.21:834][406]LogModuleManager: Shutting down and abandoning module AnimGraphRuntime (8)
[2015.11.16-12.41.21:835][406]LogModuleManager: Shutting down and abandoning module Renderer (7)
[2015.11.16-12.41.21:835][406]LogModuleManager: Shutting down and abandoning module Engine (6)
[2015.11.16-12.41.21:835][406]LogModuleManager: Shutting down and abandoning module CoreUObject (5)
[2015.11.16-12.41.21:835][406]LogModuleManager: Shutting down and abandoning module NetworkFile (4)
[2015.11.16-12.41.21:835][406]LogModuleManager: Shutting down and abandoning module StreamingFile (3)
[2015.11.16-12.41.21:835][406]LogModuleManager: Shutting down and abandoning module SandboxFile (2)
[2015.11.16-12.41.21:835][406]LogModuleManager: Shutting down and abandoning module PakFile (1)
[2015.11.16-12.41.21:835][406]LogExit: Exiting.
[2015.11.16-12.41.21:837][406]Log file closed, 11/16/15 07:41:21
