[2015.11.18-01.01.40:519][  0]Log file open, 11/17/15 20:01:40
[2015.11.18-01.01.40:519][  0]LogInit:Display: Running engine for game: NightmareGame
[2015.11.18-01.01.40:519][  0]LogInit:Display: RandInit(1017744434) SRandInit(1017744434).
[2015.11.18-01.01.40:519][  0]LogTaskGraph: Started task graph with 4 named threads and 7 total threads.
[2015.11.18-01.01.40:519][  0]LogStats: Stats thread started at 0.316116
[2015.11.18-01.01.40:519][  0]LogInit: Version: 4.9.2-2707645+++depot+UE4-Releases+4.9
[2015.11.18-01.01.40:519][  0]LogInit: API Version: 2672455
[2015.11.18-01.01.40:519][  0]LogInit: Compiled (64-bit): Sep 28 2015 10:25:44
[2015.11.18-01.01.40:519][  0]LogInit: Compiled with Visual C++: 18.00.21005.01
[2015.11.18-01.01.40:519][  0]LogInit: Build Configuration: Development
[2015.11.18-01.01.40:519][  0]LogInit: Branch Name: ++depot+UE4-Releases+4.9
[2015.11.18-01.01.40:519][  0]LogInit: Command line:  
[2015.11.18-01.01.40:519][  0]LogInit: Base directory: C:/Program Files/Epic Games/4.9/Engine/Binaries/Win64/
[2015.11.18-01.01.40:519][  0]LogInit: Rocket: 1
[2015.11.18-01.01.40:547][  0]LogInit: Using libcurl 7.41.0
[2015.11.18-01.01.40:547][  0]LogInit:  - built for x86_64-pc-win32
[2015.11.18-01.01.40:547][  0]LogInit:  - supports SSL with WinSSL
[2015.11.18-01.01.40:547][  0]LogInit:  - other features:
[2015.11.18-01.01.40:547][  0]LogInit:      CURL_VERSION_SSL
[2015.11.18-01.01.40:547][  0]LogInit:      CURL_VERSION_IPV6
[2015.11.18-01.01.40:547][  0]LogInit:      CURL_VERSION_ASYNCHDNS
[2015.11.18-01.01.40:547][  0]LogInit:      CURL_VERSION_LARGEFILE
[2015.11.18-01.01.40:547][  0]LogInit:      CURL_VERSION_IDN
[2015.11.18-01.01.40:548][  0]LogInit:  CurlRequestOptions (configurable via config and command line):
[2015.11.18-01.01.40:548][  0]LogInit:  - bVerifyPeer = true  - Libcurl will verify peer certificate
[2015.11.18-01.01.40:548][  0]LogInit:  - bUseHttpProxy = false  - Libcurl will NOT use HTTP proxy
[2015.11.18-01.01.40:548][  0]LogInit:  - bDontReuseConnections = false  - Libcurl will reuse connections
[2015.11.18-01.01.40:548][  0]LogInit:  - CertBundlePath = nullptr  - Libcurl will use whatever was configured at build time.
[2015.11.18-01.01.40:596][  0]LogInit: Presizing for 0 objects not considered by GC, pre-allocating 0 bytes.
[2015.11.18-01.01.40:605][  0]LogInit: Object subsystem initialized
[2015.11.18-01.01.40:620][  0]LogInit: Selected Device Profile: [Windows]
[2015.11.18-01.01.40:620][  0]LogInit: Applying CVar settings loaded from the selected device profile: [Windows]
[2015.11.18-01.01.40:642][  0]LogInit: Computer: NICKSCOMPUTER
[2015.11.18-01.01.40:642][  0]LogInit: User: ntanc000
[2015.11.18-01.01.40:642][  0]LogInit: CPU Page size=4096, Cores=4
[2015.11.18-01.01.40:642][  0]LogInit: High frequency timer resolution =2.537597 MHz
[2015.11.18-01.01.40:643][  0]LogMemory: Memory total: Physical=15.9GB (16GB approx)
[2015.11.18-01.01.40:643][  0]LogMemory: Platform Memory Stats for Windows
[2015.11.18-01.01.40:643][  0]LogMemory: Process Physical Memory: 52.93 MB used, 52.93 MB peak
[2015.11.18-01.01.40:643][  0]LogMemory: Process Virtual Memory: 55.07 MB used, 55.07 MB peak
[2015.11.18-01.01.40:643][  0]LogMemory: Physical Memory: 4060.82 MB used, 16269.45 MB total
[2015.11.18-01.01.40:643][  0]LogMemory: Virtual Memory: 360.18 MB used, 134217728.00 MB total
[2015.11.18-01.01.41:244][  0]LogTextLocalizationManager: No specific translations for ('en-US') exist, so ('en') translations will be used.
[2015.11.18-01.01.42:513][  0]LogD3D11RHI: Found D3D11 adapter 0: NVIDIA GeForce GTX 980M (Feature Level 11_0)
[2015.11.18-01.01.42:513][  0]LogD3D11RHI: Adapter has 3981MB of dedicated video memory, 0MB of dedicated system memory, and 8134MB of shared system memory, 2 output[s]
[2015.11.18-01.01.42:587][  0]LogD3D11RHI: Found D3D11 adapter 1: Intel(R) HD Graphics 4600 (Feature Level 11_0)
[2015.11.18-01.01.42:587][  0]LogD3D11RHI: Adapter has 32MB of dedicated video memory, 0MB of dedicated system memory, and 1760MB of shared system memory, 0 output[s]
[2015.11.18-01.01.42:604][  0]LogD3D11RHI: Found D3D11 adapter 2: Microsoft Basic Render Driver (Feature Level 11_0)
[2015.11.18-01.01.42:604][  0]LogD3D11RHI: Adapter has 0MB of dedicated video memory, 0MB of dedicated system memory, and 256MB of shared system memory, 0 output[s]
[2015.11.18-01.01.42:604][  0]LogD3D11RHI: Chosen D3D11 Adapter Id = 0
[2015.11.18-01.01.42:608][  0]LogD3D11RHI: !Direct3DDevice
[2015.11.18-01.01.42:608][  0]LogRHI: Texture pool is 1361 MB (70% of 1945 MB)
[2015.11.18-01.01.42:622][  0]LogD3D11RHI: Async texture creation enabled
[2015.11.18-01.01.42:655][  0]LogShaderCompilers: Guid format shader working directory is 15 characters bigger than the processId version (../../../../../../Users/ntanc_000/Desktop/NightmareGame/TheGame/Intermediate/Shaders/WorkingDirectory/9844/).
[2015.11.18-01.01.42:655][  0]LogShaderCompilers: Cleaned the shader compiler working directory '../../../../../../Users/ntanc_000/Desktop/NightmareGame/TheGame/Intermediate/Shaders/tmp/B9208B0949186ED834FCCC9CED01D2D3/'.
[2015.11.18-01.01.42:656][  0]LogShaderCompilers:Display: Using Local Shader Compiler.
[2015.11.18-01.01.45:309][  0]LogTemp:Display: Loaded TP AllDesktopTargetPlatform
[2015.11.18-01.01.45:316][  0]LogTemp:Display: Loaded TP WindowsClientTargetPlatform
[2015.11.18-01.01.45:321][  0]LogTemp:Display: Loaded TP WindowsNoEditorTargetPlatform
[2015.11.18-01.01.45:327][  0]LogTemp:Display: Loaded TP WindowsServerTargetPlatform
[2015.11.18-01.01.45:334][  0]LogTemp:Display: Loaded TP WindowsTargetPlatform
[2015.11.18-01.01.45:341][  0]LogTemp:Display: Loaded TP AndroidTargetPlatform
[2015.11.18-01.01.45:345][  0]LogTemp:Display: Loaded TP Android_ASTCTargetPlatform
[2015.11.18-01.01.45:349][  0]LogTemp:Display: Loaded TP Android_ATCTargetPlatform
[2015.11.18-01.01.45:352][  0]LogTemp:Display: Loaded TP Android_DXTTargetPlatform
[2015.11.18-01.01.45:356][  0]LogTemp:Display: Loaded TP Android_ETC1TargetPlatform
[2015.11.18-01.01.45:360][  0]LogTemp:Display: Loaded TP Android_ETC2TargetPlatform
[2015.11.18-01.01.45:365][  0]LogTemp:Display: Loaded TP Android_PVRTCTargetPlatform
[2015.11.18-01.01.45:366][  0]LogTemp:Display: Loaded TP HTML5TargetPlatform
[2015.11.18-01.01.45:413][  0]LogTemp:Display: Loaded TP IOSTargetPlatform
[2015.11.18-01.01.45:417][  0]LogTemp:Display: Loaded TP LinuxNoEditorTargetPlatform
[2015.11.18-01.01.45:420][  0]LogTemp:Display: Loaded TP LinuxServerTargetPlatform
[2015.11.18-01.01.45:429][  0]LogTemp:Display: Loaded TP LinuxTargetPlatform
[2015.11.18-01.01.45:429][  0]LogTargetPlatformManager:Display: Building Assets For Windows
[2015.11.18-01.01.45:820][  0]LogDerivedDataCache:Display: Max Cache Size: 512 MB
[2015.11.18-01.01.46:012][  0]LogDerivedDataCache: Loaded boot cache 0.19s 41MB C:/Users/ntanc_000/AppData/Local/UnrealEngine/4.9/DerivedDataCache/Boot.ddc.
[2015.11.18-01.01.46:012][  0]LogDerivedDataCache:Display: Loaded Boot cache: C:/Users/ntanc_000/AppData/Local/UnrealEngine/4.9/DerivedDataCache/Boot.ddc
[2015.11.18-01.01.46:012][  0]LogDerivedDataCache: FDerivedDataBackendGraph:  Pak pak cache file ../../../../../../Users/ntanc_000/Desktop/NightmareGame/TheGame/DerivedDataCache/DDC.ddp not found, will not use a pak cache.
[2015.11.18-01.01.46:012][  0]LogDerivedDataCache: Unable to find inner node Pak for hierarchical cache Hierarchy.
[2015.11.18-01.01.46:012][  0]LogDerivedDataCache: FDerivedDataBackendGraph:  CompressedPak pak cache file ../../../../../../Users/ntanc_000/Desktop/NightmareGame/TheGame/DerivedDataCache/Compressed.ddp not found, will not use a pak cache.
[2015.11.18-01.01.46:012][  0]LogDerivedDataCache: Unable to find inner node CompressedPak for hierarchical cache Hierarchy.
[2015.11.18-01.01.46:163][  0]LogDerivedDataCache:Display: Pak cache opened for reading ../../../Engine/DerivedDataCache/Compressed.ddp.
[2015.11.18-01.01.46:184][  0]LogDerivedDataCache: Using Local data cache path C:/Users/ntanc_000/AppData/Local/UnrealEngine/Common/DerivedDataCache: Writable
[2015.11.18-01.01.49:628][  0]LogInit: Selected Device Profile: [Windows]
[2015.11.18-01.01.49:643][  0]LogContentStreaming: Texture pool size is 0.000000MB
[2015.11.18-01.01.49:916][  0]LogMeshUtilities: No automatic mesh reduction module available
[2015.11.18-01.01.49:916][  0]LogMeshUtilities: No automatic mesh merging module available
[2015.11.18-01.01.50:742][  0]LogInit: WinSock: version 1.1 (2.2), MaxSocks=32767, MaxUdp=65467
[2015.11.18-01.01.53:733][  0]UdpMessaging: Initializing bridge on interface 0.0.0.0:0 to multicast group 230.0.0.1:6666.
[2015.11.18-01.01.53:889][  0]LogAssetRegistry: FAssetRegistry took 0.0114 seconds to start up
[2015.11.18-01.01.54:224][  0]SourceControl: Info Source control is disabled
[2015.11.18-01.01.54:575][  0]LogLinker:Warning: Asset '../../../Engine/Plugins/Runtime/LeapMotionController/Content/LM_PassthroughMaterial.uasset' has been saved with empty engine version. The asset will be loaded but may be incompatible.
[2015.11.18-01.01.54:734][  0]LogObj: 28361 objects as part of root set at end of initial load.
[2015.11.18-01.01.54:735][  0]LogUObjectAllocator: 6038864 out of 0 bytes used by permanent object pool.
[2015.11.18-01.01.54:875][  0]LogEngine: Initializing Engine...
[2015.11.18-01.01.54:878][  0]LogHMD: Can't find Oculus library dev build: is proper Runtime installed? Version: 0.7.0.0
[2015.11.18-01.01.54:891][  0]LogHMD: SteamVR failed to initialize.  Err: 110
[2015.11.18-01.01.55:173][  0]LogAIModule: Creating AISystem for world NewWorld
[2015.11.18-01.01.55:225][  0]LogInit: XAudio2 using 'Speakers (Sound Blaster Recon3Di)' : 2 channels at 48 kHz using 32 bits per sample (channel mask 0x3)
[2015.11.18-01.01.55:291][  0]LogInit: FAudioDevice initialized.
[2015.11.18-01.01.55:317][  0]LogDerivedDataCache: Saved boot cache 0.03s 41MB C:/Users/ntanc_000/AppData/Local/UnrealEngine/4.9/DerivedDataCache/Boot.ddc.
[2015.11.18-01.01.55:321][  0]LogInit: Texture streaming: Enabled
[2015.11.18-01.01.55:330][  0]LogAnalytics: Creating configured Analytics provider AnalyticsET
[2015.11.18-01.01.55:330][  0]LogAnalytics: [UEEditor.Rocket.Release] APIServer = http://et2.epicgames.com/ET2/. AppVersion = 4.9.2-2707645+++depot+UE4-Releases+4.9
[2015.11.18-01.01.55:330][  0]LogAnalytics: [UEEditor.Rocket.Release] SetUserId 2c211ad74a9e5469c13dfaa1059b2d42|1bd0216fcaf5458183f89cc914276325|d020360b-9246-478a-84ac-08a9775e7849
[2015.11.18-01.01.55:330][  0]LogAnalytics: [UEEditor.Rocket.Release] AnalyticsET::StartSession
[2015.11.18-01.01.55:424][  0]LogInit: Transaction tracking system initialized
[2015.11.18-01.01.55:482][  0]BlueprintLog: New page: Editor Load
[2015.11.18-01.01.55:659][  0]LocalizationService: Info Localization service is disabled
[2015.11.18-01.01.55:800][  0]LogConsoleResponse:Display: 
[2015.11.18-01.01.56:139][  0]LogCook:Display: Done creating registry. It took  0.00s.
[2015.11.18-01.01.56:339][  0]LogFileCache: Scanning file cache for directory 'C:/Users/ntanc_000/Desktop/NightmareGame/TheGame/Content/' took 0.03s
[2015.11.18-01.02.23:015][  0]LogWindowsTextInputMethodSystem:Display: IME system now deactivated.
[2015.11.18-01.02.23:015][  0]LogWindowsTextInputMethodSystem:Display: IME system now deactivated.
[2015.11.18-01.02.23:083][  0]LogWindowsTextInputMethodSystem:Display: IME system now deactivated.
[2015.11.18-01.02.23:084][  0]LogWindowsTextInputMethodSystem:Display: IME system now deactivated.
[2015.11.18-01.02.25:631][  0]LogWindowsTextInputMethodSystem:Display: IME system now deactivated.
[2015.11.18-01.02.25:631][  0]LogWindowsTextInputMethodSystem:Display: IME system now deactivated.
[2015.11.18-01.02.25:644][  0]LogWindowsTextInputMethodSystem:Display: IME system now deactivated.
[2015.11.18-01.02.25:644][  0]LogWindowsTextInputMethodSystem:Display: IME system now deactivated.
[2015.11.18-01.02.25:650][  0]Cmd: MAP LOAD FILE="../../../../../../Users/ntanc_000/Desktop/NightmareGame/TheGame/Content/ThirdPersonBP/Maps/Hub.umap" TEMPLATE=0 SHOWPROGRESS=1 FEATURELEVEL=3
[2015.11.18-01.02.25:655][  0]LightingResults: New page: Lighting Build
[2015.11.18-01.02.25:675][  0]MapCheck: New page: Map Check
[2015.11.18-01.02.25:675][  0]LightingResults: New page: Lighting Build
[2015.11.18-01.02.25:720][  0]LogParticles: Destroying 0 GPU particle simulations for FXSystem 0x000000DE3E357CE0
[2015.11.18-01.02.26:069][  0]LogLinker:Warning: Asset '../../../../../../Users/ntanc_000/Desktop/NightmareGame/TheGame/Content/Mannequin/Animations/ThirdPerson_AnimBP.uasset' has been saved with empty engine version. The asset will be loaded but may be incompatible.
[2015.11.18-01.02.26:070][  0]LogLinker:Warning: Asset '../../../../../../Users/ntanc_000/Desktop/NightmareGame/TheGame/Content/Mannequin/Animations/ThirdPerson_Jump.uasset' has been saved with empty engine version. The asset will be loaded but may be incompatible.
[2015.11.18-01.02.26:072][  0]LogLinker:Warning: Asset '../../../../../../Users/ntanc_000/Desktop/NightmareGame/TheGame/Content/Mannequin/Animations/ThirdPersonJump_Loop.uasset' has been saved with empty engine version. The asset will be loaded but may be incompatible.
[2015.11.18-01.02.26:074][  0]LogLinker:Warning: Asset '../../../../../../Users/ntanc_000/Desktop/NightmareGame/TheGame/Content/Mannequin/Animations/ThirdPersonJump_Start.uasset' has been saved with empty engine version. The asset will be loaded but may be incompatible.
[2015.11.18-01.02.26:075][  0]LogLinker:Warning: Asset '../../../../../../Users/ntanc_000/Desktop/NightmareGame/TheGame/Content/Mannequin/Animations/ThirdPerson_IdleRun_2D.uasset' has been saved with empty engine version. The asset will be loaded but may be incompatible.
[2015.11.18-01.02.26:075][  0]LogLinker:Warning: Asset '../../../../../../Users/ntanc_000/Desktop/NightmareGame/TheGame/Content/Mannequin/Animations/ThirdPersonIdle.uasset' has been saved with empty engine version. The asset will be loaded but may be incompatible.
[2015.11.18-01.02.26:076][  0]LogLinker:Warning: Asset '../../../../../../Users/ntanc_000/Desktop/NightmareGame/TheGame/Content/Mannequin/Animations/ThirdPersonRun.uasset' has been saved with empty engine version. The asset will be loaded but may be incompatible.
[2015.11.18-01.02.26:077][  0]LogLinker:Warning: Asset '../../../../../../Users/ntanc_000/Desktop/NightmareGame/TheGame/Content/Mannequin/Animations/ThirdPersonWalk.uasset' has been saved with empty engine version. The asset will be loaded but may be incompatible.
[2015.11.18-01.02.27:387][  0]LogAIModule: Creating AISystem for world Hub
[2015.11.18-01.02.27:439][  0]LogEditorServer: Finished looking for orphan Actors (0.000 secs)
[2015.11.18-01.02.27:444][  0]Cmd: MAP CHECKDEP NOCLEARLOG
[2015.11.18-01.02.27:571][  0]MapCheck: Info Map check complete: 0 Error(s), 0 Warning(s), took 126.351ms to complete.
[2015.11.18-01.02.27:571][  0]LogFileHelpers: Loading map 'Hub' took 1.925
[2015.11.18-01.02.27:726][  0]LogCollectionManager: Loaded 0 collections in 0.002167 seconds
[2015.11.18-01.02.27:769][  0]LogFileCache: Scanning file cache for directory 'C:/Users/ntanc_000/Desktop/NightmareGame/TheGame/Saved/Collections/' took 0.01s
[2015.11.18-01.02.27:769][  0]LogFileCache: Scanning file cache for directory 'C:/Users/ntanc_000/Desktop/NightmareGame/TheGame/Content/Developers/ntanc000/Collections/' took 0.01s
[2015.11.18-01.02.27:769][  0]LogFileCache: Scanning file cache for directory 'C:/Users/ntanc_000/Desktop/NightmareGame/TheGame/Content/Collections/' took 0.01s
[2015.11.18-01.02.27:769][  0]LogContentBrowser: Native class hierarchy populated in 0.0076 seconds. Added 1867 classes and 333 folders.
[2015.11.18-01.02.27:782][  0]LogCollectionManager: Rebuilt the GUID cache for 0 collections in 0.000006 seconds
[2015.11.18-01.02.27:790][  0]LogContentBrowser: Native class hierarchy updated for 'WidgetCarousel' in 0.0003 seconds. Added 0 classes and 0 folders.
[2015.11.18-01.02.28:199][  0]LogContentBrowser: Native class hierarchy updated for 'AddContentDialog' in 0.0004 seconds. Added 0 classes and 0 folders.
[2015.11.18-01.02.28:204][  0]LogContentBrowser: Native class hierarchy updated for 'SceneOutliner' in 0.0004 seconds. Added 1 classes and 2 folders.
[2015.11.18-01.02.28:348][  0]LogCrashTracker: Crashtracker disabled due to settings.
[2015.11.18-01.02.28:356][  0]LogUObjectGlobals:Warning: Failed to find object 'Class None.'
[2015.11.18-01.02.28:380][  0]LogStats:Warning: MetaData mismatch. Did you assign a stat to two groups? New //STATGROUP_Threads//SplashScreenThread///Thread_2880_0///####STATCAT_Advanced#### old //STATGROUP_Threads//SplashScreenThread///Thread_f9c_0///####STATCAT_Advanced####
[2015.11.18-01.02.28:380][  0]LogLoad: Full Startup: 49.36 seconds (BP compile: 0.43 seconds)
[2015.11.18-01.02.28:990][  0]LogContentStreaming: Texture pool size now 1000 MB
[2015.11.18-01.02.29:295][  0]LogRenderer: Reallocating scene render targets to support 1052x484 (Frame:2).
[2015.11.18-01.02.29:940][  7]LogAssetRegistry: Asset discovery search completed in 36.0617 seconds
[2015.11.18-01.02.29:940][  7]LogCollectionManager: Rebuilt the object cache for 0 collections in 0.000002 seconds (found 0 objects)
[2015.11.18-01.02.29:940][  7]LogCollectionManager: Fixed up redirectors for 0 collections in 0.000132 seconds (updated 0 objects)
[2015.11.18-01.02.35:605][285]LogRenderer: Reallocating scene render targets to support 1760x876 (Frame:207).
[2015.11.18-01.02.55:629][469]LogEditorViewport: Clicking on Actor (LMB): MatineeActor (FadeInEffect)
[2015.11.18-01.02.57:193][558]LogEditorViewport: Clicking on Actor (LMB): MatineeActor (FadeOutEffect)
[2015.11.18-01.03.10:190][278]LogSavePackage: Save=535.136963ms
[2015.11.18-01.03.10:190][278]LogSavePackage: Moving '../../../../../../Users/ntanc_000/Desktop/NightmareGame/TheGame/Saved/UEDPCHubA19231DA4EB312F95A28FDB980885D4C.tmp' to '../../../../../../Users/ntanc_000/Desktop/NightmareGame/TheGame/Saved/Autosaves/Game/ThirdPersonBP/Maps/UEDPCHub.umap'
[2015.11.18-01.03.10:194][278]LogSavePackage: Total save time: 581.437871ms
[2015.11.18-01.03.10:194][278]LogSavePackage:Warning: Finished SavePackage ../../../../../../Users/ntanc_000/Desktop/NightmareGame/TheGame/Saved/Autosaves/Game/ThirdPersonBP/Maps/UEDPCHub.umap
[2015.11.18-01.04.10:527][ 46]LogAIModule: Creating AISystem for world Cave
[2015.11.18-01.04.10:532][ 46]LogParticles:Warning: InitializeSystem called on an unregistered component. Template=/Game/InfinityBladeEffects/Effects/FX_Treasure/Gold_Bag/P_GoldSparkle_Bag_Lo_2.P_GoldSparkle_Bag_Lo_2 Component=/Game/ThirdPersonBP/Maps/Cave.Cave:PersistentLevel.Sphere_C_0.P_GoldSparkle_Bag_Lo_2
[2015.11.18-01.04.10:532][ 46]LogParticles:Warning: InitializeSystem called on an unregistered component. Template=/Game/InfinityBladeEffects/Effects/FX_Treasure/Gold_Bag/P_GoldSparkle_Bag_Lo_2.P_GoldSparkle_Bag_Lo_2 Component=/Game/ThirdPersonBP/Maps/Cave.Cave:PersistentLevel.TeddyBURRRRR_C_0.ParticleSystem
[2015.11.18-01.04.10:532][ 46]LogParticles:Warning: InitializeSystem called on an unregistered component. Template=/Game/InfinityBladeEffects/Effects/FX_Treasure/Resources/P_OrePile_Explosion_Success.P_OrePile_Explosion_Success Component=/Game/ThirdPersonBP/Maps/Cave.Cave:PersistentLevel.P_OrePile_Explosion_Success_12.ParticleSystemComponent0
[2015.11.18-01.04.10:541][ 46]LogParticles:Warning: InitializeSystem called on an unregistered component. Template=/Game/InfinityBladeEffects/Effects/FX_Treasure/Gold_Bag/P_GoldSparkle_Bag_Lo_2.P_GoldSparkle_Bag_Lo_2 Component=/Game/ThirdPersonBP/Maps/Cave.Cave:PersistentLevel.Sphere_C_0.P_GoldSparkle_Bag_Lo_2
[2015.11.18-01.04.10:541][ 46]LogParticles:Warning: InitializeSystem called on an unregistered component. Template=/Game/InfinityBladeEffects/Effects/FX_Treasure/Gold_Bag/P_GoldSparkle_Bag_Lo_2.P_GoldSparkle_Bag_Lo_2 Component=/Game/ThirdPersonBP/Maps/Cave.Cave:PersistentLevel.Sphere_C_0.P_GoldSparkle_Bag_Lo_2
[2015.11.18-01.04.10:541][ 46]LogParticles:Warning: InitializeSystem called on an unregistered component. Template=/Game/InfinityBladeEffects/Effects/FX_Treasure/Gold_Bag/P_GoldSparkle_Bag_Lo_2.P_GoldSparkle_Bag_Lo_2 Component=/Game/ThirdPersonBP/Maps/Cave.Cave:PersistentLevel.TeddyBURRRRR_C_0.ParticleSystem
[2015.11.18-01.04.10:542][ 46]LogParticles:Warning: InitializeSystem called on an unregistered component. Template=/Game/InfinityBladeEffects/Effects/FX_Treasure/Gold_Bag/P_GoldSparkle_Bag_Lo_2.P_GoldSparkle_Bag_Lo_2 Component=/Game/ThirdPersonBP/Maps/Cave.Cave:PersistentLevel.TeddyBURRRRR_C_0.ParticleSystem
[2015.11.18-01.04.10:604][ 46]Cmd: MAP LOAD FILE="../../../../../../Users/ntanc_000/Desktop/NightmareGame/TheGame/Content/ThirdPersonBP/Maps/Cave.umap" TEMPLATE=0 SHOWPROGRESS=1 FEATURELEVEL=3
[2015.11.18-01.04.10:604][ 46]LightingResults: New page: Lighting Build
[2015.11.18-01.04.10:624][ 46]LoadErrors: New page: Loading map: Cave.umap
[2015.11.18-01.04.10:626][ 46]MapCheck: New page: Map Check
[2015.11.18-01.04.10:626][ 46]LightingResults: New page: Lighting Build
[2015.11.18-01.04.10:640][ 46]LogParticles: Destroying 0 GPU particle simulations for FXSystem 0x000000DE43669440
[2015.11.18-01.04.10:721][ 46]LogEditorServer: Finished looking for orphan Actors (0.000 secs)
[2015.11.18-01.04.10:794][ 46]Cmd: MAP CHECKDEP NOCLEARLOG
[2015.11.18-01.04.10:927][ 46]MapCheck: Info Map check complete: 0 Error(s), 0 Warning(s), took 132.603ms to complete.
[2015.11.18-01.04.10:927][ 46]LogFileHelpers: Loading map 'Cave' took 0.325
[2015.11.18-01.06.47:523][312]LogEditorViewport: Clicking on Actor (LMB): CopperCube_C (CopperCube)
[2015.11.18-01.06.49:380][392]LogLinker:Warning: Asset '../../../Engine/Content/ArtTools/RenderToTexture/Macros/RenderToTextureMacros.uasset' has been saved with empty engine version. The asset will be loaded but may be incompatible.
[2015.11.18-01.06.49:931][392]LogContentBrowser: Native class hierarchy updated for 'BlueprintGraph' in 0.0008 seconds. Added 107 classes and 0 folders.
[2015.11.18-01.06.56:738][654]LogMaterial: Missing cached shader map for material M_Metal_Copper, compiling. 
[2015.11.18-01.06.56:929][654]LogMaterial: Missing cached shader map for material M_Metal_Copper, compiling. 
[2015.11.18-01.06.56:937][654]LogMaterial: 0.000344 seconds spent updating 1 materials, 1 interfaces, 0 instances, 0 with static permutations.
[2015.11.18-01.06.56:966][654]LogMaterial: Missing cached shader map for material FMatExpressionPreview MaterialExpressionTextureSample_47, compiling. 
[2015.11.18-01.06.56:970][654]LogMaterial: Missing cached shader map for material FMatExpressionPreview MaterialExpressionTextureSample_46, compiling. 
[2015.11.18-01.06.56:974][654]LogMaterial: Missing cached shader map for material FMatExpressionPreview MaterialExpressionTextureSample_49, compiling. 
[2015.11.18-01.06.56:978][654]LogMaterial: Missing cached shader map for material FMatExpressionPreview MaterialExpressionTextureSample_50, compiling. 
[2015.11.18-01.06.56:983][654]LogMaterial: Missing cached shader map for material FMatExpressionPreview MaterialExpressionTextureSample_51, compiling. 
[2015.11.18-01.06.56:987][654]LogMaterial: Missing cached shader map for material FMatExpressionPreview MaterialExpressionConstant3Vector_18, compiling. 
[2015.11.18-01.06.59:427][729]MaterialEditorStats: Info Base pass shader with static lighting: 89 instructions
[2015.11.18-01.06.59:427][729]MaterialEditorStats: Info Base pass shader with only dynamic lighting: 59 instructions
[2015.11.18-01.06.59:427][729]MaterialEditorStats: Info Vertex shader: 33 instructions
[2015.11.18-01.06.59:427][729]MaterialEditorStats: Info Texture samplers: 5/16
[2015.11.18-01.07.20:668][612]LogContentBrowser: Native class hierarchy updated for 'TextureEditor' in 0.0004 seconds. Added 1 classes and 2 folders.
[2015.11.18-01.07.34:326][185]LogMaterial: Missing cached shader map for material M_Metal_Copper, compiling. 
[2015.11.18-01.07.34:334][185]LogMaterial: 0.000301 seconds spent updating 1 materials, 1 interfaces, 0 instances, 0 with static permutations.
[2015.11.18-01.07.34:363][185]LogMaterial: Missing cached shader map for material FMatExpressionPreview MaterialExpressionConstant3Vector_18, compiling. 
[2015.11.18-01.07.36:308][241]MaterialEditorStats: Info Base pass shader with static lighting: 89 instructions
[2015.11.18-01.07.36:308][241]MaterialEditorStats: Info Base pass shader with only dynamic lighting: 59 instructions
[2015.11.18-01.07.36:309][241]MaterialEditorStats: Info Vertex shader: 33 instructions
[2015.11.18-01.07.36:309][241]MaterialEditorStats: Info Texture samplers: 5/16
[2015.11.18-01.07.39:196][351]LogEditorTransaction: Undo Modify Color Picker Value
[2015.11.18-01.07.39:202][351]LogMaterial: Missing cached shader map for material M_Metal_Copper, compiling. 
[2015.11.18-01.07.39:234][351]LogMaterial: Missing cached shader map for material M_Metal_Copper, compiling. 
[2015.11.18-01.07.39:246][351]LogMaterial: 0.000071 seconds spent updating 1 materials, 1 interfaces, 0 instances, 0 with static permutations.
[2015.11.18-01.07.39:271][351]LogMaterial: Missing cached shader map for material FMatExpressionPreview MaterialExpressionConstant3Vector_18, compiling. 
[2015.11.18-01.07.40:822][385]MaterialEditorStats: Info Base pass shader with static lighting: 89 instructions
[2015.11.18-01.07.40:822][385]MaterialEditorStats: Info Base pass shader with only dynamic lighting: 59 instructions
[2015.11.18-01.07.40:822][385]MaterialEditorStats: Info Vertex shader: 33 instructions
[2015.11.18-01.07.40:823][385]MaterialEditorStats: Info Texture samplers: 5/16
[2015.11.18-01.42.34:324][168]LogActorComponent: UnregisterComponent: (/Engine/Transient.CharMoveComp) Not registered. Aborting.
[2015.11.18-01.42.34:362][168]LogParticles: Destroying 0 GPU particle simulations for FXSystem 0x000000DE60A17740
[2015.11.18-01.42.34:633][168]LogWindowsTextInputMethodSystem:Display: IME system now deactivated.
[2015.11.18-01.42.34:633][168]LogWindowsTextInputMethodSystem:Display: IME system now deactivated.
[2015.11.18-01.42.35:025][169]Cmd: QUIT_EDITOR
[2015.11.18-01.42.35:370][169]LogExit: Preparing to exit.
[2015.11.18-01.42.36:058][169]LogExit: Editor shut down
[2015.11.18-01.42.36:058][169]LogExit: Transaction tracking system shut down
[2015.11.18-01.42.36:063][169]LogParticles: Destroying 0 GPU particle simulations for FXSystem 0x000000DE4363A200
[2015.11.18-01.42.36:066][169]LogParticles: Destroying 0 GPU particle simulations for FXSystem 0x000000DE374AD4E0
[2015.11.18-01.42.36:068][169]LogParticles: Destroying 0 GPU particle simulations for FXSystem 0x000000DE50F2BE20
[2015.11.18-01.42.36:068][169]LogParticles: Destroying 0 GPU particle simulations for FXSystem 0x000000DE36EB84A0
[2015.11.18-01.42.36:068][169]LogParticles: Destroying 0 GPU particle simulations for FXSystem 0x000000DE4F1482C0
[2015.11.18-01.42.36:069][169]LogParticles: Destroying 0 GPU particle simulations for FXSystem 0x000000DE58581C60
[2015.11.18-01.42.36:071][169]LogParticles: Destroying 0 GPU particle simulations for FXSystem 0x000000DE6A9BC5E0
[2015.11.18-01.42.36:285][169]LogExit: Object subsystem successfully closed.
[2015.11.18-01.42.36:292][169]LogD3D11RHI: Shutdown
[2015.11.18-01.42.36:292][169]LogD3D11RHI: CleanupD3DDevice
[2015.11.18-01.42.36:399][169]LogD3D11RHI: ~FD3D11DynamicRHI
[2015.11.18-01.42.36:428][169]LogModuleManager: Shutting down and abandoning module TextureEditor (200)
[2015.11.18-01.42.36:428][169]LogModuleManager: Shutting down and abandoning module MaterialEditor (199)
[2015.11.18-01.42.36:428][169]LogModuleManager: Shutting down and abandoning module BlueprintGraph (198)
[2015.11.18-01.42.36:428][169]LogModuleManager: Shutting down and abandoning module CrashTracker (197)
[2015.11.18-01.42.36:428][169]LogModuleManager: Shutting down and abandoning module SceneOutliner (196)
[2015.11.18-01.42.36:428][169]LogModuleManager: Shutting down and abandoning module SuperSearch (195)
[2015.11.18-01.42.36:428][169]LogModuleManager: Shutting down and abandoning module WidgetCarousel (194)
[2015.11.18-01.42.36:428][169]LogModuleManager: Shutting down and abandoning module AddContentDialog (193)
[2015.11.18-01.42.36:431][169]LogModuleManager: Shutting down and abandoning module EditorWidgets (192)
[2015.11.18-01.42.36:431][169]LogModuleManager: Shutting down and abandoning module CollectionManager (191)
[2015.11.18-01.42.36:431][169]LogModuleManager: Shutting down and abandoning module StatsViewer (190)
[2015.11.18-01.42.36:432][169]LogModuleManager: Shutting down and abandoning module FoliageEdit (189)
[2015.11.18-01.42.36:432][169]LogModuleManager: Shutting down and abandoning module LandscapeEditor (188)
[2015.11.18-01.42.36:432][169]LogModuleManager: Shutting down and abandoning module ActorPickerMode (187)
[2015.11.18-01.42.36:432][169]LogModuleManager: Shutting down and abandoning module GeometryMode (186)
[2015.11.18-01.42.36:433][169]LogModuleManager: Shutting down and abandoning module TextureAlignMode (185)
[2015.11.18-01.42.36:433][169]LogModuleManager: Shutting down and abandoning module BspMode (184)
[2015.11.18-01.42.36:433][169]LogModuleManager: Shutting down and abandoning module PlacementMode (183)
[2015.11.18-01.42.36:433][169]LogModuleManager: Shutting down and abandoning module AutomationWorker (182)
[2015.11.18-01.42.36:433][169]LogModuleManager: Shutting down and abandoning module CharacterAI (181)
[2015.11.18-01.42.36:433][169]LogModuleManager: Shutting down and abandoning module SmartSnapping (180)
[2015.11.18-01.42.36:433][169]LogModuleManager: Shutting down and abandoning module ViewportSnapping (179)
[2015.11.18-01.42.36:433][169]LogModuleManager: Shutting down and abandoning module LogVisualizer (178)
[2015.11.18-01.42.36:433][169]LogModuleManager: Shutting down and abandoning module GameProjectGeneration (177)
[2015.11.18-01.42.36:434][169]LogModuleManager: Shutting down and abandoning module IntroTutorials (176)
[2015.11.18-01.42.36:434][169]LogModuleManager: Shutting down and abandoning module EditorLiveStreaming (175)
[2015.11.18-01.42.36:434][169]LogModuleManager: Shutting down and abandoning module IOSPlatformEditor (174)
[2015.11.18-01.42.36:434][169]LogModuleManager: Shutting down and abandoning module HTML5PlatformEditor (173)
[2015.11.18-01.42.36:434][169]LogModuleManager: Shutting down and abandoning module AndroidDeviceDetection (172)
[2015.11.18-01.42.37:007][169]LogModuleManager: Shutting down and abandoning module AndroidPlatformEditor (171)
[2015.11.18-01.42.37:007][169]LogModuleManager: Shutting down and abandoning module IOSRuntimeSettings (170)
[2015.11.18-01.42.37:007][169]LogModuleManager: Shutting down and abandoning module AndroidRuntimeSettings (169)
[2015.11.18-01.42.37:007][169]LogModuleManager: Shutting down and abandoning module MergeActors (168)
[2015.11.18-01.42.37:007][169]LogModuleManager: Shutting down and abandoning module SizeMap (167)
[2015.11.18-01.42.37:007][169]LogModuleManager: Shutting down and abandoning module TreeMap (166)
[2015.11.18-01.42.37:007][169]LogModuleManager: Shutting down and abandoning module ReferenceViewer (165)
[2015.11.18-01.42.37:007][169]LogModuleManager: Shutting down and abandoning module LocalizationService (164)
[2015.11.18-01.42.37:008][169]LogModuleManager: Shutting down and abandoning module LocalizationDashboard (163)
[2015.11.18-01.42.37:008][169]LogModuleManager: Shutting down and abandoning module HardwareTargeting (162)
[2015.11.18-01.42.37:008][169]LogModuleManager: Shutting down and abandoning module DeviceProfileEditor (161)
[2015.11.18-01.42.37:008][169]LogModuleManager: Shutting down and abandoning module UndoHistory (160)
[2015.11.18-01.42.37:008][169]LogModuleManager: Shutting down and abandoning module GameplayTagsEditor (159)
[2015.11.18-01.42.37:008][169]LogModuleManager: Shutting down and abandoning module UserFeedback (158)
[2015.11.18-01.42.37:008][169]LogModuleManager: Shutting down and abandoning module XmlParser (157)
[2015.11.18-01.42.37:008][169]LogModuleManager: Shutting down and abandoning module Blutility (156)
[2015.11.18-01.42.37:008][169]LogModuleManager: Shutting down and abandoning module ProjectTargetPlatformEditor (155)
[2015.11.18-01.42.37:008][169]LogModuleManager: Shutting down and abandoning module ProjectSettingsViewer (154)
[2015.11.18-01.42.37:008][169]LogModuleManager: Shutting down and abandoning module InputBindingEditor (153)
[2015.11.18-01.42.37:009][169]LogModuleManager: Shutting down and abandoning module EditorSettingsViewer (152)
[2015.11.18-01.42.37:009][169]LogModuleManager: Shutting down and abandoning module SettingsEditor (151)
[2015.11.18-01.42.37:009][169]LogModuleManager: Shutting down and abandoning module ProjectLauncher (150)
[2015.11.18-01.42.37:009][169]LogModuleManager: Shutting down and abandoning module SessionFrontend (149)
[2015.11.18-01.42.37:009][169]LogModuleManager: Shutting down and abandoning module ProfilerClient (148)
[2015.11.18-01.42.37:009][169]LogModuleManager: Shutting down and abandoning module TargetDeviceServices (147)
[2015.11.18-01.42.37:010][169]LogModuleManager: Shutting down and abandoning module DeviceManager (146)
[2015.11.18-01.42.37:010][169]LogModuleManager: Shutting down and abandoning module AutomationController (145)
[2015.11.18-01.42.37:010][169]LogModuleManager: Shutting down and abandoning module AutomationWindow (144)
[2015.11.18-01.42.37:010][169]LogModuleManager: Shutting down and abandoning module Layers (143)
[2015.11.18-01.42.37:010][169]LogModuleManager: Shutting down and abandoning module ComponentVisualizers (142)
[2015.11.18-01.42.37:010][169]LogModuleManager: Shutting down and abandoning module DetailCustomizations (141)
[2015.11.18-01.42.37:010][169]LogModuleManager: Shutting down and abandoning module PackagesDialog (140)
[2015.11.18-01.42.37:011][169]LogModuleManager: Shutting down and abandoning module Persona (139)
[2015.11.18-01.42.37:011][169]LogModuleManager: Shutting down and abandoning module Kismet (138)
[2015.11.18-01.42.37:011][169]LogModuleManager: Shutting down and abandoning module GraphEditor (137)
[2015.11.18-01.42.37:012][169]LogModuleManager: Shutting down and abandoning module ClassViewer (136)
[2015.11.18-01.42.37:012][169]LogModuleManager: Shutting down and abandoning module Toolbox (135)
[2015.11.18-01.42.37:012][169]LogModuleManager: Shutting down and abandoning module ModuleUI (134)
[2015.11.18-01.42.37:012][169]LogModuleManager: Shutting down and abandoning module MovieSceneTools (133)
[2015.11.18-01.42.37:012][169]LogModuleManager: Shutting down and abandoning module OutputLog (132)
[2015.11.18-01.42.37:012][169]LogModuleManager: Shutting down and abandoning module GammaUI (131)
[2015.11.18-01.42.37:012][169]LogModuleManager: Shutting down and abandoning module Documentation (130)
[2015.11.18-01.42.37:013][169]LogModuleManager: Shutting down and abandoning module GameLiveStreaming (129)
[2015.11.18-01.42.37:013][169]LogModuleManager: Shutting down and abandoning module StreamingPauseRendering (128)
[2015.11.18-01.42.37:013][169]LogModuleManager: Shutting down and abandoning module AnalyticsET (127)
[2015.11.18-01.42.37:013][169]LogModuleManager: Shutting down and abandoning module Analytics (126)
[2015.11.18-01.42.37:013][169]LogModuleManager: Shutting down and abandoning module AITestSuite (125)
[2015.11.18-01.42.37:013][169]LogModuleManager: Shutting down and abandoning module GameplayDebugger (124)
[2015.11.18-01.42.37:013][169]LogModuleManager: Shutting down and abandoning module AIModule (123)
[2015.11.18-01.42.37:014][169]LogModuleManager: Shutting down and abandoning module ProfilerService (122)
[2015.11.18-01.42.37:200][169]LogModuleManager: Shutting down and abandoning module TaskGraph (121)
[2015.11.18-01.42.37:200][169]LogModuleManager: Shutting down and abandoning module SlateRemote (120)
[2015.11.18-01.42.37:200][169]LogModuleManager: Shutting down and abandoning module SteamVRController (119)
[2015.11.18-01.42.37:200][169]LogModuleManager: Shutting down and abandoning module SteamVR (118)
[2015.11.18-01.42.37:200][169]LogModuleManager: Shutting down and abandoning module ProceduralMeshComponent (117)
[2015.11.18-01.42.37:200][169]LogModuleManager: Shutting down and abandoning module OculusRift (116)
[2015.11.18-01.42.37:200][169]LogModuleManager: Shutting down and abandoning module OculusLibrary (115)
[2015.11.18-01.42.37:200][169]LogModuleManager: Shutting down and abandoning module LeapMotionController (114)
[2015.11.18-01.42.37:249][169]LogModuleManager: Shutting down and abandoning module CustomMeshComponent (113)
[2015.11.18-01.42.37:249][169]LogModuleManager: Shutting down and abandoning module CableComponent (112)
[2015.11.18-01.42.37:249][169]LogModuleManager: Shutting down and abandoning module ArchVisCharacter (111)
[2015.11.18-01.42.37:249][169]LogModuleManager: Shutting down and abandoning module MessagingDebugger (110)
[2015.11.18-01.42.37:249][169]LogModuleManager: Shutting down and abandoning module MediaPlayerEditor (109)
[2015.11.18-01.42.37:249][169]LogModuleManager: Shutting down and abandoning module HTML5Networking (108)
[2015.11.18-01.42.37:249][169]LogModuleManager: Shutting down and abandoning module SpeedTreeImporter (107)
[2015.11.18-01.42.37:249][169]LogModuleManager: Shutting down and abandoning module PluginBrowser (106)
[2015.11.18-01.42.37:249][169]LogModuleManager: Shutting down and abandoning module EpicSurvey (105)
[2015.11.18-01.42.37:249][169]LogModuleManager: Shutting down and abandoning module DesktopPlatform (104)
[2015.11.18-01.42.37:249][169]LogModuleManager: Shutting down and abandoning module VisualStudioSourceCodeAccess (103)
[2015.11.18-01.42.37:249][169]LogModuleManager: Shutting down and abandoning module UObjectPlugin (102)
[2015.11.18-01.42.37:249][169]LogModuleManager: Shutting down and abandoning module SubversionSourceControl (101)
[2015.11.18-01.42.37:249][169]LogModuleManager: Shutting down and abandoning module PerforceSourceControl (100)
[2015.11.18-01.42.37:249][169]LogModuleManager: Shutting down and abandoning module SourceControl (99)
[2015.11.18-01.42.37:250][169]LogModuleManager: Shutting down and abandoning module GitSourceControl (98)
[2015.11.18-01.42.37:250][169]LogModuleManager: Shutting down and abandoning module LightPropagationVolumeEditor (97)
[2015.11.18-01.42.37:250][169]LogModuleManager: Shutting down and abandoning module PaperTiledImporter (96)
[2015.11.18-01.42.37:250][169]LogModuleManager: Shutting down and abandoning module PaperSpriteSheetImporter (95)
[2015.11.18-01.42.37:250][169]LogModuleManager: Shutting down and abandoning module MeshPaint (94)
[2015.11.18-01.42.37:250][169]LogModuleManager: Shutting down and abandoning module SlateReflector (93)
[2015.11.18-01.42.37:250][169]LogModuleManager: Shutting down and abandoning module HotReload (92)
[2015.11.18-01.42.37:250][169]LogModuleManager: Shutting down and abandoning module MainFrame (91)
[2015.11.18-01.42.37:250][169]LogModuleManager: Shutting down and abandoning module LevelEditor (90)
[2015.11.18-01.42.37:251][169]LogModuleManager: Shutting down and abandoning module DirectoryWatcher (89)
[2015.11.18-01.42.37:255][169]LogModuleManager: Shutting down and abandoning module AssetRegistry (88)
[2015.11.18-01.42.37:433][169]LogModuleManager: Shutting down and abandoning module ContentBrowser (87)
[2015.11.18-01.42.37:434][169]LogModuleManager: Shutting down and abandoning module Paper2DEditor (86)
[2015.11.18-01.42.37:434][169]LogModuleManager: Shutting down and abandoning module UdpMessaging (85)
[2015.11.18-01.42.37:536][169]LogModuleManager: Shutting down and abandoning module LightPropagationVolumeRuntime (84)
[2015.11.18-01.42.37:536][169]LogModuleManager: Shutting down and abandoning module Paper2D (83)
[2015.11.18-01.42.37:536][169]LogModuleManager: Shutting down and abandoning module WindowsMoviePlayer (82)
[2015.11.18-01.42.37:536][169]LogModuleManager: Shutting down and abandoning module Media (81)
[2015.11.18-01.42.37:536][169]LogModuleManager: Shutting down and abandoning module WmfMedia (80)
[2015.11.18-01.42.37:536][169]LogModuleManager: Shutting down and abandoning module OnlineBlueprintSupport (79)
[2015.11.18-01.42.37:536][169]LogModuleManager: Shutting down and abandoning module GameplayTasksEditor (78)
[2015.11.18-01.42.37:536][169]LogModuleManager: Shutting down and abandoning module PropertyEditor (77)
[2015.11.18-01.42.37:537][169]LogModuleManager: Shutting down and abandoning module BehaviorTreeEditor (76)
[2015.11.18-01.42.37:537][169]LogModuleManager: Shutting down and abandoning module FunctionalTesting (75)
[2015.11.18-01.42.37:537][169]LogModuleManager: Shutting down and abandoning module CollisionAnalyzer (74)
[2015.11.18-01.42.37:537][169]LogModuleManager: Shutting down and abandoning module WorkspaceMenuStructure (73)
[2015.11.18-01.42.37:537][169]LogModuleManager: Shutting down and abandoning module MessageLog (72)
[2015.11.18-01.42.37:537][169]LogModuleManager: Shutting down and abandoning module Sequencer (71)
[2015.11.18-01.42.37:538][169]LogModuleManager: Shutting down and abandoning module AssetTools (70)
[2015.11.18-01.42.37:539][169]LogModuleManager: Shutting down and abandoning module UMGEditor (69)
[2015.11.18-01.42.37:539][169]LogModuleManager: Shutting down and abandoning module UMG (68)
[2015.11.18-01.42.37:539][169]LogModuleManager: Shutting down and abandoning module Slate (67)
[2015.11.18-01.42.37:539][169]LogModuleManager: Shutting down and abandoning module EditorStyle (66)
[2015.11.18-01.42.37:544][169]LogModuleManager: Shutting down and abandoning module SessionServices (65)
[2015.11.18-01.42.37:544][169]LogModuleManager: Shutting down and abandoning module SourceCodeAccess (64)
[2015.11.18-01.42.37:544][169]LogModuleManager: Shutting down and abandoning module HeadMountedDisplay (63)
[2015.11.18-01.42.37:544][169]LogModuleManager: Shutting down and abandoning module XAudio2 (62)
[2015.11.18-01.42.37:544][169]LogModuleManager: Shutting down and abandoning module Networking (60)
[2015.11.18-01.42.37:544][169]LogModuleManager: Shutting down and abandoning module Core (59)
[2015.11.18-01.42.37:544][169]LogModuleManager: Shutting down and abandoning module KismetCompiler (58)
[2015.11.18-01.42.37:544][169]LogModuleManager: Shutting down and abandoning module PhysXFormats (57)
[2015.11.18-01.42.37:544][169]LogModuleManager: Shutting down and abandoning module MeshUtilities (56)
[2015.11.18-01.42.37:544][169]LogModuleManager: Shutting down and abandoning module CookingStats (55)
[2015.11.18-01.42.37:547][169]LogModuleManager: Shutting down and abandoning module DerivedDataCache (54)
[2015.11.18-01.42.37:572][169]LogDerivedDataCache: Shutdown
[2015.11.18-01.42.37:572][169]LogModuleManager: Shutting down and abandoning module ShaderFormatOpenGL (53)
[2015.11.18-01.42.37:572][169]LogModuleManager: Shutting down and abandoning module ShaderFormatD3D (52)
[2015.11.18-01.42.37:572][169]LogModuleManager: Shutting down and abandoning module MetalShaderFormat (51)
[2015.11.18-01.42.37:572][169]LogModuleManager: Shutting down and abandoning module TextureFormatUncompressed (50)
[2015.11.18-01.42.37:572][169]LogModuleManager: Shutting down and abandoning module TextureFormatPVR (49)
[2015.11.18-01.42.37:572][169]LogModuleManager: Shutting down and abandoning module TextureFormatIntelISPCTexComp (48)
[2015.11.18-01.42.37:572][169]LogModuleManager: Shutting down and abandoning module TextureFormatDXT (47)
[2015.11.18-01.42.37:572][169]LogModuleManager: Shutting down and abandoning module ImageWrapper (46)
[2015.11.18-01.42.37:572][169]LogModuleManager: Shutting down and abandoning module TextureFormatASTC (45)
[2015.11.18-01.42.37:572][169]LogModuleManager: Shutting down and abandoning module TextureFormatAndroid (44)
[2015.11.18-01.42.37:572][169]LogModuleManager: Shutting down and abandoning module AudioFormatOpus (43)
[2015.11.18-01.42.37:572][169]LogModuleManager: Shutting down and abandoning module AudioFormatOgg (42)
[2015.11.18-01.42.37:572][169]LogModuleManager: Shutting down and abandoning module AudioFormatADPCM (41)
[2015.11.18-01.42.37:572][169]LogModuleManager: Shutting down and abandoning module LinuxTargetPlatform (40)
[2015.11.18-01.42.37:572][169]LogModuleManager: Shutting down and abandoning module LinuxServerTargetPlatform (39)
[2015.11.18-01.42.37:572][169]LogModuleManager: Shutting down and abandoning module LinuxNoEditorTargetPlatform (38)
[2015.11.18-01.42.37:572][169]LogModuleManager: Shutting down and abandoning module Messaging (37)
[2015.11.18-01.42.37:572][169]LogModuleManager: Shutting down and abandoning module IOSTargetPlatform (36)
[2015.11.18-01.42.37:572][169]LogModuleManager: Shutting down and abandoning module HTML5TargetPlatform (35)
[2015.11.18-01.42.37:572][169]LogModuleManager: Shutting down and abandoning module Android_PVRTCTargetPlatform (34)
[2015.11.18-01.42.37:572][169]LogModuleManager: Shutting down and abandoning module Android_ETC2TargetPlatform (33)
[2015.11.18-01.42.37:572][169]LogModuleManager: Shutting down and abandoning module Android_ETC1TargetPlatform (32)
[2015.11.18-01.42.37:572][169]LogModuleManager: Shutting down and abandoning module Android_DXTTargetPlatform (31)
[2015.11.18-01.42.37:572][169]LogModuleManager: Shutting down and abandoning module Android_ATCTargetPlatform (30)
[2015.11.18-01.42.37:572][169]LogModuleManager: Shutting down and abandoning module Android_ASTCTargetPlatform (29)
[2015.11.18-01.42.37:572][169]LogModuleManager: Shutting down and abandoning module AndroidTargetPlatform (28)
[2015.11.18-01.42.37:572][169]LogModuleManager: Shutting down and abandoning module WindowsTargetPlatform (27)
[2015.11.18-01.42.37:572][169]LogModuleManager: Shutting down and abandoning module WindowsServerTargetPlatform (26)
[2015.11.18-01.42.37:572][169]LogModuleManager: Shutting down and abandoning module WindowsNoEditorTargetPlatform (25)
[2015.11.18-01.42.37:572][169]LogModuleManager: Shutting down and abandoning module WindowsClientTargetPlatform (24)
[2015.11.18-01.42.37:572][169]LogModuleManager: Shutting down and abandoning module AllDesktopTargetPlatform (23)
[2015.11.18-01.42.37:572][169]LogModuleManager: Shutting down and abandoning module TargetPlatform (22)
[2015.11.18-01.42.37:572][169]LogModuleManager: Shutting down and abandoning module InputCore (21)
[2015.11.18-01.42.37:572][169]LogModuleManager: Shutting down and abandoning module Settings (20)
[2015.11.18-01.42.37:572][169]LogModuleManager: Shutting down and abandoning module OnlineSubsystem (18)
[2015.11.18-01.42.37:572][169]LogModuleManager: Shutting down and abandoning module HTTP (17)
[2015.11.18-01.42.39:578][169]LogModuleManager: Shutting down and abandoning module XMPP (16)
[2015.11.18-01.42.39:579][169]LogModuleManager: Shutting down and abandoning module ExampleDeviceProfileSelector (15)
[2015.11.18-01.42.39:579][169]LogModuleManager: Shutting down and abandoning module TextureCompressor (14)
[2015.11.18-01.42.39:579][169]LogModuleManager: Shutting down and abandoning module ShaderCore (13)
[2015.11.18-01.42.39:579][169]LogModuleManager: Shutting down and abandoning module Landscape (12)
[2015.11.18-01.42.39:579][169]LogModuleManager: Shutting down and abandoning module SlateRHIRenderer (11)
[2015.11.18-01.42.39:587][169]LogModuleManager: Shutting down and abandoning module OpenGLDrv (10)
[2015.11.18-01.42.39:587][169]LogModuleManager: Shutting down and abandoning module D3D11RHI (9)
[2015.11.18-01.42.39:587][169]LogModuleManager: Shutting down and abandoning module AnimGraphRuntime (8)
[2015.11.18-01.42.39:587][169]LogModuleManager: Shutting down and abandoning module Renderer (7)
[2015.11.18-01.42.39:587][169]LogModuleManager: Shutting down and abandoning module Engine (6)
[2015.11.18-01.42.39:587][169]LogModuleManager: Shutting down and abandoning module CoreUObject (5)
[2015.11.18-01.42.39:587][169]LogModuleManager: Shutting down and abandoning module NetworkFile (4)
[2015.11.18-01.42.39:587][169]LogModuleManager: Shutting down and abandoning module StreamingFile (3)
[2015.11.18-01.42.39:587][169]LogModuleManager: Shutting down and abandoning module SandboxFile (2)
[2015.11.18-01.42.39:587][169]LogModuleManager: Shutting down and abandoning module PakFile (1)
[2015.11.18-01.42.39:588][169]LogExit: Exiting.
[2015.11.18-01.42.39:635][169]Log file closed, 11/17/15 20:42:39
