[2015.11.22-19.30.38:597][  0]Log file open, 11/22/15 14:30:38
[2015.11.22-19.30.38:597][  0]LogInit:Display: Running engine for game: NightmareGame
[2015.11.22-19.30.38:598][  0]LogInit:Display: RandInit(2123325245) SRandInit(2123325245).
[2015.11.22-19.30.38:598][  0]LogTaskGraph: Started task graph with 4 named threads and 7 total threads.
[2015.11.22-19.30.38:598][  0]LogStats: Stats thread started at 0.086713
[2015.11.22-19.30.38:598][  0]LogInit: Version: 4.9.2-2707645+++depot+UE4-Releases+4.9
[2015.11.22-19.30.38:598][  0]LogInit: API Version: 2672455
[2015.11.22-19.30.38:598][  0]LogInit: Compiled (64-bit): Sep 28 2015 10:25:44
[2015.11.22-19.30.38:598][  0]LogInit: Compiled with Visual C++: 18.00.21005.01
[2015.11.22-19.30.38:598][  0]LogInit: Build Configuration: Development
[2015.11.22-19.30.38:598][  0]LogInit: Branch Name: ++depot+UE4-Releases+4.9
[2015.11.22-19.30.38:598][  0]LogInit: Command line:  
[2015.11.22-19.30.38:598][  0]LogInit: Base directory: C:/Program Files/Epic Games/4.9/Engine/Binaries/Win64/
[2015.11.22-19.30.38:598][  0]LogInit: Rocket: 1
[2015.11.22-19.30.38:622][  0]LogInit: Using libcurl 7.41.0
[2015.11.22-19.30.38:622][  0]LogInit:  - built for x86_64-pc-win32
[2015.11.22-19.30.38:622][  0]LogInit:  - supports SSL with WinSSL
[2015.11.22-19.30.38:622][  0]LogInit:  - other features:
[2015.11.22-19.30.38:622][  0]LogInit:      CURL_VERSION_SSL
[2015.11.22-19.30.38:622][  0]LogInit:      CURL_VERSION_IPV6
[2015.11.22-19.30.38:622][  0]LogInit:      CURL_VERSION_ASYNCHDNS
[2015.11.22-19.30.38:622][  0]LogInit:      CURL_VERSION_LARGEFILE
[2015.11.22-19.30.38:622][  0]LogInit:      CURL_VERSION_IDN
[2015.11.22-19.30.38:622][  0]LogInit:  CurlRequestOptions (configurable via config and command line):
[2015.11.22-19.30.38:622][  0]LogInit:  - bVerifyPeer = true  - Libcurl will verify peer certificate
[2015.11.22-19.30.38:622][  0]LogInit:  - bUseHttpProxy = false  - Libcurl will NOT use HTTP proxy
[2015.11.22-19.30.38:622][  0]LogInit:  - bDontReuseConnections = false  - Libcurl will reuse connections
[2015.11.22-19.30.38:622][  0]LogInit:  - CertBundlePath = nullptr  - Libcurl will use whatever was configured at build time.
[2015.11.22-19.30.38:635][  0]LogInit: Presizing for 0 objects not considered by GC, pre-allocating 0 bytes.
[2015.11.22-19.30.38:644][  0]LogInit: Object subsystem initialized
[2015.11.22-19.30.38:646][  0]LogInit: Selected Device Profile: [Windows]
[2015.11.22-19.30.38:646][  0]LogInit: Applying CVar settings loaded from the selected device profile: [Windows]
[2015.11.22-19.30.38:695][  0]LogInit: Computer: NICKSCOMPUTER
[2015.11.22-19.30.38:695][  0]LogInit: User: ntanc000
[2015.11.22-19.30.38:695][  0]LogInit: CPU Page size=4096, Cores=4
[2015.11.22-19.30.38:695][  0]LogInit: High frequency timer resolution =2.537588 MHz
[2015.11.22-19.30.38:695][  0]LogMemory: Memory total: Physical=15.9GB (16GB approx)
[2015.11.22-19.30.38:696][  0]LogMemory: Platform Memory Stats for Windows
[2015.11.22-19.30.38:696][  0]LogMemory: Process Physical Memory: 52.98 MB used, 52.98 MB peak
[2015.11.22-19.30.38:696][  0]LogMemory: Process Virtual Memory: 55.07 MB used, 55.07 MB peak
[2015.11.22-19.30.38:696][  0]LogMemory: Physical Memory: 4117.03 MB used, 16269.45 MB total
[2015.11.22-19.30.38:696][  0]LogMemory: Virtual Memory: 360.18 MB used, 134217728.00 MB total
[2015.11.22-19.30.39:124][  0]LogTextLocalizationManager: No specific translations for ('en-US') exist, so ('en') translations will be used.
[2015.11.22-19.30.40:241][  0]LogD3D11RHI: Found D3D11 adapter 0: NVIDIA GeForce GTX 980M (Feature Level 11_0)
[2015.11.22-19.30.40:241][  0]LogD3D11RHI: Adapter has 3981MB of dedicated video memory, 0MB of dedicated system memory, and 8134MB of shared system memory, 1 output[s]
[2015.11.22-19.30.40:251][  0]LogD3D11RHI: Found D3D11 adapter 1: Intel(R) HD Graphics 4600 (Feature Level 11_0)
[2015.11.22-19.30.40:251][  0]LogD3D11RHI: Adapter has 32MB of dedicated video memory, 0MB of dedicated system memory, and 1760MB of shared system memory, 0 output[s]
[2015.11.22-19.30.40:252][  0]LogD3D11RHI: Found D3D11 adapter 2: Microsoft Basic Render Driver (Feature Level 11_0)
[2015.11.22-19.30.40:252][  0]LogD3D11RHI: Adapter has 0MB of dedicated video memory, 0MB of dedicated system memory, and 256MB of shared system memory, 0 output[s]
[2015.11.22-19.30.40:252][  0]LogD3D11RHI: Chosen D3D11 Adapter Id = 0
[2015.11.22-19.30.40:262][  0]LogD3D11RHI: !Direct3DDevice
[2015.11.22-19.30.40:262][  0]LogRHI: Texture pool is 1361 MB (70% of 1945 MB)
[2015.11.22-19.30.40:304][  0]LogD3D11RHI: Async texture creation enabled
[2015.11.22-19.30.40:333][  0]LogShaderCompilers: Guid format shader working directory is 14 characters bigger than the processId version (../../../../../../Users/ntanc_000/Desktop/NightmareGame/TheGame/Intermediate/Shaders/WorkingDirectory/15212/).
[2015.11.22-19.30.40:334][  0]LogShaderCompilers: Cleaned the shader compiler working directory '../../../../../../Users/ntanc_000/Desktop/NightmareGame/TheGame/Intermediate/Shaders/tmp/9E8EB3B64F5F001220783D8588D38BD8/'.
[2015.11.22-19.30.40:334][  0]LogShaderCompilers:Display: Using Local Shader Compiler.
[2015.11.22-19.30.42:466][  0]LogTemp:Display: Loaded TP AllDesktopTargetPlatform
[2015.11.22-19.30.42:471][  0]LogTemp:Display: Loaded TP WindowsClientTargetPlatform
[2015.11.22-19.30.42:478][  0]LogTemp:Display: Loaded TP WindowsNoEditorTargetPlatform
[2015.11.22-19.30.42:484][  0]LogTemp:Display: Loaded TP WindowsServerTargetPlatform
[2015.11.22-19.30.42:490][  0]LogTemp:Display: Loaded TP WindowsTargetPlatform
[2015.11.22-19.30.42:497][  0]LogTemp:Display: Loaded TP AndroidTargetPlatform
[2015.11.22-19.30.42:502][  0]LogTemp:Display: Loaded TP Android_ASTCTargetPlatform
[2015.11.22-19.30.42:506][  0]LogTemp:Display: Loaded TP Android_ATCTargetPlatform
[2015.11.22-19.30.42:510][  0]LogTemp:Display: Loaded TP Android_DXTTargetPlatform
[2015.11.22-19.30.42:514][  0]LogTemp:Display: Loaded TP Android_ETC1TargetPlatform
[2015.11.22-19.30.42:518][  0]LogTemp:Display: Loaded TP Android_ETC2TargetPlatform
[2015.11.22-19.30.42:523][  0]LogTemp:Display: Loaded TP Android_PVRTCTargetPlatform
[2015.11.22-19.30.42:524][  0]LogTemp:Display: Loaded TP HTML5TargetPlatform
[2015.11.22-19.30.42:547][  0]LogTemp:Display: Loaded TP IOSTargetPlatform
[2015.11.22-19.30.42:552][  0]LogTemp:Display: Loaded TP LinuxNoEditorTargetPlatform
[2015.11.22-19.30.42:557][  0]LogTemp:Display: Loaded TP LinuxServerTargetPlatform
[2015.11.22-19.30.42:565][  0]LogTemp:Display: Loaded TP LinuxTargetPlatform
[2015.11.22-19.30.42:565][  0]LogTargetPlatformManager:Display: Building Assets For Windows
[2015.11.22-19.30.42:684][  0]LogDerivedDataCache:Display: Max Cache Size: 512 MB
[2015.11.22-19.30.42:770][  0]LogDerivedDataCache: Loaded boot cache 0.09s 41MB C:/Users/ntanc_000/AppData/Local/UnrealEngine/4.9/DerivedDataCache/Boot.ddc.
[2015.11.22-19.30.42:770][  0]LogDerivedDataCache:Display: Loaded Boot cache: C:/Users/ntanc_000/AppData/Local/UnrealEngine/4.9/DerivedDataCache/Boot.ddc
[2015.11.22-19.30.42:770][  0]LogDerivedDataCache: FDerivedDataBackendGraph:  Pak pak cache file ../../../../../../Users/ntanc_000/Desktop/NightmareGame/TheGame/DerivedDataCache/DDC.ddp not found, will not use a pak cache.
[2015.11.22-19.30.42:770][  0]LogDerivedDataCache: Unable to find inner node Pak for hierarchical cache Hierarchy.
[2015.11.22-19.30.42:770][  0]LogDerivedDataCache: FDerivedDataBackendGraph:  CompressedPak pak cache file ../../../../../../Users/ntanc_000/Desktop/NightmareGame/TheGame/DerivedDataCache/Compressed.ddp not found, will not use a pak cache.
[2015.11.22-19.30.42:770][  0]LogDerivedDataCache: Unable to find inner node CompressedPak for hierarchical cache Hierarchy.
[2015.11.22-19.30.42:921][  0]LogDerivedDataCache:Display: Pak cache opened for reading ../../../Engine/DerivedDataCache/Compressed.ddp.
[2015.11.22-19.30.42:935][  0]LogDerivedDataCache: Using Local data cache path C:/Users/ntanc_000/AppData/Local/UnrealEngine/Common/DerivedDataCache: Writable
[2015.11.22-19.30.44:893][  0]LogInit: Selected Device Profile: [Windows]
[2015.11.22-19.30.44:896][  0]LogContentStreaming: Texture pool size is 0.000000MB
[2015.11.22-19.30.45:038][  0]LogMeshUtilities: No automatic mesh reduction module available
[2015.11.22-19.30.45:038][  0]LogMeshUtilities: No automatic mesh merging module available
[2015.11.22-19.30.45:357][  0]LogInit: WinSock: version 1.1 (2.2), MaxSocks=32767, MaxUdp=65467
[2015.11.22-19.30.47:799][  0]UdpMessaging: Initializing bridge on interface 0.0.0.0:0 to multicast group 230.0.0.1:6666.
[2015.11.22-19.30.48:075][  0]LogAssetRegistry: FAssetRegistry took 0.0115 seconds to start up
[2015.11.22-19.30.48:418][  0]SourceControl: Info Source control is disabled
[2015.11.22-19.30.48:731][  0]LogLinker:Warning: Asset '../../../Engine/Plugins/Runtime/LeapMotionController/Content/LM_PassthroughMaterial.uasset' has been saved with empty engine version. The asset will be loaded but may be incompatible.
[2015.11.22-19.30.48:951][  0]LogObj: 28361 objects as part of root set at end of initial load.
[2015.11.22-19.30.48:951][  0]LogUObjectAllocator: 6038872 out of 0 bytes used by permanent object pool.
[2015.11.22-19.30.49:082][  0]LogEngine: Initializing Engine...
[2015.11.22-19.30.49:085][  0]LogHMD: Can't find Oculus library dev build: is proper Runtime installed? Version: 0.7.0.0
[2015.11.22-19.30.49:104][  0]LogHMD: SteamVR failed to initialize.  Err: 110
[2015.11.22-19.30.49:245][  0]LogAIModule: Creating AISystem for world NewWorld
[2015.11.22-19.30.49:251][  0]LogInit: XAudio2 using 'Speakers (Sound Blaster Recon3Di)' : 2 channels at 48 kHz using 32 bits per sample (channel mask 0x3)
[2015.11.22-19.30.49:547][  0]LogInit: FAudioDevice initialized.
[2015.11.22-19.30.49:582][  0]LogDerivedDataCache: Saved boot cache 0.03s 41MB C:/Users/ntanc_000/AppData/Local/UnrealEngine/4.9/DerivedDataCache/Boot.ddc.
[2015.11.22-19.30.49:585][  0]LogInit: Texture streaming: Enabled
[2015.11.22-19.30.49:594][  0]LogAnalytics: Creating configured Analytics provider AnalyticsET
[2015.11.22-19.30.49:594][  0]LogAnalytics: [UEEditor.Rocket.Release] APIServer = http://et2.epicgames.com/ET2/. AppVersion = 4.9.2-2707645+++depot+UE4-Releases+4.9
[2015.11.22-19.30.49:594][  0]LogAnalytics: [UEEditor.Rocket.Release] SetUserId 2c211ad74a9e5469c13dfaa1059b2d42|1bd0216fcaf5458183f89cc914276325|d020360b-9246-478a-84ac-08a9775e7849
[2015.11.22-19.30.49:594][  0]LogAnalytics: [UEEditor.Rocket.Release] AnalyticsET::StartSession
[2015.11.22-19.30.49:643][  0]LogInit: Transaction tracking system initialized
[2015.11.22-19.30.49:678][  0]BlueprintLog: New page: Editor Load
[2015.11.22-19.30.49:793][  0]LocalizationService: Info Localization service is disabled
[2015.11.22-19.30.49:895][  0]LogConsoleResponse:Display: 
[2015.11.22-19.30.50:028][  0]LogCook:Display: Done creating registry. It took  0.00s.
[2015.11.22-19.30.50:134][  0]LogFileCache: Scanning file cache for directory 'C:/Users/ntanc_000/Desktop/NightmareGame/TheGame/Content/' took 0.03s
[2015.11.22-19.30.50:134][  0]Cmd: MAP LOAD FILE="../../../../../../Users/ntanc_000/Desktop/NightmareGame/TheGame/Content/ThirdPersonBP/Maps/Hub.umap" TEMPLATE=0 SHOWPROGRESS=1 FEATURELEVEL=3
[2015.11.22-19.30.50:135][  0]LightingResults: New page: Lighting Build
[2015.11.22-19.30.50:139][  0]MapCheck: New page: Map Check
[2015.11.22-19.30.50:139][  0]LightingResults: New page: Lighting Build
[2015.11.22-19.30.50:150][  0]LogParticles: Destroying 0 GPU particle simulations for FXSystem 0x00000031FB1A7CE0
[2015.11.22-19.30.50:318][  0]LogLinker:Warning: Asset '../../../../../../Users/ntanc_000/Desktop/NightmareGame/TheGame/Content/Mannequin/Animations/ThirdPerson_AnimBP.uasset' has been saved with empty engine version. The asset will be loaded but may be incompatible.
[2015.11.22-19.30.50:320][  0]LogLinker:Warning: Asset '../../../../../../Users/ntanc_000/Desktop/NightmareGame/TheGame/Content/Mannequin/Animations/ThirdPerson_Jump.uasset' has been saved with empty engine version. The asset will be loaded but may be incompatible.
[2015.11.22-19.30.50:322][  0]LogLinker:Warning: Asset '../../../../../../Users/ntanc_000/Desktop/NightmareGame/TheGame/Content/Mannequin/Animations/ThirdPersonJump_Loop.uasset' has been saved with empty engine version. The asset will be loaded but may be incompatible.
[2015.11.22-19.30.50:323][  0]LogLinker:Warning: Asset '../../../../../../Users/ntanc_000/Desktop/NightmareGame/TheGame/Content/Mannequin/Animations/ThirdPersonJump_Start.uasset' has been saved with empty engine version. The asset will be loaded but may be incompatible.
[2015.11.22-19.30.50:324][  0]LogLinker:Warning: Asset '../../../../../../Users/ntanc_000/Desktop/NightmareGame/TheGame/Content/Mannequin/Animations/ThirdPerson_IdleRun_2D.uasset' has been saved with empty engine version. The asset will be loaded but may be incompatible.
[2015.11.22-19.30.50:325][  0]LogLinker:Warning: Asset '../../../../../../Users/ntanc_000/Desktop/NightmareGame/TheGame/Content/Mannequin/Animations/ThirdPersonIdle.uasset' has been saved with empty engine version. The asset will be loaded but may be incompatible.
[2015.11.22-19.30.50:326][  0]LogLinker:Warning: Asset '../../../../../../Users/ntanc_000/Desktop/NightmareGame/TheGame/Content/Mannequin/Animations/ThirdPersonRun.uasset' has been saved with empty engine version. The asset will be loaded but may be incompatible.
[2015.11.22-19.30.50:327][  0]LogLinker:Warning: Asset '../../../../../../Users/ntanc_000/Desktop/NightmareGame/TheGame/Content/Mannequin/Animations/ThirdPersonWalk.uasset' has been saved with empty engine version. The asset will be loaded but may be incompatible.
[2015.11.22-19.30.51:547][  0]LogAIModule: Creating AISystem for world Hub
[2015.11.22-19.30.51:562][  0]LogEditorServer: Finished looking for orphan Actors (0.000 secs)
[2015.11.22-19.30.51:563][  0]Cmd: MAP CHECKDEP NOCLEARLOG
[2015.11.22-19.30.51:698][  0]MapCheck: Info Map check complete: 0 Error(s), 0 Warning(s), took 135.211ms to complete.
[2015.11.22-19.30.51:698][  0]LogFileHelpers: Loading map 'Hub' took 1.564
[2015.11.22-19.30.51:853][  0]LogCollectionManager: Loaded 0 collections in 0.002677 seconds
[2015.11.22-19.30.51:901][  0]LogFileCache: Scanning file cache for directory 'C:/Users/ntanc_000/Desktop/NightmareGame/TheGame/Saved/Collections/' took 0.01s
[2015.11.22-19.30.51:901][  0]LogFileCache: Scanning file cache for directory 'C:/Users/ntanc_000/Desktop/NightmareGame/TheGame/Content/Developers/ntanc000/Collections/' took 0.01s
[2015.11.22-19.30.51:901][  0]LogFileCache: Scanning file cache for directory 'C:/Users/ntanc_000/Desktop/NightmareGame/TheGame/Content/Collections/' took 0.01s
[2015.11.22-19.30.51:901][  0]LogContentBrowser: Native class hierarchy populated in 0.0112 seconds. Added 1867 classes and 333 folders.
[2015.11.22-19.30.51:908][  0]LogCollectionManager: Rebuilt the GUID cache for 0 collections in 0.000003 seconds
[2015.11.22-19.30.51:915][  0]LogContentBrowser: Native class hierarchy updated for 'WidgetCarousel' in 0.0005 seconds. Added 0 classes and 0 folders.
[2015.11.22-19.30.52:165][  0]LogContentBrowser: Native class hierarchy updated for 'AddContentDialog' in 0.0005 seconds. Added 0 classes and 0 folders.
[2015.11.22-19.30.52:172][  0]LogContentBrowser: Native class hierarchy updated for 'SceneOutliner' in 0.0004 seconds. Added 1 classes and 2 folders.
[2015.11.22-19.30.52:258][  0]LogCrashTracker: Crashtracker disabled due to settings.
[2015.11.22-19.30.52:263][  0]LogUObjectGlobals:Warning: Failed to find object 'Class None.'
[2015.11.22-19.30.52:285][  0]LogLoad: Full Startup: 15.08 seconds (BP compile: 0.41 seconds)
[2015.11.22-19.30.52:736][  0]LogContentStreaming: Texture pool size now 1000 MB
[2015.11.22-19.30.52:863][  0]LogRenderer: Reallocating scene render targets to support 524x248 (Frame:2).
[2015.11.22-19.30.53:273][  1]LogRenderer: Reallocating scene render targets to support 524x256 (Frame:9).
[2015.11.22-19.30.54:756][  6]LogCollectionManager: Rebuilt the object cache for 0 collections in 0.000000 seconds (found 0 objects)
[2015.11.22-19.30.54:781][  6]LogAssetRegistry: Asset discovery search completed in 6.7170 seconds
[2015.11.22-19.30.54:781][  6]LogCollectionManager: Fixed up redirectors for 0 collections in 0.000009 seconds (updated 0 objects)
[2015.11.22-19.31.03:704][272]LogAIModule: Creating AISystem for world Circus
[2015.11.22-19.31.03:705][272]LogParticles:Warning: InitializeSystem called on an unregistered component. Template=/Game/ThirdPersonBP/Blueprints/ParticleSystems/P_PortalHUB.P_PortalHUB Component=/Game/ThirdPersonBP/Maps/Circus.Circus:PersistentLevel.BackToHub_4173.P_Portal
[2015.11.22-19.31.03:709][272]LogParticles:Warning: InitializeSystem called on an unregistered component. Template=/Game/ThirdPersonBP/Blueprints/ParticleSystems/P_PortalHUB.P_PortalHUB Component=/Game/ThirdPersonBP/Maps/Circus.Circus:PersistentLevel.BackToHub_4173.P_Portal
[2015.11.22-19.31.03:710][272]LogParticles:Warning: InitializeSystem called on an unregistered component. Template=/Game/ThirdPersonBP/Blueprints/ParticleSystems/P_PortalHUB.P_PortalHUB Component=/Game/ThirdPersonBP/Maps/Circus.Circus:PersistentLevel.BackToHub_4173.P_Portal
[2015.11.22-19.31.03:727][272]LogActorComponent: UnregisterComponent: (/Engine/Transient.CharMoveComp) Not registered. Aborting.
[2015.11.22-19.31.03:780][272]Cmd: MAP LOAD FILE="../../../../../../Users/ntanc_000/Desktop/NightmareGame/TheGame/Content/ThirdPersonBP/Maps/Circus.umap" TEMPLATE=0 SHOWPROGRESS=1 FEATURELEVEL=3
[2015.11.22-19.31.03:780][272]LightingResults: New page: Lighting Build
[2015.11.22-19.31.03:809][272]LoadErrors: New page: Loading map: Circus.umap
[2015.11.22-19.31.03:810][272]MapCheck: New page: Map Check
[2015.11.22-19.31.03:810][272]LightingResults: New page: Lighting Build
[2015.11.22-19.31.03:827][272]LogParticles: Destroying 0 GPU particle simulations for FXSystem 0x00000031F8178860
[2015.11.22-19.31.03:902][272]LogEditorServer: Finished looking for orphan Actors (0.000 secs)
[2015.11.22-19.31.03:983][272]Cmd: MAP CHECKDEP NOCLEARLOG
[2015.11.22-19.31.04:131][272]MapCheck: Info Map check complete: 0 Error(s), 0 Warning(s), took 147.791ms to complete.
[2015.11.22-19.31.04:131][272]LogFileHelpers: Loading map 'Circus' took 0.353
[2015.11.22-19.31.05:242][333]LogRenderer: Reallocating scene render targets to support 720x340 (Frame:197).
[2015.11.22-19.31.05:312][334]LogRenderer: Reallocating scene render targets to support 1012x480 (Frame:200).
[2015.11.22-19.31.05:367][335]LogRenderer: Reallocating scene render targets to support 1052x500 (Frame:202).
[2015.11.22-19.31.13:795][629]LogEditorViewport: Clicking on Actor (context menu): StaticMeshActor (Cube36)
[2015.11.22-19.31.14:786][672]LogBlueprintUserMessages: Early PlayInEditor Detection: Level '/Game/ThirdPersonBP/Maps/Circus.Circus:PersistentLevel' has LevelScriptBlueprint '/Game/ThirdPersonBP/Maps/Circus.Circus:PersistentLevel.Circus' with GeneratedClass '/Game/ThirdPersonBP/Maps/Circus.Circus_C' with ClassGeneratedBy '/Game/ThirdPersonBP/Maps/Circus.Circus:PersistentLevel.Circus'
[2015.11.22-19.31.14:786][672]LogPlayLevel: PlayLevel: No blueprints needed recompiling
[2015.11.22-19.31.14:786][672]PIE: New page: PIE session: Circus (Nov 22, 2015, 9:31:14 AM)
[2015.11.22-19.31.14:786][672]LogPlayLevel: Creating play world package: /Game/ThirdPersonBP/Maps/UEDPIE_0_Circus
[2015.11.22-19.31.14:855][672]LogPlayLevel: PIE: StaticDuplicateObject took: (0.068790s)
[2015.11.22-19.31.14:856][672]LogAIModule: Creating AISystem for world Circus
[2015.11.22-19.31.14:856][672]LogPlayLevel: PIE: World Init took: (0.000953s)
[2015.11.22-19.31.14:856][672]LogPlayLevel: PIE: Created PIE world by copying editor world from /Game/ThirdPersonBP/Maps/Circus.Circus to /Game/ThirdPersonBP/Maps/UEDPIE_0_Circus.Circus (0.070268s)
[2015.11.22-19.31.14:857][672]LogActorComponent: UnregisterComponent: (/Engine/Transient.CharMoveComp) Not registered. Aborting.
[2015.11.22-19.31.14:886][672]LogInit: XAudio2 using 'Speakers (Sound Blaster Recon3Di)' : 2 channels at 48 kHz using 32 bits per sample (channel mask 0x3)
[2015.11.22-19.31.14:897][672]LogInit: FAudioDevice initialized.
[2015.11.22-19.31.14:962][672]LogWorld: Game class is 'ThirdPersonGameMode_C'
[2015.11.22-19.31.15:011][672]LogWorld: Bringing World /Game/ThirdPersonBP/Maps/UEDPIE_0_Circus.Circus up for play (max tick rate 60) at 2015.11.22-14.31.15
[2015.11.22-19.31.15:011][672]LogActor:Warning: GameSession /Game/ThirdPersonBP/Maps/UEDPIE_0_Circus.Circus:PersistentLevel.GameSession_0 has natively added scene component(s), but none of them were set as the actor's RootComponent - picking one arbitrarily
[2015.11.22-19.31.15:011][672]LogActor:Warning: GameNetworkManager /Game/ThirdPersonBP/Maps/UEDPIE_0_Circus.Circus:PersistentLevel.GameNetworkManager_0 has natively added scene component(s), but none of them were set as the actor's RootComponent - picking one arbitrarily
[2015.11.22-19.31.15:013][672]LogWorld: Bringing up level for play took: 0.049423
[2015.11.22-19.31.15:018][672]PIE: Info Play in editor start time for /Game/ThirdPersonBP/Maps/UEDPIE_0_Circus 0.329
[2015.11.22-19.31.15:019][672]LogBlueprintUserMessages: Late PlayInEditor Detection: Level '/Game/ThirdPersonBP/Maps/Circus.Circus:PersistentLevel' has LevelScriptBlueprint '/Game/ThirdPersonBP/Maps/Circus.Circus:PersistentLevel.Circus' with GeneratedClass '/Game/ThirdPersonBP/Maps/Circus.Circus_C' with ClassGeneratedBy '/Game/ThirdPersonBP/Maps/Circus.Circus:PersistentLevel.Circus'
[2015.11.22-19.31.15:426][695]LogScript:Warning: Accessed None 'Physics Handle'
	ThirdPersonCharacter_C /Game/ThirdPersonBP/Maps/UEDPIE_0_Circus.Circus:PersistentLevel.ThirdPersonCharacter_C_0
	Function /Game/ThirdPersonBP/Blueprints/ThirdPersonCharacter.ThirdPersonCharacter_C:ExecuteUbergraph_ThirdPersonCharacter:1368
[2015.11.22-19.31.15:426][695]PIE:Error: Error Accessed None 'Physics Handle' from node Set Target Location and Rotation in graph 'EventGraph' in blueprint ThirdPersonCharacter
[2015.11.22-19.31.15:439][696]LogScript:Warning: Accessed None 'Physics Handle'
	ThirdPersonCharacter_C /Game/ThirdPersonBP/Maps/UEDPIE_0_Circus.Circus:PersistentLevel.ThirdPersonCharacter_C_0
	Function /Game/ThirdPersonBP/Blueprints/ThirdPersonCharacter.ThirdPersonCharacter_C:ExecuteUbergraph_ThirdPersonCharacter:1368
[2015.11.22-19.31.15:440][696]PIE:Error: Error Accessed None 'Physics Handle' from node Set Target Location and Rotation in graph 'EventGraph' in blueprint ThirdPersonCharacter
[2015.11.22-19.31.15:456][697]LogScript:Warning: Accessed None 'Physics Handle'
	ThirdPersonCharacter_C /Game/ThirdPersonBP/Maps/UEDPIE_0_Circus.Circus:PersistentLevel.ThirdPersonCharacter_C_0
	Function /Game/ThirdPersonBP/Blueprints/ThirdPersonCharacter.ThirdPersonCharacter_C:ExecuteUbergraph_ThirdPersonCharacter:1368
[2015.11.22-19.31.15:456][697]PIE:Error: Error Accessed None 'Physics Handle' from node Set Target Location and Rotation in graph 'EventGraph' in blueprint ThirdPersonCharacter
[2015.11.22-19.31.15:473][698]LogScript:Warning: Accessed None 'Physics Handle'
	ThirdPersonCharacter_C /Game/ThirdPersonBP/Maps/UEDPIE_0_Circus.Circus:PersistentLevel.ThirdPersonCharacter_C_0
	Function /Game/ThirdPersonBP/Blueprints/ThirdPersonCharacter.ThirdPersonCharacter_C:ExecuteUbergraph_ThirdPersonCharacter:1368
[2015.11.22-19.31.15:473][698]PIE:Error: Error Accessed None 'Physics Handle' from node Set Target Location and Rotation in graph 'EventGraph' in blueprint ThirdPersonCharacter
[2015.11.22-19.31.15:490][699]LogScript:Warning: Accessed None 'Physics Handle'
	ThirdPersonCharacter_C /Game/ThirdPersonBP/Maps/UEDPIE_0_Circus.Circus:PersistentLevel.ThirdPersonCharacter_C_0
	Function /Game/ThirdPersonBP/Blueprints/ThirdPersonCharacter.ThirdPersonCharacter_C:ExecuteUbergraph_ThirdPersonCharacter:114E
[2015.11.22-19.31.15:490][699]PIE:Error: Error Accessed None 'Physics Handle' from node Release Component in graph 'EventGraph' in blueprint ThirdPersonCharacter
[2015.11.22-19.31.15:490][699]LogScript:Warning: Accessed None 'Physics Object'
	ThirdPersonCharacter_C /Game/ThirdPersonBP/Maps/UEDPIE_0_Circus.Circus:PersistentLevel.ThirdPersonCharacter_C_0
	Function /Game/ThirdPersonBP/Blueprints/ThirdPersonCharacter.ThirdPersonCharacter_C:ExecuteUbergraph_ThirdPersonCharacter:11B4
[2015.11.22-19.31.15:490][699]PIE:Error: Error Accessed None 'Physics Object' from node Set Collision Response to Channel in graph 'EventGraph' in blueprint ThirdPersonCharacter
[2015.11.22-19.31.19:007][909]LogScript:Warning: Accessed None 'Physics Handle'
	ThirdPersonCharacter_C /Game/ThirdPersonBP/Maps/UEDPIE_0_Circus.Circus:PersistentLevel.ThirdPersonCharacter_C_0
	Function /Game/ThirdPersonBP/Blueprints/ThirdPersonCharacter.ThirdPersonCharacter_C:ExecuteUbergraph_ThirdPersonCharacter:1368
[2015.11.22-19.31.19:007][909]PIE:Error: Error Accessed None 'Physics Handle' from node Set Target Location and Rotation in graph 'EventGraph' in blueprint ThirdPersonCharacter
[2015.11.22-19.31.19:019][910]LogScript:Warning: Accessed None 'Physics Handle'
	ThirdPersonCharacter_C /Game/ThirdPersonBP/Maps/UEDPIE_0_Circus.Circus:PersistentLevel.ThirdPersonCharacter_C_0
	Function /Game/ThirdPersonBP/Blueprints/ThirdPersonCharacter.ThirdPersonCharacter_C:ExecuteUbergraph_ThirdPersonCharacter:1368
[2015.11.22-19.31.19:019][910]PIE:Error: Error Accessed None 'Physics Handle' from node Set Target Location and Rotation in graph 'EventGraph' in blueprint ThirdPersonCharacter
[2015.11.22-19.31.19:035][911]LogScript:Warning: Accessed None 'Physics Handle'
	ThirdPersonCharacter_C /Game/ThirdPersonBP/Maps/UEDPIE_0_Circus.Circus:PersistentLevel.ThirdPersonCharacter_C_0
	Function /Game/ThirdPersonBP/Blueprints/ThirdPersonCharacter.ThirdPersonCharacter_C:ExecuteUbergraph_ThirdPersonCharacter:1368
[2015.11.22-19.31.19:035][911]PIE:Error: Error Accessed None 'Physics Handle' from node Set Target Location and Rotation in graph 'EventGraph' in blueprint ThirdPersonCharacter
[2015.11.22-19.31.19:052][912]LogScript:Warning: Accessed None 'Physics Handle'
	ThirdPersonCharacter_C /Game/ThirdPersonBP/Maps/UEDPIE_0_Circus.Circus:PersistentLevel.ThirdPersonCharacter_C_0
	Function /Game/ThirdPersonBP/Blueprints/ThirdPersonCharacter.ThirdPersonCharacter_C:ExecuteUbergraph_ThirdPersonCharacter:1368
[2015.11.22-19.31.19:052][912]PIE:Error: Error Accessed None 'Physics Handle' from node Set Target Location and Rotation in graph 'EventGraph' in blueprint ThirdPersonCharacter
[2015.11.22-19.31.19:069][913]LogScript:Warning: Accessed None 'Physics Handle'
	ThirdPersonCharacter_C /Game/ThirdPersonBP/Maps/UEDPIE_0_Circus.Circus:PersistentLevel.ThirdPersonCharacter_C_0
	Function /Game/ThirdPersonBP/Blueprints/ThirdPersonCharacter.ThirdPersonCharacter_C:ExecuteUbergraph_ThirdPersonCharacter:1368
[2015.11.22-19.31.19:069][913]PIE:Error: Error Accessed None 'Physics Handle' from node Set Target Location and Rotation in graph 'EventGraph' in blueprint ThirdPersonCharacter
[2015.11.22-19.31.19:085][914]LogScript:Warning: Accessed None 'Physics Handle'
	ThirdPersonCharacter_C /Game/ThirdPersonBP/Maps/UEDPIE_0_Circus.Circus:PersistentLevel.ThirdPersonCharacter_C_0
	Function /Game/ThirdPersonBP/Blueprints/ThirdPersonCharacter.ThirdPersonCharacter_C:ExecuteUbergraph_ThirdPersonCharacter:1368
[2015.11.22-19.31.19:085][914]PIE:Error: Error Accessed None 'Physics Handle' from node Set Target Location and Rotation in graph 'EventGraph' in blueprint ThirdPersonCharacter
[2015.11.22-19.31.19:102][915]LogScript:Warning: Accessed None 'Physics Handle'
	ThirdPersonCharacter_C /Game/ThirdPersonBP/Maps/UEDPIE_0_Circus.Circus:PersistentLevel.ThirdPersonCharacter_C_0
	Function /Game/ThirdPersonBP/Blueprints/ThirdPersonCharacter.ThirdPersonCharacter_C:ExecuteUbergraph_ThirdPersonCharacter:1368
[2015.11.22-19.31.19:102][915]PIE:Error: Error Accessed None 'Physics Handle' from node Set Target Location and Rotation in graph 'EventGraph' in blueprint ThirdPersonCharacter
[2015.11.22-19.31.19:118][916]LogScript:Warning: Accessed None 'Physics Handle'
	ThirdPersonCharacter_C /Game/ThirdPersonBP/Maps/UEDPIE_0_Circus.Circus:PersistentLevel.ThirdPersonCharacter_C_0
	Function /Game/ThirdPersonBP/Blueprints/ThirdPersonCharacter.ThirdPersonCharacter_C:ExecuteUbergraph_ThirdPersonCharacter:1368
[2015.11.22-19.31.19:119][916]PIE:Error: Error Accessed None 'Physics Handle' from node Set Target Location and Rotation in graph 'EventGraph' in blueprint ThirdPersonCharacter
[2015.11.22-19.31.19:135][917]LogScript:Warning: Accessed None 'Physics Handle'
	ThirdPersonCharacter_C /Game/ThirdPersonBP/Maps/UEDPIE_0_Circus.Circus:PersistentLevel.ThirdPersonCharacter_C_0
	Function /Game/ThirdPersonBP/Blueprints/ThirdPersonCharacter.ThirdPersonCharacter_C:ExecuteUbergraph_ThirdPersonCharacter:1368
[2015.11.22-19.31.19:135][917]PIE:Error: Error Accessed None 'Physics Handle' from node Set Target Location and Rotation in graph 'EventGraph' in blueprint ThirdPersonCharacter
[2015.11.22-19.31.19:152][918]LogScript:Warning: Accessed None 'Physics Handle'
	ThirdPersonCharacter_C /Game/ThirdPersonBP/Maps/UEDPIE_0_Circus.Circus:PersistentLevel.ThirdPersonCharacter_C_0
	Function /Game/ThirdPersonBP/Blueprints/ThirdPersonCharacter.ThirdPersonCharacter_C:ExecuteUbergraph_ThirdPersonCharacter:1368
[2015.11.22-19.31.19:152][918]PIE:Error: Error Accessed None 'Physics Handle' from node Set Target Location and Rotation in graph 'EventGraph' in blueprint ThirdPersonCharacter
[2015.11.22-19.31.19:169][919]LogScript:Warning: Accessed None 'Physics Handle'
	ThirdPersonCharacter_C /Game/ThirdPersonBP/Maps/UEDPIE_0_Circus.Circus:PersistentLevel.ThirdPersonCharacter_C_0
	Function /Game/ThirdPersonBP/Blueprints/ThirdPersonCharacter.ThirdPersonCharacter_C:ExecuteUbergraph_ThirdPersonCharacter:1368
[2015.11.22-19.31.19:169][919]PIE:Error: Error Accessed None 'Physics Handle' from node Set Target Location and Rotation in graph 'EventGraph' in blueprint ThirdPersonCharacter
[2015.11.22-19.31.19:185][920]PIE:Error: Error Accessed None 'Physics Handle' from node Set Target Location and Rotation in graph 'EventGraph' in blueprint ThirdPersonCharacter
[2015.11.22-19.31.19:202][921]PIE:Error: Error Accessed None 'Physics Handle' from node Set Target Location and Rotation in graph 'EventGraph' in blueprint ThirdPersonCharacter
[2015.11.22-19.31.19:222][922]PIE:Error: Error Accessed None 'Physics Handle' from node Set Target Location and Rotation in graph 'EventGraph' in blueprint ThirdPersonCharacter
[2015.11.22-19.31.19:236][923]PIE:Error: Error Accessed None 'Physics Handle' from node Set Target Location and Rotation in graph 'EventGraph' in blueprint ThirdPersonCharacter
[2015.11.22-19.31.19:252][924]PIE:Error: Error Accessed None 'Physics Handle' from node Set Target Location and Rotation in graph 'EventGraph' in blueprint ThirdPersonCharacter
[2015.11.22-19.31.19:269][925]PIE:Error: Error Accessed None 'Physics Handle' from node Set Target Location and Rotation in graph 'EventGraph' in blueprint ThirdPersonCharacter
[2015.11.22-19.31.19:286][926]PIE:Error: Error Accessed None 'Physics Handle' from node Set Target Location and Rotation in graph 'EventGraph' in blueprint ThirdPersonCharacter
[2015.11.22-19.31.19:303][927]PIE:Error: Error Accessed None 'Physics Handle' from node Set Target Location and Rotation in graph 'EventGraph' in blueprint ThirdPersonCharacter
[2015.11.22-19.31.19:320][928]PIE:Error: Error Accessed None 'Physics Handle' from node Set Target Location and Rotation in graph 'EventGraph' in blueprint ThirdPersonCharacter
[2015.11.22-19.31.19:337][929]PIE:Error: Error Accessed None 'Physics Handle' from node Set Target Location and Rotation in graph 'EventGraph' in blueprint ThirdPersonCharacter
[2015.11.22-19.31.19:353][930]PIE:Error: Error Accessed None 'Physics Handle' from node Set Target Location and Rotation in graph 'EventGraph' in blueprint ThirdPersonCharacter
[2015.11.22-19.31.19:370][931]PIE:Error: Error Accessed None 'Physics Handle' from node Set Target Location and Rotation in graph 'EventGraph' in blueprint ThirdPersonCharacter
[2015.11.22-19.31.19:386][932]PIE:Error: Error Accessed None 'Physics Handle' from node Set Target Location and Rotation in graph 'EventGraph' in blueprint ThirdPersonCharacter
[2015.11.22-19.31.19:403][933]PIE:Error: Error Accessed None 'Physics Handle' from node Set Target Location and Rotation in graph 'EventGraph' in blueprint ThirdPersonCharacter
[2015.11.22-19.31.19:420][934]PIE:Error: Error Accessed None 'Physics Handle' from node Set Target Location and Rotation in graph 'EventGraph' in blueprint ThirdPersonCharacter
[2015.11.22-19.31.19:436][935]PIE:Error: Error Accessed None 'Physics Handle' from node Set Target Location and Rotation in graph 'EventGraph' in blueprint ThirdPersonCharacter
[2015.11.22-19.31.19:454][936]PIE:Error: Error Accessed None 'Physics Handle' from node Release Component in graph 'EventGraph' in blueprint ThirdPersonCharacter
[2015.11.22-19.31.19:454][936]PIE:Error: Error Accessed None 'Physics Object' from node Set Collision Response to Channel in graph 'EventGraph' in blueprint ThirdPersonCharacter
[2015.11.22-19.31.19:708][951]PIE:Error: Error Accessed None 'Physics Handle' from node Set Target Location and Rotation in graph 'EventGraph' in blueprint ThirdPersonCharacter
[2015.11.22-19.31.19:719][952]PIE:Error: Error Accessed None 'Physics Handle' from node Set Target Location and Rotation in graph 'EventGraph' in blueprint ThirdPersonCharacter
[2015.11.22-19.31.19:737][953]PIE:Error: Error Accessed None 'Physics Handle' from node Set Target Location and Rotation in graph 'EventGraph' in blueprint ThirdPersonCharacter
[2015.11.22-19.31.19:753][954]PIE:Error: Error Accessed None 'Physics Handle' from node Set Target Location and Rotation in graph 'EventGraph' in blueprint ThirdPersonCharacter
[2015.11.22-19.31.19:770][955]PIE:Error: Error Accessed None 'Physics Handle' from node Set Target Location and Rotation in graph 'EventGraph' in blueprint ThirdPersonCharacter
[2015.11.22-19.31.19:786][956]PIE:Error: Error Accessed None 'Physics Handle' from node Set Target Location and Rotation in graph 'EventGraph' in blueprint ThirdPersonCharacter
[2015.11.22-19.31.19:803][957]PIE:Error: Error Accessed None 'Physics Handle' from node Set Target Location and Rotation in graph 'EventGraph' in blueprint ThirdPersonCharacter
[2015.11.22-19.31.19:820][958]PIE:Error: Error Accessed None 'Physics Handle' from node Set Target Location and Rotation in graph 'EventGraph' in blueprint ThirdPersonCharacter
[2015.11.22-19.31.19:836][959]PIE:Error: Error Accessed None 'Physics Handle' from node Set Target Location and Rotation in graph 'EventGraph' in blueprint ThirdPersonCharacter
[2015.11.22-19.31.19:853][960]PIE:Error: Error Accessed None 'Physics Handle' from node Set Target Location and Rotation in graph 'EventGraph' in blueprint ThirdPersonCharacter
[2015.11.22-19.31.19:870][961]PIE:Error: Error Accessed None 'Physics Handle' from node Set Target Location and Rotation in graph 'EventGraph' in blueprint ThirdPersonCharacter
[2015.11.22-19.31.19:886][962]PIE:Error: Error Accessed None 'Physics Handle' from node Set Target Location and Rotation in graph 'EventGraph' in blueprint ThirdPersonCharacter
[2015.11.22-19.31.19:902][963]PIE:Error: Error Accessed None 'Physics Handle' from node Set Target Location and Rotation in graph 'EventGraph' in blueprint ThirdPersonCharacter
[2015.11.22-19.31.19:919][964]PIE:Error: Error Accessed None 'Physics Handle' from node Set Target Location and Rotation in graph 'EventGraph' in blueprint ThirdPersonCharacter
[2015.11.22-19.31.19:936][965]PIE:Error: Error Accessed None 'Physics Handle' from node Set Target Location and Rotation in graph 'EventGraph' in blueprint ThirdPersonCharacter
[2015.11.22-19.31.19:952][966]PIE:Error: Error Accessed None 'Physics Handle' from node Set Target Location and Rotation in graph 'EventGraph' in blueprint ThirdPersonCharacter
[2015.11.22-19.31.19:969][967]PIE:Error: Error Accessed None 'Physics Handle' from node Set Target Location and Rotation in graph 'EventGraph' in blueprint ThirdPersonCharacter
[2015.11.22-19.31.19:986][968]PIE:Error: Error Accessed None 'Physics Handle' from node Set Target Location and Rotation in graph 'EventGraph' in blueprint ThirdPersonCharacter
[2015.11.22-19.31.20:002][969]PIE:Error: Error Accessed None 'Physics Handle' from node Set Target Location and Rotation in graph 'EventGraph' in blueprint ThirdPersonCharacter
[2015.11.22-19.31.20:019][970]PIE:Error: Error Accessed None 'Physics Handle' from node Set Target Location and Rotation in graph 'EventGraph' in blueprint ThirdPersonCharacter
[2015.11.22-19.31.20:036][971]PIE:Error: Error Accessed None 'Physics Handle' from node Set Target Location and Rotation in graph 'EventGraph' in blueprint ThirdPersonCharacter
[2015.11.22-19.31.20:053][972]PIE:Error: Error Accessed None 'Physics Handle' from node Set Target Location and Rotation in graph 'EventGraph' in blueprint ThirdPersonCharacter
[2015.11.22-19.31.20:070][973]PIE:Error: Error Accessed None 'Physics Handle' from node Set Target Location and Rotation in graph 'EventGraph' in blueprint ThirdPersonCharacter
[2015.11.22-19.31.20:086][974]PIE:Error: Error Accessed None 'Physics Handle' from node Set Target Location and Rotation in graph 'EventGraph' in blueprint ThirdPersonCharacter
[2015.11.22-19.31.20:103][975]PIE:Error: Error Accessed None 'Physics Handle' from node Set Target Location and Rotation in graph 'EventGraph' in blueprint ThirdPersonCharacter
[2015.11.22-19.31.20:120][976]PIE:Error: Error Accessed None 'Physics Handle' from node Release Component in graph 'EventGraph' in blueprint ThirdPersonCharacter
[2015.11.22-19.31.20:120][976]PIE:Error: Error Accessed None 'Physics Object' from node Set Collision Response to Channel in graph 'EventGraph' in blueprint ThirdPersonCharacter
[2015.11.22-19.33.43:069][429]LogBlueprintUserMessages: [LeftBucket_Blueprint_C_0] left done
[2015.11.22-19.34.38:427][696]LogBlueprintUserMessages: [RightBucket_Blueprint_C_1] right done
[2015.11.22-19.36.03:639][756]LogBlueprintUserMessages: Early EndPlayMap Detection: Level '/Game/ThirdPersonBP/Maps/Circus.Circus:PersistentLevel' has LevelScriptBlueprint '/Game/ThirdPersonBP/Maps/Circus.Circus:PersistentLevel.Circus' with GeneratedClass '/Game/ThirdPersonBP/Maps/Circus.Circus_C' with ClassGeneratedBy '/Game/ThirdPersonBP/Maps/Circus.Circus:PersistentLevel.Circus'
[2015.11.22-19.36.03:742][756]LogBlueprintUserMessages: Late EndPlayMap Detection: Level '/Game/ThirdPersonBP/Maps/Circus.Circus:PersistentLevel' has LevelScriptBlueprint '/Game/ThirdPersonBP/Maps/Circus.Circus:PersistentLevel.Circus' with GeneratedClass '/Game/ThirdPersonBP/Maps/Circus.Circus_C' with ClassGeneratedBy '/Game/ThirdPersonBP/Maps/Circus.Circus:PersistentLevel.Circus'
[2015.11.22-19.36.03:760][756]LogParticles: Destroying 0 GPU particle simulations for FXSystem 0x000000318BF77D80
[2015.11.22-19.36.04:534][782]LogEditorViewport: Clicking on Actor (LMB): StaticMeshActor (Cube61)
[2015.11.22-19.36.16:287][384]LogContentBrowser: Native class hierarchy updated for 'Matinee' in 0.0006 seconds. Added 15 classes and 2 folders.
[2015.11.22-19.36.16:291][384]LogInit: Transaction tracking system initialized
[2015.11.22-19.36.16:291][384]EditorErrors: New page: Matinee Initialization
[2015.11.22-19.36.28:486][994]LogLinker:Warning: Asset '../../../Engine/Content/ArtTools/RenderToTexture/Macros/RenderToTextureMacros.uasset' has been saved with empty engine version. The asset will be loaded but may be incompatible.
[2015.11.22-19.36.29:075][994]LogContentBrowser: Native class hierarchy updated for 'BlueprintGraph' in 0.0009 seconds. Added 107 classes and 0 folders.
[2015.11.22-19.54.34:778][769]LogActorComponent: UnregisterComponent: (/Engine/Transient.CharMoveComp) Not registered. Aborting.
[2015.11.22-19.54.34:807][769]LogExit: Transaction tracking system shut down
[2015.11.22-19.54.35:265][769]LogSavePackage: Save=422.761292ms
[2015.11.22-19.54.35:265][769]LogSavePackage: Moving '../../../../../../Users/ntanc_000/Desktop/NightmareGame/TheGame/Saved/Circus_Auto1603F287A4610B0D52915F4B565A7B919.tmp' to '../../../../../../Users/ntanc_000/Desktop/NightmareGame/TheGame/Saved/Autosaves/Game/ThirdPersonBP/Maps/Circus_Auto1.umap'
[2015.11.22-19.54.35:270][769]LogSavePackage: Total save time: 447.829198ms
[2015.11.22-19.54.35:270][769]LogSavePackage:Warning: Finished SavePackage ../../../../../../Users/ntanc_000/Desktop/NightmareGame/TheGame/Saved/Autosaves/Game/ThirdPersonBP/Maps/Circus_Auto1.umap
[2015.11.22-19.54.35:273][769]LogFileHelpers: Editor autosave (incl. sublevels) for '/Game/ThirdPersonBP/Maps/Circus' took 0.495
[2015.11.22-19.54.35:273][769]LogFileHelpers: Editor autosave (incl. sublevels) for all levels took 0.495
[2015.11.22-19.54.46:116][405]LogEditorViewport: Clicking on Actor (LMB): StaticMeshActor (Cube3)
[2015.11.22-19.54.47:886][509]LogEditorViewport: Clicking on Actor (LMB): TriggerBox (TriggerBox2)
[2015.11.22-19.54.54:513][877]Cmd: DELETE
[2015.11.22-19.54.54:513][877]Cmd: ACTOR DELETE
[2015.11.22-19.54.54:514][877]LogEditorActor: Deleted Actor: TriggerBox
[2015.11.22-19.54.54:515][877]LogEditorActor: Deleted Actor: TriggerBox
[2015.11.22-19.54.54:516][877]LogEditorActor: Deleted Actor: TriggerBox
[2015.11.22-19.54.54:516][877]LogEditorActor: Deleted Actor: TriggerBox
[2015.11.22-19.54.54:549][877]LogEditorActor: Deleted 4 Actors (0.035 secs)
[2015.11.22-19.59.16:710][530]LogEditorViewport: Clicking on Actor (LMB): SecondKnockDownGame_C (SecondKnockDownGame)
[2015.11.22-19.59.16:827][535]LogEditorViewport: Clicking on Component (LMB): StaticMeshComponent (Bottle3)
[2015.11.22-19.59.26:715][ 18]LogEditorViewport: Clicking on Actor (LMB): BlockingVolume (BlockingVolume9)
[2015.11.22-19.59.30:188][187]LogEditorViewport: Clicking on Actor (LMB): FirstKnockDownGame_C (FirstKnockDownGame)
[2015.11.22-20.00.09:764][180]LogBlueprintUserMessages: CustomizeDetails for Blueprint 'FirstKnockDownGame', cached variable property's owner is '/Game/ThirdPersonBP/Blueprints/PuzzleObjs/FirstKnockDownGame.SKEL_FirstKnockDownGame_C'
[2015.11.22-20.01.13:158][366]LogEditorViewport: Clicking on Actor (LMB): StaticMeshActor (Cube8)
[2015.11.22-20.01.14:832][452]LogEditorViewport: Clicking on Actor (LMB): BP_Sky_Sphere_C (SkySphereBlueprint)
[2015.11.22-20.01.15:601][508]LogEditorViewport: Clicking on Actor (LMB): BP_Sky_Sphere_C (SkySphereBlueprint)
[2015.11.22-20.02.50:243][270]LogAIModule: Creating AISystem for world Cave
[2015.11.22-20.02.50:248][270]LogParticles:Warning: InitializeSystem called on an unregistered component. Template=/Game/InfinityBladeEffects/Effects/FX_Treasure/Gold_Bag/P_GoldSparkle_Bag_Lo_2.P_GoldSparkle_Bag_Lo_2 Component=/Game/ThirdPersonBP/Maps/Cave.Cave:PersistentLevel.Sphere_C_0.P_GoldSparkle_Bag_Lo_2
[2015.11.22-20.02.50:248][270]LogParticles:Warning: InitializeSystem called on an unregistered component. Template=/Game/InfinityBladeEffects/Effects/FX_Treasure/Gold_Bag/P_GoldSparkle_Bag_Lo_2.P_GoldSparkle_Bag_Lo_2 Component=/Game/ThirdPersonBP/Maps/Cave.Cave:PersistentLevel.TeddyBURRRRR_C_0.ParticleSystem
[2015.11.22-20.02.50:248][270]LogParticles:Warning: InitializeSystem called on an unregistered component. Template=/Game/InfinityBladeEffects/Effects/FX_Treasure/Resources/P_OrePile_Explosion_Success.P_OrePile_Explosion_Success Component=/Game/ThirdPersonBP/Maps/Cave.Cave:PersistentLevel.P_OrePile_Explosion_Success_12.ParticleSystemComponent0
[2015.11.22-20.02.50:254][270]LogParticles:Warning: InitializeSystem called on an unregistered component. Template=/Game/InfinityBladeEffects/Effects/FX_Treasure/Gold_Bag/P_GoldSparkle_Bag_Lo_2.P_GoldSparkle_Bag_Lo_2 Component=/Game/ThirdPersonBP/Maps/Cave.Cave:PersistentLevel.Sphere_C_0.P_GoldSparkle_Bag_Lo_2
[2015.11.22-20.02.50:254][270]LogParticles:Warning: InitializeSystem called on an unregistered component. Template=/Game/InfinityBladeEffects/Effects/FX_Treasure/Gold_Bag/P_GoldSparkle_Bag_Lo_2.P_GoldSparkle_Bag_Lo_2 Component=/Game/ThirdPersonBP/Maps/Cave.Cave:PersistentLevel.Sphere_C_0.P_GoldSparkle_Bag_Lo_2
[2015.11.22-20.02.50:255][270]LogParticles:Warning: InitializeSystem called on an unregistered component. Template=/Game/InfinityBladeEffects/Effects/FX_Treasure/Gold_Bag/P_GoldSparkle_Bag_Lo_2.P_GoldSparkle_Bag_Lo_2 Component=/Game/ThirdPersonBP/Maps/Cave.Cave:PersistentLevel.TeddyBURRRRR_C_0.ParticleSystem
[2015.11.22-20.02.50:255][270]LogParticles:Warning: InitializeSystem called on an unregistered component. Template=/Game/InfinityBladeEffects/Effects/FX_Treasure/Gold_Bag/P_GoldSparkle_Bag_Lo_2.P_GoldSparkle_Bag_Lo_2 Component=/Game/ThirdPersonBP/Maps/Cave.Cave:PersistentLevel.TeddyBURRRRR_C_0.ParticleSystem
[2015.11.22-20.02.50:302][270]LogParticles: Destroying 0 GPU particle simulations for FXSystem 0x000000319D3039C0
[2015.11.22-20.02.52:791][270]LogSavePackage: Save=531.152405ms
[2015.11.22-20.02.52:791][270]LogSavePackage: Moving '../../../../../../Users/ntanc_000/Desktop/NightmareGame/TheGame/Saved/Circus2A6F26B44245ED1C004474B1233E7BD3.tmp' to '../../../../../../Users/ntanc_000/Desktop/NightmareGame/TheGame/Content/ThirdPersonBP/Maps/Circus.umap'
[2015.11.22-20.02.52:799][270]LogSavePackage: Total save time: 574.963313ms
[2015.11.22-20.02.52:799][270]LogSavePackage:Warning: Finished SavePackage ../../../../../../Users/ntanc_000/Desktop/NightmareGame/TheGame/Content/ThirdPersonBP/Maps/Circus.umap
[2015.11.22-20.02.52:899][270]LogFileHelpers: Saving map 'Circus' took 0.899
[2015.11.22-20.02.52:902][270]Cmd: MAP LOAD FILE="../../../../../../Users/ntanc_000/Desktop/NightmareGame/TheGame/Content/ThirdPersonBP/Maps/Cave.umap" TEMPLATE=0 SHOWPROGRESS=1 FEATURELEVEL=3
[2015.11.22-20.02.52:902][270]LightingResults: New page: Lighting Build
[2015.11.22-20.02.52:928][270]LoadErrors: New page: Loading map: Cave.umap
[2015.11.22-20.02.52:985][270]MapCheck: New page: Map Check
[2015.11.22-20.02.52:985][270]LightingResults: New page: Lighting Build
[2015.11.22-20.02.53:012][270]LogParticles: Destroying 0 GPU particle simulations for FXSystem 0x00000031870C82C0
[2015.11.22-20.02.53:013][270]LogParticles: Destroying 0 GPU particle simulations for FXSystem 0x00000031E8F1E700
[2015.11.22-20.02.53:143][270]LogEditorServer: Finished looking for orphan Actors (0.000 secs)
[2015.11.22-20.02.53:244][270]Cmd: MAP CHECKDEP NOCLEARLOG
[2015.11.22-20.02.53:416][270]MapCheck: Info Map check complete: 0 Error(s), 0 Warning(s), took 170.625ms to complete.
[2015.11.22-20.02.53:417][270]LogFileHelpers: Loading map 'Cave' took 0.517
[2015.11.22-20.04.46:340][901]LogAIModule: Creating AISystem for world Circus
[2015.11.22-20.04.46:342][901]LogParticles:Warning: InitializeSystem called on an unregistered component. Template=/Game/ThirdPersonBP/Blueprints/ParticleSystems/P_PortalHUB.P_PortalHUB Component=/Game/ThirdPersonBP/Maps/Circus.Circus:PersistentLevel.BackToHub_4173.P_Portal
[2015.11.22-20.04.46:345][901]LogParticles:Warning: InitializeSystem called on an unregistered component. Template=/Game/ThirdPersonBP/Blueprints/ParticleSystems/P_PortalHUB.P_PortalHUB Component=/Game/ThirdPersonBP/Maps/Circus.Circus:PersistentLevel.BackToHub_4173.P_Portal
[2015.11.22-20.04.46:345][901]LogParticles:Warning: InitializeSystem called on an unregistered component. Template=/Game/ThirdPersonBP/Blueprints/ParticleSystems/P_PortalHUB.P_PortalHUB Component=/Game/ThirdPersonBP/Maps/Circus.Circus:PersistentLevel.BackToHub_4173.P_Portal
[2015.11.22-20.04.46:358][901]LogActorComponent: UnregisterComponent: (/Engine/Transient.CharMoveComp) Not registered. Aborting.
[2015.11.22-20.04.46:359][901]LogActorComponent: UnregisterComponent: (/Engine/Transient.CharacterMovementComponent_0) Not registered. Aborting.
[2015.11.22-20.04.46:359][901]LogActorComponent: UnregisterComponent: (/Engine/Transient.CharacterMovementComponent_1) Not registered. Aborting.
[2015.11.22-20.04.46:359][901]LogActorComponent: UnregisterComponent: (/Engine/Transient.PawnSensing_GEN_VARIABLE) Not registered. Aborting.
[2015.11.22-20.04.46:386][901]LogParticles: Destroying 0 GPU particle simulations for FXSystem 0x00000031B6A7BE20
[2015.11.22-20.04.46:395][901]Cmd: MAP LOAD FILE="../../../../../../Users/ntanc_000/Desktop/NightmareGame/TheGame/Content/ThirdPersonBP/Maps/Circus.umap" TEMPLATE=0 SHOWPROGRESS=1 FEATURELEVEL=3
[2015.11.22-20.04.46:395][901]LightingResults: New page: Lighting Build
[2015.11.22-20.04.46:420][901]LoadErrors: New page: Loading map: Circus.umap
[2015.11.22-20.04.46:424][901]MapCheck: New page: Map Check
[2015.11.22-20.04.46:424][901]LightingResults: New page: Lighting Build
[2015.11.22-20.04.46:469][901]LogParticles: Destroying 0 GPU particle simulations for FXSystem 0x00000031B1AF9800
[2015.11.22-20.04.46:626][901]LogEditorServer: Finished looking for orphan Actors (0.000 secs)
[2015.11.22-20.04.46:698][901]Cmd: MAP CHECKDEP NOCLEARLOG
[2015.11.22-20.04.46:897][901]MapCheck: Info Map check complete: 0 Error(s), 0 Warning(s), took 199.215ms to complete.
[2015.11.22-20.04.46:898][901]LogFileHelpers: Loading map 'Circus' took 0.506
[2015.11.22-20.05.13:399][247]LogBlueprintUserMessages: PostEditorRefresh for Blueprint 'FirstKnockDownGame', cached variable property's owner is '/Game/ThirdPersonBP/Blueprints/PuzzleObjs/FirstKnockDownGame.SKEL_FirstKnockDownGame_C'
[2015.11.22-20.05.32:384][183]LogBlueprintUserMessages: CustomizeDetails for Blueprint 'ThirdPersonCharacter', cached variable property's owner is '/Game/ThirdPersonBP/Blueprints/ThirdPersonCharacter.SKEL_ThirdPersonCharacter_C'
[2015.11.22-20.05.49:530][102]LogBlueprintUserMessages: CustomizeDetails for Blueprint 'ThirdPersonCharacter', cached variable property's owner is '/Game/ThirdPersonBP/Blueprints/ThirdPersonCharacter.SKEL_ThirdPersonCharacter_C'
[2015.11.22-20.06.01:650][792]LogBlueprintUserMessages: CustomizeDetails for Blueprint 'ThirdPersonCharacter', cached variable property's owner is '/Game/ThirdPersonBP/Blueprints/ThirdPersonCharacter.SKEL_ThirdPersonCharacter_C'
[2015.11.22-20.06.22:034][950]LogBlueprintUserMessages: CustomizeDetails for Blueprint 'ThirdPersonCharacter', cached variable property's owner is '/Game/ThirdPersonBP/Blueprints/ThirdPersonCharacter.SKEL_ThirdPersonCharacter_C'
[2015.11.22-20.06.24:251][ 72]LogBlueprintUserMessages: CustomizeDetails for Blueprint 'ThirdPersonCharacter', cached variable property's owner is '/Game/ThirdPersonBP/Blueprints/ThirdPersonCharacter.SKEL_ThirdPersonCharacter_C'
[2015.11.22-20.06.27:166][239]LogBlueprintUserMessages: CustomizeDetails for Blueprint 'ThirdPersonCharacter', cached variable property's owner is '/Game/ThirdPersonBP/Blueprints/ThirdPersonCharacter.SKEL_ThirdPersonCharacter_C'
[2015.11.22-20.06.36:593][758]LogBlueprintUserMessages: CustomizeDetails for Blueprint 'ThirdPersonCharacter', cached variable property's owner is '/Game/ThirdPersonBP/Blueprints/ThirdPersonCharacter.SKEL_ThirdPersonCharacter_C'
[2015.11.22-20.06.37:765][826]LogBlueprintUserMessages: CustomizeDetails for Blueprint 'ThirdPersonCharacter', cached variable property's owner is '/Game/ThirdPersonBP/Blueprints/ThirdPersonCharacter.SKEL_ThirdPersonCharacter_C'
[2015.11.22-20.07.35:376][943]LogBlueprintUserMessages: CustomizeDetails for Blueprint 'ThirdPersonCharacter', cached variable property's owner is '/Game/ThirdPersonBP/Blueprints/ThirdPersonCharacter.SKEL_ThirdPersonCharacter_C'
[2015.11.22-20.07.35:918][969]LogBlueprintUserMessages: CustomizeDetails for Blueprint 'ThirdPersonCharacter', cached variable property's owner is '/Game/ThirdPersonBP/Blueprints/ThirdPersonCharacter.SKEL_ThirdPersonCharacter_C'
[2015.11.22-20.07.43:057][353]LogBlueprintUserMessages: CustomizeDetails for Blueprint 'ThirdPersonCharacter', cached variable property's owner is '/Game/ThirdPersonBP/Blueprints/ThirdPersonCharacter.SKEL_ThirdPersonCharacter_C'
[2015.11.22-20.07.43:642][387]LogBlueprintUserMessages: CustomizeDetails for Blueprint 'ThirdPersonCharacter', cached variable property's owner is '/Game/ThirdPersonBP/Blueprints/ThirdPersonCharacter.SKEL_ThirdPersonCharacter_C'
[2015.11.22-20.07.54:415][938]LogBlueprintUserMessages: CustomizeDetails for Blueprint 'FirstKnockDownGame', cached variable property's owner is '/Game/ThirdPersonBP/Blueprints/PuzzleObjs/FirstKnockDownGame.SKEL_FirstKnockDownGame_C'
[2015.11.22-20.07.59:301][255]LogRenderer: Reallocating scene render targets to support 1052x528 (Frame:27929).
[2015.11.22-20.08.42:516][730]LogEditorViewport: Clicking on Actor (LMB): BlockingVolume (BlockingVolume12)
[2015.11.22-20.08.47:981][997]LogEditorViewport: Clicking on Actor (LMB): BP_Sky_Sphere_C (SkySphereBlueprint)
[2015.11.22-20.09.20:052][537]LogBlueprintUserMessages: Early PlayInEditor Detection: Level '/Game/ThirdPersonBP/Maps/Circus.Circus:PersistentLevel' has LevelScriptBlueprint '/Game/ThirdPersonBP/Maps/Circus.Circus:PersistentLevel.Circus' with GeneratedClass '/Game/ThirdPersonBP/Maps/Circus.Circus_C' with ClassGeneratedBy '/Game/ThirdPersonBP/Maps/Circus.Circus:PersistentLevel.Circus'
[2015.11.22-20.09.20:053][537]LogPlayLevel: PlayLevel: No blueprints needed recompiling
[2015.11.22-20.09.20:053][537]PIE: New page: PIE session: Circus (Nov 22, 2015, 10:09:20 AM)
[2015.11.22-20.09.20:053][537]LogPlayLevel: Creating play world package: /Game/ThirdPersonBP/Maps/UEDPIE_0_Circus
[2015.11.22-20.09.20:177][537]LogPlayLevel: PIE: StaticDuplicateObject took: (0.123894s)
[2015.11.22-20.09.20:179][537]LogAIModule: Creating AISystem for world Circus
[2015.11.22-20.09.20:179][537]LogPlayLevel: PIE: World Init took: (0.002358s)
[2015.11.22-20.09.20:180][537]LogPlayLevel: PIE: Created PIE world by copying editor world from /Game/ThirdPersonBP/Maps/Circus.Circus to /Game/ThirdPersonBP/Maps/UEDPIE_0_Circus.Circus (0.126948s)
[2015.11.22-20.09.20:180][537]LogActorComponent: UnregisterComponent: (/Engine/Transient.CharMoveComp) Not registered. Aborting.
[2015.11.22-20.09.20:181][537]LogActorComponent: UnregisterComponent: (/Engine/Transient.CharacterMovementComponent_2) Not registered. Aborting.
[2015.11.22-20.09.20:223][537]LogInit: XAudio2 using 'Speakers (Sound Blaster Recon3Di)' : 2 channels at 48 kHz using 32 bits per sample (channel mask 0x3)
[2015.11.22-20.09.20:232][537]LogInit: FAudioDevice initialized.
[2015.11.22-20.09.20:284][537]LogWorld: Game class is 'ThirdPersonGameMode_C'
[2015.11.22-20.09.20:322][537]LogWorld: Bringing World /Game/ThirdPersonBP/Maps/UEDPIE_0_Circus.Circus up for play (max tick rate 0) at 2015.11.22-15.09.20
[2015.11.22-20.09.20:323][537]LogActor:Warning: GameSession /Game/ThirdPersonBP/Maps/UEDPIE_0_Circus.Circus:PersistentLevel.GameSession_1 has natively added scene component(s), but none of them were set as the actor's RootComponent - picking one arbitrarily
[2015.11.22-20.09.20:324][537]LogActor:Warning: GameNetworkManager /Game/ThirdPersonBP/Maps/UEDPIE_0_Circus.Circus:PersistentLevel.GameNetworkManager_1 has natively added scene component(s), but none of them were set as the actor's RootComponent - picking one arbitrarily
[2015.11.22-20.09.20:325][537]LogWorld: Bringing up level for play took: 0.040194
[2015.11.22-20.09.20:384][537]PIE: Info Play in editor start time for /Game/ThirdPersonBP/Maps/UEDPIE_0_Circus -0.306
[2015.11.22-20.09.20:384][537]LogBlueprintUserMessages: Late PlayInEditor Detection: Level '/Game/ThirdPersonBP/Maps/Circus.Circus:PersistentLevel' has LevelScriptBlueprint '/Game/ThirdPersonBP/Maps/Circus.Circus:PersistentLevel.Circus' with GeneratedClass '/Game/ThirdPersonBP/Maps/Circus.Circus_C' with ClassGeneratedBy '/Game/ThirdPersonBP/Maps/Circus.Circus:PersistentLevel.Circus'
[2015.11.22-20.09.20:449][538]LogRenderer: Reallocating scene render targets to support 1280x720 (Frame:28669).
[2015.11.22-20.11.33:293][704]LogBlueprintUserMessages: Early EndPlayMap Detection: Level '/Game/ThirdPersonBP/Maps/Circus.Circus:PersistentLevel' has LevelScriptBlueprint '/Game/ThirdPersonBP/Maps/Circus.Circus:PersistentLevel.Circus' with GeneratedClass '/Game/ThirdPersonBP/Maps/Circus.Circus_C' with ClassGeneratedBy '/Game/ThirdPersonBP/Maps/Circus.Circus:PersistentLevel.Circus'
[2015.11.22-20.11.33:358][704]LogBlueprintUserMessages: Late EndPlayMap Detection: Level '/Game/ThirdPersonBP/Maps/Circus.Circus:PersistentLevel' has LevelScriptBlueprint '/Game/ThirdPersonBP/Maps/Circus.Circus:PersistentLevel.Circus' with GeneratedClass '/Game/ThirdPersonBP/Maps/Circus.Circus_C' with ClassGeneratedBy '/Game/ThirdPersonBP/Maps/Circus.Circus:PersistentLevel.Circus'
[2015.11.22-20.11.33:437][704]LogParticles: Destroying 0 GPU particle simulations for FXSystem 0x00000031D107D620
[2015.11.22-20.11.34:302][707]LogBlueprintUserMessages: CustomizeDetails for Blueprint 'ThirdPersonCharacter', cached variable property's owner is '/Game/ThirdPersonBP/Blueprints/ThirdPersonCharacter.SKEL_ThirdPersonCharacter_C'
[2015.11.22-20.12.15:314][827]LogActorComponent: UnregisterComponent: (/Engine/Transient.EditorFloorComp) Not registered. Aborting.
[2015.11.22-20.12.15:373][827]LogActorComponent: UnregisterComponent: (/Engine/Transient.EditorFloorComp) Not registered. Aborting.
[2015.11.22-20.12.15:427][827]LogWindowsTextInputMethodSystem:Display: IME system now deactivated.
[2015.11.22-20.12.15:428][827]LogWindowsTextInputMethodSystem:Display: IME system now deactivated.
[2015.11.22-20.12.15:778][828]Cmd: QUIT_EDITOR
[2015.11.22-20.12.16:244][828]LogExit: Preparing to exit.
[2015.11.22-20.12.17:123][828]LogExit: Editor shut down
[2015.11.22-20.12.17:124][828]LogExit: Transaction tracking system shut down
[2015.11.22-20.12.17:130][828]LogParticles: Destroying 0 GPU particle simulations for FXSystem 0x00000031EAA17920
[2015.11.22-20.12.17:130][828]LogParticles: Destroying 0 GPU particle simulations for FXSystem 0x000000318CFD7880
[2015.11.22-20.12.17:130][828]LogParticles: Destroying 0 GPU particle simulations for FXSystem 0x000000318D1E9940
[2015.11.22-20.12.17:131][828]LogParticles: Destroying 0 GPU particle simulations for FXSystem 0x00000031914E8720
[2015.11.22-20.12.17:135][828]LogParticles: Destroying 0 GPU particle simulations for FXSystem 0x00000031EAA179C0
[2015.11.22-20.12.17:138][828]LogParticles: Destroying 0 GPU particle simulations for FXSystem 0x00000031BF288180
[2015.11.22-20.12.17:142][828]LogParticles: Destroying 0 GPU particle simulations for FXSystem 0x00000031FB489DA0
[2015.11.22-20.12.17:145][828]LogParticles: Destroying 0 GPU particle simulations for FXSystem 0x00000031871F6B60
[2015.11.22-20.12.17:450][828]LogExit: Object subsystem successfully closed.
[2015.11.22-20.12.17:461][828]LogD3D11RHI: Shutdown
[2015.11.22-20.12.17:461][828]LogD3D11RHI: CleanupD3DDevice
[2015.11.22-20.12.17:695][828]LogD3D11RHI: ~FD3D11DynamicRHI
[2015.11.22-20.12.17:747][828]LogModuleManager: Shutting down and abandoning module BlueprintGraph (200)
[2015.11.22-20.12.17:747][828]LogModuleManager: Shutting down and abandoning module DistCurveEditor (199)
[2015.11.22-20.12.17:748][828]LogModuleManager: Shutting down and abandoning module Matinee (198)
[2015.11.22-20.12.17:748][828]LogModuleManager: Shutting down and abandoning module CrashTracker (197)
[2015.11.22-20.12.17:748][828]LogModuleManager: Shutting down and abandoning module SceneOutliner (196)
[2015.11.22-20.12.17:748][828]LogModuleManager: Shutting down and abandoning module SuperSearch (195)
[2015.11.22-20.12.17:748][828]LogModuleManager: Shutting down and abandoning module WidgetCarousel (194)
[2015.11.22-20.12.17:748][828]LogModuleManager: Shutting down and abandoning module AddContentDialog (193)
[2015.11.22-20.12.17:750][828]LogModuleManager: Shutting down and abandoning module EditorWidgets (192)
[2015.11.22-20.12.17:750][828]LogModuleManager: Shutting down and abandoning module CollectionManager (191)
[2015.11.22-20.12.17:751][828]LogModuleManager: Shutting down and abandoning module StatsViewer (190)
[2015.11.22-20.12.17:751][828]LogModuleManager: Shutting down and abandoning module FoliageEdit (189)
[2015.11.22-20.12.17:751][828]LogModuleManager: Shutting down and abandoning module LandscapeEditor (188)
[2015.11.22-20.12.17:751][828]LogModuleManager: Shutting down and abandoning module ActorPickerMode (187)
[2015.11.22-20.12.17:751][828]LogModuleManager: Shutting down and abandoning module GeometryMode (186)
[2015.11.22-20.12.17:751][828]LogModuleManager: Shutting down and abandoning module TextureAlignMode (185)
[2015.11.22-20.12.17:751][828]LogModuleManager: Shutting down and abandoning module BspMode (184)
[2015.11.22-20.12.17:751][828]LogModuleManager: Shutting down and abandoning module PlacementMode (183)
[2015.11.22-20.12.17:751][828]LogModuleManager: Shutting down and abandoning module AutomationWorker (182)
[2015.11.22-20.12.17:751][828]LogModuleManager: Shutting down and abandoning module CharacterAI (181)
[2015.11.22-20.12.17:751][828]LogModuleManager: Shutting down and abandoning module SmartSnapping (180)
[2015.11.22-20.12.17:751][828]LogModuleManager: Shutting down and abandoning module ViewportSnapping (179)
[2015.11.22-20.12.17:751][828]LogModuleManager: Shutting down and abandoning module LogVisualizer (178)
[2015.11.22-20.12.17:751][828]LogModuleManager: Shutting down and abandoning module GameProjectGeneration (177)
[2015.11.22-20.12.17:751][828]LogModuleManager: Shutting down and abandoning module IntroTutorials (176)
[2015.11.22-20.12.17:752][828]LogModuleManager: Shutting down and abandoning module EditorLiveStreaming (175)
[2015.11.22-20.12.17:752][828]LogModuleManager: Shutting down and abandoning module IOSPlatformEditor (174)
[2015.11.22-20.12.17:752][828]LogModuleManager: Shutting down and abandoning module HTML5PlatformEditor (173)
[2015.11.22-20.12.17:752][828]LogModuleManager: Shutting down and abandoning module AndroidDeviceDetection (172)
[2015.11.22-20.12.18:092][828]LogModuleManager: Shutting down and abandoning module AndroidPlatformEditor (171)
[2015.11.22-20.12.18:092][828]LogModuleManager: Shutting down and abandoning module IOSRuntimeSettings (170)
[2015.11.22-20.12.18:092][828]LogModuleManager: Shutting down and abandoning module AndroidRuntimeSettings (169)
[2015.11.22-20.12.18:092][828]LogModuleManager: Shutting down and abandoning module MergeActors (168)
[2015.11.22-20.12.18:092][828]LogModuleManager: Shutting down and abandoning module SizeMap (167)
[2015.11.22-20.12.18:092][828]LogModuleManager: Shutting down and abandoning module TreeMap (166)
[2015.11.22-20.12.18:092][828]LogModuleManager: Shutting down and abandoning module ReferenceViewer (165)
[2015.11.22-20.12.18:092][828]LogModuleManager: Shutting down and abandoning module LocalizationService (164)
[2015.11.22-20.12.18:092][828]LogModuleManager: Shutting down and abandoning module LocalizationDashboard (163)
[2015.11.22-20.12.18:092][828]LogModuleManager: Shutting down and abandoning module HardwareTargeting (162)
[2015.11.22-20.12.18:092][828]LogModuleManager: Shutting down and abandoning module DeviceProfileEditor (161)
[2015.11.22-20.12.18:092][828]LogModuleManager: Shutting down and abandoning module UndoHistory (160)
[2015.11.22-20.12.18:092][828]LogModuleManager: Shutting down and abandoning module GameplayTagsEditor (159)
[2015.11.22-20.12.18:092][828]LogModuleManager: Shutting down and abandoning module UserFeedback (158)
[2015.11.22-20.12.18:092][828]LogModuleManager: Shutting down and abandoning module XmlParser (157)
[2015.11.22-20.12.18:092][828]LogModuleManager: Shutting down and abandoning module Blutility (156)
[2015.11.22-20.12.18:092][828]LogModuleManager: Shutting down and abandoning module ProjectTargetPlatformEditor (155)
[2015.11.22-20.12.18:092][828]LogModuleManager: Shutting down and abandoning module ProjectSettingsViewer (154)
[2015.11.22-20.12.18:092][828]LogModuleManager: Shutting down and abandoning module InputBindingEditor (153)
[2015.11.22-20.12.18:092][828]LogModuleManager: Shutting down and abandoning module EditorSettingsViewer (152)
[2015.11.22-20.12.18:092][828]LogModuleManager: Shutting down and abandoning module SettingsEditor (151)
[2015.11.22-20.12.18:092][828]LogModuleManager: Shutting down and abandoning module ProjectLauncher (150)
[2015.11.22-20.12.18:092][828]LogModuleManager: Shutting down and abandoning module SessionFrontend (149)
[2015.11.22-20.12.18:092][828]LogModuleManager: Shutting down and abandoning module ProfilerClient (148)
[2015.11.22-20.12.18:092][828]LogModuleManager: Shutting down and abandoning module TargetDeviceServices (147)
[2015.11.22-20.12.18:092][828]LogModuleManager: Shutting down and abandoning module DeviceManager (146)
[2015.11.22-20.12.18:093][828]LogModuleManager: Shutting down and abandoning module AutomationController (145)
[2015.11.22-20.12.18:093][828]LogModuleManager: Shutting down and abandoning module AutomationWindow (144)
[2015.11.22-20.12.18:093][828]LogModuleManager: Shutting down and abandoning module Layers (143)
[2015.11.22-20.12.18:093][828]LogModuleManager: Shutting down and abandoning module ComponentVisualizers (142)
[2015.11.22-20.12.18:093][828]LogModuleManager: Shutting down and abandoning module DetailCustomizations (141)
[2015.11.22-20.12.18:093][828]LogModuleManager: Shutting down and abandoning module PackagesDialog (140)
[2015.11.22-20.12.18:093][828]LogModuleManager: Shutting down and abandoning module Persona (139)
[2015.11.22-20.12.18:093][828]LogModuleManager: Shutting down and abandoning module Kismet (138)
[2015.11.22-20.12.18:093][828]LogModuleManager: Shutting down and abandoning module GraphEditor (137)
[2015.11.22-20.12.18:093][828]LogModuleManager: Shutting down and abandoning module ClassViewer (136)
[2015.11.22-20.12.18:093][828]LogModuleManager: Shutting down and abandoning module Toolbox (135)
[2015.11.22-20.12.18:093][828]LogModuleManager: Shutting down and abandoning module ModuleUI (134)
[2015.11.22-20.12.18:093][828]LogModuleManager: Shutting down and abandoning module MovieSceneTools (133)
[2015.11.22-20.12.18:093][828]LogModuleManager: Shutting down and abandoning module OutputLog (132)
[2015.11.22-20.12.18:093][828]LogModuleManager: Shutting down and abandoning module GammaUI (131)
[2015.11.22-20.12.18:093][828]LogModuleManager: Shutting down and abandoning module Documentation (130)
[2015.11.22-20.12.18:093][828]LogModuleManager: Shutting down and abandoning module GameLiveStreaming (129)
[2015.11.22-20.12.18:093][828]LogModuleManager: Shutting down and abandoning module StreamingPauseRendering (128)
[2015.11.22-20.12.18:093][828]LogModuleManager: Shutting down and abandoning module AnalyticsET (127)
[2015.11.22-20.12.18:093][828]LogModuleManager: Shutting down and abandoning module Analytics (126)
[2015.11.22-20.12.18:093][828]LogModuleManager: Shutting down and abandoning module AITestSuite (125)
[2015.11.22-20.12.18:093][828]LogModuleManager: Shutting down and abandoning module GameplayDebugger (124)
[2015.11.22-20.12.18:093][828]LogModuleManager: Shutting down and abandoning module AIModule (123)
[2015.11.22-20.12.18:093][828]LogModuleManager: Shutting down and abandoning module ProfilerService (122)
[2015.11.22-20.12.18:297][828]LogModuleManager: Shutting down and abandoning module TaskGraph (121)
[2015.11.22-20.12.18:297][828]LogModuleManager: Shutting down and abandoning module SlateRemote (120)
[2015.11.22-20.12.18:297][828]LogModuleManager: Shutting down and abandoning module SteamVRController (119)
[2015.11.22-20.12.18:297][828]LogModuleManager: Shutting down and abandoning module SteamVR (118)
[2015.11.22-20.12.18:297][828]LogModuleManager: Shutting down and abandoning module ProceduralMeshComponent (117)
[2015.11.22-20.12.18:297][828]LogModuleManager: Shutting down and abandoning module OculusRift (116)
[2015.11.22-20.12.18:297][828]LogModuleManager: Shutting down and abandoning module OculusLibrary (115)
[2015.11.22-20.12.18:297][828]LogModuleManager: Shutting down and abandoning module LeapMotionController (114)
[2015.11.22-20.12.18:316][828]LogModuleManager: Shutting down and abandoning module CustomMeshComponent (113)
[2015.11.22-20.12.18:316][828]LogModuleManager: Shutting down and abandoning module CableComponent (112)
[2015.11.22-20.12.18:316][828]LogModuleManager: Shutting down and abandoning module ArchVisCharacter (111)
[2015.11.22-20.12.18:316][828]LogModuleManager: Shutting down and abandoning module MessagingDebugger (110)
[2015.11.22-20.12.18:316][828]LogModuleManager: Shutting down and abandoning module MediaPlayerEditor (109)
[2015.11.22-20.12.18:316][828]LogModuleManager: Shutting down and abandoning module HTML5Networking (108)
[2015.11.22-20.12.18:316][828]LogModuleManager: Shutting down and abandoning module SpeedTreeImporter (107)
[2015.11.22-20.12.18:316][828]LogModuleManager: Shutting down and abandoning module PluginBrowser (106)
[2015.11.22-20.12.18:316][828]LogModuleManager: Shutting down and abandoning module EpicSurvey (105)
[2015.11.22-20.12.18:316][828]LogModuleManager: Shutting down and abandoning module DesktopPlatform (104)
[2015.11.22-20.12.18:316][828]LogModuleManager: Shutting down and abandoning module VisualStudioSourceCodeAccess (103)
[2015.11.22-20.12.18:316][828]LogModuleManager: Shutting down and abandoning module UObjectPlugin (102)
[2015.11.22-20.12.18:316][828]LogModuleManager: Shutting down and abandoning module SubversionSourceControl (101)
[2015.11.22-20.12.18:316][828]LogModuleManager: Shutting down and abandoning module PerforceSourceControl (100)
[2015.11.22-20.12.18:316][828]LogModuleManager: Shutting down and abandoning module SourceControl (99)
[2015.11.22-20.12.18:316][828]LogModuleManager: Shutting down and abandoning module GitSourceControl (98)
[2015.11.22-20.12.18:316][828]LogModuleManager: Shutting down and abandoning module LightPropagationVolumeEditor (97)
[2015.11.22-20.12.18:316][828]LogModuleManager: Shutting down and abandoning module PaperTiledImporter (96)
[2015.11.22-20.12.18:316][828]LogModuleManager: Shutting down and abandoning module PaperSpriteSheetImporter (95)
[2015.11.22-20.12.18:316][828]LogModuleManager: Shutting down and abandoning module MeshPaint (94)
[2015.11.22-20.12.18:316][828]LogModuleManager: Shutting down and abandoning module SlateReflector (93)
[2015.11.22-20.12.18:316][828]LogModuleManager: Shutting down and abandoning module HotReload (92)
[2015.11.22-20.12.18:316][828]LogModuleManager: Shutting down and abandoning module MainFrame (91)
[2015.11.22-20.12.18:316][828]LogModuleManager: Shutting down and abandoning module LevelEditor (90)
[2015.11.22-20.12.18:317][828]LogModuleManager: Shutting down and abandoning module DirectoryWatcher (89)
[2015.11.22-20.12.18:318][828]LogModuleManager: Shutting down and abandoning module AssetRegistry (88)
[2015.11.22-20.12.18:400][828]LogModuleManager: Shutting down and abandoning module ContentBrowser (87)
[2015.11.22-20.12.18:401][828]LogModuleManager: Shutting down and abandoning module Paper2DEditor (86)
[2015.11.22-20.12.18:401][828]LogModuleManager: Shutting down and abandoning module UdpMessaging (85)
[2015.11.22-20.12.18:502][828]LogModuleManager: Shutting down and abandoning module LightPropagationVolumeRuntime (84)
[2015.11.22-20.12.18:502][828]LogModuleManager: Shutting down and abandoning module Paper2D (83)
[2015.11.22-20.12.18:502][828]LogModuleManager: Shutting down and abandoning module WindowsMoviePlayer (82)
[2015.11.22-20.12.18:514][828]LogModuleManager: Shutting down and abandoning module Media (81)
[2015.11.22-20.12.18:514][828]LogModuleManager: Shutting down and abandoning module WmfMedia (80)
[2015.11.22-20.12.18:514][828]LogModuleManager: Shutting down and abandoning module OnlineBlueprintSupport (79)
[2015.11.22-20.12.18:514][828]LogModuleManager: Shutting down and abandoning module GameplayTasksEditor (78)
[2015.11.22-20.12.18:514][828]LogModuleManager: Shutting down and abandoning module PropertyEditor (77)
[2015.11.22-20.12.18:514][828]LogModuleManager: Shutting down and abandoning module BehaviorTreeEditor (76)
[2015.11.22-20.12.18:514][828]LogModuleManager: Shutting down and abandoning module FunctionalTesting (75)
[2015.11.22-20.12.18:514][828]LogModuleManager: Shutting down and abandoning module CollisionAnalyzer (74)
[2015.11.22-20.12.18:514][828]LogModuleManager: Shutting down and abandoning module WorkspaceMenuStructure (73)
[2015.11.22-20.12.18:515][828]LogModuleManager: Shutting down and abandoning module MessageLog (72)
[2015.11.22-20.12.18:515][828]LogModuleManager: Shutting down and abandoning module Sequencer (71)
[2015.11.22-20.12.18:515][828]LogModuleManager: Shutting down and abandoning module AssetTools (70)
[2015.11.22-20.12.18:515][828]LogModuleManager: Shutting down and abandoning module UMGEditor (69)
[2015.11.22-20.12.18:515][828]LogModuleManager: Shutting down and abandoning module UMG (68)
[2015.11.22-20.12.18:515][828]LogModuleManager: Shutting down and abandoning module Slate (67)
[2015.11.22-20.12.18:515][828]LogModuleManager: Shutting down and abandoning module EditorStyle (66)
[2015.11.22-20.12.18:523][828]LogModuleManager: Shutting down and abandoning module SessionServices (65)
[2015.11.22-20.12.18:523][828]LogModuleManager: Shutting down and abandoning module SourceCodeAccess (64)
[2015.11.22-20.12.18:523][828]LogModuleManager: Shutting down and abandoning module HeadMountedDisplay (63)
[2015.11.22-20.12.18:523][828]LogModuleManager: Shutting down and abandoning module XAudio2 (62)
[2015.11.22-20.12.18:523][828]LogModuleManager: Shutting down and abandoning module Networking (60)
[2015.11.22-20.12.18:523][828]LogModuleManager: Shutting down and abandoning module Core (59)
[2015.11.22-20.12.18:524][828]LogModuleManager: Shutting down and abandoning module KismetCompiler (58)
[2015.11.22-20.12.18:524][828]LogModuleManager: Shutting down and abandoning module PhysXFormats (57)
[2015.11.22-20.12.18:524][828]LogModuleManager: Shutting down and abandoning module MeshUtilities (56)
[2015.11.22-20.12.18:524][828]LogModuleManager: Shutting down and abandoning module CookingStats (55)
[2015.11.22-20.12.18:534][828]LogModuleManager: Shutting down and abandoning module DerivedDataCache (54)
[2015.11.22-20.12.18:629][828]LogDerivedDataCache: Shutdown
[2015.11.22-20.12.18:629][828]LogModuleManager: Shutting down and abandoning module ShaderFormatOpenGL (53)
[2015.11.22-20.12.18:629][828]LogModuleManager: Shutting down and abandoning module ShaderFormatD3D (52)
[2015.11.22-20.12.18:629][828]LogModuleManager: Shutting down and abandoning module MetalShaderFormat (51)
[2015.11.22-20.12.18:629][828]LogModuleManager: Shutting down and abandoning module TextureFormatUncompressed (50)
[2015.11.22-20.12.18:629][828]LogModuleManager: Shutting down and abandoning module TextureFormatPVR (49)
[2015.11.22-20.12.18:629][828]LogModuleManager: Shutting down and abandoning module TextureFormatIntelISPCTexComp (48)
[2015.11.22-20.12.18:629][828]LogModuleManager: Shutting down and abandoning module TextureFormatDXT (47)
[2015.11.22-20.12.18:629][828]LogModuleManager: Shutting down and abandoning module ImageWrapper (46)
[2015.11.22-20.12.18:629][828]LogModuleManager: Shutting down and abandoning module TextureFormatASTC (45)
[2015.11.22-20.12.18:629][828]LogModuleManager: Shutting down and abandoning module TextureFormatAndroid (44)
[2015.11.22-20.12.18:629][828]LogModuleManager: Shutting down and abandoning module AudioFormatOpus (43)
[2015.11.22-20.12.18:629][828]LogModuleManager: Shutting down and abandoning module AudioFormatOgg (42)
[2015.11.22-20.12.18:630][828]LogModuleManager: Shutting down and abandoning module AudioFormatADPCM (41)
[2015.11.22-20.12.18:630][828]LogModuleManager: Shutting down and abandoning module LinuxTargetPlatform (40)
[2015.11.22-20.12.18:630][828]LogModuleManager: Shutting down and abandoning module LinuxServerTargetPlatform (39)
[2015.11.22-20.12.18:630][828]LogModuleManager: Shutting down and abandoning module LinuxNoEditorTargetPlatform (38)
[2015.11.22-20.12.18:630][828]LogModuleManager: Shutting down and abandoning module Messaging (37)
[2015.11.22-20.12.18:630][828]LogModuleManager: Shutting down and abandoning module IOSTargetPlatform (36)
[2015.11.22-20.12.18:630][828]LogModuleManager: Shutting down and abandoning module HTML5TargetPlatform (35)
[2015.11.22-20.12.18:630][828]LogModuleManager: Shutting down and abandoning module Android_PVRTCTargetPlatform (34)
[2015.11.22-20.12.18:630][828]LogModuleManager: Shutting down and abandoning module Android_ETC2TargetPlatform (33)
[2015.11.22-20.12.18:630][828]LogModuleManager: Shutting down and abandoning module Android_ETC1TargetPlatform (32)
[2015.11.22-20.12.18:630][828]LogModuleManager: Shutting down and abandoning module Android_DXTTargetPlatform (31)
[2015.11.22-20.12.18:630][828]LogModuleManager: Shutting down and abandoning module Android_ATCTargetPlatform (30)
[2015.11.22-20.12.18:630][828]LogModuleManager: Shutting down and abandoning module Android_ASTCTargetPlatform (29)
[2015.11.22-20.12.18:630][828]LogModuleManager: Shutting down and abandoning module AndroidTargetPlatform (28)
[2015.11.22-20.12.18:630][828]LogModuleManager: Shutting down and abandoning module WindowsTargetPlatform (27)
[2015.11.22-20.12.18:630][828]LogModuleManager: Shutting down and abandoning module WindowsServerTargetPlatform (26)
[2015.11.22-20.12.18:630][828]LogModuleManager: Shutting down and abandoning module WindowsNoEditorTargetPlatform (25)
[2015.11.22-20.12.18:630][828]LogModuleManager: Shutting down and abandoning module WindowsClientTargetPlatform (24)
[2015.11.22-20.12.18:630][828]LogModuleManager: Shutting down and abandoning module AllDesktopTargetPlatform (23)
[2015.11.22-20.12.18:630][828]LogModuleManager: Shutting down and abandoning module TargetPlatform (22)
[2015.11.22-20.12.18:630][828]LogModuleManager: Shutting down and abandoning module InputCore (21)
[2015.11.22-20.12.18:630][828]LogModuleManager: Shutting down and abandoning module Settings (20)
[2015.11.22-20.12.18:631][828]LogModuleManager: Shutting down and abandoning module OnlineSubsystem (18)
[2015.11.22-20.12.18:631][828]LogModuleManager: Shutting down and abandoning module HTTP (17)
[2015.11.22-20.12.19:639][828]LogModuleManager: Shutting down and abandoning module XMPP (16)
[2015.11.22-20.12.19:639][828]LogModuleManager: Shutting down and abandoning module ExampleDeviceProfileSelector (15)
[2015.11.22-20.12.19:639][828]LogModuleManager: Shutting down and abandoning module TextureCompressor (14)
[2015.11.22-20.12.19:639][828]LogModuleManager: Shutting down and abandoning module ShaderCore (13)
[2015.11.22-20.12.19:640][828]LogModuleManager: Shutting down and abandoning module Landscape (12)
[2015.11.22-20.12.19:640][828]LogModuleManager: Shutting down and abandoning module SlateRHIRenderer (11)
[2015.11.22-20.12.19:645][828]LogModuleManager: Shutting down and abandoning module OpenGLDrv (10)
[2015.11.22-20.12.19:645][828]LogModuleManager: Shutting down and abandoning module D3D11RHI (9)
[2015.11.22-20.12.19:645][828]LogModuleManager: Shutting down and abandoning module AnimGraphRuntime (8)
[2015.11.22-20.12.19:645][828]LogModuleManager: Shutting down and abandoning module Renderer (7)
[2015.11.22-20.12.19:645][828]LogModuleManager: Shutting down and abandoning module Engine (6)
[2015.11.22-20.12.19:645][828]LogModuleManager: Shutting down and abandoning module CoreUObject (5)
[2015.11.22-20.12.19:645][828]LogModuleManager: Shutting down and abandoning module NetworkFile (4)
[2015.11.22-20.12.19:645][828]LogModuleManager: Shutting down and abandoning module StreamingFile (3)
[2015.11.22-20.12.19:645][828]LogModuleManager: Shutting down and abandoning module SandboxFile (2)
[2015.11.22-20.12.19:646][828]LogModuleManager: Shutting down and abandoning module PakFile (1)
[2015.11.22-20.12.19:647][828]LogExit: Exiting.
[2015.11.22-20.12.19:652][828]Log file closed, 11/22/15 15:12:19
