[2015.12.05-19.28.59:875][  0]Log file open, 12/05/15 14:28:59
[2015.12.05-19.28.59:875][  0]LogInit:Display: Running engine for game: NightmareGame
[2015.12.05-19.28.59:875][  0]LogInit:Display: RandInit(-769178392) SRandInit(-769178392).
[2015.12.05-19.28.59:875][  0]LogTaskGraph: Started task graph with 4 named threads and 7 total threads.
[2015.12.05-19.28.59:875][  0]LogStats: Stats thread started at 0.087345
[2015.12.05-19.28.59:875][  0]LogInit: Version: 4.9.2-2707645+++depot+UE4-Releases+4.9
[2015.12.05-19.28.59:875][  0]LogInit: API Version: 2672455
[2015.12.05-19.28.59:875][  0]LogInit: Compiled (64-bit): Sep 28 2015 10:25:44
[2015.12.05-19.28.59:875][  0]LogInit: Compiled with Visual C++: 18.00.21005.01
[2015.12.05-19.28.59:875][  0]LogInit: Build Configuration: Development
[2015.12.05-19.28.59:875][  0]LogInit: Branch Name: ++depot+UE4-Releases+4.9
[2015.12.05-19.28.59:875][  0]LogInit: Command line:  /Temp/Autosaves/Game/ThirdPersonBP/Maps/UEDPCCave -game -PIEVIACONSOLE -ResX=1280 -ResY=720  -Multiprocess 
[2015.12.05-19.28.59:875][  0]LogInit: Base directory: C:/Program Files/Epic Games/4.9/Engine/Binaries/Win64/
[2015.12.05-19.28.59:875][  0]LogInit: Rocket: 1
[2015.12.05-19.28.59:889][  0]LogInit: Using libcurl 7.41.0
[2015.12.05-19.28.59:889][  0]LogInit:  - built for x86_64-pc-win32
[2015.12.05-19.28.59:889][  0]LogInit:  - supports SSL with WinSSL
[2015.12.05-19.28.59:889][  0]LogInit:  - other features:
[2015.12.05-19.28.59:889][  0]LogInit:      CURL_VERSION_SSL
[2015.12.05-19.28.59:889][  0]LogInit:      CURL_VERSION_IPV6
[2015.12.05-19.28.59:889][  0]LogInit:      CURL_VERSION_ASYNCHDNS
[2015.12.05-19.28.59:889][  0]LogInit:      CURL_VERSION_LARGEFILE
[2015.12.05-19.28.59:889][  0]LogInit:      CURL_VERSION_IDN
[2015.12.05-19.28.59:889][  0]LogInit:  CurlRequestOptions (configurable via config and command line):
[2015.12.05-19.28.59:889][  0]LogInit:  - bVerifyPeer = true  - Libcurl will verify peer certificate
[2015.12.05-19.28.59:889][  0]LogInit:  - bUseHttpProxy = false  - Libcurl will NOT use HTTP proxy
[2015.12.05-19.28.59:889][  0]LogInit:  - bDontReuseConnections = false  - Libcurl will reuse connections
[2015.12.05-19.28.59:889][  0]LogInit:  - CertBundlePath = nullptr  - Libcurl will use whatever was configured at build time.
[2015.12.05-19.28.59:899][  0]LogInit: Presizing for 0 objects not considered by GC, pre-allocating 0 bytes.
[2015.12.05-19.28.59:907][  0]LogInit: Object subsystem initialized
[2015.12.05-19.28.59:908][  0]LogInit: Selected Device Profile: [Windows]
[2015.12.05-19.28.59:908][  0]LogInit: Applying CVar settings loaded from the selected device profile: [Windows]
[2015.12.05-19.28.59:911][  0]LogInit: Computer: NICKSCOMPUTER
[2015.12.05-19.28.59:911][  0]LogInit: User: ntanc000
[2015.12.05-19.28.59:911][  0]LogInit: CPU Page size=4096, Cores=4
[2015.12.05-19.28.59:911][  0]LogInit: High frequency timer resolution =2.537594 MHz
[2015.12.05-19.28.59:911][  0]LogMemory: Memory total: Physical=15.9GB (16GB approx)
[2015.12.05-19.28.59:911][  0]LogMemory: Platform Memory Stats for Windows
[2015.12.05-19.28.59:911][  0]LogMemory: Process Physical Memory: 54.30 MB used, 54.30 MB peak
[2015.12.05-19.28.59:911][  0]LogMemory: Process Virtual Memory: 58.42 MB used, 58.42 MB peak
[2015.12.05-19.28.59:911][  0]LogMemory: Physical Memory: 5456.01 MB used, 16269.45 MB total
[2015.12.05-19.28.59:911][  0]LogMemory: Virtual Memory: 372.13 MB used, 134217728.00 MB total
[2015.12.05-19.28.59:963][  0]LogTextLocalizationManager: No specific translations for ('en-US') exist, so ('en') translations will be used.
[2015.12.05-19.29.00:643][  0]LogD3D11RHI: Found D3D11 adapter 0: NVIDIA GeForce GTX 980M  (Feature Level 11_0)
[2015.12.05-19.29.00:643][  0]LogD3D11RHI: Adapter has 4012MB of dedicated video memory, 0MB of dedicated system memory, and 8134MB of shared system memory, 1 output[s]
[2015.12.05-19.29.00:651][  0]LogD3D11RHI: Found D3D11 adapter 1: Intel(R) HD Graphics 4600 (Feature Level 11_0)
[2015.12.05-19.29.00:651][  0]LogD3D11RHI: Adapter has 112MB of dedicated video memory, 0MB of dedicated system memory, and 8134MB of shared system memory, 0 output[s]
[2015.12.05-19.29.00:653][  0]LogD3D11RHI: Found D3D11 adapter 2: Microsoft Basic Render Driver (Feature Level 11_0)
[2015.12.05-19.29.00:653][  0]LogD3D11RHI: Adapter has 0MB of dedicated video memory, 0MB of dedicated system memory, and 8134MB of shared system memory, 0 output[s]
[2015.12.05-19.29.00:653][  0]LogD3D11RHI: Chosen D3D11 Adapter Id = 0
[2015.12.05-19.29.00:658][  0]LogD3D11RHI: !Direct3DDevice
[2015.12.05-19.29.00:658][  0]LogRHI: Texture pool is 1361 MB (70% of 1945 MB)
[2015.12.05-19.29.00:671][  0]LogD3D11RHI: Async texture creation enabled
[2015.12.05-19.29.00:690][  0]LogShaderCompilers: Guid format shader working directory is 15 characters bigger than the processId version (../../../../../../Users/ntanc_000/Desktop/NightmareGame/TheGame/Intermediate/Shaders/WorkingDirectory/8276/).
[2015.12.05-19.29.00:690][  0]LogShaderCompilers: Cleaned the shader compiler working directory '../../../../../../Users/ntanc_000/Desktop/NightmareGame/TheGame/Intermediate/Shaders/tmp/833C94714AE11AFB90588889AB169305/'.
[2015.12.05-19.29.00:690][  0]LogShaderCompilers:Display: Using Local Shader Compiler.
[2015.12.05-19.29.01:706][  0]LogTemp:Display: Loaded TP AllDesktopTargetPlatform
[2015.12.05-19.29.01:713][  0]LogTemp:Display: Loaded TP WindowsClientTargetPlatform
[2015.12.05-19.29.01:720][  0]LogTemp:Display: Loaded TP WindowsNoEditorTargetPlatform
[2015.12.05-19.29.01:726][  0]LogTemp:Display: Loaded TP WindowsServerTargetPlatform
[2015.12.05-19.29.01:732][  0]LogTemp:Display: Loaded TP WindowsTargetPlatform
[2015.12.05-19.29.01:736][  0]LogTemp:Display: Loaded TP AndroidTargetPlatform
[2015.12.05-19.29.01:740][  0]LogTemp:Display: Loaded TP Android_ASTCTargetPlatform
[2015.12.05-19.29.01:744][  0]LogTemp:Display: Loaded TP Android_ATCTargetPlatform
[2015.12.05-19.29.01:748][  0]LogTemp:Display: Loaded TP Android_DXTTargetPlatform
[2015.12.05-19.29.01:752][  0]LogTemp:Display: Loaded TP Android_ETC1TargetPlatform
[2015.12.05-19.29.01:756][  0]LogTemp:Display: Loaded TP Android_ETC2TargetPlatform
[2015.12.05-19.29.01:760][  0]LogTemp:Display: Loaded TP Android_PVRTCTargetPlatform
[2015.12.05-19.29.01:761][  0]LogTemp:Display: Loaded TP HTML5TargetPlatform
[2015.12.05-19.29.01:780][  0]LogTemp:Display: Loaded TP IOSTargetPlatform
[2015.12.05-19.29.01:784][  0]LogTemp:Display: Loaded TP LinuxNoEditorTargetPlatform
[2015.12.05-19.29.01:787][  0]LogTemp:Display: Loaded TP LinuxServerTargetPlatform
[2015.12.05-19.29.01:791][  0]LogTemp:Display: Loaded TP LinuxTargetPlatform
[2015.12.05-19.29.01:791][  0]LogTargetPlatformManager:Display: Building Assets For Windows
[2015.12.05-19.29.01:884][  0]LogDerivedDataCache:Display: Max Cache Size: 512 MB
[2015.12.05-19.29.01:927][  0]LogDerivedDataCache: Loaded boot cache 0.04s 41MB C:/Users/ntanc_000/AppData/Local/UnrealEngine/4.9/DerivedDataCache/Boot.ddc.
[2015.12.05-19.29.01:927][  0]LogDerivedDataCache:Display: Loaded Boot cache: C:/Users/ntanc_000/AppData/Local/UnrealEngine/4.9/DerivedDataCache/Boot.ddc
[2015.12.05-19.29.01:927][  0]LogDerivedDataCache: FDerivedDataBackendGraph:  Pak pak cache file ../../../../../../Users/ntanc_000/Desktop/NightmareGame/TheGame/DerivedDataCache/DDC.ddp not found, will not use a pak cache.
[2015.12.05-19.29.01:927][  0]LogDerivedDataCache: Unable to find inner node Pak for hierarchical cache Hierarchy.
[2015.12.05-19.29.01:927][  0]LogDerivedDataCache: FDerivedDataBackendGraph:  CompressedPak pak cache file ../../../../../../Users/ntanc_000/Desktop/NightmareGame/TheGame/DerivedDataCache/Compressed.ddp not found, will not use a pak cache.
[2015.12.05-19.29.01:927][  0]LogDerivedDataCache: Unable to find inner node CompressedPak for hierarchical cache Hierarchy.
[2015.12.05-19.29.02:056][  0]LogDerivedDataCache:Display: Pak cache opened for reading ../../../Engine/DerivedDataCache/Compressed.ddp.
[2015.12.05-19.29.02:067][  0]LogDerivedDataCache: Using Local data cache path C:/Users/ntanc_000/AppData/Local/UnrealEngine/Common/DerivedDataCache: Writable
[2015.12.05-19.29.02:219][  0]LogInit: Selected Device Profile: [Windows]
[2015.12.05-19.29.02:222][  0]LogContentStreaming: Texture pool size is 1000.000000MB
[2015.12.05-19.29.02:336][  0]LogMeshUtilities: No automatic mesh reduction module available
[2015.12.05-19.29.02:336][  0]LogMeshUtilities: No automatic mesh merging module available
[2015.12.05-19.29.02:538][  0]LogInit: WinSock: version 1.1 (2.2), MaxSocks=32767, MaxUdp=65467
[2015.12.05-19.29.02:751][  0]LogWindowsMoviePlayer: Unable to load movie: ../../../../../../Users/ntanc_000/Desktop/NightmareGame/TheGame/Content/Movies/Default_Startup.mp4
[2015.12.05-19.29.02:877][  0]SourceControl: Info Source control is disabled
[2015.12.05-19.29.02:878][  0]SourceControl: Info Source control is disabled
[2015.12.05-19.29.02:892][  0]SourceControl: Info Source control is disabled
[2015.12.05-19.29.03:017][  0]LogLinker:Warning: Asset '../../../Engine/Plugins/Runtime/LeapMotionController/Content/LM_PassthroughMaterial.uasset' has been saved with empty engine version. The asset will be loaded but may be incompatible.
[2015.12.05-19.29.03:125][  0]LogObj: 27669 objects as part of root set at end of initial load.
[2015.12.05-19.29.03:125][  0]LogUObjectAllocator: 5775704 out of 0 bytes used by permanent object pool.
[2015.12.05-19.29.03:193][  0]LogEngine: Initializing Engine...
[2015.12.05-19.29.03:195][  0]LogHMD: Can't find Oculus library dev build: is proper Runtime installed? Version: 0.7.0.0
[2015.12.05-19.29.03:196][  0]LogHMD: SteamVR failed to initialize.  Err: 110
[2015.12.05-19.29.03:315][  0]LogInit: XAudio2 using 'Speakers (Sound Blaster Recon3Di)' : 2 channels at 48 kHz using 32 bits per sample (channel mask 0x3)
[2015.12.05-19.29.03:330][  0]LogInit: FAudioDevice initialized.
[2015.12.05-19.29.03:333][  0]LogInit: Texture streaming: Enabled
[2015.12.05-19.29.03:410][  0]LogNet: Browse: /Temp/Autosaves/Game/ThirdPersonBP/Maps/UEDPCCave?Name=Player
[2015.12.05-19.29.03:411][  0]LogLoad: LoadMap: /Temp/Autosaves/Game/ThirdPersonBP/Maps/UEDPCCave?Name=Player
[2015.12.05-19.29.03:424][  0]LogParticles: Destroying 0 GPU particle simulations for FXSystem 0x000001CF47720720
[2015.12.05-19.29.03:436][  0]LogMemory: Platform Memory Stats for Windows
[2015.12.05-19.29.03:436][  0]LogMemory: Process Physical Memory: 388.20 MB used, 388.20 MB peak
[2015.12.05-19.29.03:436][  0]LogMemory: Process Virtual Memory: 444.88 MB used, 444.89 MB peak
[2015.12.05-19.29.03:436][  0]LogMemory: Physical Memory: 5740.77 MB used, 16269.45 MB total
[2015.12.05-19.29.03:436][  0]LogMemory: Virtual Memory: 985.80 MB used, 134217728.00 MB total
[2015.12.05-19.29.03:436][  0]LogMemory: 
[2015.12.05-19.29.03:436][  0]Allocator Stats for TBB: (not implemented)
[2015.12.05-19.29.03:661][  0]LogLinker:Warning: CreateImport: Failed to load Outer for resource 'Arrow': Spider_BP_C /Game/ThirdPersonBP/AnimatedStuff/Spider/Spider_BP.Default__Spider_BP_C
[2015.12.05-19.29.03:663][  0]LogLinker:Warning: Asset '../../../../../../Users/ntanc_000/Desktop/NightmareGame/TheGame/Content/Mannequin/Animations/ThirdPerson_AnimBP.uasset' has been saved with empty engine version. The asset will be loaded but may be incompatible.
[2015.12.05-19.29.03:665][  0]LogLinker:Warning: Asset '../../../../../../Users/ntanc_000/Desktop/NightmareGame/TheGame/Content/Mannequin/Animations/ThirdPerson_Jump.uasset' has been saved with empty engine version. The asset will be loaded but may be incompatible.
[2015.12.05-19.29.03:666][  0]LogLinker:Warning: Asset '../../../../../../Users/ntanc_000/Desktop/NightmareGame/TheGame/Content/Mannequin/Animations/ThirdPersonJump_Loop.uasset' has been saved with empty engine version. The asset will be loaded but may be incompatible.
[2015.12.05-19.29.03:666][  0]LogLinker:Warning: Asset '../../../../../../Users/ntanc_000/Desktop/NightmareGame/TheGame/Content/Mannequin/Animations/ThirdPersonJump_Start.uasset' has been saved with empty engine version. The asset will be loaded but may be incompatible.
[2015.12.05-19.29.03:667][  0]LogLinker:Warning: Asset '../../../../../../Users/ntanc_000/Desktop/NightmareGame/TheGame/Content/Mannequin/Animations/ThirdPerson_IdleRun_2D.uasset' has been saved with empty engine version. The asset will be loaded but may be incompatible.
[2015.12.05-19.29.03:680][  0]LogLinker:Warning: Asset '../../../../../../Users/ntanc_000/Desktop/NightmareGame/TheGame/Content/Mannequin/Animations/ThirdPersonIdle.uasset' has been saved with empty engine version. The asset will be loaded but may be incompatible.
[2015.12.05-19.29.03:681][  0]LogLinker:Warning: Asset '../../../../../../Users/ntanc_000/Desktop/NightmareGame/TheGame/Content/Mannequin/Animations/ThirdPersonWalk.uasset' has been saved with empty engine version. The asset will be loaded but may be incompatible.
[2015.12.05-19.29.03:681][  0]LogLinker:Warning: Asset '../../../../../../Users/ntanc_000/Desktop/NightmareGame/TheGame/Content/Mannequin/Animations/ThirdPersonRun.uasset' has been saved with empty engine version. The asset will be loaded but may be incompatible.
[2015.12.05-19.29.03:711][  0]LogLinker:Warning: CreateImport: Failed to load Outer for resource 'Arrow': Child_C /Game/ThirdPersonBP/Blueprints/Child.Default__Child_C
[2015.12.05-19.29.04:596][  0]LogAIModule: Creating AISystem for world Cave
[2015.12.05-19.29.04:640][  0]LogWorld: Game class is 'ThirdPersonGameMode_C'
[2015.12.05-19.29.04:662][  0]LogWorld: Bringing World /Temp/Autosaves/Game/ThirdPersonBP/Maps/UEDPCCave.Cave up for play (max tick rate 0) at 2015.12.05-14.29.04
[2015.12.05-19.29.04:668][  0]LogWorld: Bringing up level for play took: 0.026358
[2015.12.05-19.29.04:671][  0]LogPawn:Error: EnableInput can only be specified on a Pawn for its Controller
[2015.12.05-19.29.04:672][  0]LogInit:Display: Game Engine Initialized.
[2015.12.05-19.29.04:913][  0]LogLoad: Full Startup: 5.38 seconds (BP compile: 0.23 seconds)
[2015.12.05-19.29.04:931][  0]LogWindowsTextInputMethodSystem:Display: IME system now deactivated.
[2015.12.05-19.29.04:932][  0]LogWindowsTextInputMethodSystem:Display: IME system now deactivated.
[2015.12.05-19.29.05:071][  2]LogRenderer: Reallocating scene render targets to support 1280x720 (Frame:2).
[2015.12.05-19.29.06:791][102]LogScript:Warning: Accessed None 'Physics Handle'
	ThirdPersonCharacter_C /Temp/Autosaves/Game/ThirdPersonBP/Maps/UEDPCCave.Cave:PersistentLevel.ThirdPersonCharacter_C_0
	Function /Game/ThirdPersonBP/Blueprints/ThirdPersonCharacter.ThirdPersonCharacter_C:ExecuteUbergraph_ThirdPersonCharacter:1369
[2015.12.05-19.29.06:806][103]LogScript:Warning: Accessed None 'Physics Handle'
	ThirdPersonCharacter_C /Temp/Autosaves/Game/ThirdPersonBP/Maps/UEDPCCave.Cave:PersistentLevel.ThirdPersonCharacter_C_0
	Function /Game/ThirdPersonBP/Blueprints/ThirdPersonCharacter.ThirdPersonCharacter_C:ExecuteUbergraph_ThirdPersonCharacter:1369
[2015.12.05-19.29.06:823][104]LogScript:Warning: Accessed None 'Physics Handle'
	ThirdPersonCharacter_C /Temp/Autosaves/Game/ThirdPersonBP/Maps/UEDPCCave.Cave:PersistentLevel.ThirdPersonCharacter_C_0
	Function /Game/ThirdPersonBP/Blueprints/ThirdPersonCharacter.ThirdPersonCharacter_C:ExecuteUbergraph_ThirdPersonCharacter:1369
[2015.12.05-19.29.06:839][105]LogScript:Warning: Accessed None 'Physics Handle'
	ThirdPersonCharacter_C /Temp/Autosaves/Game/ThirdPersonBP/Maps/UEDPCCave.Cave:PersistentLevel.ThirdPersonCharacter_C_0
	Function /Game/ThirdPersonBP/Blueprints/ThirdPersonCharacter.ThirdPersonCharacter_C:ExecuteUbergraph_ThirdPersonCharacter:1369
[2015.12.05-19.29.06:855][106]LogScript:Warning: Accessed None 'Physics Handle'
	ThirdPersonCharacter_C /Temp/Autosaves/Game/ThirdPersonBP/Maps/UEDPCCave.Cave:PersistentLevel.ThirdPersonCharacter_C_0
	Function /Game/ThirdPersonBP/Blueprints/ThirdPersonCharacter.ThirdPersonCharacter_C:ExecuteUbergraph_ThirdPersonCharacter:1369
[2015.12.05-19.29.06:871][107]LogScript:Warning: Accessed None 'Physics Handle'
	ThirdPersonCharacter_C /Temp/Autosaves/Game/ThirdPersonBP/Maps/UEDPCCave.Cave:PersistentLevel.ThirdPersonCharacter_C_0
	Function /Game/ThirdPersonBP/Blueprints/ThirdPersonCharacter.ThirdPersonCharacter_C:ExecuteUbergraph_ThirdPersonCharacter:1369
[2015.12.05-19.29.06:887][108]LogScript:Warning: Accessed None 'Physics Handle'
	ThirdPersonCharacter_C /Temp/Autosaves/Game/ThirdPersonBP/Maps/UEDPCCave.Cave:PersistentLevel.ThirdPersonCharacter_C_0
	Function /Game/ThirdPersonBP/Blueprints/ThirdPersonCharacter.ThirdPersonCharacter_C:ExecuteUbergraph_ThirdPersonCharacter:1369
[2015.12.05-19.29.06:903][109]LogScript:Warning: Accessed None 'Physics Handle'
	ThirdPersonCharacter_C /Temp/Autosaves/Game/ThirdPersonBP/Maps/UEDPCCave.Cave:PersistentLevel.ThirdPersonCharacter_C_0
	Function /Game/ThirdPersonBP/Blueprints/ThirdPersonCharacter.ThirdPersonCharacter_C:ExecuteUbergraph_ThirdPersonCharacter:1369
[2015.12.05-19.29.06:919][110]LogScript:Warning: Accessed None 'Physics Handle'
	ThirdPersonCharacter_C /Temp/Autosaves/Game/ThirdPersonBP/Maps/UEDPCCave.Cave:PersistentLevel.ThirdPersonCharacter_C_0
	Function /Game/ThirdPersonBP/Blueprints/ThirdPersonCharacter.ThirdPersonCharacter_C:ExecuteUbergraph_ThirdPersonCharacter:1369
[2015.12.05-19.29.06:936][111]LogScript:Warning: Accessed None 'Physics Handle'
	ThirdPersonCharacter_C /Temp/Autosaves/Game/ThirdPersonBP/Maps/UEDPCCave.Cave:PersistentLevel.ThirdPersonCharacter_C_0
	Function /Game/ThirdPersonBP/Blueprints/ThirdPersonCharacter.ThirdPersonCharacter_C:ExecuteUbergraph_ThirdPersonCharacter:1369
[2015.12.05-19.29.06:952][112]LogScript:Warning: Accessed None 'Physics Handle'
	ThirdPersonCharacter_C /Temp/Autosaves/Game/ThirdPersonBP/Maps/UEDPCCave.Cave:PersistentLevel.ThirdPersonCharacter_C_0
	Function /Game/ThirdPersonBP/Blueprints/ThirdPersonCharacter.ThirdPersonCharacter_C:ExecuteUbergraph_ThirdPersonCharacter:1166
[2015.12.05-19.29.06:952][112]LogScript:Warning: Accessed None 'Physics Object'
	ThirdPersonCharacter_C /Temp/Autosaves/Game/ThirdPersonBP/Maps/UEDPCCave.Cave:PersistentLevel.ThirdPersonCharacter_C_0
	Function /Game/ThirdPersonBP/Blueprints/ThirdPersonCharacter.ThirdPersonCharacter_C:ExecuteUbergraph_ThirdPersonCharacter:11C5
[2015.12.05-19.30.10:033][ 19]Closing by request
[2015.12.05-19.30.10:033][ 19]LogWindows: FPlatformMisc::RequestExit(0)
[2015.12.05-19.30.10:255][ 20]LogWindowsTextInputMethodSystem:Display: IME system now deactivated.
[2015.12.05-19.30.10:255][ 20]LogWindowsTextInputMethodSystem:Display: IME system now deactivated.
[2015.12.05-19.30.10:276][ 20]LogExit: Preparing to exit.
[2015.12.05-19.30.10:410][ 20]LogExit: Game engine shut down
[2015.12.05-19.30.10:417][ 20]LogParticles: Destroying 0 GPU particle simulations for FXSystem 0x000001CF540A45E0
[2015.12.05-19.30.10:646][ 20]LogExit: Object subsystem successfully closed.
[2015.12.05-19.30.10:682][ 20]LogD3D11RHI: Shutdown
[2015.12.05-19.30.10:682][ 20]LogD3D11RHI: CleanupD3DDevice
[2015.12.05-19.30.10:780][ 20]LogD3D11RHI: ~FD3D11DynamicRHI
[2015.12.05-19.30.10:802][ 20]LogModuleManager: Shutting down and abandoning module AndroidDeviceDetection (115)
[2015.12.05-19.30.10:950][ 20]LogModuleManager: Shutting down and abandoning module AutomationController (114)
[2015.12.05-19.30.10:950][ 20]LogModuleManager: Shutting down and abandoning module AutomationWorker (113)
[2015.12.05-19.30.10:950][ 20]LogModuleManager: Shutting down and abandoning module CharacterAI (112)
[2015.12.05-19.30.10:950][ 20]LogModuleManager: Shutting down and abandoning module AITestSuite (111)
[2015.12.05-19.30.10:950][ 20]LogModuleManager: Shutting down and abandoning module GameplayDebugger (110)
[2015.12.05-19.30.10:950][ 20]LogModuleManager: Shutting down and abandoning module AIModule (109)
[2015.12.05-19.30.10:950][ 20]LogModuleManager: Shutting down and abandoning module GameLiveStreaming (108)
[2015.12.05-19.30.10:950][ 20]LogModuleManager: Shutting down and abandoning module StreamingPauseRendering (107)
[2015.12.05-19.30.10:950][ 20]LogModuleManager: Shutting down and abandoning module ProfilerService (106)
[2015.12.05-19.30.10:963][ 20]LogModuleManager: Shutting down and abandoning module TaskGraph (105)
[2015.12.05-19.30.10:963][ 20]LogModuleManager: Shutting down and abandoning module SlateRemote (104)
[2015.12.05-19.30.10:963][ 20]LogModuleManager: Shutting down and abandoning module SteamVRController (103)
[2015.12.05-19.30.10:963][ 20]LogModuleManager: Shutting down and abandoning module SteamVR (102)
[2015.12.05-19.30.10:963][ 20]LogModuleManager: Shutting down and abandoning module ProceduralMeshComponent (101)
[2015.12.05-19.30.10:963][ 20]LogModuleManager: Shutting down and abandoning module OculusRift (100)
[2015.12.05-19.30.10:963][ 20]LogModuleManager: Shutting down and abandoning module OculusLibrary (99)
[2015.12.05-19.30.10:963][ 20]LogModuleManager: Shutting down and abandoning module LeapMotionController (98)
[2015.12.05-19.30.10:991][ 20]LogModuleManager: Shutting down and abandoning module CustomMeshComponent (97)
[2015.12.05-19.30.10:995][ 20]LogModuleManager: Shutting down and abandoning module CableComponent (96)
[2015.12.05-19.30.10:995][ 20]LogModuleManager: Shutting down and abandoning module ArchVisCharacter (95)
[2015.12.05-19.30.10:995][ 20]LogModuleManager: Shutting down and abandoning module HTML5Networking (94)
[2015.12.05-19.30.10:995][ 20]LogModuleManager: Shutting down and abandoning module DesktopPlatform (93)
[2015.12.05-19.30.10:995][ 20]LogModuleManager: Shutting down and abandoning module DirectoryWatcher (92)
[2015.12.05-19.30.10:995][ 20]LogModuleManager: Shutting down and abandoning module HotReload (91)
[2015.12.05-19.30.10:995][ 20]LogModuleManager: Shutting down and abandoning module VisualStudioSourceCodeAccess (90)
[2015.12.05-19.30.10:995][ 20]LogModuleManager: Shutting down and abandoning module UObjectPlugin (89)
[2015.12.05-19.30.10:995][ 20]LogModuleManager: Shutting down and abandoning module SubversionSourceControl (88)
[2015.12.05-19.30.10:995][ 20]LogModuleManager: Shutting down and abandoning module SourceControl (87)
[2015.12.05-19.30.10:995][ 20]LogModuleManager: Shutting down and abandoning module PerforceSourceControl (86)
[2015.12.05-19.30.10:996][ 20]LogModuleManager: Shutting down and abandoning module UdpMessaging (85)
[2015.12.05-19.30.10:996][ 20]LogModuleManager: Shutting down and abandoning module LightPropagationVolumeRuntime (84)
[2015.12.05-19.30.10:996][ 20]LogModuleManager: Shutting down and abandoning module Paper2D (83)
[2015.12.05-19.30.10:996][ 20]LogModuleManager: Shutting down and abandoning module WindowsMoviePlayer (82)
[2015.12.05-19.30.11:002][ 20]LogModuleManager: Shutting down and abandoning module Media (81)
[2015.12.05-19.30.11:002][ 20]LogModuleManager: Shutting down and abandoning module WmfMedia (80)
[2015.12.05-19.30.11:002][ 20]LogModuleManager: Shutting down and abandoning module OnlineBlueprintSupport (79)
[2015.12.05-19.30.11:002][ 20]LogModuleManager: Shutting down and abandoning module GameplayTasksEditor (78)
[2015.12.05-19.30.11:002][ 20]LogModuleManager: Shutting down and abandoning module PropertyEditor (77)
[2015.12.05-19.30.11:002][ 20]LogModuleManager: Shutting down and abandoning module BehaviorTreeEditor (76)
[2015.12.05-19.30.11:003][ 20]LogModuleManager: Shutting down and abandoning module FunctionalTesting (75)
[2015.12.05-19.30.11:003][ 20]LogModuleManager: Shutting down and abandoning module CollisionAnalyzer (74)
[2015.12.05-19.30.11:003][ 20]LogModuleManager: Shutting down and abandoning module WorkspaceMenuStructure (73)
[2015.12.05-19.30.11:003][ 20]LogModuleManager: Shutting down and abandoning module MessageLog (72)
[2015.12.05-19.30.11:003][ 20]LogModuleManager: Shutting down and abandoning module Sequencer (71)
[2015.12.05-19.30.11:003][ 20]LogModuleManager: Shutting down and abandoning module AssetTools (70)
[2015.12.05-19.30.11:004][ 20]LogModuleManager: Shutting down and abandoning module UMGEditor (69)
[2015.12.05-19.30.11:004][ 20]LogModuleManager: Shutting down and abandoning module UMG (68)
[2015.12.05-19.30.11:004][ 20]LogModuleManager: Shutting down and abandoning module Slate (67)
[2015.12.05-19.30.11:004][ 20]LogModuleManager: Shutting down and abandoning module EditorStyle (66)
[2015.12.05-19.30.11:007][ 20]LogModuleManager: Shutting down and abandoning module SessionServices (65)
[2015.12.05-19.30.11:007][ 20]LogModuleManager: Shutting down and abandoning module SourceCodeAccess (64)
[2015.12.05-19.30.11:007][ 20]LogModuleManager: Shutting down and abandoning module HeadMountedDisplay (63)
[2015.12.05-19.30.11:007][ 20]LogModuleManager: Shutting down and abandoning module XAudio2 (62)
[2015.12.05-19.30.11:007][ 20]LogModuleManager: Shutting down and abandoning module Networking (60)
[2015.12.05-19.30.11:007][ 20]LogModuleManager: Shutting down and abandoning module Core (59)
[2015.12.05-19.30.11:007][ 20]LogModuleManager: Shutting down and abandoning module KismetCompiler (58)
[2015.12.05-19.30.11:007][ 20]LogModuleManager: Shutting down and abandoning module PhysXFormats (57)
[2015.12.05-19.30.11:007][ 20]LogModuleManager: Shutting down and abandoning module MeshUtilities (56)
[2015.12.05-19.30.11:007][ 20]LogModuleManager: Shutting down and abandoning module CookingStats (55)
[2015.12.05-19.30.11:009][ 20]LogModuleManager: Shutting down and abandoning module DerivedDataCache (54)
[2015.12.05-19.30.11:101][ 20]LogDerivedDataCache: Shutdown
[2015.12.05-19.30.11:101][ 20]LogModuleManager: Shutting down and abandoning module ShaderFormatOpenGL (53)
[2015.12.05-19.30.11:101][ 20]LogModuleManager: Shutting down and abandoning module ShaderFormatD3D (52)
[2015.12.05-19.30.11:101][ 20]LogModuleManager: Shutting down and abandoning module MetalShaderFormat (51)
[2015.12.05-19.30.11:102][ 20]LogModuleManager: Shutting down and abandoning module TextureFormatUncompressed (50)
[2015.12.05-19.30.11:102][ 20]LogModuleManager: Shutting down and abandoning module TextureFormatPVR (49)
[2015.12.05-19.30.11:102][ 20]LogModuleManager: Shutting down and abandoning module TextureFormatIntelISPCTexComp (48)
[2015.12.05-19.30.11:102][ 20]LogModuleManager: Shutting down and abandoning module TextureFormatDXT (47)
[2015.12.05-19.30.11:102][ 20]LogModuleManager: Shutting down and abandoning module ImageWrapper (46)
[2015.12.05-19.30.11:102][ 20]LogModuleManager: Shutting down and abandoning module TextureFormatASTC (45)
[2015.12.05-19.30.11:102][ 20]LogModuleManager: Shutting down and abandoning module TextureFormatAndroid (44)
[2015.12.05-19.30.11:102][ 20]LogModuleManager: Shutting down and abandoning module AudioFormatOpus (43)
[2015.12.05-19.30.11:102][ 20]LogModuleManager: Shutting down and abandoning module AudioFormatOgg (42)
[2015.12.05-19.30.11:102][ 20]LogModuleManager: Shutting down and abandoning module AudioFormatADPCM (41)
[2015.12.05-19.30.11:102][ 20]LogModuleManager: Shutting down and abandoning module LinuxTargetPlatform (40)
[2015.12.05-19.30.11:102][ 20]LogModuleManager: Shutting down and abandoning module LinuxServerTargetPlatform (39)
[2015.12.05-19.30.11:102][ 20]LogModuleManager: Shutting down and abandoning module LinuxNoEditorTargetPlatform (38)
[2015.12.05-19.30.11:102][ 20]LogModuleManager: Shutting down and abandoning module Messaging (37)
[2015.12.05-19.30.11:102][ 20]LogModuleManager: Shutting down and abandoning module IOSTargetPlatform (36)
[2015.12.05-19.30.11:102][ 20]LogModuleManager: Shutting down and abandoning module HTML5TargetPlatform (35)
[2015.12.05-19.30.11:102][ 20]LogModuleManager: Shutting down and abandoning module Android_PVRTCTargetPlatform (34)
[2015.12.05-19.30.11:102][ 20]LogModuleManager: Shutting down and abandoning module Android_ETC2TargetPlatform (33)
[2015.12.05-19.30.11:102][ 20]LogModuleManager: Shutting down and abandoning module Android_ETC1TargetPlatform (32)
[2015.12.05-19.30.11:102][ 20]LogModuleManager: Shutting down and abandoning module Android_DXTTargetPlatform (31)
[2015.12.05-19.30.11:102][ 20]LogModuleManager: Shutting down and abandoning module Android_ATCTargetPlatform (30)
[2015.12.05-19.30.11:102][ 20]LogModuleManager: Shutting down and abandoning module Android_ASTCTargetPlatform (29)
[2015.12.05-19.30.11:102][ 20]LogModuleManager: Shutting down and abandoning module AndroidTargetPlatform (28)
[2015.12.05-19.30.11:102][ 20]LogModuleManager: Shutting down and abandoning module WindowsTargetPlatform (27)
[2015.12.05-19.30.11:102][ 20]LogModuleManager: Shutting down and abandoning module WindowsServerTargetPlatform (26)
[2015.12.05-19.30.11:102][ 20]LogModuleManager: Shutting down and abandoning module WindowsNoEditorTargetPlatform (25)
[2015.12.05-19.30.11:102][ 20]LogModuleManager: Shutting down and abandoning module WindowsClientTargetPlatform (24)
[2015.12.05-19.30.11:102][ 20]LogModuleManager: Shutting down and abandoning module AllDesktopTargetPlatform (23)
[2015.12.05-19.30.11:102][ 20]LogModuleManager: Shutting down and abandoning module TargetPlatform (22)
[2015.12.05-19.30.11:102][ 20]LogModuleManager: Shutting down and abandoning module InputCore (21)
[2015.12.05-19.30.11:102][ 20]LogModuleManager: Shutting down and abandoning module Settings (20)
[2015.12.05-19.30.11:102][ 20]LogModuleManager: Shutting down and abandoning module OnlineSubsystem (18)
[2015.12.05-19.30.11:102][ 20]LogModuleManager: Shutting down and abandoning module HTTP (17)
[2015.12.05-19.30.11:102][ 20]LogModuleManager: Shutting down and abandoning module XMPP (16)
[2015.12.05-19.30.11:104][ 20]LogModuleManager: Shutting down and abandoning module ExampleDeviceProfileSelector (15)
[2015.12.05-19.30.11:104][ 20]LogModuleManager: Shutting down and abandoning module TextureCompressor (14)
[2015.12.05-19.30.11:104][ 20]LogModuleManager: Shutting down and abandoning module ShaderCore (13)
[2015.12.05-19.30.11:104][ 20]LogModuleManager: Shutting down and abandoning module Landscape (12)
[2015.12.05-19.30.11:104][ 20]LogModuleManager: Shutting down and abandoning module SlateRHIRenderer (11)
[2015.12.05-19.30.11:104][ 20]LogModuleManager: Shutting down and abandoning module OpenGLDrv (10)
[2015.12.05-19.30.11:104][ 20]LogModuleManager: Shutting down and abandoning module D3D11RHI (9)
[2015.12.05-19.30.11:104][ 20]LogModuleManager: Shutting down and abandoning module AnimGraphRuntime (8)
[2015.12.05-19.30.11:104][ 20]LogModuleManager: Shutting down and abandoning module Renderer (7)
[2015.12.05-19.30.11:104][ 20]LogModuleManager: Shutting down and abandoning module Engine (6)
[2015.12.05-19.30.11:104][ 20]LogModuleManager: Shutting down and abandoning module CoreUObject (5)
[2015.12.05-19.30.11:104][ 20]LogModuleManager: Shutting down and abandoning module NetworkFile (4)
[2015.12.05-19.30.11:104][ 20]LogModuleManager: Shutting down and abandoning module StreamingFile (3)
[2015.12.05-19.30.11:104][ 20]LogModuleManager: Shutting down and abandoning module SandboxFile (2)
[2015.12.05-19.30.11:104][ 20]LogModuleManager: Shutting down and abandoning module PakFile (1)
[2015.12.05-19.30.11:106][ 20]LogExit: Exiting.
[2015.12.05-19.30.11:109][ 20]Log file closed, 12/05/15 14:30:11
