[2015.11.18-18.23.21:582][  0]Log file open, 11/18/15 13:23:21
[2015.11.18-18.23.21:582][  0]LogInit:Display: Running engine for game: NightmareGame
[2015.11.18-18.23.21:582][  0]LogInit:Display: RandInit(986792388) SRandInit(986792388).
[2015.11.18-18.23.21:582][  0]LogTaskGraph: Started task graph with 4 named threads and 7 total threads.
[2015.11.18-18.23.21:582][  0]LogStats: Stats thread started at 1.856409
[2015.11.18-18.23.21:582][  0]LogInit: Version: 4.9.2-2707645+++depot+UE4-Releases+4.9
[2015.11.18-18.23.21:582][  0]LogInit: API Version: 2672455
[2015.11.18-18.23.21:582][  0]LogInit: Compiled (64-bit): Sep 28 2015 10:25:44
[2015.11.18-18.23.21:582][  0]LogInit: Compiled with Visual C++: 18.00.21005.01
[2015.11.18-18.23.21:582][  0]LogInit: Build Configuration: Development
[2015.11.18-18.23.21:582][  0]LogInit: Branch Name: ++depot+UE4-Releases+4.9
[2015.11.18-18.23.21:582][  0]LogInit: Command line:  
[2015.11.18-18.23.21:582][  0]LogInit: Base directory: C:/Program Files/Epic Games/4.9/Engine/Binaries/Win64/
[2015.11.18-18.23.21:582][  0]LogInit: Rocket: 1
[2015.11.18-18.23.21:802][  0]LogInit: Using libcurl 7.41.0
[2015.11.18-18.23.21:802][  0]LogInit:  - built for x86_64-pc-win32
[2015.11.18-18.23.21:802][  0]LogInit:  - supports SSL with WinSSL
[2015.11.18-18.23.21:802][  0]LogInit:  - other features:
[2015.11.18-18.23.21:802][  0]LogInit:      CURL_VERSION_SSL
[2015.11.18-18.23.21:802][  0]LogInit:      CURL_VERSION_IPV6
[2015.11.18-18.23.21:802][  0]LogInit:      CURL_VERSION_ASYNCHDNS
[2015.11.18-18.23.21:802][  0]LogInit:      CURL_VERSION_LARGEFILE
[2015.11.18-18.23.21:802][  0]LogInit:      CURL_VERSION_IDN
[2015.11.18-18.23.21:802][  0]LogInit:  CurlRequestOptions (configurable via config and command line):
[2015.11.18-18.23.21:802][  0]LogInit:  - bVerifyPeer = true  - Libcurl will verify peer certificate
[2015.11.18-18.23.21:802][  0]LogInit:  - bUseHttpProxy = false  - Libcurl will NOT use HTTP proxy
[2015.11.18-18.23.21:802][  0]LogInit:  - bDontReuseConnections = false  - Libcurl will reuse connections
[2015.11.18-18.23.21:802][  0]LogInit:  - CertBundlePath = nullptr  - Libcurl will use whatever was configured at build time.
[2015.11.18-18.23.22:025][  0]LogInit: Presizing for 0 objects not considered by GC, pre-allocating 0 bytes.
[2015.11.18-18.23.22:147][  0]LogInit: Object subsystem initialized
[2015.11.18-18.23.22:349][  0]LogInit: Selected Device Profile: [Windows]
[2015.11.18-18.23.22:349][  0]LogInit: Applying CVar settings loaded from the selected device profile: [Windows]
[2015.11.18-18.23.22:645][  0]LogInit: Computer: LAUREN-PC
[2015.11.18-18.23.22:645][  0]LogInit: User: Lauren
[2015.11.18-18.23.22:645][  0]LogInit: CPU Page size=4096, Cores=4
[2015.11.18-18.23.22:645][  0]LogInit: High frequency timer resolution =2.338378 MHz
[2015.11.18-18.23.22:659][  0]LogMemory: Memory total: Physical=7.9GB (8GB approx)
[2015.11.18-18.23.22:659][  0]LogMemory: Platform Memory Stats for Windows
[2015.11.18-18.23.22:659][  0]LogMemory: Process Physical Memory: 58.02 MB used, 58.02 MB peak
[2015.11.18-18.23.22:659][  0]LogMemory: Process Virtual Memory: 59.46 MB used, 59.46 MB peak
[2015.11.18-18.23.22:659][  0]LogMemory: Physical Memory: 5740.93 MB used, 8079.30 MB total
[2015.11.18-18.23.22:659][  0]LogMemory: Virtual Memory: 340.32 MB used, 8388608.00 MB total
[2015.11.18-18.23.24:699][  0]LogTextLocalizationManager: No specific translations for ('en-US') exist, so ('en') translations will be used.
[2015.11.18-18.23.27:649][  0]LogD3D11RHI: Found D3D11 adapter 0: NVIDIA GeForce GTX 770M (Feature Level 11_0)
[2015.11.18-18.23.27:649][  0]LogD3D11RHI: Adapter has 3009MB of dedicated video memory, 0MB of dedicated system memory, and 3783MB of shared system memory, 1 output[s]
[2015.11.18-18.23.28:127][  0]LogD3D11RHI: Found D3D11 adapter 1: NVIDIA GeForce GTX 770M (Feature Level 11_0)
[2015.11.18-18.23.28:127][  0]LogD3D11RHI: Adapter has 3009MB of dedicated video memory, 0MB of dedicated system memory, and 3783MB of shared system memory, 1 output[s]
[2015.11.18-18.23.28:143][  0]LogD3D11RHI: Chosen D3D11 Adapter Id = 0
[2015.11.18-18.23.28:151][  0]LogD3D11RHI: !Direct3DDevice
[2015.11.18-18.23.28:151][  0]LogRHI: Texture pool is 1361 MB (70% of 1945 MB)
[2015.11.18-18.23.28:174][  0]LogD3D11RHI: Async texture creation enabled
[2015.11.18-18.23.28:440][  0]LogShaderCompilers: Guid format shader working directory is 14 characters bigger than the processId version (E:/NightmareGame/TheGame/Intermediate/Shaders/WorkingDirectory/12040/).
[2015.11.18-18.23.28:443][  0]LogShaderCompilers: Cleaned the shader compiler working directory 'E:/NightmareGame/TheGame/Intermediate/Shaders/tmp/F009ABE146D0BFC545B25F9888266E2E/'.
[2015.11.18-18.23.28:443][  0]LogShaderCompilers:Display: Using Local Shader Compiler.
[2015.11.18-18.23.45:368][  0]LogTemp:Display: Loaded TP AllDesktopTargetPlatform
[2015.11.18-18.23.45:381][  0]LogTemp:Display: Loaded TP WindowsClientTargetPlatform
[2015.11.18-18.23.45:393][  0]LogTemp:Display: Loaded TP WindowsNoEditorTargetPlatform
[2015.11.18-18.23.45:406][  0]LogTemp:Display: Loaded TP WindowsServerTargetPlatform
[2015.11.18-18.23.45:417][  0]LogTemp:Display: Loaded TP WindowsTargetPlatform
[2015.11.18-18.23.45:482][  0]LogTemp:Display: Loaded TP AndroidTargetPlatform
[2015.11.18-18.23.45:492][  0]LogTemp:Display: Loaded TP Android_ASTCTargetPlatform
[2015.11.18-18.23.45:503][  0]LogTemp:Display: Loaded TP Android_ATCTargetPlatform
[2015.11.18-18.23.45:514][  0]LogTemp:Display: Loaded TP Android_DXTTargetPlatform
[2015.11.18-18.23.45:525][  0]LogTemp:Display: Loaded TP Android_ETC1TargetPlatform
[2015.11.18-18.23.45:536][  0]LogTemp:Display: Loaded TP Android_ETC2TargetPlatform
[2015.11.18-18.23.45:547][  0]LogTemp:Display: Loaded TP Android_PVRTCTargetPlatform
[2015.11.18-18.23.45:580][  0]LogTemp:Display: Loaded TP HTML5TargetPlatform
[2015.11.18-18.23.45:767][  0]LogTemp:Display: Loaded TP IOSTargetPlatform
[2015.11.18-18.23.45:778][  0]LogTemp:Display: Loaded TP LinuxNoEditorTargetPlatform
[2015.11.18-18.23.45:789][  0]LogTemp:Display: Loaded TP LinuxServerTargetPlatform
[2015.11.18-18.23.45:827][  0]LogTemp:Display: Loaded TP LinuxTargetPlatform
[2015.11.18-18.23.45:827][  0]LogTargetPlatformManager:Display: Building Assets For Windows
[2015.11.18-18.23.47:763][  0]LogDerivedDataCache:Display: Max Cache Size: 512 MB
[2015.11.18-18.23.48:541][  0]LogDerivedDataCache: Loaded boot cache 0.78s 45MB C:/Users/Lauren/AppData/Local/UnrealEngine/4.9/DerivedDataCache/Boot.ddc.
[2015.11.18-18.23.48:541][  0]LogDerivedDataCache:Display: Loaded Boot cache: C:/Users/Lauren/AppData/Local/UnrealEngine/4.9/DerivedDataCache/Boot.ddc
[2015.11.18-18.23.48:542][  0]LogDerivedDataCache: FDerivedDataBackendGraph:  Pak pak cache file E:/NightmareGame/TheGame/DerivedDataCache/DDC.ddp not found, will not use a pak cache.
[2015.11.18-18.23.48:542][  0]LogDerivedDataCache: Unable to find inner node Pak for hierarchical cache Hierarchy.
[2015.11.18-18.23.48:542][  0]LogDerivedDataCache: FDerivedDataBackendGraph:  CompressedPak pak cache file E:/NightmareGame/TheGame/DerivedDataCache/Compressed.ddp not found, will not use a pak cache.
[2015.11.18-18.23.48:542][  0]LogDerivedDataCache: Unable to find inner node CompressedPak for hierarchical cache Hierarchy.
[2015.11.18-18.23.48:775][  0]LogDerivedDataCache:Display: Pak cache opened for reading ../../../Engine/DerivedDataCache/Compressed.ddp.
[2015.11.18-18.23.48:789][  0]LogDerivedDataCache: Using Local data cache path C:/Users/Lauren/AppData/Local/UnrealEngine/Common/DerivedDataCache: Writable
[2015.11.18-18.24.06:081][  0]LogInit: Selected Device Profile: [Windows]
[2015.11.18-18.24.06:149][  0]LogContentStreaming: Texture pool size is 0.000000MB
[2015.11.18-18.24.06:702][  0]LogMeshUtilities: No automatic mesh reduction module available
[2015.11.18-18.24.06:702][  0]LogMeshUtilities: No automatic mesh merging module available
[2015.11.18-18.24.13:535][  0]LogInit: WinSock: version 1.1 (2.2), MaxSocks=32767, MaxUdp=65467
[2015.11.18-18.24.39:979][  0]UdpMessaging: Initializing bridge on interface 0.0.0.0:0 to multicast group 230.0.0.1:6666.
[2015.11.18-18.24.51:404][  0]LogAssetRegistry: FAssetRegistry took 0.0097 seconds to start up
[2015.11.18-18.25.04:828][  0]SourceControl: Info Source control is disabled
[2015.11.18-18.25.14:598][  0]LogLinker:Warning: Asset '../../../Engine/Plugins/Runtime/LeapMotionController/Content/LM_PassthroughMaterial.uasset' has been saved with empty engine version. The asset will be loaded but may be incompatible.
[2015.11.18-18.25.15:965][  0]LogObj: 28361 objects as part of root set at end of initial load.
[2015.11.18-18.25.15:965][  0]LogUObjectAllocator: 6038864 out of 0 bytes used by permanent object pool.
[2015.11.18-18.25.20:131][  0]LogAutomationTest:Warning: Smoke tests took > 1s to run: 2.86s
[2015.11.18-18.25.20:534][  0]LogEngine: Initializing Engine...
[2015.11.18-18.25.20:583][  0]LogHMD: Can't find Oculus library dev build: is proper Runtime installed? Version: 0.7.0.0
[2015.11.18-18.25.21:066][  0]LogHMD: SteamVR failed to initialize.  Err: 110
[2015.11.18-18.25.30:244][  0]LogAIModule: Creating AISystem for world NewWorld
[2015.11.18-18.25.32:697][  0]LogInit: XAudio2 using 'Speakers (Siberia v2 D3H)' : 2 channels at 44.1 kHz using 16 bits per sample (channel mask 0x3)
[2015.11.18-18.25.33:130][  0]LogInit: FAudioDevice initialized.
[2015.11.18-18.25.33:157][  0]LogDerivedDataCache: Saved boot cache 0.03s 45MB C:/Users/Lauren/AppData/Local/UnrealEngine/4.9/DerivedDataCache/Boot.ddc.
[2015.11.18-18.25.33:162][  0]LogInit: Texture streaming: Enabled
[2015.11.18-18.25.33:193][  0]LogAnalytics: Creating configured Analytics provider AnalyticsET
[2015.11.18-18.25.33:193][  0]LogAnalytics: [UEEditor.Rocket.Release] APIServer = http://et2.epicgames.com/ET2/. AppVersion = 4.9.2-2707645+++depot+UE4-Releases+4.9
[2015.11.18-18.25.33:194][  0]LogAnalytics: [UEEditor.Rocket.Release] SetUserId 0dfd459848bd316af10e0286bf53d633|62a07662b49e46228294f7f33306ed31|8f7fcacd-7ea7-4aa9-9d3c-39324467dbc7
[2015.11.18-18.25.33:194][  0]LogAnalytics: [UEEditor.Rocket.Release] AnalyticsET::StartSession
[2015.11.18-18.25.38:491][  0]LogInit: Transaction tracking system initialized
[2015.11.18-18.25.39:830][  0]BlueprintLog: New page: Editor Load
[2015.11.18-18.25.47:387][  0]LocalizationService: Info Localization service is disabled
[2015.11.18-18.25.52:559][  0]LogConsoleResponse:Display: 
[2015.11.18-18.26.00:089][  0]LogFileCache: Scanning file cache for directory 'E:/NightmareGame/TheGame/Content/' took 0.08s
[2015.11.18-18.26.00:089][  0]LogCook:Display: Done creating registry. It took  0.00s.
[2015.11.18-18.29.32:718][  0]Cmd: MAP LOAD FILE="E:/NightmareGame/TheGame/Content/ThirdPersonBP/Maps/Hub.umap" TEMPLATE=0 SHOWPROGRESS=1 FEATURELEVEL=3
[2015.11.18-18.29.34:933][  0]LightingResults: New page: Lighting Build
[2015.11.18-18.29.35:294][  0]MapCheck: New page: Map Check
[2015.11.18-18.29.35:294][  0]LightingResults: New page: Lighting Build
[2015.11.18-18.29.35:745][  0]LogParticles: Destroying 0 GPU particle simulations for FXSystem 0x000000002605B420
[2015.11.18-18.29.37:945][  0]LogLinker:Warning: Asset 'E:/NightmareGame/TheGame/Content/Mannequin/Animations/ThirdPerson_AnimBP.uasset' has been saved with empty engine version. The asset will be loaded but may be incompatible.
[2015.11.18-18.29.37:957][  0]LogLinker:Warning: Asset 'E:/NightmareGame/TheGame/Content/Mannequin/Animations/ThirdPerson_Jump.uasset' has been saved with empty engine version. The asset will be loaded but may be incompatible.
[2015.11.18-18.29.37:986][  0]LogLinker:Warning: Asset 'E:/NightmareGame/TheGame/Content/Mannequin/Animations/ThirdPersonJump_Loop.uasset' has been saved with empty engine version. The asset will be loaded but may be incompatible.
[2015.11.18-18.29.37:994][  0]LogLinker:Warning: Asset 'E:/NightmareGame/TheGame/Content/Mannequin/Animations/ThirdPersonJump_Start.uasset' has been saved with empty engine version. The asset will be loaded but may be incompatible.
[2015.11.18-18.29.38:006][  0]LogLinker:Warning: Asset 'E:/NightmareGame/TheGame/Content/Mannequin/Animations/ThirdPerson_IdleRun_2D.uasset' has been saved with empty engine version. The asset will be loaded but may be incompatible.
[2015.11.18-18.29.42:395][  0]LogLinker:Warning: Asset 'E:/NightmareGame/TheGame/Content/Mannequin/Animations/ThirdPersonIdle.uasset' has been saved with empty engine version. The asset will be loaded but may be incompatible.
[2015.11.18-18.29.42:408][  0]LogLinker:Warning: Asset 'E:/NightmareGame/TheGame/Content/Mannequin/Animations/ThirdPersonRun.uasset' has been saved with empty engine version. The asset will be loaded but may be incompatible.
[2015.11.18-18.29.42:420][  0]LogLinker:Warning: Asset 'E:/NightmareGame/TheGame/Content/Mannequin/Animations/ThirdPersonWalk.uasset' has been saved with empty engine version. The asset will be loaded but may be incompatible.
[2015.11.18-18.29.55:500][  0]LogAIModule: Creating AISystem for world Hub
[2015.11.18-18.29.56:107][  0]LogEditorServer: Finished looking for orphan Actors (0.000 secs)
[2015.11.18-18.29.56:145][  0]Cmd: MAP CHECKDEP NOCLEARLOG
[2015.11.18-18.30.14:090][  0]MapCheck: Info Map check complete: 0 Error(s), 0 Warning(s), took 17,943.698ms to complete.
[2015.11.18-18.30.14:090][  0]LogFileHelpers: Loading map 'Hub' took 41.414
[2015.11.18-18.30.17:561][  0]LogCollectionManager: Loaded 0 collections in 0.004897 seconds
[2015.11.18-18.30.17:717][  0]LogFileCache: Scanning file cache for directory 'E:/NightmareGame/TheGame/Saved/Collections/' took 0.01s
[2015.11.18-18.30.17:717][  0]LogFileCache: Scanning file cache for directory 'E:/NightmareGame/TheGame/Content/Developers/Lauren/Collections/' took 0.01s
[2015.11.18-18.30.17:717][  0]LogFileCache: Scanning file cache for directory 'E:/NightmareGame/TheGame/Content/Collections/' took 0.01s
[2015.11.18-18.30.17:717][  0]LogContentBrowser: Native class hierarchy populated in 0.0248 seconds. Added 1867 classes and 333 folders.
[2015.11.18-18.30.17:827][  0]LogCollectionManager: Rebuilt the GUID cache for 0 collections in 0.000006 seconds
[2015.11.18-18.30.17:942][  0]LogContentBrowser: Native class hierarchy updated for 'WidgetCarousel' in 0.0138 seconds. Added 0 classes and 0 folders.
[2015.11.18-18.30.20:376][  0]LogContentBrowser: Native class hierarchy updated for 'AddContentDialog' in 0.0049 seconds. Added 0 classes and 0 folders.
[2015.11.18-18.30.20:402][  0]LogContentBrowser: Native class hierarchy updated for 'SceneOutliner' in 0.0032 seconds. Added 1 classes and 2 folders.
[2015.11.18-18.30.24:092][  0]LogCrashTracker: Crashtracker disabled due to settings.
[2015.11.18-18.30.24:143][  0]LogUObjectGlobals:Warning: Failed to find object 'Class None.'
[2015.11.18-18.30.24:157][  0]LogStats:Warning: MetaData mismatch. Did you assign a stat to two groups? New //STATGROUP_Threads//SplashScreenThread///Thread_e1c_0///####STATCAT_Advanced#### old //STATGROUP_Threads//SplashScreenThread///Thread_114c_0///####STATCAT_Advanced####
[2015.11.18-18.30.24:210][  0]LogLoad: Full Startup: 436.33 seconds (BP compile: 0.76 seconds)
[2015.11.18-18.30.29:514][  0]SourceControl: Info On branch L.A
[2015.11.18-18.30.29:514][  0]SourceControl: Info Your branch is up-to-date with 'origin/L.A'.
[2015.11.18-18.30.29:514][  0]SourceControl: Info Changes not staged for commit:
[2015.11.18-18.30.29:514][  0]SourceControl: Info   (use "git add <file>..." to update what will be committed)
[2015.11.18-18.30.29:514][  0]SourceControl: Info   (use "git checkout -- <file>..." to discard changes in working directory)
[2015.11.18-18.30.29:514][  0]SourceControl: Info 	modified:   TheGame/Content/Maps/MainMenu.umap
[2015.11.18-18.30.29:514][  0]SourceControl: Info 	modified:   TheGame/Intermediate/CachedAssetRegistry.bin
[2015.11.18-18.30.29:514][  0]SourceControl: Info 	modified:   TheGame/Intermediate/Config/CoalescedSourceConfigs/Engine.ini
[2015.11.18-18.30.29:514][  0]SourceControl: Info 	modified:   TheGame/Intermediate/Config/CoalescedSourceConfigs/Game.ini
[2015.11.18-18.30.29:514][  0]SourceControl: Info 	modified:   TheGame/Saved/Autosaves/PackageRestoreData.json
[2015.11.18-18.30.29:519][  0]SourceControl: Info 	modified:   TheGame/Saved/Config/Windows/EditorPerProjectUserSettings.ini
[2015.11.18-18.30.29:519][  0]SourceControl: Info 	modified:   TheGame/Saved/Config/Windows/Engine.ini
[2015.11.18-18.30.29:519][  0]SourceControl: Info 	modified:   TheGame/Saved/Logs/NightmareGame.log
[2015.11.18-18.30.29:519][  0]SourceControl: Info Untracked files:
[2015.11.18-18.30.29:519][  0]SourceControl: Info   (use "git add <file>..." to include in what will be committed)
[2015.11.18-18.30.29:519][  0]SourceControl: Info 	TheGame/Saved/Logs/NightmareGame-backup-2015.11.18-13.23.21.log
[2015.11.18-18.30.29:519][  0]SourceControl: Info no changes added to commit (use "git add" and/or "git commit -a")
[2015.11.18-18.30.29:539][  0]LogContentStreaming: Texture pool size now 1000 MB
[2015.11.18-18.30.32:248][  0]LogRenderer: Reallocating scene render targets to support 1208x660 (Frame:2).
[2015.11.18-18.30.33:025][  6]LogAssetRegistry: Asset discovery search completed in 341.6251 seconds
[2015.11.18-18.30.33:025][  6]LogCollectionManager: Rebuilt the object cache for 0 collections in 0.000000 seconds (found 0 objects)
[2015.11.18-18.30.33:025][  6]LogCollectionManager: Fixed up redirectors for 0 collections in 0.000034 seconds (updated 0 objects)
[2015.11.18-18.31.19:182][743]LogAIModule: Creating AISystem for world MainMenu
[2015.11.18-18.31.22:876][880]SourceControl: Info On branch L.A
[2015.11.18-18.31.22:876][880]SourceControl: Info Your branch is up-to-date with 'origin/L.A'.
[2015.11.18-18.31.22:876][880]SourceControl: Info Changes not staged for commit:
[2015.11.18-18.31.22:876][880]SourceControl: Info   (use "git add <file>..." to update what will be committed)
[2015.11.18-18.31.22:876][880]SourceControl: Info   (use "git checkout -- <file>..." to discard changes in working directory)
[2015.11.18-18.31.22:876][880]SourceControl: Info 	modified:   TheGame/Content/Maps/MainMenu.umap
[2015.11.18-18.31.22:876][880]SourceControl: Info 	modified:   TheGame/Intermediate/CachedAssetRegistry.bin
[2015.11.18-18.31.22:876][880]SourceControl: Info 	modified:   TheGame/Intermediate/Config/CoalescedSourceConfigs/Engine.ini
[2015.11.18-18.31.22:876][880]SourceControl: Info 	modified:   TheGame/Intermediate/Config/CoalescedSourceConfigs/Game.ini
[2015.11.18-18.31.22:876][880]SourceControl: Info 	modified:   TheGame/Saved/Autosaves/PackageRestoreData.json
[2015.11.18-18.31.22:876][880]SourceControl: Info 	modified:   TheGame/Saved/Config/Windows/EditorPerProjectUserSettings.ini
[2015.11.18-18.31.22:876][880]SourceControl: Info 	modified:   TheGame/Saved/Config/Windows/Engine.ini
[2015.11.18-18.31.22:876][880]SourceControl: Info 	modified:   TheGame/Saved/Logs/NightmareGame.log
[2015.11.18-18.31.22:876][880]SourceControl: Info Untracked files:
[2015.11.18-18.31.22:876][880]SourceControl: Info   (use "git add <file>..." to include in what will be committed)
[2015.11.18-18.31.22:876][880]SourceControl: Info 	TheGame/Saved/Logs/NightmareGame-backup-2015.11.18-13.23.21.log
[2015.11.18-18.31.22:876][880]SourceControl: Info no changes added to commit (use "git add" and/or "git commit -a")
[2015.11.18-18.31.27:114][880]LogMetaData: Removing '/Game/ThirdPersonBP/Maps/MainMenu.MainMenu_C' ref from Metadata '/Game/Maps/MainMenu.PackageMetaData'
[2015.11.18-18.31.27:114][880]LogMetaData: Removing '/Game/ThirdPersonBP/Maps/MainMenu.MainMenu:PersistentLevel.MainMenu.EventGraph.K2Node_Event_208' ref from Metadata '/Game/Maps/MainMenu.PackageMetaData'
[2015.11.18-18.31.27:114][880]LogMetaData: Removing '/Game/ThirdPersonBP/Maps/MainMenu.MainMenu:PersistentLevel.MainMenu.EventGraph.K2Node_Event_209' ref from Metadata '/Game/Maps/MainMenu.PackageMetaData'
[2015.11.18-18.31.27:114][880]LogMetaData: Removing '/Game/ThirdPersonBP/Maps/MainMenu.SKEL_MainMenu_C' ref from Metadata '/Game/Maps/MainMenu.PackageMetaData'
[2015.11.18-18.31.27:677][880]Cmd: OBJ SAVEPACKAGE PACKAGE="/Game/ThirdPersonBP/Maps/MainMenu" FILE="E:/NightmareGame/TheGame/Content/ThirdPersonBP/Maps/MainMenu.umap" SILENT=true AUTOSAVING=false KEEPDIRTY=false
[2015.11.18-18.31.32:209][880]LogSavePackage: Save=4457.478027ms
[2015.11.18-18.31.32:260][880]LogSavePackage: Moving 'E:/NightmareGame/TheGame/Saved/MainMenu15F9009A4E195F87EF305498875FAED8.tmp' to 'E:/NightmareGame/TheGame/Content/ThirdPersonBP/Maps/MainMenu.umap'
[2015.11.18-18.31.32:347][880]LogSavePackage: Total save time: 4597.201567ms
[2015.11.18-18.31.32:347][880]LogSavePackage:Warning: Finished SavePackage E:/NightmareGame/TheGame/Content/ThirdPersonBP/Maps/MainMenu.umap
[2015.11.18-18.31.35:473][880]LogFileHelpers: Saving map 'MainMenu' took 8.262
[2015.11.18-18.31.35:501][880]Cmd: OBJ SAVEPACKAGE PACKAGE="/Game/Maps/MainMenu" FILE="E:/NightmareGame/TheGame/Content/Maps/MainMenu.umap" SILENT=true
[2015.11.18-18.31.42:361][880]LogSavePackage: Save=2217.958008ms
[2015.11.18-18.31.42:361][880]LogSavePackage: Moving 'E:/NightmareGame/TheGame/Saved/MainMenuEA30E82749888F30C0FA88ACF072B9BB.tmp' to 'E:/NightmareGame/TheGame/Content/Maps/MainMenu.umap'
[2015.11.18-18.31.42:443][880]LogSavePackage: Total save time: 4699.653778ms
[2015.11.18-18.31.42:443][880]LogSavePackage:Warning: Finished SavePackage E:/NightmareGame/TheGame/Content/Maps/MainMenu.umap
[2015.11.18-18.31.50:982][298]Cmd: OBJ SAVEPACKAGE PACKAGE="/Game/ThirdPersonBP/Maps/Hub" FILE="E:/NightmareGame/TheGame/Content/ThirdPersonBP/Maps/Hub.umap" SILENT=true AUTOSAVING=false KEEPDIRTY=false
[2015.11.18-18.32.17:213][387]Cmd: MAP LOAD FILE="E:/NightmareGame/TheGame/Content/ThirdPersonBP/Maps/MainMenu.umap" TEMPLATE=0 SHOWPROGRESS=1 FEATURELEVEL=3
[2015.11.18-18.32.17:213][387]LightingResults: New page: Lighting Build
[2015.11.18-18.32.17:241][387]LoadErrors: New page: Loading map: MainMenu.umap
[2015.11.18-18.32.17:243][387]MapCheck: New page: Map Check
[2015.11.18-18.32.17:243][387]LightingResults: New page: Lighting Build
[2015.11.18-18.32.17:267][387]LogParticles: Destroying 0 GPU particle simulations for FXSystem 0x000000002BE271A0
[2015.11.18-18.32.17:381][387]LogEditorServer: Finished looking for orphan Actors (0.000 secs)
[2015.11.18-18.32.17:547][387]Cmd: MAP CHECKDEP NOCLEARLOG
[2015.11.18-18.32.17:813][387]MapCheck: Info Map check complete: 0 Error(s), 0 Warning(s), took 265.731ms to complete.
[2015.11.18-18.32.17:816][387]LogFileHelpers: Loading map 'MainMenu' took 0.604
[2015.11.18-18.32.23:400][714]LogBlueprintUserMessages: Early PlayInEditor Detection: Level '/Game/ThirdPersonBP/Maps/MainMenu.MainMenu:PersistentLevel' has LevelScriptBlueprint '/Game/ThirdPersonBP/Maps/MainMenu.MainMenu:PersistentLevel.MainMenu' with GeneratedClass '/Game/ThirdPersonBP/Maps/MainMenu.MainMenu_C' with ClassGeneratedBy '/Game/ThirdPersonBP/Maps/MainMenu.MainMenu:PersistentLevel.MainMenu'
[2015.11.18-18.32.23:400][714]LogPlayLevel: PlayLevel: No blueprints needed recompiling
[2015.11.18-18.32.23:401][714]PIE: New page: PIE session: MainMenu (Nov 18, 2015, 8:32:23 AM)
[2015.11.18-18.32.23:401][714]LogPlayLevel: Creating play world package: /Game/ThirdPersonBP/Maps/UEDPIE_0_MainMenu
[2015.11.18-18.32.23:449][714]LogPlayLevel: PIE: StaticDuplicateObject took: (0.048742s)
[2015.11.18-18.32.23:450][714]LogAIModule: Creating AISystem for world MainMenu
[2015.11.18-18.32.23:450][714]LogPlayLevel: PIE: World Init took: (0.000557s)
[2015.11.18-18.32.23:450][714]LogPlayLevel: PIE: Created PIE world by copying editor world from /Game/ThirdPersonBP/Maps/MainMenu.MainMenu to /Game/ThirdPersonBP/Maps/UEDPIE_0_MainMenu.MainMenu (0.049479s)
[2015.11.18-18.32.23:514][714]LogInit: XAudio2 using 'Speakers (Siberia v2 D3H)' : 2 channels at 44.1 kHz using 16 bits per sample (channel mask 0x3)
[2015.11.18-18.32.23:544][714]LogInit: FAudioDevice initialized.
[2015.11.18-18.32.23:661][714]LogWorld: Game class is 'ThirdPersonGameMode_C'
[2015.11.18-18.32.23:713][714]LogWorld: Bringing World /Game/ThirdPersonBP/Maps/UEDPIE_0_MainMenu.MainMenu up for play (max tick rate 60) at 2015.11.18-13.32.23
[2015.11.18-18.32.23:713][714]LogActor:Warning: GameSession /Game/ThirdPersonBP/Maps/UEDPIE_0_MainMenu.MainMenu:Persiste