[2015.11.07-22.46.25:466][  0]Log file open, 11/07/15 17:46:25
[2015.11.07-22.46.25:466][  0]LogInit:Display: Running engine for game: NightmareGame
[2015.11.07-22.46.25:466][  0]LogInit:Display: RandInit(-1340816994) SRandInit(-1340816993).
[2015.11.07-22.46.25:466][  0]LogTaskGraph: Started task graph with 4 named threads and 7 total threads.
[2015.11.07-22.46.25:466][  0]LogStats: Stats thread started at 0.437294
[2015.11.07-22.46.25:466][  0]LogInit: Version: 4.9.2-2707645+++depot+UE4-Releases+4.9
[2015.11.07-22.46.25:466][  0]LogInit: API Version: 2672455
[2015.11.07-22.46.25:466][  0]LogInit: Compiled (64-bit): Sep 28 2015 10:25:44
[2015.11.07-22.46.25:466][  0]LogInit: Compiled with Visual C++: 18.00.21005.01
[2015.11.07-22.46.25:466][  0]LogInit: Build Configuration: Development
[2015.11.07-22.46.25:466][  0]LogInit: Branch Name: ++depot+UE4-Releases+4.9
[2015.11.07-22.46.25:466][  0]LogInit: Command line:  
[2015.11.07-22.46.25:466][  0]LogInit: Base directory: C:/Program Files/Epic Games/4.9/Engine/Binaries/Win64/
[2015.11.07-22.46.25:466][  0]LogInit: Rocket: 1
[2015.11.07-22.46.25:501][  0]LogInit: Using libcurl 7.41.0
[2015.11.07-22.46.25:501][  0]LogInit:  - built for x86_64-pc-win32
[2015.11.07-22.46.25:501][  0]LogInit:  - supports SSL with WinSSL
[2015.11.07-22.46.25:501][  0]LogInit:  - other features:
[2015.11.07-22.46.25:501][  0]LogInit:      CURL_VERSION_SSL
[2015.11.07-22.46.25:501][  0]LogInit:      CURL_VERSION_IPV6
[2015.11.07-22.46.25:501][  0]LogInit:      CURL_VERSION_ASYNCHDNS
[2015.11.07-22.46.25:501][  0]LogInit:      CURL_VERSION_LARGEFILE
[2015.11.07-22.46.25:501][  0]LogInit:      CURL_VERSION_IDN
[2015.11.07-22.46.25:502][  0]LogInit:  CurlRequestOptions (configurable via config and command line):
[2015.11.07-22.46.25:502][  0]LogInit:  - bVerifyPeer = true  - Libcurl will verify peer certificate
[2015.11.07-22.46.25:502][  0]LogInit:  - bUseHttpProxy = false  - Libcurl will NOT use HTTP proxy
[2015.11.07-22.46.25:502][  0]LogInit:  - bDontReuseConnections = false  - Libcurl will reuse connections
[2015.11.07-22.46.25:502][  0]LogInit:  - CertBundlePath = nullptr  - Libcurl will use whatever was configured at build time.
[2015.11.07-22.46.25:564][  0]LogInit: Presizing for 0 objects not considered by GC, pre-allocating 0 bytes.
[2015.11.07-22.46.25:570][  0]LogInit: Object subsystem initialized
[2015.11.07-22.46.25:571][  0]LogInit: Selected Device Profile: [Windows]
[2015.11.07-22.46.25:571][  0]LogInit: Applying CVar settings loaded from the selected device profile: [Windows]
[2015.11.07-22.46.25:592][  0]LogInit: Computer: NICKSCOMPUTER
[2015.11.07-22.46.25:592][  0]LogInit: User: ntanc000
[2015.11.07-22.46.25:592][  0]LogInit: CPU Page size=4096, Cores=4
[2015.11.07-22.46.25:592][  0]LogInit: High frequency timer resolution =2.537598 MHz
[2015.11.07-22.46.25:592][  0]LogMemory: Memory total: Physical=15.9GB (16GB approx)
[2015.11.07-22.46.25:592][  0]LogMemory: Platform Memory Stats for Windows
[2015.11.07-22.46.25:592][  0]LogMemory: Process Physical Memory: 52.89 MB used, 52.89 MB peak
[2015.11.07-22.46.25:592][  0]LogMemory: Process Virtual Memory: 55.02 MB used, 55.02 MB peak
[2015.11.07-22.46.25:592][  0]LogMemory: Physical Memory: 5617.73 MB used, 16269.45 MB total
[2015.11.07-22.46.25:592][  0]LogMemory: Virtual Memory: 360.26 MB used, 134217728.00 MB total
[2015.11.07-22.46.25:888][  0]LogTextLocalizationManager: No specific translations for ('en-US') exist, so ('en') translations will be used.
[2015.11.07-22.46.26:768][  0]LogD3D11RHI: Found D3D11 adapter 0: NVIDIA GeForce GTX 980M (Feature Level 11_0)
[2015.11.07-22.46.26:768][  0]LogD3D11RHI: Adapter has 3981MB of dedicated video memory, 0MB of dedicated system memory, and 8134MB of shared system memory, 2 output[s]
[2015.11.07-22.46.26:860][  0]LogD3D11RHI: Found D3D11 adapter 1: Intel(R) HD Graphics 4600 (Feature Level 11_0)
[2015.11.07-22.46.26:860][  0]LogD3D11RHI: Adapter has 32MB of dedicated video memory, 0MB of dedicated system memory, and 1760MB of shared system memory, 0 output[s]
[2015.11.07-22.46.26:876][  0]LogD3D11RHI: Found D3D11 adapter 2: Microsoft Basic Render Driver (Feature Level 11_0)
[2015.11.07-22.46.26:876][  0]LogD3D11RHI: Adapter has 0MB of dedicated video memory, 0MB of dedicated system memory, and 256MB of shared system memory, 0 output[s]
[2015.11.07-22.46.26:876][  0]LogD3D11RHI: Chosen D3D11 Adapter Id = 0
[2015.11.07-22.46.26:881][  0]LogD3D11RHI: !Direct3DDevice
[2015.11.07-22.46.26:881][  0]LogRHI: Texture pool is 1361 MB (70% of 1945 MB)
[2015.11.07-22.46.26:894][  0]LogD3D11RHI: Async texture creation enabled
[2015.11.07-22.46.26:910][  0]LogShaderCompilers: Guid format shader working directory is 14 characters bigger than the processId version (../../../../../../Users/ntanc_000/Desktop/NightmareGame/TheGame/Intermediate/Shaders/WorkingDirectory/13420/).
[2015.11.07-22.46.26:910][  0]LogShaderCompilers: Cleaned the shader compiler working directory '../../../../../../Users/ntanc_000/Desktop/NightmareGame/TheGame/Intermediate/Shaders/tmp/C676510B496D2AA175F0C59797DC4BEC/'.
[2015.11.07-22.46.26:910][  0]LogShaderCompilers:Display: Using Local Shader Compiler.
[2015.11.07-22.46.29:536][  0]LogTemp:Display: Loaded TP AllDesktopTargetPlatform
[2015.11.07-22.46.29:541][  0]LogTemp:Display: Loaded TP WindowsClientTargetPlatform
[2015.11.07-22.46.29:546][  0]LogTemp:Display: Loaded TP WindowsNoEditorTargetPlatform
[2015.11.07-22.46.29:552][  0]LogTemp:Display: Loaded TP WindowsServerTargetPlatform
[2015.11.07-22.46.29:557][  0]LogTemp:Display: Loaded TP WindowsTargetPlatform
[2015.11.07-22.46.29:565][  0]LogTemp:Display: Loaded TP AndroidTargetPlatform
[2015.11.07-22.46.29:569][  0]LogTemp:Display: Loaded TP Android_ASTCTargetPlatform
[2015.11.07-22.46.29:573][  0]LogTemp:Display: Loaded TP Android_ATCTargetPlatform
[2015.11.07-22.46.29:578][  0]LogTemp:Display: Loaded TP Android_DXTTargetPlatform
[2015.11.07-22.46.29:582][  0]LogTemp:Display: Loaded TP Android_ETC1TargetPlatform
[2015.11.07-22.46.29:591][  0]LogTemp:Display: Loaded TP Android_ETC2TargetPlatform
[2015.11.07-22.46.29:595][  0]LogTemp:Display: Loaded TP Android_PVRTCTargetPlatform
[2015.11.07-22.46.29:596][  0]LogTemp:Display: Loaded TP HTML5TargetPlatform
[2015.11.07-22.46.29:644][  0]LogTemp:Display: Loaded TP IOSTargetPlatform
[2015.11.07-22.46.29:648][  0]LogTemp:Display: Loaded TP LinuxNoEditorTargetPlatform
[2015.11.07-22.46.29:652][  0]LogTemp:Display: Loaded TP LinuxServerTargetPlatform
[2015.11.07-22.46.29:660][  0]LogTemp:Display: Loaded TP LinuxTargetPlatform
[2015.11.07-22.46.29:660][  0]LogTargetPlatformManager:Display: Building Assets For Windows
[2015.11.07-22.46.30:117][  0]LogDerivedDataCache:Display: Max Cache Size: 512 MB
[2015.11.07-22.46.30:367][  0]LogDerivedDataCache: Loaded boot cache 0.25s 57MB C:/Users/ntanc_000/AppData/Local/UnrealEngine/4.9/DerivedDataCache/Boot.ddc.
[2015.11.07-22.46.30:367][  0]LogDerivedDataCache:Display: Loaded Boot cache: C:/Users/ntanc_000/AppData/Local/UnrealEngine/4.9/DerivedDataCache/Boot.ddc
[2015.11.07-22.46.30:367][  0]LogDerivedDataCache: FDerivedDataBackendGraph:  Pak pak cache file ../../../../../../Users/ntanc_000/Desktop/NightmareGame/TheGame/DerivedDataCache/DDC.ddp not found, will not use a pak cache.
[2015.11.07-22.46.30:367][  0]LogDerivedDataCache: Unable to find inner node Pak for hierarchical cache Hierarchy.
[2015.11.07-22.46.30:367][  0]LogDerivedDataCache: FDerivedDataBackendGraph:  CompressedPak pak cache file ../../../../../../Users/ntanc_000/Desktop/NightmareGame/TheGame/DerivedDataCache/Compressed.ddp not found, will not use a pak cache.
[2015.11.07-22.46.30:367][  0]LogDerivedDataCache: Unable to find inner node CompressedPak for hierarchical cache Hierarchy.
[2015.11.07-22.46.30:504][  0]LogDerivedDataCache:Display: Pak cache opened for reading ../../../Engine/DerivedDataCache/Compressed.ddp.
[2015.11.07-22.46.30:516][  0]LogDerivedDataCache: Using Local data cache path C:/Users/ntanc_000/AppData/Local/UnrealEngine/Common/DerivedDataCache: Writable
[2015.11.07-22.46.33:902][  0]LogInit: Selected Device Profile: [Windows]
[2015.11.07-22.46.33:906][  0]LogContentStreaming: Texture pool size is 0.000000MB
[2015.11.07-22.46.34:066][  0]LogMeshUtilities: No automatic mesh reduction module available
[2015.11.07-22.46.34:066][  0]LogMeshUtilities: No automatic mesh merging module available
[2015.11.07-22.46.34:619][  0]LogInit: WinSock: version 1.1 (2.2), MaxSocks=32767, MaxUdp=65467
[2015.11.07-22.46.37:433][  0]UdpMessaging: Initializing bridge on interface 0.0.0.0:0 to multicast group 230.0.0.1:6666.
[2015.11.07-22.46.37:605][  0]LogAssetRegistry: FAssetRegistry took 0.0110 seconds to start up
[2015.11.07-22.46.37:923][  0]SourceControl: Info Source control is disabled
[2015.11.07-22.46.37:934][  0]SourceControl: Info Source control is disabled
[2015.11.07-22.46.37:955][  0]SourceControl: Info Source control is disabled
[2015.11.07-22.46.37:971][  0]SourceControl: Info Source control is disabled
[2015.11.07-22.46.38:256][  0]LogLinker:Warning: Asset '../../../Engine/Plugins/Runtime/LeapMotionController/Content/LM_PassthroughMaterial.uasset' has been saved with empty engine version. The asset will be loaded but may be incompatible.
[2015.11.07-22.46.38:407][  0]LogObj: 28361 objects as part of root set at end of initial load.
[2015.11.07-22.46.38:407][  0]LogUObjectAllocator: 6038872 out of 0 bytes used by permanent object pool.
[2015.11.07-22.46.38:487][  0]LogEngine: Initializing Engine...
[2015.11.07-22.46.38:489][  0]LogHMD: Can't find Oculus library dev build: is proper Runtime installed? Version: 0.7.0.0
[2015.11.07-22.46.38:500][  0]LogHMD: SteamVR failed to initialize.  Err: 110
[2015.11.07-22.46.38:731][  0]LogAIModule: Creating AISystem for world NewWorld
[2015.11.07-22.46.38:802][  0]LogInit: XAudio2 using 'Speakers (Sound Blaster Recon3Di)' : 2 channels at 48 kHz using 32 bits per sample (channel mask 0x3)
[2015.11.07-22.46.38:836][  0]LogInit: FAudioDevice initialized.
[2015.11.07-22.46.38:859][  0]LogDerivedDataCache: Saved boot cache 0.02s 41MB C:/Users/ntanc_000/AppData/Local/UnrealEngine/4.9/DerivedDataCache/Boot.ddc.
[2015.11.07-22.46.38:862][  0]LogInit: Texture streaming: Enabled
[2015.11.07-22.46.38:868][  0]LogAnalytics: Creating configured Analytics provider AnalyticsET
[2015.11.07-22.46.38:868][  0]LogAnalytics: [UEEditor.Rocket.Release] APIServer = http://et2.epicgames.com/ET2/. AppVersion = 4.9.2-2707645+++depot+UE4-Releases+4.9
[2015.11.07-22.46.38:868][  0]LogAnalytics: [UEEditor.Rocket.Release] SetUserId 2c211ad74a9e5469c13dfaa1059b2d42|1bd0216fcaf5458183f89cc914276325|d020360b-9246-478a-84ac-08a9775e7849
[2015.11.07-22.46.38:868][  0]LogAnalytics: [UEEditor.Rocket.Release] AnalyticsET::StartSession
[2015.11.07-22.46.38:994][  0]LogInit: Transaction tracking system initialized
[2015.11.07-22.46.39:030][  0]BlueprintLog: New page: Editor Load
[2015.11.07-22.46.39:139][  0]LocalizationService: Info Localization service is disabled
[2015.11.07-22.46.39:275][  0]LogConsoleResponse:Display: 
[2015.11.07-22.46.39:551][  0]LogCook:Display: Done creating registry. It took  0.00s.
[2015.11.07-22.46.39:637][  0]LogFileCache: Scanning file cache for directory 'C:/Users/ntanc_000/Desktop/NightmareGame/TheGame/Content/' took 0.02s
[2015.11.07-22.46.39:637][  0]SourceControl: Info Source control is disabled
[2015.11.07-22.46.39:637][  0]Cmd: MAP LOAD FILE="../../../../../../Users/ntanc_000/Desktop/NightmareGame/TheGame/Content/ThirdPersonBP/Maps/Hub.umap" TEMPLATE=0 SHOWPROGRESS=1 FEATURELEVEL=3
[2015.11.07-22.46.39:641][  0]LightingResults: New page: Lighting Build
[2015.11.07-22.46.39:644][  0]MapCheck: New page: Map Check
[2015.11.07-22.46.39:644][  0]LightingResults: New page: Lighting Build
[2015.11.07-22.46.39:658][  0]LogParticles: Destroying 0 GPU particle simulations for FXSystem 0x000000C061E48400
[2015.11.07-22.46.39:678][  0]LogLinker:Warning: Asset '../../../../../../Users/ntanc_000/Desktop/NightmareGame/TheGame/Content/Mannequin/Animations/ThirdPerson_AnimBP.uasset' has been saved with empty engine version. The asset will be loaded but may be incompatible.
[2015.11.07-22.46.39:683][  0]LogLinker:Warning: Asset '../../../../../../Users/ntanc_000/Desktop/NightmareGame/TheGame/Content/Mannequin/Animations/ThirdPerson_Jump.uasset' has been saved with empty engine version. The asset will be loaded but may be incompatible.
[2015.11.07-22.46.39:690][  0]LogLinker:Warning: Asset '../../../../../../Users/ntanc_000/Desktop/NightmareGame/TheGame/Content/Mannequin/Animations/ThirdPersonJump_Loop.uasset' has been saved with empty engine version. The asset will be loaded but may be incompatible.
[2015.11.07-22.46.39:695][  0]LogLinker:Warning: Asset '../../../../../../Users/ntanc_000/Desktop/NightmareGame/TheGame/Content/Mannequin/Animations/ThirdPersonJump_Start.uasset' has been saved with empty engine version. The asset will be loaded but may be incompatible.
[2015.11.07-22.46.39:699][  0]LogLinker:Warning: Asset '../../../../../../Users/ntanc_000/Desktop/NightmareGame/TheGame/Content/Mannequin/Animations/ThirdPerson_IdleRun_2D.uasset' has been saved with empty engine version. The asset will be loaded but may be incompatible.
[2015.11.07-22.46.39:702][  0]LogLinker:Warning: Asset '../../../../../../Users/ntanc_000/Desktop/NightmareGame/TheGame/Content/Mannequin/Animations/ThirdPersonIdle.uasset' has been saved with empty engine version. The asset will be loaded but may be incompatible.
[2015.11.07-22.46.39:707][  0]LogLinker:Warning: Asset '../../../../../../Users/ntanc_000/Desktop/NightmareGame/TheGame/Content/Mannequin/Animations/ThirdPersonRun.uasset' has been saved with empty engine version. The asset will be loaded but may be incompatible.
[2015.11.07-22.46.39:711][  0]LogLinker:Warning: Asset '../../../../../../Users/ntanc_000/Desktop/NightmareGame/TheGame/Content/Mannequin/Animations/ThirdPersonWalk.uasset' has been saved with empty engine version. The asset will be loaded but may be incompatible.
[2015.11.07-22.46.41:381][  0]LogAIModule: Creating AISystem for world Hub
[2015.11.07-22.46.41:411][  0]LogEditorServer: Finished looking for orphan Actors (0.000 secs)
[2015.11.07-22.46.41:412][  0]Cmd: MAP CHECKDEP NOCLEARLOG
[2015.11.07-22.46.41:529][  0]MapCheck: Info Map check complete: 0 Error(s), 0 Warning(s), took 117.379ms to complete.
[2015.11.07-22.46.41:529][  0]LogFileHelpers: Loading map 'Hub' took 1.892
[2015.11.07-22.46.41:709][  0]LogCollectionManager: Loaded 0 collections in 0.002164 seconds
[2015.11.07-22.46.41:753][  0]LogFileCache: Scanning file cache for directory 'C:/Users/ntanc_000/Desktop/NightmareGame/TheGame/Saved/Collections/' took 0.01s
[2015.11.07-22.46.41:753][  0]LogFileCache: Scanning file cache for directory 'C:/Users/ntanc_000/Desktop/NightmareGame/TheGame/Content/Developers/ntanc000/Collections/' took 0.01s
[2015.11.07-22.46.41:753][  0]LogFileCache: Scanning file cache for directory 'C:/Users/ntanc_000/Desktop/NightmareGame/TheGame/Content/Collections/' took 0.01s
[2015.11.07-22.46.41:753][  0]LogContentBrowser: Native class hierarchy populated in 0.0072 seconds. Added 1867 classes and 333 folders.
[2015.11.07-22.46.41:765][  0]LogCollectionManager: Rebuilt the GUID cache for 0 collections in 0.000007 seconds
[2015.11.07-22.46.41:773][  0]LogContentBrowser: Native class hierarchy updated for 'WidgetCarousel' in 0.0004 seconds. Added 0 classes and 0 folders.
[2015.11.07-22.46.42:034][  0]LogContentBrowser: Native class hierarchy updated for 'AddContentDialog' in 0.0005 seconds. Added 0 classes and 0 folders.
[2015.11.07-22.46.42:038][  0]LogContentBrowser: Native class hierarchy updated for 'SceneOutliner' in 0.0004 seconds. Added 1 classes and 2 folders.
[2015.11.07-22.46.42:148][  0]LogCrashTracker: Crashtracker disabled due to settings.
[2015.11.07-22.46.42:173][  0]LogUObjectGlobals:Warning: Failed to find object 'Class None.'
[2015.11.07-22.46.42:198][  0]LogLoad: Full Startup: 18.61 seconds (BP compile: 0.26 seconds)
[2015.11.07-22.46.42:537][  0]LoadErrors:Error: Error /Game/ThirdPersonBP/Blueprints/LevelTransfer/TutorialIsland : Failed import for StructProperty /Game/ThirdPersonBP/Blueprints/ThirdPersonCharacter.ThirdPersonCharacter_C:KeyName
[2015.11.07-22.46.42:778][  0]LogContentStreaming: Texture pool size now 1000 MB
[2015.11.07-22.46.43:034][  0]LogRenderer: Reallocating scene render targets to support 1488x824 (Frame:2).
[2015.11.07-22.46.44:424][  5]LogAssetRegistry: Asset discovery search completed in 6.8305 seconds
[2015.11.07-22.46.44:424][  5]LogCollectionManager: Rebuilt the object cache for 0 collections in 0.000001 seconds (found 0 objects)
[2015.11.07-22.46.44:424][  5]LogCollectionManager: Fixed up redirectors for 0 collections in 0.000068 seconds (updated 0 objects)
[2015.11.07-22.46.58:316][408]LogLinker:Warning: Asset '../../../Engine/Content/ArtTools/RenderToTexture/Macros/RenderToTextureMacros.uasset' has been saved with empty engine version. The asset will be loaded but may be incompatible.
[2015.11.07-22.46.58:872][408]LogContentBrowser: Native class hierarchy updated for 'BlueprintGraph' in 0.0008 seconds. Added 107 classes and 0 folders.
[2015.11.07-22.47.03:307][602]LogBlueprintUserMessages: CustomizeDetails for Blueprint 'TutorialIsland', cached variable property's owner is '/Game/ThirdPersonBP/Blueprints/ThirdPersonCharacter.ThirdPersonCharacter_C'
[2015.11.07-22.47.12:079][ 86]LogBlueprintUserMessages: CustomizeDetails for Blueprint 'TutorialIsland', cached variable property's owner is '/Game/ThirdPersonBP/Blueprints/LevelTransfer/TutorialIsland.SKEL_TutorialIsland_C'
[2015.11.07-22.47.13:091][145]LogBlueprintUserMessages: CustomizeDetails for Blueprint 'TutorialIsland', cached variable property's owner is '/Game/ThirdPersonBP/Blueprints/LevelTransfer/TutorialIsland.SKEL_TutorialIsland_C'
[2015.11.07-22.47.25:549][880]LogEditorTransaction: Undo Remove Variable
[2015.11.07-22.47.28:389][ 20]LogBlueprintUserMessages: CustomizeDetails for Blueprint 'TutorialIsland', cached variable property's owner is '/Game/ThirdPersonBP/Blueprints/LevelTransfer/TutorialIsland.SKEL_TutorialIsland_C'
[2015.11.07-22.47.31:069][164]BlueprintLog: New page: Compile TutorialIsland
[2015.11.07-22.47.31:146][164]LogActorComponent: UnregisterComponent: (/Engine/Transient.RotatingMovement_GEN_VARIABLE) Not registered. Aborting.
[2015.11.07-22.47.31:146][164]LogActorComponent: UnregisterComponent: (/Engine/Transient.CharMoveComp) Not registered. Aborting.
[2015.11.07-22.47.31:146][164]LogActorComponent: UnregisterComponent: (/Engine/Transient.PawnSensing_GEN_VARIABLE) Not registered. Aborting.
[2015.11.07-22.47.31:146][164]LogActorComponent: UnregisterComponent: (/Engine/Transient.CharacterMovementComponent_0) Not registered. Aborting.
[2015.11.07-22.47.31:203][164]BlueprintEditorCompileResults: Info [0067.61] Compile of TutorialIsland successful! [in 133 ms]
[2015.11.07-22.47.36:048][446]LogBlueprintUserMessages: CustomizeDetails for Blueprint 'TutorialIsland', cached variable property's owner is '/Game/ThirdPersonBP/Blueprints/ThirdPersonCharacter.ThirdPersonCharacter_C'
[2015.11.07-22.48.21:162][401]LogFactory: FactoryCreateBinary: Texture with ReimportTextureFactory (0 0 C:\Users\ntanc_000\Desktop\full-moon-beyond-the-pines-16545.jpg)
[2015.11.07-22.48.21:238][401]LogTexture:Display: Building textures: full-moon-beyond-the-pines-16545 (AutoDXT)
[2015.11.07-22.48.29:846][806]LogMaterial: Missing cached shader map for material LoadingScreen, compiling. 
[2015.11.07-22.48.31:042][858]LogMaterial: Missing cached shader map for material LoadingScreen, compiling. 
[2015.11.07-22.48.31:203][858]LogMaterial: Missing cached shader map for material LoadingScreen, compiling. 
[2015.11.07-22.48.31:211][858]LogMaterial: 0.000056 seconds spent updating 1 materials, 1 interfaces, 0 instances, 0 with static permutations.
[2015.11.07-22.48.31:240][858]LogMaterial: Missing cached shader map for material FMatExpressionPreview MaterialExpressionTextureSample_0, compiling. 
[2015.11.07-22.48.33:141][923]LogMaterial: Missing cached shader map for material LoadingScreen, compiling. 
[2015.11.07-22.48.33:151][923]LogMaterial: 0.000057 seconds spent updating 1 materials, 1 interfaces, 0 instances, 0 with static permutations.
[2015.11.07-22.48.33:182][923]LogMaterial: Missing cached shader map for material FMatExpressionPreview MaterialExpressionTextureSample_0, compiling. 
[2015.11.07-22.48.34:353][968]MaterialEditorStats: Info Base pass shader with only dynamic lighting: 33 instructions
[2015.11.07-22.48.34:353][968]MaterialEditorStats: Info Vertex shader: 33 instructions
[2015.11.07-22.48.34:353][968]MaterialEditorStats: Info Texture samplers: 1/16
[2015.11.07-22.48.36:428][ 71]LogMaterial: Missing cached shader map for material LoadingScreen, compiling. 
[2015.11.07-22.48.36:437][ 71]LogMaterial: 0.000215 seconds spent updating 1 materials, 1 interfaces, 0 instances, 0 with static permutations.
[2015.11.07-22.48.37:481][112]MaterialEditorStats: Info Base pass shader with only dynamic lighting: 32 instructions
[2015.11.07-22.48.37:481][112]MaterialEditorStats: Info Vertex shader: 33 instructions
[2015.11.07-22.48.37:481][112]MaterialEditorStats: Info Texture samplers: 1/16
[2015.11.07-22.48.37:898][129]LogMaterial: Missing cached shader map for material LoadingScreen, compiling. 
[2015.11.07-22.48.37:905][129]LogMaterial: 0.000234 seconds spent updating 1 materials, 1 interfaces, 0 instances, 0 with static permutations.
[2015.11.07-22.48.37:937][129]LogMaterial: Missing cached shader map for material FMatExpressionPreview MaterialExpressionTextureSample_0, compiling. 
[2015.11.07-22.48.38:995][169]MaterialEditorStats: Info Base pass shader with only dynamic lighting: 33 instructions
[2015.11.07-22.48.38:996][169]MaterialEditorStats: Info Vertex shader: 33 instructions
[2015.11.07-22.48.38:996][169]MaterialEditorStats: Info Texture samplers: 1/16
[2015.11.07-22.48.40:712][255]LogMaterialEditor: Applying material LoadingScreen
[2015.11.07-22.48.41:280][255]LogMaterial: Missing cached shader map for material LoadingScreen, compiling. 
[2015.11.07-22.48.41:300][255]LogMaterial: 0.000093 seconds spent updating 1 materials, 1 interfaces, 0 instances, 0 with static permutations.
[2015.11.07-22.48.41:378][255]LogMaterial: Missing cached shader map for material LoadingScreen, compiling. 
[2015.11.07-22.48.41:410][255]LogMaterial: Missing cached shader map for material LoadingScreen, compiling. 
[2015.11.07-22.48.41:422][255]LogMaterial: 0.001732 seconds spent updating 1 materials, 1 interfaces, 0 instances, 0 with static permutations.
[2015.11.07-22.48.44:373][375]MaterialEditorStats: Info Base pass shader with only dynamic lighting: 62 instructions
[2015.11.07-22.48.44:373][375]MaterialEditorStats: Info Vertex shader: 33 instructions
[2015.11.07-22.48.44:373][375]MaterialEditorStats: Info Texture samplers: 4/16
[2015.11.07-22.50.59:140][154]LogBlueprintUserMessages: CustomizeDetails for Blueprint 'myHUD', cached variable property's owner is '/Game/ThirdPersonBP/HUD/myHUD.SKEL_myHUD_C'
[2015.11.07-22.51.00:433][192]LogBlueprintUserMessages: CustomizeDetails for Blueprint 'myHUD', cached variable property's owner is '/Game/ThirdPersonBP/HUD/myHUD.SKEL_myHUD_C'
[2015.11.07-22.51.00:524][195]LogBlueprintUserMessages: CustomizeDetails for Blueprint 'myHUD', cached variable property's owner is '/Game/ThirdPersonBP/HUD/myHUD.SKEL_myHUD_C'
[2015.11.07-22.51.07:044][401]LogBlueprintUserMessages: PostEditorRefresh for Blueprint 'myHUD', cached variable property's owner is '/Game/ThirdPersonBP/HUD/myHUD.SKEL_myHUD_C'
[2015.11.07-22.51.07:107][401]LogBlueprintUserMessages: CustomizeDetails for Blueprint 'myHUD', cached variable property's owner is '/Game/ThirdPersonBP/HUD/myHUD.SKEL_myHUD_C'
[2015.11.07-22.51.13:365][588]LogBlueprintUserMessages: CustomizeDetails for Blueprint 'myHUD', cached variable property's owner is '/Game/ThirdPersonBP/HUD/myHUD.SKEL_myHUD_C'
[2015.11.07-22.51.19:343][797]LogBlueprintUserMessages: CustomizeDetails for Blueprint 'myHUD', cached variable property's owner is '/Game/ThirdPersonBP/HUD/myHUD.SKEL_myHUD_C'
[2015.11.07-22.51.21:695][869]LogBlueprintUserMessages: CustomizeDetails for Blueprint 'myHUD', cached variable property's owner is '/Game/ThirdPersonBP/HUD/myHUD.SKEL_myHUD_C'
[2015.11.07-22.51.22:526][893]LogBlueprintUserMessages: CustomizeDetails for Blueprint 'myHUD', cached variable property's owner is '/Game/ThirdPersonBP/HUD/myHUD.SKEL_myHUD_C'
[2015.11.07-22.51.46:730][734]LogBlueprintUserMessages: CustomizeDetails for Blueprint 'myHUD', cached variable property's owner is '/Game/ThirdPersonBP/HUD/myHUD.SKEL_myHUD_C'
[2015.11.07-22.53.07:355][512]LogActorComponent: UnregisterComponent: (/Engine/Transient.CharMoveComp) Not registered. Aborting.
[2015.11.07-22.53.07:355][512]LogActorComponent: UnregisterComponent: (/Engine/Transient.RotatingMovement_GEN_VARIABLE) Not registered. Aborting.
[2015.11.07-22.53.07:572][512]LogBlueprintUserMessages: CustomizeDetails for Blueprint 'ThirdPersonCharacter', cached variable property's owner is '/Game/ThirdPersonBP/Blueprints/ThirdPersonCharacter.SKEL_ThirdPersonCharacter_C'
[2015.11.07-22.53.09:508][595]LogActorComponent: UnregisterComponent: (/Engine/Transient.CharacterMovementComponent_1) Not registered. Aborting.
[2015.11.07-22.53.09:578][595]LogBlueprintUserMessages: CustomizeDetails for Blueprint 'ThirdPersonCharacter', cached variable property's owner is '/Game/ThirdPersonBP/Blueprints/ThirdPersonCharacter.SKEL_ThirdPersonCharacter_C'
[2015.11.07-22.53.11:166][663]LogActorComponent: UnregisterComponent: (/Engine/Transient.CharacterMovementComponent_2) Not registered. Aborting.
[2015.11.07-22.53.11:178][663]LogBlueprintUserMessages: PostEditorRefresh for Blueprint 'ThirdPersonCharacter', cached variable property's owner is '/Game/ThirdPersonBP/Blueprints/ThirdPersonCharacter.SKEL_ThirdPersonCharacter_C'
[2015.11.07-22.53.11:239][663]LogBlueprintUserMessages: CustomizeDetails for Blueprint 'ThirdPersonCharacter', cached variable property's owner is '/Game/ThirdPersonBP/Blueprints/ThirdPersonCharacter.SKEL_ThirdPersonCharacter_C'
[2015.11.07-22.54.14:553][202]LogBlueprintUserMessages: CustomizeDetails for Blueprint 'myHUD', cached variable property's owner is '/Game/ThirdPersonBP/HUD/myHUD.SKEL_myHUD_C'
[2015.11.07-22.54.15:239][222]LogBlueprintUserMessages: CustomizeDetails for Blueprint 'myHUD', cached variable property's owner is '/Game/ThirdPersonBP/HUD/myHUD.SKEL_myHUD_C'
[2015.11.07-22.54.16:327][255]LogBlueprintUserMessages: CustomizeDetails for Blueprint 'myHUD', cached variable property's owner is '/Game/ThirdPersonBP/HUD/myHUD.SKEL_myHUD_C'
[2015.11.07-22.54.36:235][777]BlueprintLog: New page: Compile myHUD
[2015.11.07-22.54.36:274][777]LogBlueprint:Warning: [compiler myHUD] Warning Could not find a variable named "Loading?" in 'ThirdPersonCharacter_C'.
Make sure 'ThirdPersonCharacter_C' has been compiled for  Get Loading? 
[2015.11.07-22.54.36:276][777]LogBlueprint:Error: [compiler myHUD] Error The property associated with  Loading?  could not be found
[2015.11.07-22.54.36:474][777]LogActorComponent: UnregisterComponent: (/Engine/Transient.CharacterMovementComponent_3) Not registered. Aborting.
[2015.11.07-22.54.36:540][777]LogBlueprint:Warning: [compiler myHUD] Warning [0492.95] Compile of myHUD failed. 1 Fatal Issue(s) 1 Warning(s) [in 304 ms]
[2015.11.07-22.54.36:540][777]BlueprintEditorCompileResults:Warning: Warning Could not find a variable named "Loading?" in 'ThirdPersonCharacter_C'.
Make sure 'ThirdPersonCharacter_C' has been compiled for  Get Loading? 
[2015.11.07-22.54.36:541][777]BlueprintEditorCompileResults:Error: Error The property associated with  Loading?  could not be found
[2015.11.07-22.54.36:541][777]BlueprintEditorCompileResults:Warning: Warning [0492.95] Compile of myHUD failed. 1 Fatal Issue(s) 1 Warning(s) [in 304 ms]
[2015.11.07-22.54.44:851][981]BlueprintLog: New page: Compile ThirdPersonCharacter
[2015.11.07-22.54.45:394][981]LogBlueprintUserMessages: PostEditorRefresh for Blueprint 'ThirdPersonCharacter', cached variable property's owner is '/Game/ThirdPersonBP/Blueprints/ThirdPersonCharacter.SKEL_ThirdPersonCharacter_C'
[2015.11.07-22.54.45:396][981]BlueprintEditorCompileResults: Info [0501.80] Compile of ThirdPersonCharacter successful! [in 545 ms]
[2015.11.07-22.54.45:466][981]LogBlueprintUserMessages: CustomizeDetails for Blueprint 'ThirdPersonCharacter', cached variable property's owner is '/Game/ThirdPersonBP/Blueprints/ThirdPersonCharacter.SKEL_ThirdPersonCharacter_C'
[2015.11.07-22.54.46:259][991]LogSavePackage: Save=163.816727ms
[2015.11.07-22.54.46:259][991]LogSavePackage: Moving '../../../../../../Users/ntanc_000/Desktop/NightmareGame/TheGame/Saved/ThirdPersonCharacter677E54714D6CFDF17F2B0EAE829434E4.tmp' to '../../../../../../Users/ntanc_000/Desktop/NightmareGame/TheGame/Content/ThirdPersonBP/Blueprints/ThirdPersonCharacter.uasset'
[2015.11.07-22.54.46:276][991]LogSavePackage: Total save time: 206.022386ms
[2015.11.07-22.54.46:276][991]LogSavePackage:Warning: Finished SavePackage ../../../../../../Users/ntanc_000/Desktop/NightmareGame/TheGame/Content/ThirdPersonBP/Blueprints/ThirdPersonCharacter.uasset
[2015.11.07-22.54.47:380][ 20]BlueprintLog: New page: Compile myHUD
[2015.11.07-22.54.47:536][ 20]LogActorComponent: UnregisterComponent: (/Engine/Transient.CharMoveComp) Not registered. Aborting.
[2015.11.07-22.54.47:622][ 20]BlueprintEditorCompileResults: Info [0504.03] Compile of myHUD successful! [in 240 ms]
[2015.11.07-22.55.26:573][119]LogEditorTransaction: Undo Create Pin Link
[2015.11.07-22.55.26:594][119]LogMaterial: Missing cached shader map for material LoadingScreen, compiling. 
[2015.11.07-22.55.26:600][119]LogMaterial: 0.000163 seconds spent updating 1 materials, 1 interfaces, 0 instances, 0 with static permutations.
[2015.11.07-22.55.29:059][162]MaterialEditorStats: Info Base pass shader with only dynamic lighting: 33 instructions
[2015.11.07-22.55.29:059][162]MaterialEditorStats: Info Vertex shader: 33 instructions
[2015.11.07-22.55.29:059][162]MaterialEditorStats: Info Texture samplers: 1/16
[2015.11.07-22.56.22:913][241]BlueprintLog: New page: Compile myHUD
[2015.11.07-22.56.23:016][241]BlueprintEditorCompileResults: Info [0599.42] Compile of myHUD successful! [in 103 ms]
[2015.11.07-22.57.20:940][778]LogEditorTransaction: Undo Change String Pin Value
[2015.11.07-22.57.20:946][778]LogMaterial: Missing cached shader map for material LoadingScreen, compiling. 
[2015.11.07-22.57.20:952][778]LogMaterial: 0.000121 seconds spent updating 1 materials, 1 interfaces, 0 instances, 0 with static permutations.
[2015.11.07-22.57.21:128][784]LogEditorTransaction: Undo Create Pin Link
[2015.11.07-22.57.21:135][784]LogMaterial: Missing cached shader map for material LoadingScreen, compiling. 
[2015.11.07-22.57.21:142][784]LogMaterial: 0.000050 seconds spent updating 1 materials, 1 interfaces, 0 instances, 0 with static permutations.
[2015.11.07-22.57.21:295][786]LogEditorTransaction: Undo Break Pin Link
[2015.11.07-22.57.21:299][786]LogMaterial: Missing cached shader map for material LoadingScreen, compiling. 
[2015.11.07-22.57.21:307][786]LogMaterial: 0.000057 seconds spent updating 1 materials, 1 interfaces, 0 instances, 0 with static permutations.
[2015.11.07-22.57.21:479][788]LogEditorTransaction: Undo Add Node
[2015.11.07-22.57.21:484][788]LogMaterial: Missing cached shader map for material LoadingScreen, compiling. 
[2015.11.07-22.57.21:492][788]LogMaterial: 0.000070 seconds spent updating 1 materials, 1 interfaces, 0 instances, 0 with static permutations.
[2015.11.07-22.57.21:568][789]LogEditorTransaction: Undo Create Pin Link
[2015.11.07-22.57.21:576][789]LogMaterial: Missing cached shader map for material LoadingScreen, compiling. 
[2015.11.07-22.57.21:585][789]LogMaterial: 0.000049 seconds spent updating 1 materials, 1 interfaces, 0 instances, 0 with static permutations.
[2015.11.07-22.57.21:724][791]LogEditorTransaction: Undo Move Node
[2015.11.07-22.57.21:732][791]LogMaterial: Missing cached shader map for material LoadingScreen, compiling. 
[2015.11.07-22.57.21:741][791]LogMaterial: 0.000049 seconds spent updating 1 materials, 1 interfaces, 0 instances, 0 with static permutations.
[2015.11.07-22.57.21:820][792]LogEditorTransaction: Undo Move Node
[2015.11.07-22.57.21:830][792]LogMaterial: Missing cached shader map for material LoadingScreen, compiling. 
[2015.11.07-22.57.21:839][792]LogMaterial: 0.000043 seconds spent updating 1 materials, 1 interfaces, 0 instances, 0 with static permutations.
[2015.11.07-22.57.21:958][795]LogEditorTransaction: Undo Add Node
[2015.11.07-22.57.21:969][795]LogMaterial: Missing cached shader map for material LoadingScreen, compiling. 
[2015.11.07-22.57.21:980][795]LogMaterial: 0.000064 seconds spent updating 1 materials, 1 interfaces, 0 instances, 0 with static permutations.
[2015.11.07-22.57.22:091][799]LogEditorTransaction: Undo Create Pin Link
[2015.11.07-22.57.22:102][799]LogMaterial: Missing cached shader map for material LoadingScreen, compiling. 
[2015.11.07-22.57.22:110][799]LogMaterial: 0.000149 seconds spent updating 1 materials, 1 interfaces, 0 instances, 0 with static permutations.
[2015.11.07-22.57.22:234][803]LogEditorTransaction: Undo Move Nodes
[2015.11.07-22.57.22:241][803]LogMaterial: Missing cached shader map for material LoadingScreen, compiling. 
[2015.11.07-22.57.22:250][803]LogMaterial: 0.000042 seconds spent updating 1 materials, 1 interfaces, 0 instances, 0 with static permutations.
[2015.11.07-22.57.22:353][805]LogEditorTransaction: Undo Change Object Pin Value
[2015.11.07-22.57.22:360][805]LogMaterial: Missing cached shader map for material LoadingScreen, compiling. 
[2015.11.07-22.57.22:371][805]LogMaterial: 0.000049 seconds spent updating 1 materials, 1 interfaces, 0 instances, 0 with static permutations.
[2015.11.07-22.57.22:524][807]LogEditorTransaction: Undo Create Pin Link
[2015.11.07-22.57.22:537][807]LogMaterial: Missing cached shader map for material LoadingScreen, compiling. 
[2015.11.07-22.57.22:545][807]LogMaterial: 0.000036 seconds spent updating 1 materials, 1 interfaces, 0 instances, 0 with static permutations.
[2015.11.07-22.57.22:636][809]LogEditorTransaction: Undo Create Pin Link
[2015.11.07-22.57.22:643][809]LogMaterial: Missing cached shader map for material LoadingScreen, compiling. 
[2015.11.07-22.57.22:654][809]LogMaterial: 0.000148 seconds spent updating 1 materials, 1 interfaces, 0 instances, 0 with static permutations.
[2015.11.07-22.57.22:807][813]LogEditorTransaction: Undo Add Node
[2015.11.07-22.57.22:819][813]LogMaterial: Missing cached shader map for material LoadingScreen, compiling. 
[2015.11.07-22.57.22:832][813]LogMaterial: 0.000066 seconds spent updating 1 materials, 1 interfaces, 0 instances, 0 with static permutations.
[2015.11.07-22.57.22:951][816]LogEditorTransaction: Undo Add Node
[2015.11.07-22.57.22:960][816]LogMaterial: Missing cached shader map for material LoadingScreen, compiling. 
[2015.11.07-22.57.22:971][816]LogMaterial: 0.000043 seconds spent updating 1 materials, 1 interfaces, 0 instances, 0 with static permutations.
[2015.11.07-22.57.23:099][819]LogEditorTransaction: Undo Move Node
[2015.11.07-22.57.23:110][819]LogMaterial: Missing cached shader map for material LoadingScreen, compiling. 
[2015.11.07-22.57.23:120][819]LogMaterial: 0.000130 seconds spent updating 1 materials, 1 interfaces, 0 instances, 0 with static permutations.
[2015.11.07-22.57.23:236][822]LogEditorTransaction: Undo Add Node
[2015.11.07-22.57.23:246][822]LogMaterial: Missing cached shader map for material LoadingScreen, compiling. 
[2015.11.07-22.57.23:260][822]LogMaterial: 0.000074 seconds spent updating 1 materials, 1 interfaces, 0 instances, 0 with static permutations.
[2015.11.07-22.57.23:390][826]LogEditorTransaction: Undo Move Node
[2015.11.07-22.57.23:403][826]LogMaterial: Missing cached shader map for material LoadingScreen, compiling. 
[2015.11.07-22.57.23:415][826]LogMaterial: 0.000084 seconds spent updating 1 materials, 1 interfaces, 0 instances, 0 with static permutations.
[2015.11.07-22.57.23:562][830]LogEditorTransaction: Undo Move Node
[2015.11.07-22.57.23:573][830]LogMaterial: Missing cached shader map for material LoadingScreen, compiling. 
[2015.11.07-22.57.23:584][830]LogMaterial: 0.000077 seconds spent updating 1 materials, 1 interfaces, 0 instances, 0 with static permutations.
[2015.11.07-22.57.23:700][833]LogEditorTransaction: Undo Move Node
[2015.11.07-22.57.23:710][833]LogMaterial: Missing cached shader map for material LoadingScreen, compiling. 
[2015.11.07-22.57.23:722][833]LogMaterial: 0.000063 seconds spent updating 1 materials, 1 interfaces, 0 instances, 0 with static permutations.
[2015.11.07-22.57.23:800][833]LogWindows:Error: Windows GetLastError: The operation completed successfully. (0)
[2015.11.07-22.57.24:897][833]LogCrashTracker: 


[2015.11.07-22.57.24:897][833]LogCrashTracker: 


[2015.11.07-22.57.24:897][833]LogWindows: === Critical error: ===
Assertion failed: Schema [File:D:\BuildFarm\buildmachine_++depot+UE4-Releases+4.9\Engine\Source\Editor\GraphEditor\Private\SGraphPin.cpp] [Line: 170] 
Missing schema for pin: EdGraphPin_27041 with outer: /Engine/Transient of type Package




[2015.11.07-22.57.25:076][833]LogExit: Executing StaticShutdownAfterError
[2015.11.07-22.57.25:107][833]LogPhysics:Warning: PHYSX: ..\..\PhysX\src\NpScene.cpp (2946) 8 : PxScene::unlockWrite() called without matching call to PxScene::lockWrite(), behaviour will be undefined.
[2015.11.07-22.57.25:107][833]LogPhysics:Warning: PHYSX: ..\..\PhysX\src\NpScene.cpp (2946) 8 : PxScene::unlockWrite() called without matching call to PxScene::lockWrite(), behaviour will be undefined.
[2015.11.07-22.57.25:107][833]LogPhysics:Warning: PHYSX: ..\..\PhysX\src\NpScene.cpp (2946) 8 : PxScene::unlockWrite() called without matching call to PxScene::lockWrite(), behaviour will be undefined.
[2015.11.07-22.57.25:107][833]LogPhysics:Warning: PHYSX: ..\..\PhysX\src\NpScene.cpp (2946) 8 : PxScene::unlockWrite() called without matching call to PxScene::lockWrite(), behaviour will be undefined.
[2015.11.07-22.57.25:107][833]LogPhysics:Warning: PHYSX: ..\..\PhysX\src\NpScene.cpp (2946) 8 : PxScene::unlockWrite() called without matching call to PxScene::lockWrite(), behaviour will be undefined.
[2015.11.07-22.57.25:108][833]LogPhysics:Warning: PHYSX: ..\..\PhysX\src\NpScene.cpp (2946) 8 : PxScene::unlockWrite() called without matching call to PxScene::lockWrite(), behaviour will be undefined.
[2015.11.07-22.57.25:108][833]LogPhysics:Warning: PHYSX: ..\..\PhysX\src\NpScene.cpp (2946) 8 : PxScene::unlockWrite() called without matching call to PxScene::lockWrite(), behaviour will be undefined.
[2015.11.07-22.57.25:108][833]LogPhysics:Warning: PHYSX: ..\..\PhysX\src\NpScene.cpp (2946) 8 : PxScene::unlockWrite() called without matching call to PxScene::lockWrite(), behaviour will be undefined.
[2015.11.07-22.57.25:108][833]LogPhysics:Warning: PHYSX: ..\..\PhysX\src\NpScene.cpp (2946) 8 : PxScene::unlockWrite() called without matching call to PxScene::lockWrite(), behaviour will be undefined.
[2015.11.07-22.57.25:109][833]LogPhysics:Warning: PHYSX: ..\..\PhysX\src\NpScene.cpp (2946) 8 : PxScene::unlockWrite() called without matching call to PxScene::lockWrite(), behaviour will be undefined.
[2015.11.07-22.57.25:111][833]LogWindows: FPlatformMisc::RequestExit(1)
[2015.11.07-22.57.25:111][833]Log file closed, 11/07/15 17:57:25
