[2015.11.19-22.21.35:425][  0]Log file open, 11/19/15 17:21:35
[2015.11.19-22.21.35:425][  0]LogInit:Display: Running engine for game: NightmareGame
[2015.11.19-22.21.35:425][  0]LogInit:Display: RandInit(232376390) SRandInit(232376390).
[2015.11.19-22.21.35:425][  0]LogTaskGraph: Started task graph with 4 named threads and 7 total threads.
[2015.11.19-22.21.35:425][  0]LogStats: Stats thread started at 0.230632
[2015.11.19-22.21.35:425][  0]LogInit: Version: 4.9.2-2707645+++depot+UE4-Releases+4.9
[2015.11.19-22.21.35:425][  0]LogInit: API Version: 2672455
[2015.11.19-22.21.35:425][  0]LogInit: Compiled (64-bit): Sep 28 2015 10:25:44
[2015.11.19-22.21.35:425][  0]LogInit: Compiled with Visual C++: 18.00.21005.01
[2015.11.19-22.21.35:425][  0]LogInit: Build Configuration: Development
[2015.11.19-22.21.35:425][  0]LogInit: Branch Name: ++depot+UE4-Releases+4.9
[2015.11.19-22.21.35:425][  0]LogInit: Command line:  
[2015.11.19-22.21.35:425][  0]LogInit: Base directory: C:/Program Files/Epic Games/4.9/Engine/Binaries/Win64/
[2015.11.19-22.21.35:425][  0]LogInit: Rocket: 1
[2015.11.19-22.21.35:556][  0]LogInit: Using libcurl 7.41.0
[2015.11.19-22.21.35:556][  0]LogInit:  - built for x86_64-pc-win32
[2015.11.19-22.21.35:556][  0]LogInit:  - supports SSL with WinSSL
[2015.11.19-22.21.35:556][  0]LogInit:  - other features:
[2015.11.19-22.21.35:556][  0]LogInit:      CURL_VERSION_SSL
[2015.11.19-22.21.35:556][  0]LogInit:      CURL_VERSION_IPV6
[2015.11.19-22.21.35:556][  0]LogInit:      CURL_VERSION_ASYNCHDNS
[2015.11.19-22.21.35:556][  0]LogInit:      CURL_VERSION_LARGEFILE
[2015.11.19-22.21.35:556][  0]LogInit:      CURL_VERSION_IDN
[2015.11.19-22.21.35:556][  0]LogInit:  CurlRequestOptions (configurable via config and command line):
[2015.11.19-22.21.35:556][  0]LogInit:  - bVerifyPeer = true  - Libcurl will verify peer certificate
[2015.11.19-22.21.35:556][  0]LogInit:  - bUseHttpProxy = false  - Libcurl will NOT use HTTP proxy
[2015.11.19-22.21.35:556][  0]LogInit:  - bDontReuseConnections = false  - Libcurl will reuse connections
[2015.11.19-22.21.35:556][  0]LogInit:  - CertBundlePath = nullptr  - Libcurl will use whatever was configured at build time.
[2015.11.19-22.21.35:860][  0]LogInit: Presizing for 0 objects not considered by GC, pre-allocating 0 bytes.
[2015.11.19-22.21.35:980][  0]LogInit: Object subsystem initialized
[2015.11.19-22.21.36:350][  0]LogInit: Selected Device Profile: [Windows]
[2015.11.19-22.21.36:350][  0]LogInit: Applying CVar settings loaded from the selected device profile: [Windows]
[2015.11.19-22.21.36:726][  0]LogInit: Computer: LAUREN-PC
[2015.11.19-22.21.36:726][  0]LogInit: User: Lauren
[2015.11.19-22.21.36:726][  0]LogInit: CPU Page size=4096, Cores=4
[2015.11.19-22.21.36:726][  0]LogInit: High frequency timer resolution =2.338378 MHz
[2015.11.19-22.21.36:736][  0]LogMemory: Memory total: Physical=7.9GB (8GB approx)
[2015.11.19-22.21.36:741][  0]LogMemory: Platform Memory Stats for Windows
[2015.11.19-22.21.36:741][  0]LogMemory: Process Physical Memory: 58.01 MB used, 58.01 MB peak
[2015.11.19-22.21.36:741][  0]LogMemory: Process Virtual Memory: 59.48 MB used, 59.48 MB peak
[2015.11.19-22.21.36:741][  0]LogMemory: Physical Memory: 6873.21 MB used, 8079.30 MB total
[2015.11.19-22.21.36:741][  0]LogMemory: Virtual Memory: 340.40 MB used, 8388608.00 MB total
[2015.11.19-22.21.38:711][  0]LogTextLocalizationManager: No specific translations for ('en-US') exist, so ('en') translations will be used.
[2015.11.19-22.21.41:517][  0]LogD3D11RHI: Found D3D11 adapter 0: NVIDIA GeForce GTX 770M (Feature Level 11_0)
[2015.11.19-22.21.41:517][  0]LogD3D11RHI: Adapter has 3009MB of dedicated video memory, 0MB of dedicated system memory, and 3783MB of shared system memory, 1 output[s]
[2015.11.19-22.21.41:839][  0]LogD3D11RHI: Found D3D11 adapter 1: NVIDIA GeForce GTX 770M (Feature Level 11_0)
[2015.11.19-22.21.41:839][  0]LogD3D11RHI: Adapter has 3009MB of dedicated video memory, 0MB of dedicated system memory, and 3783MB of shared system memory, 1 output[s]
[2015.11.19-22.21.41:851][  0]LogD3D11RHI: Chosen D3D11 Adapter Id = 0
[2015.11.19-22.21.41:859][  0]LogD3D11RHI: !Direct3DDevice
[2015.11.19-22.21.41:859][  0]LogRHI: Texture pool is 1361 MB (70% of 1945 MB)
[2015.11.19-22.21.41:880][  0]LogD3D11RHI: Async texture creation enabled
[2015.11.19-22.21.42:322][  0]LogShaderCompilers: Guid format shader working directory is 14 characters bigger than the processId version (E:/NightmareGame/TheGame/Intermediate/Shaders/WorkingDirectory/13884/).
[2015.11.19-22.21.42:324][  0]LogShaderCompilers: Cleaned the shader compiler working directory 'E:/NightmareGame/TheGame/Intermediate/Shaders/tmp/05C7E0C947B2E0F4B87C5A86D3A677EE/'.
[2015.11.19-22.21.42:336][  0]LogShaderCompilers:Display: Using Local Shader Compiler.
[2015.11.19-22.21.51:167][  0]LogTemp:Display: Loaded TP AllDesktopTargetPlatform
[2015.11.19-22.21.51:181][  0]LogTemp:Display: Loaded TP WindowsClientTargetPlatform
[2015.11.19-22.21.51:193][  0]LogTemp:Display: Loaded TP WindowsNoEditorTargetPlatform
[2015.11.19-22.21.51:208][  0]LogTemp:Display: Loaded TP WindowsServerTargetPlatform
[2015.11.19-22.21.51:223][  0]LogTemp:Display: Loaded TP WindowsTargetPlatform
[2015.11.19-22.21.51:237][  0]LogTemp:Display: Loaded TP AndroidTargetPlatform
[2015.11.19-22.21.51:247][  0]LogTemp:Display: Loaded TP Android_ASTCTargetPlatform
[2015.11.19-22.21.51:257][  0]LogTemp:Display: Loaded TP Android_ATCTargetPlatform
[2015.11.19-22.21.51:271][  0]LogTemp:Display: Loaded TP Android_DXTTargetPlatform
[2015.11.19-22.21.51:282][  0]LogTemp:Display: Loaded TP Android_ETC1TargetPlatform
[2015.11.19-22.21.51:293][  0]LogTemp:Display: Loaded TP Android_ETC2TargetPlatform
[2015.11.19-22.21.51:303][  0]LogTemp:Display: Loaded TP Android_PVRTCTargetPlatform
[2015.11.19-22.21.51:325][  0]LogTemp:Display: Loaded TP HTML5TargetPlatform
[2015.11.19-22.21.51:438][  0]LogTemp:Display: Loaded TP IOSTargetPlatform
[2015.11.19-22.21.51:448][  0]LogTemp:Display: Loaded TP LinuxNoEditorTargetPlatform
[2015.11.19-22.21.51:460][  0]LogTemp:Display: Loaded TP LinuxServerTargetPlatform
[2015.11.19-22.21.51:474][  0]LogTemp:Display: Loaded TP LinuxTargetPlatform
[2015.11.19-22.21.51:474][  0]LogTargetPlatformManager:Display: Building Assets For Windows
[2015.11.19-22.21.52:585][  0]LogDerivedDataCache:Display: Max Cache Size: 512 MB
[2015.11.19-22.21.53:365][  0]LogDerivedDataCache: Loaded boot cache 0.78s 45MB C:/Users/Lauren/AppData/Local/UnrealEngine/4.9/DerivedDataCache/Boot.ddc.
[2015.11.19-22.21.53:366][  0]LogDerivedDataCache:Display: Loaded Boot cache: C:/Users/Lauren/AppData/Local/UnrealEngine/4.9/DerivedDataCache/Boot.ddc
[2015.11.19-22.21.53:366][  0]LogDerivedDataCache: FDerivedDataBackendGraph:  Pak pak cache file E:/NightmareGame/TheGame/DerivedDataCache/DDC.ddp not found, will not use a pak cache.
[2015.11.19-22.21.53:366][  0]LogDerivedDataCache: Unable to find inner node Pak for hierarchical cache Hierarchy.
[2015.11.19-22.21.53:367][  0]LogDerivedDataCache: FDerivedDataBackendGraph:  CompressedPak pak cache file E:/NightmareGame/TheGame/DerivedDataCache/Compressed.ddp not found, will not use a pak cache.
[2015.11.19-22.21.53:367][  0]LogDerivedDataCache: Unable to find inner node CompressedPak for hierarchical cache Hierarchy.
[2015.11.19-22.21.53:673][  0]LogDerivedDataCache:Display: Pak cache opened for reading ../../../Engine/DerivedDataCache/Compressed.ddp.
[2015.11.19-22.21.53:708][  0]LogDerivedDataCache: Using Local data cache path C:/Users/Lauren/AppData/Local/UnrealEngine/Common/DerivedDataCache: Writable
[2015.11.19-22.22.09:424][  0]LogInit: Selected Device Profile: [Windows]
[2015.11.19-22.22.09:483][  0]LogContentStreaming: Texture pool size is 0.000000MB
[2015.11.19-22.22.10:134][  0]LogMeshUtilities: No automatic mesh reduction module available
[2015.11.19-22.22.10:134][  0]LogMeshUtilities: No automatic mesh merging module available
[2015.11.19-22.22.22:302][  0]LogInit: WinSock: version 1.1 (2.2), MaxSocks=32767, MaxUdp=65467
[2015.11.19-22.22.41:052][  0]UdpMessaging: Initializing bridge on interface 0.0.0.0:0 to multicast group 230.0.0.1:6666.
[2015.11.19-22.22.42:398][  0]LogAssetRegistry: FAssetRegistry took 0.0101 seconds to start up
[2015.11.19-22.22.45:389][  0]SourceControl: Info Source control is disabled
[2015.11.19-22.22.58:447][  0]LogLinker:Warning: Asset '../../../Engine/Plugins/Runtime/LeapMotionController/Content/LM_PassthroughMaterial.uasset' has been saved with empty engine version. The asset will be loaded but may be incompatible.
[2015.11.19-22.22.58:725][  0]LogObj: 28361 objects as part of root set at end of initial load.
[2015.11.19-22.22.58:725][  0]LogUObjectAllocator: 6038864 out of 0 bytes used by permanent object pool.
[2015.11.19-22.22.59:281][  0]LogEngine: Initializing Engine...
[2015.11.19-22.22.59:304][  0]LogHMD: Can't find Oculus library dev build: is proper Runtime installed? Version: 0.7.0.0
[2015.11.19-22.22.59:368][  0]LogHMD: SteamVR failed to initialize.  Err: 110
[2015.11.19-22.23.00:469][  0]LogAIModule: Creating AISystem for world NewWorld
[2015.11.19-22.23.00:919][  0]LogInit: XAudio2 using 'Speakers (Siberia v2 D3H)' : 2 channels at 44.1 kHz using 16 bits per sample (channel mask 0x3)
[2015.11.19-22.23.00:992][  0]LogInit: FAudioDevice initialized.
[2015.11.19-22.23.01:015][  0]LogDerivedDataCache: Saved boot cache 0.02s 41MB C:/Users/Lauren/AppData/Local/UnrealEngine/4.9/DerivedDataCache/Boot.ddc.
[2015.11.19-22.23.01:020][  0]LogInit: Texture streaming: Enabled
[2015.11.19-22.23.01:029][  0]LogAnalytics: Creating configured Analytics provider AnalyticsET
[2015.11.19-22.23.01:029][  0]LogAnalytics: [UEEditor.Rocket.Release] APIServer = http://et2.epicgames.com/ET2/. AppVersion = 4.9.2-2707645+++depot+UE4-Releases+4.9
[2015.11.19-22.23.01:029][  0]LogAnalytics: [UEEditor.Rocket.Release] SetUserId 0dfd459848bd316af10e0286bf53d633|62a07662b49e46228294f7f33306ed31|8f7fcacd-7ea7-4aa9-9d3c-39324467dbc7
[2015.11.19-22.23.01:029][  0]LogAnalytics: [UEEditor.Rocket.Release] AnalyticsET::StartSession
[2015.11.19-22.23.02:549][  0]LogInit: Transaction tracking system initialized
[2015.11.19-22.23.04:181][  0]BlueprintLog: New page: Editor Load
[2015.11.19-22.23.11:076][  0]LocalizationService: Info Localization service is disabled
[2015.11.19-22.23.15:170][  0]LogConsoleResponse:Display: 
[2015.11.19-22.23.20:762][  0]LogFileCache: Scanning file cache for directory 'E:/NightmareGame/TheGame/Content/' took 0.30s
[2015.11.19-22.23.20:762][  0]LogCook:Display: Done creating registry. It took  0.00s.
[2015.11.19-22.23.23:411][  0]Cmd: MAP LOAD FILE="E:/NightmareGame/TheGame/Content/ThirdPersonBP/Maps/Hub.umap" TEMPLATE=0 SHOWPROGRESS=1 FEATURELEVEL=3
[2015.11.19-22.23.23:451][  0]LightingResults: New page: Lighting Build
[2015.11.19-22.23.24:035][  0]MapCheck: New page: Map Check
[2015.11.19-22.23.24:035][  0]LightingResults: New page: Lighting Build
[2015.11.19-22.23.25:060][  0]LogParticles: Destroying 0 GPU particle simulations for FXSystem 0x000000002438F6A0
[2015.11.19-22.23.28:022][  0]LogLinker:Warning: Asset 'E:/NightmareGame/TheGame/Content/Mannequin/Animations/ThirdPerson_AnimBP.uasset' has been saved with empty engine version. The asset will be loaded but may be incompatible.
[2015.11.19-22.23.28:032][  0]LogLinker:Warning: Asset 'E:/NightmareGame/TheGame/Content/Mannequin/Animations/ThirdPerson_Jump.uasset' has been saved with empty engine version. The asset will be loaded but may be incompatible.
[2015.11.19-22.23.28:083][  0]LogLinker:Warning: Asset 'E:/NightmareGame/TheGame/Content/Mannequin/Animations/ThirdPersonJump_Loop.uasset' has been saved with empty engine version. The asset will be loaded but may be incompatible.
[2015.11.19-22.23.28:094][  0]LogLinker:Warning: Asset 'E:/NightmareGame/TheGame/Content/Mannequin/Animations/ThirdPersonJump_Start.uasset' has been saved with empty engine version. The asset will be loaded but may be incompatible.
[2015.11.19-22.23.28:106][  0]LogLinker:Warning: Asset 'E:/NightmareGame/TheGame/Content/Mannequin/Animations/ThirdPerson_IdleRun_2D.uasset' has been saved with empty engine version. The asset will be loaded but may be incompatible.
[2015.11.19-22.23.30:307][  0]LogLinker:Warning: Asset 'E:/NightmareGame/TheGame/Content/Mannequin/Animations/ThirdPersonIdle.uasset' has been saved with empty engine version. The asset will be loaded but may be incompatible.
[2015.11.19-22.23.30:319][  0]LogLinker:Warning: Asset 'E:/NightmareGame/TheGame/Content/Mannequin/Animations/ThirdPersonRun.uasset' has been saved with empty engine version. The asset will be loaded but may be incompatible.
[2015.11.19-22.23.30:332][  0]LogLinker:Warning: Asset 'E:/NightmareGame/TheGame/Content/Mannequin/Animations/ThirdPersonWalk.uasset' has been saved with empty engine version. The asset will be loaded but may be incompatible.
[2015.11.19-22.23.47:989][  0]LogAIModule: Creating AISystem for world Hub
[2015.11.19-22.23.50:057][  0]LogEditorServer: Finished looking for orphan Actors (0.000 secs)
[2015.11.19-22.23.50:309][  0]Cmd: MAP CHECKDEP NOCLEARLOG
[2015.11.19-22.23.50:775][  0]MapCheck: Info Map check complete: 0 Error(s), 0 Warning(s), took 465.929ms to complete.
[2015.11.19-22.23.50:776][  0]LogFileHelpers: Loading map 'Hub' took 27.500
[2015.11.19-22.23.55:578][  0]LogCollectionManager: Loaded 0 collections in 0.004861 seconds
[2015.11.19-22.23.56:232][  0]LogFileCache: Scanning file cache for directory 'E:/NightmareGame/TheGame/Saved/Collections/' took 0.01s
[2015.11.19-22.23.56:232][  0]LogFileCache: Scanning file cache for directory 'E:/NightmareGame/TheGame/Content/Developers/Lauren/Collections/' took 0.01s
[2015.11.19-22.23.56:232][  0]LogFileCache: Scanning file cache for directory 'E:/NightmareGame/TheGame/Content/Collections/' took 0.01s
[2015.11.19-22.23.56:232][  0]LogContentBrowser: Native class hierarchy populated in 0.0965 seconds. Added 1867 classes and 333 folders.
[2015.11.19-22.23.56:596][  0]LogCollectionManager: Rebuilt the GUID cache for 0 collections in 0.000008 seconds
[2015.11.19-22.23.58:560][  0]LogContentBrowser: Native class hierarchy updated for 'WidgetCarousel' in 0.0023 seconds. Added 0 classes and 0 folders.
[2015.11.19-22.24.10:628][  0]LogContentBrowser: Native class hierarchy updated for 'AddContentDialog' in 0.0024 seconds. Added 0 classes and 0 folders.
[2015.11.19-22.24.10:784][  0]LogContentBrowser: Native class hierarchy updated for 'SceneOutliner' in 0.0032 seconds. Added 1 classes and 2 folders.
[2015.11.19-22.24.19:953][  0]LogCrashTracker: Crashtracker disabled due to settings.
[2015.11.19-22.24.20:082][  0]LogUObjectGlobals:Warning: Failed to find object 'Class None.'
[2015.11.19-22.24.20:126][  0]LogLoad: Full Startup: 177.12 seconds (BP compile: 1.68 seconds)
[2015.11.19-22.24.21:685][  0]SourceControl: Info On branch L.A
[2015.11.19-22.24.21:685][  0]SourceControl: Info Your branch is up-to-date with 'origin/L.A'.
[2015.11.19-22.24.21:685][  0]SourceControl: Info Changes to be committed:
[2015.11.19-22.24.21:685][  0]SourceControl: Info   (use "git reset HEAD <file>..." to unstage)
[2015.11.19-22.24.21:685][  0]SourceControl: Info 	modified:   TheGame/Content/Maps/MainMenu.umap
[2015.11.19-22.24.21:685][  0]SourceControl: Info 	new file:   TheGame/Content/ThirdPersonBP/Maps/MainMenu.umap
[2015.11.19-22.24.21:685][  0]SourceControl: Info Changes not staged for commit:
[2015.11.19-22.24.21:685][  0]SourceControl: Info   (use "git add/rm <file>..." to update what will be committed)
[2015.11.19-22.24.21:685][  0]SourceControl: Info   (use "git checkout -- <file>..." to discard changes in working directory)
[2015.11.19-22.24.21:685][  0]SourceControl: Info 	modified:   TheGame/Content/ThirdPersonBP/Dialogue/DialogueUMG.uasset
[2015.11.19-22.24.21:685][  0]SourceControl: Info 	modified:   TheGame/Content/ThirdPersonBP/Maps/Hub.umap
[2015.11.19-22.24.21:685][  0]SourceControl: Info 	modified:   TheGame/Content/ThirdPersonBP/Maps/MainMenu.umap
[2015.11.19-22.24.21:685][  0]SourceControl: Info 	modified:   TheGame/Intermediate/CachedAssetRegistry.bin
[2015.11.19-22.24.21:685][  0]SourceControl: Info 	modified:   TheGame/Intermediate/Config/CoalescedSourceConfigs/Engine.ini
[2015.11.19-22.24.21:695][  0]SourceControl: Info 	modified:   TheGame/Intermediate/Config/CoalescedSourceConfigs/Game.ini
[2015.11.19-22.24.21:695][  0]SourceControl: Info 	modified:   TheGame/Saved/AutoScreenshot.png
[2015.11.19-22.24.21:695][  0]SourceControl: Info 	modified:   TheGame/Saved/Autosaves/Game/ThirdPersonBP/Maps/Hub_Auto3.umap
[2015.11.19-22.24.21:695][  0]SourceControl: Info 	modified:   TheGame/Saved/Autosaves/PackageRestoreData.json
[2015.11.19-22.24.21:695][  0]SourceControl: Info 	deleted:    TheGame/Saved/Backup/Cave_2015-11-15-02-19-16.umap
[2015.11.19-22.24.21:695][  0]SourceControl: Info 	deleted:    TheGame/Saved/Backup/Cave_2015-11-15-02-33-05.umap
[2015.11.19-22.24.21:695][  0]SourceControl: Info 	deleted:    TheGame/Saved/Backup/Cave_2015-11-15-13-21-26.umap
[2015.11.19-22.24.21:695][  0]SourceControl: Info 	deleted:    TheGame/Saved/Backup/Cave_2015-11-16-16-49-20.umap
[2015.11.19-22.24.21:695][  0]SourceControl: Info 	modified:   TheGame/Saved/Config/Windows/Editor.ini
[2015.11.19-22.24.21:695][  0]SourceControl: Info 	modified:   TheGame/Saved/Config/Windows/EditorPerProjectUserSettings.ini
[2015.11.19-22.24.21:695][  0]SourceControl: Info 	modified:   TheGame/Saved/Config/Windows/Engine.ini
[2015.11.19-22.24.21:695][  0]SourceControl: Info 	modified:   TheGame/Saved/Config/WorldState/2460029373.json
[2015.11.19-22.24.21:695][  0]SourceControl: Info 	modified:   TheGame/Saved/Logs/NightmareGame.log
[2015.11.19-22.24.21:695][  0]SourceControl: Info Untracked files:
[2015.11.19-22.24.21:695][  0]SourceControl: Info   (use "git add <file>..." to include in what will be committed)
[2015.11.19-22.24.21:695][  0]SourceControl: Info 	TheGame/Saved/Autosaves/Game/ThirdPersonBP/Dialogue/DialogueUMG_Auto1.uasset
[2015.11.19-22.24.21:695][  0]SourceControl: Info 	TheGame/Saved/Autosaves/Game/ThirdPersonBP/Dialogue/DialogueUMG_Auto2.uasset
[2015.11.19-22.24.21:695][  0]SourceControl: Info 	TheGame/Saved/Autosaves/Game/ThirdPersonBP/Dialogue/DialogueUMG_Auto3.uasset
[2015.11.19-22.24.21:695][  0]SourceControl: Info 	TheGame/Saved/Autosaves/Game/ThirdPersonBP/Maps/MainMenu_Auto1.umap
[2015.11.19-22.24.21:695][  0]SourceControl: Info 	TheGame/Saved/Backup/DialogueUMG_2015-11-19-00-56-45.uasset
[2015.11.19-22.24.21:695][  0]SourceControl: Info 	TheGame/Saved/Backup/DialogueUMG_2015-11-19-10-12-01.uasset
[2015.11.19-22.24.21:695][  0]SourceControl: Info 	TheGame/Saved/Backup/DialogueUMG_2015-11-19-10-27-28.uasset
[2015.11.19-22.24.21:695][  0]SourceControl: Info 	TheGame/Saved/Backup/Hub_2015-11-18-13-31-55.umap
[2015.11.19-22.24.21:695][  0]SourceControl: Info 	TheGame/Saved/Backup/Hub_2015-11-19-10-26-34.umap
[2015.11.19-22.24.21:695][  0]SourceControl: Info 	TheGame/Saved/Backup/MainMenu_2015-11-18-13-31-37.umap
[2015.11.19-22.24.21:695][  0]SourceControl: Info 	TheGame/Saved/Backup/MainMenu_2015-11-18-13-42-29.umap
[2015.11.19-22.24.21:695][  0]SourceControl: Info 	TheGame/Saved/Config/WorldState/3848406064.json
[2015.11.19-22.24.21:695][  0]SourceControl: Info 	TheGame/Saved/Logs/NightmareGame-backup-2015.11.18-13.23.21.log
[2015.11.19-22.24.21:695][  0]SourceControl: Info 	TheGame/Saved/Logs/NightmareGame-backup-2015.11.19-00.37.27.log
[2015.11.19-22.24.21:695][  0]SourceControl: Info 	TheGame/Saved/Logs/NightmareGame-backup-2015.11.19-17.21.35.log
[2015.11.19-22.24.21:710][  0]LogContentStreaming: Texture pool size now 1000 MB
[2015.11.19-22.24.22:843][  0]LogRenderer: Reallocating scene render targets to support 1208x660 (Frame:2).
[2015.11.19-22.24.24:498][  5]LogAssetRegistry: Asset discovery search completed in 102.1086 seconds
[2015.11.19-22.24.24:498][  5]LogCollectionManager: Rebuilt the object cache for 0 collections in 0.000001 seconds (found 0 objects)
[2015.11.19-22.24.24:498][  5]LogCollectionManager: Fixed up redirectors for 0 collections in 0.000030 seconds (updated 0 objects)
[2015.11.19-22.33.53:314][142]LogLinker:Warning: Asset '../../../Engine/Content/ArtTools/RenderToTexture/Macros/RenderToTextureMacros.uasset' has been saved with empty engine version. The asset will be loaded but may be incompatible.
[2015.11.19-22.33.54:596][142]LogContentBrowser: Native class hierarchy updated for 'BlueprintGraph' in 0.0026 seconds. Added 107 classes and 0 folders.
[2015.11.20-02.08.40:723][996]BlueprintLog: New page: Compile myHUD
[2015.11.20-02.08.41:441][996]BlueprintEditorCompileResults: Info [3638.17] Compile of myHUD successful! [in 701 ms]
[2015.11.20-02.09.01:742][198]LogBlueprintUserMessages: Early PlayInEditor Detection: Level '/Game/ThirdPersonBP/Maps/Hub.Hub:PersistentLevel' has LevelScriptBlueprint '/Game/ThirdPersonBP/Maps/Hub.Hub:PersistentLevel.Hub' with GeneratedClass '/Game/ThirdPersonBP/Maps/Hub.Hub_C' with ClassGeneratedBy '/Game/ThirdPersonBP/Maps/Hub.Hub:PersistentLevel.Hub'
[2015.11.20-02.09.01:742][198]LogPlayLevel: PlayLevel: No blueprints needed recompiling
[2015.11.20-02.09.01:809][198]PIE: New page: PIE session: Hub (Nov 19, 2015, 4:09:01 PM)
[2015.11.20-02.09.01:825][198]LogPlayLevel: Creating play world package: /Game/ThirdPersonBP/Maps/UEDPIE_0_Hub
[2015.11.20-02.09.02:528][198]LogPlayLevel: PIE: StaticDuplicateObject took: (0.701538s)
[2015.11.20-02.09.02:529][198]LogAIModule: Creating AISystem for world Hub
[2015.11.20-02.09.02:529][198]LogPlayLevel: PIE: World Init took: (0.000990s)
[2015.11.20-02.09.02:539][198]LogPlayLevel: PIE: Created PIE world by copying editor world from /Game/ThirdPersonBP/Maps/Hub.Hub to /Game/ThirdPersonBP/Maps/UEDPIE_0_Hub.Hub (0.712771s)
[2015.11.20-02.09.02:657][198]LogInit: XAudio2 using 'Speakers (Siberia v2 D3H)' : 2 channels at 44.1 kHz using 16 bits per sample (channel mask 0x3)
[2015.11.20-02.09.02:667][198]LogInit: FAudioDevice initialized.
[2015.11.20-02.09.03:008][198]LogWorld: Game class is 'ThirdPersonGameMode_C'
[2015.11.20-02.09.03:378][198]LogWorld:Warning: *** WARNING - PATHS MAY NOT BE VALID ***
[2015.11.20-02.09.03:378][198]LogWorld: Bringing World /Game/ThirdPersonBP/Maps/UEDPIE_0_Hub.Hub up for play (max tick rate 60) at 2015.11.19-21.09.03
[2015.11.20-02.09.03:378][198]LogActor:Warning: GameSession /Game/ThirdPersonBP/Maps/UEDPIE_0_Hub.Hub:PersistentLevel.GameSession_0 has natively added scene component(s), but none of them were set as the actor's RootComponent - picking one arbitrarily
[2015.11.20-02.09.03:398][198]LogActor:Warning: GameNetworkManager /Game/ThirdPersonBP/Maps/UEDPIE_0_Hub.Hub:PersistentLevel.GameNetworkManager_0 has natively added scene component(s), but none of them were set as the actor's RootComponent - picking one arbitrarily
[2015.11.20-02.09.03:505][198]LogWorld: Bringing up level for play took: 0.283806
[2015.11.20-02.09.04:288][198]PIE: Info Play in editor start time for /Game/ThirdPersonBP/Maps/UEDPIE_0_Hub 2.678
[2015.11.20-02.09.04:288][198]LogBlueprintUserMessages: Late PlayInEditor Detection: Level '/Game/ThirdPersonBP/Maps/Hub.Hub:PersistentLevel' has LevelScriptBlueprint '/Game/ThirdPersonBP/Maps/Hub.Hub:PersistentLevel.Hub' with GeneratedClass '/Game/ThirdPersonBP/Maps/Hub.Hub_C' with ClassGeneratedBy '/Game/ThirdPersonBP/Maps/Hub.Hub:PersistentLevel.Hub'
[2015.11.20-02.09.08:086][358]LogBlueprintUserMessages: Early EndPlayMap Detection: Level '/Game/ThirdPersonBP/Maps/Hub.Hub:PersistentLevel' has LevelScriptBlueprint '/Game/ThirdPersonBP/Maps/Hub.Hub:PersistentLevel.Hub' with GeneratedClass '/Game/ThirdPersonBP/Maps/Hub.Hub_C' with ClassGeneratedBy '/Game/ThirdPersonBP/Maps/Hub.Hub:PersistentLevel.Hub'
[2015.11.20-02.09.08:339][358]LogBlueprintUserMessages: Late EndPlayMap Detection: Level '/Game/ThirdPersonBP/Maps/Hub.Hub:PersistentLevel' has LevelScriptBlueprint '/Game/ThirdPersonBP/Maps/Hub.Hub:PersistentLevel.Hub' with GeneratedClass '/Game/ThirdPersonBP/Maps/Hub.Hub_C' with ClassGeneratedBy '/Game/ThirdPersonBP/Maps/Hub.Hub:PersistentLevel.Hub'
[2015.11.20-02.09.08:519][359]LogParticles: Destroying 0 GPU particle simulations for FXSystem 0x00000000101DD9E0
[2015.11.20-02.10.46:592][524]LogFileHelpers: Editor autosave (incl. sublevels) for '/Game/ThirdPersonBP/Maps/Hub' took 0.027
[2015.11.20-02.10.46:658][524]OBJ SavePackage: Generating thumbnails for [0] asset(s) in package [/Game/ThirdPersonBP/HUD/myHUD] ([1] browsable assets)...
[2015.11.20-02.10.46:669][524]OBJ SavePackage: Finished generating thumbnails for package [/Game/ThirdPersonBP/HUD/myHUD]
[2015.11.20-02.10.46:669][524]Cmd: OBJ SAVEPACKAGE PACKAGE="/Game/ThirdPersonBP/HUD/myHUD" FILE="E:/NightmareGame/TheGame/Saved/Autosaves/Game/ThirdPersonBP/HUD/myHUD_Auto1.uasset" SILENT=false AUTOSAVING=true
[2015.11.20-02.10.56:381][524]LogSavePackage: Save=7225.378906ms
[2015.11.20-02.10.56:381][524]LogSavePackage: Moving 'E:/NightmareGame/TheGame/Saved/myHUD_Auto1D475351A473E40AA6005D3A222EE45F5.tmp' to 'E:/NightmareGame/TheGame/Saved/Autosaves/Game/ThirdPersonBP/HUD/myHUD_Auto1.uasset'
[2015.11.20-02.10.58:605][524]LogSavePackage: Total save time: 11872.899506ms
[2015.11.20-02.10.58:605][524]LogSavePackage:Warning: Finished SavePackage E:/NightmareGame/TheGame/Saved/Autosaves/Game/ThirdPersonBP/HUD/myHUD_Auto1.uasset
[2015.11.20-02.10.58:605][524]LogFileHelpers: Auto-saving content packages took 12.012
[2015.11.20-02.11.53:049][814]LogActorComponent: UnregisterComponent: (/Engine/Transient.CharMoveComp) Not registered. Aborting.
[2015.11.20-02.11.53:294][814]LogBlueprintUserMessages: CustomizeDetails for Blueprint 'ThirdPersonCharacter', cached variable property's owner is '/Game/ThirdPersonBP/Blueprints/ThirdPersonCharacter.SKEL_ThirdPersonCharacter_C'
[2015.11.20-02.11.58:997][107]LogActorComponent: UnregisterComponent: (/Engine/Transient.CharacterMovementComponent_0) Not registered. Aborting.
[2015.11.20-02.11.59:125][107]LogBlueprintUserMessages: CustomizeDetails for Blueprint 'ThirdPersonCharacter', cached variable property's owner is '/Game/ThirdPersonBP/Blueprints/ThirdPersonCharacter.SKEL_ThirdPersonCharacter_C'
[2015.11.20-02.12.03:687][272]LogActorComponent: UnregisterComponent: (/Engine/Transient.CharacterMovementComponent_1) Not registered. Aborting.
[2015.11.20-02.12.03:704][272]LogBlueprintUserMessages: PostEditorRefresh for Blueprint 'ThirdPersonCharacter', cached variable property's owner is '/Game/ThirdPersonBP/Blueprints/ThirdPersonCharacter.SKEL_ThirdPersonCharacter_C'
[2015.11.20-02.12.03:761][272]LogBlueprintUserMessages: PostEditorRefresh for Blueprint 'ThirdPersonCharacter', cached variable property's owner is '/Game/ThirdPersonBP/Blueprints/ThirdPersonCharacter.SKEL_ThirdPersonCharacter_C'
[2015.11.20-02.12.03:815][272]LogBlueprintUserMessages: PostEditorRefresh for Blueprint 'ThirdPersonCharacter', cached variable property's owner is '/Game/ThirdPersonBP/Blueprints/ThirdPersonCharacter.SKEL_ThirdPersonCharacter_C'
[2015.11.20-02.12.03:943][272]LogBlueprintUserMessages: CustomizeDetails for Blueprint 'ThirdPersonCharacter', cached variable property's owner is '/Game/ThirdPersonBP/Blueprints/ThirdPersonCharacter.SKEL_ThirdPersonCharacter_C'
[2015.11.20-02.12.07:495][473]LogActorComponent: UnregisterComponent: (/Engine/Transient.CharacterMovementComponent_2) Not registered. Aborting.
[2015.11.20-02.12.07:511][473]LogBlueprintUserMessages: PostEditorRefresh for Blueprint 'ThirdPersonCharacter', cached variable property's owner is '/Game/ThirdPersonBP/Blueprints/ThirdPersonCharacter.SKEL_ThirdPersonCharacter_C'
[2015.11.20-02.12.07:643][473]LogBlueprintUserMessages: CustomizeDetails for Blueprint 'ThirdPersonCharacter', cached variable property's owner is '/Game/ThirdPersonBP/Blueprints/ThirdPersonCharacter.SKEL_ThirdPersonCharacter_C'
[2015.11.20-02.12.10:159][618]LogActorComponent: UnregisterComponent: (/Engine/Transient.CharacterMovementComponent_3) Not registered. Aborting.
[2015.11.20-02.12.10:301][618]LogBlueprintUserMessages: CustomizeDetails for Blueprint 'ThirdPersonCharacter', cached variable property's owner is '/Game/ThirdPersonBP/Blueprints/ThirdPersonCharacter.SKEL_ThirdPersonCharacter_C'
[2015.11.20-02.12.16:542][985]BlueprintLog: New page: Compile ThirdPersonCharacter
[2015.11.20-02.12.21:890][985]LogActorComponent: UnregisterComponent: (/Engine/Transient.CharacterMovementComponent_4) Not registered. Aborting.
[2015.11.20-02.12.24:113][985]LogBlueprintUserMessages: PostEditorRefresh for Blueprint 'ThirdPersonCharacter', cached variable property's owner is '/Game/ThirdPersonBP/Blueprints/ThirdPersonCharacter.SKEL_ThirdPersonCharacter_C'
[2015.11.20-02.12.24:120][985]BlueprintEditorCompileResults: Info [3860.86] Compile of ThirdPersonCharacter successful! [in 7,577 ms]
[2015.11.20-02.12.24:171][985]LogBlueprintUserMessages: CustomizeDetails for Blueprint 'ThirdPersonCharacter', cached variable property's owner is '/Game/ThirdPersonBP/Blueprints/ThirdPersonCharacter.SKEL_ThirdPersonCharacter_C'
[2015.11.20-02.12.30:006][305]LogActorComponent: UnregisterComponent: (/Engine/Transient.CharMoveComp) Not registered. Aborting.
[2015.11.20-02.12.30:029][305]LogBlueprintUserMessages: CustomizeDetails for Blueprint 'ThirdPersonCharacter', cached variable property's owner is '/Game/ThirdPersonBP/Blueprints/ThirdPersonCharacter.SKEL_ThirdPersonCharacter_C'
[2015.11.20-02.12.35:915][624]LogActorComponent: UnregisterComponent: (/Engine/Transient.CharacterMovementComponent_5) Not registered. Aborting.
[2015.11.20-02.12.39:270][634]LogBlueprintUserMessages: CustomizeDetails for Blueprint 'ThirdPersonCharacter', cached variable property's owner is '/Game/ThirdPersonBP/Blueprints/ThirdPersonCharacter.SKEL_ThirdPersonCharacter_C'
[2015.11.20-02.12.41:430][764]BlueprintLog: New page: Compile ThirdPersonCharacter
[2015.11.20-02.12.41:917][764]LogActorComponent: UnregisterComponent: (/Engine/Transient.CharacterMovementComponent_6) Not registered. Aborting.
[2015.11.20-02.12.41:964][764]LogBlueprintUserMessages: PostEditorRefresh for Blueprint 'ThirdPersonCharacter', cached variable property's owner is '/Game/ThirdPersonBP/Blueprints/ThirdPersonCharacter.SKEL_ThirdPersonCharacter_C'
[2015.11.20-02.12.41:969][764]BlueprintEditorCompileResults: Info [3878.71] Compile of ThirdPersonCharacter successful! [in 539 ms]
[2015.11.20-02.12.42:070][764]LogBlueprintUserMessages: CustomizeDetails for Blueprint 'ThirdPersonCharacter', cached variable property's owner is '/Game/ThirdPersonBP/Blueprints/ThirdPersonCharacter.SKEL_ThirdPersonCharacter_C'
[2015.11.20-02.12.42:873][808]LogBlueprintUserMessages: CustomizeDetails for Blueprint 'ThirdPersonCharacter', cached variable property's owner is '/Game/ThirdPersonBP/Blueprints/ThirdPersonCharacter.SKEL_ThirdPersonCharacter_C'
[2015.11.20-02.13.17:348][574]LogBlueprintUserMessages: CustomizeDetails for Blueprint 'ThirdPersonCharacter', cached variable property's owner is '/Game/ThirdPersonBP/Blueprints/ThirdPersonCharacter.SKEL_ThirdPersonCharacter_C'
[2015.11.20-02.13.17:938][606]LogBlueprintUserMessages: CustomizeDetails for Blueprint 'ThirdPersonCharacter', cached variable property's owner is '/Game/ThirdPersonBP/Blueprints/ThirdPersonCharacter.SKEL_ThirdPersonCharacter_C'
[2015.11.20-02.13.19:012][669]LogBlueprintUserMessages: CustomizeDetails for Blueprint 'ThirdPersonCharacter', cached variable property's owner is '/Game/ThirdPersonBP/Blueprints/ThirdPersonCharacter.SKEL_ThirdPersonCharacter_C'
[2015.11.20-02.13.47:922][211]LogBlueprintUserMessages: CustomizeDetails for Blueprint 'ThirdPersonCharacter', cached variable property's owner is '/Game/ThirdPersonBP/Blueprints/ThirdPersonCharacter.SKEL_ThirdPersonCharacter_C'
[2015.11.20-02.13.48:316][233]LogBlueprintUserMessages: CustomizeDetails for Blueprint 'ThirdPersonCharacter', cached variable property's owner is '/Game/ThirdPersonBP/Blueprints/ThirdPersonCharacter.SKEL_ThirdPersonCharacter_C'
[2015.11.20-02.13.49:096][278]LogBlueprintUserMessages: CustomizeDetails for Blueprint 'ThirdPersonCharacter', cached variable property's owner is '/Game/ThirdPersonBP/Blueprints/ThirdPersonCharacter.SKEL_ThirdPersonCharacter_C'
[2015.11.20-02.13.56:412][712]LogBlueprintUserMessages: CustomizeDetails for Blueprint 'ThirdPersonCharacter', cached variable property's owner is '/Game/ThirdPersonBP/Blueprints/ThirdPersonCharacter.SKEL_ThirdPersonCharacter_C'
[2015.11.20-02.13.56:909][740]LogBlueprintUserMessages: CustomizeDetails for Blueprint 'ThirdPersonCharacter', cached variable property's owner is '/Game/ThirdPersonBP/Blueprints/ThirdPersonCharacter.SKEL_ThirdPersonCharacter_C'
[2015.11.20-02.13.57:767][789]LogBlueprintUserMessages: CustomizeDetails for Blueprint 'ThirdPersonCharacter', cached variable property's owner is '/Game/ThirdPersonBP/Blueprints/ThirdPersonCharacter.SKEL_ThirdPersonCharacter_C'
[2015.11.20-02.14.12:795][683]LogEditorTransaction: Undo Create Pin Link
[2015.11.20-02.14.12:868][683]LogActorComponent: UnregisterComponent: (/Engine/Transient.CharMoveComp) Not registered. Aborting.
[2015.11.20-02.14.33:916][746]BlueprintLog: New page: Compile ThirdPersonCharacter
[2015.11.20-02.14.34:442][746]LogActorComponent: UnregisterComponent: (/Engine/Transient.CharacterMovementComponent_7) Not registered. Aborting.
[2015.11.20-02.14.34:503][746]BlueprintEditorCompileResults: Info [3991.24] Compile of ThirdPersonCharacter successful! [in 586 ms]
[2015.11.20-02.17.04:301][630]LogBlueprintUserMessages: CustomizeDetails for Blueprint 'CharacterHUD', cached variable property's owner is '/Game/ThirdPersonBP/Blueprints/ThirdPersonCharacter.ThirdPersonCharacter_C'
[2015.11.20-02.17.07:453][819]LogBlueprintUserMessages: CustomizeDetails for Blueprint 'CharacterHUD', cached variable property's owner is '/Game/ThirdPersonBP/Blueprints/ThirdPersonCharacter.ThirdPersonCharacter_C'
[2015.11.20-02.17.55:612][124]LogBlueprintUserMessages: CustomizeDetails for Blueprint 'CharacterHUD', cached variable property's owner is '/Game/ThirdPersonBP/Blueprints/ThirdPersonCharacter.ThirdPersonCharacter_C'
[2015.11.20-02.18.01:337][468]BlueprintLog: New page: Compile CharacterHUD
[2015.11.20-02.18.01:445][468]LogActorComponent: UnregisterComponent: (/Engine/Transient.CharMoveComp) Not registered. Aborting.
[2015.11.20-02.18.01:493][468]BlueprintEditorCompileResults: Info The execution path doesn't end with a return node.  Cast Failed 
[2015.11.20-02.18.01:493][468]BlueprintEditorCompileResults: Info [4198.23] Compile of CharacterHUD successful! [in 156 ms]
[2015.11.20-02.18.12:507][929]LogBlueprintUserMessages: Early PlayInEditor Detection: Level '/Game/ThirdPersonBP/Maps/Hub.Hub:PersistentLevel' has LevelScriptBlueprint '/Game/ThirdPersonBP/Maps/Hub.Hub:PersistentLevel.Hub' with GeneratedClass '/Game/ThirdPersonBP/Maps/Hub.Hub_C' with ClassGeneratedBy '/Game/ThirdPersonBP/Maps/Hub.Hub:PersistentLevel.Hub'
[2015.11.20-02.18.12:507][929]LogPlayLevel: PlayLevel: No blueprints needed recompiling
[2015.11.20-02.18.12:507][929]PIE: New page: PIE session: Hub (Nov 19, 2015, 4:18:12 PM)
[2015.11.20-02.18.12:507][929]LogPlayLevel: Creating play world package: /Game/ThirdPersonBP/Maps/UEDPIE_0_Hub
[2015.11.20-02.18.12:550][929]LogPlayLevel: PIE: StaticDuplicateObject took: (0.043123s)
[2015.11.20-02.18.12:551][929]LogAIModule: Creating AISystem for world Hub
[2015.11.20-02.18.12:551][929]LogPlayLevel: PIE: World Init took: (0.000922s)
[2015.11.20-02.18.12:551][929]LogPlayLevel: PIE: Created PIE world by copying editor world from /Game/ThirdPersonBP/Maps/Hub.Hub to /Game/ThirdPersonBP/Maps/UEDPIE_0_Hub.Hub (0.044247s)
[2015.11.20-02.18.12:588][929]LogInit: XAudio2 using 'Speakers (Siberia v2 D3H)' : 2 channels at 44.1 kHz using 16 bits per sample (channel mask 0x3)
[2015.11.20-02.18.12:595][929]LogInit: FAudioDevice initialized.
[2015.11.20-02.18.12:630][929]LogWorld: Game class is 'ThirdPersonGameMode_C'
[2015.11.20-02.18.12:775][929]LogWorld:Warning: *** WARNING - PATHS MAY NOT BE VALID ***
[2015.11.20-02.18.12:775][929]LogWorld: Bringing World /Game/ThirdPersonBP/Maps/UEDPIE_0_Hub.Hub up for play (max tick rate 60) at 2015.11.19-21.18.12
[2015.11.20-02.18.12:775][929]LogActor:Warning: GameSession /Game/ThirdPersonBP/Maps/UEDPIE_0_Hub.Hub:PersistentLevel.GameSession_1 has natively added scene component(s), but none of them were set as the actor's RootComponent - picking one arbitrarily
[2015.11.20-02.18.12:777][929]LogActor:Warning: GameNetworkManager /Game/ThirdPersonBP/Maps/UEDPIE_0_Hub.Hub:PersistentLevel.GameNetworkManager_1 has natively added scene component(s), but none of them were set as the actor's RootComponent - picking one arbitrarily
[2015.11.20-02.18.12:786][929]LogWorld: Bringing up level for play took: 0.153908
[2015.11.20-02.18.12:802][929]PIE: Info Play in editor start time for /Game/ThirdPersonBP/Maps/UEDPIE_0_Hub 1.19
[2015.11.20-02.18.12:802][929]LogBlueprintUserMessages: Late PlayInEditor Detection: Level '/Game/ThirdPersonBP/Maps/Hub.Hub:PersistentLevel' has LevelScriptBlueprint '/Game/ThirdPersonBP/Maps/Hub.Hub:PersistentLevel.Hub' with GeneratedClass '/Game/ThirdPersonBP/Maps/Hub.Hub_C' with ClassGeneratedBy '/Game/ThirdPersonBP/Maps/Hub.Hub:PersistentLevel.Hub'
[2015.11.20-02.18.14:402][ 23]LogBlueprintUserMessages: Early EndPlayMap Detection: Level '/Game/ThirdPersonBP/Maps/Hub.Hub:PersistentLevel' has LevelScriptBlueprint '/Game/ThirdPersonBP/Maps/Hub.Hub:PersistentLevel.Hub' with GeneratedClass '/Game/ThirdPersonBP/Maps/Hub.Hub_C' with ClassGeneratedBy '/Game/ThirdPersonBP/Maps/Hub.Hub:PersistentLevel.Hub'
[2015.11.20-02.18.14:438][ 23]LogBlueprintUserMessages: Late EndPlayMap Detection: Level '/Game/ThirdPersonBP/Maps/Hub.Hub:PersistentLevel' has LevelScriptBlueprint '/Game/ThirdPersonBP/Maps/Hub.Hub:PersistentLevel.Hub' with GeneratedClass '/Game/ThirdPersonBP/Maps/Hub.Hub_C' with ClassGeneratedBy '/Game/ThirdPersonBP/Maps/Hub.Hub:PersistentLevel.Hub'
[2015.11.20-02.18.14:464][ 23]LogParticles: Destroying 0 GPU particle simulations for FXSystem 0x00000000101DF740
[2015.11.20-02.18.21:286][371]LogSlate:Warning: Prevented a slow task dialog from being summoned while a context menu was open
[2015.11.20-02.18.23:682][511]BlueprintLog: New page: Compile myHUD
[2015.11.20-02.18.23:780][511]BlueprintEditorCompileResults: Info [4220.51] Compile of myHUD successful! [in 97 ms]
[2015.11.20-02.18.28:127][633]LogBlueprintUserMessages: Early PlayInEditor Detection: Level '/Game/ThirdPersonBP/Maps/Hub.Hub:PersistentLevel' has LevelScriptBlueprint '/Game/ThirdPersonBP/Maps/Hub.Hub:PersistentLevel.Hub' with GeneratedClass '/Game/ThirdPersonBP/Maps/Hub.Hub_C' with ClassGeneratedBy '/Game/ThirdPersonBP/Maps/Hub.Hub:PersistentLevel.Hub'
[2015.11.20-02.18.28:127][633]LogPlayLevel: PlayLevel: No blueprints needed recompiling
[2015.11.20-02.18.28:127][633]PIE: New page: PIE session: Hub (Nov 19, 2015, 4:18:28 PM)
[2015.11.20-02.18.28:127][633]LogPlayLevel: Creating play world package: /Game/ThirdPersonBP/Maps/UEDPIE_0_Hub
[2015.11.20-02.18.28:183][633]LogPlayLevel: PIE: StaticDuplicateObject took: (0.056264s)
[2015.11.20-02.18.28:184][633]LogAIModule: Creating AISystem for world Hub
[2015.11.20-02.18.28:184][633]LogPlayLevel: PIE: World Init took: (0.000581s)
[2015.11.20-02.18.28:184][633]LogPlayLevel: PIE: Created PIE world by copying editor world from /Game/ThirdPersonBP/Maps/Hub.Hub to /Game/ThirdPersonBP/Maps/UEDPIE_0_Hub.Hub (0.057044s)
[2015.11.20-02.18.28:220][633]LogInit: XAudio2 using 'Speakers (Siberia v2 D3H)' : 2 channels at 44.1 kHz using 16 bits per sample (channel mask 0x3)
[2015.11.20-02.18.28:227][633]LogInit: FAudioDevice initialized.
[2015.11.20-02.18.28:260][633]LogWorld: Game class is 'ThirdPersonGameMode_C'
[2015.11.20-02.18.28:399][633]LogWorld:Warning: *** WARNING - PATHS MAY NOT BE VALID ***
[2015.11.20-02.18.28:399][633]LogWorld: Bringing World /Game/ThirdPersonBP/Maps/UEDPIE_0_Hub.Hub up for play (max tick rate 60) at 2015.11.19-21.18.28
[2015.11.20-02.18.28:399][633]LogActor:Warning: GameSession /Game/ThirdPersonBP/Maps/UEDPIE_0_Hub.Hub:PersistentLevel.GameSession_2 has natively added scene component(s), but none of them were set as the actor's RootComponent - picking one arbitrarily
[2015.11.20-02.18.28:400][633]LogActor:Warning: GameNetworkManager /Game/ThirdPersonBP/Maps/UEDPIE_0_Hub.Hub:PersistentLevel.GameNetworkManager_2 has natively added scene component(s), but none of them were set as the actor's RootComponent - picking one arbitrarily
[2015.11.20-02.18.28:402][633]LogWorld: Bringing up level for play took: 0.139752
[2015.11.20-02.18.28:455][633]PIE: Info Play in editor start time for /Game/ThirdPersonBP/Maps/UEDPIE_0_Hub 0.842
[2015.11.20-02.18.28:459][633]LogBlueprintUserMessages: Late PlayInEditor Detection: Level '/Game/ThirdPersonBP/Maps/Hub.Hub:PersistentLevel' has LevelScriptBlueprint '/Game/ThirdPersonBP/Maps/Hub.Hub:PersistentLevel.Hub' with GeneratedClass '/Game/ThirdPersonBP/Maps/Hub.Hub_C' with ClassGeneratedBy '/Game/ThirdPersonBP/Maps/Hub.Hub:PersistentLevel.Hub'
[2015.11.20-02.18.34:542][989]LogBlueprintUserMessages: Early EndPlayMap Detection: Level '/Game/ThirdPersonBP/Maps/Hub.Hub:PersistentLevel' has LevelScriptBlueprint '/Game/ThirdPersonBP/Maps/Hub.Hub:PersistentLevel.Hub' with GeneratedClass '/Game/ThirdPersonBP/Maps/Hub.Hub_C' with ClassGeneratedBy '/Game/ThirdPersonBP/Maps/Hub.Hub:PersistentLevel.Hub'
[2015.11.20-02.18.34:575][989]LogBlueprintUserMessages: Late EndPlayMap Detection: Level '/Game/ThirdPersonBP/Maps/Hub.Hub:PersistentLevel' has LevelScriptBlueprint '/Game/ThirdPersonBP/Maps/Hub.Hub:PersistentLevel.Hub' with GeneratedClass '/Game/ThirdPersonBP/Maps/Hub.Hub_C' with ClassGeneratedBy '/Game/ThirdPersonBP/Maps/Hub.Hub:PersistentLevel.Hub'
[2015.11.20-02.18.34:602][989]LogParticles: Destroying 0 GPU particle simulations for FXSystem 0x00000000881A1BC0
[2015.11.20-02.19.34:007][966]LogEditorTransaction: Undo Rename Node
[2015.11.20-02.19.37:409][155]LogEditorTransaction: Undo Add Node
[2015.11.20-02.19.57:175][288]BlueprintLog: New page: Compile ThirdPersonCharacter
[2015.11.20-02.19.57:959][288]BlueprintEditorCompileResults: Info [4314.69] Compile of ThirdPersonCharacter successful! [in 783 ms]
[2015.11.20-02.20.00:495][431]LogBlueprintUserMessages: Early PlayInEditor Detection: Level '/Game/ThirdPersonBP/Maps/Hub.Hub:PersistentLevel' has LevelScriptBlueprint '/Game/ThirdPersonBP/Maps/Hub.Hub:PersistentLevel.Hub' with GeneratedClass '/Game/ThirdPersonBP/Maps/Hub.Hub_C' with ClassGeneratedBy '/Game/ThirdPersonBP/Maps/Hub.Hub:PersistentLevel.Hub'
[2015.11.20-02.20.00:495][431]LogPlayLevel: PlayLevel: No blueprints needed recompiling
[2015.11.20-02.20.00:495][431]PIE: New page: PIE session: Hub (Nov 19, 2015, 4:20:00 PM)
[2015.11.20-02.20.00:495][431]LogPlayLevel: Creating play world package: /Game/ThirdPersonBP/Maps/UEDPIE_0_Hub
[2015.11.20-02.20.00:544][431]LogPlayLevel: PIE: StaticDuplicateObject took: (0.048958s)
[2015.11.20-02.20.00:544][431]LogAIModule: Creating AISystem for world Hub
[2015.11.20-02.20.00:545][431]LogPlayLevel: PIE: World Init took: (0.000678s)
[2015.11.20-02.20.00:545][431]LogPlayLevel: PIE: Created PIE world by copying editor world from /Game/ThirdPersonBP/Maps/Hub.Hub to /Game/ThirdPersonBP/Maps/UEDPIE_0_Hub.Hub (0.049839s)
[2015.11.20-02.20.00:588][431]LogInit: XAudio2 using 'Speakers (Siberia v2 D3H)' : 2 channels at 44.1 kHz using 16 bits per sample (channel mask 0x3)
[2015.11.20-02.20.00:596][431]LogInit: FAudioDevice initialized.
[2015.11.20-02.20.00:631][431]LogWorld: Game class is 'ThirdPersonGameMode_C'
[2015.11.20-02.20.00:778][431]LogWorld:Warning: *** WARNING - PATHS MAY NOT BE VALID ***
[2015.11.20-02.20.00:778][431]LogWorld: Bringing World /Game/ThirdPersonBP/Maps/UEDPIE_0_Hub.Hub up for play (max tick rate 60) at 2015.11.19-21.20.00
[2015.11.20-02.20.00:778][431]LogActor:Warning: GameSession /Game/ThirdPersonBP/Maps/UEDPIE_0_Hub.Hub:PersistentLevel.GameSession_3 has natively added scene component(s), but none of them were set as the actor's RootComponent - picking one arbitrarily
[2015.11.20-02.20.00:780][431]LogActor:Warning: GameNetworkManager /Game/ThirdPersonBP/Maps/UEDPIE_0_Hub.Hub:PersistentLevel.GameNetworkManager_3 has natively added scene component(s), but none of them were set as the actor's RootComponent - picking one arbitrarily
[2015.11.20-02.20.00:781][431]LogWorld: Bringing up level for play took: 0.148138
[2015.11.20-02.20.00:797][431]PIE: Info Play in editor start time for /Game/ThirdPersonBP/Maps/UEDPIE_0_Hub 1.183
[2015.11.20-02.20.00:797][431]LogBlueprintUserMessages: Late PlayInEditor Detection: Level '/Game/ThirdPersonBP/Maps/Hub.Hub:PersistentLevel' has LevelScriptBlueprint '/Game/ThirdPersonBP/Maps/Hub.Hub:PersistentLevel.Hub' with GeneratedClass '/Game/ThirdPersonBP/Maps/Hub.Hub_C' with ClassGeneratedBy '/Game/ThirdPersonBP/Maps/Hub.Hub:PersistentLevel.Hub'
[2015.11.20-02.20.04:235][635]LogBlueprintUserMessages: Early EndPlayMap Detection: Level '/Game/ThirdPersonBP/Maps/Hub.Hub:PersistentLevel' has LevelScriptBlueprint '/Game/ThirdPersonBP/Maps/Hub.Hub:PersistentLevel.Hub' with GeneratedClass '/Game/ThirdPersonBP/Maps/Hub.Hub_C' with ClassGeneratedBy '/Game/ThirdPersonBP/Maps/Hub.Hub:PersistentLevel.Hub'
[2015.11.20-02.20.04:270][635]LogBlueprintUserMessages: Late EndPlayMap Detection: Level '/Game/ThirdPersonBP/Maps/Hub.Hub:PersistentLevel' has LevelScriptBlueprint '/Game/ThirdPersonBP/Maps/Hub.Hub:PersistentLevel.Hub' with GeneratedClass '/Game/ThirdPersonBP/Maps/Hub.Hub_C' with ClassGeneratedBy '/Game/ThirdPersonBP/Maps/Hub.Hub:PersistentLevel.Hub'
[2015.11.20-02.20.04:297][635]LogParticles: Destroying 0 GPU particle simulations for FXSystem 0x000000003DD31C60
[2015.11.20-02.21.13:969][924]LogFileHelpers: Editor autosave (incl. sublevels) for '/Game/ThirdPersonBP/Maps/Hub' took 0.027
[2015.11.20-02.21.13:980][924]OBJ SavePackage: Generating thumbnails for [1] asset(s) in package [/Game/ThirdPersonBP/Blueprints/ThirdPersonCharacter] ([1] browsable assets)...
[2015.11.20-02.21.14:085][924]OBJ SavePackage:     Rendered thumbnail for [Blueprint /Game/ThirdPersonBP/Blueprints/ThirdPersonCharacter.ThirdPersonCharacter]
[2015.11.20-02.21.14:085][924]OBJ SavePackage: Finished generating thumbnails for package [/Game/ThirdPersonBP/Blueprints/ThirdPersonCharacter]
[2015.11.20-02.22.20:438][924]LogSavePackage: Save=59417.500000ms
[2015.11.20-02.22.20:439][924]LogSavePackage: Moving 'E:/NightmareGame/TheGame/Saved/ThirdPersonCharacter_Auto236D12092415381C910C3F8929EEF2C42.tmp' to 'E:/NightmareGame/TheGame/Saved/Autosaves/Game/ThirdPersonBP/Blueprints/ThirdPersonCharacter_Auto2.uasset'
[2015.11.20-02.22.22:669][924]LogSavePackage: Total save time: 66334.697809ms
[2015.11.20-02.22.22:669][924]LogSavePackage:Warning: Finished SavePackage E:/NightmareGame/TheGame/Saved/Autosaves/Game/ThirdPersonBP/Blueprints/ThirdPersonCharacter_Auto2.uasset
[2015.11.20-02.22.22:680][924]OBJ SavePackage: Generating thumbnails for [0] asset(s) in package [/Game/ThirdPersonBP/HUD/myHUD] ([1] browsable assets)...
[2015.11.20-02.22.22:680][924]OBJ SavePackage: Finished generating thumbnails for package [/Game/ThirdPersonBP/HUD/myHUD]
[2015.11.20-02.22.22:680][924]Cmd: OBJ SAVEPACKAGE PACKAGE="/Game/ThirdPersonBP/HUD/myHUD" FILE="E:/NightmareGame/TheGame/Saved/Autosaves/Game/ThirdPersonBP/HUD/myHUD_Auto2.uasset" SILENT=false AUTOSAVING=true
[2015.11.20-02.22.33:655][924]LogSavePackage: Save=6362.987305ms
[2015.11.20-02.22.33:655][924]LogSavePackage: Moving 'E:/NightmareGame/TheGame/Saved/myHUD_Auto2E4B78FB3490ECF62F3C3DFAD992A54F1.tmp' to 'E:/NightmareGame/TheGame/Saved/Autosaves/Game/ThirdPersonBP/HUD/myHUD_Auto2.uasset'
[2015.11.20-02.22.33:677][924]LogSavePackage: Total save time: 8750.642966ms
[2015.11.20-02.22.33:678][924]LogSavePackage:Warning: Finished SavePackage E:/NightmareGame/TheGame/Saved/Autosaves/Game/ThirdPersonBP/HUD/myHUD_Auto2.uasset
[2015.11.20-02.22.33:689][924]OBJ SavePackage: Generating thumbnails for [0] asset(s) in package [/Game/ThirdPersonBP/HUD/CharacterHUD] ([1] browsable assets)...
[2015.11.20-02.22.33:689][924]OBJ SavePackage: Finished generating thumbnails for package [/Game/ThirdPersonBP/HUD/CharacterHUD]
[2015.11.20-02.22.33:689][924]Cmd: OBJ SAVEPACKAGE PACKAGE="/Game/ThirdPersonBP/HUD/CharacterHUD" FILE="E:/NightmareGame/TheGame/Saved/Autosaves/Game/ThirdPersonBP/HUD/CharacterHUD_Auto2.uasset" SILENT=false AUTOSAVING=true
[2015.11.20-02.22.36:463][924]LogSavePackage: Save=2724.523926ms
[2015.11.20-02.22.36:463][924]LogSavePackage: Moving 'E:/NightmareGame/TheGame/Saved/CharacterHUD_Auto2F73127AA4DBDB9AEF7FA00B153F1698D.tmp' to 'E:/NightmareGame/TheGame/Saved/Autosaves/Game/ThirdPersonBP/HUD/CharacterHUD_Auto2.uasset'
[2015.11.20-02.22.36:485][924]LogSavePackage: Total save time: 2748.507727ms
[2015.11.20-02.22.40:855][924]LogSavePackage:Warning: Finished SavePackage E:/NightmareGame/TheGame/Saved/Autosaves/Game/ThirdPersonBP/HUD/CharacterHUD_Auto2.uasset
[2015.11.20-02.22.40:856][924]LogFileHelpers: Auto-saving content packages took 86.885
[2015.11.20-23.17.36:454][340]LogActorComponent: UnregisterComponent: (/Engine/Transient.EditorFloorComp) Not registered. Aborting.
[2015.11.20-23.18.07:998][344]LogActorComponent: UnregisterComponent: (/Engine/Transient.CharMoveComp) Not registered. Aborting.
[2015.11.20-23.18.18:259][344]LogParticles: Destroying 0 GPU particle simulations for FXSystem 0x000000008673CD60
[2015.11.20-23.18.19:160][344]LogParticles: Destroying 0 GPU particle simulations for FXSystem 0x000000000FE41DA0
[2015.11.20-23.18.19:912][344]LogParticles: Destroying 0 GPU particle simulations for FXSystem 0x000000000FE41620
[2015.11.20-23.19.50:063][344]Cmd: OBJ SAVEPACKAGE PACKAGE="/Game/ThirdPersonBP/Blueprints/ThirdPersonCharacter" FILE="E:/NightmareGame/TheGame/Content/ThirdPersonBP/Blueprints/ThirdPersonCharacter.uasset" SILENT=true
[2015.11.20-23.21.00:193][344]LogSavePackage: Save=62972.464844ms
[2015.11.20-23.21.00:193][344]LogSavePackage: Moving 'E:/NightmareGame/TheGame/Saved/ThirdPersonCharacter90F7BD88497C1C3504F5DAB51CBA7DD6.tmp' to 'E:/NightmareGame/TheGame/Content/ThirdPersonBP/Blueprints/ThirdPersonCharacter.uasset'
[2015.11.20-23.21.02:454][344]LogSavePackage: Total save time: 70143.307883ms
[2015.11.20-23.21.02:454][344]LogSavePackage:Warning: Finished SavePackage E:/NightmareGame/TheGame/Content/ThirdPersonBP/Blueprints/ThirdPersonCharacter.uasset
[2015.11.20-23.21.02:523][344]Cmd: OBJ SAVEPACKAGE PACKAGE="/Game/ThirdPersonBP/HUD/CharacterHUD" FILE="E:/NightmareGame/TheGame/Content/ThirdPersonBP/HUD/CharacterHUD.uasset" SILENT=true
[2015.11.20-23.21.07:679][344]LogSavePackage: Save=2928.353271ms
[2015.11.20-23.21.07:679][344]LogSavePackage: Moving 'E:/NightmareGame/TheGame/Saved/CharacterHUDB148471441941B4673783195F3A4800A.tmp' to 'E:/NightmareGame/TheGame/Content/ThirdPersonBP/HUD/CharacterHUD.uasset'
[2015.11.20-23.21.07:747][344]LogSavePackage: Total save time: 2998.146150ms
[2015.11.20-23.21.07:747][344]LogSavePackage:Warning: Finished SavePackage E:/NightmareGame/TheGame/Content/ThirdPersonBP/HUD/CharacterHUD.uasset
[2015.11.20-23.21.11:349][344]Cmd: OBJ SAVEPACKAGE PACKAGE="/Game/ThirdPersonBP/HUD/myHUD" FILE="E:/NightmareGame/TheGame/Content/ThirdPersonBP/HUD/myHUD.uasset" SILENT=true
[2015.11.20-23.21.18:580][344]LogSavePackage: Save=4794.407715ms
[2015.11.20-23.21.18:580][344]LogSavePackage: Moving 'E:/NightmareGame/TheGame/Saved/myHUDCCBE29B54BC99044E8A175828F0832F0.tmp' to 'E:/NightmareGame/TheGame/Content/ThirdPersonBP/HUD/myHUD.uasset'
[2015.11.20-23.21.18:700][344]LogSavePackage: Total save time: 7303.264059ms
[2015.11.20-23.21.18:700][344]LogSavePackage:Warning: Finished SavePackage E:/NightmareGame/TheGame/Content/ThirdPersonBP/HUD/myHUD.uasset
[2015.11.20-23.21.27:088][345]Cmd: QUIT_EDITOR
[2015.11.20-23.21.32:520][345]LogExit: Preparing to exit.
[2015.11.20-23.22.16:392][345]LogExit: Editor shut down
[2015.11.20-23.22.16:549][345]LogExit: Transaction tracking system shut down
[2015.11.20-23.22.17:619][345]LogParticles: Destroying 0 GPU particle simulations for FXSystem 0x000000002AE5D8A0
[2015.11.20-23.22.18:562][345]LogParticles: Destroying 0 GPU particle simulations for FXSystem 0x0000000036C23880
[2015.11.20-23.22.18:562][345]LogParticles: Destroying 0 GPU particle simulations for FXSystem 0x00000000370C1B20
[2015.11.20-23.22.18:562][345]LogParticles: Destroying 0 GPU particle simulations for FXSystem 0x000000004088DE40
[2015.11.20-23.22.18:562][345]LogParticles: Destroying 0 GPU particle simulations for FXSystem 0x0000000036AC2520
[2015.11.20-23.22.18:562][345]LogParticles: Destroying 0 GPU particle simulations for FXSystem 0x0000000037F08B80
[2015.11.20-23.22.19:167][345]LogParticles: Destroying 0 GPU particle simulations for FXSystem 0x000000008673E200
[2015.11.20-23.22.19:545][345]LogParticles: Destroying 0 GPU particle simulations for FXSystem 0x000000003D696DE0
[2015.11.20-23.22.30:567][345]LogExit: Object subsystem successfully closed.
[2015.11.20-23.22.32:630][345]LogD3D11RHI: Shutdown
[2015.11.20-23.22.32:630][345]LogD3D11RHI: CleanupD3DDevice
[2015.11.20-23.23.55:456][345]LogD3D11RHI: ~FD3D11DynamicRHI
[2015.11.20-23.24.04:008][345]LogModuleManager: Shutting down and abandoning module SequencerWidgets (199)
[2015.11.20-23.24.04:008][345]LogModuleManager: Shutting down and abandoning module BlueprintGraph (198)
[2015.11.20-23.24.04:008][345]LogModuleManager: Shutting down and abandoning module CrashTracker (197)
[2015.11.20-23.24.04:214][345]LogModuleManager: Shutting down and abandoning module SceneOutliner (196)
[2015.11.20-23.24.04:214][345]LogModuleManager: Shutting down and abandoning module SuperSearch (195)
[2015.11.20-23.24.04:214][345]LogModuleManager: Shutting down and abandoning module WidgetCarousel (194)
[2015.11.20-23.24.04:214][345]LogModuleManager: Shutting down and abandoning module AddContentDialog (193)
[2015.11.20-23.24.20:959][345]LogModuleManager: Shutting down and abandoning module EditorWidgets (192)
[2015.11.20-23.24.20:959][345]LogModuleManager: Shutting down and abandoning module CollectionManager (191)
[2015.11.20-23.24.21:051][345]LogModuleManager: Shutting down and abandoning module StatsViewer (190)
[2015.11.20-23.24.21:182][345]LogModuleManager: Shutting down and abandoning module FoliageEdit (189)
[2015.11.20-23.24.21:182][345]LogModuleManager: Shutting down and abandoning module LandscapeEditor (188)
[2015.11.20-23.24.21:307][345]LogModuleManager: Shutting down and abandoning module ActorPickerMode (187)
[2015.11.20-23.24.21:307][345]LogModuleManager: Shutting down and abandoning module GeometryMode (186)
[2015.11.20-23.24.21:307][345]LogModuleManager: Shutting down and abandoning module TextureAlignMode (185)
[2015.11.20-23.24.21:307][345]LogModuleManager: Shutting down and abandoning module BspMode (184)
[2015.11.20-23.24.21:307][345]LogModuleManager: Shutting down and abandoning module PlacementMode (183)
[2015.11.20-23.24.21:307][345]LogModuleManager: Shutting down and abandoning module AutomationWorker (182)
[2015.11.20-23.24.21:307][345]LogModuleManager: Shutting down and abandoning module CharacterAI (181)
[2015.11.20-23.24.21:340][345]LogModuleManager: Shutting down and abandoning module SmartSnapping (180)
[2015.11.20-23.24.21:438][345]LogModuleManager: Shutting down and abandoning module ViewportSnapping (179)
[2015.11.20-23.24.21:568][345]LogModuleManager: Shutting down and abandoning module LogVisualizer (178)
[2015.11.20-23.24.22:095][345]LogModuleManager: Shutting down and abandoning module GameProjectGeneration (177)
[2015.11.20-23.24.22:095][345]LogModuleManager: Shutting down and abandoning module IntroTutorials (176)
[2015.11.20-23.24.22:095][345]LogModuleManager: Shutting down and abandoning module EditorLiveStreaming (175)
[2015.11.20-23.24.22:095][345]LogModuleManager: Shutting down and abandoning module IOSPlatformEditor (174)
[2015.11.20-23.24.22:268][345]LogModuleManager: Shutting down and abandoning module HTML5PlatformEditor (173)
[2015.11.20-23.24.22:268][345]LogModuleManager: Shutting down and abandoning module AndroidDeviceDetection (172)
[2015.11.20-23.24.23:378][345]LogModuleManager: Shutting down and abandoning module AndroidPlatformEditor (171)
[2015.11.20-23.24.23:378][345]LogModuleManager: Shutting down and abandoning module IOSRuntimeSettings (170)
[2015.11.20-23.24.23:378][345]LogModuleManager: Shutting down and abandoning module AndroidRuntimeSettings (169)
[2015.11.20-23.24.23:378][345]LogModuleManager: Shutting down and abandoning module MergeActors (168)
[2015.11.20-23.24.23:450][345]LogModuleManager: Shutting down and abandoning module SizeMap (167)
[2015.11.20-23.24.23:544][345]LogModuleManager: Shutting down and abandoning module TreeMap (166)
[2015.11.20-23.24.23:722][345]LogModuleManager: Shutting down and abandoning module ReferenceViewer (165)
[2015.11.20-23.24.23:722][345]LogModuleManager: Shutting down and abandoning module LocalizationService (164)
[2015.11.20-23.24.23:847][345]LogModuleManager: Shutting down and abandoning module LocalizationDashboard (163)
[2015.11.20-23.24.24:108][345]LogModuleManager: Shutting down and abandoning module HardwareTargeting (162)
[2015.11.20-23.24.24:108][345]LogModuleManager: Shutting down and abandoning module DeviceProfileEditor (161)
[2015.11.20-23.24.24:316][345]LogModuleManager: Shutting down and abandoning module UndoHistory (160)
[2015.11.20-23.24.24:466][345]LogModuleManager: Shutting down and abandoning module GameplayTagsEditor (159)
[2015.11.20-23.24.24:466][345]LogModuleManager: Shutting down and abandoning module UserFeedback (158)
[2015.11.20-23.24.24:466][345]LogModuleManager: Shutting down and abandoning module XmlParser (157)
[2015.11.20-23.24.24:602][345]LogModuleManager: Shutting down and abandoning module Blutility (156)
[2015.11.20-23.24.24:602][345]LogModuleManager: Shutting down and abandoning module ProjectTargetPlatformEditor (155)
[2015.11.20-23.24.24:644][345]LogModuleManager: Shutting down and abandoning module ProjectSettingsViewer (154)
[2015.11.20-23.24.24:877][345]LogModuleManager: Shutting down and abandoning module InputBindingEditor (153)
[2015.11.20-23.24.24:877][345]LogModuleManager: Shutting down and abandoning module EditorSettingsViewer (152)
[2015.11.20-23.24.25:032][345]LogModuleManager: Shutting down and abandoning module SettingsEditor (151)
[2015.11.20-23.24.25:107][345]LogModuleManager: Shutting down and abandoning module ProjectLauncher (150)
[2015.11.20-23.24.25:318][345]LogModuleManager: Shutting down and abandoning module SessionFrontend (149)
[2015.11.20-23.24.25:481][345]LogModuleManager: Shutting down and abandoning module ProfilerClient (148)
[2015.11.20-23.24.25:576][345]LogModuleManager: Shutting down and abandoning module TargetDeviceServices (147)
[2015.11.20-23.24.25:576][345]LogModuleManager: Shutting down and abandoning module DeviceManager (146)
[2015.11.20-23.24.25:988][345]LogModuleManager: Shutting down and abandoning module AutomationController (145)
[2015.11.20-23.24.26:021][345]LogModuleManager: Shutting down and abandoning module AutomationWindow (144)
[2015.11.20-23.24.26:094][345]LogModuleManager: Shutting down and abandoning module Layers (143)
[2015.11.20-23.24.26:227][345]LogModuleManager: Shutting down and abandoning module ComponentVisualizers (142)
[2015.11.20-23.24.26:227][345]LogModuleManager: Shutting down and abandoning module DetailCustomizations (141)
[2015.11.20-23.24.26:329][345]LogModuleManager: Shutting down and abandoning module PackagesDialog (140)
[2015.11.20-23.24.26:329][345]LogModuleManager: Shutting down and abandoning module Persona (139)
[2015.11.20-23.24.26:439][345]LogModuleManager: Shutting down and abandoning module Kismet (138)
[2015.11.20-23.24.26:439][345]LogModuleManager: Shutting down and abandoning module GraphEditor (137)
[2015.11.20-23.24.26:439][345]LogModuleManager: Shutting down and abandoning module ClassViewer (136)
[2015.11.20-23.24.27:066][345]LogModuleManager: Shutting down and abandoning module Toolbox (135)
[2015.11.20-23.24.27:288][345]LogModuleManager: Shutting down and abandoning module ModuleUI (134)
[2015.11.20-23.24.27:387][345]LogModuleManager: Shutting down and abandoning module MovieSceneTools (133)
[2015.11.20-23.24.27:387][345]LogModuleManager: Shutting down and abandoning module OutputLog (132)
[2015.11.20-23.24.27:387][345]LogModuleManager: Shutting down and abandoning module GammaUI (131)
[2015.11.20-23.24.27:448][345]LogModuleManager: Shutting down and abandoning module Documentation (130)
[2015.11.20-23.24.28:737][345]LogModuleManager: Shutting down and abandoning module GameLiveStreaming (129)
[2015.11.20-23.24.28:738][345]LogModuleManager: Shutting down and abandoning module StreamingPauseRendering (128)
[2015.11.20-23.24.28:913][345]LogModuleManager: Shutting down and abandoning module AnalyticsET (127)
[2015.11.20-23.24.28:913][345]LogModuleManager: Shutting down and abandoning module Analytics (126)
[2015.11.20-23.24