[2015.11.21-02.38.14:581][  0]Log file open, 11/20/15 21:38:14
[2015.11.21-02.38.14:581][  0]LogInit:Display: Running engine for game: NightmareGame
[2015.11.21-02.38.14:581][  0]LogInit:Display: RandInit(-1036644370) SRandInit(-1036644370).
[2015.11.21-02.38.14:581][  0]LogTaskGraph: Started task graph with 4 named threads and 7 total threads.
[2015.11.21-02.38.14:581][  0]LogStats: Stats thread started at 0.112087
[2015.11.21-02.38.14:581][  0]LogInit: Version: 4.9.2-2707645+++depot+UE4-Releases+4.9
[2015.11.21-02.38.14:581][  0]LogInit: API Version: 2672455
[2015.11.21-02.38.14:581][  0]LogInit: Compiled (64-bit): Sep 28 2015 10:25:44
[2015.11.21-02.38.14:581][  0]LogInit: Compiled with Visual C++: 18.00.21005.01
[2015.11.21-02.38.14:581][  0]LogInit: Build Configuration: Development
[2015.11.21-02.38.14:581][  0]LogInit: Branch Name: ++depot+UE4-Releases+4.9
[2015.11.21-02.38.14:581][  0]LogInit: Command line:  
[2015.11.21-02.38.14:581][  0]LogInit: Base directory: C:/Program Files/Epic Games/4.9/Engine/Binaries/Win64/
[2015.11.21-02.38.14:581][  0]LogInit: Rocket: 1
[2015.11.21-02.38.14:794][  0]LogInit: Using libcurl 7.41.0
[2015.11.21-02.38.14:794][  0]LogInit:  - built for x86_64-pc-win32
[2015.11.21-02.38.14:794][  0]LogInit:  - supports SSL with WinSSL
[2015.11.21-02.38.14:794][  0]LogInit:  - other features:
[2015.11.21-02.38.14:795][  0]LogInit:      CURL_VERSION_SSL
[2015.11.21-02.38.14:800][  0]LogInit:      CURL_VERSION_IPV6
[2015.11.21-02.38.14:800][  0]LogInit:      CURL_VERSION_ASYNCHDNS
[2015.11.21-02.38.14:800][  0]LogInit:      CURL_VERSION_LARGEFILE
[2015.11.21-02.38.14:800][  0]LogInit:      CURL_VERSION_IDN
[2015.11.21-02.38.14:800][  0]LogInit:  CurlRequestOptions (configurable via config and command line):
[2015.11.21-02.38.14:800][  0]LogInit:  - bVerifyPeer = true  - Libcurl will verify peer certificate
[2015.11.21-02.38.14:800][  0]LogInit:  - bUseHttpProxy = false  - Libcurl will NOT use HTTP proxy
[2015.11.21-02.38.14:800][  0]LogInit:  - bDontReuseConnections = false  - Libcurl will reuse connections
[2015.11.21-02.38.14:800][  0]LogInit:  - CertBundlePath = nullptr  - Libcurl will use whatever was configured at build time.
[2015.11.21-02.38.15:065][  0]LogInit: Presizing for 0 objects not considered by GC, pre-allocating 0 bytes.
[2015.11.21-02.38.15:269][  0]LogInit: Object subsystem initialized
[2015.11.21-02.38.15:490][  0]LogInit: Selected Device Profile: [Windows]
[2015.11.21-02.38.15:490][  0]LogInit: Applying CVar settings loaded from the selected device profile: [Windows]
[2015.11.21-02.38.15:788][  0]LogInit: Computer: LAUREN-PC
[2015.11.21-02.38.15:788][  0]LogInit: User: Lauren
[2015.11.21-02.38.15:788][  0]LogInit: CPU Page size=4096, Cores=4
[2015.11.21-02.38.15:788][  0]LogInit: High frequency timer resolution =2.338378 MHz
[2015.11.21-02.38.15:789][  0]LogMemory: Memory total: Physical=7.9GB (8GB approx)
[2015.11.21-02.38.15:792][  0]LogMemory: Platform Memory Stats for Windows
[2015.11.21-02.38.15:792][  0]LogMemory: Process Physical Memory: 57.47 MB used, 57.47 MB peak
[2015.11.21-02.38.15:792][  0]LogMemory: Process Virtual Memory: 59.04 MB used, 59.04 MB peak
[2015.11.21-02.38.15:792][  0]LogMemory: Physical Memory: 4285.88 MB used, 8079.30 MB total
[2015.11.21-02.38.15:792][  0]LogMemory: Virtual Memory: 340.07 MB used, 8388608.00 MB total
[2015.11.21-02.38.17:188][  0]LogTextLocalizationManager: No specific translations for ('en-US') exist, so ('en') translations will be used.
[2015.11.21-02.38.19:262][  0]LogD3D11RHI: Found D3D11 adapter 0: NVIDIA GeForce GTX 770M (Feature Level 11_0)
[2015.11.21-02.38.19:262][  0]LogD3D11RHI: Adapter has 3009MB of dedicated video memory, 0MB of dedicated system memory, and 3783MB of shared system memory, 1 output[s]
[2015.11.21-02.38.19:322][  0]LogD3D11RHI: Found D3D11 adapter 1: NVIDIA GeForce GTX 770M (Feature Level 11_0)
[2015.11.21-02.38.19:322][  0]LogD3D11RHI: Adapter has 3009MB of dedicated video memory, 0MB of dedicated system memory, and 3783MB of shared system memory, 1 output[s]
[2015.11.21-02.38.19:334][  0]LogD3D11RHI: Chosen D3D11 Adapter Id = 0
[2015.11.21-02.38.19:362][  0]LogD3D11RHI: !Direct3DDevice
[2015.11.21-02.38.19:362][  0]LogRHI: Texture pool is 1361 MB (70% of 1945 MB)
[2015.11.21-02.38.19:385][  0]LogD3D11RHI: Async texture creation enabled
[2015.11.21-02.38.19:704][  0]LogShaderCompilers: Guid format shader working directory is 15 characters bigger than the processId version (E:/NightmareGame/TheGame/Intermediate/Shaders/WorkingDirectory/7852/).
[2015.11.21-02.38.19:710][  0]LogShaderCompilers: Cleaned the shader compiler working directory 'E:/NightmareGame/TheGame/Intermediate/Shaders/tmp/65AFA7AE466EDC897F20DB81727C5449/'.
[2015.11.21-02.38.19:710][  0]LogShaderCompilers:Display: Using Local Shader Compiler.
[2015.11.21-02.38.33:809][  0]LogTemp:Display: Loaded TP AllDesktopTargetPlatform
[2015.11.21-02.38.33:844][  0]LogTemp:Display: Loaded TP WindowsClientTargetPlatform
[2015.11.21-02.38.33:874][  0]LogTemp:Display: Loaded TP WindowsNoEditorTargetPlatform
[2015.11.21-02.38.33:907][  0]LogTemp:Display: Loaded TP WindowsServerTargetPlatform
[2015.11.21-02.38.33:937][  0]LogTemp:Display: Loaded TP WindowsTargetPlatform
[2015.11.21-02.38.33:970][  0]LogTemp:Display: Loaded TP AndroidTargetPlatform
[2015.11.21-02.38.34:003][  0]LogTemp:Display: Loaded TP Android_ASTCTargetPlatform
[2015.11.21-02.38.34:021][  0]LogTemp:Display: Loaded TP Android_ATCTargetPlatform
[2015.11.21-02.38.34:048][  0]LogTemp:Display: Loaded TP Android_DXTTargetPlatform
[2015.11.21-02.38.34:067][  0]LogTemp:Display: Loaded TP Android_ETC1TargetPlatform
[2015.11.21-02.38.34:092][  0]LogTemp:Display: Loaded TP Android_ETC2TargetPlatform
[2015.11.21-02.38.34:114][  0]LogTemp:Display: Loaded TP Android_PVRTCTargetPlatform
[2015.11.21-02.38.34:133][  0]LogTemp:Display: Loaded TP HTML5TargetPlatform
[2015.11.21-02.38.34:268][  0]LogTemp:Display: Loaded TP IOSTargetPlatform
[2015.11.21-02.38.34:297][  0]LogTemp:Display: Loaded TP LinuxNoEditorTargetPlatform
[2015.11.21-02.38.34:356][  0]LogTemp:Display: Loaded TP LinuxServerTargetPlatform
[2015.11.21-02.38.34:443][  0]LogTemp:Display: Loaded TP LinuxTargetPlatform
[2015.11.21-02.38.34:443][  0]LogTargetPlatformManager:Display: Building Assets For Windows
[2015.11.21-02.38.35:339][  0]LogDerivedDataCache:Display: Max Cache Size: 512 MB
[2015.11.21-02.38.36:165][  0]LogDerivedDataCache: Loaded boot cache 0.83s 57MB C:/Users/Lauren/AppData/Local/UnrealEngine/4.9/DerivedDataCache/Boot.ddc.
[2015.11.21-02.38.36:165][  0]LogDerivedDataCache:Display: Loaded Boot cache: C:/Users/Lauren/AppData/Local/UnrealEngine/4.9/DerivedDataCache/Boot.ddc
[2015.11.21-02.38.36:167][  0]LogDerivedDataCache: FDerivedDataBackendGraph:  Pak pak cache file E:/NightmareGame/TheGame/DerivedDataCache/DDC.ddp not found, will not use a pak cache.
[2015.11.21-02.38.36:167][  0]LogDerivedDataCache: Unable to find inner node Pak for hierarchical cache Hierarchy.
[2015.11.21-02.38.36:168][  0]LogDerivedDataCache: FDerivedDataBackendGraph:  CompressedPak pak cache file E:/NightmareGame/TheGame/DerivedDataCache/Compressed.ddp not found, will not use a pak cache.
[2015.11.21-02.38.36:168][  0]LogDerivedDataCache: Unable to find inner node CompressedPak for hierarchical cache Hierarchy.
[2015.11.21-02.38.36:410][  0]LogDerivedDataCache:Display: Pak cache opened for reading ../../../Engine/DerivedDataCache/Compressed.ddp.
[2015.11.21-02.38.36:423][  0]LogDerivedDataCache: Using Local data cache path C:/Users/Lauren/AppData/Local/UnrealEngine/Common/DerivedDataCache: Writable
[2015.11.21-02.38.50:027][  0]LogInit: Selected Device Profile: [Windows]
[2015.11.21-02.38.50:067][  0]LogContentStreaming: Texture pool size is 0.000000MB
[2015.11.21-02.38.50:897][  0]LogMeshUtilities: No automatic mesh reduction module available
[2015.11.21-02.38.50:897][  0]LogMeshUtilities: No automatic mesh merging module available
[2015.11.21-02.38.57:008][  0]LogInit: WinSock: version 1.1 (2.2), MaxSocks=32767, MaxUdp=65467
[2015.11.21-02.39.19:749][  0]UdpMessaging: Initializing bridge on interface 0.0.0.0:0 to multicast group 230.0.0.1:6666.
[2015.11.21-02.39.20:606][  0]LogAssetRegistry: FAssetRegistry took 0.0139 seconds to start up
[2015.11.21-02.39.27:374][  0]SourceControl: Info Source control is disabled
[2015.11.21-02.39.36:290][  0]LogLinker:Warning: Asset '../../../Engine/Plugins/Runtime/LeapMotionController/Content/LM_PassthroughMaterial.uasset' has been saved with empty engine version. The asset will be loaded but may be incompatible.
[2015.11.21-02.39.36:879][  0]LogObj: 28361 objects as part of root set at end of initial load.
[2015.11.21-02.39.36:879][  0]LogUObjectAllocator: 6038864 out of 0 bytes used by permanent object pool.
[2015.11.21-02.39.37:676][  0]LogEngine: Initializing Engine...
[2015.11.21-02.39.37:716][  0]LogHMD: Can't find Oculus library dev build: is proper Runtime installed? Version: 0.7.0.0
[2015.11.21-02.39.37:794][  0]LogHMD: SteamVR failed to initialize.  Err: 110
[2015.11.21-02.39.38:893][  0]LogAIModule: Creating AISystem for world NewWorld
[2015.11.21-02.39.39:071][  0]LogInit: XAudio2 using 'Speakers (Siberia v2 D3H)' : 2 channels at 44.1 kHz using 16 bits per sample (channel mask 0x3)
[2015.11.21-02.39.39:141][  0]LogInit: FAudioDevice initialized.
[2015.11.21-02.39.39:172][  0]LogDerivedDataCache: Saved boot cache 0.03s 57MB C:/Users/Lauren/AppData/Local/UnrealEngine/4.9/DerivedDataCache/Boot.ddc.
[2015.11.21-02.39.39:178][  0]LogInit: Texture streaming: Enabled
[2015.11.21-02.39.39:228][  0]LogAnalytics: Creating configured Analytics provider AnalyticsET
[2015.11.21-02.39.39:228][  0]LogAnalytics: [UEEditor.Rocket.Release] APIServer = http://et2.epicgames.com/ET2/. AppVersion = 4.9.2-2707645+++depot+UE4-Releases+4.9
[2015.11.21-02.39.39:228][  0]LogAnalytics: [UEEditor.Rocket.Release] SetUserId 0dfd459848bd316af10e0286bf53d633|62a07662b49e46228294f7f33306ed31|8f7fcacd-7ea7-4aa9-9d3c-39324467dbc7
[2015.11.21-02.39.39:238][  0]LogAnalytics: [UEEditor.Rocket.Release] AnalyticsET::StartSession
[2015.11.21-02.39.39:682][  0]LogInit: Transaction tracking system initialized
[2015.11.21-02.39.40:821][  0]BlueprintLog: New page: Editor Load
[2015.11.21-02.39.51:305][  0]LocalizationService: Info Localization service is disabled
[2015.11.21-02.39.53:702][  0]LogConsoleResponse:Display: 
[2015.11.21-02.39.59:518][  0]LogFileCache: Scanning file cache for directory 'E:/NightmareGame/TheGame/Content/' took 0.10s
[2015.11.21-02.39.59:518][  0]LogCook:Display: Done creating registry. It took  0.00s.
[2015.11.21-02.40.03:695][  0]Cmd: MAP LOAD FILE="E:/NightmareGame/TheGame/Content/ThirdPersonBP/Maps/Hub.umap" TEMPLATE=0 SHOWPROGRESS=1 FEATURELEVEL=3
[2015.11.21-02.40.03:842][  0]LightingResults: New page: Lighting Build
[2015.11.21-02.40.04:405][  0]MapCheck: New page: Map Check
[2015.11.21-02.40.04:405][  0]LightingResults: New page: Lighting Build
[2015.11.21-02.40.05:695][  0]LogParticles: Destroying 0 GPU particle simulations for FXSystem 0x00000000255B76A0
[2015.11.21-02.40.09:999][  0]LogLinker:Warning: Asset 'E:/NightmareGame/TheGame/Content/Mannequin/Animations/ThirdPerson_AnimBP.uasset' has been saved with empty engine version. The asset will be loaded but may be incompatible.
[2015.11.21-02.40.10:013][  0]LogLinker:Warning: Asset 'E:/NightmareGame/TheGame/Content/Mannequin/Animations/ThirdPerson_Jump.uasset' has been saved with empty engine version. The asset will be loaded but may be incompatible.
[2015.11.21-02.40.10:059][  0]LogLinker:Warning: Asset 'E:/NightmareGame/TheGame/Content/Mannequin/Animations/ThirdPersonJump_Loop.uasset' has been saved with empty engine version. The asset will be loaded but may be incompatible.
[2015.11.21-02.40.10:074][  0]LogLinker:Warning: Asset 'E:/NightmareGame/TheGame/Content/Mannequin/Animations/ThirdPersonJump_Start.uasset' has been saved with empty engine version. The asset will be loaded but may be incompatible.
[2015.11.21-02.40.10:089][  0]LogLinker:Warning: Asset 'E:/NightmareGame/TheGame/Content/Mannequin/Animations/ThirdPerson_IdleRun_2D.uasset' has been saved with empty engine version. The asset will be loaded but may be incompatible.
[2015.11.21-02.40.10:122][  0]LogLinker:Warning: Asset 'E:/NightmareGame/TheGame/Content/Mannequin/Animations/ThirdPersonIdle.uasset' has been saved with empty engine version. The asset will be loaded but may be incompatible.
[2015.11.21-02.40.10:137][  0]LogLinker:Warning: Asset 'E:/NightmareGame/TheGame/Content/Mannequin/Animations/ThirdPersonRun.uasset' has been saved with empty engine version. The asset will be loaded but may be incompatible.
[2015.11.21-02.40.10:152][  0]LogLinker:Warning: Asset 'E:/NightmareGame/TheGame/Content/Mannequin/Animations/ThirdPersonWalk.uasset' has been saved with empty engine version. The asset will be loaded but may be incompatible.
[2015.11.21-02.40.31:564][  0]LogAIModule: Creating AISystem for world Hub
[2015.11.21-02.40.33:575][  0]LogEditorServer: Finished looking for orphan Actors (0.000 secs)
[2015.11.21-02.40.33:969][  0]Cmd: MAP CHECKDEP NOCLEARLOG
[2015.11.21-02.40.38:259][  0]MapCheck: Info Map check complete: 0 Error(s), 0 Warning(s), took 4,289.634ms to complete.
[2015.11.21-02.40.38:259][  0]LogFileHelpers: Loading map 'Hub' took 34.657
[2015.11.21-02.40.45:533][  0]LogCollectionManager: Loaded 0 collections in 0.005619 seconds
[2015.11.21-02.40.45:750][  0]LogFileCache: Scanning file cache for directory 'E:/NightmareGame/TheGame/Saved/Collections/' took 0.01s
[2015.11.21-02.40.45:750][  0]LogFileCache: Scanning file cache for directory 'E:/NightmareGame/TheGame/Content/Developers/Lauren/Collections/' took 0.01s
[2015.11.21-02.40.45:750][  0]LogFileCache: Scanning file cache for directory 'E:/NightmareGame/TheGame/Content/Collections/' took 0.01s
[2015.11.21-02.40.45:750][  0]LogContentBrowser: Native class hierarchy populated in 0.0319 seconds. Added 1867 classes and 333 folders.
[2015.11.21-02.40.46:104][  0]LogCollectionManager: Rebuilt the GUID cache for 0 collections in 0.000003 seconds
[2015.11.21-02.40.47:031][  0]LogContentBrowser: Native class hierarchy updated for 'WidgetCarousel' in 0.0033 seconds. Added 0 classes and 0 folders.
[2015.11.21-02.40.53:262][  0]LogContentBrowser: Native class hierarchy updated for 'AddContentDialog' in 0.0032 seconds. Added 0 classes and 0 folders.
[2015.11.21-02.40.53:465][  0]LogContentBrowser: Native class hierarchy updated for 'SceneOutliner' in 0.0023 seconds. Added 1 classes and 2 folders.
[2015.11.21-02.40.58:665][  0]LogCrashTracker: Crashtracker disabled due to settings.
[2015.11.21-02.40.58:955][  0]LogUObjectGlobals:Warning: Failed to find object 'Class None.'
[2015.11.21-02.40.59:066][  0]LogLoad: Full Startup: 176.28 seconds (BP compile: 3.10 seconds)
[2015.11.21-02.41.03:398][  0]SourceControl: Info On branch L.A
[2015.11.21-02.41.03:398][  0]SourceControl: Info Your branch is up-to-date with 'origin/L.A'.
[2015.11.21-02.41.03:398][  0]SourceControl: Info Changes to be committed:
[2015.11.21-02.41.03:398][  0]SourceControl: Info   (use "git reset HEAD <file>..." to unstage)
[2015.11.21-02.41.03:398][  0]SourceControl: Info 	modified:   TheGame/Content/Maps/MainMenu.umap
[2015.11.21-02.41.03:398][  0]SourceControl: Info 	new file:   TheGame/Content/ThirdPersonBP/HUD/CharacterHUD.uasset
[2015.11.21-02.41.03:398][  0]SourceControl: Info 	new file:   TheGame/Content/ThirdPersonBP/Maps/MainMenu.umap
[2015.11.21-02.41.03:398][  0]SourceControl: Info Changes not staged for commit:
[2015.11.21-02.41.03:398][  0]SourceControl: Info   (use "git add/rm <file>..." to update what will be committed)
[2015.11.21-02.41.03:398][  0]SourceControl: Info   (use "git checkout -- <file>..." to discard changes in working directory)
[2015.11.21-02.41.03:398][  0]SourceControl: Info 	modified:   TheGame/Content/ThirdPersonBP/Blueprints/ThirdPersonCharacter.uasset
[2015.11.21-02.41.03:398][  0]SourceControl: Info 	modified:   TheGame/Content/ThirdPersonBP/Dialogue/DialogueUMG.uasset
[2015.11.21-02.41.03:398][  0]SourceControl: Info 	modified:   TheGame/Content/ThirdPersonBP/HUD/myHUD.uasset
[2015.11.21-02.41.03:398][  0]SourceControl: Info 	modified:   TheGame/Content/ThirdPersonBP/Maps/Hub.umap
[2015.11.21-02.41.03:407][  0]SourceControl: Info 	modified:   TheGame/Content/ThirdPersonBP/Maps/MainMenu.umap
[2015.11.21-02.41.03:407][  0]SourceControl: Info 	modified:   TheGame/Intermediate/CachedAssetRegistry.bin
[2015.11.21-02.41.03:407][  0]SourceControl: Info 	modified:   TheGame/Intermediate/Config/CoalescedSourceConfigs/Engine.ini
[2015.11.21-02.41.03:407][  0]SourceControl: Info 	modified:   TheGame/Intermediate/Config/CoalescedSourceConfigs/Game.ini
[2015.11.21-02.41.03:407][  0]SourceControl: Info 	modified:   TheGame/Saved/AutoScreenshot.png
[2015.11.21-02.41.03:407][  0]SourceControl: Info 	modified:   TheGame/Saved/Autosaves/Game/ThirdPersonBP/Blueprints/ThirdPersonCharacter_Auto2.uasset
[2015.11.21-02.41.03:407][  0]SourceControl: Info 	modified:   TheGame/Saved/Autosaves/Game/ThirdPersonBP/Maps/Hub_Auto3.umap
[2015.11.21-02.41.03:407][  0]SourceControl: Info 	modified:   TheGame/Saved/Autosaves/PackageRestoreData.json
[2015.11.21-02.41.03:407][  0]SourceControl: Info 	deleted:    TheGame/Saved/Backup/Cave_2015-11-15-02-19-16.umap
[2015.11.21-02.41.03:407][  0]SourceControl: Info 	deleted:    TheGame/Saved/Backup/Cave_2015-11-15-02-33-05.umap
[2015.11.21-02.41.03:407][  0]SourceControl: Info 	deleted:    TheGame/Saved/Backup/Cave_2015-11-15-13-21-26.umap
[2015.11.21-02.41.03:407][  0]SourceControl: Info 	deleted:    TheGame/Saved/Backup/Cave_2015-11-16-16-49-20.umap
[2015.11.21-02.41.03:407][  0]SourceControl: Info 	modified:   TheGame/Saved/Config/Windows/Editor.ini
[2015.11.21-02.41.03:407][  0]SourceControl: Info 	modified:   TheGame/Saved/Config/Windows/EditorPerProjectUserSettings.ini
[2015.11.21-02.41.03:407][  0]SourceControl: Info 	modified:   TheGame/Saved/Config/Windows/Engine.ini
[2015.11.21-02.41.03:407][  0]SourceControl: Info 	modified:   TheGame/Saved/Config/WorldState/2460029373.json
[2015.11.21-02.41.03:407][  0]SourceControl: Info 	modified:   TheGame/Saved/Logs/NightmareGame.log
[2015.11.21-02.41.03:407][  0]SourceControl: Info Untracked files:
[2015.11.21-02.41.03:407][  0]SourceControl: Info   (use "git add <file>..." to include in what will be committed)
[2015.11.21-02.41.03:407][  0]SourceControl: Info 	TheGame/Saved/Autosaves/Game/ThirdPersonBP/Dialogue/DialogueUMG_Auto1.uasset
[2015.11.21-02.41.03:407][  0]SourceControl: Info 	TheGame/Saved/Autosaves/Game/ThirdPersonBP/Dialogue/DialogueUMG_Auto2.uasset
[2015.11.21-02.41.03:407][  0]SourceControl: Info 	TheGame/Saved/Autosaves/Game/ThirdPersonBP/Dialogue/DialogueUMG_Auto3.uasset
[2015.11.21-02.41.03:407][  0]SourceControl: Info 	TheGame/Saved/Autosaves/Game/ThirdPersonBP/HUD/CharacterHUD_Auto2.uasset
[2015.11.21-02.41.03:407][  0]SourceControl: Info 	TheGame/Saved/Autosaves/Game/ThirdPersonBP/HUD/myHUD_Auto1.uasset
[2015.11.21-02.41.03:407][  0]SourceControl: Info 	TheGame/Saved/Autosaves/Game/ThirdPersonBP/HUD/myHUD_Auto2.uasset
[2015.11.21-02.41.03:407][  0]SourceControl: Info 	TheGame/Saved/Autosaves/Game/ThirdPersonBP/Maps/MainMenu_Auto1.umap
[2015.11.21-02.41.03:407][  0]SourceControl: Info 	TheGame/Saved/Backup/DialogueUMG_2015-11-19-00-56-45.uasset
[2015.11.21-02.41.03:407][  0]SourceControl: Info 	TheGame/Saved/Backup/DialogueUMG_2015-11-19-10-12-01.uasset
[2015.11.21-02.41.03:407][  0]SourceControl: Info 	TheGame/Saved/Backup/DialogueUMG_2015-11-19-10-27-28.uasset
[2015.11.21-02.41.03:407][  0]SourceControl: Info 	TheGame/Saved/Backup/Hub_2015-11-18-13-31-55.umap
[2015.11.21-02.41.03:407][  0]SourceControl: Info 	TheGame/Saved/Backup/Hub_2015-11-19-10-26-34.umap
[2015.11.21-02.41.03:407][  0]SourceControl: Info 	TheGame/Saved/Backup/MainMenu_2015-11-18-13-31-37.umap
[2015.11.21-02.41.03:407][  0]SourceControl: Info 	TheGame/Saved/Backup/MainMenu_2015-11-18-13-42-29.umap
[2015.11.21-02.41.03:407][  0]SourceControl: Info 	TheGame/Saved/Backup/ThirdPersonCharacter_2015-11-19-21-21-16.uasset
[2015.11.21-02.41.03:407][  0]SourceControl: Info 	TheGame/Saved/Backup/ThirdPersonCharacter_2015-11-20-18-19-52.uasset
[2015.11.21-02.41.03:407][  0]SourceControl: Info 	TheGame/Saved/Backup/myHUD_2015-11-19-21-10-46.uasset
[2015.11.21-02.41.03:415][  0]SourceControl: Info 	TheGame/Saved/Backup/myHUD_2015-11-19-21-22-25.uasset
[2015.11.21-02.41.03:415][  0]SourceControl: Info 	TheGame/Saved/Backup/myHUD_2015-11-20-18-21-11.uasset
[2015.11.21-02.41.03:415][  0]SourceControl: Info 	TheGame/Saved/Config/WorldState/3848406064.json
[2015.11.21-02.41.03:415][  0]SourceControl: Info 	TheGame/Saved/Logs/NightmareGame-backup-2015.11.18-13.23.21.log
[2015.11.21-02.41.03:415][  0]SourceControl: Info 	TheGame/Saved/Logs/NightmareGame-backup-2015.11.19-00.37.27.log
[2015.11.21-02.41.03:415][  0]SourceControl: Info 	TheGame/Saved/Logs/NightmareGame-backup-2015.11.19-17.21.35.log
[2015.11.21-02.41.03:415][  0]SourceControl: Info 	TheGame/Saved/Logs/NightmareGame-backup-2015.11.20-21.38.14.log
[2015.11.21-02.41.03:429][  0]LogContentStreaming: Texture pool size now 1000 MB
[2015.11.21-02.41.03:823][  0]LogRenderer: Reallocating scene render targets to support 1208x660 (Frame:2).
[2015.11.21-02.41.05:582][  8]LogAssetRegistry: Asset discovery search completed in 104.9846 seconds
[2015.11.21-02.41.05:582][  8]LogCollectionManager: Rebuilt the object cache for 0 collections in 0.000001 seconds (found 0 objects)
[2015.11.21-02.41.05:582][  8]LogCollectionManager: Fixed up redirectors for 0 collections in 0.000020 seconds (updated 0 objects)
[2015.11.21-03.20.17:928][188]LogBlueprintUserMessages: Early PlayInEditor Detection: Level '/Game/ThirdPersonBP/Maps/Hub.Hub:PersistentLevel' has LevelScriptBlueprint '/Game/ThirdPersonBP/Maps/Hub.Hub:PersistentLevel.Hub' with GeneratedClass '/Game/ThirdPersonBP/Maps/Hub.Hub_C' with ClassGeneratedBy '/Game/ThirdPersonBP/Maps/Hub.Hub:PersistentLevel.Hub'
[2015.11.21-03.20.17:928][188]LogPlayLevel: PlayLevel: No blueprints needed recompiling
[2015.11.21-03.20.18:000][188]PIE: New page: PIE session: Hub (Nov 20, 2015, 5:20:17 PM)
[2015.11.21-03.20.18:026][188]LogPlayLevel: Creating play world package: /Game/ThirdPersonBP/Maps/UEDPIE_0_Hub
[2015.11.21-03.20.19:062][188]LogPlayLevel: PIE: StaticDuplicateObject took: (1.036161s)
[2015.11.21-03.20.19:064][188]LogAIModule: Creating AISystem for world Hub
[2015.11.21-03.20.19:064][188]LogPlayLevel: PIE: World Init took: (0.001586s)
[2015.11.21-03.20.19:074][188]LogPlayLevel: PIE: Created PIE world by copying editor world from /Game/ThirdPersonBP/Maps/Hub.Hub to /Game/ThirdPersonBP/Maps/UEDPIE_0_Hub.Hub (1.047548s)
[2015.11.21-03.20.19:534][188]LogInit: XAudio2 using 'Speakers (Siberia v2 D3H)' : 2 channels at 44.1 kHz using 16 bits per sample (channel mask 0x3)
[2015.11.21-03.20.19:569][188]LogInit: FAudioDevice initialized.
[2015.11.21-03.20.20:059][188]LogWorld: Game class is 'ThirdPersonGameMode_C'
[2015.11.21-03.20.20:468][188]LogWorld:Warning: *** WARNING - PATHS MAY NOT BE VALID ***
[2015.11.21-03.20.20:468][188]LogWorld: Bringing World /Game/ThirdPersonBP/Maps/UEDPIE_0_Hub.Hub up for play (max tick rate 60) at 2015.11.20-22.20.20
[2015.11.21-03.20.20:468][188]LogActor:Warning: GameSession /Game/ThirdPersonBP/Maps/UEDPIE_0_Hub.Hub:PersistentLevel.GameSession_0 has natively added scene component(s), but none of them were set as the actor's RootComponent - picking one arbitrarily
[2015.11.21-03.20.20:499][188]LogActor:Warning: GameNetworkManager /Game/ThirdPersonBP/Maps/UEDPIE_0_Hub.Hub:PersistentLevel.GameNetworkManager_0 has natively added scene component(s), but none of them were set as the actor's RootComponent - picking one arbitrarily
[2015.11.21-03.20.20:628][188]LogWorld: Bringing up level for play took: 0.358083
[2015.11.21-03.20.21:389][188]PIE: Info Play in editor start time for /Game/ThirdPersonBP/Maps/UEDPIE_0_Hub 4.078
[2015.11.21-03.20.21:389][188]LogBlueprintUserMessages: Late PlayInEditor Detection: Level '/Game/ThirdPersonBP/Maps/Hub.Hub:PersistentLevel' has LevelScriptBlueprint '/Game/ThirdPersonBP/Maps/Hub.Hub:PersistentLevel.Hub' with GeneratedClass '/Game/ThirdPersonBP/Maps/Hub.Hub_C' with ClassGeneratedBy '/Game/ThirdPersonBP/Maps/Hub.Hub:PersistentLevel.Hub'
[2015.11.21-03.20.25:832][352]LogBlueprintUserMessages: Early EndPlayMap Detection: Level '/Game/ThirdPersonBP/Maps/Hub.Hub:PersistentLevel' has LevelScriptBlueprint '/Game/ThirdPersonBP/Maps/Hub.Hub:PersistentLevel.Hub' with GeneratedClass '/Game/ThirdPersonBP/Maps/Hub.Hub_C' with ClassGeneratedBy '/Game/ThirdPersonBP/Maps/Hub.Hub:PersistentLevel.Hub'
[2015.11.21-03.20.26:142][352]LogBlueprintUserMessages: Late EndPlayMap Detection: Level '/Game/ThirdPersonBP/Maps/Hub.Hub:PersistentLevel' has LevelScriptBlueprint '/Game/ThirdPersonBP/Maps/Hub.Hub:PersistentLevel.Hub' with GeneratedClass '/Game/ThirdPersonBP/Maps/Hub.Hub_C' with ClassGeneratedBy '/Game/ThirdPersonBP/Maps/Hub.Hub:PersistentLevel.Hub'
[2015.11.21-03.20.26:305][352]LogParticles: Destroying 0 GPU particle simulations for FXSystem 0x000000003D440FE0
[2015.11.21-03.31.38:971][292]LogFactory: FactoryCreateBinary: Texture with ReimportTextureFactory (0 0 E:/HealthDeco.png)
[2015.11.21-03.31.41:464][292]LogTexture:Display: Building textures: HealthDeco (BC5)
[2015.11.21-03.31.49:916][719]LogLinker:Warning: Asset '../../../Engine/Content/ArtTools/RenderToTexture/Macros/RenderToTextureMacros.uasset' has been saved with empty engine version. The asset will be loaded but may be incompatible.
[2015.11.21-03.31.51:876][719]LogContentBrowser: Native class hierarchy updated for 'BlueprintGraph' in 0.0080 seconds. Added 107 classes and 0 folders.
[2015.11.21-03.32.56:516][860]LogContentBrowser: Native class hierarchy updated for 'TextureEditor' in 0.0028 seconds. Added 1 classes and 2 folders.
[2015.11.21-03.33.42:702][236]BlueprintLog: New page: Compile CharacterHUD
[2015.11.21-03.33.47:489][236]LogParticles: Destroying 0 GPU particle simulations for FXSystem 0x0000000013E4E980
[2015.11.21-03.33.47:550][236]BlueprintEditorCompileResults: Info The execution path doesn't end with a return node.  Cast Failed 
[2015.11.21-03.33.47:551][236]BlueprintEditorCompileResults: Info [3344.68] Compile of CharacterHUD successful! [in 4,829 ms]
[2015.11.21-03.33.50:984][423]LogBlueprintUserMessages: Early PlayInEditor Detection: Level '/Game/ThirdPersonBP/Maps/Hub.Hub:PersistentLevel' has LevelScriptBlueprint '/Game/ThirdPersonBP/Maps/Hub.Hub:PersistentLevel.Hub' with GeneratedClass '/Game/ThirdPersonBP/Maps/Hub.Hub_C' with ClassGeneratedBy '/Game/ThirdPersonBP/Maps/Hub.Hub:PersistentLevel.Hub'
[2015.11.21-03.33.50:984][423]LogPlayLevel: PlayLevel: No blueprints needed recompiling
[2015.11.21-03.33.50:984][423]PIE: New page: PIE session: Hub (Nov 20, 2015, 5:33:50 PM)
[2015.11.21-03.33.50:984][423]LogPlayLevel: Creating play world package: /Game/ThirdPersonBP/Maps/UEDPIE_0_Hub
[2015.11.21-03.33.51:039][423]LogPlayLevel: PIE: StaticDuplicateObject took: (0.055046s)
[2015.11.21-03.33.51:040][423]LogAIModule: Creating AISystem for world Hub
[2015.11.21-03.33.51:040][423]LogPlayLevel: PIE: World Init took: (0.000649s)
[2015.11.21-03.33.51:040][423]LogPlayLevel: PIE: Created PIE world by copying editor world from /Game/ThirdPersonBP/Maps/Hub.Hub to /Game/ThirdPersonBP/Maps/UEDPIE_0_Hub.Hub (0.055890s)
[2015.11.21-03.33.51:164][423]LogInit: XAudio2 using 'Speakers (Siberia v2 D3H)' : 2 channels at 44.1 kHz using 16 bits per sample (channel mask 0x3)
[2015.11.21-03.33.51:181][423]LogInit: FAudioDevice initialized.
[2015.11.21-03.33.51:219][423]LogWorld: Game class is 'ThirdPersonGameMode_C'
[2015.11.21-03.33.51:371][423]LogWorld:Warning: *** WARNING - PATHS MAY NOT BE VALID ***
[2015.11.21-03.33.51:371][423]LogWorld: Bringing World /Game/ThirdPersonBP/Maps/UEDPIE_0_Hub.Hub up for play (max tick rate 60) at 2015.11.20-22.33.51
[2015.11.21-03.33.51:371][423]LogActor:Warning: GameSession /Game/ThirdPersonBP/Maps/UEDPIE_0_Hub.Hub:PersistentLevel.GameSession_1 has natively added scene component(s), but none of them were set as the actor's RootComponent - picking one arbitrarily
[2015.11.21-03.33.51:373][423]LogActor:Warning: GameNetworkManager /Game/ThirdPersonBP/Maps/UEDPIE_0_Hub.Hub:PersistentLevel.GameNetworkManager_1 has natively added scene component(s), but none of them were set as the actor's RootComponent - picking one arbitrarily
[2015.11.21-03.33.51:382][423]LogWorld: Bringing up level for play took: 0.160661
[2015.11.21-03.33.51:402][423]PIE: Info Play in editor start time for /Game/ThirdPersonBP/Maps/UEDPIE_0_Hub 0.083
[2015.11.21-03.33.51:402][423]LogBlueprintUserMessages: Late PlayInEditor Detection: Level '/Game/ThirdPersonBP/Maps/Hub.Hub:PersistentLevel' has LevelScriptBlueprint '/Game/ThirdPersonBP/Maps/Hub.Hub:PersistentLevel.Hub' with GeneratedClass '/Game/ThirdPersonBP/Maps/Hub.Hub_C' with ClassGeneratedBy '/Game/ThirdPersonBP/Maps/Hub.Hub:PersistentLevel.Hub'
[2015.11.21-03.33.54:422][602]LogBlueprintUserMessages: Early EndPlayMap Detection: Level '/Game/ThirdPersonBP/Maps/Hub.Hub:PersistentLevel' has LevelScriptBlueprint '/Game/ThirdPersonBP/Maps/Hub.Hub:PersistentLevel.Hub' with GeneratedClass '/Game/ThirdPersonBP/Maps/Hub.Hub_C' with ClassGeneratedBy '/Game/ThirdPersonBP/Maps/Hub.Hub:PersistentLevel.Hub'
[2015.11.21-03.33.54:454][602]LogBlueprintUserMessages: Late EndPlayMap Detection: Level '/Game/ThirdPersonBP/Maps/Hub.Hub:PersistentLevel' has LevelScriptBlueprint '/Game/ThirdPersonBP/Maps/Hub.Hub:PersistentLevel.Hub' with GeneratedClass '/Game/ThirdPersonBP/Maps/Hub.Hub_C' with ClassGeneratedBy '/Game/ThirdPersonBP/Maps/Hub.Hub:PersistentLevel.Hub'
[2015.11.21-03.33.54:555][603]LogParticles: Destroying 0 GPU particle simulations for FXSystem 0x0000000011D58680
[2015.11.21-03.34.11:537][752]LogFileHelpers: Editor autosave (incl. sublevels) for '/Game/ThirdPersonBP/Maps/Hub' took 0.025
[2015.11.21-03.34.11:600][752]OBJ SavePackage: Generating thumbnails for [0] asset(s) in package [/Game/ThirdPersonBP/HUD/CharacterHUD] ([1] browsable assets)...
[2015.11.21-03.34.11:611][752]OBJ SavePackage: Finished generating thumbnails for package [/Game/ThirdPersonBP/HUD/CharacterHUD]
[2015.11.21-03.34.11:611][752]Cmd: OBJ SAVEPACKAGE PACKAGE="/Game/ThirdPersonBP/HUD/CharacterHUD" FILE="E:/NightmareGame/TheGame/Saved/Autosaves/Game/ThirdPersonBP/HUD/CharacterHUD_Auto1.uasset" SILENT=false AUTOSAVING=true
[2015.11.21-03.34.19:326][752]LogSavePackage: Save=5229.718262ms
[2015.11.21-03.34.19:327][752]LogSavePackage: Moving 'E:/NightmareGame/TheGame/Saved/CharacterHUD_Auto114B9D69C4DFD0188C62E8D914C138D3D.tmp' to 'E:/NightmareGame/TheGame/Saved/Autosaves/Game/ThirdPersonBP/HUD/CharacterHUD_Auto1.uasset'
[2015.11.21-03.34.21:590][752]LogSavePackage: Total save time: 9920.312714ms
[2015.11.21-03.34.21:590][752]LogSavePackage:Warning: Finished SavePackage E:/NightmareGame/TheGame/Saved/Autosaves/Game/ThirdPersonBP/HUD/CharacterHUD_Auto1.uasset
[2015.11.21-03.34.21:605][752]OBJ SavePackage: Generating thumbnails for [1] asset(s) in package [/Game/ThirdPersonBP/HUD/HealthDeco] ([1] browsable assets)...
[2015.11.21-03.34.21:610][752]OBJ SavePackage:     Rendered thumbnail for [Texture2D /Game/ThirdPersonBP/HUD/HealthDeco.HealthDeco]
[2015.11.21-03.34.21:610][752]OBJ SavePackage: Finished generating thumbnails for package [/Game/ThirdPersonBP/HUD/HealthDeco]
[2015.11.21-03.34.21:610][752]Cmd: OBJ SAVEPACKAGE PACKAGE="/Game/ThirdPersonBP/HUD/HealthDeco" FILE="E:/NightmareGame/TheGame/Saved/Autosaves/Game/ThirdPersonBP/HUD/HealthDeco_Auto1.uasset" SILENT=false AUTOSAVING=true
[2015.11.21-03.34.21:752][752]LogSavePackage: Save=84.987968ms
[2015.11.21-03.34.21:752][752]LogSavePackage: Moving 'E:/NightmareGame/TheGame/Saved/HealthDeco_Auto1B25954914F63D147B9D34FA0478B4563.tmp' to 'E:/NightmareGame/TheGame/Saved/Autosaves/Game/ThirdPersonBP/HUD/HealthDeco_Auto1.uasset'
[2015.11.21-03.34.21:774][752]LogSavePackage: Total save time: 109.593488ms
[2015.11.21-03.34.21:774][752]LogSavePackage:Warning: Finished SavePackage E:/NightmareGame/TheGame/Saved/Autosaves/Game/ThirdPersonBP/HUD/HealthDeco_Auto1.uasset
[2015.11.21-03.34.21:774][752]LogFileHelpers: Auto-saving content packages took 10.237
[2015.11.21-03.45.11:289][830]LogTexture:Display: Building textures: HealthDeco (BC4)
[2015.11.21-03.45.11:327][830]LogMaterial: 0.001974 seconds spent updating 0 materials, 0 interfaces, 0 instances, 0 with static permutations.
[2015.11.21-03.45.13:506][958]LogTexture:Display: Building textures: HealthDeco (AutoDXT)
[2015.11.21-03.45.13:542][958]LogMaterial: 0.001983 seconds spent updating 0 materials, 0 interfaces, 0 instances, 0 with static permutations.
[2015.11.21-03.45.17:284][181]LogMaterial: 0.000801 seconds spent updating 0 materials, 0 interfaces, 0 instances, 0 with static permutations.
[2015.11.21-03.45.18:962][281]LogMaterial: 0.000893 seconds spent updating 0 materials, 0 interfaces, 0 instances, 0 with static permutations.
[2015.11.21-03.45.20:639][381]LogMaterial: 0.000878 seconds spent updating 0 materials, 0 interfaces, 0 instances, 0 with static permutations.
[2015.11.21-03.45.54:421][565]LogFileHelpers: Editor autosave (incl. sublevels) for '/Game/ThirdPersonBP/Maps/Hub' took 0.024
[2015.11.21-03.45.54:433][565]OBJ SavePackage: Generating thumbnails for [1] asset(s) in package [/Game/ThirdPersonBP/HUD/HealthDeco] ([1] browsable assets)...
[2015.11.21-03.45.54:437][565]OBJ SavePackage:     Rendered thumbnail for [Texture2D /Game/ThirdPersonBP/HUD/HealthDeco.HealthDeco]
[2015.11.21-03.45.54:437][565]OBJ SavePackage: Finished generating thumbnails for package [/Game/ThirdPersonBP/HUD/HealthDeco]
[2015.11.21-03.45.54:437][565]Cmd: OBJ SAVEPACKAGE PACKAGE="/Game/ThirdPersonBP/HUD/HealthDeco" FILE="E:/NightmareGame/TheGame/Saved/Autosaves/Game/ThirdPersonBP/HUD/HealthDeco_Auto2.uasset" SILENT=false AUTOSAVING=true
[2015.11.21-03.45.54:559][565]LogSavePackage: Save=70.736641ms
[2015.11.21-03.45.54:560][565]LogSavePackage: Moving 'E:/NightmareGame/TheGame/Saved/HealthDeco_Auto262B1D4224E7E2C2635E6AE823CDBB43F.tmp' to 'E:/NightmareGame/TheGame/Saved/Autosaves/Game/ThirdPersonBP/HUD/HealthDeco_Auto2.uasset'
[2015.11.21-03.45.54:589][565]LogSavePackage: Total save time: 101.807747ms
[2015.11.21-03.45.54:589][565]LogSavePackage:Warning: Finished SavePackage E:/NightmareGame/TheGame/Saved/Autosaves/Game/ThirdPersonBP/HUD/HealthDeco_Auto2.uasset
[2015.11.21-03.45.54:589][565]LogFileHelpers: Auto-saving content packages took 0.167
[2015.11.21-03.55.06:565][388]LogFactory: FactoryCreateBinary: Texture with ReimportTextureFactory (0 0 E:/HealthDeco1.tga)
[2015.11.21-03.55.06:740][388]LogTexture:Display: Building textures: HealthDeco1 (AutoDXT)
[2015.11.21-03.56.18:920][872]BlueprintLog: New page: Compile CharacterHUD
[2015.11.21-03.56.23:434][872]LogParticles: Destroying 0 GPU particle simulations for FXSystem 0x00000000569459E0
[2015.11.21-03.56.23:453][872]BlueprintEditorCompileResults: Info The execution path doesn't end with a return node.  Cast Failed 
[2015.11.21-03.56.23:453][872]BlueprintEditorCompileResults: Info [4700.58] Compile of CharacterHUD successful! [in 4,532 ms]
[2015.11.21-03.56.45:059][146]BlueprintLog: New page: Compile CharacterHUD
[2015.11.21-03.56.45:216][146]BlueprintEditorCompileResults: Info The execution path doesn't end with a return node.  Cast Failed 
[2015.11.21-03.56.45:216][146]BlueprintEditorCompileResults: Info [4722.34] Compile of CharacterHUD successful! [in 156 ms]
[2015.11.21-03.56.49:642][269]LogBlueprintUserMessages: Early PlayInEditor Detection: Level '/Game/ThirdPersonBP/Maps/Hub.Hub:PersistentLevel' has LevelScriptBlueprint '/Game/ThirdPersonBP/Maps/Hub.Hub:PersistentLevel.Hub' with GeneratedClass '/Game/ThirdPersonBP/Maps/Hub.Hub_C' with ClassGeneratedBy '/Game/ThirdPersonBP/Maps/Hub.Hub:PersistentLevel.Hub'
[2015.11.21-03.56.49:642][269]LogPlayLevel: PlayLevel: No blueprints needed recompiling
[2015.11.21-03.56.49:642][269]PIE: New page: PIE session: Hub (Nov 20, 2015, 5:56:49 PM)
[2015.11.21-03.56.49:642][269]LogPlayLevel: Creating play world package: /Game/ThirdPersonBP/Maps/UEDPIE_0_Hub
[2015.11.21-03.56.49:711][269]LogPlayLevel: PIE: StaticDuplicateObject took: (0.068810s)
[2015.11.21-03.56.49:712][269]LogAIModule: Creating AISystem for world Hub
[2015.11.21-03.56.49:712][269]LogPlayLevel: PIE: World Init took: (0.000873s)
[2015.11.21-03.56.49:712][269]LogPlayLevel: PIE: Created PIE world by copying editor world from /Game/ThirdPersonBP/Maps/Hub.Hub to /Game/ThirdPersonBP/Maps/UEDPIE_0_Hub.Hub (0.069962s)
[2015.11.21-03.56.49:753][269]LogInit: XAudio2 using 'Speakers (Siberia v2 D3H)' : 2 channels at 44.1 kHz using 16 bits per sample (channel mask 0x3)
[2015.11.21-03.56.49:764][269]LogInit: FAudioDevice initialized.
[2015.11.21-03.56.49:816][269]LogWorld: Game class is 'ThirdPersonGameMode_C'
[2015.11.21-03.56.49:998][269]LogWorld:Warning: *** WARNING - PATHS MAY NOT BE VALID ***
[2015.11.21-03.56.49:998][269]LogWorld: Bringing World /Game/ThirdPersonBP/Maps/UEDPIE_0_Hub.Hub up for play (max tick rate 60) at 2015.11.20-22.56.49
[2015.11.21-03.56.49:998][269]LogActor:Warning: GameSession /Game/ThirdPersonBP/Maps/UEDPIE_0_Hub.Hub:PersistentLevel.GameSession_2 has natively added scene component(s), but none of them were set as the actor's RootComponent - picking one arbitrarily
[2015.11.21-03.56.50:000][269]LogActor:Warning: GameNetworkManager /Game/ThirdPersonBP/Maps/UEDPIE_0_Hub.Hub:PersistentLevel.GameNetworkManager_2 has natively added scene component(s), but none of them were set as the actor's RootComponent - picking one arbitrarily
[2015.11.21-03.56.50:002][269]LogWorld: Bringing up level for play took: 0.180854
[2015.11.21-03.56.50:022][269]PIE: Info Play in editor start time for /Game/ThirdPersonBP/Maps/UEDPIE_0_Hub 0.677
[2015.11.21-03.56.50:022][269]LogBlueprintUserMessages: Late PlayInEditor Detection: Level '/Game/ThirdPersonBP/Maps/Hub.Hub:PersistentLevel' has LevelScriptBlueprint '/Game/ThirdPersonBP/Maps/Hub.Hub:PersistentLevel.Hub' with GeneratedClass '/Game/ThirdPersonBP/Maps/Hub.Hub_C' with ClassGeneratedBy '/Game/ThirdPersonBP/Maps/Hub.Hub:PersistentLevel.Hub'
[2015.11.21-03.56.50:655][299]LogScript:Warning: Accessed None 'Physics Handle'
	ThirdPersonCharacter_C /Game/ThirdPersonBP/Maps/UEDPIE_0_Hub.Hub:PersistentLevel.ThirdPersonCharacter_C_2
	Function /Game/ThirdPersonBP/Blueprints/ThirdPersonCharacter.ThirdPersonCharacter_C:ExecuteUbergraph_ThirdPersonCharacter:1445
[2015.11.21-03.56.50:706][299]PIE:Error: Error Accessed None 'Physics Handle' from node Set Target Location and Rotation in graph 'EventGraph' in blueprint ThirdPersonCharacter
[2015.11.21-03.56.50:721][300]LogScript:Warning: Accessed None 'Physics Handle'
	ThirdPersonCharacter_C /Game/ThirdPersonBP/Maps/UEDPIE_0_Hub.Hub:PersistentLevel.ThirdPersonCharacter_C_2
	Function /Game/ThirdPersonBP/Blueprints/ThirdPersonCharacter.ThirdPersonCharacter_C:ExecuteUbergraph_ThirdPersonCharacter:1218
[2015.11.21-03.56.50:721][300]PIE:Error: Error Accessed None 'Physics Handle' from node Release Component in graph 'EventGraph' in blueprint ThirdPersonCharacter
[2015.11.21-03.56.50:721][300]LogScript:Warning: Accessed None 'Physics Object'
	ThirdPersonCharacter_C /Game/ThirdPersonBP/Maps/UEDPIE_0_Hub.Hub:PersistentLevel.ThirdPersonCharacter_C_2
	Function /Game/ThirdPersonBP/Blueprints/ThirdPersonCharacter.ThirdPersonCharacter_C:ExecuteUbergraph_ThirdPersonCharacter:127E
[2015.11.21-03.56.50:721][300]PIE:Error: Error Accessed None 'Physics Object' from node Set Collision Response to Channel in graph 'EventGraph' in blueprint ThirdPersonCharacter
[2015.11.21-03.56.58:680][776]LogBlueprintUserMessages: Early EndPlayMap Detection: Level '/Game/ThirdPersonBP/Maps/Hub.Hub:PersistentLevel' has LevelScriptBlueprint '/Game/ThirdPersonBP/Maps/Hub.Hub:PersistentLevel.Hub' with GeneratedClass '/Game/ThirdPersonBP/Maps/Hub.Hub_C' with ClassGeneratedBy '/Game/ThirdPersonBP/Maps/Hub.Hub:PersistentLevel.Hub'
[2015.11.21-03.56.58:729][776]LogBlueprintUserMessages: Late EndPlayMap Detection: Level '/Game/ThirdPersonBP/Maps/Hub.Hub:PersistentLevel' has LevelScriptBlueprint '/Game/ThirdPersonBP/Maps/Hub.Hub:PersistentLevel.Hub' with GeneratedClass '/Game/ThirdPersonBP/Maps/Hub.Hub_C' with ClassGeneratedBy '/Game/ThirdPersonBP/Maps/Hub.Hub:PersistentLevel.Hub'
[2015.11.21-03.56.58:753][776]LogParticles: Destroying 0 GPU particle simulations for FXSystem 0x000000003F78AE80
[2015.11.21-03.57.28:800][490]LogFileHelpers: Editor autosave (incl. sublevels) for '/Game/ThirdPersonBP/Maps/Hub' took 0.044
[2015.11.21-03.57.28:818][490]OBJ SavePackage: Generating thumbnails for [0] asset(s) in package [/Game/ThirdPersonBP/HUD/CharacterHUD] ([1] browsable assets)...
[2015.11.21-03.57.28:818][490]OBJ SavePackage: Finished generating thumbnails for package [/Game/ThirdPersonBP/HUD/CharacterHUD]
[2015.11.21-03.57.28:818][490]Cmd: OBJ SAVEPACKAGE PACKAGE="/Game/ThirdPersonBP/HUD/CharacterHUD" FILE="E:/NightmareGame/TheGame/Saved/Autosaves/Game/ThirdPersonBP/HUD/CharacterHUD_Auto3.uasset" SILENT=false AUTOSAVING=true
[2015.11.21-03.57.38:453][490]LogSavePackage: Save=5052.464355ms
[2015.11.21-03.57.38:453][490]LogSavePackage: Moving 'E:/NightmareGame/TheGame/Saved/CharacterHUD_Auto36A06067C4760A20BFA9D4884DD3CD649.tmp' to 'E:/NightmareGame/TheGame/Saved/Autosaves/Game/ThirdPersonBP/HUD/CharacterHUD_Auto3.uasset'
[2015.11.21-03.57.40:669][490]LogSavePackage: Total save time: 9615.917102ms
[2015.11.21-03.57.40:669][490]LogSavePackage:Warning: Finished SavePackage E:/NightmareGame/TheGame/Saved/Autosaves/Game/ThirdPersonBP/HUD/CharacterHUD_Auto3.uasset
[2015.11.21-03.57.40:679][490]OBJ SavePackage: Generating thumbnails for [1] asset(s) in package [/Game/ThirdPersonBP/HUD/HealthDeco1] ([1] browsable assets)...
[2015.11.21-03.57.40:682][490]OBJ SavePackage:     Rendered thumbnail for [Texture2D /Game/ThirdPersonBP/HUD/HealthDeco1.HealthDeco1]
[2015.11.21-03.57.40:682][490]OBJ SavePackage: Finished generating thumbnails for package [/Game/ThirdPersonBP/HUD/HealthDeco1]
[2015.11.21-03.57.40:682][490]Cmd: OBJ SAVEPACKAGE PACKAGE="/Game/ThirdPersonBP/HUD/HealthDeco1" FILE="E:/NightmareGame/TheGame/Saved/Autosaves/Game/ThirdPersonBP/HUD/HealthDeco1_Auto3.uasset" SILENT=false AUTOSAVING=true
[2015.11.21-03.57.40:788][490]LogSavePackage: Save=56.123520ms
[2015.11.21-03.57.40:788][490]LogSavePackage: Moving 'E:/NightmareGame/TheGame/Saved/HealthDeco1_Auto375BFE813448FBD05A776B794020DFDC4.tmp' to 'E:/NightmareGame/TheGame/Saved/Autosaves/Game/ThirdPersonBP/HUD/HealthDeco1_Auto3.uasset'
[2015.11.21-03.57.40:809][490]LogSavePackage: Total save time: 79.161711ms
[2015.11.21-03.57.40:809][490]LogSavePackage:Warning: Finished SavePackage E:/NightmareGame/TheGame/Saved/Autosaves/Game/ThirdPersonBP/HUD/HealthDeco1_Auto3.uasset
[2015.11.21-03.57.40:809][490]LogFileHelpers: Auto-saving content packages took 11.999
[2015.11.21-04.01.49:730][997]BlueprintLog: New page: Compile CharacterHUD
[2015.11.21-04.01.54:241][997]BlueprintEditorCompileResults: Info The execution path doesn't end with a return node.  Cast Failed 
[2015.11.21-04.01.54:241][997]BlueprintEditorCompileResults: Info [5031.36] Compile of CharacterHUD successful! [in 4,510 ms]
[2015.11.21-04.02.01:501][290]LogBlueprintUserMessages: Early PlayInEditor Detection: Level '/Game/ThirdPersonBP/Maps/Hub.Hub:PersistentLevel' has LevelScriptBlueprint '/Game/ThirdPersonBP/Maps/Hub.Hub:PersistentLevel.Hub' with GeneratedClass '/Game/ThirdPersonBP/Maps/Hub.Hub_C' with ClassGeneratedBy '/Game/ThirdPersonBP/Maps/Hub.Hub:PersistentLevel.Hub'
[2015.11.21-04.02.01:501][290]LogPlayLevel: PlayLevel: No blueprints needed recompiling
[2015.11.21-04.02.01:502][290]PIE: New page: PIE session: Hub (Nov 20, 2015, 6:02:01 PM)
[2015.11.21-04.02.01:502][290]LogPlayLevel: Creating play world package: /Game/ThirdPersonBP/Maps/UEDPIE_0_Hub
[2015.11.21-04.02.01:572][290]LogPlayLevel: PIE: StaticDuplicateObject took: (0.069867s)
[2015.11.21-04.02.01:572][290]LogAIModule: Creating AISystem for world Hub
[2015.11.21-04.02.01:572][290]LogPlayLevel: PIE: World Init took: (0.000757s)
[2015.11.21-04.02.01:573][290]LogPlayLevel: PIE: Created PIE world by copying editor world from /Game/ThirdPersonBP/Maps/Hub.Hub to /Game/ThirdPersonBP/Maps/UEDPIE_0_Hub.Hub (0.070915s)
[2015.11.21-04.02.01:609][290]LogInit: XAudio2 using 'Speakers (Siberia v2 D3H)' : 2 channels at 44.1 kHz using 16 bits per sample (channel mask 0x3)
[2015.11.21-04.02.01:619][290]LogInit: FAudioDevice initialized.
[2015.11.21-04.02.01:654][290]LogWorld: Game class is 'ThirdPersonGameMode_C'
[2015.11.21-04.02.01:817][290]LogWorld:Warning: *** WARNING - PATHS MAY NOT BE VALID ***
[2015.11.21-04.02.01:817][290]LogWorld: Bringing World /Game/ThirdPersonBP/Maps/UEDPIE_0_Hub.Hub up for play (max tick rate 60) at 2015.11.20-23.02.01
[2015.11.21-04.02.01:817][290]LogActor:Warning: GameSession /Game/ThirdPersonBP/Maps/UEDPIE_0_Hub.Hub:PersistentLevel.GameSession_3 has natively added scene component(s), but none of them were set as the actor's RootComponent - picking one arbitrarily
[2015.11.21-04.02.01:818][290]LogActor:Warning: GameNetworkManager /Game/ThirdPersonBP/Maps/UEDPIE_0_Hub.Hub:PersistentLevel.GameNetworkManager_3 has natively added scene component(s), but none of them were set as the actor's RootComponent - picking one arbitrarily
[2015.11.21-04.02.01:820][290]LogWorld: Bringing up level for play took: 0.155255
[2015.11.21-04.02.01:838][290]PIE: Info Play in editor start time for /Game/ThirdPersonBP/Maps/UEDPIE_0_Hub 0.489
[2015.11.21-04.02.01:838][290]LogBlueprintUserMessages: Late PlayInEditor Detection: Level '/Game/ThirdPersonBP/Maps/Hub.Hub:PersistentLevel' has LevelScriptBlueprint '/Game/ThirdPersonBP/Maps/Hub.Hub:PersistentLevel.Hub' with GeneratedClass '/Game/ThirdPersonBP/Maps/Hub.Hub_C' with ClassGeneratedBy '/Game/ThirdPersonBP/Maps/Hub.Hub:PersistentLevel.Hub'
[2015.11.21-04.02.24:436][640]LogBlueprintUserMessages: Early EndPlayMap Detection: Level '/Game/ThirdPersonBP/Maps/Hub.Hub:PersistentLevel' has LevelScriptBlueprint '/Game/ThirdPersonBP/Maps/Hub.Hub:PersistentLevel.Hub' with GeneratedClass '/Game/ThirdPersonBP/Maps/Hub.Hub_C' with ClassGeneratedBy '/Game/ThirdPersonBP/Maps/Hub.Hub:PersistentLevel.Hub'
[2015.11.21-04.02.24:479][640]LogBlueprintUserMessages: Late EndPlayMap Detection: Level '/Game/ThirdPersonBP/Maps/Hub.Hub:PersistentLevel' has LevelScriptBlueprint '/Game/ThirdPersonBP/Maps/Hub.Hub:PersistentLevel.Hub' with GeneratedClass '/Game/ThirdPersonBP/Maps/Hub.Hub_C' with ClassGeneratedBy '/Game/ThirdPersonBP/Maps/Hub.Hub:PersistentLevel.Hub'
[2015.11.21-04.02.24:504][640]LogParticles: Destroying 0 GPU particle simulations for FXSystem 0x000000006E1A6CA0
[2015.11.21-04.03.13:222][372]BlueprintLog: New page: Compile CharacterHUD
[2015.11.21-04.03.13:371][372]BlueprintEditorCompileResults: Info The execution path doesn't end with a return node.  Cast Failed 
[2015.11.21-04.03.13:371][372]BlueprintEditorCompileResults: Info [5110.49] Compile of CharacterHUD successful! [in 149 ms]
[2015.11.21-04.03.16:798][561]LogBlueprintUserMessages: Early PlayInEditor Detection: Level '/Game/ThirdPersonBP/Maps/Hub.Hub:PersistentLevel' has LevelScriptBlueprint '/Game/ThirdPersonBP/Maps/Hub.Hub:PersistentLevel.Hub' with GeneratedClass '/Game/ThirdPersonBP/Maps/Hub.Hub_C' with ClassGeneratedBy '/Game/ThirdPersonBP/Maps/Hub.Hub:PersistentLevel.Hub'
[2015.11.21-04.03.16:798][561]LogPlayLevel: PlayLevel: No blueprints needed recompiling
[2015.11.21-04.03.16:798][561]PIE: New page: PIE session: Hub (Nov 20, 2015, 6:03:16 PM)
[2015.11.21-04.03.16:798][561]LogPlayLevel: Creating play world package: /Game/ThirdPersonBP/Maps/UEDPIE_0_Hub
[2015.11.21-04.03.16:857][561]LogPlayLevel: PIE: StaticDuplicateObject took: (0.058708s)
[2015.11.21-04.03.16:858][561]LogAIModule: Creating AISystem for world Hub
[2015.11.21-04.03.16:858][561]LogPlayLevel: PIE: World Init took: (0.001118s)
[2015.11.21-04.03.16:858][561]LogPlayLevel: PIE: Created PIE world by copying editor world from /Game/ThirdPersonBP/Maps/Hub.Hub to /Game/ThirdPersonBP/Maps/UEDPIE_0_Hub.Hub (0.060119s)
[2015.11.21-04.03.16:894][561]LogInit: XAudio2 using 'Speakers (Siberia v2 D3H)' : 2 channels at 44.1 kHz using 16 bits per sample (channel mask 0x3)
[2015.11.21-04.03.16:904][561]LogInit: FAudioDevice initialized.
[2015.11.21-04.03.16:940][561]LogWorld: Game class is 'ThirdPersonGameMode_C'
[2015.11.21-04.03.17:097][561]LogWorld:Warning: *** WARNING - PATHS MAY NOT BE VALID ***
[2015.11.21-04.03.17:097][561]LogWorld: Bringing World /Game/ThirdPersonBP/Maps/UEDPIE_0_Hub.Hub up for play (max tick rate 60) at 2015.11.20-23.03.17
[2015.11.21-04.03.17:101][561]LogActor:Warning: GameSession /Game/ThirdPersonBP/Maps/UEDPIE_0_Hub.Hub:PersistentLevel.GameSession_4 has natively added scene component(s), but none of them were set as the actor's RootComponent - picking one arbitrarily
[2015.11.21-04.03.17:106][561]LogActor:Warning: GameNetworkManager /Game/ThirdPersonBP/Maps/UEDPIE_0_Hub.Hub:PersistentLevel.GameNetworkManager_4 has natively added scene component(s), but none of them were set as the actor's RootComponent - picking one arbitrarily
[2015.11.21-04.03.17:108][561]LogWorld: Bringing up level for play took: 0.163721
[2015.11.21-04.03.17:124][561]PIE: Info Play in editor start time for /Game/ThirdPersonBP/Maps/UEDPIE_0_Hub -0.227
[2015.11.21-04.03.17:124][561]LogBlueprintUserMessages: Late PlayInEditor Detection: Level '/Game/ThirdPersonBP/Maps/Hub.Hub:PersistentLevel' has LevelScriptBlueprint '/Game/ThirdPersonBP/Maps/Hub.Hub:PersistentLevel.Hub' with GeneratedClass '/Game/ThirdPersonBP/Maps/Hub.Hub_C' with ClassGeneratedBy '/Game/ThirdPersonBP/Maps/Hub.Hub:PersistentLevel.Hub'
[2015.11.21-04.03.28:550][245]LogBlueprintUserMessages: Early EndPlayMap Detection: Level '/Game/ThirdPersonBP/Maps/Hub.Hub:PersistentLevel' has LevelScriptBlueprint '/Game/ThirdPersonBP/Maps/Hub.Hub:PersistentLevel.Hub' with GeneratedClass '/Game/ThirdPersonBP/Maps/Hub.Hub_C' with ClassGeneratedBy '/Game/ThirdPersonBP/Maps/Hub.Hub:PersistentLevel.Hub'
[2015.11.21-04.03.28:593][245]LogBlueprintUserMessages: Late EndPlayMap Detection: Level '/Game/ThirdPersonBP/Maps/Hub.Hub:PersistentLevel' has LevelScriptBlueprint '/Game/ThirdPersonBP/Maps/Hub.Hub:PersistentLevel.Hub' with GeneratedClass '/Game/ThirdPersonBP/Maps/Hub.Hub_C' with ClassGeneratedBy '/Game/ThirdPersonBP/Maps/Hub.Hub:PersistentLevel.Hub'
[2015.11.21-04.03.28:636][246]LogParticles: Destroying 0 GPU particle simulations for FXSystem 0x0000000070080FE0
[2015.11.21-04.08.18:778][241]LogFileHelpers: Editor autosave (incl. sublevels) for '/Game/ThirdPersonBP/Maps/Hub' took 0.029
[2015.11.21-04.08.18:790][241]OBJ SavePackage: Generating thumbnails for [0] asset(s) in package [/Game/ThirdPersonBP/HUD/CharacterHUD] ([1] browsable assets)...
[2015.11.21-04.08.18:790][241]OBJ SavePackage: Finished generating thumbnails for package [/Game/ThirdPersonBP/HUD/CharacterHUD]
[2015.11.21-04.08.18:790][241]Cmd: OBJ SAVEPACKAGE PACKAGE="/Game/ThirdPersonBP/HUD/CharacterHUD" FILE="E:/NightmareGame/TheGame/Saved/Autosaves/Game/ThirdPersonBP/HUD/CharacterHUD_Auto4.uasset" SILENT=false AUTOSAVING=true
[2015.11.21-04.08.28:843][241]LogSavePackage: Save=5311.225098ms
[2015.11.21-04.08.28:843][241]LogSavePackage: Moving 'E:/NightmareGame/TheGame/Saved/CharacterHUD_Auto4E4B3695E441F99CF738C5F982230CAF8.tmp' to 'E:/NightmareGame/TheGame/Saved/Autosaves/Game/ThirdPersonBP/HUD/CharacterHUD_Auto4.uasset'
[2015.11.21-04.08.31:082][241]LogSavePackage: Total save time: 10025.774706ms
[2015.11.21-04.08.31:082][241]LogSavePackage:Warning: Finished SavePackage E:/NightmareGame/TheGame/Saved/Autosaves/Game/ThirdPersonBP/HUD/CharacterHUD_Auto4.uasset
[2015.11.21-04.08.31:082][241]LogFileHelpers: Auto-saving content packages took 12.302
[2015.11.22-01.38.11:790][266]LogBlueprintUserMessages: Early PlayInEditor Detection: Level '/Game/ThirdPersonBP/Maps/Hub.Hub:PersistentLevel' has LevelScriptBlueprint '/Game/ThirdPersonBP/Maps/Hub.Hub:PersistentLevel.Hub' with GeneratedClass '/Game/ThirdPersonBP/Maps/Hub.Hub_C' with ClassGeneratedBy '/Game/ThirdPersonBP/Maps/Hub.Hub:PersistentLevel.Hub'
[2015.11.22-01.38.12:156][266]LogPlayLevel: PlayLevel: No blueprints needed recompiling
[2015.11.22-01.38.12:320][266]PIE: New page: PIE session: Hub (Nov 21, 2015, 3:38:12 PM)
[2015.11.22-01.38.13:165][266]LogPlayLevel: Creating play world package: /Game/ThirdPersonBP/Maps/UEDPIE_0_Hub
[2015.11.22-01.38.23:105][266]LogPlayLevel: PIE: StaticDuplicateObject took: (9.471748s)
[2015.11.22-01.38.26:768][266]LogAIModule: Creating AISystem for world Hub
[2015.11.22-01.38.27:509][266]LogPlayLevel: PIE: World Init took: (4.346103s)
[2015.11.22-01.38.27:570][266]LogPlayLevel: PIE: Created PIE world by copying editor world from /Game/ThirdPersonBP/Maps/Hub.Hub to /Game/ThirdPersonBP/Maps/UEDPIE_0_Hub.Hub (14.474394s)
[2015.11.22-01.38.29:716][266]LogInit: XAudio2 using 'Speakers (Siberia v2 D3H)' : 2 channels at 44.1 kHz using 16 bits per sample (channel mask 0x3)
[2015.11.22-01.38.29:828][266]LogInit: FAudioDevice initialized.
[2015.11.22-01.38.31:797][266]LogWorld: Game class is 'ThirdPersonGameMode_C'
[2015.11.22-01.38.32:992][266]LogWorld:Warning: *** WARNING - PATHS MAY NOT BE VALID ***
[2015.11.22-01.38.32:992][266]LogWorld: Bringing World /Game/ThirdPersonBP/Maps/UEDPIE_0_Hub.Hub up for play (max tick rate 60) at 2015.11.21-20.38.32
[2015.11.22-01.38.32:992][266]LogActor:Warning: GameSession /Game/ThirdPersonBP/Maps/UEDPIE_0_Hub.Hub:PersistentLevel.GameSession_5 has natively added scene component(s), but none of them were set as the actor's RootComponent - picking one arbitrarily
[2015.11.22-01.38.33:146][266]LogActor:Warning: GameNetworkManager /Game/ThirdPersonBP/Maps/UEDPIE_0_Hub.Hub:PersistentLevel.GameNetworkManager_5 has natively added scene component(s), but none of them were set as the actor's RootComponent - picking one arbitrarily
[2015.11.22-01.38.33:283][266]LogWorld: Bringing up level for play took: 1.037331
[2015.11.22-01.38.38:348][266]PIE: Info Play in editor start time for /Game/ThirdPersonBP/Maps/UEDPIE_0_Hub 27.51
[2015.11.22-01.38.38:679][266]LogBlueprintUserMessages: Late PlayInEditor Detection: Level '/Game/ThirdPersonBP/Maps/Hub.Hub:PersistentLevel' has LevelScriptBlueprint '/Game/ThirdPersonBP/Maps/Hub.Hub:PersistentLevel.Hub' with GeneratedClass '/Game/ThirdPersonBP/Maps/Hub.Hub_C' with ClassGeneratedBy '/Game/ThirdPersonBP/Maps/Hub.Hub:PersistentLevel.Hub'
[2015.11.22-01.39.03:175][479]LogBlueprintUserMessages: Early EndPlayMap Detection: Level '/Game/ThirdPersonBP/Maps/Hub.Hub:PersistentLevel' has LevelScriptBlueprint '/Game/ThirdPersonBP/Maps/Hub.Hub:PersistentLevel.Hub' with GeneratedClass '/Game/ThirdPersonBP/Maps/Hub.Hub_C' with ClassGeneratedBy '/Game/ThirdPersonBP/Maps/Hub.Hub:PersistentLevel.Hub'
[2015.11.22-01.39.04:102][479]LogBlueprintUserMessages: Late EndPlayMap Detection: Level '/Game/ThirdPersonBP/Maps/Hub.Hub:PersistentLevel' has LevelScriptBlueprint '/Game/ThirdPersonBP/Maps/Hub.Hub:PersistentLevel.Hub' with GeneratedClass '/Game/ThirdPersonBP/Maps/Hub.Hub_C' with ClassGeneratedBy '/Game/ThirdPersonBP/Maps/Hub.Hub:PersistentLevel.Hub'
[2015.11.22-01.39.04:482][479]LogParticles: Destroying 0 GPU particle simulations for FXSystem 0x000000007EB951C0
[2015.11.22-22.07.25:330][651]Cmd: OBJ SAVEPACKAGE PACKAGE="/Game/ThirdPersonBP/HUD/CharacterHUD" FILE="E:/NightmareGame/TheGame/Content/ThirdPersonBP/HUD/CharacterHUD.uasset" SILENT=true
[2015.11.22-22.07.39:115][651]LogSavePackage: Save=8248.764648ms
[2015.11.22-22.07.39:115][651]LogSavePackage: Moving 'E:/NightmareGame/TheGame/Saved/CharacterHUDC9CFD4F243EED5195CC9EB8C14C86BB3.tmp' to 'E:/NightmareGame/TheGame/Content/ThirdPersonBP/HUD/CharacterHUD.uasset'
[2015.11.22-22.07.41:723][651]LogSavePackage: Total save time: 13847.285595ms
[2015.11.22-22.07.41:723][651]LogSavePackage:Warning: Finished SavePackage E:/NightmareGame/TheGame/Content/ThirdPersonBP/HUD/CharacterHUD.uasset
[2015.11.22-22.07.42:623][651]Cmd: OBJ SAVEPACKAGE PACKAGE="/Game/ThirdPersonBP/HUD/HealthDeco" FILE="E:/NightmareGame/TheGame/Content/ThirdPersonBP/HUD/HealthDeco.uasset" SILENT=true
[2015.11.22-22.07.43:151][651]LogSavePackage: Save=410.979309ms
[2015.11.22-22.07.43:151][651]LogSavePackage: Moving 'E:/NightmareGame/TheGame/Saved/HealthDeco14CEF85F421A6B444C937D89F5D406AA.tmp' to 'E:/NightmareGame/TheGame/Content/ThirdPersonBP/HUD/HealthDeco.uasset'
[2015.11.22-22.07.43:273][651]LogSavePackage: Total save time: 537.623089ms
[2015.11.22-22.07.43:274][651]LogSavePackage:Warning: Finished SavePackage E:/NightmareGame/TheGame/Content/ThirdPersonBP/HUD/HealthDeco.uasset
[2015.11.22-22.07.49:320][651]Cmd: OBJ SAVEPACKAGE PACKAGE="/Game/ThirdPersonBP/HUD/HealthDeco1" FILE="E:/NightmareGame/TheGame/Content/ThirdPersonBP/HUD/HealthDeco1.uasset" SILENT=true
[2015.11.22-22.07.56:149][651]LogSavePackage: Save=2366.585693ms
[2015.11.22-22.07.56:149][651]LogSavePackage: Moving 'E:/NightmareGame/TheGame/Saved/HealthDeco114C6ACEA4EBFA50F9CDA5595591E2153.tmp' to 'E:/NightmareGame/TheGame/Content/ThirdPersonBP/HUD/HealthDeco1.uasset'
[2015.11.22-22.07.56:254][651]LogSavePackage: Total save time: 2473.304145ms
[2015.11.22-22.07.56:254][651]LogSavePackage:Warning: Finished SavePackage E:/NightmareGame/TheGame/Content/ThirdPersonBP/HUD/HealthDeco1.uasset
[2015.11.22-22.08.31:744][652]Cmd: QUIT_EDITOR
[2015.11.22-22.08.41:424][652]LogExit: Preparing to exit.
[2015.11.22-22.09.46:967][652]LogExit: Editor shut down
[2015.11.22-22.09.47:141][652]LogExit: Transaction tracking system shut down
[2015.11.22-22.09.48:638][652]LogParticles: Destroying 0 GPU particle simulations for FXSystem 0x00000000122B7B00
[2015.11.22-22.09.49:221][652]LogParticles: Destroying 0 GPU particle simulations for FXSystem 0x000000002B138400
[2015.11.22-22.09.49:221][652]LogParticles: Destroying 0 GPU particle simulations for FXSystem 0x000000003D596CA0
[2015.11.22-22.09.49:221][652]LogParticles: Destroying 0 GPU particle simulations for FXSystem 0x000000003D5958A0
[2015.11.22-22.09.49:221][652]LogParticles: Destroying 0 GPU particle simulations for FXSystem 0x000000003D595D00
[2015.11.22-22.09.49:221][652]LogParticles: Destroying 0 GPU particle simulations for FXSystem 0x0000000013E4DC60
[2015.11.22-22.09.49:795][652]LogParticles: Destroying 0 GPU particle simulations for FXSystem 0x00000000569462A0
[2015.11.22-22.09.50:361][652]LogParticles: Destroying 0 GPU particle simulations for FXSystem 0x0000000070083E20
[2015.11.22-22.09.50:708][652]LogParticles: Destroying 0 GPU particle simulations for FXSystem 0x000000004837EC00
[2015.11.22-22.09.51:303][652]LogParticles: Destroying 0 GPU particle simulations for FXSystem 0x000000004837F4C0
[2015.11.22-22.09.51:653][652]LogParticles: Destroying 0 GPU particle simulations for FXSystem 0x000000004980E480
[2015.11.22-22.10.02:902][652]LogExit: Object subsystem successfully closed.
[2015.11.22-22.10.05:414][652]LogD3D11RHI: Shutdown
[2015.11.22-22.10.05:414][652]LogD3D11RHI: CleanupD3DDevice
[2015.11.22-22.10.17:082][652]LogD3D11RHI: ~FD3D11DynamicRHI
[2015.11.22-22.10.23:777][652]LogModuleManager: Shutting down and abandoning module TextureEditor (200)
[2015.11.22-22.10.23:856][652]LogModuleManager: Shutting down and abandoning module SequencerWidgets (199)
[2015.11.22-22.10.23:856][652]LogModuleManager: Shutting down and abandoning module BlueprintGraph (198)
[2015.11.22-22.10.23:856][652]LogModuleManager: Shutting down and abandoning module CrashTracker (197)
[2015.11.22-22.10.23:877][652]LogModuleManager: Shutting down and abandoning module SceneOutliner (196)
[2015.11.22-22.10.23:891][652]LogModuleManager: Shutting down and abandoning module SuperSearch (195)
[2015.11.22-22.10.23:902][652]LogModuleManager: Shutting down and abandoning module WidgetCarousel (194)
[2015.11.22-22.10.23:914][652]LogModuleManager: Shutting down and abandoning module AddContentDialog (193)
[2015.11.22-22.10.24:993][652]LogModuleManager: Shutting down and abandoning module EditorWidgets (192)
[2015.11.22-22.10.24:993][652]LogModuleManager: Shutting down and abandoning module CollectionManager (191)
[2015.11.22-22.10.25:040][652]LogModuleManager: Shutting down and abandoning module StatsViewer (190)
[2015.11.22-22.10.25:065][652]LogModuleManager: Shutting down and abandoning module FoliageEdit (189)
[2015.11.22-22.10.25:066][652]LogModuleManager: Shutting down and abandoning module LandscapeEditor (188)
[2015.11.22-22.10.25:125][652]LogModuleManager: Shutting down and abandoning module ActorPickerMode (187)
[2015.11.22-22.10.25:125][652]LogModuleManager: Shutting down and abandoning module GeometryMode (186)
[2015.11.22-22.10.25:125][652]LogModuleManager: Shutting down and abandoning module TextureAlignMode (185)
[2015.11.22-22.10.25:125][652]LogModuleManager: Shutting down and abandoning module BspMode (184)
[2015.11.22-22.10.27:346][652]LogModuleManager: Shutting down and abandoning module PlacementMode (183)
[2015.11.22-22.10.27:346][652]LogModuleManager: Shutting down and abandoning module AutomationWorker (182)
[2015.11.22-22.10.27:353][652]LogModuleManager: Shutting down and abandoning module CharacterAI (181)
[2015.11.22-22.10.27:371][652]LogModuleManager: Shutting down and abandoning module SmartSnapping (180)
[2015.11.22-22.10.27:371][652]LogModuleManager: Shutting down and abandoning module ViewportSnapping (179)
[2015.11.22-22.10.27:383][652]LogModuleManager: Shutting down and abandoning module LogVisualizer (178)
[2015.11.22-22.10.27:610][652]LogModuleManager: Shutting down and abandoning module GameProjectGeneration (177)
[2015.11.22-22.10.27:734][652]LogModuleManager: Shutting down and abandoning module IntroTutorials (176)
[2015.11.22-22.10.27:843][652]LogModuleManager: Shutting down and abandoning module EditorLiveStreaming (175)
[2015.11.22-22.10.27:856][652]LogModuleManager: Shutting down and abandoning module IOSPlatformEditor (174)
[2015.11.22-22.10.27:875][652]LogModuleManager: Shutting down and abandoning module HTML5PlatformEditor (173)
[2015.11.22-22.10.27:875][652]LogModuleManager: Shutting down and abandoning module AndroidDeviceDetection (172)
[2015.11.22-22.10.28:855][652]LogModuleManager: Shutting down and abandoning module AndroidPlatformEditor (171)
[2015.11.22-22.10.28:864][652]LogModuleManager: Shutting down and abandoning module IOSRuntimeSettings (170)
[2015.11.22-22.10.28:864][652]LogModuleManager: Shutting down and abandoning module AndroidRuntimeSettings (169)
[2015.11.22-22.10.28:865][652]LogModuleManager: Shutting down and abandoning module MergeActors (168)
[2015.11.22-22.10.28:931][652]LogModuleManager: Shutting down and abandoning module SizeMap (167)
[2015.11.22-22.10.28:998][652]LogModuleManager: Shutting down and abandoning module TreeMap (166)
[2015.11.22-22.10.29:126][652]LogModuleManager: Shutting down and abandoning module ReferenceViewer (165)
[2015.11.22-22.10.29:126][652]LogModuleManager: Shutting down and abandoning module LocalizationService (164)
[2015.11.22-22.10.29:229][652]LogModuleManager: Shutting down and abandoning module LocalizationDashboard (163)
[2015.11.22-22.10.29:516][652]LogModuleManager: Shutting down and abandoning module HardwareTargeting (162)
[2015.11.22-22.10.29:516][652]LogModuleManager: Shutting down and abandoning module DeviceProfileEditor (161)
[2015.11.22-22.10.29:615][652]LogModuleManager: Shutting down and abandoning module UndoHistory (160)
[2015.11.22-22.10.29:667][652]LogModuleManager: Shutting down and abandoning module GameplayTagsEditor (159)
[2015.11.22-22.10.29:673][652]LogModuleManager: Shutting down and abandoning module UserFeedback (158)
[2015.11.22-22.10.29:673][652]LogModuleManager: Shutting down and abandoning module XmlParser (157)
[2015.11.22-22.10.29:763][652]LogModuleManager: Shutting down and abandoning module Blutility (156)
[2015.11.22-22.10.29:763][652]LogModuleManager: Shutting down and abandoning module ProjectTargetPlatformEditor (155)
[2015.11.22-22.10.29:845][652]LogModuleManager: Shutting down and abandoning module ProjectSettingsViewer (154)
[2015.11.22-22.10.29:845][652]LogModuleManager: Shutting down and abandoning module InputBindingEditor (153)
[2015.11.22-22.10.29:943][652]LogModuleManager: Shutting down and abandoning module EditorSettingsViewer (152)
[2015.11.22-22.10.29:996][652]LogModuleManager: Shutting down and abandoning module SettingsEditor (151)
[2015.11.22-22.10.30:028][652]LogModuleManager: Shutting down and abandoning module ProjectLauncher (150)
[2015.11.22-22.10.30:124][652]LogModuleManager: Shutting down and abandoning module SessionFrontend (149)
[2015.11.22-22.10.30:206][652]LogModuleManager: Shutting down and abandoning module ProfilerClient (148)
[2015.11.22-22.10.30:258][652]LogModuleManager: Shutting down and abandoning module TargetDeviceServices (147)
[2015.11.22-22.10.30:259][652]LogModuleManager: Shutting down and abandoning module DeviceManager (146)
[2015.11.22-22.10.30:434][652]LogModuleManager: Shutting down and abandoning module AutomationController (145)
[2015.11.22-22.10.30:484][652]LogModuleManager: Shutting down and abandoning module AutomationWindow (144)
[2015.11.22-22.10.30:514][652]LogModuleManager: Shutting down and abandoning module Layers (143)
[2015.11.22-22.10.30:599][652]LogModuleManager: Shutting down and abandoning module ComponentVisualizers (142)
[2015.11.22-22.10.30:599][652]LogModuleManager: Shutting down and abandoning module DetailCustomizations (141)
[2015.11.22-22.10.30:672][652]LogModuleManager: Shutting down and abandoning module PackagesDialog (140)
[2015.11.22-22.10.30:672][652]LogModuleManager: Shutting down and abandoning module Persona (139)
[2015.11.22-22.10.30:825][652]LogModuleManager: Shutting down and abandoning module Kismet (138)
[2015.11.22-22.10.30:878][652]LogModuleManager: Shutting down and abandoning module GraphEditor (137)
[2015.11.22-22.10.30:892][652]LogModuleManager: Shutting down and abandoning module ClassViewer (136)
[2015.11.22-22.10.30:977][652]LogModuleManager: Shutting down and abandoning module Toolbox (135)
[2015.11.22-22.10.30:988][652]LogModuleManager: Shutting down and abandoning module ModuleUI (134)
[2015.11.22-22.10.30:997][652]LogModuleManager: Shutting down and abandoning module MovieSceneTools (133)
[2015.11.22-22.10.31:067][652]LogModuleManager: Shutting down and abandoning module OutputLog (132)
[2015.11.22-22.10.31:068][652]LogModuleManager: Shutting down and abandoning module GammaUI (131)
[2015.11.22-22.10.31:075][652]LogModuleManager: Shutting down and abandoning module Documentation (130)
[2015.11.22-22.10.31:166][652]LogModuleManager: Shutting down and abandoning module GameLiveStreaming (129)
[2015.11.22-22.10.31:177][652]LogModuleManager: Shutting down and abandoning module StreamingPauseRendering (128)
[2015.11.22-22.10.31:270][652]LogModuleManager: Shutting down and abandoning module AnalyticsET (127)
[2015.11.22-22.10.31:270][652]LogModuleManager: Shutting down and abandoning module Analytics (126)
[2015.11.22-22.10.31:271][652]LogModuleManager: Shutting down and abandoning module AITestSuite (125)
[2015.11.22-22.10.31:308][652]LogModuleManager: Shutting down and abandoning module GameplayDebugger (124)
[2015.11.22-22.10.31:322][652]LogModuleManager: Shutting down and abandoning module AIModule (123)
[2015.11.22-22.10.31:323][652]LogModuleManager: Shutting down and abandoning module ProfilerService (122)
[2015.11.22-22.10.31:679][652]LogModuleManager: Shutting down and abandoning module TaskGraph (121)
[2015.11.22-22.10.31:694][652]LogModuleManager: Shutting down and abandoning module SlateRemote (120)
[2015.11.22-22.10.31:704][652]LogModuleManager: Shutting down and abandoning module SteamVRController (119)
[2015.11.22-22.10.31:704][652]LogModuleManager: Shutting down and abandoning module SteamVR (118)
[2015.11.22-22.10.31:704][652]LogModuleManager: Shutting down and abandoning module ProceduralMeshComponent (117)
[2015.11.22-22.10.31:704][652]LogModuleManager: Shutting down and abandoning module OculusRift (116)
[2015.11.22-22.10.31:733][652]LogModuleManager: Shutting down and abandoning module OculusLibrary (115)
[2015.11.22-22.10.31:734][652]LogModuleManager: Shutting down and abandoning module LeapMotionController (114)
[2015.11.22-22.10.32:053][652]LogModuleManager: Shutting down and abandoning module CustomMeshComponent (113)
[2015.11.22-22.10.32:053][652]LogModuleManager: Shutting down and abandoning module CableComponent (112)
[2015.11.22-22.10.32:053][652]LogModuleManager: Shutting down and abandoning module ArchVisCharacter (111)
[2015.11.22-22.10.32:053][652]LogModuleManager: Shutting down and abandoning module MessagingDebugger (110)
[2015.11.22-22.10.32:121][652]LogModuleManager: Shutting down and abandoning module MediaPlayerEditor (109)
[2015.11.22-22.10.32:142][652]LogModuleManager: Shutting down and abandoning module HTML5Networking (108)
[2015.11.22-22.10.32:142][652]LogModuleManager: Shutting down and abandoning module SpeedTreeImporter (107)
[2015.11.22-22.10.32:147][652]LogModuleManager: Shutting down and abandoning module PluginBrowser (106)
[2015.11.22-22.10.32:177][652]LogModuleManager: Shutting down and abandoning module EpicSurvey (105)
[2015.11.22-22.10.32:200][652]LogModuleManager: Shutting down and abandoning module DesktopPlatform (104)
[2015.11.22-22.10.32:227][652]LogModuleManager: Shutting down and abandoning module VisualStudioSourceCodeAccess (103)
[2015.11.22-22.10.32:234][652]LogModuleManager: Shutting down and abandoning module UObjectPlugin (102)
[2015.11.22-22.10.32:234][652]LogModuleManager: Shutting down and abandoning module SubversionSourceControl (101)
[2015.11.22-22.10.32:264][652]LogModuleManager: Shutting down and abandoning module PerforceSourceControl (100)
[2015.11.22-22.10.32:331][652]LogModuleManager: Shutting down and abandoning module SourceControl (99)
[2015.11.22-22.10.32:331][652]LogModuleManager: Shutting down and abandoning module GitSourceControl (98)
[2015.11.22-22.10.32:332][652]LogModuleManager: Shutting down and abandoning module LightPropagationVolumeEditor (97)
[2015.11.22-22.10.32:332][652]LogModuleManager: Shutting down and abandoning module PaperTiledImporter (96)
[2015.11.22-22.10.32:339][652]LogModuleManager: Shutting down and abandoning module PaperSpriteSheetImporter (95)
[2015.11.22-22.10.32:339][652]LogModuleManager: Shutting down and abandoning module MeshPaint (94)
[2015.11.22-22.10.32:348][652]LogModuleManager: Shutting down and abandoning module SlateReflector (93)
[2015.11.22-22.10.32:356][652]LogModuleManager: Shutting down and abandoning module HotReload (92)
[2015.11.22-22.10.32:397][652]LogModuleManager: Shutting down and abandoning module MainFrame (91)
[2015.11.22-22.10.32:407][652]LogModuleManager: Shutting down and abandoning module LevelEditor (90)
[2015.11.22-22.10.32:688][652]LogModuleManager: Shutting down and abandoning module DirectoryWatcher (89)
[2015.11.22-22.10.32:911][652]LogModuleManager: Shutting down and abandoning module AssetRegistry (88)
[2015.11.22-22.10.44:832][652]LogModuleManager: Shutting down and abandoning module ContentBrowser (87)
[2015.11.22-22.10.44:850][652]LogModuleManager: Shutting down and abandoning module Paper2DEditor (86)
[2015.11.22-22.10.44:899][652]LogModuleManager: Shutting down and abandoning module UdpMessaging (85)
[2015.11.22-22.10.44:999][652]LogModuleManager: Shutting down and abandoning module LightPropagationVolumeRuntime (84)
[2015.11.22-22.10.44:999][652]LogModuleManager: Shutting down and abandoning module Paper2D (83)
[2015.11.22-22.10.45:023][652]LogModuleManager: Shutting down and abandoning module WindowsMoviePlayer (82)
[2015.11.22-22.10.45:614][652]LogModuleManager: Shutting down and abandoning module Media (81)
[2015.11.22-22.10.45:637][652]LogModuleManager: Shutting down and abandoning module WmfMedia (80)
[2015.11.22-22.10.45:704][652]LogModuleManager: Shutting down and abandoning module OnlineBlueprintSupport (79)
[2015.11.22-22.10.45:705][652]LogModuleManager: Shutting down and abandoning module GameplayTasksEditor (78)
[2015.11.22-22.10.45:705][652]LogModuleManager: Shutting down and abandoning module PropertyEditor (77)
[2015.11.22-22.10.45:787][652]LogModuleManager: Shutting down and abandoning module BehaviorTreeEditor (76)
[2015.11.22-22.10.45:816][652]LogModuleManager: Shutting down and abandoning module FunctionalTesting (75)
[2015.11.22-22.10.45:831][652]LogModuleManager: Shutting down and abandoning module CollisionAnalyzer (74)
[2015.11.22-22.10.45:861][652]LogModuleManager: Shutting down and abandoning module WorkspaceMenuStructure (73)
[2015.11.22-22.10.45:986][652]LogModuleManager: Shutting down and abandoning module MessageLog (72)
[2015.11.22-22.10.45:986][652]LogModuleManager: Shutting down and abandoning module Sequencer (71)
[2015.11.22-22.10.46:025][652]LogModuleManager: Shutting down and abandoning module AssetTools (70)
[2015.11.22-22.10.46:057][652]LogModuleManager: Shutting down and abandoning module UMGEditor (69)
[2015.11.22-22.10.46:057][652]LogModuleManager: Shutting down and abandoning module UMG (68)
[2015.11.22-22.10.50:424][652]LogModuleManager: Shutting down and abandoning module Slate (67)
[2015.11.22-22.10.50:424][652]LogModuleManager: Shutting down and abandoning module EditorStyle (66)
[2015.11.22-22.10.50:824][652]LogModuleManager: Shutting down and abandoning module SessionServices (65)
[2015.11.22-22.10.50:824][652]LogModuleManager: Shutting down and abandoning module SourceCodeAccess (64)
[2015.11.22-22.10.50:846][652]LogModuleManager: Shutting down and abandoning module HeadMountedDisplay (63)
[2015.11.22-22.10.50:846][652]LogModuleManager: Shutting down and abandoning module XAudio2 (62)
[2015.11.22-22.10.50:846][652]LogModuleManager: Shutting down and abandoning module Networking (60)
[2015.11.22-22.10.50:903][652]LogModuleManager: Shutting down and abandoning module Core (59)
[2015.11.22-22.10.50:903][652]LogModuleManager: Shutting down and abandoning module KismetCompiler (58)
[2015.11.22-22.10.50:949][652]LogModuleManager: Shutting down and abandoning module PhysXFormats (57)
[2015.11.22-22.10.50:998][652]LogModuleManager: Shutting down and abandoning module MeshUtilities (56)
[2015.11.22-22.10.51:065][652]LogModuleManager: Shutting down and abandoning module CookingStats (55)
[2015.11.22-22.10.51:404][652]LogModuleManager: Shutting down and abandoning module DerivedDataCache (54)
[2015.11.22-22.10.51:597][652]LogDerivedDataCache: Shutdown
[2015.11.22-22.10.51:597][652]LogModuleManager: Shutting down and abandoning module ShaderFormatOpenGL (53)
[2015.11.22-22.10.51:629][652]LogModuleManager: Shutting down and abandoning module ShaderFormatD3D (52)
[2015.11.22-22.10.51:696][652]LogModuleManager: Shutting down and abandoning module MetalShaderFormat (51)
[2015.11.22-22.10.51:720][652]LogModuleManager: Shutting down and abandoning module TextureFormatUncompressed (50)
[2015.11.22-22.10.51:721][652]LogModuleManager: Shutting down and abandoning module TextureFormatPVR (49)
[2015.11.22-22.10.51:766][652]LogModuleManager: Shutting down and abandoning module TextureFormatIntelISPCTexComp (48)
[2015.11.22-22.10.51:780][652]LogModuleManager: Shutting down and abandoning module TextureFormatDXT (47)
[2015.11.22-22.10.51:820][652]LogModuleManager: Shutting down and abandoning module ImageWrapper (46)
[2015.11.22-22.10.51:820][652]LogModuleManager: Shutting down and abandoning module TextureFormatASTC (45)
[2015.11.22-22.10.51:820][652]LogModuleManager: Shutting down and abandoning module TextureFormatAndroid (44)
[2015.11.22-22.10.51:820][652]LogModuleManager: Shutting down and abandoning module AudioFormatOpus (43)
[2015.11.22-22.10.51:826][652]LogModuleManager: Shutting down and abandoning module AudioFormatOgg (42)
[2015.11.22-22.10.51:826][652]LogModuleManager: Shutting down and abandoning module AudioFormatADPCM (41)
[2015.11.22-22.10.51:827][652]LogModuleManager: Shutting down and abandoning module LinuxTargetPlatform (40)
[2015.11.22-22.10.51:837][652]LogModuleManager: Shutting down and abandoning module LinuxServerTargetPlatform (39)
[2015.11.22-22.10.51:841][652]LogModuleManager: Shutting down and abandoning module LinuxNoEditorTargetPlatform (38)
[2015.11.22-22.10.51:902][652]LogModuleManager: Shutting down and abandoning module Messaging (37)
[2015.11.22-22.10.51:902][652]LogModuleManager: Shutting down and abandoning module IOSTargetPlatform (36)
[2015.11.22-22.10.51:944][652]LogModuleManager: Shutting down and abandoning module HTML5TargetPlatform (35)
[2015.11.22-22.10.51:979][652]LogModuleManager: Shutting down and abandoning module Android_PVRTCTargetPlatform (34)
[2015.11.22-22.10.51:987][652]LogModuleManager: Shutting down and abandoning module Android_ETC2TargetPlatform (33)
[2015.11.22-22.10.52:051][652]LogModuleManager: Shutting down and abandoning module Android_ETC1TargetPlatform (32)
[2015.11.22-22.10.52:061][652]LogModuleManager: Shutting down and abandoning module Android_DXTTargetPlatform (31)
[2015.11.22-22.10.52:067][652]LogModuleManager: Shutting down and abandoning module Android_ATCTargetPlatform (30)
[2015.11.22-22.10.52:116][652]LogModuleManager: Shutting down and abandoning module Android_ASTCTargetPlatform (29)
[2015.11.22-22.10.52:123][652]LogModuleManager: Shutting down and abandoning module AndroidTargetPlatform (28)
[2015.11.22-22.10.52:134][652]LogModuleManager: Shutting down and abandoning module WindowsTargetPlatform (27)
[2015.11.22-22.10.52:165][652]LogModuleManager: Shutting down and abandoning module WindowsServerTargetPlatform (26)
[2015.11.22-22.10.52:217][652]LogModuleManager: Shutting down and abandoning module WindowsNoEditorTargetPlatform (25)
[2015.11.22-22.10.52:221][652]LogModuleManager: Shutting down and abandoning module WindowsClientTargetPlatform (24)
[2015.11.22-22.10.52:229][652]LogModuleManager: Shutting down and abandoning module AllDesktopTargetPlatform (23)
[2015.11.22-22.10.52:234][652]LogModuleManager: Shutting down and abandoning module TargetPlatform (22)
[2015.11.22-22.10.52:263][652]LogModuleManager: Shutting down and abandoning module InputCore (21)
[2015.11.22-22.10.52:273][652]LogModuleManager: Shutting down and abandoning module Settings (20)
[2015.11.22-22.10.52:274][652]LogModuleManager: Shutting down and abandoning module OnlineSubsystem (18)
[2015.11.22-22.10.52:274][652]LogModuleManager: Shutting down and abandoning module HTTP (17)
[2015.11.22-22.10.54:370][652]LogModuleManager: Shutting down and abandoning module XMPP (16)
[2015.11.22-22.10.54:413][652]LogModuleManager: Shutting down and abandoning module ExampleDeviceProfileSelector (15)
[2015.11.22-22.10.54:413][652]LogModuleManager: Shutting down and abandoning module TextureCompressor (14)
[2015.11.22-22.10.54:432][652]LogModuleManager: Shutting down and abandoning module ShaderCore (13)
[2015.11.22-22.10.54:432][652]LogModuleManager: Shutting down and abandoning module Landscape (12)
[2015.11.22-22.10.54:442][652]LogModuleManager: Shutting down and abandoning module SlateRHIRenderer (11)
[2015.11.22-22.10.56:013][652]LogModuleManager: Shutting down and abandoning module OpenGLDrv (10)
[2015.11.22-22.10.56:023][652]LogModuleManager: Shutting down and abandoning module D3D11RHI (9)
[2015.11.22-22.10.56:023][652]LogModuleManager: Shutting down and abandoning module AnimGraphRuntime (8)
[2015.11.22-22.10.56:023][652]LogModuleManager: Shutting down and abandoning module Renderer (7)
[2015.11.22-22.10.56:023][652]LogModuleManager: Shutting down and abandoning module Engine (6)
[2015.11.22-22.10.56:032][652]LogModuleManager: Shutting down and abandoning module CoreUObject (5)
[2015.11.22-22.10.56:032][652]LogModuleManager: Shutting down and abandoning module NetworkFile (4)
[2015.11.22-22.10.56:069][652]LogModuleManager: Shutting down and abandoning module StreamingFile (3)
[2015.11.22-22.10.56:077][652]LogModuleManager: Shutting down and abandoning module SandboxFile (2)
[2015.11.22-22.10.56:090][652]LogModuleManager: Shutting down and abandoning module PakFile (1)
[2015.11.22-22.10.56:261][652]LogExit: Exiting.
[2015.11.22-22.10.56:986][652]Log file closed, 11/22/15 17:10:56
