[2015.11.24-00.14.22:040][  0]Log file open, 11/23/15 19:14:22
[2015.11.24-00.14.22:040][  0]LogInit:Display: Running engine for game: NightmareGame
[2015.11.24-00.14.22:040][  0]LogInit:Display: RandInit(-1175236192) SRandInit(-1175236192).
[2015.11.24-00.14.22:040][  0]LogTaskGraph: Started task graph with 4 named threads and 7 total threads.
[2015.11.24-00.14.22:040][  0]LogStats: Stats thread started at 0.444841
[2015.11.24-00.14.22:040][  0]LogInit: Version: 4.9.2-2707645+++depot+UE4-Releases+4.9
[2015.11.24-00.14.22:040][  0]LogInit: API Version: 2672455
[2015.11.24-00.14.22:040][  0]LogInit: Compiled (64-bit): Sep 28 2015 10:25:44
[2015.11.24-00.14.22:040][  0]LogInit: Compiled with Visual C++: 18.00.21005.01
[2015.11.24-00.14.22:040][  0]LogInit: Build Configuration: Development
[2015.11.24-00.14.22:040][  0]LogInit: Branch Name: ++depot+UE4-Releases+4.9
[2015.11.24-00.14.22:040][  0]LogInit: Command line:  
[2015.11.24-00.14.22:040][  0]LogInit: Base directory: C:/Program Files/Epic Games/4.9/Engine/Binaries/Win64/
[2015.11.24-00.14.22:040][  0]LogInit: Rocket: 1
[2015.11.24-00.14.22:073][  0]LogInit: Using libcurl 7.41.0
[2015.11.24-00.14.22:073][  0]LogInit:  - built for x86_64-pc-win32
[2015.11.24-00.14.22:073][  0]LogInit:  - supports SSL with WinSSL
[2015.11.24-00.14.22:073][  0]LogInit:  - other features:
[2015.11.24-00.14.22:073][  0]LogInit:      CURL_VERSION_SSL
[2015.11.24-00.14.22:073][  0]LogInit:      CURL_VERSION_IPV6
[2015.11.24-00.14.22:073][  0]LogInit:      CURL_VERSION_ASYNCHDNS
[2015.11.24-00.14.22:073][  0]LogInit:      CURL_VERSION_LARGEFILE
[2015.11.24-00.14.22:073][  0]LogInit:      CURL_VERSION_IDN
[2015.11.24-00.14.22:074][  0]LogInit:  CurlRequestOptions (configurable via config and command line):
[2015.11.24-00.14.22:074][  0]LogInit:  - bVerifyPeer = true  - Libcurl will verify peer certificate
[2015.11.24-00.14.22:074][  0]LogInit:  - bUseHttpProxy = false  - Libcurl will NOT use HTTP proxy
[2015.11.24-00.14.22:074][  0]LogInit:  - bDontReuseConnections = false  - Libcurl will reuse connections
[2015.11.24-00.14.22:074][  0]LogInit:  - CertBundlePath = nullptr  - Libcurl will use whatever was configured at build time.
[2015.11.24-00.14.22:187][  0]LogInit: Presizing for 0 objects not considered by GC, pre-allocating 0 bytes.
[2015.11.24-00.14.22:214][  0]LogInit: Object subsystem initialized
[2015.11.24-00.14.22:248][  0]LogInit: Selected Device Profile: [Windows]
[2015.11.24-00.14.22:248][  0]LogInit: Applying CVar settings loaded from the selected device profile: [Windows]
[2015.11.24-00.14.22:283][  0]LogInit: Computer: NICKSCOMPUTER
[2015.11.24-00.14.22:283][  0]LogInit: User: ntanc000
[2015.11.24-00.14.22:283][  0]LogInit: CPU Page size=4096, Cores=4
[2015.11.24-00.14.22:283][  0]LogInit: High frequency timer resolution =2.537590 MHz
[2015.11.24-00.14.22:284][  0]LogMemory: Memory total: Physical=15.9GB (16GB approx)
[2015.11.24-00.14.22:284][  0]LogMemory: Platform Memory Stats for Windows
[2015.11.24-00.14.22:284][  0]LogMemory: Process Physical Memory: 52.93 MB used, 52.93 MB peak
[2015.11.24-00.14.22:284][  0]LogMemory: Process Virtual Memory: 55.03 MB used, 55.03 MB peak
[2015.11.24-00.14.22:284][  0]LogMemory: Physical Memory: 4469.32 MB used, 16269.45 MB total
[2015.11.24-00.14.22:284][  0]LogMemory: Virtual Memory: 360.18 MB used, 134217728.00 MB total
[2015.11.24-00.14.22:580][  0]LogTextLocalizationManager: No specific translations for ('en-US') exist, so ('en') translations will be used.
[2015.11.24-00.14.23:424][  0]LogD3D11RHI: Found D3D11 adapter 0: NVIDIA GeForce GTX 980M (Feature Level 11_0)
[2015.11.24-00.14.23:424][  0]LogD3D11RHI: Adapter has 3981MB of dedicated video memory, 0MB of dedicated system memory, and 8134MB of shared system memory, 2 output[s]
[2015.11.24-00.14.23:436][  0]LogD3D11RHI: Found D3D11 adapter 1: Intel(R) HD Graphics 4600 (Feature Level 11_0)
[2015.11.24-00.14.23:436][  0]LogD3D11RHI: Adapter has 32MB of dedicated video memory, 0MB of dedicated system memory, and 1760MB of shared system memory, 0 output[s]
[2015.11.24-00.14.23:437][  0]LogD3D11RHI: Found D3D11 adapter 2: Microsoft Basic Render Driver (Feature Level 11_0)
[2015.11.24-00.14.23:437][  0]LogD3D11RHI: Adapter has 0MB of dedicated video memory, 0MB of dedicated system memory, and 256MB of shared system memory, 0 output[s]
[2015.11.24-00.14.23:437][  0]LogD3D11RHI: Chosen D3D11 Adapter Id = 0
[2015.11.24-00.14.23:443][  0]LogD3D11RHI: !Direct3DDevice
[2015.11.24-00.14.23:443][  0]LogRHI: Texture pool is 1361 MB (70% of 1945 MB)
[2015.11.24-00.14.23:458][  0]LogD3D11RHI: Async texture creation enabled
[2015.11.24-00.14.23:494][  0]LogShaderCompilers: Guid format shader working directory is 15 characters bigger than the processId version (../../../../../../Users/ntanc_000/Desktop/NightmareGame/TheGame/Intermediate/Shaders/WorkingDirectory/8272/).
[2015.11.24-00.14.23:495][  0]LogShaderCompilers: Cleaned the shader compiler working directory '../../../../../../Users/ntanc_000/Desktop/NightmareGame/TheGame/Intermediate/Shaders/tmp/E116468E445A4BCCD7EF11A9F984B1BB/'.
[2015.11.24-00.14.23:495][  0]LogShaderCompilers:Display: Using Local Shader Compiler.
[2015.11.24-00.14.26:174][  0]LogTemp:Display: Loaded TP AllDesktopTargetPlatform
[2015.11.24-00.14.26:181][  0]LogTemp:Display: Loaded TP WindowsClientTargetPlatform
[2015.11.24-00.14.26:187][  0]LogTemp:Display: Loaded TP WindowsNoEditorTargetPlatform
[2015.11.24-00.14.26:193][  0]LogTemp:Display: Loaded TP WindowsServerTargetPlatform
[2015.11.24-00.14.26:199][  0]LogTemp:Display: Loaded TP WindowsTargetPlatform
[2015.11.24-00.14.26:206][  0]LogTemp:Display: Loaded TP AndroidTargetPlatform
[2015.11.24-00.14.26:210][  0]LogTemp:Display: Loaded TP Android_ASTCTargetPlatform
[2015.11.24-00.14.26:214][  0]LogTemp:Display: Loaded TP Android_ATCTargetPlatform
[2015.11.24-00.14.26:218][  0]LogTemp:Display: Loaded TP Android_DXTTargetPlatform
[2015.11.24-00.14.26:222][  0]LogTemp:Display: Loaded TP Android_ETC1TargetPlatform
[2015.11.24-00.14.26:227][  0]LogTemp:Display: Loaded TP Android_ETC2TargetPlatform
[2015.11.24-00.14.26:231][  0]LogTemp:Display: Loaded TP Android_PVRTCTargetPlatform
[2015.11.24-00.14.26:233][  0]LogTemp:Display: Loaded TP HTML5TargetPlatform
[2015.11.24-00.14.26:304][  0]LogTemp:Display: Loaded TP IOSTargetPlatform
[2015.11.24-00.14.26:309][  0]LogTemp:Display: Loaded TP LinuxNoEditorTargetPlatform
[2015.11.24-00.14.26:313][  0]LogTemp:Display: Loaded TP LinuxServerTargetPlatform
[2015.11.24-00.14.26:321][  0]LogTemp:Display: Loaded TP LinuxTargetPlatform
[2015.11.24-00.14.26:321][  0]LogTargetPlatformManager:Display: Building Assets For Windows
[2015.11.24-00.14.26:750][  0]LogDerivedDataCache:Display: Max Cache Size: 512 MB
[2015.11.24-00.14.26:934][  0]LogDerivedDataCache: Loaded boot cache 0.18s 41MB C:/Users/ntanc_000/AppData/Local/UnrealEngine/4.9/DerivedDataCache/Boot.ddc.
[2015.11.24-00.14.26:934][  0]LogDerivedDataCache:Display: Loaded Boot cache: C:/Users/ntanc_000/AppData/Local/UnrealEngine/4.9/DerivedDataCache/Boot.ddc
[2015.11.24-00.14.26:934][  0]LogDerivedDataCache: FDerivedDataBackendGraph:  Pak pak cache file ../../../../../../Users/ntanc_000/Desktop/NightmareGame/TheGame/DerivedDataCache/DDC.ddp not found, will not use a pak cache.
[2015.11.24-00.14.26:934][  0]LogDerivedDataCache: Unable to find inner node Pak for hierarchical cache Hierarchy.
[2015.11.24-00.14.26:934][  0]LogDerivedDataCache: FDerivedDataBackendGraph:  CompressedPak pak cache file ../../../../../../Users/ntanc_000/Desktop/NightmareGame/TheGame/DerivedDataCache/Compressed.ddp not found, will not use a pak cache.
[2015.11.24-00.14.26:934][  0]LogDerivedDataCache: Unable to find inner node CompressedPak for hierarchical cache Hierarchy.
[2015.11.24-00.14.27:074][  0]LogDerivedDataCache:Display: Pak cache opened for reading ../../../Engine/DerivedDataCache/Compressed.ddp.
[2015.11.24-00.14.27:090][  0]LogDerivedDataCache: Using Local data cache path C:/Users/ntanc_000/AppData/Local/UnrealEngine/Common/DerivedDataCache: Writable
[2015.11.24-00.14.30:914][  0]LogInit: Selected Device Profile: [Windows]
[2015.11.24-00.14.30:938][  0]LogContentStreaming: Texture pool size is 0.000000MB
[2015.11.24-00.14.31:251][  0]LogMeshUtilities: No automatic mesh reduction module available
[2015.11.24-00.14.31:251][  0]LogMeshUtilities: No automatic mesh merging module available
[2015.11.24-00.14.32:066][  0]LogInit: WinSock: version 1.1 (2.2), MaxSocks=32767, MaxUdp=65467
[2015.11.24-00.14.35:162][  0]UdpMessaging: Initializing bridge on interface 0.0.0.0:0 to multicast group 230.0.0.1:6666.
[2015.11.24-00.14.35:330][  0]LogAssetRegistry: FAssetRegistry took 0.0112 seconds to start up
[2015.11.24-00.14.35:667][  0]SourceControl: Info Source control is disabled
[2015.11.24-00.14.36:033][  0]LogLinker:Warning: Asset '../../../Engine/Plugins/Runtime/LeapMotionController/Content/LM_PassthroughMaterial.uasset' has been saved with empty engine version. The asset will be loaded but may be incompatible.
[2015.11.24-00.14.36:198][  0]LogObj: 28361 objects as part of root set at end of initial load.
[2015.11.24-00.14.36:198][  0]LogUObjectAllocator: 6038872 out of 0 bytes used by permanent object pool.
[2015.11.24-00.14.36:336][  0]LogEngine: Initializing Engine...
[2015.11.24-00.14.36:339][  0]LogHMD: Can't find Oculus library dev build: is proper Runtime installed? Version: 0.7.0.0
[2015.11.24-00.14.36:351][  0]LogHMD: SteamVR failed to initialize.  Err: 110
[2015.11.24-00.14.36:614][  0]LogAIModule: Creating AISystem for world NewWorld
[2015.11.24-00.14.36:679][  0]LogInit: XAudio2 using 'Speakers (Sound Blaster Recon3Di)' : 2 channels at 48 kHz using 32 bits per sample (channel mask 0x3)
[2015.11.24-00.14.36:891][  0]LogInit: FAudioDevice initialized.
[2015.11.24-00.14.36:915][  0]LogDerivedDataCache: Saved boot cache 0.02s 41MB C:/Users/ntanc_000/AppData/Local/UnrealEngine/4.9/DerivedDataCache/Boot.ddc.
[2015.11.24-00.14.36:919][  0]LogInit: Texture streaming: Enabled
[2015.11.24-00.14.36:968][  0]LogAnalytics: Creating configured Analytics provider AnalyticsET
[2015.11.24-00.14.36:968][  0]LogAnalytics: [UEEditor.Rocket.Release] APIServer = http://et2.epicgames.com/ET2/. AppVersion = 4.9.2-2707645+++depot+UE4-Releases+4.9
[2015.11.24-00.14.36:969][  0]LogAnalytics: [UEEditor.Rocket.Release] SetUserId 2c211ad74a9e5469c13dfaa1059b2d42|1bd0216fcaf5458183f89cc914276325|d020360b-9246-478a-84ac-08a9775e7849
[2015.11.24-00.14.36:969][  0]LogAnalytics: [UEEditor.Rocket.Release] AnalyticsET::StartSession
[2015.11.24-00.14.37:068][  0]LogInit: Transaction tracking system initialized
[2015.11.24-00.14.37:124][  0]BlueprintLog: New page: Editor Load
[2015.11.24-00.14.37:299][  0]LocalizationService: Info Localization service is disabled
[2015.11.24-00.14.37:438][  0]LogConsoleResponse:Display: 
[2015.11.24-00.14.37:657][  0]LogCook:Display: Done creating registry. It took  0.00s.
[2015.11.24-00.14.37:788][  0]LogFileCache: Scanning file cache for directory 'C:/Users/ntanc_000/Desktop/NightmareGame/TheGame/Content/' took 0.03s
[2015.11.24-00.14.37:788][  0]Cmd: MAP LOAD FILE="../../../../../../Users/ntanc_000/Desktop/NightmareGame/TheGame/Content/ThirdPersonBP/Maps/Hub.umap" TEMPLATE=0 SHOWPROGRESS=1 FEATURELEVEL=3
[2015.11.24-00.14.37:792][  0]LightingResults: New page: Lighting Build
[2015.11.24-00.14.37:803][  0]MapCheck: New page: Map Check
[2015.11.24-00.14.37:803][  0]LightingResults: New page: Lighting Build
[2015.11.24-00.14.37:835][  0]LogParticles: Destroying 0 GPU particle simulations for FXSystem 0x0000007A48567CE0
[2015.11.24-00.14.38:118][  0]LogLinker:Warning: Asset '../../../../../../Users/ntanc_000/Desktop/NightmareGame/TheGame/Content/Mannequin/Animations/ThirdPerson_AnimBP.uasset' has been saved with empty engine version. The asset will be loaded but may be incompatible.
[2015.11.24-00.14.38:124][  0]LogLinker:Warning: Asset '../../../../../../Users/ntanc_000/Desktop/NightmareGame/TheGame/Content/Mannequin/Animations/ThirdPerson_Jump.uasset' has been saved with empty engine version. The asset will be loaded but may be incompatible.
[2015.11.24-00.14.38:132][  0]LogLinker:Warning: Asset '../../../../../../Users/ntanc_000/Desktop/NightmareGame/TheGame/Content/Mannequin/Animations/ThirdPersonJump_Loop.uasset' has been saved with empty engine version. The asset will be loaded but may be incompatible.
[2015.11.24-00.14.38:136][  0]LogLinker:Warning: Asset '../../../../../../Users/ntanc_000/Desktop/NightmareGame/TheGame/Content/Mannequin/Animations/ThirdPersonJump_Start.uasset' has been saved with empty engine version. The asset will be loaded but may be incompatible.
[2015.11.24-00.14.38:141][  0]LogLinker:Warning: Asset '../../../../../../Users/ntanc_000/Desktop/NightmareGame/TheGame/Content/Mannequin/Animations/ThirdPerson_IdleRun_2D.uasset' has been saved with empty engine version. The asset will be loaded but may be incompatible.
[2015.11.24-00.14.38:145][  0]LogLinker:Warning: Asset '../../../../../../Users/ntanc_000/Desktop/NightmareGame/TheGame/Content/Mannequin/Animations/ThirdPersonIdle.uasset' has been saved with empty engine version. The asset will be loaded but may be incompatible.
[2015.11.24-00.14.38:150][  0]LogLinker:Warning: Asset '../../../../../../Users/ntanc_000/Desktop/NightmareGame/TheGame/Content/Mannequin/Animations/ThirdPersonRun.uasset' has been saved with empty engine version. The asset will be loaded but may be incompatible.
[2015.11.24-00.14.38:156][  0]LogLinker:Warning: Asset '../../../../../../Users/ntanc_000/Desktop/NightmareGame/TheGame/Content/Mannequin/Animations/ThirdPersonWalk.uasset' has been saved with empty engine version. The asset will be loaded but may be incompatible.
[2015.11.24-00.14.40:375][  0]LogAIModule: Creating AISystem for world Hub
[2015.11.24-00.14.40:445][  0]LogEditorServer: Finished looking for orphan Actors (0.001 secs)
[2015.11.24-00.14.40:453][  0]Cmd: MAP CHECKDEP NOCLEARLOG
[2015.11.24-00.14.40:628][  0]MapCheck: Info Map check complete: 0 Error(s), 0 Warning(s), took 172.286ms to complete.
[2015.11.24-00.14.40:628][  0]LogFileHelpers: Loading map 'Hub' took 2.841
[2015.11.24-00.14.40:866][  0]LogCollectionManager: Loaded 0 collections in 0.003036 seconds
[2015.11.24-00.14.40:913][  0]LogFileCache: Scanning file cache for directory 'C:/Users/ntanc_000/Desktop/NightmareGame/TheGame/Saved/Collections/' took 0.01s
[2015.11.24-00.14.40:913][  0]LogFileCache: Scanning file cache for directory 'C:/Users/ntanc_000/Desktop/NightmareGame/TheGame/Content/Developers/ntanc000/Collections/' took 0.01s
[2015.11.24-00.14.40:913][  0]LogFileCache: Scanning file cache for directory 'C:/Users/ntanc_000/Desktop/NightmareGame/TheGame/Content/Collections/' took 0.01s
[2015.11.24-00.14.40:913][  0]LogContentBrowser: Native class hierarchy populated in 0.0106 seconds. Added 1867 classes and 333 folders.
[2015.11.24-00.14.40:929][  0]LogCollectionManager: Rebuilt the GUID cache for 0 collections in 0.000007 seconds
[2015.11.24-00.14.40:939][  0]LogContentBrowser: Native class hierarchy updated for 'WidgetCarousel' in 0.0004 seconds. Added 0 classes and 0 folders.
[2015.11.24-00.14.41:313][  0]LogContentBrowser: Native class hierarchy updated for 'AddContentDialog' in 0.0006 seconds. Added 0 classes and 0 folders.
[2015.11.24-00.14.41:320][  0]LogContentBrowser: Native class hierarchy updated for 'SceneOutliner' in 0.0005 seconds. Added 1 classes and 2 folders.
[2015.11.24-00.14.41:493][  0]LogCrashTracker: Crashtracker disabled due to settings.
[2015.11.24-00.14.41:508][  0]LogUObjectGlobals:Warning: Failed to find object 'Class None.'
[2015.11.24-00.14.41:535][  0]LogLoad: Full Startup: 21.27 seconds (BP compile: 0.54 seconds)
[2015.11.24-00.14.43:339][  0]LogContentStreaming: Texture pool size now 1000 MB
[2015.11.24-00.14.43:503][  0]LogRenderer: Reallocating scene render targets to support 912x484 (Frame:2).
[2015.11.24-00.14.47:366][ 12]LogAssetRegistry: Asset discovery search completed in 12.0462 seconds
[2015.11.24-00.14.47:366][ 12]LogCollectionManager: Rebuilt the object cache for 0 collections in 0.000001 seconds (found 0 objects)
[2015.11.24-00.14.47:366][ 12]LogCollectionManager: Fixed up redirectors for 0 collections in 0.000083 seconds (updated 0 objects)
[2015.11.24-00.14.53:762][100]LogRenderer: Reallocating scene render targets to support 1528x872 (Frame:13).
[2015.11.24-00.15.15:451][322]LogStaticMesh: Building static mesh Tightrope...
[2015.11.24-00.15.15:525][322]LogStaticMesh: Built static mesh [0.075547.2s] /Game/StarterContent/Props/Tightrope.Tightrope
[2015.11.24-00.15.15:534][322]LogMaterial: Missing cached shader map for material Yellow, compiling. 
[2015.11.24-00.15.15:580][322]LogMaterial: Missing cached shader map for material White, compiling. 
[2015.11.24-00.15.15:589][322]LogMaterial: Missing cached shader map for material Red, compiling. 
[2015.11.24-00.15.15:599][322]LogStaticMesh: Building static mesh Circus_Platform_01...
[2015.11.24-00.15.15:611][322]LogStaticMesh: Built static mesh [0.011963.2s] /Game/StarterContent/Props/Circus_Platform_01.Circus_Platform_01
[2015.11.24-00.15.15:627][322]LogStaticMesh: Building static mesh Cage...
[2015.11.24-00.15.16:021][322]LogStaticMesh: Built static mesh [0.395308.2s] /Game/StarterContent/Props/Cage.Cage
[2015.11.24-00.15.16:299][322]LogAIModule: Creating AISystem for world Circus
[2015.11.24-00.15.16:300][322]LogParticles:Warning: InitializeSystem called on an unregistered component. Template=/Game/ThirdPersonBP/Blueprints/ParticleSystems/P_PortalHUB.P_PortalHUB Component=/Game/ThirdPersonBP/Maps/Circus.Circus:PersistentLevel.BackToHub_4173.P_Portal
[2015.11.24-00.15.16:304][322]LogParticles:Warning: InitializeSystem called on an unregistered component. Template=/Game/ThirdPersonBP/Blueprints/ParticleSystems/P_PortalHUB.P_PortalHUB Component=/Game/ThirdPersonBP/Maps/Circus.Circus:PersistentLevel.BackToHub_4173.P_Portal
[2015.11.24-00.15.16:305][322]LogParticles:Warning: InitializeSystem called on an unregistered component. Template=/Game/ThirdPersonBP/Blueprints/ParticleSystems/P_PortalHUB.P_PortalHUB Component=/Game/ThirdPersonBP/Maps/Circus.Circus:PersistentLevel.BackToHub_4173.P_Portal
[2015.11.24-00.15.16:395][322]Cmd: MAP LOAD FILE="../../../../../../Users/ntanc_000/Desktop/NightmareGame/TheGame/Content/ThirdPersonBP/Maps/Circus.umap" TEMPLATE=0 SHOWPROGRESS=1 FEATURELEVEL=3
[2015.11.24-00.15.16:395][322]LightingResults: New page: Lighting Build
[2015.11.24-00.15.16:429][322]LoadErrors: New page: Loading map: Circus.umap
[2015.11.24-00.15.16:433][322]MapCheck: New page: Map Check
[2015.11.24-00.15.16:433][322]LightingResults: New page: Lighting Build
[2015.11.24-00.15.16:457][322]LogParticles: Destroying 0 GPU particle simulations for FXSystem 0x0000007A4F1CE520
[2015.11.24-00.15.16:616][322]LogEditorServer: Finished looking for orphan Actors (0.000 secs)
[2015.11.24-00.15.16:733][322]Cmd: MAP CHECKDEP NOCLEARLOG
[2015.11.24-00.15.16:925][322]MapCheck: Info Map check complete: 0 Error(s), 0 Warning(s), took 192.191ms to complete.
[2015.11.24-00.15.16:928][322]LogFileHelpers: Loading map 'Circus' took 0.535
[2015.11.24-00.15.48:325][178]LogEditorViewport: Clicking on Actor (LMB): StaticMeshActor (Circus_Platform)
[2015.11.24-00.15.50:324][287]LogEditorViewport: Clicking on Actor (LMB): StaticMeshActor (Cube4)
[2015.11.24-00.15.51:532][355]LogEditorViewport: Clicking on Actor (LMB): StaticMeshActor (Cube2)
[2015.11.24-00.15.52:226][391]LogEditorViewport: Clicking on Actor (LMB): StaticMeshActor (Cube)
[2015.11.24-00.16.05:139][100]LogMaterial:Warning: Material /Game/StarterContent/Props/Red.Red needed to have new flag set bUsedWithStaticLighting !
[2015.11.24-00.16.05:158][100]LogMaterial: Missing cached shader map for material Red, compiling. 
[2015.11.24-00.16.05:181][100]LogMaterial: 0.000143 seconds spent updating 1 materials, 1 interfaces, 0 instances, 0 with static permutations.
[2015.11.24-00.16.11:858][459]LogMaterial:Warning: Material /Game/StarterContent/Props/Yellow.Yellow needed to have new flag set bUsedWithStaticLighting !
[2015.11.24-00.16.11:878][459]LogMaterial: Missing cached shader map for material Yellow, compiling. 
[2015.11.24-00.16.11:890][459]LogMaterial: 0.000173 seconds spent updating 1 materials, 1 interfaces, 0 instances, 0 with static permutations.
[2015.11.24-00.16.16:051][656]LogMaterial: Missing cached shader map for material phong1, compiling. 
[2015.11.24-00.16.17:279][716]LogMaterial:Warning: Material /Game/StarterContent/Props/phong1.phong1 needed to have new flag set bUsedWithStaticLighting !
[2015.11.24-00.16.17:310][716]LogMaterial: Missing cached shader map for material phong1, compiling. 
[2015.11.24-00.16.17:324][716]LogMaterial: 0.000084 seconds spent updating 1 materials, 1 interfaces, 0 instances, 0 with static permutations.
[2015.11.24-00.16.18:289][767]LogEditorViewport: Clicking on Actor (LMB): StaticMeshActor (Circus_Platform)
[2015.11.24-00.16.21:175][918]LogMaterial:Warning: Material /Game/StarterContent/Props/White.White needed to have new flag set bUsedWithStaticLighting !
[2015.11.24-00.16.21:203][918]LogMaterial: Missing cached shader map for material White, compiling. 
[2015.11.24-00.16.21:216][918]LogMaterial: 0.000154 seconds spent updating 1 materials, 1 interfaces, 0 instances, 0 with static permutations.
[2015.11.24-00.16.52:030][622]LogEditorViewport: Clicking on Actor (LMB): StaticMeshActor (Tightrope)
[2015.11.24-00.17.10:865][670]LogEditorViewport: Clicking on Actor (LMB): FourthKnockDownGame_C (FourthKnockDownGame)
[2015.11.24-00.17.15:664][915]LogStaticMesh: Building static mesh Bottle...
[2015.11.24-00.17.15:722][915]LogStaticMesh: Built static mesh [0.061700.2s] /Game/StarterContent/Props/Bottle.Bottle
[2015.11.24-00.17.16:206][934]LogActorFactory: Actor Factory created Bottle
[2015.11.24-00.17.20:597][192]Cmd: TRANSACTION UNDO
[2015.11.24-00.17.20:599][192]LogEditorTransaction: Undo Edit Static Mesh
[2015.11.24-00.17.28:037][579]LogActorFactory: Actor Factory created Bottle
[2015.11.24-00.17.29:900][636]LogCrashTracker: 


[2015.11.24-00.17.29:902][636]LogCrashTracker: 


[2015.11.24-00.17.29:902][636]LogWindows: === Critical error: ===
Fatal error!



[2015.11.24-00.17.30:022][636]LogExit: Executing StaticShutdownAfterError
[2015.11.24-00.17.30:027][636]LogPhysics:Warning: PHYSX: ..\..\PhysX\src\NpScene.cpp (2946) 8 : PxScene::unlockWrite() called without matching call to PxScene::lockWrite(), behaviour will be undefined.
[2015.11.24-00.17.30:028][636]LogPhysics:Warning: PHYSX: ..\..\PhysX\src\NpScene.cpp (2946) 8 : PxScene::unlockWrite() called without matching call to PxScene::lockWrite(), behaviour will be undefined.
[2015.11.24-00.17.30:028][636]LogWindows: FPlatformMisc::RequestExit(1)
[2015.11.24-00.17.30:028][636]Log file closed, 11/23/15 19:17:30
