[2015.11.15-03.19.46:022][  0]Log file open, 11/14/15 22:19:46
[2015.11.15-03.19.46:022][  0]LogInit:Display: Running engine for game: NightmareGame
[2015.11.15-03.19.46:022][  0]LogInit:Display: RandInit(-527879566) SRandInit(-527879565).
[2015.11.15-03.19.46:022][  0]LogTaskGraph: Started task graph with 4 named threads and 7 total threads.
[2015.11.15-03.19.46:022][  0]LogStats: Stats thread started at 0.102832
[2015.11.15-03.19.46:022][  0]LogInit: Version: 4.9.2-2707645+++depot+UE4-Releases+4.9
[2015.11.15-03.19.46:022][  0]LogInit: API Version: 2672455
[2015.11.15-03.19.46:022][  0]LogInit: Compiled (64-bit): Sep 28 2015 10:25:44
[2015.11.15-03.19.46:022][  0]LogInit: Compiled with Visual C++: 18.00.21005.01
[2015.11.15-03.19.46:022][  0]LogInit: Build Configuration: Development
[2015.11.15-03.19.46:022][  0]LogInit: Branch Name: ++depot+UE4-Releases+4.9
[2015.11.15-03.19.46:022][  0]LogInit: Command line:  
[2015.11.15-03.19.46:022][  0]LogInit: Base directory: C:/Program Files/Epic Games/4.9/Engine/Binaries/Win64/
[2015.11.15-03.19.46:022][  0]LogInit: Rocket: 1
[2015.11.15-03.19.46:048][  0]LogInit: Using libcurl 7.41.0
[2015.11.15-03.19.46:048][  0]LogInit:  - built for x86_64-pc-win32
[2015.11.15-03.19.46:048][  0]LogInit:  - supports SSL with WinSSL
[2015.11.15-03.19.46:048][  0]LogInit:  - other features:
[2015.11.15-03.19.46:048][  0]LogInit:      CURL_VERSION_SSL
[2015.11.15-03.19.46:048][  0]LogInit:      CURL_VERSION_IPV6
[2015.11.15-03.19.46:048][  0]LogInit:      CURL_VERSION_ASYNCHDNS
[2015.11.15-03.19.46:048][  0]LogInit:      CURL_VERSION_LARGEFILE
[2015.11.15-03.19.46:048][  0]LogInit:      CURL_VERSION_IDN
[2015.11.15-03.19.46:049][  0]LogInit:  CurlRequestOptions (configurable via config and command line):
[2015.11.15-03.19.46:049][  0]LogInit:  - bVerifyPeer = true  - Libcurl will verify peer certificate
[2015.11.15-03.19.46:049][  0]LogInit:  - bUseHttpProxy = false  - Libcurl will NOT use HTTP proxy
[2015.11.15-03.19.46:049][  0]LogInit:  - bDontReuseConnections = false  - Libcurl will reuse connections
[2015.11.15-03.19.46:049][  0]LogInit:  - CertBundlePath = nullptr  - Libcurl will use whatever was configured at build time.
[2015.11.15-03.19.46:080][  0]LogInit: Presizing for 0 objects not considered by GC, pre-allocating 0 bytes.
[2015.11.15-03.19.46:096][  0]LogInit: Object subsystem initialized
[2015.11.15-03.19.46:099][  0]LogInit: Selected Device Profile: [Windows]
[2015.11.15-03.19.46:099][  0]LogInit: Applying CVar settings loaded from the selected device profile: [Windows]
[2015.11.15-03.19.46:112][  0]LogInit: Computer: NICKSCOMPUTER
[2015.11.15-03.19.46:112][  0]LogInit: User: ntanc000
[2015.11.15-03.19.46:112][  0]LogInit: CPU Page size=4096, Cores=4
[2015.11.15-03.19.46:112][  0]LogInit: High frequency timer resolution =2.537593 MHz
[2015.11.15-03.19.46:113][  0]LogMemory: Memory total: Physical=15.9GB (16GB approx)
[2015.11.15-03.19.46:113][  0]LogMemory: Platform Memory Stats for Windows
[2015.11.15-03.19.46:113][  0]LogMemory: Process Physical Memory: 52.95 MB used, 52.95 MB peak
[2015.11.15-03.19.46:113][  0]LogMemory: Process Virtual Memory: 55.06 MB used, 55.06 MB peak
[2015.11.15-03.19.46:113][  0]LogMemory: Physical Memory: 3642.73 MB used, 16269.45 MB total
[2015.11.15-03.19.46:113][  0]LogMemory: Virtual Memory: 360.18 MB used, 134217728.00 MB total
[2015.11.15-03.19.46:538][  0]LogTextLocalizationManager: No specific translations for ('en-US') exist, so ('en') translations will be used.
[2015.11.15-03.19.48:091][  0]LogD3D11RHI: Found D3D11 adapter 0: NVIDIA GeForce GTX 980M (Feature Level 11_0)
[2015.11.15-03.19.48:091][  0]LogD3D11RHI: Adapter has 3981MB of dedicated video memory, 0MB of dedicated system memory, and 8134MB of shared system memory, 2 output[s]
[2015.11.15-03.19.48:103][  0]LogD3D11RHI: Found D3D11 adapter 1: Intel(R) HD Graphics 4600 (Feature Level 11_0)
[2015.11.15-03.19.48:103][  0]LogD3D11RHI: Adapter has 32MB of dedicated video memory, 0MB of dedicated system memory, and 1760MB of shared system memory, 0 output[s]
[2015.11.15-03.19.48:105][  0]LogD3D11RHI: Found D3D11 adapter 2: Microsoft Basic Render Driver (Feature Level 11_0)
[2015.11.15-03.19.48:105][  0]LogD3D11RHI: Adapter has 0MB of dedicated video memory, 0MB of dedicated system memory, and 256MB of shared system memory, 0 output[s]
[2015.11.15-03.19.48:105][  0]LogD3D11RHI: Chosen D3D11 Adapter Id = 0
[2015.11.15-03.19.48:110][  0]LogD3D11RHI: !Direct3DDevice
[2015.11.15-03.19.48:110][  0]LogRHI: Texture pool is 1361 MB (70% of 1945 MB)
[2015.11.15-03.19.48:125][  0]LogD3D11RHI: Async texture creation enabled
[2015.11.15-03.19.48:142][  0]LogShaderCompilers: Guid format shader working directory is 15 characters bigger than the processId version (../../../../../../Users/ntanc_000/Desktop/NightmareGame/TheGame/Intermediate/Shaders/WorkingDirectory/7124/).
[2015.11.15-03.19.48:143][  0]LogShaderCompilers: Cleaned the shader compiler working directory '../../../../../../Users/ntanc_000/Desktop/NightmareGame/TheGame/Intermediate/Shaders/tmp/A878F8894A2C2B1684F153961123804E/'.
[2015.11.15-03.19.48:143][  0]LogShaderCompilers:Display: Using Local Shader Compiler.
[2015.11.15-03.19.49:619][  0]LogTemp:Display: Loaded TP AllDesktopTargetPlatform
[2015.11.15-03.19.49:629][  0]LogTemp:Display: Loaded TP WindowsClientTargetPlatform
[2015.11.15-03.19.49:638][  0]LogTemp:Display: Loaded TP WindowsNoEditorTargetPlatform
[2015.11.15-03.19.49:645][  0]LogTemp:Display: Loaded TP WindowsServerTargetPlatform
[2015.11.15-03.19.49:651][  0]LogTemp:Display: Loaded TP WindowsTargetPlatform
[2015.11.15-03.19.49:655][  0]LogTemp:Display: Loaded TP AndroidTargetPlatform
[2015.11.15-03.19.49:659][  0]LogTemp:Display: Loaded TP Android_ASTCTargetPlatform
[2015.11.15-03.19.49:663][  0]LogTemp:Display: Loaded TP Android_ATCTargetPlatform
[2015.11.15-03.19.49:668][  0]LogTemp:Display: Loaded TP Android_DXTTargetPlatform
[2015.11.15-03.19.49:675][  0]LogTemp:Display: Loaded TP Android_ETC1TargetPlatform
[2015.11.15-03.19.49:681][  0]LogTemp:Display: Loaded TP Android_ETC2TargetPlatform
[2015.11.15-03.19.49:687][  0]LogTemp:Display: Loaded TP Android_PVRTCTargetPlatform
[2015.11.15-03.19.49:689][  0]LogTemp:Display: Loaded TP HTML5TargetPlatform
[2015.11.15-03.19.49:711][  0]LogTemp:Display: Loaded TP IOSTargetPlatform
[2015.11.15-03.19.49:717][  0]LogTemp:Display: Loaded TP LinuxNoEditorTargetPlatform
[2015.11.15-03.19.49:721][  0]LogTemp:Display: Loaded TP LinuxServerTargetPlatform
[2015.11.15-03.19.49:726][  0]LogTemp:Display: Loaded TP LinuxTargetPlatform
[2015.11.15-03.19.49:726][  0]LogTargetPlatformManager:Display: Building Assets For Windows
[2015.11.15-03.19.49:871][  0]LogDerivedDataCache:Display: Max Cache Size: 512 MB
[2015.11.15-03.19.49:940][  0]LogDerivedDataCache: Loaded boot cache 0.07s 57MB C:/Users/ntanc_000/AppData/Local/UnrealEngine/4.9/DerivedDataCache/Boot.ddc.
[2015.11.15-03.19.49:940][  0]LogDerivedDataCache:Display: Loaded Boot cache: C:/Users/ntanc_000/AppData/Local/UnrealEngine/4.9/DerivedDataCache/Boot.ddc
[2015.11.15-03.19.49:940][  0]LogDerivedDataCache: FDerivedDataBackendGraph:  Pak pak cache file ../../../../../../Users/ntanc_000/Desktop/NightmareGame/TheGame/DerivedDataCache/DDC.ddp not found, will not use a pak cache.
[2015.11.15-03.19.49:940][  0]LogDerivedDataCache: Unable to find inner node Pak for hierarchical cache Hierarchy.
[2015.11.15-03.19.49:941][  0]LogDerivedDataCache: FDerivedDataBackendGraph:  CompressedPak pak cache file ../../../../../../Users/ntanc_000/Desktop/NightmareGame/TheGame/DerivedDataCache/Compressed.ddp not found, will not use a pak cache.
[2015.11.15-03.19.49:941][  0]LogDerivedDataCache: Unable to find inner node CompressedPak for hierarchical cache Hierarchy.
[2015.11.15-03.19.50:113][  0]LogDerivedDataCache:Display: Pak cache opened for reading ../../../Engine/DerivedDataCache/Compressed.ddp.
[2015.11.15-03.19.50:126][  0]LogDerivedDataCache: Using Local data cache path C:/Users/ntanc_000/AppData/Local/UnrealEngine/Common/DerivedDataCache: Writable
[2015.11.15-03.19.50:357][  0]LogInit: Selected Device Profile: [Windows]
[2015.11.15-03.19.50:360][  0]LogContentStreaming: Texture pool size is 0.000000MB
[2015.11.15-03.19.50:493][  0]LogMeshUtilities: No automatic mesh reduction module available
[2015.11.15-03.19.50:493][  0]LogMeshUtilities: No automatic mesh merging module available
[2015.11.15-03.19.50:770][  0]LogInit: WinSock: version 1.1 (2.2), MaxSocks=32767, MaxUdp=65467
[2015.11.15-03.19.51:630][  0]UdpMessaging: Initializing bridge on interface 0.0.0.0:0 to multicast group 230.0.0.1:6666.
[2015.11.15-03.19.51:737][  0]LogAssetRegistry: FAssetRegistry took 0.0113 seconds to start up
[2015.11.15-03.19.51:982][  0]SourceControl: Info Source control is disabled
[2015.11.15-03.19.52:252][  0]LogLinker:Warning: Asset '../../../Engine/Plugins/Runtime/LeapMotionController/Content/LM_PassthroughMaterial.uasset' has been saved with empty engine version. The asset will be loaded but may be incompatible.
[2015.11.15-03.19.52:358][  0]LogObj: 28361 objects as part of root set at end of initial load.
[2015.11.15-03.19.52:358][  0]LogUObjectAllocator: 6038864 out of 0 bytes used by permanent object pool.
[2015.11.15-03.19.52:419][  0]LogEngine: Initializing Engine...
[2015.11.15-03.19.52:421][  0]LogHMD: Can't find Oculus library dev build: is proper Runtime installed? Version: 0.7.0.0
[2015.11.15-03.19.52:423][  0]LogHMD: SteamVR failed to initialize.  Err: 110
[2015.11.15-03.19.52:564][  0]LogAIModule: Creating AISystem for world NewWorld
[2015.11.15-03.19.52:571][  0]LogInit: XAudio2 using 'Speakers (Sound Blaster Recon3Di)' : 2 channels at 48 kHz using 32 bits per sample (channel mask 0x3)
[2015.11.15-03.19.52:592][  0]LogInit: FAudioDevice initialized.
[2015.11.15-03.19.52:625][  0]LogDerivedDataCache: Saved boot cache 0.03s 57MB C:/Users/ntanc_000/AppData/Local/UnrealEngine/4.9/DerivedDataCache/Boot.ddc.
[2015.11.15-03.19.52:630][  0]LogInit: Texture streaming: Enabled
[2015.11.15-03.19.52:638][  0]LogAnalytics: Creating configured Analytics provider AnalyticsET
[2015.11.15-03.19.52:638][  0]LogAnalytics: [UEEditor.Rocket.Release] APIServer = http://et2.epicgames.com/ET2/. AppVersion = 4.9.2-2707645+++depot+UE4-Releases+4.9
[2015.11.15-03.19.52:639][  0]LogAnalytics: [UEEditor.Rocket.Release] SetUserId 2c211ad74a9e5469c13dfaa1059b2d42|1bd0216fcaf5458183f89cc914276325|d020360b-9246-478a-84ac-08a9775e7849
[2015.11.15-03.19.52:639][  0]LogAnalytics: [UEEditor.Rocket.Release] AnalyticsET::StartSession
[2015.11.15-03.19.52:654][  0]LogWindowsTextInputMethodSystem:Display: IME system now deactivated.
[2015.11.15-03.19.52:655][  0]LogWindowsTextInputMethodSystem:Display: IME system now deactivated.
[2015.11.15-03.19.52:679][  0]LogInit: Transaction tracking system initialized
[2015.11.15-03.19.52:715][  0]BlueprintLog: New page: Editor Load
[2015.11.15-03.19.52:815][  0]LocalizationService: Info Localization service is disabled
[2015.11.15-03.19.52:908][  0]LogConsoleResponse:Display: 
[2015.11.15-03.19.53:044][  0]LogCook:Display: Done creating registry. It took  0.00s.
[2015.11.15-03.19.53:180][  0]LogFileCache: Scanning file cache for directory 'C:/Users/ntanc_000/Desktop/NightmareGame/TheGame/Content/' took 0.02s
[2015.11.15-03.19.53:180][  0]Cmd: MAP LOAD FILE="../../../../../../Users/ntanc_000/Desktop/NightmareGame/TheGame/Content/ThirdPersonBP/Maps/Hub.umap" TEMPLATE=0 SHOWPROGRESS=1 FEATURELEVEL=3
[2015.11.15-03.19.53:181][  0]LightingResults: New page: Lighting Build
[2015.11.15-03.19.53:186][  0]MapCheck: New page: Map Check
[2015.11.15-03.19.53:186][  0]LightingResults: New page: Lighting Build
[2015.11.15-03.19.53:201][  0]LogParticles: Destroying 0 GPU particle simulations for FXSystem 0x000000674C487CE0
[2015.11.15-03.19.53:411][  0]LogLinker:Warning: Asset '../../../../../../Users/ntanc_000/Desktop/NightmareGame/TheGame/Content/Mannequin/Animations/ThirdPerson_AnimBP.uasset' has been saved with empty engine version. The asset will be loaded but may be incompatible.
[2015.11.15-03.19.53:414][  0]LogLinker:Warning: Asset '../../../../../../Users/ntanc_000/Desktop/NightmareGame/TheGame/Content/Mannequin/Animations/ThirdPerson_Jump.uasset' has been saved with empty engine version. The asset will be loaded but may be incompatible.
[2015.11.15-03.19.53:417][  0]LogLinker:Warning: Asset '../../../../../../Users/ntanc_000/Desktop/NightmareGame/TheGame/Content/Mannequin/Animations/ThirdPersonJump_Loop.uasset' has been saved with empty engine version. The asset will be loaded but may be incompatible.
[2015.11.15-03.19.53:419][  0]LogLinker:Warning: Asset '../../../../../../Users/ntanc_000/Desktop/NightmareGame/TheGame/Content/Mannequin/Animations/ThirdPersonJump_Start.uasset' has been saved with empty engine version. The asset will be loaded but may be incompatible.
[2015.11.15-03.19.53:420][  0]LogLinker:Warning: Asset '../../../../../../Users/ntanc_000/Desktop/NightmareGame/TheGame/Content/Mannequin/Animations/ThirdPerson_IdleRun_2D.uasset' has been saved with empty engine version. The asset will be loaded but may be incompatible.
[2015.11.15-03.19.53:421][  0]LogLinker:Warning: Asset '../../../../../../Users/ntanc_000/Desktop/NightmareGame/TheGame/Content/Mannequin/Animations/ThirdPersonIdle.uasset' has been saved with empty engine version. The asset will be loaded but may be incompatible.
[2015.11.15-03.19.53:423][  0]LogLinker:Warning: Asset '../../../../../../Users/ntanc_000/Desktop/NightmareGame/TheGame/Content/Mannequin/Animations/ThirdPersonRun.uasset' has been saved with empty engine version. The asset will be loaded but may be incompatible.
[2015.11.15-03.19.53:425][  0]LogLinker:Warning: Asset '../../../../../../Users/ntanc_000/Desktop/NightmareGame/TheGame/Content/Mannequin/Animations/ThirdPersonWalk.uasset' has been saved with empty engine version. The asset will be loaded but may be incompatible.
[2015.11.15-03.19.54:638][  0]LogAIModule: Creating AISystem for world Hub
[2015.11.15-03.19.54:652][  0]LogEditorServer: Finished looking for orphan Actors (0.000 secs)
[2015.11.15-03.19.54:652][  0]Cmd: MAP CHECKDEP NOCLEARLOG
[2015.11.15-03.19.54:756][  0]MapCheck: Info Map check complete: 0 Error(s), 0 Warning(s), took 103.439ms to complete.
[2015.11.15-03.19.54:756][  0]LogFileHelpers: Loading map 'Hub' took 1.577
[2015.11.15-03.19.54:905][  0]LogCollectionManager: Loaded 0 collections in 0.003958 seconds
[2015.11.15-03.19.54:950][  0]LogFileCache: Scanning file cache for directory 'C:/Users/ntanc_000/Desktop/NightmareGame/TheGame/Saved/Collections/' took 0.01s
[2015.11.15-03.19.54:950][  0]LogFileCache: Scanning file cache for directory 'C:/Users/ntanc_000/Desktop/NightmareGame/TheGame/Content/Developers/ntanc000/Collections/' took 0.01s
[2015.11.15-03.19.54:950][  0]LogFileCache: Scanning file cache for directory 'C:/Users/ntanc_000/Desktop/NightmareGame/TheGame/Content/Collections/' took 0.01s
[2015.11.15-03.19.54:950][  0]LogContentBrowser: Native class hierarchy populated in 0.0072 seconds. Added 1867 classes and 333 folders.
[2015.11.15-03.19.54:962][  0]LogCollectionManager: Rebuilt the GUID cache for 0 collections in 0.000002 seconds
[2015.11.15-03.19.54:969][  0]LogContentBrowser: Native class hierarchy updated for 'WidgetCarousel' in 0.0003 seconds. Added 0 classes and 0 folders.
[2015.11.15-03.19.55:049][  0]LogContentBrowser: Native class hierarchy updated for 'AddContentDialog' in 0.0005 seconds. Added 0 classes and 0 folders.
[2015.11.15-03.19.55:055][  0]LogContentBrowser: Native class hierarchy updated for 'SceneOutliner' in 0.0003 seconds. Added 1 classes and 2 folders.
[2015.11.15-03.19.55:113][  0]LogCrashTracker: Crashtracker disabled due to settings.
[2015.11.15-03.19.55:117][  0]LogUObjectGlobals:Warning: Failed to find object 'Class None.'
[2015.11.15-03.19.55:139][  0]LogLoad: Full Startup: 9.94 seconds (BP compile: 0.40 seconds)
[2015.11.15-03.19.55:248][  0]LogContentStreaming: Texture pool size now 1000 MB
[2015.11.15-03.19.55:383][  0]LogRenderer: Reallocating scene render targets to support 880x448 (Frame:2).
[2015.11.15-03.19.55:889][  5]LogAssetRegistry: Asset discovery search completed in 4.1646 seconds
[2015.11.15-03.19.55:889][  5]LogCollectionManager: Rebuilt the object cache for 0 collections in 0.000002 seconds (found 0 objects)
[2015.11.15-03.19.55:889][  5]LogCollectionManager: Fixed up redirectors for 0 collections in 0.000103 seconds (updated 0 objects)
[2015.11.15-03.23.20:337][367]LogAIModule: Creating AISystem for world Cave
[2015.11.15-03.23.20:417][367]Cmd: MAP LOAD FILE="../../../../../../Users/ntanc_000/Desktop/NightmareGame/TheGame/Content/ThirdPersonBP/Maps/Cave.umap" TEMPLATE=0 SHOWPROGRESS=1 FEATURELEVEL=3
[2015.11.15-03.23.20:418][367]LightingResults: New page: Lighting Build
[2015.11.15-03.23.20:441][367]LoadErrors: New page: Loading map: Cave.umap
[2015.11.15-03.23.20:443][367]MapCheck: New page: Map Check
[2015.11.15-03.23.20:443][367]LightingResults: New page: Lighting Build
[2015.11.15-03.23.20:463][367]LogParticles: Destroying 0 GPU particle simulations for FXSystem 0x0000006739A5AA20
[2015.11.15-03.23.20:537][367]LogEditorServer: Finished looking for orphan Actors (0.000 secs)
[2015.11.15-03.23.20:597][367]Cmd: MAP CHECKDEP NOCLEARLOG
[2015.11.15-03.23.20:739][367]MapCheck: Info Map check complete: 0 Error(s), 0 Warning(s), took 141.956ms to complete.
[2015.11.15-03.23.20:739][367]LogFileHelpers: Loading map 'Cave' took 0.323
[2015.11.15-03.23.31:171][957]LogWindowsTextInputMethodSystem:Display: IME system now deactivated.
[2015.11.15-03.23.31:172][957]LogWindowsTextInputMethodSystem:Display: IME system now deactivated.
[2015.11.15-03.23.31:439][958]Cmd: QUIT_EDITOR
[2015.11.15-03.23.31:752][958]LogExit: Preparing to exit.
[2015.11.15-03.23.32:832][958]LogExit: Editor shut down
[2015.11.15-03.23.32:833][958]LogExit: Transaction tracking system shut down
[2015.11.15-03.23.32:835][958]LogParticles: Destroying 0 GPU particle simulations for FXSystem 0x000000675EBC7880
[2015.11.15-03.23.32:835][958]LogParticles: Destroying 0 GPU particle simulations for FXSystem 0x000000676AA4D940
[2015.11.15-03.23.32:835][958]LogParticles: Destroying 0 GPU particle simulations for FXSystem 0x000000676AA4D760
[2015.11.15-03.23.32:835][958]LogParticles: Destroying 0 GPU particle simulations for FXSystem 0x000000675DC025C0
[2015.11.15-03.23.32:836][958]LogParticles: Destroying 0 GPU particle simulations for FXSystem 0x0000006758B97D80
[2015.11.15-03.23.32:963][958]LogExit: Object subsystem successfully closed.
[2015.11.15-03.23.32:983][958]LogD3D11RHI: Shutdown
[2015.11.15-03.23.32:983][958]LogD3D11RHI: CleanupD3DDevice
[2015.11.15-03.23.33:046][958]LogD3D11RHI: ~FD3D11DynamicRHI
[2015.11.15-03.23.33:072][958]LogModuleManager: Shutting down and abandoning module CrashTracker (197)
[2015.11.15-03.23.33:072][958]LogModuleManager: Shutting down and abandoning module SceneOutliner (196)
[2015.11.15-03.23.33:072][958]LogModuleManager: Shutting down and abandoning module SuperSearch (195)
[2015.11.15-03.23.33:072][958]LogModuleManager: Shutting down and abandoning module WidgetCarousel (194)
[2015.11.15-03.23.33:072][958]LogModuleManager: Shutting down and abandoning module AddContentDialog (193)
[2015.11.15-03.23.33:074][958]LogModuleManager: Shutting down and abandoning module EditorWidgets (192)
[2015.11.15-03.23.33:074][958]LogModuleManager: Shutting down and abandoning module CollectionManager (191)
[2015.11.15-03.23.33:074][958]LogModuleManager: Shutting down and abandoning module StatsViewer (190)
[2015.11.15-03.23.33:074][958]LogModuleManager: Shutting down and abandoning module FoliageEdit (189)
[2015.11.15-03.23.33:074][958]LogModuleManager: Shutting down and abandoning module LandscapeEditor (188)
[2015.11.15-03.23.33:075][958]LogModuleManager: Shutting down and abandoning module ActorPickerMode (187)
[2015.11.15-03.23.33:075][958]LogModuleManager: Shutting down and abandoning module GeometryMode (186)
[2015.11.15-03.23.33:075][958]LogModuleManager: Shutting down and abandoning module TextureAlignMode (185)
[2015.11.15-03.23.33:075][958]LogModuleManager: Shutting down and abandoning module BspMode (184)
[2015.11.15-03.23.33:075][958]LogModuleManager: Shutting down and abandoning module PlacementMode (183)
[2015.11.15-03.23.33:075][958]LogModuleManager: Shutting down and abandoning module AutomationWorker (182)
[2015.11.15-03.23.33:075][958]LogModuleManager: Shutting down and abandoning module CharacterAI (181)
[2015.11.15-03.23.33:075][958]LogModuleManager: Shutting down and abandoning module SmartSnapping (180)
[2015.11.15-03.23.33:075][958]LogModuleManager: Shutting down and abandoning module ViewportSnapping (179)
[2015.11.15-03.23.33:075][958]LogModuleManager: Shutting down and abandoning module LogVisualizer (178)
[2015.11.15-03.23.33:075][958]LogModuleManager: Shutting down and abandoning module GameProjectGeneration (177)
[2015.11.15-03.23.33:075][958]LogModuleManager: Shutting down and abandoning module IntroTutorials (176)
[2015.11.15-03.23.33:075][958]LogModuleManager: Shutting down and abandoning module EditorLiveStreaming (175)
[2015.11.15-03.23.33:075][958]LogModuleManager: Shutting down and abandoning module IOSPlatformEditor (174)
[2015.11.15-03.23.33:075][958]LogModuleManager: Shutting down and abandoning module HTML5PlatformEditor (173)
[2015.11.15-03.23.33:075][958]LogModuleManager: Shutting down and abandoning module AndroidDeviceDetection (172)
[2015.11.15-03.23.33:973][958]LogModuleManager: Shutting down and abandoning module AndroidPlatformEditor (171)
[2015.11.15-03.23.33:973][958]LogModuleManager: Shutting down and abandoning module IOSRuntimeSettings (170)
[2015.11.15-03.23.33:973][958]LogModuleManager: Shutting down and abandoning module AndroidRuntimeSettings (169)
[2015.11.15-03.23.33:973][958]LogModuleManager: Shutting down and abandoning module MergeActors (168)
[2015.11.15-03.23.33:974][958]LogModuleManager: Shutting down and abandoning module SizeMap (167)
[2015.11.15-03.23.33:974][958]LogModuleManager: Shutting down and abandoning module TreeMap (166)
[2015.11.15-03.23.33:974][958]LogModuleManager: Shutting down and abandoning module ReferenceViewer (165)
[2015.11.15-03.23.33:974][958]LogModuleManager: Shutting down and abandoning module LocalizationService (164)
[2015.11.15-03.23.33:974][958]LogModuleManager: Shutting down and abandoning module LocalizationDashboard (163)
[2015.11.15-03.23.33:974][958]LogModuleManager: Shutting down and abandoning module HardwareTargeting (162)
[2015.11.15-03.23.33:974][958]LogModuleManager: Shutting down and abandoning module DeviceProfileEditor (161)
[2015.11.15-03.23.33:974][958]LogModuleManager: Shutting down and abandoning module UndoHistory (160)
[2015.11.15-03.23.33:974][958]LogModuleManager: Shutting down and abandoning module GameplayTagsEditor (159)
[2015.11.15-03.23.33:974][958]LogModuleManager: Shutting down and abandoning module UserFeedback (158)
[2015.11.15-03.23.33:974][958]LogModuleManager: Shutting down and abandoning module XmlParser (157)
[2015.11.15-03.23.33:974][958]LogModuleManager: Shutting down and abandoning module Blutility (156)
[2015.11.15-03.23.33:974][958]LogModuleManager: Shutting down and abandoning module ProjectTargetPlatformEditor (155)
[2015.11.15-03.23.33:974][958]LogModuleManager: Shutting down and abandoning module ProjectSettingsViewer (154)
[2015.11.15-03.23.33:974][958]LogModuleManager: Shutting down and abandoning module InputBindingEditor (153)
[2015.11.15-03.23.33:975][958]LogModuleManager: Shutting down and abandoning module EditorSettingsViewer (152)
[2015.11.15-03.23.33:975][958]LogModuleManager: Shutting down and abandoning module SettingsEditor (151)
[2015.11.15-03.23.33:975][958]LogModuleManager: Shutting down and abandoning module ProjectLauncher (150)
[2015.11.15-03.23.33:975][958]LogModuleManager: Shutting down and abandoning module SessionFrontend (149)
[2015.11.15-03.23.33:975][958]LogModuleManager: Shutting down and abandoning module ProfilerClient (148)
[2015.11.15-03.23.33:975][958]LogModuleManager: Shutting down and abandoning module TargetDeviceServices (147)
[2015.11.15-03.23.33:975][958]LogModuleManager: Shutting down and abandoning module DeviceManager (146)
[2015.11.15-03.23.33:976][958]LogModuleManager: Shutting down and abandoning module AutomationController (145)
[2015.11.15-03.23.33:976][958]LogModuleManager: Shutting down and abandoning module AutomationWindow (144)
[2015.11.15-03.23.33:976][958]LogModuleManager: Shutting down and abandoning module Layers (143)
[2015.11.15-03.23.33:976][958]LogModuleManager: Shutting down and abandoning module ComponentVisualizers (142)
[2015.11.15-03.23.33:976][958]LogModuleManager: Shutting down and abandoning module DetailCustomizations (141)
[2015.11.15-03.23.33:976][958]LogModuleManager: Shutting down and abandoning module PackagesDialog (140)
[2015.11.15-03.23.33:976][958]LogModuleManager: Shutting down and abandoning module Persona (139)
[2015.11.15-03.23.33:976][958]LogModuleManager: Shutting down and abandoning module Kismet (138)
[2015.11.15-03.23.33:976][958]LogModuleManager: Shutting down and abandoning module GraphEditor (137)
[2015.11.15-03.23.33:977][958]LogModuleManager: Shutting down and abandoning module ClassViewer (136)
[2015.11.15-03.23.33:977][958]LogModuleManager: Shutting down and abandoning module Toolbox (135)
[2015.11.15-03.23.33:977][958]LogModuleManager: Shutting down and abandoning module ModuleUI (134)
[2015.11.15-03.23.33:977][958]LogModuleManager: Shutting down and abandoning module MovieSceneTools (133)
[2015.11.15-03.23.33:977][958]LogModuleManager: Shutting down and abandoning module OutputLog (132)
[2015.11.15-03.23.33:977][958]LogModuleManager: Shutting down and abandoning module GammaUI (131)
[2015.11.15-03.23.33:977][958]LogModuleManager: Shutting down and abandoning module Documentation (130)
[2015.11.15-03.23.33:977][958]LogModuleManager: Shutting down and abandoning module GameLiveStreaming (129)
[2015.11.15-03.23.33:977][958]LogModuleManager: Shutting down and abandoning module StreamingPauseRendering (128)
[2015.11.15-03.23.33:977][958]LogModuleManager: Shutting down and abandoning module AnalyticsET (127)
[2015.11.15-03.23.33:977][958]LogModuleManager: Shutting down and abandoning module Analytics (126)
[2015.11.15-03.23.33:977][958]LogModuleManager: Shutting down and abandoning module AITestSuite (125)
[2015.11.15-03.23.33:977][958]LogModuleManager: Shutting down and abandoning module GameplayDebugger (124)
[2015.11.15-03.23.33:977][958]LogModuleManager: Shutting down and abandoning module AIModule (123)
[2015.11.15-03.23.33:977][958]LogModuleManager: Shutting down and abandoning module ProfilerService (122)
[2015.11.15-03.23.34:170][958]LogModuleManager: Shutting down and abandoning module TaskGraph (121)
[2015.11.15-03.23.34:170][958]LogModuleManager: Shutting down and abandoning module SlateRemote (120)
[2015.11.15-03.23.34:170][958]LogModuleManager: Shutting down and abandoning module SteamVRController (119)
[2015.11.15-03.23.34:170][958]LogModuleManager: Shutting down and abandoning module SteamVR (118)
[2015.11.15-03.23.34:170][958]LogModuleManager: Shutting down and abandoning module ProceduralMeshComponent (117)
[2015.11.15-03.23.34:170][958]LogModuleManager: Shutting down and abandoning module OculusRift (116)
[2015.11.15-03.23.34:170][958]LogModuleManager: Shutting down and abandoning module OculusLibrary (115)
[2015.11.15-03.23.34:170][958]LogModuleManager: Shutting down and abandoning module LeapMotionController (114)
[2015.11.15-03.23.34:180][958]LogModuleManager: Shutting down and abandoning module CustomMeshComponent (113)
[2015.11.15-03.23.34:180][958]LogModuleManager: Shutting down and abandoning module CableComponent (112)
[2015.11.15-03.23.34:180][958]LogModuleManager: Shutting down and abandoning module ArchVisCharacter (111)
[2015.11.15-03.23.34:180][958]LogModuleManager: Shutting down and abandoning module MessagingDebugger (110)
[2015.11.15-03.23.34:180][958]LogModuleManager: Shutting down and abandoning module MediaPlayerEditor (109)
[2015.11.15-03.23.34:180][958]LogModuleManager: Shutting down and abandoning module HTML5Networking (108)
[2015.11.15-03.23.34:180][958]LogModuleManager: Shutting down and abandoning module SpeedTreeImporter (107)
[2015.11.15-03.23.34:180][958]LogModuleManager: Shutting down and abandoning module PluginBrowser (106)
[2015.11.15-03.23.34:180][958]LogModuleManager: Shutting down and abandoning module EpicSurvey (105)
[2015.11.15-03.23.34:180][958]LogModuleManager: Shutting down and abandoning module DesktopPlatform (104)
[2015.11.15-03.23.34:180][958]LogModuleManager: Shutting down and abandoning module VisualStudioSourceCodeAccess (103)
[2015.11.15-03.23.34:180][958]LogModuleManager: Shutting down and abandoning module UObjectPlugin (102)
[2015.11.15-03.23.34:180][958]LogModuleManager: Shutting down and abandoning module SubversionSourceControl (101)
[2015.11.15-03.23.34:180][958]LogModuleManager: Shutting down and abandoning module PerforceSourceControl (100)
[2015.11.15-03.23.34:180][958]LogModuleManager: Shutting down and abandoning module SourceControl (99)
[2015.11.15-03.23.34:181][958]LogModuleManager: Shutting down and abandoning module GitSourceControl (98)
[2015.11.15-03.23.34:181][958]LogModuleManager: Shutting down and abandoning module LightPropagationVolumeEditor (97)
[2015.11.15-03.23.34:181][958]LogModuleManager: Shutting down and abandoning module PaperTiledImporter (96)
[2015.11.15-03.23.34:181][958]LogModuleManager: Shutting down and abandoning module PaperSpriteSheetImporter (95)
[2015.11.15-03.23.34:181][958]LogModuleManager: Shutting down and abandoning module MeshPaint (94)
[2015.11.15-03.23.34:181][958]LogModuleManager: Shutting down and abandoning module SlateReflector (93)
[2015.11.15-03.23.34:181][958]LogModuleManager: Shutting down and abandoning module HotReload (92)
[2015.11.15-03.23.34:181][958]LogModuleManager: Shutting down and abandoning module MainFrame (91)
[2015.11.15-03.23.34:181][958]LogModuleManager: Shutting down and abandoning module LevelEditor (90)
[2015.11.15-03.23.34:182][958]LogModuleManager: Shutting down and abandoning module DirectoryWatcher (89)
[2015.11.15-03.23.34:184][958]LogModuleManager: Shutting down and abandoning module AssetRegistry (88)
[2015.11.15-03.23.34:306][958]LogModuleManager: Shutting down and abandoning module ContentBrowser (87)
[2015.11.15-03.23.34:307][958]LogModuleManager: Shutting down and abandoning module Paper2DEditor (86)
[2015.11.15-03.23.34:307][958]LogModuleManager: Shutting down and abandoning module UdpMessaging (85)
[2015.11.15-03.23.34:408][958]LogModuleManager: Shutting down and abandoning module LightPropagationVolumeRuntime (84)
[2015.11.15-03.23.34:408][958]LogModuleManager: Shutting down and abandoning module Paper2D (83)
[2015.11.15-03.23.34:408][958]LogModuleManager: Shutting down and abandoning module WindowsMoviePlayer (82)
[2015.11.15-03.23.34:412][958]LogModuleManager: Shutting down and abandoning module Media (81)
[2015.11.15-03.23.34:412][958]LogModuleManager: Shutting down and abandoning module WmfMedia (80)
[2015.11.15-03.23.34:412][958]LogModuleManager: Shutting down and abandoning module OnlineBlueprintSupport (79)
[2015.11.15-03.23.34:412][958]LogModuleManager: Shutting down and abandoning module GameplayTasksEditor (78)
[2015.11.15-03.23.34:412][958]LogModuleManager: Shutting down and abandoning module PropertyEditor (77)
[2015.11.15-03.23.34:412][958]LogModuleManager: Shutting down and abandoning module BehaviorTreeEditor (76)
[2015.11.15-03.23.34:412][958]LogModuleManager: Shutting down and abandoning module FunctionalTesting (75)
[2015.11.15-03.23.34:412][958]LogModuleManager: Shutting down and abandoning module CollisionAnalyzer (74)
[2015.11.15-03.23.34:412][958]LogModuleManager: Shutting down and abandoning module WorkspaceMenuStructure (73)
[2015.11.15-03.23.34:412][958]LogModuleManager: Shutting down and abandoning module MessageLog (72)
[2015.11.15-03.23.34:412][958]LogModuleManager: Shutting down and abandoning module Sequencer (71)
[2015.11.15-03.23.34:412][958]LogModuleManager: Shutting down and abandoning module AssetTools (70)
[2015.11.15-03.23.34:412][958]LogModuleManager: Shutting down and abandoning module UMGEditor (69)
[2015.11.15-03.23.34:412][958]LogModuleManager: Shutting down and abandoning module UMG (68)
[2015.11.15-03.23.34:412][958]LogModuleManager: Shutting down and abandoning module Slate (67)
[2015.11.15-03.23.34:413][958]LogModuleManager: Shutting down and abandoning module EditorStyle (66)
[2015.11.15-03.23.34:415][958]LogModuleManager: Shutting down and abandoning module SessionServices (65)
[2015.11.15-03.23.34:415][958]LogModuleManager: Shutting down and abandoning module SourceCodeAccess (64)
[2015.11.15-03.23.34:415][958]LogModuleManager: Shutting down and abandoning module HeadMountedDisplay (63)
[2015.11.15-03.23.34:415][958]LogModuleManager: Shutting down and abandoning module XAudio2 (62)
[2015.11.15-03.23.34:415][958]LogModuleManager: Shutting down and abandoning module Networking (60)
[2015.11.15-03.23.34:415][958]LogModuleManager: Shutting down and abandoning module Core (59)
[2015.11.15-03.23.34:415][958]LogModuleManager: Shutting down and abandoning module KismetCompiler (58)
[2015.11.15-03.23.34:415][958]LogModuleManager: Shutting down and abandoning module PhysXFormats (57)
[2015.11.15-03.23.34:415][958]LogModuleManager: Shutting down and abandoning module MeshUtilities (56)
[2015.11.15-03.23.34:415][958]LogModuleManager: Shutting down and abandoning module CookingStats (55)
[2015.11.15-03.23.34:416][958]LogModuleManager: Shutting down and abandoning module DerivedDataCache (54)
[2015.11.15-03.23.34:460][958]LogDerivedDataCache: Shutdown
[2015.11.15-03.23.34:460][958]LogModuleManager: Shutting down and abandoning module ShaderFormatOpenGL (53)
[2015.11.15-03.23.34:460][958]LogModuleManager: Shutting down and abandoning module ShaderFormatD3D (52)
[2015.11.15-03.23.34:460][958]LogModuleManager: Shutting down and abandoning module MetalShaderFormat (51)
[2015.11.15-03.23.34:460][958]LogModuleManager: Shutting down and abandoning module TextureFormatUncompressed (50)
[2015.11.15-03.23.34:460][958]LogModuleManager: Shutting down and abandoning module TextureFormatPVR (49)
[2015.11.15-03.23.34:460][958]LogModuleManager: Shutting down and abandoning module TextureFormatIntelISPCTexComp (48)
[2015.11.15-03.23.34:460][958]LogModuleManager: Shutting down and abandoning module TextureFormatDXT (47)
[2015.11.15-03.23.34:460][958]LogModuleManager: Shutting down and abandoning module ImageWrapper (46)
[2015.11.15-03.23.34:460][958]LogModuleManager: Shutting down and abandoning module TextureFormatASTC (45)
[2015.11.15-03.23.34:460][958]LogModuleManager: Shutting down and abandoning module TextureFormatAndroid (44)
[2015.11.15-03.23.34:460][958]LogModuleManager: Shutting down and abandoning module AudioFormatOpus (43)
[2015.11.15-03.23.34:460][958]LogModuleManager: Shutting down and abandoning module AudioFormatOgg (42)
[2015.11.15-03.23.34:460][958]LogModuleManager: Shutting down and abandoning module AudioFormatADPCM (41)
[2015.11.15-03.23.34:460][958]LogModuleManager: Shutting down and abandoning module LinuxTargetPlatform (40)
[2015.11.15-03.23.34:460][958]LogModuleManager: Shutting down and abandoning module LinuxServerTargetPlatform (39)
[2015.11.15-03.23.34:460][958]LogModuleManager: Shutting down and abandoning module LinuxNoEditorTargetPlatform (38)
[2015.11.15-03.23.34:460][958]LogModuleManager: Shutting down and abandoning module Messaging (37)
[2015.11.15-03.23.34:460][958]LogModuleManager: Shutting down and abandoning module IOSTargetPlatform (36)
[2015.11.15-03.23.34:460][958]LogModuleManager: Shutting down and abandoning module HTML5TargetPlatform (35)
[2015.11.15-03.23.34:460][958]LogModuleManager: Shutting down and abandoning module Android_PVRTCTargetPlatform (34)
[2015.11.15-03.23.34:460][958]LogModuleManager: Shutting down and abandoning module Android_ETC2TargetPlatform (33)
[2015.11.15-03.23.34:460][958]LogModuleManager: Shutting down and abandoning module Android_ETC1TargetPlatform (32)
[2015.11.15-03.23.34:460][958]LogModuleManager: Shutting down and abandoning module Android_DXTTargetPlatform (31)
[2015.11.15-03.23.34:460][958]LogModuleManager: Shutting down and abandoning module Android_ATCTargetPlatform (30)
[2015.11.15-03.23.34:460][958]LogModuleManager: Shutting down and abandoning module Android_ASTCTargetPlatform (29)
[2015.11.15-03.23.34:460][958]LogModuleManager: Shutting down and abandoning module AndroidTargetPlatform (28)
[2015.11.15-03.23.34:460][958]LogModuleManager: Shutting down and abandoning module WindowsTargetPlatform (27)
[2015.11.15-03.23.34:460][958]LogModuleManager: Shutting down and abandoning module WindowsServerTargetPlatform (26)
[2015.11.15-03.23.34:460][958]LogModuleManager: Shutting down and abandoning module WindowsNoEditorTargetPlatform (25)
[2015.11.15-03.23.34:460][958]LogModuleManager: Shutting down and abandoning module WindowsClientTargetPlatform (24)
[2015.11.15-03.23.34:460][958]LogModuleManager: Shutting down and abandoning module AllDesktopTargetPlatform (23)
[2015.11.15-03.23.34:460][958]LogModuleManager: Shutting down and abandoning module TargetPlatform (22)
[2015.11.15-03.23.34:460][958]LogModuleManager: Shutting down and abandoning module InputCore (21)
[2015.11.15-03.23.34:460][958]LogModuleManager: Shutting down and abandoning module Settings (20)
[2015.11.15-03.23.34:460][958]LogModuleManager: Shutting down and abandoning module OnlineSubsystem (18)
[2015.11.15-03.23.34:460][958]LogModuleManager: Shutting down and abandoning module HTTP (17)
[2015.11.15-03.23.36:466][958]LogModuleManager: Shutting down and abandoning module XMPP (16)
[2015.11.15-03.23.36:466][958]LogModuleManager: Shutting down and abandoning module ExampleDeviceProfileSelector (15)
[2015.11.15-03.23.36:466][958]LogModuleManager: Shutting down and abandoning module TextureCompressor (14)
[2015.11.15-03.23.36:466][958]LogModuleManager: Shutting down and abandoning module ShaderCore (13)
[2015.11.15-03.23.36:466][958]LogModuleManager: Shutting down and abandoning module Landscape (12)
[2015.11.15-03.23.36:466][958]LogModuleManager: Shutting down and abandoning module SlateRHIRenderer (11)
[2015.11.15-03.23.36:470][958]LogModuleManager: Shutting down and abandoning module OpenGLDrv (10)
[2015.11.15-03.23.36:470][958]LogModuleManager: Shutting down and abandoning module D3D11RHI (9)
[2015.11.15-03.23.36:470][958]LogModuleManager: Shutting down and abandoning module AnimGraphRuntime (8)
[2015.11.15-03.23.36:470][958]LogModuleManager: Shutting down and abandoning module Renderer (7)
[2015.11.15-03.23.36:470][958]LogModuleManager: Shutting down and abandoning module Engine (6)
[2015.11.15-03.23.36:470][958]LogModuleManager: Shutting down and abandoning module CoreUObject (5)
[2015.11.15-03.23.36:470][958]LogModuleManager: Shutting down and abandoning module NetworkFile (4)
[2015.11.15-03.23.36:470][958]LogModuleManager: Shutting down and abandoning module StreamingFile (3)
[2015.11.15-03.23.36:470][958]LogModuleManager: Shutting down and abandoning module SandboxFile (2)
[2015.11.15-03.23.36:470][958]LogModuleManager: Shutting down and abandoning module PakFile (1)
[2015.11.15-03.23.36:472][958]LogExit: Exiting.
[2015.11.15-03.23.36:475][958]Log file closed, 11/14/15 22:23:36
