[2015.11.07-02.10.23:729][  0]Log file open, 11/06/15 21:10:23
[2015.11.07-02.10.23:729][  0]LogInit:Display: Running engine for game: NightmareGame
[2015.11.07-02.10.23:729][  0]LogInit:Display: RandInit(-728710139) SRandInit(-728710139).
[2015.11.07-02.10.23:729][  0]LogTaskGraph: Started task graph with 4 named threads and 5 total threads.
[2015.11.07-02.10.23:729][  0]LogStats: Stats thread started at 0.080201
[2015.11.07-02.10.23:729][  0]LogInit: Version: 4.9.2-2707645+++depot+UE4-Releases+4.9
[2015.11.07-02.10.23:729][  0]LogInit: API Version: 2672455
[2015.11.07-02.10.23:729][  0]LogInit: Compiled (64-bit): Sep 28 2015 10:25:44
[2015.11.07-02.10.23:729][  0]LogInit: Compiled with Visual C++: 18.00.21005.01
[2015.11.07-02.10.23:729][  0]LogInit: Build Configuration: Development
[2015.11.07-02.10.23:729][  0]LogInit: Branch Name: ++depot+UE4-Releases+4.9
[2015.11.07-02.10.23:729][  0]LogInit: Command line:  
[2015.11.07-02.10.23:729][  0]LogInit: Base directory: C:/Program Files/Epic Games/4.9/Engine/Binaries/Win64/
[2015.11.07-02.10.23:729][  0]LogInit: Rocket: 1
[2015.11.07-02.10.23:750][  0]LogInit: Using libcurl 7.41.0
[2015.11.07-02.10.23:750][  0]LogInit:  - built for x86_64-pc-win32
[2015.11.07-02.10.23:750][  0]LogInit:  - supports SSL with WinSSL
[2015.11.07-02.10.23:750][  0]LogInit:  - other features:
[2015.11.07-02.10.23:750][  0]LogInit:      CURL_VERSION_SSL
[2015.11.07-02.10.23:750][  0]LogInit:      CURL_VERSION_IPV6
[2015.11.07-02.10.23:750][  0]LogInit:      CURL_VERSION_ASYNCHDNS
[2015.11.07-02.10.23:750][  0]LogInit:      CURL_VERSION_LARGEFILE
[2015.11.07-02.10.23:750][  0]LogInit:      CURL_VERSION_IDN
[2015.11.07-02.10.23:750][  0]LogInit:  CurlRequestOptions (configurable via config and command line):
[2015.11.07-02.10.23:750][  0]LogInit:  - bVerifyPeer = true  - Libcurl will verify peer certificate
[2015.11.07-02.10.23:750][  0]LogInit:  - bUseHttpProxy = false  - Libcurl will NOT use HTTP proxy
[2015.11.07-02.10.23:750][  0]LogInit:  - bDontReuseConnections = false  - Libcurl will reuse connections
[2015.11.07-02.10.23:750][  0]LogInit:  - CertBundlePath = nullptr  - Libcurl will use whatever was configured at build time.
[2015.11.07-02.10.23:759][  0]LogInit: Presizing for 0 objects not considered by GC, pre-allocating 0 bytes.
[2015.11.07-02.10.23:765][  0]LogInit: Object subsystem initialized
[2015.11.07-02.10.23:767][  0]LogInit: Selected Device Profile: [Windows]
[2015.11.07-02.10.23:767][  0]LogInit: Applying CVar settings loaded from the selected device profile: [Windows]
[2015.11.07-02.10.25:155][  0]LogInit: Computer: DAKOTA-LAPTOP
[2015.11.07-02.10.25:155][  0]LogInit: User: Dakota
[2015.11.07-02.10.25:155][  0]LogInit: CPU Page size=4096, Cores=2
[2015.11.07-02.10.25:155][  0]LogInit: High frequency timer resolution =2.533198 MHz
[2015.11.07-02.10.25:155][  0]LogMemory: Memory total: Physical=11.9GB (12GB approx)
[2015.11.07-02.10.25:155][  0]LogMemory: Platform Memory Stats for Windows
[2015.11.07-02.10.25:155][  0]LogMemory: Process Physical Memory: 52.23 MB used, 52.23 MB peak
[2015.11.07-02.10.25:155][  0]LogMemory: Process Virtual Memory: 56.94 MB used, 56.94 MB peak
[2015.11.07-02.10.25:155][  0]LogMemory: Physical Memory: 3119.68 MB used, 12208.14 MB total
[2015.11.07-02.10.25:155][  0]LogMemory: Virtual Memory: 347.29 MB used, 134217728.00 MB total
[2015.11.07-02.10.25:261][  0]LogTextLocalizationManager: No specific translations for ('en-US') exist, so ('en') translations will be used.
[2015.11.07-02.10.26:242][  0]LogD3D11RHI: Found D3D11 adapter 0: Intel(R) HD Graphics Family (Feature Level 11_0)
[2015.11.07-02.10.26:242][  0]LogD3D11RHI: Adapter has 0MB of dedicated video memory, 0MB of dedicated system memory, and 1792MB of shared system memory, 1 output[s]
[2015.11.07-02.10.26:244][  0]LogD3D11RHI: Found D3D11 adapter 1: Microsoft Basic Render Driver (Feature Level 11_0)
[2015.11.07-02.10.26:244][  0]LogD3D11RHI: Adapter has 0MB of dedicated video memory, 0MB of dedicated system memory, and 256MB of shared system memory, 0 output[s]
[2015.11.07-02.10.26:244][  0]LogD3D11RHI: Chosen D3D11 Adapter Id = 0
[2015.11.07-02.10.26:249][  0]LogD3D11RHI: !Direct3DDevice
[2015.11.07-02.10.26:249][  0]LogRHI: Texture pool is 627 MB (70% of 896 MB)
[2015.11.07-02.10.26:257][  0]LogD3D11RHI: Async texture creation enabled
[2015.11.07-02.10.26:263][  0]LogShaderCompilers: Guid format shader working directory is 15 characters bigger than the processId version (D:/Year 3/Fall Semester/GDD II/Nightmare Game/NightmareGame/TheGame/Intermediate/Shaders/WorkingDirectory/4768/).
[2015.11.07-02.10.26:264][  0]LogShaderCompilers: Cleaned the shader compiler working directory 'D:/Year 3/Fall Semester/GDD II/Nightmare Game/NightmareGame/TheGame/Intermediate/Shaders/tmp/6073B0E846855B66A3DDBB870619F1F6/'.
[2015.11.07-02.10.26:264][  0]LogShaderCompilers:Display: Using Local Shader Compiler.
[2015.11.07-02.10.30:226][  0]LogTemp:Display: Loaded TP AllDesktopTargetPlatform
[2015.11.07-02.10.30:235][  0]LogTemp:Display: Loaded TP WindowsClientTargetPlatform
[2015.11.07-02.10.30:242][  0]LogTemp:Display: Loaded TP WindowsNoEditorTargetPlatform
[2015.11.07-02.10.30:251][  0]LogTemp:Display: Loaded TP WindowsServerTargetPlatform
[2015.11.07-02.10.30:258][  0]LogTemp:Display: Loaded TP WindowsTargetPlatform
[2015.11.07-02.10.30:264][  0]LogTemp:Display: Loaded TP AndroidTargetPlatform
[2015.11.07-02.10.30:269][  0]LogTemp:Display: Loaded TP Android_ASTCTargetPlatform
[2015.11.07-02.10.30:274][  0]LogTemp:Display: Loaded TP Android_ATCTargetPlatform
[2015.11.07-02.10.30:279][  0]LogTemp:Display: Loaded TP Android_DXTTargetPlatform
[2015.11.07-02.10.30:284][  0]LogTemp:Display: Loaded TP Android_ETC1TargetPlatform
[2015.11.07-02.10.30:289][  0]LogTemp:Display: Loaded TP Android_ETC2TargetPlatform
[2015.11.07-02.10.30:295][  0]LogTemp:Display: Loaded TP Android_PVRTCTargetPlatform
[2015.11.07-02.10.30:296][  0]LogTemp:Display: Loaded TP HTML5TargetPlatform
[2015.11.07-02.10.30:315][  0]LogTemp:Display: Loaded TP IOSTargetPlatform
[2015.11.07-02.10.30:321][  0]LogTemp:Display: Loaded TP LinuxNoEditorTargetPlatform
[2015.11.07-02.10.31:025][  0]LogTemp:Display: Loaded TP LinuxServerTargetPlatform
[2015.11.07-02.10.31:042][  0]LogTemp:Display: Loaded TP LinuxTargetPlatform
[2015.11.07-02.10.31:042][  0]LogTargetPlatformManager:Display: Building Assets For Windows
[2015.11.07-02.10.31:170][  0]LogDerivedDataCache:Display: Max Cache Size: 512 MB
[2015.11.07-02.10.31:215][  0]LogDerivedDataCache: Loaded boot cache 0.04s 41MB C:/Users/Dakota/AppData/Local/UnrealEngine/4.9/DerivedDataCache/Boot.ddc.
[2015.11.07-02.10.31:215][  0]LogDerivedDataCache:Display: Loaded Boot cache: C:/Users/Dakota/AppData/Local/UnrealEngine/4.9/DerivedDataCache/Boot.ddc
[2015.11.07-02.10.31:215][  0]LogDerivedDataCache: FDerivedDataBackendGraph:  Pak pak cache file D:/Year 3/Fall Semester/GDD II/Nightmare Game/NightmareGame/TheGame/DerivedDataCache/DDC.ddp not found, will not use a pak cache.
[2015.11.07-02.10.31:215][  0]LogDerivedDataCache: Unable to find inner node Pak for hierarchical cache Hierarchy.
[2015.11.07-02.10.31:216][  0]LogDerivedDataCache: FDerivedDataBackendGraph:  CompressedPak pak cache file D:/Year 3/Fall Semester/GDD II/Nightmare Game/NightmareGame/TheGame/DerivedDataCache/Compressed.ddp not found, will not use a pak cache.
[2015.11.07-02.10.31:216][  0]LogDerivedDataCache: Unable to find inner node CompressedPak for hierarchical cache Hierarchy.
[2015.11.07-02.10.31:353][  0]LogDerivedDataCache:Display: Pak cache opened for reading ../../../Engine/DerivedDataCache/Compressed.ddp.
[2015.11.07-02.10.31:366][  0]LogDerivedDataCache: Using Local data cache path C:/Users/Dakota/AppData/Local/UnrealEngine/Common/DerivedDataCache: Writable
[2015.11.07-02.10.32:173][  0]LogInit: Selected Device Profile: [Windows]
[2015.11.07-02.10.32:177][  0]LogContentStreaming: Texture pool size is 0.000000MB
[2015.11.07-02.10.32:946][  0]LogMeshUtilities: No automatic mesh reduction module available
[2015.11.07-02.10.32:946][  0]LogMeshUtilities: No automatic mesh merging module available
[2015.11.07-02.10.33:330][  0]LogInit: WinSock: version 1.1 (2.2), MaxSocks=32767, MaxUdp=65467
[2015.11.07-02.10.36:048][  0]UdpMessaging: Initializing bridge on interface 0.0.0.0:0 to multicast group 230.0.0.1:6666.
[2015.11.07-02.10.36:825][  0]LogAssetRegistry: FAssetRegistry took 0.0115 seconds to start up
[2015.11.07-02.10.37:938][  0]SourceControl: Info Source control is disabled
[2015.11.07-02.10.53:401][  0]LogLinker:Warning: Asset '../../../Engine/Plugins/Runtime/LeapMotionController/Content/LM_PassthroughMaterial.uasset' has been saved with empty engine version. The asset will be loaded but may be incompatible.
[2015.11.07-02.10.53:526][  0]LogObj: 28361 objects as part of root set at end of initial load.
[2015.11.07-02.10.53:526][  0]LogUObjectAllocator: 6038872 out of 0 bytes used by permanent object pool.
[2015.11.07-02.10.53:612][  0]LogEngine: Initializing Engine...
[2015.11.07-02.10.54:330][  0]LogHMD: Can't find Oculus library dev build: is proper Runtime installed? Version: 0.7.0.0
[2015.11.07-02.10.54:331][  0]LogHMD: SteamVR failed to initialize.  Err: 110
[2015.11.07-02.10.54:476][  0]LogAIModule: Creating AISystem for world NewWorld
[2015.11.07-02.10.54:482][  0]LogInit: XAudio2 using 'Speakers (Conexant SmartAudio HD)' : 2 channels at 48 kHz using 32 bits per sample (channel mask 0x3)
[2015.11.07-02.10.54:493][  0]LogInit: FAudioDevice initialized.
[2015.11.07-02.10.54:519][  0]LogDerivedDataCache: Saved boot cache 0.03s 41MB C:/Users/Dakota/AppData/Local/UnrealEngine/4.9/DerivedDataCache/Boot.ddc.
[2015.11.07-02.10.54:523][  0]LogInit: Texture streaming: Enabled
[2015.11.07-02.10.55:238][  0]LogAnalytics: Creating configured Analytics provider AnalyticsET
[2015.11.07-02.10.55:238][  0]LogAnalytics: [UEEditor.Rocket.Release] APIServer = http://et2.epicgames.com/ET2/. AppVersion = 4.9.2-2707645+++depot+UE4-Releases+4.9
[2015.11.07-02.10.55:238][  0]LogAnalytics: [UEEditor.Rocket.Release] SetUserId beea72564c5e292331dd6ca809bca9c7|94ef35f5a50f483a91bb39f0bb183548|be7d8118-7827-47e6-8d7c-09dff9a798de
[2015.11.07-02.10.55:238][  0]LogAnalytics: [UEEditor.Rocket.Release] AnalyticsET::StartSession
[2015.11.07-02.10.55:332][  0]LogInit: Transaction tracking system initialized
[2015.11.07-02.10.55:380][  0]BlueprintLog: New page: Editor Load
[2015.11.07-02.10.57:029][  0]LocalizationService: Info Localization service is disabled
[2015.11.07-02.10.57:224][  0]LogConsoleResponse:Display: 
[2015.11.07-02.10.57:992][  0]LogCook:Display: Done creating registry. It took  0.00s.
[2015.11.07-02.10.59:862][  0]LogFileCache: Scanning file cache for directory 'D:/Year 3/Fall Semester/GDD II/Nightmare Game/NightmareGame/TheGame/Content/' took 0.55s
[2015.11.07-02.10.59:863][  0]Cmd: MAP LOAD FILE="D:/Year 3/Fall Semester/GDD II/Nightmare Game/NightmareGame/TheGame/Content/ThirdPersonBP/Maps/Hub.umap" TEMPLATE=0 SHOWPROGRESS=1 FEATURELEVEL=3
[2015.11.07-02.10.59:865][  0]LightingResults: New page: Lighting Build
[2015.11.07-02.10.59:874][  0]MapCheck: New page: Map Check
[2015.11.07-02.10.59:874][  0]LightingResults: New page: Lighting Build
[2015.11.07-02.10.59:911][  0]LogParticles: Destroying 0 GPU particle simulations for FXSystem 0x000000CB211BBCE0
[2015.11.07-02.11.00:765][  0]LogLinker:Warning: Asset 'D:/Year 3/Fall Semester/GDD II/Nightmare Game/NightmareGame/TheGame/Content/Mannequin/Animations/ThirdPerson_AnimBP.uasset' has been saved with empty engine version. The asset will be loaded but may be incompatible.
[2015.11.07-02.11.00:768][  0]LogLinker:Warning: Asset 'D:/Year 3/Fall Semester/GDD II/Nightmare Game/NightmareGame/TheGame/Content/Mannequin/Animations/ThirdPerson_Jump.uasset' has been saved with empty engine version. The asset will be loaded but may be incompatible.
[2015.11.07-02.11.00:772][  0]LogLinker:Warning: Asset 'D:/Year 3/Fall Semester/GDD II/Nightmare Game/NightmareGame/TheGame/Content/Mannequin/Animations/ThirdPersonJump_Loop.uasset' has been saved with empty engine version. The asset will be loaded but may be incompatible.
[2015.11.07-02.11.00:774][  0]LogLinker:Warning: Asset 'D:/Year 3/Fall Semester/GDD II/Nightmare Game/NightmareGame/TheGame/Content/Mannequin/Animations/ThirdPersonJump_Start.uasset' has been saved with empty engine version. The asset will be loaded but may be incompatible.
[2015.11.07-02.11.00:775][  0]LogLinker:Warning: Asset 'D:/Year 3/Fall Semester/GDD II/Nightmare Game/NightmareGame/TheGame/Content/Mannequin/Animations/ThirdPerson_IdleRun_2D.uasset' has been saved with empty engine version. The asset will be loaded but may be incompatible.
[2015.11.07-02.11.00:776][  0]LogLinker:Warning: Asset 'D:/Year 3/Fall Semester/GDD II/Nightmare Game/NightmareGame/TheGame/Content/Mannequin/Animations/ThirdPersonIdle.uasset' has been saved with empty engine version. The asset will be loaded but may be incompatible.
[2015.11.07-02.11.00:778][  0]LogLinker:Warning: Asset 'D:/Year 3/Fall Semester/GDD II/Nightmare Game/NightmareGame/TheGame/Content/Mannequin/Animations/ThirdPersonRun.uasset' has been saved with empty engine version. The asset will be loaded but may be incompatible.
[2015.11.07-02.11.00:780][  0]LogLinker:Warning: Asset 'D:/Year 3/Fall Semester/GDD II/Nightmare Game/NightmareGame/TheGame/Content/Mannequin/Animations/ThirdPersonWalk.uasset' has been saved with empty engine version. The asset will be loaded but may be incompatible.
[2015.11.07-02.11.04:510][  0]LogAIModule: Creating AISystem for world Hub
[2015.11.07-02.11.04:559][  0]LogEditorServer: Finished looking for orphan Actors (0.000 secs)
[2015.11.07-02.11.04:560][  0]Cmd: MAP CHECKDEP NOCLEARLOG
[2015.11.07-02.11.05:517][  0]MapCheck: Info Map check complete: 0 Error(s), 0 Warning(s), took 957.027ms to complete.
[2015.11.07-02.11.05:517][  0]LogFileHelpers: Loading map 'Hub' took 5.655
[2015.11.07-02.11.06:303][  0]LogCollectionManager: Loaded 0 collections in 0.003913 seconds
[2015.11.07-02.11.06:353][  0]LogFileCache: Scanning file cache for directory 'D:/Year 3/Fall Semester/GDD II/Nightmare Game/NightmareGame/TheGame/Saved/Collections/' took 0.01s
[2015.11.07-02.11.06:353][  0]LogFileCache: Scanning file cache for directory 'D:/Year 3/Fall Semester/GDD II/Nightmare Game/NightmareGame/TheGame/Content/Developers/Dakota/Collections/' took 0.01s
[2015.11.07-02.11.06:353][  0]LogFileCache: Scanning file cache for directory 'D:/Year 3/Fall Semester/GDD II/Nightmare Game/NightmareGame/TheGame/Content/Collections/' took 0.01s
[2015.11.07-02.11.06:353][  0]LogContentBrowser: Native class hierarchy populated in 0.0104 seconds. Added 1867 classes and 333 folders.
[2015.11.07-02.11.06:361][  0]LogCollectionManager: Rebuilt the GUID cache for 0 collections in 0.000003 seconds
[2015.11.07-02.11.06:373][  0]LogContentBrowser: Native class hierarchy updated for 'WidgetCarousel' in 0.0012 seconds. Added 0 classes and 0 folders.
[2015.11.07-02.11.06:483][  0]LogContentBrowser: Native class hierarchy updated for 'AddContentDialog' in 0.0011 seconds. Added 0 classes and 0 folders.
[2015.11.07-02.11.06:492][  0]LogContentBrowser: Native class hierarchy updated for 'SceneOutliner' in 0.0012 seconds. Added 1 classes and 2 folders.
[2015.11.07-02.11.07:246][  0]LogCrashTracker: Crashtracker disabled due to settings.
[2015.11.07-02.11.07:251][  0]LogUObjectGlobals:Warning: Failed to find object 'Class None.'
[2015.11.07-02.11.07:274][  0]LogLoad: Full Startup: 54.56 seconds (BP compile: 0.26 seconds)
[2015.11.07-02.11.09:370][  0]SourceControl: Info On branch Dakota
[2015.11.07-02.11.09:370][  0]SourceControl: Info Your branch is up-to-date with 'origin/Dakota'.
[2015.11.07-02.11.09:370][  0]SourceControl: Info Changes not staged for commit:
[2015.11.07-02.11.09:370][  0]SourceControl: Info   (use "git add/rm <file>..." to update what will be committed)
[2015.11.07-02.11.09:370][  0]SourceControl: Info   (use "git checkout -- <file>..." to discard changes in working directory)
[2015.11.07-02.11.09:370][  0]SourceControl: Info 	modified:   TheGame/Intermediate/CachedAssetRegistry.bin
[2015.11.07-02.11.09:370][  0]SourceControl: Info 	modified:   TheGame/