[2015.11.16-13.11.26:375][  0]Log file open, 11/16/15 08:11:26
[2015.11.16-13.11.26:375][  0]LogInit:Display: Running engine for game: NightmareGame
[2015.11.16-13.11.26:375][  0]LogInit:Display: RandInit(339214843) SRandInit(339214843).
[2015.11.16-13.11.26:375][  0]LogTaskGraph: Started task graph with 4 named threads and 7 total threads.
[2015.11.16-13.11.26:375][  0]LogStats: Stats thread started at 0.115319
[2015.11.16-13.11.26:375][  0]LogInit: Version: 4.9.2-2707645+++depot+UE4-Releases+4.9
[2015.11.16-13.11.26:375][  0]LogInit: API Version: 2672455
[2015.11.16-13.11.26:376][  0]LogInit: Compiled (64-bit): Sep 28 2015 10:25:44
[2015.11.16-13.11.26:376][  0]LogInit: Compiled with Visual C++: 18.00.21005.01
[2015.11.16-13.11.26:376][  0]LogInit: Build Configuration: Development
[2015.11.16-13.11.26:376][  0]LogInit: Branch Name: ++depot+UE4-Releases+4.9
[2015.11.16-13.11.26:376][  0]LogInit: Command line:  /Temp/Autosaves/Game/Maps/UEDPCMainMenu -game -PIEVIACONSOLE -ResX=1280 -ResY=720  -Multiprocess 
[2015.11.16-13.11.26:376][  0]LogInit: Base directory: C:/Program Files/Epic Games/4.9/Engine/Binaries/Win64/
[2015.11.16-13.11.26:376][  0]LogInit: Rocket: 1
[2015.11.16-13.11.26:413][  0]LogInit: Using libcurl 7.41.0
[2015.11.16-13.11.26:413][  0]LogInit:  - built for x86_64-pc-win32
[2015.11.16-13.11.26:413][  0]LogInit:  - supports SSL with WinSSL
[2015.11.16-13.11.26:413][  0]LogInit:  - other features:
[2015.11.16-13.11.26:413][  0]LogInit:      CURL_VERSION_SSL
[2015.11.16-13.11.26:413][  0]LogInit:      CURL_VERSION_IPV6
[2015.11.16-13.11.26:413][  0]LogInit:      CURL_VERSION_ASYNCHDNS
[2015.11.16-13.11.26:413][  0]LogInit:      CURL_VERSION_LARGEFILE
[2015.11.16-13.11.26:413][  0]LogInit:      CURL_VERSION_IDN
[2015.11.16-13.11.26:413][  0]LogInit:  CurlRequestOptions (configurable via config and command line):
[2015.11.16-13.11.26:413][  0]LogInit:  - bVerifyPeer = true  - Libcurl will verify peer certificate
[2015.11.16-13.11.26:413][  0]LogInit:  - bUseHttpProxy = false  - Libcurl will NOT use HTTP proxy
[2015.11.16-13.11.26:413][  0]LogInit:  - bDontReuseConnections = false  - Libcurl will reuse connections
[2015.11.16-13.11.26:413][  0]LogInit:  - CertBundlePath = nullptr  - Libcurl will use whatever was configured at build time.
[2015.11.16-13.11.26:427][  0]LogInit: Presizing for 0 objects not considered by GC, pre-allocating 0 bytes.
[2015.11.16-13.11.26:438][  0]LogInit: Object subsystem initialized
[2015.11.16-13.11.26:440][  0]LogInit: Selected Device Profile: [Windows]
[2015.11.16-13.11.26:440][  0]LogInit: Applying CVar settings loaded from the selected device profile: [Windows]
[2015.11.16-13.11.26:448][  0]LogInit: Computer: NICKSCOMPUTER
[2015.11.16-13.11.26:448][  0]LogInit: User: ntanc000
[2015.11.16-13.11.26:448][  0]LogInit: CPU Page size=4096, Cores=4
[2015.11.16-13.11.26:448][  0]LogInit: High frequency timer resolution =2.537596 MHz
[2015.11.16-13.11.26:448][  0]LogMemory: Memory total: Physical=15.9GB (16GB approx)
[2015.11.16-13.11.26:448][  0]LogMemory: Platform Memory Stats for Windows
[2015.11.16-13.11.26:448][  0]LogMemory: Process Physical Memory: 52.39 MB used, 52.39 MB peak
[2015.11.16-13.11.26:448][  0]LogMemory: Process Virtual Memory: 56.03 MB used, 56.03 MB peak
[2015.11.16-13.11.26:448][  0]LogMemory: Physical Memory: 5089.89 MB used, 16269.45 MB total
[2015.11.16-13.11.26:448][  0]LogMemory: Virtual Memory: 361.12 MB used, 134217728.00 MB total
[2015.11.16-13.11.26:525][  0]LogTextLocalizationManager: No specific translations for ('en-US') exist, so ('en') translations will be used.
[2015.11.16-13.11.27:363][  0]LogD3D11RHI: Found D3D11 adapter 0: NVIDIA GeForce GTX 980M (Feature Level 11_0)
[2015.11.16-13.11.27:363][  0]LogD3D11RHI: Adapter has 3981MB of dedicated video memory, 0MB of dedicated system memory, and 8134MB of shared system memory, 1 output[s]
[2015.11.16-13.11.27:375][  0]LogD3D11RHI: Found D3D11 adapter 1: Intel(R) HD Graphics 4600 (Feature Level 11_0)
[2015.11.16-13.11.27:375][  0]LogD3D11RHI: Adapter has 32MB of dedicated video memory, 0MB of dedicated system memory, and 1760MB of shared system memory, 0 output[s]
[2015.11.16-13.11.27:382][  0]LogD3D11RHI: Found D3D11 adapter 2: Microsoft Basic Render Driver (Feature Level 11_0)
[2015.11.16-13.11.27:382][  0]LogD3D11RHI: Adapter has 0MB of dedicated video memory, 0MB of dedicated system memory, and 256MB of shared system memory, 0 output[s]
[2015.11.16-13.11.27:382][  0]LogD3D11RHI: Chosen D3D11 Adapter Id = 0
[2015.11.16-13.11.27:387][  0]LogD3D11RHI: !Direct3DDevice
[2015.11.16-13.11.27:387][  0]LogRHI: Texture pool is 1361 MB (70% of 1945 MB)
[2015.11.16-13.11.27:402][  0]LogD3D11RHI: Async texture creation enabled
[2015.11.16-13.11.27:418][  0]LogShaderCompilers: Guid format shader working directory is 15 characters bigger than the processId version (D:/NightmareGame/TheGame/Intermediate/Shaders/WorkingDirectory/3544/).
[2015.11.16-13.11.27:419][  0]LogShaderCompilers: Cleaned the shader compiler working directory 'D:/NightmareGame/TheGame/Intermediate/Shaders/tmp/73A1FA7545094310C0174EAD8D65837A/'.
[2015.11.16-13.11.27:419][  0]LogShaderCompilers:Display: Using Local Shader Compiler.
[2015.11.16-13.11.29:332][  0]LogTemp:Display: Loaded TP AllDesktopTargetPlatform
[2015.11.16-13.11.29:349][  0]LogTemp:Display: Loaded TP WindowsClientTargetPlatform
[2015.11.16-13.11.29:362][  0]LogTemp:Display: Loaded TP WindowsNoEditorTargetPlatform
[2015.11.16-13.11.29:375][  0]LogTemp:Display: Loaded TP WindowsServerTargetPlatform
[2015.11.16-13.11.29:389][  0]LogTemp:Display: Loaded TP WindowsTargetPlatform
[2015.11.16-13.11.29:399][  0]LogTemp:Display: Loaded TP AndroidTargetPlatform
[2015.11.16-13.11.29:409][  0]LogTemp:Display: Loaded TP Android_ASTCTargetPlatform
[2015.11.16-13.11.29:418][  0]LogTemp:Display: Loaded TP Android_ATCTargetPlatform
[2015.11.16-13.11.29:427][  0]LogTemp:Display: Loaded TP Android_DXTTargetPlatform
[2015.11.16-13.11.29:436][  0]LogTemp:Display: Loaded TP Android_ETC1TargetPlatform
[2015.11.16-13.11.29:446][  0]LogTemp:Display: Loaded TP Android_ETC2TargetPlatform
[2015.11.16-13.11.29:456][  0]LogTemp:Display: Loaded TP Android_PVRTCTargetPlatform
[2015.11.16-13.11.29:458][  0]LogTemp:Display: Loaded TP HTML5TargetPlatform
[2015.11.16-13.11.29:486][  0]LogTemp:Display: Loaded TP IOSTargetPlatform
[2015.11.16-13.11.29:495][  0]LogTemp:Display: Loaded TP LinuxNoEditorTargetPlatform
[2015.11.16-13.11.29:504][  0]LogTemp:Display: Loaded TP LinuxServerTargetPlatform
[2015.11.16-13.11.29:514][  0]LogTemp:Display: Loaded TP LinuxTargetPlatform
[2015.11.16-13.11.29:514][  0]LogTargetPlatformManager:Display: Building Assets For Windows
[2015.11.16-13.11.29:673][  0]LogDerivedDataCache:Display: Max Cache Size: 512 MB
[2015.11.16-13.11.29:733][  0]LogDerivedDataCache: Loaded boot cache 0.06s 41MB C:/Users/ntanc_000/AppData/Local/UnrealEngine/4.9/DerivedDataCache/Boot.ddc.
[2015.11.16-13.11.29:733][  0]LogDerivedDataCache:Display: Loaded Boot cache: C:/Users/ntanc_000/AppData/Local/UnrealEngine/4.9/DerivedDataCache/Boot.ddc
[2015.11.16-13.11.29:733][  0]LogDerivedDataCache: FDerivedDataBackendGraph:  Pak pak cache file D:/NightmareGame/TheGame/DerivedDataCache/DDC.ddp not found, will not use a pak cache.
[2015.11.16-13.11.29:733][  0]LogDerivedDataCache: Unable to find inner node Pak for hierarchical cache Hierarchy.
[2015.11.16-13.11.29:733][  0]LogDerivedDataCache: FDerivedDataBackendGraph:  CompressedPak pak cache file D:/NightmareGame/TheGame/DerivedDataCache/Compressed.ddp not found, will not use a pak cache.
[2015.11.16-13.11.29:733][  0]LogDerivedDataCache: Unable to find inner node CompressedPak for hierarchical cache Hierarchy.
[2015.11.16-13.11.29:963][  0]LogDerivedDataCache:Display: Pak cache opened for reading ../../../Engine/DerivedDataCache/Compressed.ddp.
[2015.11.16-13.11.29:977][  0]LogDerivedDataCache: Using Local data cache path C:/Users/ntanc_000/AppData/Local/UnrealEngine/Common/DerivedDataCache: Writable
[2015.11.16-13.11.30:448][  0]LogInit: Selected Device Profile: [Windows]
[2015.11.16-13.11.30:453][  0]LogContentStreaming: Texture pool size is 1000.000000MB
[2015.11.16-13.11.30:710][  0]LogMeshUtilities: No automatic mesh reduction module available
[2015.11.16-13.11.30:710][  0]LogMeshUtilities: No automatic mesh merging module available
[2015.11.16-13.11.30:997][  0]LogInit: WinSock: version 1.1 (2.2), MaxSocks=32767, MaxUdp=65467
[2015.11.16-13.11.31:236][  0]LogWindowsMoviePlayer: Unable to load movie: D:/NightmareGame/TheGame/Content/Movies/Default_Startup.mp4
[2015.11.16-13.11.31:360][  0]SourceControl: Info Source control is disabled
[2015.11.16-13.11.31:361][  0]SourceControl: Info Source control is disabled
[2015.11.16-13.11.31:378][  0]SourceControl: Info Source control is disabled
[2015.11.16-13.11.31:512][  0]LogLinker:Warning: Asset '../../../Engine/Plugins/Runtime/LeapMotionController/Content/LM_PassthroughMaterial.uasset' has been saved with empty engine version. The asset will be loaded but may be incompatible.
[2015.11.16-13.11.31:630][  0]LogObj: 27669 objects as part of root set at end of initial load.
[2015.11.16-13.11.31:630][  0]LogUObjectAllocator: 5775696 out of 0 bytes used by permanent object pool.
[2015.11.16-13.11.31:789][  0]LogEngine: Initializing Engine...
[2015.11.16-13.11.31:791][  0]LogHMD: Can't find Oculus library dev build: is proper Runtime installed? Version: 0.7.0.0
[2015.11.16-13.11.31:793][  0]LogHMD: SteamVR failed to initialize.  Err: 110
[2015.11.16-13.11.31:918][  0]LogInit: XAudio2 using 'Speakers (Sound Blaster Recon3Di)' : 2 channels at 48 kHz using 32 bits per sample (channel mask 0x3)
[2015.11.16-13.11.31:929][  0]LogInit: FAudioDevice initialized.
[2015.11.16-13.11.31:932][  0]LogInit: Texture streaming: Enabled
[2015.11.16-13.11.32:006][  0]LogNet: Browse: /Temp/Autosaves/Game/Maps/UEDPCMainMenu?Name=Player
[2015.11.16-13.11.32:012][  0]LogLoad: LoadMap: /Temp/Autosaves/Game/Maps/UEDPCMainMenu?Name=Player
[2015.11.16-13.11.32:025][  0]LogParticles: Destroying 0 GPU particle simulations for FXSystem 0x0000001004354FE0
[2015.11.16-13.11.32:036][  0]LogMemory: Platform Memory Stats for Windows
[2015.11.16-13.11.32:036][  0]LogMemory: Process Physical Memory: 385.02 MB used, 385.02 MB peak
[2015.11.16-13.11.32:036][  0]LogMemory: Process Virtual Memory: 452.17 MB used, 452.17 MB peak
[2015.11.16-13.11.32:036][  0]LogMemory: Physical Memory: 5360.16 MB used, 16269.45 MB total
[2015.11.16-13.11.32:036][  0]LogMemory: Virtual Memory: 969.56 MB used, 134217728.00 MB total
[2015.11.16-13.11.32:036][  0]LogMemory: 
[2015.11.16-13.11.32:036][  0]Allocator Stats for TBB: (not implemented)
[2015.11.16-13.11.32:119][  0]LogAIModule: Creating AISystem for world MainMenu
[2015.11.16-13.11.32:129][  0]LogLinker:Warning: Asset 'D:/NightmareGame/TheGame/Content/Mannequin/Animations/ThirdPerson_AnimBP.uasset' has been saved with empty engine version. The asset will be loaded but may be incompatible.
[2015.11.16-13.11.32:133][  0]LogLinker:Warning: Asset 'D:/NightmareGame/TheGame/Content/Mannequin/Animations/ThirdPerson_Jump.uasset' has been saved with empty engine version. The asset will be loaded but may be incompatible.
[2015.11.16-13.11.32:134][  0]LogLinker:Warning: Asset 'D:/NightmareGame/TheGame/Content/Mannequin/Animations/ThirdPersonJump_Loop.uasset' has been saved with empty engine version. The asset will be loaded but may be incompatible.
[2015.11.16-13.11.32:134][  0]LogLinker:Warning: Asset 'D:/NightmareGame/TheGame/Content/Mannequin/Animations/ThirdPersonJump_Start.uasset' has been saved with empty engine version. The asset will be loaded but may be incompatible.
[2015.11.16-13.11.32:135][  0]LogLinker:Warning: Asset 'D:/NightmareGame/TheGame/Content/Mannequin/Animations/ThirdPerson_IdleRun_2D.uasset' has been saved with empty engine version. The asset will be loaded but may be incompatible.
[2015.11.16-13.11.32:202][  0]LogLinker:Warning: Asset 'D:/NightmareGame/TheGame/Content/Mannequin/Animations/ThirdPersonIdle.uasset' has been saved with empty engine version. The asset will be loaded but may be incompatible.
[2015.11.16-13.11.32:2