[2015.11.12-11.23.07:348][  0]Log file open, 11/12/15 06:23:07
[2015.11.12-11.23.07:348][  0]LogInit:Display: Running engine for game: NightmareGame
[2015.11.12-11.23.07:348][  0]LogInit:Display: RandInit(342788249) SRandInit(342788249).
[2015.11.12-11.23.07:348][  0]LogTaskGraph: Started task graph with 4 named threads and 7 total threads.
[2015.11.12-11.23.07:348][  0]LogStats: Stats thread started at 0.402614
[2015.11.12-11.23.07:348][  0]LogInit: Version: 4.9.2-2707645+++depot+UE4-Releases+4.9
[2015.11.12-11.23.07:348][  0]LogInit: API Version: 2672455
[2015.11.12-11.23.07:348][  0]LogInit: Compiled (64-bit): Sep 28 2015 10:25:44
[2015.11.12-11.23.07:348][  0]LogInit: Compiled with Visual C++: 18.00.21005.01
[2015.11.12-11.23.07:348][  0]LogInit: Build Configuration: Development
[2015.11.12-11.23.07:348][  0]LogInit: Branch Name: ++depot+UE4-Releases+4.9
[2015.11.12-11.23.07:348][  0]LogInit: Command line:  
[2015.11.12-11.23.07:348][  0]LogInit: Base directory: C:/Program Files/Epic Games/4.9/Engine/Binaries/Win64/
[2015.11.12-11.23.07:348][  0]LogInit: Rocket: 1
[2015.11.12-11.23.07:386][  0]LogInit: Using libcurl 7.41.0
[2015.11.12-11.23.07:386][  0]LogInit:  - built for x86_64-pc-win32
[2015.11.12-11.23.07:386][  0]LogInit:  - supports SSL with WinSSL
[2015.11.12-11.23.07:386][  0]LogInit:  - other features:
[2015.11.12-11.23.07:386][  0]LogInit:      CURL_VERSION_SSL
[2015.11.12-11.23.07:386][  0]LogInit:      CURL_VERSION_IPV6
[2015.11.12-11.23.07:386][  0]LogInit:      CURL_VERSION_ASYNCHDNS
[2015.11.12-11.23.07:386][  0]LogInit:      CURL_VERSION_LARGEFILE
[2015.11.12-11.23.07:386][  0]LogInit:      CURL_VERSION_IDN
[2015.11.12-11.23.07:386][  0]LogInit:  CurlRequestOptions (configurable via config and command line):
[2015.11.12-11.23.07:386][  0]LogInit:  - bVerifyPeer = true  - Libcurl will verify peer certificate
[2015.11.12-11.23.07:386][  0]LogInit:  - bUseHttpProxy = false  - Libcurl will NOT use HTTP proxy
[2015.11.12-11.23.07:386][  0]LogInit:  - bDontReuseConnections = false  - Libcurl will reuse connections
[2015.11.12-11.23.07:386][  0]LogInit:  - CertBundlePath = nullptr  - Libcurl will use whatever was configured at build time.
[2015.11.12-11.23.07:445][  0]LogInit: Presizing for 0 objects not considered by GC, pre-allocating 0 bytes.
[2015.11.12-11.23.07:451][  0]LogInit: Object subsystem initialized
[2015.11.12-11.23.07:452][  0]LogInit: Selected Device Profile: [Windows]
[2015.11.12-11.23.07:452][  0]LogInit: Applying CVar settings loaded from the selected device profile: [Windows]
[2015.11.12-11.23.07:472][  0]LogInit: Computer: NICKSCOMPUTER
[2015.11.12-11.23.07:472][  0]LogInit: User: ntanc000
[2015.11.12-11.23.07:472][  0]LogInit: CPU Page size=4096, Cores=4
[2015.11.12-11.23.07:472][  0]LogInit: High frequency timer resolution =2.537590 MHz
[2015.11.12-11.23.07:472][  0]LogMemory: Memory total: Physical=15.9GB (16GB approx)
[2015.11.12-11.23.07:473][  0]LogMemory: Platform Memory Stats for Windows
[2015.11.12-11.23.07:473][  0]LogMemory: Process Physical Memory: 52.93 MB used, 52.93 MB peak
[2015.11.12-11.23.07:473][  0]LogMemory: Process Virtual Memory: 55.00 MB used, 55.00 MB peak
[2015.11.12-11.23.07:473][  0]LogMemory: Physical Memory: 2226.97 MB used, 16269.45 MB total
[2015.11.12-11.23.07:473][  0]LogMemory: Virtual Memory: 360.18 MB used, 134217728.00 MB total
[2015.11.12-11.23.08:063][  0]LogTextLocalizationManager: No specific translations for ('en-US') exist, so ('en') translations will be used.
[2015.11.12-11.23.09:176][  0]LogD3D11RHI: Found D3D11 adapter 0: NVIDIA GeForce GTX 980M (Feature Level 11_0)
[2015.11.12-11.23.09:176][  0]LogD3D11RHI: Adapter has 3981MB of dedicated video memory, 0MB of dedicated system memory, and 8134MB of shared system memory, 1 output[s]
[2015.11.12-11.23.09:184][  0]LogD3D11RHI: Found D3D11 adapter 1: Intel(R) HD Graphics 4600 (Feature Level 11_0)
[2015.11.12-11.23.09:184][  0]LogD3D11RHI: Adapter has 32MB of dedicated video memory, 0MB of dedicated system memory, and 1760MB of shared system memory, 0 output[s]
[2015.11.12-11.23.09:200][  0]LogD3D11RHI: Found D3D11 adapter 2: Microsoft Basic Render Driver (Feature Level 11_0)
[2015.11.12-11.23.09:200][  0]LogD3D11RHI: Adapter has 0MB of dedicated video memory, 0MB of dedicated system memory, and 256MB of shared system memory, 0 output[s]
[2015.11.12-11.23.09:200][  0]LogD3D11RHI: Chosen D3D11 Adapter Id = 0
[2015.11.12-11.23.09:204][  0]LogD3D11RHI: !Direct3DDevice
[2015.11.12-11.23.09:204][  0]LogRHI: Texture pool is 1361 MB (70% of 1945 MB)
[2015.11.12-11.23.09:218][  0]LogD3D11RHI: Async texture creation enabled
[2015.11.12-11.23.09:235][  0]LogShaderCompilers: Guid format shader working directory is 16 characters bigger than the processId version (../../../../../../Users/ntanc_000/Desktop/NightmareGame/TheGame/Intermediate/Shaders/WorkingDirectory/704/).
[2015.11.12-11.23.09:235][  0]LogShaderCompilers: Cleaned the shader compiler working directory '../../../../../../Users/ntanc_000/Desktop/NightmareGame/TheGame/Intermediate/Shaders/tmp/4F3B91CA4A8CD37ECDB7AEA2F0D66723/'.
[2015.11.12-11.23.09:235][  0]LogShaderCompilers:Display: Using Local Shader Compiler.
[2015.11.12-11.23.11:907][  0]LogTemp:Display: Loaded TP AllDesktopTargetPlatform
[2015.11.12-11.23.11:912][  0]LogTemp:Display: Loaded TP WindowsClientTargetPlatform
[2015.11.12-11.23.11:918][  0]LogTemp:Display: Loaded TP WindowsNoEditorTargetPlatform
[2015.11.12-11.23.11:923][  0]LogTemp:Display: Loaded TP WindowsServerTargetPlatform
[2015.11.12-11.23.11:928][  0]LogTemp:Display: Loaded TP WindowsTargetPlatform
[2015.11.12-11.23.11:936][  0]LogTemp:Display: Loaded TP AndroidTargetPlatform
[2015.11.12-11.23.11:940][  0]LogTemp:Display: Loaded TP Android_ASTCTargetPlatform
[2015.11.12-11.23.11:944][  0]LogTemp:Display: Loaded TP Android_ATCTargetPlatform
[2015.11.12-11.23.11:950][  0]LogTemp:Display: Loaded TP Android_DXTTargetPlatform
[2015.11.12-11.23.11:954][  0]LogTemp:Display: Loaded TP Android_ETC1TargetPlatform
[2015.11.12-11.23.11:958][  0]LogTemp:Display: Loaded TP Android_ETC2TargetPlatform
[2015.11.12-11.23.11:962][  0]LogTemp:Display: Loaded TP Android_PVRTCTargetPlatform
[2015.11.12-11.23.11:963][  0]LogTemp:Display: Loaded TP HTML5TargetPlatform
[2015.11.12-11.23.12:011][  0]LogTemp:Display: Loaded TP IOSTargetPlatform
[2015.11.12-11.23.12:015][  0]LogTemp:Display: Loaded TP LinuxNoEditorTargetPlatform
[2015.11.12-11.23.12:019][  0]LogTemp:Display: Loaded TP LinuxServerTargetPlatform
[2015.11.12-11.23.12:026][  0]LogTemp:Display: Loaded TP LinuxTargetPlatform
[2015.11.12-11.23.12:026][  0]LogTargetPlatformManager:Display: Building Assets For Windows
[2015.11.12-11.23.12:527][  0]LogDerivedDataCache:Display: Max Cache Size: 512 MB
[2015.11.12-11.23.12:787][  0]LogDerivedDataCache: Loaded boot cache 0.26s 45MB C:/Users/ntanc_000/AppData/Local/UnrealEngine/4.9/DerivedDataCache/Boot.ddc.
[2015.11.12-11.23.12:787][  0]LogDerivedDataCache:Display: Loaded Boot cache: C:/Users/ntanc_000/AppData/Local/UnrealEngine/4.9/DerivedDataCache/Boot.ddc
[2015.11.12-11.23.12:788][  0]LogDerivedDataCache: FDerivedDataBackendGraph:  Pak pak cache file ../../../../../../Users/ntanc_000/Desktop/NightmareGame/TheGame/DerivedDataCache/DDC.ddp not found, will not use a pak cache.
[2015.11.12-11.23.12:788][  0]LogDerivedDataCache: Unable to find inner node Pak for hierarchical cache Hierarchy.
[2015.11.12-11.23.12:788][  0]LogDerivedDataCache: FDerivedDataBackendGraph:  CompressedPak pak cache file ../../../../../../Users/ntanc_000/Desktop/NightmareGame/TheGame/DerivedDataCache/Compressed.ddp not found, will not use a pak cache.
[2015.11.12-11.23.12:788][  0]LogDerivedDataCache: Unable to find inner node CompressedPak for hierarchical cache Hierarchy.
[2015.11.12-11.23.12:976][  0]LogDerivedDataCache:Display: Pak cache opened for reading ../../../Engine/DerivedDataCache/Compressed.ddp.
[2015.11.12-11.23.12:989][  0]LogDerivedDataCache: Using Local data cache path C:/Users/ntanc_000/AppData/Local/UnrealEngine/Common/DerivedDataCache: Writable
[2015.11.12-11.23.16:494][  0]LogInit: Selected Device Profile: [Windows]
[2015.11.12-11.23.16:497][  0]LogContentStreaming: Texture pool size is 0.000000MB
[2015.11.12-11.23.16:714][  0]LogMeshUtilities: No automatic mesh reduction module available
[2015.11.12-11.23.16:714][  0]LogMeshUtilities: No automatic mesh merging module available
[2015.11.12-11.23.17:308][  0]LogInit: WinSock: version 1.1 (2.2), MaxSocks=32767, MaxUdp=65467
[2015.11.12-11.23.22:535][  0]UdpMessaging: Initializing bridge on interface 0.0.0.0:0 to multicast group 230.0.0.1:6666.
[2015.11.12-11.23.22:798][  0]LogAssetRegistry: FAssetRegistry took 0.0121 seconds to start up
[2015.11.12-11.23.23:186][  0]SourceControl: Info Source control is disabled
[2015.11.12-11.23.23:563][  0]LogLinker:Warning: Asset '../../../Engine/Plugins/Runtime/LeapMotionController/Content/LM_PassthroughMaterial.uasset' has been saved with empty engine version. The asset will be loaded but may be incompatible.
[2015.11.12-11.23.23:804][  0]LogObj: 28361 objects as part of root set at end of initial load.
[2015.11.12-11.23.23:804][  0]LogUObjectAllocator: 6038864 out of 0 bytes used by permanent object pool.
[2015.11.12-11.23.23:917][  0]LogEngine: Initializing Engine...
[2015.11.12-11.23.23:921][  0]LogHMD: Can't find Oculus library dev build: is proper Runtime installed? Version: 0.7.0.0
[2015.11.12-11.23.23:938][  0]LogHMD: SteamVR failed to initialize.  Err: 110
[2015.11.12-11.23.24:297][  0]LogAIModule: Creating AISystem for world NewWorld
[2015.11.12-11.23.24:323][  0]LogInit: XAudio2 using 'Speakers (Sound Blaster Recon3Di)' : 2 channels at 48 kHz using 32 bits per sample (channel mask 0x3)
[2015.11.12-11.23.24:930][  0]LogInit: FAudioDevice initialized.
[2015.11.12-11.23.24:950][  0]LogDerivedDataCache: Saved boot cache 0.02s 45MB C:/Users/ntanc_000/AppData/Local/UnrealEngine/4.9/DerivedDataCache/Boot.ddc.
[2015.11.12-11.23.24:952][  0]LogInit: Texture streaming: Enabled
[2015.11.12-11.23.24:959][  0]LogAnalytics: Creating configured Analytics provider AnalyticsET
[2015.11.12-11.23.24:959][  0]LogAnalytics: [UEEditor.Rocket.Release] APIServer = http://et2.epicgames.com/ET2/. AppVersion = 4.9.2-2707645+++depot+UE4-Releases+4.9
[2015.11.12-11.23.24:959][  0]LogAnalytics: [UEEditor.Rocket.Release] SetUserId 2c211ad74a9e5469c13dfaa1059b2d42|1bd0216fcaf5458183f89cc914276325|d020360b-9246-478a-84ac-08a9775e7849
[2015.11.12-11.23.24:959][  0]LogAnalytics: [UEEditor.Rocket.Release] AnalyticsET::StartSession
[2015.11.12-11.23.25:126][  0]LogInit: Transaction tracking system initialized
[2015.11.12-11.23.25:206][  0]BlueprintLog: New page: Editor Load
[2015.11.12-11.23.25:334][  0]LocalizationService: Info Localization service is disabled
[2015.11.12-11.23.25:442][  0]LogConsoleResponse:Display: 
[2015.11.12-11.23.25:725][  0]LogCook:Display: Done creating registry. It took  0.00s.
[2015.11.12-11.23.25:817][  0]LogFileCache: Scanning file cache for directory 'C:/Users/ntanc_000/Desktop/NightmareGame/TheGame/Content/' took 0.02s
[2015.11.12-11.23.25:817][  0]Cmd: MAP LOAD FILE="../../../../../../Users/ntanc_000/Desktop/NightmareGame/TheGame/Content/ThirdPersonBP/Maps/Hub.umap" TEMPLATE=0 SHOWPROGRESS=1 FEATURELEVEL=3
[2015.11.12-11.23.25:821][  0]LightingResults: New page: Lighting Build
[2015.11.12-11.23.25:824][  0]MapCheck: New page: Map Check
[2015.11.12-11.23.25:824][  0]LightingResults: New page: Lighting Build
[2015.11.12-11.23.25:834][  0]LogParticles: Destroying 0 GPU particle simulations for FXSystem 0x0000003D5DD77CE0
[2015.11.12-11.23.26:223][  0]LogLinker:Warning: Asset '../../../../../../Users/ntanc_000/Desktop/NightmareGame/TheGame/Content/Mannequin/Animations/ThirdPerson_AnimBP.uasset' has been saved with empty engine version. The asset will be loaded but may be incompatible.
[2015.11.12-11.23.26:227][  0]LogLinker:Warning: Asset '../../../../../../Users/ntanc_000/Desktop/NightmareGame/TheGame/Content/Mannequin/Animations/ThirdPerson_Jump.uasset' has been saved with empty engine version. The asset will be loaded but may be incompatible.
[2015.11.12-11.23.26:235][  0]LogLinker:Warning: Asset '../../../../../../Users/ntanc_000/Desktop/NightmareGame/TheGame/Content/Mannequin/Animations/ThirdPersonJump_Loop.uasset' has been saved with empty engine version. The asset will be loaded but may be incompatible.
[2015.11.12-11.23.26:239][  0]LogLinker:Warning: Asset '../../../../../../Users/ntanc_000/Desktop/NightmareGame/TheGame/Content/Mannequin/Animations/ThirdPersonJump_Start.uasset' has been saved with empty engine version. The asset will be loaded but may be incompatible.
[2015.11.12-11.23.26:243][  0]LogLinker:Warning: Asset '../../../../../../Users/ntanc_000/Desktop/NightmareGame/TheGame/Content/Mannequin/Animations/ThirdPerson_IdleRun_2D.uasset' has been saved with empty engine version. The asset will be loaded but may be incompatible.
[2015.11.12-11.23.26:247][  0]LogLinker:Warning: Asset '../../../../../../Users/ntanc_000/Desktop/NightmareGame/TheGame/Content/Mannequin/Animations/ThirdPersonIdle.uasset' has been saved with empty engine version. The asset will be loaded but may be incompatible.
[2015.11.12-11.23.26:251][  0]LogLinker:Warning: Asset '../../../../../../Users/ntanc_000/Desktop/NightmareGame/TheGame/Content/Mannequin/Animations/ThirdPersonRun.uasset' has been saved with empty engine version. The asset will be loaded but may be incompatible.
[2015.11.12-11.23.26:256][  0]LogLinker:Warning: Asset '../../../../../../Users/ntanc_000/Desktop/NightmareGame/TheGame/Content/Mannequin/Animations/ThirdPersonWalk.uasset' has been saved with empty engine version. The asset will be loaded but may be incompatible.
[2015.11.12-11.23.27:903][  0]LogAIModule: Creating AISystem for world Hub
[2015.11.12-11.23.27:920][  0]LogEditorServer: Finished looking for orphan Actors (0.000 secs)
[2015.11.12-11.23.27:921][  0]Cmd: MAP CHECKDEP NOCLEARLOG
[2015.11.12-11.23.28:066][  0]MapCheck: Info Map check complete: 0 Error(s), 0 Warning(s), took 144.911ms to complete.
[2015.11.12-11.23.28:066][  0]LogFileHelpers: Loading map 'Hub' took 2.249
[2015.11.12-11.23.28:220][  0]LogCollectionManager: Loaded 0 collections in 0.002242 seconds
[2015.11.12-11.23.28:263][  0]LogFileCache: Scanning file cache for directory 'C:/Users/ntanc_000/Desktop/NightmareGame/TheGame/Saved/Collections/' took 0.01s
[2015.11.12-11.23.28:264][  0]LogFileCache: Scanning file cache for directory 'C:/Users/ntanc_000/Desktop/NightmareGame/TheGame/Content/Developers/ntanc000/Collections/' took 0.01s
[2015.11.12-11.23.28:264][  0]LogFileCache: Scanning file cache for directory 'C:/Users/ntanc_000/Desktop/NightmareGame/TheGame/Content/Collections/' took 0.01s
[2015.11.12-11.23.28:264][  0]LogContentBrowser: Native class hierarchy populated in 0.0069 seconds. Added 1867 classes and 333 folders.
[2015.11.12-11.23.28:269][  0]LogCollectionManager: Rebuilt the GUID cache for 0 collections in 0.000006 seconds
[2015.11.12-11.23.28:276][  0]LogContentBrowser: Native class hierarchy updated for 'WidgetCarousel' in 0.0004 seconds. Added 0 classes and 0 folders.
[2015.11.12-11.23.28:555][  0]LogContentBrowser: Native class hierarchy updated for 'AddContentDialog' in 0.0004 seconds. Added 0 classes and 0 folders.
[2015.11.12-11.23.28:559][  0]LogContentBrowser: Native class hierarchy updated for 'SceneOutliner' in 0.0003 seconds. Added 1 classes and 2 folders.
[2015.11.12-11.23.28:644][  0]LogCrashTracker: Crashtracker disabled due to settings.
[2015.11.12-11.23.28:655][  0]LogUObjectGlobals:Warning: Failed to find object 'Class None.'
[2015.11.12-11.23.28:678][  0]LogLoad: Full Startup: 23.43 seconds (BP compile: 0.41 seconds)
[2015.11.12-11.23.29:284][  0]LogContentStreaming: Texture pool size now 1000 MB
[2015.11.12-11.23.29:444][  0]LogRenderer: Reallocating scene render targets to support 888x456 (Frame:2).
[2015.11.12-11.23.31:212][  6]LogAssetRegistry: Asset discovery search completed in 8.4262 seconds
[2015.11.12-11.23.31:212][  6]LogCollectionManager: Rebuilt the object cache for 0 collections in 0.000001 seconds (found 0 objects)
[2015.11.12-11.23.31:212][  6]LogCollectionManager: Fixed up redirectors for 0 collections in 0.000036 seconds (updated 0 objects)
[2015.11.12-11.24.13:483][735]LogAIModule: Creating AISystem for world Cave
[2015.11.12-11.24.13:484][735]LogParticles:Warning: InitializeSystem called on an unregistered component. Template=/Game/ThirdPersonBP/Blueprints/ParticleSystems/P_PortalHUB.P_PortalHUB Component=/Game/ThirdPersonBP/Maps/Cave.Cave:PersistentLevel.BackToHub_926.P_Portal
[2015.11.12-11.24.13:484][735]LogMaterial:Warning: Material /Game/ThirdPersonBP/Blueprints/ParticleSystems/TutIslandMat.TutIslandMat needed to have new flag set bUsedWithStaticLighting !
[2015.11.12-11.24.13:487][735]LogMaterial: Missing cached shader map for material TutIslandMat, compiling. 
[2015.11.12-11.24.13:509][735]MapCheck:Warning: Warning TutIslandMat Material /Game/ThirdPersonBP/Blueprints/ParticleSystems/TutIslandMat.TutIslandMat was missing the usage flag bUsedWithStaticLighting. If the material asset is not re-saved, it may not render correctly when run outside the editor. Fix
[2015.11.12-11.24.13:532][735]LogMaterial: 0.009370 seconds spent updating 1 materials, 1 interfaces, 0 instances, 0 with static permutations.
[2015.11.12-11.24.13:541][735]LogParticles:Warning: InitializeSystem called on an unregistered component. Template=/Game/ThirdPersonBP/Blueprints/ParticleSystems/P_PortalHUB.P_PortalHUB Component=/Game/ThirdPersonBP/Maps/Cave.Cave:PersistentLevel.BackToHub_926.P_Portal
[2015.11.12-11.24.13:542][735]LogParticles:Warning: InitializeSystem called on an unregistered component. Template=/Game/ThirdPersonBP/Blueprints/ParticleSystems/P_PortalHUB.P_PortalHUB Component=/Game/ThirdPersonBP/Maps/Cave.Cave:PersistentLevel.BackToHub_926.P_Portal
[2015.11.12-11.24.13:571][735]LogActorComponent: UnregisterComponent: (/Engine/Transient.CharMoveComp) Not registered. Aborting.
[2015.11.12-11.24.13:665][735]Cmd: MAP LOAD FILE="../../../../../../Users/ntanc_000/Desktop/NightmareGame/TheGame/Content/ThirdPersonBP/Maps/Cave.umap" TEMPLATE=0 SHOWPROGRESS=1 FEATURELEVEL=3
[2015.11.12-11.24.13:665][735]LightingResults: New page: Lighting Build
[2015.11.12-11.24.13:699][735]LoadErrors: New page: Loading map: Cave.umap
[2015.11.12-11.24.13:700][735]MapCheck: New page: Map Check
[2015.11.12-11.24.13:700][735]LightingResults: New page: Lighting Build
[2015.11.12-11.24.13:716][735]LogParticles: Destroying 0 GPU particle simulations for FXSystem 0x0000003D632F56C0
[2015.11.12-11.24.13:775][735]LogEditorServer: Finished looking for orphan Actors (0.000 secs)
[2015.11.12-11.24.13:832][735]Cmd: MAP CHECKDEP NOCLEARLOG
[2015.11.12-11.24.13:957][735]MapCheck: Info Map check complete: 0 Error(s), 0 Warning(s), took 125.466ms to complete.
[2015.11.12-11.24.13:957][735]LogFileHelpers: Loading map 'Cave' took 0.294
[2015.11.12-13.27.37:275][ 37]LogEditorViewport: Clicking on Actor (LMB): StaticMeshActor (Cylinder2)
[2015.11.12-13.27.39:110][133]LogEditorViewport: Clicking on Actor (LMB): StaticMeshActor (Cylinder)
[2015.11.12-13.32.38:186][234]LogEditorViewport: Clicking on Actor (LMB): StaticMeshActor (Cube28)
[2015.11.12-13.32.43:414][538]LogEditorViewport: Clicking on Actor (LMB): LightmassImportanceVolume (LightmassImportanceVolume)
[2015.11.12-13.32.44:603][608]LogEditorViewport: Clicking on Actor (LMB): PostProcessVolume (PostProcessVolume)
[2015.11.12-13.38.44:959][205]LogEditorViewport: Clicking on Actor (LMB): StaticMeshActor (Cube19)
[2015.11.12-13.41.49:051][ 94]LogBlueprintUserMessages: Early PlayInEditor Detection: Level '/Game/ThirdPersonBP/Maps/Cave.Cave:PersistentLevel' has LevelScriptBlueprint '/Game/ThirdPersonBP/Maps/Cave.Cave:PersistentLevel.Cave' with GeneratedClass '/Game/ThirdPersonBP/Maps/Cave.Cave_C' with ClassGeneratedBy '/Game/ThirdPersonBP/Maps/Cave.Cave:PersistentLevel.Cave'
[2015.11.12-13.41.49:051][ 94]LogPlayLevel: PlayLevel: No blueprints needed recompiling
[2015.11.12-13.41.49:052][ 94]PIE: New page: PIE session: Cave (Nov 12, 2015, 3:41:49 AM)
[2015.11.12-13.41.49:052][ 94]LogPlayLevel: Creating play world package: /Game/ThirdPersonBP/Maps/UEDPIE_0_Cave
[2015.11.12-13.41.49:082][ 94]LogPlayLevel: PIE: StaticDuplicateObject took: (0.030651s)
[2015.11.12-13.41.49:083][ 94]LogAIModule: Creating AISystem for world Cave
[2015.11.12-13.41.49:084][ 94]LogPlayLevel: PIE: World Init took: (0.001147s)
[2015.11.12-13.41.49:084][ 94]LogPlayLevel: PIE: Created PIE world by copying editor world from /Game/ThirdPersonBP/Maps/Cave.Cave to /Game/ThirdPersonBP/Maps/UEDPIE_0_Cave.Cave (0.032307s)
[2015.11.12-13.41.49:084][ 94]LogActorComponent: UnregisterComponent: (/Engine/Transient.CharMoveComp) Not registered. Aborting.
[2015.11.12-13.41.49:113][ 94]LogInit: XAudio2 using 'Speakers (Sound Blaster Recon3Di)' : 2 channels at 48 kHz using 32 bits per sample (channel mask 0x3)
[2015.11.12-13.41.49:120][ 94]LogInit: FAudioDevice initialized.
[2015.11.12-13.41.49:185][ 94]LogWorld: Game class is 'ThirdPersonGameMode_C'
[2015.11.12-13.41.49:203][ 94]LogWorld: Bringing World /Game/ThirdPersonBP/Maps/UEDPIE_0_Cave.Cave up for play (max tick rate 60) at 2015.11.12-08.41.49
[2015.11.12-13.41.49:203][ 94]LogActor:Warning: GameSession /Game/ThirdPersonBP/Maps/UEDPIE_0_Cave.Cave:PersistentLevel.GameSession_0 has natively added scene component(s), but none of them were set as the actor's RootComponent - picking one arbitrarily
[2015.11.12-13.41.49:203][ 94]LogActor:Warning: GameNetworkManager /Game/ThirdPersonBP/Maps/UEDPIE_0_Cave.Cave:PersistentLevel.GameNetworkManager_0 has natively added scene component(s), but none of them were set as the actor's RootComponent - picking one arbitrarily
[2015.11.12-13.41.49:204][ 94]LogWorld: Bringing up level for play took: 0.017394
[2015.11.12-13.41.49:209][ 94]PIE: Info Play in editor start time for /Game/ThirdPersonBP/Maps/UEDPIE_0_Cave -0.55
[2015.11.12-13.41.49:209][ 94]LogBlueprintUserMessages: Late PlayInEditor Detection: Level '/Game/ThirdPersonBP/Maps/Cave.Cave:PersistentLevel' has LevelScriptBlueprint '/Game/ThirdPersonBP/Maps/Cave.Cave:PersistentLevel.Cave' with GeneratedClass '/Game/ThirdPersonBP/Maps/Cave.Cave_C' with ClassGeneratedBy '/Game/ThirdPersonBP/Maps/Cave.Cave:PersistentLevel.Cave'
[2015.11.12-13.43.11:240][  5]LogBlueprintUserMessages: Early EndPlayMap Detection: Level '/Game/ThirdPersonBP/Maps/Cave.Cave:PersistentLevel' has LevelScriptBlueprint '/Game/ThirdPersonBP/Maps/Cave.Cave:PersistentLevel.Cave' with GeneratedClass '/Game/ThirdPersonBP/Maps/Cave.Cave_C' with ClassGeneratedBy '/Game/ThirdPersonBP/Maps/Cave.Cave:PersistentLevel.Cave'
[2015.11.12-13.43.11:323][  5]LogBlueprintUserMessages: Late EndPlayMap Detection: Level '/Game/ThirdPersonBP/Maps/Cave.Cave:PersistentLevel' has LevelScriptBlueprint '/Game/ThirdPersonBP/Maps/Cave.Cave:PersistentLevel.Cave' with GeneratedClass '/Game/ThirdPersonBP/Maps/Cave.Cave_C' with ClassGeneratedBy '/Game/ThirdPersonBP/Maps/Cave.Cave:PersistentLevel.Cave'
[2015.11.12-13.43.11:365][  6]LogParticles: Destroying 0 GPU particle simulations for FXSystem 0x0000003D4D2071A0
[2015.11.12-13.46.32:128][995]LogSavePackage: Save=210.889862ms
[2015.11.12-13.46.32:128][995]LogSavePackage: Moving '../../../../../../Users/ntanc_000/Desktop/NightmareGame/TheGame/Saved/Cave_Auto19AAC6AF4495B8A01BAF3698453EAEB57.tmp' to '../../../../../../Users/ntanc_000/Desktop/NightmareGame/TheGame/Saved/Autosaves/Game/ThirdPersonBP/Maps/Cave_Auto1.umap'
[2015.11.12-13.46.32:133][995]LogSavePackage: Total save time: 236.261178ms
[2015.11.12-13.46.32:133][995]LogSavePackage:Warning: Finished SavePackage ../../../../../../Users/ntanc_000/Desktop/NightmareGame/TheGame/Saved/Autosaves/Game/ThirdPersonBP/Maps/Cave_Auto1.umap
[2015.11.12-13.46.32:135][995]LogFileHelpers: Editor autosave (incl. sublevels) for '/Game/ThirdPersonBP/Maps/Cave' took 0.264
[2015.11.12-13.46.32:135][995]LogFileHelpers: Editor autosave (incl. sublevels) for all levels took 0.264
[2015.11.12-13.48.57:774][707]LogEditorViewport: Clicking on Actor (LMB): StaticMeshActor (Cube32)
[2015.11.12-13.52.40:821][ 76]LogEditorViewport: Clicking on Actor (LMB): StaticMeshActor (Cube23)
[2015.11.12-13.52.42:215][158]LogEditorViewport: Clicking on Actor (LMB): StaticMeshActor (Cube30)
[2015.11.12-13.52.43:558][237]LogEditorViewport: Clicking on Actor (LMB): StaticMeshActor (Cube25)
[2015.11.12-13.52.44:886][315]LogEditorViewport: Clicking on Actor (LMB): StaticMeshActor (Cube17)
[2015.11.12-14.05.39:113][210]LogEditorViewport: Clicking on Actor (LMB): StaticMeshActor (Mushroom7)
[2015.11.12-14.05.40:729][375]LogMaterial: Missing cached shader map for material phongE1, compiling. 
[2015.11.12-14.05.40:857][375]LogMaterial: Missing cached shader map for material phongE1, compiling. 
[2015.11.12-14.05.40:865][375]LogMaterial: 0.000100 seconds spent updating 1 materials, 1 interfaces, 0 instances, 0 with static permutations.
[2015.11.12-14.05.40:896][375]LogMaterial: Missing cached shader map for material FMatExpressionPreview MaterialExpressionVectorParameter_6, compiling. 
[2015.11.12-14.05.40:901][375]LogMaterial: Missing cached shader map for material FMatExpressionPreview MaterialExpressionConstant3Vector_1, compiling. 
[2015.11.12-14.05.42:494][438]MaterialEditorStats: Info Base pass shader with static lighting: 69 instructions
[2015.11.12-14.05.42:494][438]MaterialEditorStats: Info Base pass shader with only dynamic lighting: 37 instructions
[2015.11.12-14.05.42:494][438]MaterialEditorStats: Info Vertex shader: 31 instructions
[2015.11.12-14.05.42:494][438]MaterialEditorStats: Info Texture samplers: 2/16
[2015.11.12-14.07.55:654][866]LogEditorViewport: Clicking on Actor (LMB): StaticMeshActor (Cube23)
[2015.11.12-14.07.56:949][ 15]LogEditorViewport: Clicking on Actor (LMB): LightmassImportanceVolume (LightmassImportanceVolume)
[2015.11.12-14.07.57:434][ 70]LogEditorViewport: Clicking on Actor (LMB): StaticMeshActor (Cube24)
[2015.11.12-14.07.58:476][189]LogEditorViewport: Clicking on Actor (LMB): KillZVolume (KillZVolume)
[2015.11.12-14.07.59:066][254]LogEditorViewport: Clicking on Actor (LMB): StaticMeshActor (Cube26)
[2015.11.12-14.16.05:605][543]LogParticles: Destroying 0 GPU particle simulations for FXSystem 0x0000003D4CB9E840
[2015.11.12-14.16.09:025][543]LogSavePackage: Save=196.182999ms
[2015.11.12-14.16.09:025][543]LogSavePackage: Moving '../../../../../../Users/ntanc_000/Desktop/NightmareGame/TheGame/Saved/Cave884F7F474C779DACDA539B9438D0ECAA.tmp' to '../../../../../../Users/ntanc_000/Desktop/NightmareGame/TheGame/Content/ThirdPersonBP/Maps/Cave.umap'
[2015.11.12-14.16.09:032][543]LogSavePackage: Total save time: 217.927244ms
[2015.11.12-14.16.09:032][543]LogSavePackage:Warning: Finished SavePackage ../../../../../../Users/ntanc_000/Desktop/NightmareGame/TheGame/Content/ThirdPersonBP/Maps/Cave.umap
[2015.11.12-14.16.09:089][543]LogFileHelpers: Saving map 'Cave' took 0.478
[2015.11.12-14.16.09:254][543]LogWindowsTextInputMethodSystem:Display: IME system now deactivated.
[2015.11.12-14.16.09:254][543]LogWindowsTextInputMethodSystem:Display: IME system now deactivated.
[2015.11.12-14.16.09:578][544]Cmd: QUIT_EDITOR
[2015.11.12-14.16.10:081][544]LogExit: Preparing to exit.
[2015.11.12-14.16.10:351][544]LogExit: Editor shut down
[2015.11.12-14.16.10:351][544]LogExit: Transaction tracking system shut down
[2015.11.12-14.16.10:353][544]LogParticles: Destroying 0 GPU particle simulations for FXSystem 0x0000003D6D706DE0
[2015.11.12-14.16.10:353][544]LogParticles: Destroying 0 GPU particle simulations for FXSystem 0x0000003D69458860
[2015.11.12-14.16.10:353][544]LogParticles: Destroying 0 GPU particle simulations for FXSystem 0x0000003D71C77240
[2015.11.12-14.16.10:353][544]LogParticles: Destroying 0 GPU particle simulations for FXSystem 0x0000003D71C77420
[2015.11.12-14.16.10:356][544]LogParticles: Destroying 0 GPU particle simulations for FXSystem 0x0000003D632F7E20
[2015.11.12-14.16.10:483][544]LogExit: Object subsystem successfully closed.
[2015.11.12-14.16.10:495][544]LogD3D11RHI: Shutdown
[2015.11.12-14.16.10:495][544]LogD3D11RHI: CleanupD3DDevice
[2015.11.12-14.16.10:558][544]LogD3D11RHI: ~FD3D11DynamicRHI
[2015.11.12-14.16.10:609][544]LogModuleManager: Shutting down and abandoning module MaterialEditor (198)
[2015.11.12-14.16.10:609][544]LogModuleManager: Shutting down and abandoning module CrashTracker (197)
[2015.11.12-14.16.10:609][544]LogModuleManager: Shutting down and abandoning module SceneOutliner (196)
[2015.11.12-14.16.10:609][544]LogModuleManager: Shutting down and abandoning module SuperSearch (195)
[2015.11.12-14.16.10:609][544]LogModuleManager: Shutting down and abandoning module WidgetCarousel (194)
[2015.11.12-14.16.10:609][544]LogModuleManager: Shutting down and abandoning module AddContentDialog (193)
[2015.11.12-14.16.10:613][544]LogModuleManager: Shutting down and abandoning module EditorWidgets (192)
[2015.11.12-14.16.10:613][544]LogModuleManager: Shutting down and abandoning module CollectionManager (191)
[2015.11.12-14.16.10:613][544]LogModuleManager: Shutting down and abandoning module StatsViewer (190)
[2015.11.12-14.16.10:613][544]LogModuleManager: Shutting down and abandoning module FoliageEdit (189)
[2015.11.12-14.16.10:613][544]LogModuleManager: Shutting down and abandoning module LandscapeEditor (188)
[2015.11.12-14.16.10:613][544]LogModuleManager: Shutting down and abandoning module ActorPickerMode (187)
[2015.11.12-14.16.10:613][544]LogModuleManager: Shutting down and abandoning module GeometryMode (186)
[2015.11.12-14.16.10:614][544]LogModuleManager: Shutting down and abandoning module TextureAlignMode (185)
[2015.11.12-14.16.10:614][544]LogModuleManager: Shutting down and abandoning module BspMode (184)
[2015.11.12-14.16.10:614][544]LogModuleManager: Shutting down and abandoning module PlacementMode (183)
[2015.11.12-14.16.10:614][544]LogModuleManager: Shutting down and abandoning module AutomationWorker (182)
[2015.11.12-14.16.10:614][544]LogModuleManager: Shutting down and abandoning module CharacterAI (181)
[2015.11.12-14.16.10:614][544]LogModuleManager: Shutting down and abandoning module SmartSnapping (180)
[2015.11.12-14.16.10:614][544]LogModuleManager: Shutting down and abandoning module ViewportSnapping (179)
[2015.11.12-14.16.10:614][544]LogModuleManager: Shutting down and abandoning module LogVisualizer (178)
[2015.11.12-14.16.10:614][544]LogModuleManager: Shutting down and abandoning module GameProjectGeneration (177)
[2015.11.12-14.16.10:614][544]LogModuleManager: Shutting down and abandoning module IntroTutorials (176)
[2015.11.12-14.16.10:614][544]LogModuleManager: Shutting down and abandoning module EditorLiveStreaming (175)
[2015.11.12-14.16.10:614][544]LogModuleManager: Shutting down and abandoning module IOSPlatformEditor (174)
[2015.11.12-14.16.10:614][544]LogModuleManager: Shutting down and abandoning module HTML5PlatformEditor (173)
[2015.11.12-14.16.10:614][544]LogModuleManager: Shutting down and abandoning module AndroidDeviceDetection (172)
[2015.11.12-14.16.11:244][544]LogModuleManager: Shutting down and abandoning module AndroidPlatformEditor (171)
[2015.11.12-14.16.11:244][544]LogModuleManager: Shutting down and abandoning module IOSRuntimeSettings (170)
[2015.11.12-14.16.11:244][544]LogModuleManager: Shutting down and abandoning module AndroidRuntimeSettings (169)
[2015.11.12-14.16.11:244][544]LogModuleManager: Shutting down and abandoning module MergeActors (168)
[2015.11.12-14.16.11:244][544]LogModuleManager: Shutting down and abandoning module SizeMap (167)
[2015.11.12-14.16.11:244][544]LogModuleManager: Shutting down and abandoning module TreeMap (166)
[2015.11.12-14.16.11:244][544]LogModuleManager: Shutting down and abandoning module ReferenceViewer (165)
[2015.11.12-14.16.11:244][544]LogModuleManager: Shutting down and abandoning module LocalizationService (164)
[2015.11.12-14.16.11:244][544]LogModuleManager: Shutting down and abandoning module LocalizationDashboard (163)
[2015.11.12-14.16.11:244][544]LogModuleManager: Shutting down and abandoning module HardwareTargeting (162)
[2015.11.12-14.16.11:244][544]LogModuleManager: Shutting down and abandoning module DeviceProfileEditor (161)
[2015.11.12-14.16.11:244][544]LogModuleManager: Shutting down and abandoning module UndoHistory (160)
[2015.11.12-14.16.11:244][544]LogModuleManager: Shutting down and abandoning module GameplayTagsEditor (159)
[2015.11.12-14.16.11:244][544]LogModuleManager: Shutting down and abandoning module UserFeedback (158)
[2015.11.12-14.16.11:244][544]LogModuleManager: Shutting down and abandoning module XmlParser (157)
[2015.11.12-14.16.11:245][544]LogModuleManager: Shutting down and abandoning module Blutility (156)
[2015.11.12-14.16.11:245][544]LogModuleManager: Shutting down and abandoning module ProjectTargetPlatformEditor (155)
[2015.11.12-14.16.11:245][544]LogModuleManager: Shutting down and abandoning module ProjectSettingsViewer (154)
[2015.11.12-14.16.11:245][544]LogModuleManager: Shutting down and abandoning module InputBindingEditor (153)
[2015.11.12-14.16.11:246][544]LogModuleManager: Shutting down and abandoning module EditorSettingsViewer (152)
[2015.11.12-14.16.11:246][544]LogModuleManager: Shutting down and abandoning module SettingsEditor (151)
[2015.11.12-14.16.11:246][544]LogModuleManager: Shutting down and abandoning module ProjectLauncher (150)
[2015.11.12-14.16.11:246][544]LogModuleManager: Shutting down and abandoning module SessionFrontend (149)
[2015.11.12-14.16.11:246][544]LogModuleManager: Shutting down and abandoning module ProfilerClient (148)
[2015.11.12-14.16.11:246][544]LogModuleManager: Shutting down and abandoning module TargetDeviceServices (147)
[2015.11.12-14.16.11:246][544]LogModuleManager: Shutting down and abandoning module DeviceManager (146)
[2015.11.12-14.16.11:247][544]LogModuleManager: Shutting down and abandoning module AutomationController (145)
[2015.11.12-14.16.11:247][544]LogModuleManager: Shutting down and abandoning module AutomationWindow (144)
[2015.11.12-14.16.11:247][544]LogModuleManager: Shutting down and abandoning module Layers (143)
[2015.11.12-14.16.11:247][544]LogModuleManager: Shutting down and abandoning module ComponentVisualizers (142)
[2015.11.12-14.16.11:247][544]LogModuleManager: Shutting down and abandoning module DetailCustomizations (141)
[2015.11.12-14.16.11:247][544]LogModuleManager: Shutting down and abandoning module PackagesDialog (140)
[2015.11.12-14.16.11:248][544]LogModuleManager: Shutting down and abandoning module Persona (139)
[2015.11.12-14.16.11:248][544]LogModuleManager: Shutting down and abandoning module Kismet (138)
[2015.11.12-14.16.11:248][544]LogModuleManager: Shutting down and abandoning module GraphEditor (137)
[2015.11.12-14.16.11:248][544]LogModuleManager: Shutting down and abandoning module ClassViewer (136)
[2015.11.12-14.16.11:248][544]LogModuleManager: Shutting down and abandoning module Toolbox (135)
[2015.11.12-14.16.11:248][544]LogModuleManager: Shutting down and abandoning module ModuleUI (134)
[2015.11.12-14.16.11:248][544]LogModuleManager: Shutting down and abandoning module MovieSceneTools (133)
[2015.11.12-14.16.11:248][544]LogModuleManager: Shutting down and abandoning module OutputLog (132)
[2015.11.12-14.16.11:248][544]LogModuleManager: Shutting down and abandoning module GammaUI (131)
[2015.11.12-14.16.11:248][544]LogModuleManager: Shutting down and abandoning module Documentation (130)
[2015.11.12-14.16.11:248][544]LogModuleManager: Shutting down and abandoning module GameLiveStreaming (129)
[2015.11.12-14.16.11:249][544]LogModuleManager: Shutting down and abandoning module StreamingPauseRendering (128)
[2015.11.12-14.16.11:249][544]LogModuleManager: Shutting down and abandoning module AnalyticsET (127)
[2015.11.12-14.16.11:249][544]LogModuleManager: Shutting down and abandoning module Analytics (126)
[2015.11.12-14.16.11:249][544]LogModuleManager: Shutting down and abandoning module AITestSuite (125)
[2015.11.12-14.16.11:249][544]LogModuleManager: Shutting down and abandoning module GameplayDebugger (124)
[2015.11.12-14.16.11:249][544]LogModuleManager: Shutting down and abandoning module AIModule (123)
[2015.11.12-14.16.11:249][544]LogModuleManager: Shutting down and abandoning module ProfilerService (122)
[2015.11.12-14.16.11:305][544]LogModuleManager: Shutting down and abandoning module TaskGraph (121)
[2015.11.12-14.16.11:305][544]LogModuleManager: Shutting down and abandoning module SlateRemote (120)
[2015.11.12-14.16.11:306][544]LogModuleManager: Shutting down and abandoning module SteamVRController (119)
[2015.11.12-14.16.11:306][544]LogModuleManager: Shutting down and abandoning module SteamVR (118)
[2015.11.12-14.16.11:306][544]LogModuleManager: Shutting down and abandoning module ProceduralMeshComponent (117)
[2015.11.12-14.16.11:306][544]LogModuleManager: Shutting down and abandoning module OculusRift (116)
[2015.11.12-14.16.11:306][544]LogModuleManager: Shutting down and abandoning module OculusLibrary (115)
[2015.11.12-14.16.11:306][544]LogModuleManager: Shutting down and abandoning module LeapMotionController (114)
[2015.11.12-14.16.11:342][544]LogModuleManager: Shutting down and abandoning module CustomMeshComponent (113)
[2015.11.12-14.16.11:342][544]LogModuleManager: Shutting down and abandoning module CableComponent (112)
[2015.11.12-14.16.11:342][544]LogModuleManager: Shutting down and abandoning module ArchVisCharacter (111)
[2015.11.12-14.16.11:342][544]LogModuleManager: Shutting down and abandoning module MessagingDebugger (110)
[2015.11.12-14.16.11:343][544]LogModuleManager: Shutting down and abandoning module MediaPlayerEditor (109)
[2015.11.12-14.16.11:343][544]LogModuleManager: Shutting down and abandoning module HTML5Networking (108)
[2015.11.12-14.16.11:343][544]LogModuleManager: Shutting down and abandoning module SpeedTreeImporter (107)
[2015.11.12-14.16.11:343][544]LogModuleManager: Shutting down and abandoning module PluginBrowser (106)
[2015.11.12-14.16.11:343][544]LogModuleManager: Shutting down and abandoning module EpicSurvey (105)
[2015.11.12-14.16.11:343][544]LogModuleManager: Shutting down and abandoning module DesktopPlatform (104)
[2015.11.12-14.16.11:343][544]LogModuleManager: Shutting down and abandoning module VisualStudioSourceCodeAccess (103)
[2015.11.12-14.16.11:343][544]LogModuleManager: Shutting down and abandoning module UObjectPlugin (102)
[2015.11.12-14.16.11:343][544]LogModuleManager: Shutting down and abandoning module SubversionSourceControl (101)
[2015.11.12-14.16.11:343][544]LogModuleManager: Shutting down and abandoning module PerforceSourceControl (100)
[2015.11.12-14.16.11:343][544]LogModuleManager: Shutting down and abandoning module SourceControl (99)
[2015.11.12-14.16.11:343][544]LogModuleManager: Shutting down and abandoning module GitSourceControl (98)
[2015.11.12-14.16.11:344][544]LogModuleManager: Shutting down and abandoning module LightPropagationVolumeEditor (97)
[2015.11.12-14.16.11:344][544]LogModuleManager: Shutting down and abandoning module PaperTiledImporter (96)
[2015.11.12-14.16.11:344][544]LogModuleManager: Shutting down and abandoning module PaperSpriteSheetImporter (95)
[2015.11.12-14.16.11:344][544]LogModuleManager: Shutting down and abandoning module MeshPaint (94)
[2015.11.12-14.16.11:344][544]LogModuleManager: Shutting down and abandoning module SlateReflector (93)
[2015.11.12-14.16.11:344][544]LogModuleManager: Shutting down and abandoning module HotReload (92)
[2015.11.12-14.16.11:344][544]LogModuleManager: Shutting down and abandoning module MainFrame (91)
[2015.11.12-14.16.11:344][544]LogModuleManager: Shutting down and abandoning module LevelEditor (90)
[2015.11.12-14.16.11:347][544]LogModuleManager: Shutting down and abandoning module DirectoryWatcher (89)
[2015.11.12-14.16.11:354][544]LogModuleManager: Shutting down and abandoning module AssetRegistry (88)
[2015.11.12-14.16.11:471][544]LogModuleManager: Shutting down and abandoning module ContentBrowser (87)
[2015.11.12-14.16.11:472][544]LogModuleManager: Shutting down and abandoning module Paper2DEditor (86)
[2015.11.12-14.16.11:472][544]LogModuleManager: Shutting down and abandoning module UdpMessaging (85)
[2015.11.12-14.16.11:573][544]LogModuleManager: Shutting down and abandoning module LightPropagationVolumeRuntime (84)
[2015.11.12-14.16.11:573][544]LogModuleManager: Shutting down and abandoning module Paper2D (83)
[2015.11.12-14.16.11:573][544]LogModuleManager: Shutting down and abandoning module WindowsMoviePlayer (82)
[2015.11.12-14.16.11:582][544]LogModuleManager: Shutting down and abandoning module Media (81)
[2015.11.12-14.16.11:582][544]LogModuleManager: Shutting down and abandoning module WmfMedia (80)
[2015.11.12-14.16.11:582][544]LogModuleManager: Shutting down and abandoning module OnlineBlueprintSupport (79)
[2015.11.12-14.16.11:582][544]LogModuleManager: Shutting down and abandoning module GameplayTasksEditor (78)
[2015.11.12-14.16.11:582][544]LogModuleManager: Shutting down and abandoning module PropertyEditor (77)
[2015.11.12-14.16.11:582][544]LogModuleManager: Shutting down and abandoning module BehaviorTreeEditor (76)
[2015.11.12-14.16.11:583][544]LogModuleManager: Shutting down and abandoning module FunctionalTesting (75)
[2015.11.12-14.16.11:583][544]LogModuleManager: Shutting down and abandoning module CollisionAnalyzer (74)
[2015.11.12-14.16.11:583][544]LogModuleManager: Shutting down and abandoning module WorkspaceMenuStructure (73)
[2015.11.12-14.16.11:583][544]LogModuleManager: Shutting down and abandoning module MessageLog (72)
[2015.11.12-14.16.11:583][544]LogModuleManager: Shutting down and abandoning module Sequencer (71)
[2015.11.12-14.16.11:583][544]LogModuleManager: Shutting down and abandoning module AssetTools (70)
[2015.11.12-14.16.11:583][544]LogModuleManager: Shutting down and abandoning module UMGEditor (69)
[2015.11.12-14.16.11:583][544]LogModuleManager: Shutting down and abandoning module UMG (68)
[2015.11.12-14.16.11:584][544]LogModuleManager: Shutting down and abandoning module Slate (67)
[2015.11.12-14.16.11:584][544]LogModuleManager: Shutting down and abandoning module EditorStyle (66)
[2015.11.12-14.16.11:591][544]LogModuleManager: Shutting down and abandoning module SessionServices (65)
[2015.11.12-14.16.11:592][544]LogModuleManager: Shutting down and abandoning module SourceCodeAccess (64)
[2015.11.12-14.16.11:592][544]LogModuleManager: Shutting down and abandoning module HeadMountedDisplay (63)
[2015.11.12-14.16.11:592][544]LogModuleManager: Shutting down and abandoning module XAudio2 (62)
[2015.11.12-14.16.11:592][544]LogModuleManager: Shutting down and abandoning module Networking (60)
[2015.11.12-14.16.11:592][544]LogModuleManager: Shutting down and abandoning module Core (59)
[2015.11.12-14.16.11:592][544]LogModuleManager: Shutting down and abandoning module KismetCompiler (58)
[2015.11.12-14.16.11:592][544]LogModuleManager: Shutting down and abandoning module PhysXFormats (57)
[2015.11.12-14.16.11:592][544]LogModuleManager: Shutting down and abandoning module MeshUtilities (56)
[2015.11.12-14.16.11:592][544]LogModuleManager: Shutting down and abandoning module CookingStats (55)
[2015.11.12-14.16.11:596][544]LogModuleManager: Shutting down and abandoning module DerivedDataCache (54)
[2015.11.12-14.16.11:693][544]LogDerivedDataCache: Shutdown
[2015.11.12-14.16.11:693][544]LogModuleManager: Shutting down and abandoning module ShaderFormatOpenGL (53)
[2015.11.12-14.16.11:693][544]LogModuleManager: Shutting down and abandoning module ShaderFormatD3D (52)
[2015.11.12-14.16.11:694][544]LogModuleManager: Shutting down and abandoning module MetalShaderFormat (51)
[2015.11.12-14.16.11:694][544]LogModuleManager: Shutting down and abandoning module TextureFormatUncompressed (50)
[2015.11.12-14.16.11:694][544]LogModuleManager: Shutting down and abandoning module TextureFormatPVR (49)
[2015.11.12-14.16.11:694][544]LogModuleManager: Shutting down and abandoning module TextureFormatIntelISPCTexComp (48)
[2015.11.12-14.16.11:694][544]LogModuleManager: Shutting down and abandoning module TextureFormatDXT (47)
[2015.11.12-14.16.11:694][544]LogModuleManager: Shutting down and abandoning module ImageWrapper (46)
[2015.11.12-14.16.11:694][544]LogModuleManager: Shutting down and abandoning module TextureFormatASTC (45)
[2015.11.12-14.16.11:694][544]LogModuleManager: Shutting down and abandoning module TextureFormatAndroid (44)
[2015.11.12-14.16.11:694][544]LogModuleManager: Shutting down and abandoning module AudioFormatOpus (43)
[2015.11.12-14.16.11:694][544]LogModuleManager: Shutting down and abandoning module AudioFormatOgg (42)
[2015.11.12-14.16.11:694][544]LogModuleManager: Shutting down and abandoning module AudioFormatADPCM (41)
[2015.11.12-14.16.11:694][544]LogModuleManager: Shutting down and abandoning module LinuxTargetPlatform (40)
[2015.11.12-14.16.11:694][544]LogModuleManager: Shutting down and abandoning module LinuxServerTargetPlatform (39)
[2015.11.12-14.16.11:694][544]LogModuleManager: Shutting down and abandoning module LinuxNoEditorTargetPlatform (38)
[2015.11.12-14.16.11:694][544]LogModuleManager: Shutting down and abandoning module Messaging (37)
[2015.11.12-14.16.11:694][544]LogModuleManager: Shutting down and abandoning module IOSTargetPlatform (36)
[2015.11.12-14.16.11:694][544]LogModuleManager: Shutting down and abandoning module HTML5TargetPlatform (35)
[2015.11.12-14.16.11:694][544]LogModuleManager: Shutting down and abandoning module Android_PVRTCTargetPlatform (34)
[2015.11.12-14.16.11:694][544]LogModuleManager: Shutting down and abandoning module Android_ETC2TargetPlatform (33)
[2015.11.12-14.16.11:694][544]LogModuleManager: Shutting down and abandoning module Android_ETC1TargetPlatform (32)
[2015.11.12-14.16.11:694][544]LogModuleManager: Shutting down and abandoning module Android_DXTTargetPlatform (31)
[2015.11.12-14.16.11:695][544]LogModuleManager: Shutting down and abandoning module Android_ATCTargetPlatform (30)
[2015.11.12-14.16.11:695][544]LogModuleManager: Shutting down and abandoning module Android_ASTCTargetPlatform (29)
[2015.11.12-14.16.11:695][544]LogModuleManager: Shutting down and abandoning module AndroidTargetPlatform (28)
[2015.11.12-14.16.11:695][544]LogModuleManager: Shutting down and abandoning module WindowsTargetPlatform (27)
[2015.11.12-14.16.11:695][544]LogModuleManager: Shutting down and abandoning module WindowsServerTargetPlatform (26)
[2015.11.12-14.16.11:695][544]LogModuleManager: Shutting down and abandoning module WindowsNoEditorTargetPlatform (25)
[2015.11.12-14.16.11:695][544]LogModuleManager: Shutting down and abandoning module WindowsClientTargetPlatform (24)
[2015.11.12-14.16.11:695][544]LogModuleManager: Shutting down and abandoning module AllDesktopTargetPlatform (23)
[2015.11.12-14.16.11:695][544]LogModuleManager: Shutting down and abandoning module TargetPlatform (22)
[2015.11.12-14.16.11:695][544]LogModuleManager: Shutting down and abandoning module InputCore (21)
[2015.11.12-14.16.11:695][544]LogModuleManager: Shutting down and abandoning module Settings (20)
[2015.11.12-14.16.11:695][544]LogModuleManager: Shutting down and abandoning module OnlineSubsystem (18)
[2015.11.12-14.16.11:695][544]LogModuleManager: Shutting down and abandoning module HTTP (17)
[2015.11.12-14.16.13:708][544]LogModuleManager: Shutting down and abandoning module XMPP (16)
[2015.11.12-14.16.13:708][544]LogModuleManager: Shutting down and abandoning module ExampleDeviceProfileSelector (15)
[2015.11.12-14.16.13:708][544]LogModuleManager: Shutting down and abandoning module TextureCompressor (14)
[2015.11.12-14.16.13:708][544]LogModuleManager: Shutting down and abandoning module ShaderCore (13)
[2015.11.12-14.16.13:708][544]LogModuleManager: Shutting down and abandoning module Landscape (12)
[2015.11.12-14.16.13:708][544]LogModuleManager: Shutting down and abandoning module SlateRHIRenderer (11)
[2015.11.12-14.16.13:713][544]LogModuleManager: Shutting down and abandoning module OpenGLDrv (10)
[2015.11.12-14.16.13:713][544]LogModuleManager: Shutting down and abandoning module D3D11RHI (9)
[2015.11.12-14.16.13:713][544]LogModuleManager: Shutting down and abandoning module AnimGraphRuntime (8)
[2015.11.12-14.16.13:713][544]LogModuleManager: Shutting down and abandoning module Renderer (7)
[2015.11.12-14.16.13:713][544]LogModuleManager: Shutting down and abandoning module Engine (6)
[2015.11.12-14.16.13:713][544]LogModuleManager: Shutting down and abandoning module CoreUObject (5)
[2015.11.12-14.16.13:713][544]LogModuleManager: Shutting down and abandoning module NetworkFile (4)
[2015.11.12-14.16.13:713][544]LogModuleManager: Shutting down and abandoning module StreamingFile (3)
[2015.11.12-14.16.13:713][544]LogModuleManager: Shutting down and abandoning module SandboxFile (2)
[2015.11.12-14.16.13:713][544]LogModuleManager: Shutting down and abandoning module PakFile (1)
[2015.11.12-14.16.13:713][544]LogExit: Exiting.
[2015.11.12-14.16.13:715][544]Log file closed, 11/12/15 09:16:13
