[2015.11.16-21.34.17:437][  0]Log file open, 11/16/15 16:34:17
[2015.11.16-21.34.17:437][  0]LogInit:Display: Running engine for game: NightmareGame
[2015.11.16-21.34.17:437][  0]LogInit:Display: RandInit(364323111) SRandInit(364323112).
[2015.11.16-21.34.17:437][  0]LogTaskGraph: Started task graph with 4 named threads and 5 total threads.
[2015.11.16-21.34.17:437][  0]LogStats: Stats thread started at 0.658123
[2015.11.16-21.34.17:437][  0]LogInit: Version: 4.9.2-2707645+++depot+UE4-Releases+4.9
[2015.11.16-21.34.17:437][  0]LogInit: API Version: 2672455
[2015.11.16-21.34.17:437][  0]LogInit: Compiled (64-bit): Sep 28 2015 10:25:44
[2015.11.16-21.34.17:437][  0]LogInit: Compiled with Visual C++: 18.00.21005.01
[2015.11.16-21.34.17:437][  0]LogInit: Build Configuration: Development
[2015.11.16-21.34.17:437][  0]LogInit: Branch Name: ++depot+UE4-Releases+4.9
[2015.11.16-21.34.17:437][  0]LogInit: Command line:  
[2015.11.16-21.34.17:437][  0]LogInit: Base directory: C:/Program Files/Epic Games/4.9/Engine/Binaries/Win64/
[2015.11.16-21.34.17:437][  0]LogInit: Rocket: 1
[2015.11.16-21.34.18:390][  0]LogInit: Using libcurl 7.41.0
[2015.11.16-21.34.18:390][  0]LogInit:  - built for x86_64-pc-win32
[2015.11.16-21.34.18:390][  0]LogInit:  - supports SSL with WinSSL
[2015.11.16-21.34.18:390][  0]LogInit:  - other features:
[2015.11.16-21.34.18:390][  0]LogInit:      CURL_VERSION_SSL
[2015.11.16-21.34.18:390][  0]LogInit:      CURL_VERSION_IPV6
[2015.11.16-21.34.18:390][  0]LogInit:      CURL_VERSION_ASYNCHDNS
[2015.11.16-21.34.18:390][  0]LogInit:      CURL_VERSION_LARGEFILE
[2015.11.16-21.34.18:390][  0]LogInit:      CURL_VERSION_IDN
[2015.11.16-21.34.18:390][  0]LogInit:  CurlRequestOptions (configurable via config and command line):
[2015.11.16-21.34.18:390][  0]LogInit:  - bVerifyPeer = true  - Libcurl will verify peer certificate
[2015.11.16-21.34.18:390][  0]LogInit:  - bUseHttpProxy = false  - Libcurl will NOT use HTTP proxy
[2015.11.16-21.34.18:390][  0]LogInit:  - bDontReuseConnections = false  - Libcurl will reuse connections
[2015.11.16-21.34.18:390][  0]LogInit:  - CertBundlePath = nullptr  - Libcurl will use whatever was configured at build time.
[2015.11.16-21.34.18:827][  0]LogInit: Presizing for 0 objects not considered by GC, pre-allocating 0 bytes.
[2015.11.16-21.34.19:327][  0]LogInit: Object subsystem initialized
[2015.11.16-21.34.19:813][  0]LogInit: Selected Device Profile: [Windows]
[2015.11.16-21.34.19:813][  0]LogInit: Applying CVar settings loaded from the selected device profile: [Windows]
[2015.11.16-21.34.20:696][  0]LogInit: Computer: DAKOTA-LAPTOP
[2015.11.16-21.34.20:696][  0]LogInit: User: Dakota
[2015.11.16-21.34.20:696][  0]LogInit: CPU Page size=4096, Cores=2
[2015.11.16-21.34.20:696][  0]LogInit: High frequency timer resolution =2.533197 MHz
[2015.11.16-21.34.20:706][  0]LogMemory: Memory total: Physical=11.9GB (12GB approx)
[2015.11.16-21.34.20:712][  0]LogMemory: Platform Memory Stats for Windows
[2015.11.16-21.34.20:712][  0]LogMemory: Process Physical Memory: 52.34 MB used, 52.34 MB peak
[2015.11.16-21.34.20:712][  0]LogMemory: Process Virtual Memory: 54.96 MB used, 54.96 MB peak
[2015.11.16-21.34.20:712][  0]LogMemory: Physical Memory: 2041.13 MB used, 12208.14 MB total
[2015.11.16-21.34.20:712][  0]LogMemory: Virtual Memory: 345.34 MB used, 134217728.00 MB total
[2015.11.16-21.34.24:593][  0]LogTextLocalizationManager: No specific translations for ('en-US') exist, so ('en') translations will be used.
[2015.11.16-21.34.29:230][  0]LogD3D11RHI: Found D3D11 adapter 0: Intel(R) HD Graphics Family (Feature Level 11_0)
[2015.11.16-21.34.29:230][  0]LogD3D11RHI: Adapter has 0MB of dedicated video memory, 0MB of dedicated system memory, and 1792MB of shared system memory, 1 output[s]
[2015.11.16-21.34.29:918][  0]LogD3D11RHI: Found D3D11 adapter 1: Microsoft Basic Render Driver (Feature Level 11_0)
[2015.11.16-21.34.29:918][  0]LogD3D11RHI: Adapter has 0MB of dedicated video memory, 0MB of dedicated system memory, and 256MB of shared system memory, 0 output[s]
[2015.11.16-21.34.29:919][  0]LogD3D11RHI: Chosen D3D11 Adapter Id = 0
[2015.11.16-21.34.29:969][  0]LogD3D11RHI: !Direct3DDevice
[2015.11.16-21.34.29:970][  0]LogRHI: Texture pool is 627 MB (70% of 896 MB)
[2015.11.16-21.34.29:992][  0]LogD3D11RHI: Async texture creation enabled
[2015.11.16-21.34.30:735][  0]LogShaderCompilers: Guid format shader working directory is 15 characters bigger than the processId version (D:/Year 3/Fall Semester/GDD II/Nightmare Game/NightmareGame/TheGame/Intermediate/Shaders/WorkingDirectory/5952/).
[2015.11.16-21.34.30:852][  0]LogShaderCompilers: Cleaned the shader compiler working directory 'D:/Year 3/Fall Semester/GDD II/Nightmare Game/NightmareGame/TheGame/Intermediate/Shaders/tmp/32CA843C43AD938A4C5A77813F88FE82/'.
[2015.11.16-21.34.30:866][  0]LogShaderCompilers:Display: Using Local Shader Compiler.
[2015.11.16-21.34.43:227][  0]LogTemp:Display: Loaded TP AllDesktopTargetPlatform
[2015.11.16-21.34.43:283][  0]LogTemp:Display: Loaded TP WindowsClientTargetPlatform
[2015.11.16-21.34.43:318][  0]LogTemp:Display: Loaded TP WindowsNoEditorTargetPlatform
[2015.11.16-21.34.43:364][  0]LogTemp:Display: Loaded TP WindowsServerTargetPlatform
[2015.11.16-21.34.43:429][  0]LogTemp:Display: Loaded TP WindowsTargetPlatform
[2015.11.16-21.34.43:481][  0]LogTemp:Display: Loaded TP AndroidTargetPlatform
[2015.11.16-21.34.43:506][  0]LogTemp:Display: Loaded TP Android_ASTCTargetPlatform
[2015.11.16-21.34.43:541][  0]LogTemp:Display: Loaded TP Android_ATCTargetPlatform
[2015.11.16-21.34.43:569][  0]LogTemp:Display: Loaded TP Android_DXTTargetPlatform
[2015.11.16-21.34.43:591][  0]LogTemp:Display: Loaded TP Android_ETC1TargetPlatform
[2015.11.16-21.34.43:621][  0]LogTemp:Display: Loaded TP Android_ETC2TargetPlatform
[2015.11.16-21.34.43:653][  0]LogTemp:Display: Loaded TP Android_PVRTCTargetPlatform
[2015.11.16-21.34.43:675][  0]LogTemp:Display: Loaded TP HTML5TargetPlatform
[2015.11.16-21.34.43:809][  0]LogTemp:Display: Loaded TP IOSTargetPlatform
[2015.11.16-21.34.43:846][  0]LogTemp:Display: Loaded TP LinuxNoEditorTargetPlatform
[2015.11.16-21.34.43:872][  0]LogTemp:Display: Loaded TP LinuxServerTargetPlatform
[2015.11.16-21.34.44:649][  0]LogTemp:Display: Loaded TP LinuxTargetPlatform
[2015.11.16-21.34.44:649][  0]LogTargetPlatformManager:Display: Building Assets For Windows
[2015.11.16-21.34.46:727][  0]LogDerivedDataCache:Display: Max Cache Size: 512 MB
[2015.11.16-21.34.47:702][  0]LogDerivedDataCache: Loaded boot cache 0.97s 57MB C:/Users/Dakota/AppData/Local/UnrealEngine/4.9/DerivedDataCache/Boot.ddc.
[2015.11.16-21.34.47:702][  0]LogDerivedDataCache:Display: Loaded Boot cache: C:/Users/Dakota/AppData/Local/UnrealEngine/4.9/DerivedDataCache/Boot.ddc
[2015.11.16-21.34.47:702][  0]LogDerivedDataCache: FDerivedDataBackendGraph:  Pak pak cache file D:/Year 3/Fall Semester/GDD II/Nightmare Game/NightmareGame/TheGame/DerivedDataCache/DDC.ddp not found, will not use a pak cache.
[2015.11.16-21.34.47:703][  0]LogDerivedDataCache: Unable to find inner node Pak for hierarchical cache Hierarchy.
[2015.11.16-21.34.47:703][  0]LogDerivedDataCache: FDerivedDataBackendGraph:  CompressedPak pak cache file D:/Year 3/Fall Semester/GDD II/Nightmare Game/NightmareGame/TheGame/DerivedDataCache/Compressed.ddp not found, will not use a pak cache.
[2015.11.16-21.34.47:703][  0]LogDerivedDataCache: Unable to find inner node CompressedPak for hierarchical cache Hierarchy.
[2015.11.16-21.34.47:968][  0]LogDerivedDataCache:Display: Pak cache opened for reading ../../../Engine/DerivedDataCache/Compressed.ddp.
[2015.11.16-21.34.47:980][  0]LogDerivedDataCache: Using Local data cache path C:/Users/Dakota/AppData/Local/UnrealEngine/Common/DerivedDataCache: Writable
[2015.11.16-21.35.34:497][  0]LogInit: Selected Device Profile: [Windows]
[2015.11.16-21.35.34:768][  0]LogContentStreaming: Texture pool size is 0.000000MB
[2015.11.16-21.35.38:605][  0]LogMeshUtilities: No automatic mesh reduction module available
[2015.11.16-21.35.38:605][  0]LogMeshUtilities: No automatic mesh merging module available
[2015.11.16-21.35.45:567][  0]LogInit: WinSock: version 1.1 (2.2), MaxSocks=32767, MaxUdp=65467
[2015.11.16-21.36.22:192][  0]UdpMessaging: Initializing bridge on interface 0.0.0.0:0 to multicast group 230.0.0.1:6666.
[2015.11.16-21.36.23:088][  0]LogAssetRegistry: FAssetRegistry took 0.0188 seconds to start up
[2015.11.16-21.36.31:643][  0]SourceControl: Info Source control is disabled
[2015.11.16-21.36.42:115][  0]LogLinker:Warning: Asset '../../../Engine/Plugins/Runtime/LeapMotionController/Content/LM_PassthroughMaterial.uasset' has been saved with empty engine version. The asset will be loaded but may be incompatible.
[2015.11.16-21.36.43:509][  0]LogObj: 28361 objects as part of root set at end of initial load.
[2015.11.16-21.36.43:509][  0]LogUObjectAllocator: 6038864 out of 0 bytes used by permanent object pool.
[2015.11.16-21.36.45:432][  0]LogEngine: Initializing Engine...
[2015.11.16-21.36.45:856][  0]LogHMD: Can't find Oculus library dev build: is proper Runtime installed? Version: 0.7.0.0
[2015.11.16-21.36.45:928][  0]LogHMD: SteamVR failed to initialize.  Err: 110
[2015.11.16-21.36.48:596][  0]LogAIModule: Creating AISystem for world NewWorld
[2015.11.16-21.36.49:235][  0]LogInit: XAudio2 using 'Speakers (Conexant SmartAudio HD)' : 2 channels at 48 kHz using 32 bits per sample (channel mask 0x3)
[2015.11.16-21.36.50:298][  0]LogInit: FAudioDevice initialized.
[2015.11.16-21.36.50:362][  0]LogDerivedDataCache: Saved boot cache 0.06s 41MB C:/Users/Dakota/AppData/Local/UnrealEngine/4.9/DerivedDataCache/Boot.ddc.
[2015.11.16-21.36.50:860][  0]LogInit: Texture streaming: Enabled
[2015.11.16-21.36.52:113][  0]LogAnalytics: Creating configured Analytics provider AnalyticsET
[2015.11.16-21.36.52:233][  0]LogAnalytics: [UEEditor.Rocket.Release] APIServer = http://et2.epicgames.com/ET2/. AppVersion = 4.9.2-2707645+++depot+UE4-Releases+4.9
[2015.11.16-21.36.52:234][  0]LogAnalytics: [UEEditor.Rocket.Release] SetUserId beea72564c5e292331dd6ca809bca9c7|94ef35f5a50f483a91bb39f0bb183548|be7d8118-7827-47e6-8d7c-09dff9a798de
[2015.11.16-21.36.52:234][  0]LogAnalytics: [UEEditor.Rocket.Release] AnalyticsET::StartSession
[2015.11.16-21.36.59:621][  0]LogInit: Transaction tracking system initialized
[2015.11.16-21.37.01:610][  0]BlueprintLog: New page: Editor Load
[2015.11.16-21.37.11:991][  0]LocalizationService: Info Localization service is disabled
[2015.11.16-21.37.18:991][  0]LogConsoleResponse:Display: 
[2015.11.16-21.37.23:058][  0]LogFileCache: Scanning file cache for directory 'D:/Year 3/Fall Semester/GDD II/Nightmare Game/NightmareGame/TheGame/Content/' took 0.62s
[2015.11.16-21.37.23:058][  0]LogCook:Display: Done creating registry. It took  0.00s.
[2015.11.16-21.37.27:919][  0]Cmd: MAP LOAD FILE="D:/Year 3/Fall Semester/GDD II/Nightmare Game/NightmareGame/TheGame/Content/ThirdPersonBP/Maps/Hub.umap" TEMPLATE=0 SHOWPROGRESS=1 FEATURELEVEL=3
[2015.11.16-21.37.28:088][  0]LightingResults: New page: Lighting Build
[2015.11.16-21.37.30:480][  0]MapCheck: New page: Map Check
[2015.11.16-21.37.30:480][  0]LightingResults: New page: Lighting Build
[2015.11.16-21.37.31:211][  0]LogParticles: Destroying 0 GPU particle simulations for FXSystem 0x000000FD2742FCE0
[2015.11.16-21.37.32:959][  0]LogLinker:Warning: Asset 'D:/Year 3/Fall Semester/GDD II/Nightmare Game/NightmareGame/TheGame/Content/Mannequin/Animations/ThirdPerson_AnimBP.uasset' has been saved with empty engine version. The asset will be loaded but may be incompatible.
[2015.11.16-21.37.32:981][  0]LogLinker:Warning: Asset 'D:/Year 3/Fall Semester/GDD II/Nightmare Game/NightmareGame/TheGame/Content/Mannequin/Animations/ThirdPerson_Jump.uasset' has been saved with empty engine version. The asset will be loaded but may be incompatible.
[2015.11.16-21.37.33:001][  0]LogLinker:Warning: Asset 'D:/Year 3/Fall Semester/GDD II/Nightmare Game/NightmareGame/TheGame/Content/Mannequin/Animations/ThirdPersonJump_Loop.uasset' has been saved with empty engine version. The asset will be loaded but may be incompatible.
[2015.11.16-21.37.33:014][  0]LogLinker:Warning: Asset 'D:/Year 3/Fall Semester/GDD II/Nightmare Game/NightmareGame/TheGame/Content/Mannequin/Animations/ThirdPersonJump_Start.uasset' has been saved with empty engine version. The asset will be loaded but may be incompatible.
[2015.11.16-21.37.33:027][  0]LogLinker:Warning: Asset 'D:/Year 3/Fall Semester/GDD II/Nightmare Game/NightmareGame/TheGame/Content/Mannequin/Animations/ThirdPerson_IdleRun_2D.uasset' has been saved with empty engine version. The asset will be loaded but may be incompatible.
[2015.11.16-21.37.33:037][  0]LogLinker:Warning: Asset 'D:/Year 3/Fall Semester/GDD II/Nightmare Game/NightmareGame/TheGame/Content/Mannequin/Animations/ThirdPersonIdle.uasset' has been saved with empty engine version. The asset will be loaded but may be incompatible.
[2015.11.16-21.37.33:053][  0]LogLinker:Warning: Asset 'D:/Year 3/Fall Semester/GDD II/Nightmare Game/NightmareGame/TheGame/Content/Mannequin/Animations/ThirdPersonRun.uasset' has been saved with empty engine version. The asset will be loaded but may be incompatible.
[2015.11.16-21.37.33:069][  0]LogLinker:Warning: Asset 'D:/Year 3/Fall Semester/GDD II/Nightmare Game/NightmareGame/TheGame/Content/Mannequin/Animations/ThirdPersonWalk.uasset' has been saved with empty engine version. The asset will be loaded but may be incompatible.
[2015.11.16-21.37.35:692][  0]LogBlueprint:Warning: [Cave] CreatePinForVariable: 'InteractKey' variable not found. Base class was probably changed.
[2015.11.16-21.37.35:712][  0]LogBlueprint:Warning: [compiler Cave] Warning Could not find a variable named "InteractKey" in 'ThirdPersonCharacter_C'.
Make sure 'ThirdPersonCharacter_C' has been compiled for  Get InteractKey 
[2015.11.16-21.37.35:749][  0]LogBlueprint:Error: [compiler Cave] Error The property associated with  Interact Key  could not be found
[2015.11.16-21.37.35:766][  0]LogBlueprint:Warning: [compiler Cave] Warning [0204.42] Compile of Cave failed. 1 Fatal Issue(s) 1 Warning(s) [in 71 ms]
[2015.11.16-21.37.35:766][  0]LogBlueprint:Warning: [compiler Cave] Warning [0204.42] Compile of Cave failed. 1 Fatal Issue(s) 2 Warning(s) [in 0 ms]
[2015.11.16-21.37.35:767][  0]LogBlueprint:Warning: [compiler Cave] Warning [0204.42] Compile of Cave failed. 1 Fatal Issue(s) 3 Warning(s) [in 0 ms]
[2015.11.16-21.37.35:769][  0]LogBlueprint:Warning: [Cave] CreatePinForVariable: 'InteractKey' variable not found. Base class was probably changed.
[2015.11.16-21.37.35:831][  0]LogBlueprint:Warning: [Circus] CreatePinForVariable: 'InteractKey' variable not found. Base class was probably changed.
[2015.11.16-21.37.35:845][  0]LogBlueprint:Warning: [compiler Circus] Warning Could not find a variable named "InteractKey" in 'ThirdPersonCharacter_C'.
Make sure 'ThirdPersonCharacter_C' has been compiled for  Get InteractKey 
[2015.11.16-21.37.35:848][  0]LogBlueprint:Error: [compiler Circus] Error The property associated with  Interact Key  could not be found
[2015.11.16-21.37.35:863][  0]LogBlueprint:Warning: [compiler Circus] Warning [0204.51] Compile of Circus failed. 1 Fatal Issue(s) 1 Warning(s) [in 29 ms]
[2015.11.16-21.37.35:863][  0]LogBlueprint:Warning: [compiler Circus] Warning [0204.51] Compile of Circus failed. 1 Fatal Issue(s) 2 Warning(s) [in 0 ms]
[2015.11.16-21.37.35:863][  0]LogBlueprint:Warning: [compiler Circus] Warning [0204.51] Compile of Circus failed. 1 Fatal Issue(s) 3 Warning(s) [in 0 ms]
[2015.11.16-21.37.35:867][  0]LogBlueprint:Warning: [Circus] CreatePinForVariable: 'InteractKey' variable not found. Base class was probably changed.
[2015.11.16-21.37.35:929][  0]LogBlueprint:Warning: [Final] CreatePinForVariable: 'InteractKey' variable not found. Base class was probably changed.
[2015.11.16-21.37.35:950][  0]LogBlueprint:Warning: [compiler Final] Warning Could not find a variable named "InteractKey" in 'ThirdPersonCharacter_C'.
Make sure 'ThirdPersonCharacter_C' has been compiled for  Get InteractKey 
[2015.11.16-21.37.35:954][  0]LogBlueprint:Error: [compiler Final] Error The property associated with  Interact Key  could not be found
[2015.11.16-21.37.35:969][  0]LogBlueprint:Warning: [compiler Final] Warning [0204.62] Compile of Final failed. 1 Fatal Issue(s) 1 Warning(s) [in 37 ms]
[2015.11.16-21.37.35:970][  0]LogBlueprint:Warning: [compiler Final] Warning [0204.62] Compile of Final failed. 1 Fatal Issue(s) 2 Warning(s) [in 0 ms]
[2015.11.16-21.37.35:970][  0]LogBlueprint:Warning: [compiler Final] Warning [0204.62] Compile of Final failed. 1 Fatal Issue(s) 3 Warning(s) [in 0 ms]
[2015.11.16-21.37.35:971][  0]LogBlueprint:Warning: [Final] CreatePinForVariable: 'InteractKey' variable not found. Base class was probably changed.
[2015.11.16-21.37.40:452][  0]LogTexture:Display: Building textures: HQ_Lightmap0_1 (AutoDXT)
[2015.11.16-21.37.40:940][  0]LogTexture:Display: Building textures: HQ_Lightmap0_5 (AutoDXT)
[2015.11.16-21.37.41:527][  0]LogTexture:Display: Building textures: HQ_Lightmap1_2 (AutoDXT)
[2015.11.16-21.37.43:428][  0]LogTexture:Display: Building textures: HQ_Lightmap1_3 (AutoDXT)
[2015.11.16-21.37.43:780][  0]LogTexture:Display: Building textures: HQ_Lightmap1_4 (AutoDXT)
[2015.11.16-21.37.44:365][  0]LogTexture:Display: Building textures: LQ_Lightmap_0_1 (DXT1)
[2015.11.16-21.37.45:436][  0]LogTexture:Display: Building textures: LQ_Lightmap_0_2 (DXT1)
[2015.11.16-21.37.46:397][  0]LogTexture:Display: Building textures: LQ_Lightmap_0_3 (DXT1)
[2015.11.16-21.37.46:519][  0]LogTexture:Display: Building textures: LQ_Lightmap_0_4 (DXT1)
[2015.11.16-21.37.46:578][  0]LogTexture:Display: Building textures: LQ_Lightmap_0_5 (DXT1)
[2015.11.16-21.37.46:596][  0]LogTexture:Display: Building textures: SkyOcclusion0_1 (AutoDXT)
[2015.11.16-21.37.46:763][  0]LogTexture:Display: Building textures: SkyOcclusion0_2 (AutoDXT)
[2015.11.16-21.37.47:084][  0]LogTexture:Display: Building textures: SkyOcclusion0_3 (AutoDXT)
[2015.11.16-21.37.47:165][  0]LogTexture:Display: Building textures: SkyOcclusion0_4 (AutoDXT)
[2015.11.16-21.37.47:187][  0]LogTexture:Display: Building textures: SkyOcclusion0_5 (AutoDXT)
[2015.11.16-21.37.47:306][  0]LogTexture:Display: Building textures: ShadowMapTexture2D_0 (BGRA8)
[2015.11.16-21.37.47:389][  0]LogTexture:Display: Building textures: ShadowMapTexture2D_6 (BGRA8)
[2015.11.16-21.37.47:447][  0]LogTexture:Display: Building textures: ShadowMapTexture2D_7 (BGRA8)
[2015.11.16-21.37.47:460][  0]LogTexture:Display: Building textures: ShadowMapTexture2D_8 (BGRA8)
[2015.11.16-21.37.47:462][  0]LogTexture:Display: Building textures: ShadowMapTexture2D_9 (BGRA8)
[2015.11.16-21.37.50:872][  0]LogAIModule: Creating AISystem for world Hub
[2015.11.16-21.37.51:397][  0]LogEditorServer: Finished looking for orphan Actors (0.000 secs)
[2015.11.16-21.37.51:506][  0]Cmd: MAP CHECKDEP NOCLEARLOG
[2015.11.16-21.37.52:664][  0]MapCheck: Info Map check complete: 0 Error(s), 0 Warning(s), took 1,158.01ms to complete.
[2015.11.16-21.37.52:664][  0]LogFileHelpers: Loading map 'Hub' took 25.203
[2015.11.16-21.37.55:338][  0]LogCollectionManager: Loaded 0 collections in 0.005953 seconds
[2015.11.16-21.37.55:635][  0]LogFileCache: Scanning file cache for directory 'D:/Year 3/Fall Semester/GDD II/Nightmare Game/NightmareGame/TheGame/Saved/Collections/' took 0.01s
[2015.11.16-21.37.55:635][  0]LogFileCache: Scanning file cache for directory 'D:/Year 3/Fall Semester/GDD II/Nightmare Game/NightmareGame/TheGame/Content/Developers/Dakota/Collections/' took 0.01s
[2015.11.16-21.37.55:635][  0]LogFileCache: Scanning file cache for directory 'D:/Year 3/Fall Semester/GDD II/Nightmare Game/NightmareGame/TheGame/Content/Collections/' took 0.01s
[2015.11.16-21.37.55:635][  0]LogContentBrowser: Native class hierarchy populated in 0.0385 seconds. Added 1867 classes and 333 folders.
[2015.11.16-21.37.55:794][  0]LogCollectionManager: Rebuilt the GUID cache for 0 collections in 0.000003 seconds
[2015.11.16-21.37.55:985][  0]LogContentBrowser: Native class hierarchy updated for 'WidgetCarousel' in 0.0091 seconds. Added 0 classes and 0 folders.
[2015.11.16-21.37.59:289][  0]LogContentBrowser: Native class hierarchy updated for 'AddContentDialog' in 0.1196 seconds. Added 0 classes and 0 folders.
[2015.11.16-21.37.59:378][  0]LogContentBrowser: Native class hierarchy updated for 'SceneOutliner' in 0.0015 seconds. Added 1 classes and 2 folders.
[2015.11.16-21.38.00:542][  0]LogCrashTracker: Crashtracker disabled due to settings.
[2015.11.16-21.38.00:702][  0]LogUObjectGlobals:Warning: Failed to find object 'Class None.'
[2015.11.16-21.38.00:812][  0]LogLoad: Full Startup: 229.46 seconds (BP compile: 1.59 seconds)
[2015.11.16-21.38.00:913][  0]LoadErrors:Error: Error /Game/ThirdPersonBP/Blueprints/LevelTransfer/Cave : Failed import for BoolProperty /Game/ThirdPersonBP/Blueprints/ThirdPersonCharacter.ThirdPersonCharacter_C:Interacting?
[2015.11.16-21.38.00:913][  0]LoadErrors:Error: Error /Game/ThirdPersonBP/Blueprints/LevelTransfer/Cave : Failed import for StructProperty /Game/ThirdPersonBP/Blueprints/ThirdPersonCharacter.ThirdPersonCharacter_C:InteractKey
[2015.11.16-21.38.00:913][  0]LoadErrors:Error: Error /Game/ThirdPersonBP/Blueprints/LevelTransfer/Circus : Failed import for BoolProperty /Game/ThirdPersonBP/Blueprints/ThirdPersonCharacter.ThirdPersonCharacter_C:Interacting?
[2015.11.16-21.38.00:913][  0]LoadErrors:Error: Error /Game/ThirdPersonBP/Blueprints/LevelTransfer/Circus : Failed import for StructProperty /Game/ThirdPersonBP/Blueprints/ThirdPersonCharacter.ThirdPersonCharacter_C:InteractKey
[2015.11.16-21.38.00:914][  0]LoadErrors:Error: Error /Game/ThirdPersonBP/Blueprints/LevelTransfer/Final : Failed import for BoolProperty /Game/ThirdPersonBP/Blueprints/ThirdPersonCharacter.ThirdPersonCharacter_C:Interacting?
[2015.11.16-21.38.00:914][  0]LoadErrors:Error: Error /Game/ThirdPersonBP/Blueprints/LevelTransfer/Final : Failed import for StructProperty /Game/ThirdPersonBP/Blueprints/ThirdPersonCharacter.ThirdPersonCharacter_C:InteractKey
[2015.11.16-21.38.01:775][  0]SourceControl: Info On branch Dakota
[2015.11.16-21.38.01:776][  0]SourceControl: Info Your branch is ahead of 'origin/Dakota' by 1 commit.
[2015.11.16-21.38.01:776][  0]SourceControl: Info   (use "git push" to publish your local commits)
[2015.11.16-21.38.01:776][  0]SourceControl: Info Changes not staged for commit:
[2015.11.16-21.38.01:776][  0]SourceControl: Info   (use "git add <file>..." to update what will be committed)
[2015.11.16-21.38.01:776][  0]SourceControl: Info   (use "git checkout -- <file>..." to discard changes in working directory)
[2015.11.16-21.38.01:776][  0]SourceControl: Info 	modified:   TheGame/Intermediate/CachedAssetRegistry.bin
[2015.11.16-21.38.01:776][  0]SourceControl: Info 	modified:   TheGame/Intermediate/Config/CoalescedSourceConfigs/Engine.ini
[2015.11.16-21.38.01:776][  0]SourceControl: Info 	modified:   TheGame/Intermediate/Config/CoalescedSourceConfigs/Game.ini
[2015.11.16-21.38.01:776][  0]SourceControl: Info 	modified:   TheGame/Saved/Config/Windows/Engine.ini
[2015.11.16-21.38.01:776][  0]SourceControl: Info 	modified:   TheGame/Saved/Logs/NightmareGame.log
[2015.11.16-21.38.01:776][  0]SourceControl: Info no changes added to commit (use "git add" and/or "git commit -a")
[2015.11.16-21.38.01:789][  0]LogContentStreaming: Texture pool size now 700 MB
[2015.11.16-21.38.04:437][  0]LogRenderer: Reallocating scene render targets to support 856x372 (Frame:2).
[2015.11.16-21.38.09:107][ 11]LogAssetRegistry: Asset discovery search completed in 106.0315 seconds
[2015.11.16-21.38.09:107][ 11]LogCollectionManager: Rebuilt the object cache for 0 collections in 0.000001 seconds (found 0 objects)
[2015.11.16-21.38.09:107][ 11]LogCollectionManager: Fixed up redirectors for 0 collections in 0.000031 seconds (updated 0 objects)
[2015.11.16-21.38.43:427][  1]LogLinker:Warning: Asset '../../../Engine/Content/ArtTools/RenderToTexture/Macros/RenderToTextureMacros.uasset' has been saved with empty engine version. The asset will be loaded but may be incompatible.
[2015.11.16-21.38.46:178][  1]LogContentBrowser: Native class hierarchy updated for 'BlueprintGraph' in 0.0035 seconds. Added 107 classes and 0 folders.
[2015.11.16-21.38.55:082][120]BlueprintLog: New page: Compile Cave
[2015.11.16-21.38.55:104][120]LogBlueprint:Warning: [compiler Cave] Warning Could not find a variable named "InteractKey" in 'ThirdPersonCharacter_C'.
Make sure 'ThirdPersonCharacter_C' has been compiled for  Get InteractKey 
[2015.11.16-21.38.55:105][120]LogBlueprint:Error: [compiler Cave] Error The property associated with  Interact Key  could not be found
[2015.11.16-21.38.55:445][120]LogActorComponent: UnregisterComponent: (/Engine/Transient.CharMoveComp) Not registered. Aborting.
[2015.11.16-21.38.55:936][120]LogBlueprint:Warning: [compiler Cave] Warning [0284.58] Compile of Cave failed. 1 Fatal Issue(s) 1 Warning(s) [in 852 ms]
[2015.11.16-21.38.55:936][120]BlueprintEditorCompileResults:Warning: Warning Could not find a variable named "InteractKey" in 'ThirdPersonCharacter_C'.
Make sure 'ThirdPersonCharacter_C' has been compiled for  Get InteractKey 
[2015.11.16-21.38.55:936][120]BlueprintEditorCompileResults:Error: Error The property associated with  Interact Key  could not be found
[2015.11.16-21.38.55:937][120]BlueprintEditorCompileResults:Warning: Warning [0284.58] Compile of Cave failed. 1 Fatal Issue(s) 1 Warning(s) [in 852 ms]
[2015.11.16-21.39.18:198][805]LogBlueprint:Warning: [TeddyBURRRRR] CreatePinForVariable: 'Has TeddyBaer???' variable not found. Base class was probably changed.
[2015.11.16-21.39.18:198][805]LogBlueprint:Warning: [TeddyBURRRRR] CreatePinForVariable: 'Has TeddyBaer???' variable not found. Base class was probably changed.
[2015.11.16-21.39.18:206][805]LogBlueprint:Warning: [compiler TeddyBURRRRR] Warning Could not find a variable named "Has TeddyBaer???" in 'ThirdPersonCharacter_C'.
Make sure 'ThirdPersonCharacter_C' has been compiled for  Set Has TeddyBaer??? 
[2015.11.16-21.39.18:207][805]LogBlueprint:Error: [compiler TeddyBURRRRR] Error The property associated with  Has Teddy Baer???  could not be found
[2015.11.16-21.39.18:216][805]LogBlueprint:Warning: [compiler TeddyBURRRRR] Warning [0306.86] Compile of TeddyBURRRRR failed. 1 Fatal Issue(s) 1 Warning(s) [in 15 ms]
[2015.11.16-21.39.18:216][805]LogBlueprint:Warning: [compiler TeddyBURRRRR] Warning [0306.86] Compile of TeddyBURRRRR failed. 1 Fatal Issue(s) 2 Warning(s) [in 0 ms]
[2015.11.16-21.39.18:216][805]LogBlueprint:Warning: [compiler TeddyBURRRRR] Warning [0306.87] Compile of TeddyBURRRRR failed. 1 Fatal Issue(s) 3 Warning(s) [in 0 ms]
[2015.11.16-21.39.18:217][805]LogBlueprint:Warning: [TeddyBURRRRR] CreatePinForVariable: 'Has TeddyBaer???' variable not found. Base class was probably changed.
[2015.11.16-21.39.18:217][805]LogBlueprint:Warning: [TeddyBURRRRR] CreatePinForVariable: 'Has TeddyBaer???' variable not found. Base class was probably changed.
[2015.11.16-21.39.20:020][805]LogStaticMesh: Building static mesh bear...
[2015.11.16-21.39.20:608][805]LogStaticMesh: Built static mesh [0.612374.2s] /Game/StarterContent/Props/bear.bear
[2015.11.16-21.39.21:351][805]LogTexture:Display: Building textures: ToonTeddy (AutoDXT)
[2015.11.16-21.39.23:203][805]LogMaterial: Missing cached shader map for material ToonTeddy_Mat, compiling. 
[2015.11.16-21.39.34:097][805]LogTexture:Display: Building textures: HQ_Lightmap0_10 (AutoDXT)
[2015.11.16-21.39.35:147][805]LogTexture:Display: Building textures: HQ_Lightmap0_2 (AutoDXT)
[2015.11.16-21.39.36:096][805]LogTexture:Display: Building textures: HQ_Lightmap0_3 (AutoDXT)
[2015.11.16-21.39.37:085][805]LogTexture:Display: Building textures: HQ_Lightmap0_8 (AutoDXT)
[2015.11.16-21.39.37:223][805]LogTexture:Display: Building textures: HQ_Lightmap1_11 (AutoDXT)
[2015.11.16-21.39.37:240][805]LogTexture:Display: Building textures: HQ_Lightmap1_12 (AutoDXT)
[2015.11.16-21.39.37:270][805]LogTexture:Display: Building textures: HQ_Lightmap1_4 (AutoDXT)
[2015.11.16-21.39.38:204][805]LogTexture:Display: Building textures: HQ_Lightmap1_5 (AutoDXT)
[2015.11.16-21.39.38:402][805]LogTexture:Display: Building textures: HQ_Lightmap1_6 (AutoDXT)
[2015.11.16-21.39.38:605][805]LogTexture:Display: Building textures: HQ_Lightmap1_7 (AutoDXT)
[2015.11.16-21.39.39:531][805]LogTexture:Display: Building textures: HQ_Lightmap1_9 (AutoDXT)
[2015.11.16-21.39.44:849][805]LogTexture:Display: Building textures: LQ_Lightmap_0_10 (DXT1)
[2015.11.16-21.39.45:946][805]LogTexture:Display: Building textures: LQ_Lightmap_0_2 (DXT1)
[2015.11.16-21.39.48:130][805]LogTexture:Display: Building textures: LQ_Lightmap_0_3 (DXT1)
[2015.11.16-21.39.48:265][805]LogTexture:Display: Building textures: LQ_Lightmap_0_8 (DXT1)
[2015.11.16-21.39.48:308][805]LogTexture:Display: Building textures: LQ_Lightmap_1_11 (DXT1)
[2015.11.16-21.39.48:310][805]LogTexture:Display: Building textures: LQ_Lightmap_1_12 (DXT1)
[2015.11.16-21.39.48:332][805]LogTexture:Display: Building textures: LQ_Lightmap_1_4 (DXT1)
[2015.11.16-21.39.49:301][805]LogTexture:Display: Building textures: LQ_Lightmap_1_5 (DXT1)
[2015.11.16-21.39.49:420][805]LogTexture:Display: Building textures: LQ_Lightmap_1_6 (DXT1)
[2015.11.16-21.39.49:492][805]LogTexture:Display: Building textures: LQ_Lightmap_1_7 (DXT1)
[2015.11.16-21.39.49:542][805]LogTexture:Display: Building textures: LQ_Lightmap_1_9 (DXT1)
[2015.11.16-21.39.49:591][805]LogTexture:Display: Building textures: ShadowMapTexture2D_73 (BGRA8)
[2015.11.16-21.39.49:598][805]LogTexture:Display: Building textures: ShadowMapTexture2D_74 (BGRA8)
[2015.11.16-21.39.49:599][805]LogTexture:Display: Building textures: ShadowMapTexture2D_75 (BGRA8)
[2015.11.16-21.39.49:600][805]LogTexture:Display: Building textures: ShadowMapTexture2D_76 (G8)
[2015.11.16-21.39.49:601][805]LogTexture:Display: Building textures: ShadowMapTexture2D_77 (G8)
[2015.11.16-21.39.49:604][805]LogStaticMesh: Building static mesh Cave...
[2015.11.16-21.39.49:659][805]LogStaticMesh: Built static mesh [0.054899.2s] /Game/StarterContent/Props/Cave.Cave
[2015.11.16-21.39.49:659][805]LogStaticMesh: Building static mesh CaveRock1...
[2015.11.16-21.39.49:663][805]LogStaticMesh: Built static mesh [0.004639.2s] /Game/StarterContent/Props/CaveRock1.CaveRock1
[2015.11.16-21.39.49:666][805]LogStaticMesh: Building static mesh CaveRock2...
[2015.11.16-21.39.49:671][805]LogStaticMesh: Built static mesh [0.005330.2s] /Game/StarterContent/Props/CaveRock2.CaveRock2
[2015.11.16-21.39.49:755][805]LogStaticMesh: Building static mesh CrystalFormation...
[2015.11.16-21.39.49:798][805]LogStaticMesh: Built static mesh [0.081445.2s] /Game/StarterContent/Props/CrystalFormation.CrystalFormation
[2015.11.16-21.39.49:852][805]LogStaticMesh: Building static mesh DoubleStalagmite...
[2015.11.16-21.39.49:882][805]LogStaticMesh: Built static mesh [0.060587.2s] /Game/StarterContent/Props/DoubleStalagmite.DoubleStalagmite
[2015.11.16-21.39.49:887][805]LogStaticMesh: Building static mesh LockedCaveDoor...
[2015.11.16-21.39.49:898][805]LogStaticMesh: Built static mesh [0.011373.2s] /Game/StarterContent/Props/LockedCaveDoor.LockedCaveDoor
[2015.11.16-21.39.49:904][805]LogStaticMesh: Building static mesh Mushroom...
[2015.11.16-21.39.49:943][805]LogStaticMesh: Built static mesh [0.039724.2s] /Game/StarterContent/Props/Mushroom.Mushroom
[2015.11.16-21.39.50:456][805]LogStaticMesh: Building static mesh SingleStalagmite...
[2015.11.16-21.39.50:475][805]LogStaticMesh: Built static mesh [0.019708.2s] /Game/StarterContent/Props/SingleStalagmite.SingleStalagmite
[2015.11.16-21.39.50:504][805]LogMaterial: Missing cached shader map for material lambert1, compiling. 
[2015.11.16-21.39.55:313][805]LogMaterial: Missing cached shader map for material CrystalRock, compiling. 
[2015.11.16-21.39.58:251][805]LogMaterial: Missing cached shader map for material CrystalMat, compiling. 
[2015.11.16-21.39.59:443][805]LogMaterial: Missing cached shader map for material phongE1, compiling. 
[2015.11.16-21.39.59:527][805]LogMaterial: Missing cached shader map for material lambert3, compiling. 
[2015.11.16-21.39.59:570][805]LogMaterial: Missing cached shader map for material lambert2, compiling. 
[2015.11.16-21.39.59:605][805]LogAIModule: Creating AISystem for world Cave
[2015.11.16-21.40.01:750][805]LogParticles: Destroying 0 GPU particle simulations for FXSystem 0x000000FD2803BF60
[2015.11.16-21.40.01:762][805]Cmd: MAP LOAD FILE="D:/Year 3/Fall Semester/GDD II/Nightmare Game/NightmareGame/TheGame/Content/ThirdPersonBP/Maps/Cave.umap" TEMPLATE=0 SHOWPROGRESS=1 FEATURELEVEL=3
[2015.11.16-21.40.01:762][805]LightingResults: New page: Lighting Build
[2015.11.16-21.40.01:806][805]LoadErrors: New page: Loading map: Cave.umap
[2015.11.16-21.40.01:834][805]MapCheck: New page: Map Check
[2015.11.16-21.40.01:834][805]LightingResults: New page: Lighting Build
[2015.11.16-21.40.01:941][805]LogParticles: Destroying 0 GPU particle simulations for FXSystem 0x000000FD2A811E40
[2015.11.16-21.40.02:744][805]LogEditorServer: Finished looking for orphan Actors (0.000 secs)
[2015.11.16-21.40.02:897][805]Cmd: MAP CHECKDEP NOCLEARLOG
[2015.11.16-21.40.12:932][805]MapCheck: Info Map check complete: 0 Error(s), 0 Warning(s), took 10,034.308ms to complete.
[2015.11.16-21.40.12:935][805]LogFileHelpers: Loading map 'Cave' took 11.175
[2015.11.16-21.40.12:952][805]LoadErrors:Error: Error /Game/ThirdPersonBP/Blueprints/PuzzleObjs/TeddyBURRRRR : Failed import for BoolProperty /Game/ThirdPersonBP/Blueprints/ThirdPersonCharacter.ThirdPersonCharacter_C:Has TeddyBaer???
[2015.11.16-21.40.44:541][555]LogEditorViewport: Clicking on Actor (LMB): SpotLight (SpotLight2)
[2015.11.16-21.40.46:655][595]LogEditorViewport: Clicking on Actor (LMB): StaticMeshActor (Cube3)
[2015.11.16-21.40.52:567][712]LogEditorViewport: Clicking on Actor (LMB): StaticMeshActor (Sphere)
[2015.11.16-21.42.03:187][166]LogEditorViewport: Clicking on Actor (LMB): StaticMeshActor (Cube3)
[2015.11.16-21.43.28:381][570]Cmd: CAMERA ALIGN ACTIVEVIEWPORTONLY
[2015.11.16-21.46.12:164][419]LogEditorViewport: Clicking on Actor (LMB): StaticMeshActor (Sphere)
[2015.11.16-21.46.16:891][525]LogEditorViewport: Clicking on Actor (LMB): StaticMeshActor (Cube3)
[2015.11.16-21.46.23:694][700]LogEditorViewport: Clicking on Actor (LMB): StaticMeshActor (Cave)
[2015.11.16-21.46.24:943][733]LogEditorViewport: Clicking on Actor (LMB): StaticMeshActor (Cube3)
[2015.11.16-21.46.47:020][688]Cmd: CAMERA ALIGN ACTIVEVIEWPORTONLY
[2015.11.16-21.47.27:810][777]Cmd: TRANSACTION UNDO
[2015.11.16-21.47.27:810][777]LogEditorTransaction: Undo Move Actors
[2015.11.16-21.47.36:022][ 24]LogEditorViewport: Clicking on Actor (LMB): StaticMeshActor (Sphere)
[2015.11.16-21.47.36:168][ 24]LogEditorViewport: Clicking on Component (LMB): StaticMeshComponent (StaticMeshComponent0)
[2015.11.16-21.47.46:931][267]LogActorComponent: UnregisterComponent: (/Engine/Transient.CharMoveComp) Not registered. Aborting.
[2015.11.16-21.47.47:914][267]LogRenderer: Reallocating scene render targets to support 856x464 (Frame:7981).
[2015.11.16-21.49.34:883][707]LogSavePackage: Save=11782.020508ms
[2015.11.16-21.49.34:885][707]LogSavePackage: Moving 'D:/Year 3/Fall Semester/GDD II/Nightmare Game/NightmareGame/TheGame/Saved/Cave_Auto142BA2E9A46E93B2AB2BF0B9EF131BEB0.tmp' to 'D:/Year 3/Fall Semester/GDD II/Nightmare Game/NightmareGame/TheGame/Saved/Autosaves/Game/ThirdPersonBP/Maps/Cave_Auto1.umap'
[2015.11.16-21.49.34:906][707]LogSavePackage: Total save time: 16025.009900ms
[2015.11.16-21.49.34:906][707]LogSavePackage:Warning: Finished SavePackage D:/Year 3/Fall Semester/GDD II/Nightmare Game/NightmareGame/TheGame/Saved/Autosaves/Game/ThirdPersonBP/Maps/Cave_Auto1.umap
[2015.11.16-21.49.34:932][707]LogFileHelpers: Editor autosave (incl. sublevels) for '/Game/ThirdPersonBP/Maps/Cave' took 16.166
[2015.11.16-21.49.34:932][707]LogFileHelpers: Editor autosave (incl. sublevels) for all levels took 16.166
[2015.11.16-21.49.34:964][707]OBJ SavePackage: Generating thumbnails for [1] asset(s) in package [/Game/Sphere_Blueprint] ([1] browsable assets)...
[2015.11.16-21.49.35:049][707]OBJ SavePackage:     Rendered thumbnail for [Blueprint /Game/Sphere_Blueprint.Sphere_Blueprint]
[2015.11.16-21.49.35:049][707]OBJ SavePackage: Finished generating thumbnails for package [/Game/Sphere_Blueprint]
[2015.11.16-21.49.38:097][707]LogSavePackage: Save=1595.326782ms
[2015.11.16-21.49.38:100][707]LogSavePackage: Moving 'D:/Year 3/Fall Semester/GDD II/Nightmare Game/NightmareGame/TheGame/Saved/Sphere_Blueprint_Auto189C7CBCE4ACF2F50E14967A3C657925E.tmp' to 'D:/Year 3/Fall Semester/GDD II/Nightmare Game/NightmareGame/TheGame/Saved/Autosaves/Game/Sphere_Blueprint_Auto1.uasset'
[2015.11.16-21.49.38:117][707]LogSavePackage: Total save time: 1617.463626ms
[2015.11.16-21.49.38:117][707]LogSavePackage:Warning: Finished SavePackage D:/Year 3/Fall Semester/GDD II/Nightmare Game/NightmareGame/TheGame/Saved/Autosaves/Game/Sphere_Blueprint_Auto1.uasset
[2015.11.16-21.49.38:118][707]LogFileHelpers: Auto-saving content packages took 3.183
[2015.11.16-21.51.52:302][413]LogEditorViewport: Clicking on Actor (context menu): StaticMeshActor (Cube3)
[2015.11.16-21.52.00:147][781]LogEditorViewport: Clicking on Actor (LMB): TriggerBox (Sphere Trigger box)
[2015.11.16-21.52.05:333][895]LogEditorViewport: Clicking on Actor (context menu): TriggerBox (Sphere Trigger box)
[2015.11.16-21.55.11:195][113]LogContentBrowser: Native class hierarchy updated for 'Matinee' in 0.0018 seconds. Added 15 classes and 2 folders.
[2015.11.16-21.55.11:202][113]LogInit: Transaction tracking system initialized
[2015.11.16-21.55.11:229][113]EditorErrors: New page: Matinee Initialization
[2015.11.16-21.55.23:028][348]BlueprintLog: New page: Compile Sphere_Blueprint
[2015.11.16-21.55.23:103][348]LogActorComponent: UnregisterComponent: (/Engine/Transient.CharMoveComp) Not registered. Aborting.
[2015.11.16-21.55.23:166][348]BlueprintEditorCompileResults: Info [1271.82] Compile of Sphere_Blueprint successful! [in 138 ms]
[2015.11.16-21.55.26:012][389]Cmd: OBJ SAVEPACKAGE PACKAGE="/Game/Sphere_Blueprint" FILE="D:/Year 3/Fall Semester/GDD II/Nightmare Game/NightmareGame/TheGame/Content/Sphere_Blueprint.uasset" SILENT=true
[2015.11.16-21.55.26:189][389]LogSavePackage: Save=161.130783ms
[2015.11.16-21.55.26:191][389]LogSavePackage: Moving 'D:/Year 3/Fall Semester/GDD II/Nightmare Game/NightmareGame/TheGame/Saved/Sphere_Blueprint3C38432A4900036432747581076318B9.tmp' to 'D:/Year 3/Fall Semester/GDD II/Nightmare Game/NightmareGame/TheGame/Content/Sphere_Blueprint.uasset'
[2015.11.16-21.55.26:239][389]LogSavePackage: Total save time: 212.377876ms
[2015.11.16-21.55.26:239][389]LogSavePackage:Warning: Finished SavePackage D:/Year 3/Fall Semester/GDD II/Nightmare Game/NightmareGame/TheGame/Content/Sphere_Blueprint.uasset
[2015.11.16-21.56.17:961][286]LogEditorViewport: Clicking on Actor (LMB): StaticMeshActor (Cube3)
[2015.11.16-21.59.51:444][251]LogEditorViewport: Clicking on Actor (LMB): StaticMeshActor (Cube3)
[2015.11.16-21.59.55:296][338]Cmd: EDIT COPY
[2015.11.16-22.00.02:661][490]Cmd: TRANSACTION UNDO
[2015.11.16-22.00.02:661][490]LogEditorTransaction: Undo New Group
[2015.11.16-22.00.14:771][719]Cmd: CAMERA ALIGN ACTIVEVIEWPORTONLY
[2015.11.16-22.00.33:190][ 60]LogEditorViewport: Clicking on Actor (LMB): TriggerBox (Sphere Trigger box)
[2015.11.16-22.02.42:701][980]LogSlateMatinee: IntepGroup : MatineeAnimInterface is missing for (SphereTriggerbox)
[2015.11.16-22.03.52:909][298]LogEditorViewport: Clicking on Actor (LMB): MatineeActor (MatineeActor)
[2015.11.16-22.04.26:380][905]LogInit: Transaction tracking system initialized
[2015.11.16-22.04.26:380][905]EditorErrors: New page: Matinee Initialization
[2015.11.16-22.04.50:634][501]Cmd: CAMERA ALIGN ACTIVEVIEWPORTONLY
[2015.11.16-22.05.55:306][644]LogActorComponent: UnregisterComponent: (/Engine/Transient.CharMoveComp) Not registered. Aborting.
[2015.11.16-22.05.55:345][644]LogExit: Transaction tracking system shut down
[2015.11.16-22.05.55:345][644]LogExit: Transaction tracking system shut down
[2015.11.16-22.05.57:344][644]LogParticles: Destroying 0 GPU particle simulations for FXSystem 0x000000FD48FB98A0
[2015.11.16-22.06.22:277][644]LogSavePackage: Save=24932.945313ms
[2015.11.16-22.06.22:279][644]LogSavePackage: Moving 'D:/Year 3/Fall Semester/GDD II/Nightmare Game/NightmareGame/TheGame/Saved/Cave_Auto2A52223784FEA3DDC8287C8BD1FBEC270.tmp' to 'D:/Year 3/Fall Semester/GDD II/Nightmare Game/NightmareGame/TheGame/Saved/Autosaves/Game/ThirdPersonBP/Maps/Cave_Auto2.umap'
[2015.11.16-22.06.22:298][644]LogSavePackage: Total save time: 26894.077722ms
[2015.11.16-22.06.22:299][644]LogSavePackage:Warning: Finished SavePackage D:/Year 3/Fall Semester/GDD II/Nightmare Game/NightmareGame/TheGame/Saved/Autosaves/Game/ThirdPersonBP/Maps/Cave_Auto2.umap
[2015.11.16-22.06.22:327][644]LogFileHelpers: Editor autosave (incl. sublevels) for '/Game/ThirdPersonBP/Maps/Cave' took 27.020
[2015.11.16-22.06.22:327][644]LogFileHelpers: Editor autosave (incl. sublevels) for all levels took 27.020
[2015.11.16-22.06.29:367][745]LogEditorViewport: Clicking on Actor (LMB): StaticMeshActor (Cube3)
[2015.11.16-22.07.17:080][997]LogEditorViewport: Clicking on Actor (LMB): MatineeActor (MatineeActor)
[2015.11.16-22.07.18:766][ 34]LogEditorViewport: Clicking on Actor (LMB): StaticMeshActor (Cube3)
[2015.11.16-22.07.30:169][309]LogInit: Transaction tracking system initialized
[2015.11.16-22.07.30:169][309]LogMatinee:Warning: GROUP ADD: New group found for (InterpGroup_2).
[2015.11.16-22.07.30:169][309]EditorErrors: New page: Matinee Initialization
[2015.11.16-22.07.35:317][368]LogEditorViewport: Clicking on Actor (LMB): StaticMeshActor (Cylinder4)
[2015.11.16-22.07.36:334][390]LogEditorViewport: Clicking on Actor (LMB): StaticMeshActor (Cube3)
[2015.11.16-22.11.14:542][ 11]LogRenderer: Reallocating scene render targets to support 992x536 (Frame:24042).
[2015.11.16-22.12.34:658][353]LogEditorViewport: Clicking on Actor (LMB): StaticMeshActor (Cave)
[2015.11.16-22.12.41:915][494]LogEditorViewport: Clicking on Actor (LMB): StaticMeshActor (Cube3)
[2015.11.16-22.12.46:572][594]LogEditorViewport: Clicking on Actor (LMB): StaticMeshActor (Cube3)
[2015.11.16-22.13.13:825][709]LogEditorViewport: Clicking on Actor (LMB): StaticMeshActor (Cube3)
[2015.11.16-22.13.19:506][995]LogSlateMatinee: IntepGroup : MatineeAnimInterface is missing for (Cube3_139)
[2015.11.16-22.15.45:524][813]Cmd: TRANSACTION UNDO
[2015.11.16-22.15.45:524][813]LogEditorTransaction: Undo Update Key Frame
[2015.11.16-22.15.47:220][847]LogEditorTransaction: Undo Add Key
[2015.11.16-22.17.30:259][858]Cmd: TRANSACTION UNDO
[2015.11.16-22.17.30:259][858]LogEditorTransaction: Undo Delete Selected Keys
[2015.11.16-22.17.32:640][907]Cmd: TRANSACTION UNDO
[2015.11.16-22.17.32:640][907]LogEditorTransaction: Undo Add Key
[2015.11.16-22.17.33:473][924]Cmd: TRANSACTION UNDO
[2015.11.16-22.17.33:473][924]LogEditorTransaction: Undo Add Key
[2015.11.16-22.20.57:354][245]LogEditorViewport: Clicking on Actor (LMB): StaticMeshActor (Cylinder4)
[2015.11.16-22.22.30:299][140]LogSlateMatinee: IntepGroup : MatineeAnimInterface is missing for (Cylinder4_134)
[2015.11.16-22.30.51:737][851]Cmd: TRANSACTION UNDO
[2015.11.16-22.30.51:737][851]LogEditorTransaction: Undo Delete Selected Keys
[2015.11.16-22.31.59:802][833]LogEditorViewport: Clicking on Actor (context menu): StaticMeshActor (Cave)
[2015.11.16-22.32.05:766][ 34]LogEditorViewport: Clicking on Actor (context menu): StaticMeshActor (Cylinder4)
[2015.11.16-22.34.04:358][396]LogSlateMatinee: IntepGroup : MatineeAnimInterface is missing for (Cylinder4_134)
[2015.11.16-22.34.14:973][641]Cmd: TRANSACTION UNDO
[2015.11.16-22.34.14:973][641]LogEditorTransaction: Undo NewTrack
[2015.11.16-22.35.09:432][284]LogEditorViewport: Clicking on Actor (LMB): StaticMeshActor (Cube3)
[2015.11.16-22.35.10:886][315]LogEditorViewport: Clicking on Actor (LMB): StaticMeshActor (Cylinder4)
[2015.11.16-22.35.46:168][119]LogEditorViewport: Clicking on Actor (LMB): StaticMeshActor (Cave)
[2015.11.16-22.35.49:553][191]LogEditorViewport: Clicking on Actor (LMB): StaticMeshActor (Cube3)
[2015.11.16-22.36.06:096][543]LogEditorViewport: Clicking on Actor (LMB): StaticMeshActor (Cube3)
[2015.11.16-22.38.39:305][ 71]LogEditorViewport: Clicking on Actor (LMB): StaticMeshActor (Cylinder4)
[2015.11.16-22.39.07:823][664]LogEditorViewport: Clicking on Actor (LMB): StaticMeshActor (Cylinder4)
[2015.11.16-22.39.52:947][858]LogEditorViewport: Clicking on Actor (LMB): StaticMeshActor (Cylinder4)
[2015.11.16-22.40.23:677][590]LogEditorViewport: Clicking on Actor (LMB): StaticMeshActor (Cave)
[2015.11.16-22.40.25:788][633]LogEditorViewport: Clicking on Actor (LMB): StaticMeshActor (Cylinder4)
[2015.11.16-22.40.27:057][658]LogEditorViewport: Clicking on Actor (LMB): StaticMeshActor (Cave)
[2015.11.16-22.40.34:574][799]Cmd: TRANSACTION UNDO
[2015.11.16-22.40.34:574][799]LogEditorTransaction: Undo Delete Selected Keys
[2015.11.16-22.40.35:273][813]Cmd: TRANSACTION UNDO
[2015.11.16-22.40.35:273][813]LogEditorTransaction: Undo Track Delete
[2015.11.16-22.40.36:131][830]Cmd: TRANSACTION UNDO
[2015.11.16-22.40.36:131][830]LogEditorTransaction: Undo Add Key
[2015.11.16-22.40.52:832][130]LogEditorViewport: Clicking on Actor (LMB): StaticMeshActor (Cube3)
[2015.11.16-22.41.15:085][584]LogEditorViewport: Clicking on Actor (LMB): SpotLight (SpotLight2)
[2015.11.16-22.41.16:214][607]LogEditorViewport: Clicking on Actor (LMB): StaticMeshActor (Cube3)
[2015.11.16-22.41.21:460][812]MapCheck: New page: Map Check
[2015.11.16-22.41.21:502][812]Cmd: MAP REBUILD ALLVISIBLE
[2015.11.16-22.41.21:523][812]LogEditorServer: Rebuildmap Clear paths rebuilt
[2015.11.16-22.41.21:895][812]LightingResults: New page: Lighting Build - Nov 16, 2015, 12:41:21 PM
[2015.11.16-22.41.43:356][812]LogStaticLightingSystem:Warning: No importance volume found, so the scene bounding box was used.  You can optimize your scene's quality and lighting build times by adding importance volumes.
[2015.11.16-22.41.43:356][812]LogStaticLightingSystem: Running Lightmass w/ ImmediateImport mode ENABLED
[2015.11.16-22.41.43:356][812]LogStaticLightingSystem: Running Lightmass w/ ImmediateProcess mode ENABLED
[2015.11.16-22.41.43:356][812]LogStaticLightingSystem: Running Lightmass w/ Sorting mode ENABLED
[2015.11.16-22.41.43:356][812]LogStaticLightingSystem: Running Lightmass w/ Mapping paddings ENABLED
[2015.11.16-22.41.43:356][812]LogStaticLightingSystem: Running Lightmass w/ Mapping debug paddings DISABLED
[2015.11.16-22.41.44:168][812]LogEditorBuildUtils: Build time 0:00:22
[2015.11.16-22.41.44:213][812]LogMaterial: Missing cached shader map for material FLightmassMaterialRenderer MaterialInstanceDynamic_77, compiling. 
[2015.11.16-22.41.44:245][812]LogMaterial: Missing cached shader map for material FLightmassMaterialRenderer MaterialInstanceDynamic_77, compiling. 
[2015.11.16-22.41.44:305][813]LogMaterial: Missing cached shader map for material FLightmassMaterialRenderer M_Rock_Slate, compiling. 
[2015.11.16-22.41.44:315][813]LogMaterial: Missing cached shader map for material FLightmassMaterialRenderer M_Rock_Slate, compiling. 
[2015.11.16-22.41.44:491][814]LogMaterial: Missing cached shader map for material FLightmassMaterialRenderer lambert3, compiling. 
[2015.11.16-22.41.44:496][814]LogMaterial: Missing cached shader map for material FLightmassMaterialRenderer lambert3, compiling. 
[2015.11.16-22.41.44:500][814]LogMaterial: Missing cached shader map for material FLightmassMaterialRenderer lambert2, compiling. 
[2015.11.16-22.41.44:505][814]LogMaterial: Missing cached shader map for material FLightmassMaterialRenderer lambert2, compiling. 
[2015.11.16-22.41.44:528][815]LogMaterial: Missing cached shader map for material FLightmassMaterialRenderer phongE1, compiling. 
[2015.11.16-22.41.44:533][815]LogMaterial: Missing cached shader map for material FLightmassMaterialRenderer phongE1, compiling. 
[2015.11.16-22.41.44:554][816]LogMaterial: Missing cached shader map for material FLightmassMaterialRenderer M_Concrete_Tiles, compiling. 
[2015.11.16-22.41.44:559][816]LogMaterial: Missing cached shader map for material FLightmassMaterialRenderer M_Concrete_Tiles, compiling. 
[2015.11.16-22.41.44:579][817]LogMaterial: Missing cached shader map for material FLightmassMaterialRenderer CrystalMat, compiling. 
[2015.11.16-22.41.44:583][817]LogMaterial: Missing cached shader map for material FLightmassMaterialRenderer Crys