[2015.11.05-16.37.06:043][  0]Log file open, 11/05/15 11:37:06
[2015.11.05-16.37.06:043][  0]LogInit:Display: Running engine for game: NightmareGame
[2015.11.05-16.37.06:043][  0]LogInit:Display: RandInit(1118265138) SRandInit(1118265138).
[2015.11.05-16.37.06:043][  0]LogTaskGraph: Started task graph with 4 named threads and 7 total threads.
[2015.11.05-16.37.06:043][  0]LogStats: Stats thread started at 0.082940
[2015.11.05-16.37.06:043][  0]LogInit: Version: 4.9.2-2707645+++depot+UE4-Releases+4.9
[2015.11.05-16.37.06:043][  0]LogInit: API Version: 2672455
[2015.11.05-16.37.06:043][  0]LogInit: Compiled (64-bit): Sep 28 2015 10:25:44
[2015.11.05-16.37.06:043][  0]LogInit: Compiled with Visual C++: 18.00.21005.01
[2015.11.05-16.37.06:043][  0]LogInit: Build Configuration: Development
[2015.11.05-16.37.06:043][  0]LogInit: Branch Name: ++depot+UE4-Releases+4.9
[2015.11.05-16.37.06:043][  0]LogInit: Command line:  
[2015.11.05-16.37.06:043][  0]LogInit: Base directory: C:/Program Files/Epic Games/4.9/Engine/Binaries/Win64/
[2015.11.05-16.37.06:043][  0]LogInit: Rocket: 1
[2015.11.05-16.37.06:054][  0]LogInit: Using libcurl 7.41.0
[2015.11.05-16.37.06:054][  0]LogInit:  - built for x86_64-pc-win32
[2015.11.05-16.37.06:054][  0]LogInit:  - supports SSL with WinSSL
[2015.11.05-16.37.06:054][  0]LogInit:  - other features:
[2015.11.05-16.37.06:054][  0]LogInit:      CURL_VERSION_SSL
[2015.11.05-16.37.06:054][  0]LogInit:      CURL_VERSION_IPV6
[2015.11.05-16.37.06:054][  0]LogInit:      CURL_VERSION_ASYNCHDNS
[2015.11.05-16.37.06:054][  0]LogInit:      CURL_VERSION_LARGEFILE
[2015.11.05-16.37.06:054][  0]LogInit:      CURL_VERSION_IDN
[2015.11.05-16.37.06:054][  0]LogInit:  CurlRequestOptions (configurable via config and command line):
[2015.11.05-16.37.06:054][  0]LogInit:  - bVerifyPeer = true  - Libcurl will verify peer certificate
[2015.11.05-16.37.06:054][  0]LogInit:  - bUseHttpProxy = false  - Libcurl will NOT use HTTP proxy
[2015.11.05-16.37.06:054][  0]LogInit:  - bDontReuseConnections = false  - Libcurl will reuse connections
[2015.11.05-16.37.06:054][  0]LogInit:  - CertBundlePath = nullptr  - Libcurl will use whatever was configured at build time.
[2015.11.05-16.37.06:064][  0]LogInit: Presizing for 0 objects not considered by GC, pre-allocating 0 bytes.
[2015.11.05-16.37.06:072][  0]LogInit: Object subsystem initialized
[2015.11.05-16.37.06:074][  0]LogInit: Selected Device Profile: [Windows]
[2015.11.05-16.37.06:074][  0]LogInit: Applying CVar settings loaded from the selected device profile: [Windows]
[2015.11.05-16.37.06:083][  0]LogInit: Computer: NICKSCOMPUTER
[2015.11.05-16.37.06:083][  0]LogInit: User: ntanc000
[2015.11.05-16.37.06:083][  0]LogInit: CPU Page size=4096, Cores=4
[2015.11.05-16.37.06:083][  0]LogInit: High frequency timer resolution =2.537594 MHz
[2015.11.05-16.37.06:083][  0]LogMemory: Memory total: Physical=15.9GB (16GB approx)
[2015.11.05-16.37.06:083][  0]LogMemory: Platform Memory Stats for Windows
[2015.11.05-16.37.06:083][  0]LogMemory: Process Physical Memory: 52.24 MB used, 52.24 MB peak
[2015.11.05-16.37.06:083][  0]LogMemory: Process Virtual Memory: 55.05 MB used, 55.05 MB peak
[2015.11.05-16.37.06:083][  0]LogMemory: Physical Memory: 5600.57 MB used, 16269.45 MB total
[2015.11.05-16.37.06:084][  0]LogMemory: Virtual Memory: 360.26 MB used, 134217728.00 MB total
[2015.11.05-16.37.06:150][  0]LogTextLocalizationManager: No specific translations for ('en-US') exist, so ('en') translations will be used.
[2015.11.05-16.37.06:997][  0]LogD3D11RHI: Found D3D11 adapter 0: NVIDIA GeForce GTX 980M (Feature Level 11_0)
[2015.11.05-16.37.06:997][  0]LogD3D11RHI: Adapter has 3981MB of dedicated video memory, 0MB of dedicated system memory, and 8134MB of shared system memory, 2 output[s]
[2015.11.05-16.37.07:008][  0]LogD3D11RHI: Found D3D11 adapter 1: Intel(R) HD Graphics 4600 (Feature Level 11_0)
[2015.11.05-16.37.07:008][  0]LogD3D11RHI: Adapter has 32MB of dedicated video memory, 0MB of dedicated system memory, and 1760MB of shared system memory, 0 output[s]
[2015.11.05-16.37.07:010][  0]LogD3D11RHI: Found D3D11 adapter 2: Microsoft Basic Render Driver (Feature Level 11_0)
[2015.11.05-16.37.07:010][  0]LogD3D11RHI: Adapter has 0MB of dedicated video memory, 0MB of dedicated system memory, and 256MB of shared system memory, 0 output[s]
[2015.11.05-16.37.07:010][  0]LogD3D11RHI: Chosen D3D11 Adapter Id = 0
[2015.11.05-16.37.07:015][  0]LogD3D11RHI: !Direct3DDevice
[2015.11.05-16.37.07:015][  0]LogRHI: Texture pool is 1361 MB (70% of 1945 MB)
[2015.11.05-16.37.07:030][  0]LogD3D11RHI: Async texture creation enabled
[2015.11.05-16.37.07:048][  0]LogShaderCompilers: Guid format shader working directory is 15 characters bigger than the processId version (../../../../../../Users/ntanc_000/Desktop/NightmareGame/TheGame/Intermediate/Shaders/WorkingDirectory/7100/).
[2015.11.05-16.37.07:048][  0]LogShaderCompilers: Cleaned the shader compiler working directory '../../../../../../Users/ntanc_000/Desktop/NightmareGame/TheGame/Intermediate/Shaders/tmp/9885152B4907E81C20F74EB55EA1CF87/'.
[2015.11.05-16.37.07:048][  0]LogShaderCompilers:Display: Using Local Shader Compiler.
[2015.11.05-16.37.08:209][  0]LogTemp:Display: Loaded TP AllDesktopTargetPlatform
[2015.11.05-16.37.08:215][  0]LogTemp:Display: Loaded TP WindowsClientTargetPlatform
[2015.11.05-16.37.08:222][  0]LogTemp:Display: Loaded TP WindowsNoEditorTargetPlatform
[2015.11.05-16.37.08:228][  0]LogTemp:Display: Loaded TP WindowsServerTargetPlatform
[2015.11.05-16.37.08:234][  0]LogTemp:Display: Loaded TP WindowsTargetPlatform
[2015.11.05-16.37.08:238][  0]LogTemp:Display: Loaded TP AndroidTargetPlatform
[2015.11.05-16.37.08:242][  0]LogTemp:Display: Loaded TP Android_ASTCTargetPlatform
[2015.11.05-16.37.08:246][  0]LogTemp:Display: Loaded TP Android_ATCTargetPlatform
[2015.11.05-16.37.08:251][  0]LogTemp:Display: Loaded TP Android_DXTTargetPlatform
[2015.11.05-16.37.08:255][  0]LogTemp:Display: Loaded TP Android_ETC1TargetPlatform
[2015.11.05-16.37.08:259][  0]LogTemp:Display: Loaded TP Android_ETC2TargetPlatform
[2015.11.05-16.37.08:267][  0]LogTemp:Display: Loaded TP Android_PVRTCTargetPlatform
[2015.11.05-16.37.08:268][  0]LogTemp:Display: Loaded TP HTML5TargetPlatform
[2015.11.05-16.37.08:288][  0]LogTemp:Display: Loaded TP IOSTargetPlatform
[2015.11.05-16.37.08:293][  0]LogTemp:Display: Loaded TP LinuxNoEditorTargetPlatform
[2015.11.05-16.37.08:298][  0]LogTemp:Display: Loaded TP LinuxServerTargetPlatform
[2015.11.05-16.37.08:303][  0]LogTemp:Display: Loaded TP LinuxTargetPlatform
[2015.11.05-16.37.08:303][  0]LogTargetPlatformManager:Display: Building Assets For Windows
[2015.11.05-16.37.08:411][  0]LogDerivedDataCache:Display: Max Cache Size: 512 MB
[2015.11.05-16.37.08:453][  0]LogDerivedDataCache: Loaded boot cache 0.04s 41MB C:/Users/ntanc_000/AppData/Local/UnrealEngine/4.9/DerivedDataCache/Boot.ddc.
[2015.11.05-16.37.08:453][  0]LogDerivedDataCache:Display: Loaded Boot cache: C:/Users/ntanc_000/AppData/Local/UnrealEngine/4.9/DerivedDataCache/Boot.ddc
[2015.11.05-16.37.08:453][  0]LogDerivedDataCache: FDerivedDataBackendGraph:  Pak pak cache file ../../../../../../Users/ntanc_000/Desktop/NightmareGame/TheGame/DerivedDataCache/DDC.ddp not found, will not use a pak cache.
[2015.11.05-16.37.08:453][  0]LogDerivedDataCache: Unable to find inner node Pak for hierarchical cache Hierarchy.
[2015.11.05-16.37.08:453][  0]LogDerivedDataCache: FDerivedDataBackendGraph:  CompressedPak pak cache file ../../../../../../Users/ntanc_000/Desktop/NightmareGame/TheGame/DerivedDataCache/Compressed.ddp not found, will not use a pak cache.
[2015.11.05-16.37.08:453][  0]LogDerivedDataCache: Unable to find inner node CompressedPak for hierarchical cache Hierarchy.
[2015.11.05-16.37.08:602][  0]LogDerivedDataCache:Display: Pak cache opened for reading ../../../Engine/DerivedDataCache/Compressed.ddp.
[2015.11.05-16.37.08:615][  0]LogDerivedDataCache: Using Local data cache path C:/Users/ntanc_000/AppData/Local/UnrealEngine/Common/DerivedDataCache: Writable
[2015.11.05-16.37.08:826][  0]LogInit: Selected Device Profile: [Windows]
[2015.11.05-16.37.08:829][  0]LogContentStreaming: Texture pool size is 0.000000MB
[2015.11.05-16.37.08:969][  0]LogMeshUtilities: No automatic mesh reduction module available
[2015.11.05-16.37.08:969][  0]LogMeshUtilities: No automatic mesh merging module available
[2015.11.05-16.37.09:235][  0]LogInit: WinSock: version 1.1 (2.2), MaxSocks=32767, MaxUdp=65467
[2015.11.05-16.37.10:115][  0]UdpMessaging: Initializing bridge on interface 0.0.0.0:0 to multicast group 230.0.0.1:6666.
[2015.11.05-16.37.10:228][  0]LogAssetRegistry: FAssetRegistry took 0.0105 seconds to start up
[2015.11.05-16.37.10:446][  0]SourceControl: Info Source control is disabled
[2015.11.05-16.37.10:460][  0]SourceControl: Info Source control is disabled
[2015.11.05-16.37.10:478][  0]SourceControl: Info Source control is disabled
[2015.11.05-16.37.10:497][  0]SourceControl: Info Source control is disabled
[2015.11.05-16.37.10:739][  0]LogLinker:Warning: Asset '../../../Engine/Plugins/Runtime/LeapMotionController/Content/LM_PassthroughMaterial.uasset' has been saved with empty engine version. The asset will be loaded but may be incompatible.
[2015.11.05-16.37.10:856][  0]LogObj: 28361 objects as part of root set at end of initial load.
[2015.11.05-16.37.10:856][  0]LogUObjectAllocator: 6038872 out of 0 bytes used by permanent object pool.
[2015.11.05-16.37.10:918][  0]LogEngine: Initializing Engine...
[2015.11.05-16.37.10:923][  0]LogHMD: Can't find Oculus library dev build: is proper Runtime installed? Version: 0.7.0.0
[2015.11.05-16.37.10:924][  0]LogHMD: SteamVR failed to initialize.  Err: 110
[2015.11.05-16.37.11:049][  0]LogAIModule: Creating AISystem for world NewWorld
[2015.11.05-16.37.11:056][  0]LogInit: XAudio2 using 'Speakers (Sound Blaster Recon3Di)' : 2 channels at 48 kHz using 32 bits per sample (channel mask 0x3)
[2015.11.05-16.37.11:074][  0]LogInit: FAudioDevice initialized.
[2015.11.05-16.37.11:097][  0]LogDerivedDataCache: Saved boot cache 0.02s 41MB C:/Users/ntanc_000/AppData/Local/UnrealEngine/4.9/DerivedDataCache/Boot.ddc.
[2015.11.05-16.37.11:100][  0]LogInit: Texture streaming: Enabled
[2015.11.05-16.37.11:110][  0]LogAnalytics: Creating configured Analytics provider AnalyticsET
[2015.11.05-16.37.11:110][  0]LogAnalytics: [UEEditor.Rocket.Release] APIServer = http://et2.epicgames.com/ET2/. AppVersion = 4.9.2-2707645+++depot+UE4-Releases+4.9
[2015.11.05-16.37.11:110][  0]LogAnalytics: [UEEditor.Rocket.Release] SetUserId 2c211ad74a9e5469c13dfaa1059b2d42|1bd0216fcaf5458183f89cc914276325|d020360b-9246-478a-84ac-08a9775e7849
[2015.11.05-16.37.11:111][  0]LogAnalytics: [UEEditor.Rocket.Release] AnalyticsET::StartSession
[2015.11.05-16.37.11:153][  0]LogInit: Transaction tracking system initialized
[2015.11.05-16.37.11:190][  0]BlueprintLog: New page: Editor Load
[2015.11.05-16.37.11:295][  0]LocalizationService: Info Localization service is disabled
[2015.11.05-16.37.11:407][  0]LogConsoleResponse:Display: 
[2015.11.05-16.37.11:549][  0]LogCook:Display: Done creating registry. It took  0.00s.
[2015.11.05-16.37.11:647][  0]LogFileCache: Scanning file cache for directory 'C:/Users/ntanc_000/Desktop/NightmareGame/TheGame/Content/' took 0.02s
[2015.11.05-16.37.11:647][  0]SourceControl: Info Source control is disabled
[2015.11.05-16.37.11:647][  0]Cmd: MAP LOAD FILE="../../../../../../Users/ntanc_000/Desktop/NightmareGame/TheGame/Content/ThirdPersonBP/Maps/Hub.umap" TEMPLATE=0 SHOWPROGRESS=1 FEATURELEVEL=3
[2015.11.05-16.37.11:648][  0]LightingResults: New page: Lighting Build
[2015.11.05-16.37.11:653][  0]MapCheck: New page: Map Check
[2015.11.05-16.37.11:653][  0]LightingResults: New page: Lighting Build
[2015.11.05-16.37.11:669][  0]LogParticles: Destroying 0 GPU particle simulations for FXSystem 0x0000007231BB0400
[2015.11.05-16.37.11:676][  0]LogLinker:Warning: Asset '../../../../../../Users/ntanc_000/Desktop/NightmareGame/TheGame/Content/Mannequin/Animations/ThirdPerson_AnimBP.uasset' has been saved with empty engine version. The asset will be loaded but may be incompatible.
[2015.11.05-16.37.11:678][  0]LogLinker:Warning: Asset '../../../../../../Users/ntanc_000/Desktop/NightmareGame/TheGame/Content/Mannequin/Animations/ThirdPerson_Jump.uasset' has been saved with empty engine version. The asset will be loaded but may be incompatible.
[2015.11.05-16.37.11:680][  0]LogLinker:Warning: Asset '../../../../../../Users/ntanc_000/Desktop/NightmareGame/TheGame/Content/Mannequin/Animations/ThirdPersonJump_Loop.uasset' has been saved with empty engine version. The asset will be loaded but may be incompatible.
[2015.11.05-16.37.11:681][  0]LogLinker:Warning: Asset '../../../../../../Users/ntanc_000/Desktop/NightmareGame/TheGame/Content/Mannequin/Animations/ThirdPersonJump_Start.uasset' has been saved with empty engine version. The asset will be loaded but may be incompatible.
[2015.11.05-16.37.11:683][  0]LogLinker:Warning: Asset '../../../../../../Users/ntanc_000/Desktop/NightmareGame/TheGame/Content/Mannequin/Animations/ThirdPerson_IdleRun_2D.uasset' has been saved with empty engine version. The asset will be loaded but may be incompatible.
[2015.11.05-16.37.11:683][  0]LogLinker:Warning: Asset '../../../../../../Users/ntanc_000/Desktop/NightmareGame/TheGame/Content/Mannequin/Animations/ThirdPersonIdle.uasset' has been saved with empty engine version. The asset will be loaded but may be incompatible.
[2015.11.05-16.37.11:685][  0]LogLinker:Warning: Asset '../../../../../../Users/ntanc_000/Desktop/NightmareGame/TheGame/Content/Mannequin/Animations/ThirdPersonRun.uasset' has been saved with empty engine version. The asset will be loaded but may be incompatible.
[2015.11.05-16.37.11:686][  0]LogLinker:Warning: Asset '../../../../../../Users/ntanc_000/Desktop/NightmareGame/TheGame/Content/Mannequin/Animations/ThirdPersonWalk.uasset' has been saved with empty engine version. The asset will be loaded but may be incompatible.
[2015.11.05-16.37.12:893][  0]LogAIModule: Creating AISystem for world Hub
[2015.11.05-16.37.12:908][  0]LogEditorServer: Finished looking for orphan Actors (0.000 secs)
[2015.11.05-16.37.12:909][  0]Cmd: MAP CHECKDEP NOCLEARLOG
[2015.11.05-16.37.13:052][  0]MapCheck: Info Map check complete: 0 Error(s), 0 Warning(s), took 143.286ms to complete.
[2015.11.05-16.37.13:052][  0]LogFileHelpers: Loading map 'Hub' took 1.405
[2015.11.05-16.37.13:194][  0]LogCollectionManager: Loaded 0 collections in 0.002732 seconds
[2015.11.05-16.37.13:240][  0]LogFileCache: Scanning file cache for directory 'C:/Users/ntanc_000/Desktop/NightmareGame/TheGame/Saved/Collections/' took 0.01s
[2015.11.05-16.37.13:240][  0]LogFileCache: Scanning file cache for directory 'C:/Users/ntanc_000/Desktop/NightmareGame/TheGame/Content/Developers/ntanc000/Collections/' took 0.01s
[2015.11.05-16.37.13:240][  0]LogFileCache: Scanning file cache for directory 'C:/Users/ntanc_000/Desktop/NightmareGame/TheGame/Content/Collections/' took 0.01s
[2015.11.05-16.37.13:240][  0]LogContentBrowser: Native class hierarchy populated in 0.0094 seconds. Added 1867 classes and 333 folders.
[2015.11.05-16.37.13:254][  0]LogCollectionManager: Rebuilt the GUID cache for 0 collections in 0.000003 seconds
[2015.11.05-16.37.13:264][  0]LogContentBrowser: Native class hierarchy updated for 'WidgetCarousel' in 0.0005 seconds. Added 0 classes and 0 folders.
[2015.11.05-16.37.13:350][  0]LogContentBrowser: Native class hierarchy updated for 'AddContentDialog' in 0.0006 seconds. Added 0 classes and 0 folders.
[2015.11.05-16.37.13:357][  0]LogContentBrowser: Native class hierarchy updated for 'SceneOutliner' in 0.0006 seconds. Added 1 classes and 2 folders.
[2015.11.05-16.37.13:445][  0]LogCrashTracker: Crashtracker disabled due to settings.
[2015.11.05-16.37.13:452][  0]LogUObjectGlobals:Warning: Failed to find object 'Class None.'
[2015.11.05-16.37.13:475][  0]LogLoad: Full Startup: 8.00 seconds (BP compile: 0.25 seconds)
[2015.11.05-16.37.13:883][  0]LogContentStreaming: Texture pool size now 1000 MB
[2015.11.05-16.37.14:026][  0]LogRenderer: Reallocating scene render targets to support 740x412 (Frame:2).