[2015.11.16-03.09.03:825][  0]Log file open, 11/15/15 22:09:03
[2015.11.16-03.09.03:825][  0]LogInit:Display: Running engine for game: NightmareGame
[2015.11.16-03.09.03:825][  0]LogInit:Display: RandInit(802198358) SRandInit(802198359).
[2015.11.16-03.09.03:825][  0]LogTaskGraph: Started task graph with 4 named threads and 7 total threads.
[2015.11.16-03.09.03:825][  0]LogStats: Stats thread started at 0.202372
[2015.11.16-03.09.03:825][  0]LogInit: Version: 4.9.2-2707645+++depot+UE4-Releases+4.9
[2015.11.16-03.09.03:825][  0]LogInit: API Version: 2672455
[2015.11.16-03.09.03:825][  0]LogInit: Compiled (64-bit): Sep 28 2015 10:25:44
[2015.11.16-03.09.03:825][  0]LogInit: Compiled with Visual C++: 18.00.21005.01
[2015.11.16-03.09.03:825][  0]LogInit: Build Configuration: Development
[2015.11.16-03.09.03:825][  0]LogInit: Branch Name: ++depot+UE4-Releases+4.9
[2015.11.16-03.09.03:825][  0]LogInit: Command line:  
[2015.11.16-03.09.03:825][  0]LogInit: Base directory: C:/Program Files/Epic Games/4.9/Engine/Binaries/Win64/
[2015.11.16-03.09.03:825][  0]LogInit: Rocket: 1
[2015.11.16-03.09.03:868][  0]LogInit: Using libcurl 7.41.0
[2015.11.16-03.09.03:868][  0]LogInit:  - built for x86_64-pc-win32
[2015.11.16-03.09.03:868][  0]LogInit:  - supports SSL with WinSSL
[2015.11.16-03.09.03:868][  0]LogInit:  - other features:
[2015.11.16-03.09.03:868][  0]LogInit:      CURL_VERSION_SSL
[2015.11.16-03.09.03:868][  0]LogInit:      CURL_VERSION_IPV6
[2015.11.16-03.09.03:868][  0]LogInit:      CURL_VERSION_ASYNCHDNS
[2015.11.16-03.09.03:868][  0]LogInit:      CURL_VERSION_LARGEFILE
[2015.11.16-03.09.03:868][  0]LogInit:      CURL_VERSION_IDN
[2015.11.16-03.09.03:869][  0]LogInit:  CurlRequestOptions (configurable via config and command line):
[2015.11.16-03.09.03:869][  0]LogInit:  - bVerifyPeer = true  - Libcurl will verify peer certificate
[2015.11.16-03.09.03:869][  0]LogInit:  - bUseHttpProxy = false  - Libcurl will NOT use HTTP proxy
[2015.11.16-03.09.03:869][  0]LogInit:  - bDontReuseConnections = false  - Libcurl will reuse connections
[2015.11.16-03.09.03:869][  0]LogInit:  - CertBundlePath = nullptr  - Libcurl will use whatever was configured at build time.
[2015.11.16-03.09.03:944][  0]LogInit: Presizing for 0 objects not considered by GC, pre-allocating 0 bytes.
[2015.11.16-03.09.03:952][  0]LogInit: Object subsystem initialized
[2015.11.16-03.09.03:955][  0]LogInit: Selected Device Profile: [Windows]
[2015.11.16-03.09.03:955][  0]LogInit: Applying CVar settings loaded from the selected device profile: [Windows]
[2015.11.16-03.09.03:995][  0]LogInit: Computer: NICKSCOMPUTER
[2015.11.16-03.09.03:995][  0]LogInit: User: ntanc000
[2015.11.16-03.09.03:995][  0]LogInit: CPU Page size=4096, Cores=4
[2015.11.16-03.09.03:995][  0]LogInit: High frequency timer resolution =2.537596 MHz
[2015.11.16-03.09.03:995][  0]LogMemory: Memory total: Physical=15.9GB (16GB approx)
[2015.11.16-03.09.03:995][  0]LogMemory: Platform Memory Stats for Windows
[2015.11.16-03.09.03:995][  0]LogMemory: Process Physical Memory: 52.98 MB used, 52.98 MB peak
[2015.11.16-03.09.03:995][  0]LogMemory: Process Virtual Memory: 55.00 MB used, 55.00 MB peak
[2015.11.16-03.09.03:995][  0]LogMemory: Physical Memory: 2777.95 MB used, 16269.45 MB total
[2015.11.16-03.09.03:995][  0]LogMemory: Virtual Memory: 360.18 MB used, 134217728.00 MB total
[2015.11.16-03.09.04:571][  0]LogTextLocalizationManager: No specific translations for ('en-US') exist, so ('en') translations will be used.
[2015.11.16-03.09.05:702][  0]LogD3D11RHI: Found D3D11 adapter 0: NVIDIA GeForce GTX 980M (Feature Level 11_0)
[2015.11.16-03.09.05:702][  0]LogD3D11RHI: Adapter has 3981MB of dedicated video memory, 0MB of dedicated system memory, and 8134MB of shared system memory, 2 output[s]
[2015.11.16-03.09.05:712][  0]LogD3D11RHI: Found D3D11 adapter 1: Intel(R) HD Graphics 4600 (Feature Level 11_0)
[2015.11.16-03.09.05:712][  0]LogD3D11RHI: Adapter has 32MB of dedicated video memory, 0MB of dedicated system memory, and 1760MB of shared system memory, 0 output[s]
[2015.11.16-03.09.05:715][  0]LogD3D11RHI: Found D3D11 adapter 2: Microsoft Basic Render Driver (Feature Level 11_0)
[2015.11.16-03.09.05:715][  0]LogD3D11RHI: Adapter has 0MB of dedicated video memory, 0MB of dedicated system memory, and 256MB of shared system memory, 0 output[s]
[2015.11.16-03.09.05:715][  0]LogD3D11RHI: Chosen D3D11 Adapter Id = 0
[2015.11.16-03.09.05:720][  0]LogD3D11RHI: !Direct3DDevice
[2015.11.16-03.09.05:720][  0]LogRHI: Texture pool is 1361 MB (70% of 1945 MB)
[2015.11.16-03.09.05:736][  0]LogD3D11RHI: Async texture creation enabled
[2015.11.16-03.09.05:755][  0]LogShaderCompilers: Guid format shader working directory is 15 characters bigger than the processId version (../../../../../../Users/ntanc_000/Desktop/NightmareGame/TheGame/Intermediate/Shaders/WorkingDirectory/7548/).
[2015.11.16-03.09.05:755][  0]LogShaderCompilers: Cleaned the shader compiler working directory '../../../../../../Users/ntanc_000/Desktop/NightmareGame/TheGame/Intermediate/Shaders/tmp/D6993A5344C8C425FC6AAAAAF1638D42/'.
[2015.11.16-03.09.05:755][  0]LogShaderCompilers:Display: Using Local Shader Compiler.
[2015.11.16-03.09.08:474][  0]LogTemp:Display: Loaded TP AllDesktopTargetPlatform
[2015.11.16-03.09.08:480][  0]LogTemp:Display: Loaded TP WindowsClientTargetPlatform
[2015.11.16-03.09.08:486][  0]LogTemp:Display: Loaded TP WindowsNoEditorTargetPlatform
[2015.11.16-03.09.08:492][  0]LogTemp:Display: Loaded TP WindowsServerTargetPlatform
[2015.11.16-03.09.08:498][  0]LogTemp:Display: Loaded TP WindowsTargetPlatform
[2015.11.16-03.09.08:507][  0]LogTemp:Display: Loaded TP AndroidTargetPlatform
[2015.11.16-03.09.08:511][  0]LogTemp:Display: Loaded TP Android_ASTCTargetPlatform
[2015.11.16-03.09.08:515][  0]LogTemp:Display: Loaded TP Android_ATCTargetPlatform
[2015.11.16-03.09.08:520][  0]LogTemp:Display: Loaded TP Android_DXTTargetPlatform
[2015.11.16-03.09.08:524][  0]LogTemp:Display: Loaded TP Android_ETC1TargetPlatform
[2015.11.16-03.09.08:528][  0]LogTemp:Display: Loaded TP Android_ETC2TargetPlatform
[2015.11.16-03.09.08:532][  0]LogTemp:Display: Loaded TP Android_PVRTCTargetPlatform
[2015.11.16-03.09.08:533][  0]LogTemp:Display: Loaded TP HTML5TargetPlatform
[2015.11.16-03.09.08:588][  0]LogTemp:Display: Loaded TP IOSTargetPlatform
[2015.11.16-03.09.08:592][  0]LogTemp:Display: Loaded TP LinuxNoEditorTargetPlatform
[2015.11.16-03.09.08:595][  0]LogTemp:Display: Loaded TP LinuxServerTargetPlatform
[2015.11.16-03.09.08:605][  0]LogTemp:Display: Loaded TP LinuxTargetPlatform
[2015.11.16-03.09.08:605][  0]LogTargetPlatformManager:Display: Building Assets For Windows
[2015.11.16-03.09.09:113][  0]LogDerivedDataCache:Display: Max Cache Size: 512 MB
[2015.11.16-03.09.09:270][  0]LogDerivedDataCache: Loaded boot cache 0.16s 41MB C:/Users/ntanc_000/AppData/Local/UnrealEngine/4.9/DerivedDataCache/Boot.ddc.
[2015.11.16-03.09.09:270][  0]LogDerivedDataCache:Display: Loaded Boot cache: C:/Users/ntanc_000/AppData/Local/UnrealEngine/4.9/DerivedDataCache/Boot.ddc
[2015.11.16-03.09.09:270][  0]LogDerivedDataCache: FDerivedDataBackendGraph:  Pak pak cache file ../../../../../../Users/ntanc_000/Desktop/NightmareGame/TheGame/DerivedDataCache/DDC.ddp not found, will not use a pak cache.
[2015.11.16-03.09.09:270][  0]LogDerivedDataCache: Unable to find inner node Pak for hierarchical cache Hierarchy.
[2015.11.16-03.09.09:270][  0]LogDerivedDataCache: FDerivedDataBackendGraph:  CompressedPak pak cache file ../../../../../../Users/ntanc_000/Desktop/NightmareGame/TheGame/DerivedDataCache/Compressed.ddp not found, will not use a pak cache.
[2015.11.16-03.09.09:270][  0]LogDerivedDataCache: Unable to find inner node CompressedPak for hierarchical cache Hierarchy.
[2015.11.16-03.09.09:411][  0]LogDerivedDataCache:Display: Pak cache opened for reading ../../../Engine/DerivedDataCache/Compressed.ddp.
[2015.11.16-03.09.09:424][  0]LogDerivedDataCache: Using Local data cache path C:/Users/ntanc_000/AppData/Local/UnrealEngine/Common/DerivedDataCache: Writable
[2015.11.16-03.09.13:267][  0]LogInit: Selected Device Profile: [Windows]
[2015.11.16-03.09.13:269][  0]LogContentStreaming: Texture pool size is 0.000000MB
[2015.11.16-03.09.13:438][  0]LogMeshUtilities: No automatic mesh reduction module available
[2015.11.16-03.09.13:438][  0]LogMeshUtilities: No automatic mesh merging module available
[2015.11.16-03.09.14:003][  0]LogInit: WinSock: version 1.1 (2.2), MaxSocks=32767, MaxUdp=65467
[2015.11.16-03.09.17:130][  0]UdpMessaging: Initializing bridge on interface 0.0.0.0:0 to multicast group 230.0.0.1:6666.
[2015.11.16-03.09.17:282][  0]LogAssetRegistry: FAssetRegistry took 0.0113 seconds to start up
[2015.11.16-03.09.17:583][  0]SourceControl: Info Source control is disabled
[2015.11.16-03.09.17:915][  0]LogLinker:Warning: Asset '../../../Engine/Plugins/Runtime/LeapMotionController/Content/LM_PassthroughMaterial.uasset' has been saved with empty engine version. The asset will be loaded but may be incompatible.
[2015.11.16-03.09.18:050][  0]LogObj: 28361 objects as part of root set at end of initial load.
[2015.11.16-03.09.18:050][  0]LogUObjectAllocator: 6038864 out of 0 bytes used by permanent object pool.
[2015.11.16-03.09.18:124][  0]LogEngine: Initializing Engine...
[2015.11.16-03.09.18:126][  0]LogHMD: Can't find Oculus library dev build: is proper Runtime installed? Version: 0.7.0.0
[2015.11.16-03.09.18:138][  0]LogHMD: SteamVR failed to initialize.  Err: 110
[2015.11.16-03.09.18:336][  0]LogAIModule: Creating AISystem for world NewWorld
[2015.11.16-03.09.18:344][  0]LogInit: XAudio2 using 'Speakers (Sound Blaster Recon3Di)' : 2 channels at 48 kHz using 32 bits per sample (channel mask 0x3)
[2015.11.16-03.09.18:364][  0]LogInit: FAudioDevice initialized.
[2015.11.16-03.09.18:384][  0]LogDerivedDataCache: Saved boot cache 0.02s 41MB C:/Users/ntanc_000/AppData/Local/UnrealEngine/4.9/DerivedDataCache/Boot.ddc.
[2015.11.16-03.09.18:387][  0]LogInit: Texture streaming: Enabled
[2015.11.16-03.09.18:393][  0]LogAnalytics: Creating configured Analytics provider AnalyticsET
[2015.11.16-03.09.18:393][  0]LogAnalytics: [UEEditor.Rocket.Release] APIServer = http://et2.epicgames.com/ET2/. AppVersion = 4.9.2-2707645+++depot+UE4-Releases+4.9
[2015.11.16-03.09.18:393][  0]LogAnalytics: [UEEditor.Rocket.Release] SetUserId 2c211ad74a9e5469c13dfaa1059b2d42|1bd0216fcaf5458183f89cc914276325|d020360b-9246-478a-84ac-08a9775e7849
[2015.11.16-03.09.18:394][  0]LogAnalytics: [UEEditor.Rocket.Release] AnalyticsET::StartSession
[2015.11.16-03.09.18:430][  0]LogInit: Transaction tracking system initialized
[2015.11.16-03.09.18:460][  0]BlueprintLog: New page: Editor Load
[2015.11.16-03.09.18:568][  0]LocalizationService: Info Localization service is disabled
[2015.11.16-03.09.18:683][  0]LogConsoleResponse:Display: 
[2015.11.16-03.09.18:962][  0]LogCook:Display: Done creating registry. It took  0.00s.
[2015.11.16-03.09.19:050][  0]LogFileCache: Scanning file cache for directory 'C:/Users/ntanc_000/Desktop/NightmareGame/TheGame/Content/' took 0.02s
[2015.11.16-03.09.19:050][  0]Cmd: MAP LOAD FILE="../../../../../../Users/ntanc_000/Desktop/NightmareGame/TheGame/Content/ThirdPersonBP/Maps/Hub.umap" TEMPLATE=0 SHOWPROGRESS=1 FEATURELEVEL=3
[2015.11.16-03.09.19:053][  0]LightingResults: New page: Lighting Build
[2015.11.16-03.09.19:057][  0]MapCheck: New page: Map Check
[2015.11.16-03.09.19:057][  0]LightingResults: New page: Lighting Build
[2015.11.16-03.09.19:067][  0]LogParticles: Destroying 0 GPU particle simulations for FXSystem 0x000000B4B3BCBCE0
[2015.11.16-03.09.19:281][  0]LogLinker:Warning: Asset '../../../../../../Users/ntanc_000/Desktop/NightmareGame/TheGame/Content/Mannequin/Animations/ThirdPerson_AnimBP.uasset' has been saved with empty engine version. The asset will be loaded but may be incompatible.
[2015.11.16-03.09.19:286][  0]LogLinker:Warning: Asset '../../../../../../Users/ntanc_000/Desktop/NightmareGame/TheGame/Content/Mannequin/Animations/ThirdPerson_Jump.uasset' has been saved with empty engine version. The asset will be loaded but may be incompatible.
[2015.11.16-03.09.19:293][  0]LogLinker:Warning: Asset '../../../../../../Users/ntanc_000/Desktop/NightmareGame/TheGame/Content/Mannequin/Animations/ThirdPersonJump_Loop.uasset' has been saved with empty engine version. The asset will be loaded but may be incompatible.
[2015.11.16-03.09.19:297][  0]LogLinker:Warning: Asset '../../../../../../Users/ntanc_000/Desktop/NightmareGame/TheGame/Content/Mannequin/Animations/ThirdPersonJump_Start.uasset' has been saved with empty engine version. The asset will be loaded but may be incompatible.
[2015.11.16-03.09.19:301][  0]LogLinker:Warning: Asset '../../../../../../Users/ntanc_000/Desktop/NightmareGame/TheGame/Content/Mannequin/Animations/ThirdPerson_IdleRun_2D.uasset' has been saved with empty engine version. The asset will be loaded but may be incompatible.
[2015.11.16-03.09.19:305][  0]LogLinker:Warning: Asset '../../../../../../Users/ntanc_000/Desktop/NightmareGame/TheGame/Content/Mannequin/Animations/ThirdPersonIdle.uasset' has been saved with empty engine version. The asset will be loaded but may be incompatible.
[2015.11.16-03.09.19:310][  0]LogLinker:Warning: Asset '../../../../../../Users/ntanc_000/Desktop/NightmareGame/TheGame/Content/Mannequin/Animations/ThirdPersonRun.uasset' has been saved with empty engine version. The asset will be loaded but may be incompatible.
[2015.11.16-03.09.19:314][  0]LogLinker:Warning: Asset '../../../../../../Users/ntanc_000/Desktop/NightmareGame/TheGame/Content/Mannequin/Animations/ThirdPersonWalk.uasset' has been saved with empty engine version. The asset will be loaded but may be incompatible.
[2015.11.16-03.09.20:869][  0]LogAIModule: Creating AISystem for world Hub
[2015.11.16-03.09.20:897][  0]LogEditorServer: Finished looking for orphan Actors (0.000 secs)
[2015.11.16-03.09.20:899][  0]Cmd: MAP CHECKDEP NOCLEARLOG
[2015.11.16-03.09.21:033][  0]MapCheck: Info Map check complete: 0 Error(s), 0 Warning(s), took 133.827ms to complete.
[2015.11.16-03.09.21:033][  0]LogFileHelpers: Loading map 'Hub' took 1.983
[2015.11.16-03.09.21:187][  0]LogCollectionManager: Loaded 0 collections in 0.003001 seconds
[2015.11.16-03.09.21:235][  0]LogFileCache: Scanning file cache for directory 'C:/Users/ntanc_000/Desktop/NightmareGame/TheGame/Saved/Collections/' took 0.01s
[2015.11.16-03.09.21:235][  0]LogFileCache: Scanning file cache for directory 'C:/Users/ntanc_000/Desktop/NightmareGame/TheGame/Content/Developers/ntanc000/Collections/' took 0.01s
[2015.11.16-03.09.21:235][  0]LogFileCache: Scanning file cache for directory 'C:/Users/ntanc_000/Desktop/NightmareGame/TheGame/Content/Collections/' took 0.01s
[2015.11.16-03.09.21:235][  0]LogContentBrowser: Native class hierarchy populated in 0.0105 seconds. Added 1867 classes and 333 folders.
[2015.11.16-03.09.21:247][  0]LogCollectionManager: Rebuilt the GUID cache for 0 collections in 0.000011 seconds
[2015.11.16-03.09.21:256][  0]LogContentBrowser: Native class hierarchy updated for 'WidgetCarousel' in 0.0004 seconds. Added 0 classes and 0 folders.
[2015.11.16-03.09.21:566][  0]LogContentBrowser: Native class hierarchy updated for 'AddContentDialog' in 0.0004 seconds. Added 0 classes and 0 folders.
[2015.11.16-03.09.21:571][  0]LogContentBrowser: Native class hierarchy updated for 'SceneOutliner' in 0.0004 seconds. Added 1 classes and 2 folders.
[2015.11.16-03.09.21:705][  0]LogCrashTracker: Crashtracker disabled due to settings.
[2015.11.16-03.09.21:710][  0]LogUObjectGlobals:Warning: Failed to find object 'Class None.'
[2015.11.16-03.09.21:732][  0]LogLoad: Full Startup: 19.25 seconds (BP compile: 0.35 seconds)
[2015.11.16-03.09.22:300][  0]LogContentStreaming: Texture pool size now 1000 MB
[2015.11.16-03.09.22:469][  0]LogRenderer: Reallocating scene render targets to support 1052x400 (Frame:2).
[2015.11.16-03.09.24:237][  6]LogAssetRegistry: Asset discovery search completed in 6.9664 seconds
[2015.11.16-03.09.24:237][  6]LogCollectionManager: Rebuilt the object cache for 0 collections in 0.000001 seconds (found 0 objects)
[2015.11.16-03.09.24:237][  6]LogCollectionManager: Fixed up redirectors for 0 collections in 0.000037 seconds (updated 0 objects)
[2015.11.16-04.00.31:338][862]LogRenderer: Reallocating scene render targets to support 1760x736 (Frame:722).
[2015.11.16-04.00.38:837][248]LogAIModule: Creating AISystem for world Cave
[2015.11.16-04.00.38:931][248]Cmd: MAP LOAD FILE="../../../../../../Users/ntanc_000/Desktop/NightmareGame/TheGame/Content/ThirdPersonBP/Maps/Cave.umap" TEMPLATE=0 SHOWPROGRESS=1 FEATURELEVEL=3
[2015.11.16-04.00.38:931][248]LightingResults: New page: Lighting Build
[2015.11.16-04.00.39:011][248]LoadErrors: New page: Loading map: Cave.umap
[2015.11.16-04.00.39:015][248]MapCheck: New page: Map Check
[2015.11.16-04.00.39:015][248]LightingResults: New page: Lighting Build
[2015.11.16-04.00.39:029][248]LogParticles: Destroying 0 GPU particle simulations for FXSystem 0x000000B4A3E00220
[2015.11.16-04.00.39:115][248]LogEditorServer: Finished looking for orphan Actors (0.000 secs)
[2015.11.16-04.00.39:168][248]Cmd: MAP CHECKDEP NOCLEARLOG
[2015.11.16-04.00.39:955][248]MapCheck: Info Map check complete: 0 Error(s), 0 Warning(s), took 787.435ms to complete.
[2015.11.16-04.00.39:963][248]LogFileHelpers: Loading map 'Cave' took 1.034
[2015.11.16-04.01.46:870][241]LogEditorViewport: Clicking on Actor (LMB): StaticMeshActor (GoldPlate3)
[2015.11.16-04.01.50:812][450]LogEditorViewport: Clicking on Actor (LMB): StaticMeshActor (GoldPlate4)
[2015.11.16-04.01.51:805][506]LogEditorViewport: Clicking on Actor (LMB): StaticMeshActor (Cave)
[2015.11.16-04.01.52:268][531]LogEditorViewport: Clicking on Actor (LMB): StaticMeshActor (GoldPlate5)
[2015.11.16-04.01.53:681][612]LogEditorViewport: Clicking on Actor (LMB): StaticMeshActor (GoldPlate2)
[2015.11.16-04.02.05:155][293]LogEditorViewport: Clicking on Actor (LMB): GoldCube_C (GoldCube)
[2015.11.16-04.02.06:470][370]LogEditorViewport: Clicking on Actor (LMB): StaticMeshActor (CopperPlate)
[2015.11.16-04.02.08:469][487]LogEditorViewport: Clicking on Actor (LMB): GoldCube_C (GoldCube)
[2015.11.16-04.09.16:073][863]LogEditorViewport: Clicking on Actor (context menu): StaticMeshActor (GoldPlate3)
[2015.11.16-04.09.16:177][863]LogEditorViewport: Clicking on Actor (context menu): StaticMeshActor (GoldPlate3)
[2015.11.16-04.09.17:571][941]LogEditorViewport: Clicking on Actor (LMB): StaticMeshActor (GoldPlate3)
[2015.11.16-04.09.20:401][110]LogEditorViewport: Clicking on Actor (LMB): StaticMeshActor (GoldPlate4)
[2015.11.16-04.09.21:383][166]LogEditorViewport: Clicking on Actor (LMB): StaticMeshActor (GoldPlate5)
[2015.11.16-04.09.33:651][892]LogEditorViewport: Clicking on Actor (LMB): StaticMeshActor (GoldPlate4)
[2015.11.16-04.09.34:507][940]LogEditorViewport: Clicking on Actor (LMB): StaticMeshActor (GoldPlate5)
[2015.11.16-04.09.36:826][ 74]LogEditorViewport: Clicking on Actor (LMB): PointLight (PointLight8)
[2015.11.16-04.09.45:808][591]MapCheck: New page: Map Check
[2015.11.16-04.09.45:891][591]Cmd: MAP REBUILD ALLVISIBLE
[2015.11.16-04.09.45:892][591]LogEditorServer: Rebuildmap Clear paths rebuilt
[2015.11.16-04.09.46:061][591]MapCheck:Warning: Warning WorldSettings_1 Hierarchical LOD System is disabled or no HLOD level settings available, unable to build LOD actors. 
[2015.11.16-04.09.46:061][591]LogStats:          STAT_HLOD_BuildClusters - 15.043 ms
[2015.11.16-04.09.46:063][591]LightingResults: New page: Lighting Build - Nov 15, 2015, 6:09:46 PM
[2015.11.16-04.09.48:389][591]LogStaticLightingSystem:Warning: No importance volume found, so the scene bounding box was used.  You can optimize your scene's quality and lighting build times by adding importance volumes.
[2015.11.16-04.09.48:390][591]LogStaticLightingSystem: Running Lightmass w/ ImmediateImport mode ENABLED
[2015.11.16-04.09.48:391][591]LogStaticLightingSystem: Running Lightmass w/ ImmediateProcess mode ENABLED
[2015.11.16-04.09.48:391][591]LogStaticLightingSystem: Running Lightmass w/ Sorting mode ENABLED
[2015.11.16-04.09.48:391][591]LogStaticLightingSystem: Running Lightmass w/ Mapping paddings ENABLED
[2015.11.16-04.09.48:391][591]LogStaticLightingSystem: Running Lightmass w/ Mapping debug paddings DISABLED
[2015.11.16-04.09.48:636][591]LogEditorBuildUtils: Build time 0:00:02
[2015.11.16-04.11.19:577][913]Job is a success!
[2015.11.16-04.11.20:453][914]LogTexture:Display: Building textures: HQ_Lightmap0_1 (AutoDXT)
[2015.11.16-04.11.20:640][914]LogTexture:Display: Building textures: LQ_Lightmap_0_13 (DXT1)
[2015.11.16-04.11.20:640][914]LogTexture:Display: Building textures: HQ_Lightmap0_13 (AutoDXT)
[2015.11.16-04.11.20:641][914]LogTexture:Display: Building textures: LQ_Lightmap_0_12 (DXT1)
[2015.11.16-04.11.20:644][914]LogTexture:Display: Building textures: HQ_Lightmap0_12 (AutoDXT)
[2015.11.16-04.11.20:658][914]LogTexture:Display: Building textures: LQ_Lightmap_0_11 (DXT1)
[2015.11.16-04.11.20:871][914]LogTexture:Display: Building textures: HQ_Lightmap0_11 (AutoDXT)
[2015.11.16-04.11.21:339][914]LogTexture:Display: Building textures: LQ_Lightmap_1_10 (DXT1)
[2015.11.16-04.11.21:383][914]LogTexture:Display: Building textures: HQ_Lightmap1_10 (AutoDXT)
[2015.11.16-04.11.21:493][914]LogTexture:Display: Building textures: LQ_Lightmap_0_9 (DXT1)
[2015.11.16-04.11.21:504][914]LogTexture:Display: Building textures: HQ_Lightmap0_9 (AutoDXT)
[2015.11.16-04.11.21:522][914]LogTexture:Display: Building textures: LQ_Lightmap_1_8 (DXT1)
[2015.11.16-04.11.21:554][914]LogTexture:Display: Building textures: HQ_Lightmap1_8 (AutoDXT)
[2015.11.16-04.11.21:691][914]LogTexture:Display: Building textures: LQ_Lightmap_0_7 (DXT1)
[2015.11.16-04.11.21:738][914]LogTexture:Display: Building textures: HQ_Lightmap0_7 (AutoDXT)
[2015.11.16-04.11.21:823][914]LogTexture:Display: Building textures: LQ_Lightmap_0_6 (DXT1)
[2015.11.16-04.11.21:871][914]LogTexture:Display: Building textures: HQ_Lightmap0_6 (AutoDXT)
[2015.11.16-04.11.21:970][914]LogTexture:Display: Building textures: LQ_Lightmap_0_5 (DXT1)
[2015.11.16-04.11.22:046][914]LogTexture:Display: Building textures: HQ_Lightmap0_5 (AutoDXT)
[2015.11.16-04.11.22:190][914]LogTexture:Display: Building textures: LQ_Lightmap_0_4 (DXT1)
[2015.11.16-04.11.22:340][914]LogTexture:Display: Building textures: HQ_Lightmap0_4 (AutoDXT)
[2015.11.16-04.11.22:589][914]LogTexture:Display: Building textures: LQ_Lightmap_1_3 (DXT1)
[2015.11.16-04.11.22:633][914]LogTexture:Display: Building textures: HQ_Lightmap1_3 (AutoDXT)
[2015.11.16-04.11.22:746][914]LogTexture:Display: Building textures: LQ_Lightmap_1_2 (DXT1)
[2015.11.16-04.11.22:816][914]LogTexture:Display: Building textures: HQ_Lightmap1_2 (AutoDXT)
[2015.11.16-04.11.22:971][914]LogTexture:Display: Building textures: LQ_Lightmap_0_1 (DXT1)
[2015.11.16-04.11.23:219][914]LogTexture:Display: Building textures: ShadowMapTexture2D_0 (BGRA8)
[2015.11.16-04.11.23:287][914]LogTexture:Display: Building textures: ShadowMapTexture2D_1 (BGRA8)
[2015.11.16-04.11.23:298][914]LogTexture:Display: Building textures: ShadowMapTexture2D_2 (BGRA8)
[2015.11.16-04.11.23:311][914]LogTexture:Display: Building textures: ShadowMapTexture2D_3 (BGRA8)
[2015.11.16-04.11.23:316][914]LogTexture:Display: Building textures: ShadowMapTexture2D_4 (G8)
[2015.11.16-04.11.23:317][914]LogTexture:Display: Building textures: ShadowMapTexture2D_5 (G8)
[2015.11.16-04.11.23:354][914]Lightmass on NICKSCOMPUTER: 1:33 min total, 224 ms importing, 52 ms setup, 3.43 sec photons, 1:29 min processing, 0 ms extra exporting [326/326 mappings]. Threads: 10:28 min total, 8:33 min processing.
[2015.11.16-04.11.23:413][914]LogStaticLightingSystem: Illumination: 1:37 min (3.26 sec encoding lightmaps)
[2015.11.16-04.11.23:413][914]LogStaticLightingSystem: Lightmap texture memory:  6.4 MB (5.1 MB streaming, 1.3 MB non-streaming), 26 textures
[2015.11.16-04.11.23:413][914]LogStaticLightingSystem: Shadowmap texture memory: 3.6 MB (0.9 MB streaming, 2.7 MB non-streaming), 6 textures
[2015.11.16-04.11.24:456][915]Cmd: MAP CHECK NOTIFYRESULTS
[2015.11.16-04.11.24:457][915]MapCheck: New page: Cave - Nov 15, 2015, 6:11:24 PM
[2015.11.16-04.11.24:642][915]MapCheck: Info Map check complete: 0 Error(s), 0 Warning(s), took 185.383ms to complete.
[2015.11.16-04.20.40:956][215]LogSavePackage: Save=520.066223ms
[2015.11.16-04.20.40:956][215]LogSavePackage: Moving '../../../../../../Users/ntanc_000/Desktop/NightmareGame/TheGame/Saved/Cave_Auto1EB88E95443761B84C5513AA444C41E11.tmp' to '../../../../../../Users/ntanc_000/Desktop/NightmareGame/TheGame/Saved/Autosaves/Game/ThirdPersonBP/Maps/Cave_Auto1.umap'
[2015.11.16-04.20.40:964][215]LogSavePackage: Total save time: 583.886873ms
[2015.11.16-04.20.40:964][215]LogSavePackage:Warning: Finished SavePackage ../../../../../../Users/ntanc_000/Desktop/NightmareGame/TheGame/Saved/Autosaves/Game/ThirdPersonBP/Maps/Cave_Auto1.umap
[2015.11.16-04.20.40:966][215]LogFileHelpers: Editor autosave (incl. sublevels) for '/Game/ThirdPersonBP/Maps/Cave' took 0.615
[2015.11.16-04.20.40:966][215]LogFileHelpers: Editor autosave (incl. sublevels) for all levels took 0.615
[2015.11.16-04.20.41:354][235]LogTexture:Warning: Failed to stream mip data from the derived data cache for /Game/ThirdPersonBP/Maps/Cave.HQ_Lightmap1_9. Streaming mips will be recached.
[2015.11.16-04.20.41:356][235]LogTexture:Display: Building textures: HQ_Lightmap1_9 (AutoDXT)
[2015.11.16-04.20.41:406][235]LogTexture:Warning: Failed to stream mip data from the derived data cache for /Game/ThirdPersonBP/Maps/Cave.HQ_Lightmap1_7. Streaming mips will be recached.
[2015.11.16-04.20.41:407][235]LogTexture:Display: Building textures: HQ_Lightmap1_7 (AutoDXT)
[2015.11.16-04.20.41:459][235]LogTexture:Warning: Failed to stream mip data from the derived data cache for /Game/ThirdPersonBP/Maps/Cave.HQ_Lightmap1_6. Streaming mips will be recached.
[2015.11.16-04.20.41:459][235]LogTexture:Display: Building textures: HQ_Lightmap1_6 (AutoDXT)
[2015.11.16-04.20.41:512][235]LogTexture:Warning: Failed to stream mip data from the derived data cache for /Game/ThirdPersonBP/Maps/Cave.HQ_Lightmap1_5. Streaming mips will be recached.
[2015.11.16-04.20.41:513][235]LogTexture:Display: Building textures: HQ_Lightmap1_5 (AutoDXT)
[2015.11.16-04.20.41:560][235]LogTexture:Warning: Failed to stream mip data from the derived data cache for /Game/ThirdPersonBP/Maps/Cave.HQ_Lightmap1_4. Streaming mips will be recached.
[2015.11.16-04.20.41:560][235]LogTexture:Display: Building textures: HQ_Lightmap1_4 (AutoDXT)
[2015.11.16-04.20.41:697][235]LogTexture:Warning: Failed to stream mip data from the derived data cache for /Game/ThirdPersonBP/Maps/Cave.HQ_Lightmap1_11. Streaming mips will be recached.
[2015.11.16-04.20.41:697][235]LogTexture:Display: Building textures: HQ_Lightmap1_11 (AutoDXT)
[2015.11.16-04.20.41:714][236]LogTexture:Warning: Failed to stream mip data from the derived data cache for /Game/ThirdPersonBP/Maps/Cave.HQ_Lightmap0_10. Streaming mips will be recached.
[2015.11.16-04.20.41:718][236]LogTexture:Display: Building textures: HQ_Lightmap0_10 (AutoDXT)
[2015.11.16-04.20.42:095][236]LogTexture:Warning: Failed to stream mip data from the derived data cache for /Game/ThirdPersonBP/Maps/Cave.HQ_Lightmap0_2. Streaming mips will be recached.
[2015.11.16-04.20.42:096][236]LogTexture:Display: Building textures: HQ_Lightmap0_2 (AutoDXT)
[2015.11.16-04.20.42:344][236]LogTexture:Warning: Failed to stream mip data from the derived data cache for /Game/ThirdPersonBP/Maps/Cave.HQ_Lightmap0_3. Streaming mips will be recached.
[2015.11.16-04.20.42:344][236]LogTexture:Display: Building textures: HQ_Lightmap0_3 (AutoDXT)
[2015.11.16-04.20.42:436][236]LogTexture:Warning: Failed to stream mip data from the derived data cache for /Game/ThirdPersonBP/Maps/Cave.HQ_Lightmap0_8. Streaming mips will be recached.
[2015.11.16-04.20.42:436][236]LogTexture:Display: Building textures: HQ_Lightmap0_8 (AutoDXT)
[2015.11.16-04.40.17:391][654]LogEditorViewport: Clicking on Actor (LMB): StaticMeshActor (LockedFinalDoor)
[2015.11.16-04.40.18:361][709]LogEditorViewport: Clicking on Actor (LMB): StaticMeshActor (LockedFinalDoor2)
[2015.11.16-04.40.19:394][768]LogEditorViewport: Clicking on Actor (LMB): StaticMeshActor (LockedFinalDoor3)
[2015.11.16-04.40.20:157][811]LogEditorViewport: Clicking on Actor (LMB): StaticMeshActor (LockedFinalDoor4)
[2015.11.16-04.40.21:440][885]LogEditorViewport: Clicking on Actor (LMB): StaticMeshActor (LockedFinalDoor5)
[2015.11