[2015.11.19-05.37.27:310][  0]Log file open, 11/19/15 00:37:27
[2015.11.19-05.37.27:310][  0]LogInit:Display: Running engine for game: NightmareGame
[2015.11.19-05.37.27:310][  0]LogInit:Display: RandInit(1083787971) SRandInit(1083787972).
[2015.11.19-05.37.27:310][  0]LogTaskGraph: Started task graph with 4 named threads and 7 total threads.
[2015.11.19-05.37.27:310][  0]LogStats: Stats thread started at 1.500973
[2015.11.19-05.37.27:310][  0]LogInit: Version: 4.9.2-2707645+++depot+UE4-Releases+4.9
[2015.11.19-05.37.27:310][  0]LogInit: API Version: 2672455
[2015.11.19-05.37.27:310][  0]LogInit: Compiled (64-bit): Sep 28 2015 10:25:44
[2015.11.19-05.37.27:310][  0]LogInit: Compiled with Visual C++: 18.00.21005.01
[2015.11.19-05.37.27:310][  0]LogInit: Build Configuration: Development
[2015.11.19-05.37.27:310][  0]LogInit: Branch Name: ++depot+UE4-Releases+4.9
[2015.11.19-05.37.27:310][  0]LogInit: Command line:  
[2015.11.19-05.37.27:310][  0]LogInit: Base directory: C:/Program Files/Epic Games/4.9/Engine/Binaries/Win64/
[2015.11.19-05.37.27:310][  0]LogInit: Rocket: 1
[2015.11.19-05.37.27:402][  0]LogInit: Using libcurl 7.41.0
[2015.11.19-05.37.27:402][  0]LogInit:  - built for x86_64-pc-win32
[2015.11.19-05.37.27:402][  0]LogInit:  - supports SSL with WinSSL
[2015.11.19-05.37.27:402][  0]LogInit:  - other features:
[2015.11.19-05.37.27:402][  0]LogInit:      CURL_VERSION_SSL
[2015.11.19-05.37.27:402][  0]LogInit:      CURL_VERSION_IPV6
[2015.11.19-05.37.27:402][  0]LogInit:      CURL_VERSION_ASYNCHDNS
[2015.11.19-05.37.27:402][  0]LogInit:      CURL_VERSION_LARGEFILE
[2015.11.19-05.37.27:402][  0]LogInit:      CURL_VERSION_IDN
[2015.11.19-05.37.27:402][  0]LogInit:  CurlRequestOptions (configurable via config and command line):
[2015.11.19-05.37.27:402][  0]LogInit:  - bVerifyPeer = true  - Libcurl will verify peer certificate
[2015.11.19-05.37.27:402][  0]LogInit:  - bUseHttpProxy = false  - Libcurl will NOT use HTTP proxy
[2015.11.19-05.37.27:402][  0]LogInit:  - bDontReuseConnections = false  - Libcurl will reuse connections
[2015.11.19-05.37.27:402][  0]LogInit:  - CertBundlePath = nullptr  - Libcurl will use whatever was configured at build time.
[2015.11.19-05.37.27:425][  0]LogInit: Presizing for 0 objects not considered by GC, pre-allocating 0 bytes.
[2015.11.19-05.37.27:486][  0]LogInit: Object subsystem initialized
[2015.11.19-05.37.27:576][  0]LogInit: Selected Device Profile: [Windows]
[2015.11.19-05.37.27:576][  0]LogInit: Applying CVar settings loaded from the selected device profile: [Windows]
[2015.11.19-05.37.27:789][  0]LogInit: Computer: LAUREN-PC
[2015.11.19-05.37.27:789][  0]LogInit: User: Lauren
[2015.11.19-05.37.27:789][  0]LogInit: CPU Page size=4096, Cores=4
[2015.11.19-05.37.27:789][  0]LogInit: High frequency timer resolution =2.338378 MHz
[2015.11.19-05.37.27:789][  0]LogMemory: Memory total: Physical=7.9GB (8GB approx)
[2015.11.19-05.37.27:789][  0]LogMemory: Platform Memory Stats for Windows
[2015.11.19-05.37.27:789][  0]LogMemory: Process Physical Memory: 57.98 MB used, 57.98 MB peak
[2015.11.19-05.37.27:789][  0]LogMemory: Process Virtual Memory: 59.41 MB used, 59.41 MB peak
[2015.11.19-05.37.27:789][  0]LogMemory: Physical Memory: 5714.43 MB used, 8079.30 MB total
[2015.11.19-05.37.27:789][  0]LogMemory: Virtual Memory: 340.32 MB used, 8388608.00 MB total
[2015.11.19-05.37.28:688][  0]LogTextLocalizationManager: No specific translations for ('en-US') exist, so ('en') translations will be used.
[2015.11.19-05.37.30:183][  0]LogD3D11RHI: Found D3D11 adapter 0: NVIDIA GeForce GTX 770M (Feature Level 11_0)
[2015.11.19-05.37.30:183][  0]LogD3D11RHI: Adapter has 3009MB of dedicated video memory, 0MB of dedicated system memory, and 3783MB of shared system memory, 1 output[s]
[2015.11.19-05.37.30:283][  0]LogD3D11RHI: Found D3D11 adapter 1: NVIDIA GeForce GTX 770M (Feature Level 11_0)
[2015.11.19-05.37.30:283][  0]LogD3D11RHI: Adapter has 3009MB of dedicated video memory, 0MB of dedicated system memory, and 3783MB of shared system memory, 1 output[s]
[2015.11.19-05.37.30:300][  0]LogD3D11RHI: Chosen D3D11 Adapter Id = 0
[2015.11.19-05.37.30:307][  0]LogD3D11RHI: !Direct3DDevice
[2015.11.19-05.37.30:307][  0]LogRHI: Texture pool is 1361 MB (70% of 1945 MB)
[2015.11.19-05.37.30:330][  0]LogD3D11RHI: Async texture creation enabled
[2015.11.19-05.37.30:462][  0]LogShaderCompilers: Guid format shader working directory is 15 characters bigger than the processId version (E:/NightmareGame/TheGame/Intermediate/Shaders/WorkingDirectory/9208/).
[2015.11.19-05.37.30:465][  0]LogShaderCompilers: Cleaned the shader compiler working directory 'E:/NightmareGame/TheGame/Intermediate/Shaders/tmp/2C8B76654FF4EB83E4EFF2BC8240A9F7/'.
[2015.11.19-05.37.30:465][  0]LogShaderCompilers:Display: Using Local Shader Compiler.
[2015.11.19-05.37.46:346][  0]LogTemp:Display: Loaded TP AllDesktopTargetPlatform
[2015.11.19-05.37.46:359][  0]LogTemp:Display: Loaded TP WindowsClientTargetPlatform
[2015.11.19-05.37.46:374][  0]LogTemp:Display: Loaded TP WindowsNoEditorTargetPlatform
[2015.11.19-05.37.46:387][  0]LogTemp:Display: Loaded TP WindowsServerTargetPlatform
[2015.11.19-05.37.46:401][  0]LogTemp:Display: Loaded TP WindowsTargetPlatform
[2015.11.19-05.37.46:435][  0]LogTemp:Display: Loaded TP AndroidTargetPlatform
[2015.11.19-05.37.46:446][  0]LogTemp:Display: Loaded TP Android_ASTCTargetPlatform
[2015.11.19-05.37.46:458][  0]LogTemp:Display: Loaded TP Android_ATCTargetPlatform
[2015.11.19-05.37.46:470][  0]LogTemp:Display: Loaded TP Android_DXTTargetPlatform
[2015.11.19-05.37.46:481][  0]LogTemp:Display: Loaded TP Android_ETC1TargetPlatform
[2015.11.19-05.37.46:493][  0]LogTemp:Display: Loaded TP Android_ETC2TargetPlatform
[2015.11.19-05.37.46:504][  0]LogTemp:Display: Loaded TP Android_PVRTCTargetPlatform
[2015.11.19-05.37.46:547][  0]LogTemp:Display: Loaded TP HTML5TargetPlatform
[2015.11.19-05.37.46:598][  0]LogTemp:Display: Loaded TP IOSTargetPlatform
[2015.11.19-05.37.46:613][  0]LogTemp:Display: Loaded TP LinuxNoEditorTargetPlatform
[2015.11.19-05.37.46:627][  0]LogTemp:Display: Loaded TP LinuxServerTargetPlatform
[2015.11.19-05.37.46:656][  0]LogTemp:Display: Loaded TP LinuxTargetPlatform
[2015.11.19-05.37.46:656][  0]LogTargetPlatformManager:Display: Building Assets For Windows
[2015.11.19-05.37.46:824][  0]LogDerivedDataCache:Display: Max Cache Size: 512 MB
[2015.11.19-05.37.47:460][  0]LogDerivedDataCache: Loaded boot cache 0.64s 45MB C:/Users/Lauren/AppData/Local/UnrealEngine/4.9/DerivedDataCache/Boot.ddc.
[2015.11.19-05.37.47:460][  0]LogDerivedDataCache:Display: Loaded Boot cache: C:/Users/Lauren/AppData/Local/UnrealEngine/4.9/DerivedDataCache/Boot.ddc
[2015.11.19-05.37.47:461][  0]LogDerivedDataCache: FDerivedDataBackendGraph:  Pak pak cache file E:/NightmareGame/TheGame/DerivedDataCache/DDC.ddp not found, will not use a pak cache.
[2015.11.19-05.37.47:461][  0]LogDerivedDataCache: Unable to find inner node Pak for hierarchical cache Hierarchy.
[2015.11.19-05.37.47:462][  0]LogDerivedDataCache: FDerivedDataBackendGraph:  CompressedPak pak cache file E:/NightmareGame/TheGame/DerivedDataCache/Compressed.ddp not found, will not use a pak cache.
[2015.11.19-05.37.47:462][  0]LogDerivedDataCache: Unable to find inner node CompressedPak for hierarchical cache Hierarchy.
[2015.11.19-05.37.47:691][  0]LogDerivedDataCache:Display: Pak cache opened for reading ../../../Engine/DerivedDataCache/Compressed.ddp.
[2015.11.19-05.37.47:704][  0]LogDerivedDataCache: Using Local data cache path C:/Users/Lauren/AppData/Local/UnrealEngine/Common/DerivedDataCache: Writable
[2015.11.19-05.37.54:199][  0]LogInit: Selected Device Profile: [Windows]
[2015.11.19-05.37.54:220][  0]LogContentStreaming: Texture pool size is 0.000000MB
[2015.11.19-05.37.54:517][  0]LogMeshUtilities: No automatic mesh reduction module available
[2015.11.19-05.37.54:517][  0]LogMeshUtilities: No automatic mesh merging module available
[2015.11.19-05.37.59:141][  0]LogInit: WinSock: version 1.1 (2.2), MaxSocks=32767, MaxUdp=65467
[2015.11.19-05.38.16:557][  0]UdpMessaging: Initializing bridge on interface 0.0.0.0:0 to multicast group 230.0.0.1:6666.
[2015.11.19-05.38.16:862][  0]LogAssetRegistry: FAssetRegistry took 0.0101 seconds to start up
[2015.11.19-05.38.21:835][  0]SourceControl: Info Source control is disabled
[2015.11.19-05.38.38:084][  0]LogLinker:Warning: Asset '../../../Engine/Plugins/Runtime/LeapMotionController/Content/LM_PassthroughMaterial.uasset' has been saved with empty engine version. The asset will be loaded but may be incompatible.
[2015.11.19-05.38.38:294][  0]LogObj: 28361 objects as part of root set at end of initial load.
[2015.11.19-05.38.38:294][  0]LogUObjectAllocator: 6038864 out of 0 bytes used by permanent object pool.
[2015.11.19-05.38.38:425][  0]LogEngine: Initializing Engine...
[2015.11.19-05.38.38:435][  0]LogHMD: Can't find Oculus library dev build: is proper Runtime installed? Version: 0.7.0.0
[2015.11.19-05.38.38:501][  0]LogHMD: SteamVR failed to initialize.  Err: 110
[2015.11.19-05.38.39:317][  0]LogAIModule: Creating AISystem for world NewWorld
[2015.11.19-05.38.39:587][  0]LogInit: XAudio2 using 'Speakers (Siberia v2 D3H)' : 2 channels at 44.1 kHz using 16 bits per sample (channel mask 0x3)
[2015.11.19-05.38.39:612][  0]LogInit: FAudioDevice initialized.
[2015.11.19-05.38.39:636][  0]LogDerivedDataCache: Saved boot cache 0.02s 45MB C:/Users/Lauren/AppData/Local/UnrealEngine/4.9/DerivedDataCache/Boot.ddc.
[2015.11.19-05.38.39:752][  0]LogInit: Texture streaming: Enabled
[2015.11.19-05.38.39:763][  0]LogAnalytics: Creating configured Analytics provider AnalyticsET
[2015.11.19-05.38.39:763][  0]LogAnalytics: [UEEditor.Rocket.Release] APIServer = http://et2.epicgames.com/ET2/. AppVersion = 4.9.2-2707645+++depot+UE4-Releases+4.9
[2015.11.19-05.38.39:763][  0]LogAnalytics: [UEEditor.Rocket.Release] SetUserId 0dfd459848bd316af10e0286bf53d633|62a07662b49e46228294f7f33306ed31|8f7fcacd-7ea7-4aa9-9d3c-39324467dbc7
[2015.11.19-05.38.39:763][  0]LogAnalytics: [UEEditor.Rocket.Release] AnalyticsET::StartSession
[2015.11.19-05.38.40:208][  0]LogInit: Transaction tracking system initialized
[2015.11.19-05.38.40:346][  0]BlueprintLog: New page: Editor Load
[2015.11.19-05.38.47:761][  0]LocalizationService: Info Localization service is disabled
[2015.11.19-05.38.49:008][  0]LogConsoleResponse:Display: 
[2015.11.19-05.38.54:082][  0]LogFileCache: Scanning file cache for directory 'E:/NightmareGame/TheGame/Content/' took 0.26s
[2015.11.19-05.38.54:082][  0]LogCook:Display: Done creating registry. It took  0.00s.
[2015.11.19-05.45.52:967][  0]Cmd: MAP LOAD FILE="E:/NightmareGame/TheGame/Content/ThirdPersonBP/Maps/Hub.umap" TEMPLATE=0 SHOWPROGRESS=1 FEATURELEVEL=3
[2015.11.19-05.45.52:995][  0]LightingResults: New page: Lighting Build
[2015.11.19-05.45.53:144][  0]MapCheck: New page: Map Check
[2015.11.19-05.45.53:144][  0]LightingResults: New page: Lighting Build
[2015.11.19-05.45.53:411][  0]LogParticles: Destroying 0 GPU particle simulations for FXSystem 0x00000000233776A0
[2015.11.19-05.45.54:404][  0]LogLinker:Warning: Asset 'E:/NightmareGame/TheGame/Content/Mannequin/Animations/ThirdPerson_AnimBP.uasset' has been saved with empty engine version. The asset will be loaded but may be incompatible.
[2015.11.19-05.45.54:415][  0]LogLinker:Warning: Asset 'E:/NightmareGame/TheGame/Content/Mannequin/Animations/ThirdPerson_Jump.uasset' has been saved with empty engine version. The asset will be loaded but may be incompatible.
[2015.11.19-05.45.54:440][  0]LogLinker:Warning: Asset 'E:/NightmareGame/TheGame/Content/Mannequin/Animations/ThirdPersonJump_Loop.uasset' has been saved with empty engine version. The asset will be loaded but may be incompatible.
[2015.11.19-05.45.54:453][  0]LogLinker:Warning: Asset 'E:/NightmareGame/TheGame/Content/Mannequin/Animations/ThirdPersonJump_Start.uasset' has been saved with empty engine version. The asset will be loaded but may be incompatible.
[2015.11.19-05.45.54:465][  0]LogLinker:Warning: Asset 'E:/NightmareGame/TheGame/Content/Mannequin/Animations/ThirdPerson_IdleRun_2D.uasset' has been saved with empty engine version. The asset will be loaded but may be incompatible.
[2015.11.19-05.45.54:495][  0]LogLinker:Warning: Asset 'E:/NightmareGame/TheGame/Content/Mannequin/Animations/ThirdPersonIdle.uasset' has been saved with empty engine version. The asset will be loaded but may be incompatible.
[2015.11.19-05.45.54:508][  0]LogLinker:Warning: Asset 'E:/NightmareGame/TheGame/Content/Mannequin/Animations/ThirdPersonRun.uasset' has been saved with empty engine version. The asset will be loaded but may be incompatible.
[2015.11.19-05.45.54:521][  0]LogLinker:Warning: Asset 'E:/NightmareGame/TheGame/Content/Mannequin/Animations/ThirdPersonWalk.uasset' has been saved with empty engine version. The asset will be loaded but may be incompatible.
[2015.11.19-05.46.01:709][  0]LogAIModule: Creating AISystem for world Hub
[2015.11.19-05.46.02:965][  0]LogEditorServer: Finished looking for orphan Actors (0.000 secs)
[2015.11.19-05.46.03:071][  0]Cmd: MAP CHECKDEP NOCLEARLOG
[2015.11.19-05.46.21:122][  0]MapCheck: Info Map check complete: 0 Error(s), 0 Warning(s), took 18,050.642ms to complete.
[2015.11.19-05.46.21:122][  0]LogFileHelpers: Loading map 'Hub' took 28.186
[2015.11.19-05.46.22:247][  0]LogCollectionManager: Loaded 0 collections in 0.008183 seconds
[2015.11.19-05.46.22:444][  0]LogFileCache: Scanning file cache for directory 'E:/NightmareGame/TheGame/Saved/Collections/' took 0.01s
[2015.11.19-05.46.22:444][  0]LogFileCache: Scanning file cache for directory 'E:/NightmareGame/TheGame/Content/Developers/Lauren/Collections/' took 0.01s
[2015.11.19-05.46.22:444][  0]LogFileCache: Scanning file cache for directory 'E:/NightmareGame/TheGame/Content/Collections/' took 0.01s
[2015.11.19-05.46.22:444][  0]LogContentBrowser: Native class hierarchy populated in 0.0363 seconds. Added 1867 classes and 333 folders.
[2015.11.19-05.46.22:807][  0]LogCollectionManager: Rebuilt the GUID cache for 0 collections in 0.000006 seconds
[2015.11.19-05.46.27:412][  0]LogContentBrowser: Native class hierarchy updated for 'WidgetCarousel' in 0.0043 seconds. Added 0 classes and 0 folders.
[2015.11.19-05.46.32:699][  0]LogContentBrowser: Native class hierarchy updated for 'AddContentDialog' in 0.8062 seconds. Added 0 classes and 0 folders.
[2015.11.19-05.46.32:709][  0]LogContentBrowser: Native class hierarchy updated for 'SceneOutliner' in 0.0035 seconds. Added 1 classes and 2 folders.
[2015.11.19-05.46.33:685][  0]LogCrashTracker: Crashtracker disabled due to settings.
[2015.11.19-05.46.33:746][  0]LogUObjectGlobals:Warning: Failed to find object 'Class None.'
[2015.11.19-05.46.33:802][  0]LogStats:Warning: MetaData mismatch. Did you assign a stat to two groups? New //STATGROUP_Threads//SplashScreenThread///Thread_285c_0///####STATCAT_Advanced#### old //STATGROUP_Threads//SplashScreenThread///Thread_1688_0///####STATCAT_Advanced####
[2015.11.19-05.46.33:821][  0]LogLoad: Full Startup: 560.49 seconds (BP compile: 0.87 seconds)
[2015.11.19-05.46.36:862][  0]SourceControl: Info On branch L.A
[2015.11.19-05.46.36:862][  0]SourceControl: Info Your branch is up-to-date with 'origin/L.A'.
[2015.11.19-05.46.36:862][  0]SourceControl: Info Changes to be committed:
[2015.11.19-05.46.36:862][  0]SourceControl: Info   (use "git reset HEAD <file>..." to unstage)
[2015.11.19-05.46.36:862][  0]SourceControl: Info 	modified:   TheGame/Content/Maps/MainMenu.umap
[2015.11.19-05.46.36:862][  0]SourceControl: Info 	new file:   TheGame/Content/ThirdPersonBP/Maps/MainMenu.umap
[2015.11.19-05.46.36:862][  0]SourceControl: Info Changes not staged for commit:
[2015.11.19-05.46.36:862][  0]SourceControl: Info   (use "git add/rm <file>..." to update what will be committed)
[2015.11.19-05.46.36:862][  0]SourceControl: Info   (use "git checkout -- <file>..." to discard changes in working directory)
[2015.11.19-05.46.36:862][  0]SourceControl: Info 	modified:   TheGame/Content/ThirdPersonBP/Maps/MainMenu.umap
[2015.11.19-05.46.36:862][  0]SourceControl: Info 	modified:   TheGame/Intermediate/CachedAssetRegistry.bin
[2015.11.19-05.46.36:862][  0]SourceControl: Info 	modified:   TheGame/Intermediate/Config/CoalescedSourceConfigs/Engine.ini
[2015.11.19-05.46.36:867][  0]SourceControl: Info 	modified:   TheGame/Intermediate/Config/CoalescedSourceConfigs/Game.ini
[2015.11.19-05.46.36:867][  0]SourceControl: Info 	modified:   TheGame/Saved/Autosaves/PackageRestoreData.json
[2015.11.19-05.46.36:867][  0]SourceControl: Info 	deleted:    TheGame/Saved/Backup/Cave_2015-11-15-02-19-16.umap
[2015.11.19-05.46.36:867][  0]SourceControl: Info 	deleted:    TheGame/Saved/Backup/Cave_2015-11-15-02-33-05.umap
[2015.11.19-05.46.36:867][  0]SourceControl: Info 	modified:   TheGame/Saved/Config/Windows/EditorPerProjectUserSettings.ini
[2015.11.19-05.46.36:867][  0]SourceControl: Info 	modified:   TheGame/Saved/Config/Windows/Engine.ini
[2015.11.19-05.46.36:867][  0]SourceControl: Info 	modified:   TheGame/Saved/Config/WorldState/2460029373.json
[2015.11.19-05.46.36:867][  0]SourceControl: Info 	modified:   TheGame/Saved/Logs/NightmareGame.log
[2015.11.19-05.46.36:867][  0]SourceControl: Info Untracked files:
[2015.11.19-05.46.36:867][  0]SourceControl: Info   (use "git add <file>..." to include in what will be committed)
[2015.11.19-05.46.36:867][  0]SourceControl: Info 	TheGame/Saved/Autosaves/Game/ThirdPersonBP/Maps/MainMenu_Auto1.umap
[2015.11.19-05.46.36:867][  0]SourceControl: Info 	TheGame/Saved/Backup/Hub_2015-11-18-13-31-55.umap
[2015.11.19-05.46.36:867][  0]SourceControl: Info 	TheGame/Saved/Backup/MainMenu_2015-11-18-13-31-37.umap
[2015.11.19-05.46.36:867][  0]SourceControl: Info 	TheGame/Saved/Backup/MainMenu_2015-11-18-13-42-29.umap
[2015.11.19-05.46.36:867][  0]SourceControl: Info 	TheGame/Saved/Config/WorldState/3848406064.json
[2015.11.19-05.46.36:867][  0]SourceControl: Info 	TheGame/Saved/Logs/NightmareGame-backup-2015.11.18-13.23.21.log
[2015.11.19-05.46.36:867][  0]SourceControl: Info 	TheGame/Saved/Logs/NightmareGame-backup-2015.11.19-00.37.27.log
[2015.11.19-05.46.36:875][  0]LogContentStreaming: Texture pool size now 1000 MB
[2015.11.19-05.46.37:347][  0]LogRenderer: Reallocating scene render targets to support 1208x660 (Frame:2).
[2015.11.19-05.46.38:655][  7]LogAssetRegistry: Asset discovery search completed in 501.7946 seconds
[2015.11.19-05.46.38:655][  7]LogCollectionManager: Rebuilt the object cache for 0 collections in 0.000001 seconds (found 0 objects)
[2015.11.19-05.46.38:655][  7]LogCollectionManager: Fixed up redirectors for 0 collections in 0.000033 seconds (updated 0 objects)
[2015.11.19-05.46.44:036][154]LogLinker:Warning: Asset '../../../Engine/Content/ArtTools/RenderToTexture/Macros/RenderToTextureMacros.uasset' has been saved with empty engine version. The asset will be loaded but may be incompatible.
[2015.11.19-05.46.44:808][154]LogContentBrowser: Native class hierarchy updated for 'BlueprintGraph' in 0.0036 seconds. Added 107 classes and 0 folders.
[2015.11.19-05.46.45:769][154]LogLinker:Warning: Can't resolve asset name
[2015.11.19-05.47.15:723][396]LogBlueprintUserMessages: CustomizeDetails for Blueprint 'DialogueUMG', cached variable property's owner is '/Game/ThirdPersonBP/Dialogue/DialogueUMG.SKEL_DialogueUMG_C'
[2015.11.19-05.47.24:203][875]BlueprintLog: New page: Compile DialogueUMG
[2015.11.19-05.47.24:492][875]LogBlueprintUserMessages: PostEditorRefresh for Blueprint 'DialogueUMG', cached variable property's owner is '/Game/ThirdPersonBP/Dialogue/DialogueUMG.SKEL_DialogueUMG_C'
[2015.11.19-05.47.24:494][875]BlueprintEditorCompileResults: Info [0611.16] Compile of DialogueUMG successful! [in 290 ms]
[2015.11.19-05.47.24:510][875]LogBlueprintUserMessages: CustomizeDetails for Blueprint 'DialogueUMG', cached variable property's owner is '/Game/ThirdPersonBP/Dialogue/DialogueUMG.SKEL_DialogueUMG_C'
[2015.11.19-05.48.10:868][158]LogBlueprintUserMessages: CustomizeDetails for Blueprint 'DialogueUMG', cached variable property's owner is '/Game/ThirdPersonBP/Dialogue/DialogueUMG.SKEL_DialogueUMG_C'
[2015.11.19-05.48.11:776][208]BlueprintLog: New page: Compile DialogueUMG
[2015.11.19-05.48.11:853][208]LogBlueprintUserMessages: PostEditorRefresh for Blueprint 'DialogueUMG', cached variable property's owner is '/Game/ThirdPersonBP/Dialogue/DialogueUMG.SKEL_DialogueUMG_C'
[2015.11.19-05.48.11:866][208]BlueprintEditorCompileResults: Info [0658.53] Compile of DialogueUMG successful! [in 89 ms]
[2015.11.19-05.48.11:882][208]LogBlueprintUserMessages: CustomizeDetails for Blueprint 'DialogueUMG', cached variable property's owner is '/Game/ThirdPersonBP/Dialogue/DialogueUMG.SKEL_DialogueUMG_C'
[2015.11.19-05.48.51:913][401]BlueprintLog: New page: Compile DialogueUMG
[2015.11.19-05.48.51:993][401]BlueprintEditorCompileResults: Info [0698.66] Compile of DialogueUMG successful! [in 80 ms]
[2015.11.19-05.48.54:531][536]LogBlueprintUserMessages: Early PlayInEditor Detection: Level '/Game/ThirdPersonBP/Maps/Hub.Hub:PersistentLevel' has LevelScriptBlueprint '/Game/ThirdPersonBP/Maps/Hub.Hub:PersistentLevel.Hub' with GeneratedClass '/Game/ThirdPersonBP/Maps/Hub.Hub_C' with ClassGeneratedBy '/Game/ThirdPersonBP/Maps/Hub.Hub:PersistentLevel.Hub'
[2015.11.19-05.48.54:531][536]LogPlayLevel: PlayLevel: No blueprints needed recompiling
[2015.11.19-05.48.54:532][536]PIE: New page: PIE session: Hub (Nov 18, 2015, 7:48:54 PM)
[2015.11.19-05.48.54:542][536]LogPlayLevel: Creating play world package: /Game/ThirdPersonBP/Maps/UEDPIE_0_Hub
[2015.11.19-05.48.54:593][536]LogPlayLevel: PIE: StaticDuplicateObject took: (0.050984s)
[2015.11.19-05.48.54:595][536]LogAIModule: Creating AISystem for world Hub
[2015.11.19-05.48.54:595][536]LogPlayLevel: PIE: World Init took: (0.001628s)
[2015.11.19-05.48.54:609][536]LogPlayLevel: PIE: Created PIE world by copying editor world from /Game/ThirdPersonBP/Maps/Hub.Hub to /Game/ThirdPersonBP/Maps/UEDPIE_0_Hub.Hub (0.066624s)
[2015.11.19-05.48.54:680][536]LogInit: XAudio2 using 'Speakers (Siberia v2 D3H)' : 2 channels at 44.1 kHz using 16 bits per sample (channel mask 0x3)
[2015.11.19-05.48.54:692][536]LogInit: FAudioDevice initialized.
[2015.11.19-05.48.54:852][536]LogWorld: Game class is 'ThirdPersonGameMode_C'
[2015.11.19-05.48.55:016][536]LogWorld:Warning: *** WARNING - PATHS MAY NOT BE VALID ***
[2015.11.19-05.48.55:016][536]LogWorld: Bringing World /Game/ThirdPersonBP/Maps/UEDPIE_0_Hub.Hub up for play (max tick rate 60) at 2015.11.19-00.48.55
[2015.11.19-05.48.55:016][536]LogActor:Warning: GameSession /Game/ThirdPersonBP/Maps/UEDPIE_0_Hub.Hub:PersistentLevel.GameSession_0 has natively added scene component(s), but none of them were set as the actor's RootComponent - picking one arbitrarily
[2015.11.19-05.48.55:030][536]LogActor:Warning: GameNetworkManager /Game/ThirdPersonBP/Maps/UEDPIE_0_Hub.Hub:PersistentLevel.GameNetworkManager_0 has natively added scene component(s), but none of them were set as the actor's RootComponent - picking one arbitrarily
[2015.11.19-05.48.55:099][536]LogWorld: Bringing up level for play took: 0.243913
[2015.11.19-05.48.55:570][536]PIE: Info Play in editor start time for /Game/ThirdPersonBP/Maps/UEDPIE_0_Hub 0.7
[2015.11.19-05.48.55:570][536]LogBlueprintUserMessages: Late PlayInEditor Detection: Level '/Game/ThirdPersonBP/Maps/Hub.Hub:PersistentLevel' has LevelScriptBlueprint '/Game/ThirdPersonBP/Maps/Hub.Hub:PersistentLevel.Hub' with GeneratedClass '/Game/ThirdPersonBP/Maps/Hub.Hub_C' with ClassGeneratedBy '/Game/ThirdPersonBP/Maps/Hub.Hub:PersistentLevel.Hub'
[2015.11.19-05.48.57:962][658]LogBlueprintUserMessages: Early EndPlayMap Detection: Level '/Game/ThirdPersonBP/Maps/Hub.Hub:PersistentLevel' has LevelScriptBlueprint '/Game/ThirdPersonBP/Maps/Hub.Hub:PersistentLevel.Hub' with GeneratedClass '/Game/ThirdPersonBP/Maps/Hub.Hub_C' with ClassGeneratedBy '/Game/ThirdPersonBP/Maps/Hub.Hub:PersistentLevel.Hub'
[2015.11.19-05.48.58:081][658]LogBlueprintUserMessages: Late EndPlayMap Detection: Level '/Game/ThirdPersonBP/Maps/Hub.Hub:PersistentLevel' has LevelScriptBlueprint '/Game/ThirdPersonBP/Maps/Hub.Hub:PersistentLevel.Hub' with GeneratedClass '/Game/ThirdPersonBP/Maps/Hub.Hub_C' with ClassGeneratedBy '/Game/ThirdPersonBP/Maps/Hub.Hub:PersistentLevel.Hub'
[2015.11.19-05.48.58:189][659]LogParticles: Destroying 0 GPU particle simulations for FXSystem 0x000000001B7DAB60
[2015.11.19-05.49.17:459][664]LogBlueprintUserMessages: CustomizeDetails for Blueprint 'DialogueUMG', cached variable property's owner is '/Game/ThirdPersonBP/Dialogue/DialogueUMG.SKEL_DialogueUMG_C'
[2015.11.19-05.49.19:956][804]LogBlueprintUserMessages: CustomizeDetails for Blueprint 'DialogueUMG', cached variable property's owner is '/Game/ThirdPersonBP/Dialogue/DialogueUMG.SKEL_DialogueUMG_C'
[2015.11.19-05.49.32:670][504]LogBlueprintUserMessages: CustomizeDetails for Blueprint 'DialogueUMG', cached variable property's owner is '/Game/ThirdPersonBP/Dialogue/DialogueUMG.SKEL_DialogueUMG_C'
[2015.11.19-05.50.46:174][191]BlueprintLog: New page: Compile DialogueUMG
[2015.11.19-05.50.46:372][191]BlueprintEditorCompileResults: Info [0813.04] Compile of DialogueUMG successful! [in 198 ms]
[2015.11.19-05.50.49:390][356]LogBlueprintUserMessages: CustomizeDetails for Blueprint 'DialogueUMG', cached variable property's owner is '/Game/ThirdPersonBP/Dialogue/DialogueUMG.SKEL_DialogueUMG_C'
[2015.11.19-05.50.50:154][400]LogBlueprintUserMessages: CustomizeDetails for Blueprint 'DialogueUMG', cached variable property's owner is '/Game/ThirdPersonBP/Dialogue/DialogueUMG.SKEL_DialogueUMG_C'
[2015.11.19-05.50.51:962][508]LogBlueprintUserMessages: CustomizeDetails for Blueprint 'DialogueUMG', cached variable property's owner is '/Game/ThirdPersonBP/Dialogue/DialogueUMG.SKEL_DialogueUMG_C'
[2015.11.19-05.50.51:976][509]LogBlueprintUserMessages: CustomizeDetails for Blueprint 'DialogueUMG', cached variable property's owner is '/Game/ThirdPersonBP/Dialogue/DialogueUMG.SKEL_DialogueUMG_C'
[2015.11.19-05.50.53:348][587]LogBlueprintUserMessages: CustomizeDetails for Blueprint 'DialogueUMG', cached variable property's owner is '/Game/ThirdPersonBP/Dialogue/DialogueUMG.SKEL_DialogueUMG_C'
[2015.11.19-05.50.56:777][774]LogBlueprintUserMessages: CustomizeDetails for Blueprint 'DialogueUMG', cached variable property's owner is '/Game/ThirdPersonBP/Dialogue/DialogueUMG.SKEL_DialogueUMG_C'
[2015.11.19-05.51.33:996][488]BlueprintLog: New page: Compile DialogueUMG
[2015.11.19-05.51.34:139][488]LogBlueprintUserMessages: PostEditorRefresh for Blueprint 'DialogueUMG', cached variable property's owner is '/Game/ThirdPersonBP/Dialogue/DialogueUMG.SKEL_DialogueUMG_C'
[2015.11.19-05.51.34:141][488]BlueprintEditorCompileResults: Info [0860.80] Compile of DialogueUMG successful! [in 144 ms]
[2015.11.19-05.51.34:171][488]LogBlueprintUserMessages: CustomizeDetails for Blueprint 'DialogueUMG', cached variable property's owner is '/Game/ThirdPersonBP/Dialogue/DialogueUMG.SKEL_DialogueUMG_C'
[2015.11.19-05.51.38:980][744]LogBlueprintUserMessages: Early PlayInEditor Detection: Level '/Game/ThirdPersonBP/Maps/Hub.Hub:PersistentLevel' has LevelScriptBlueprint '/Game/ThirdPersonBP/Maps/Hub.Hub:PersistentLevel.Hub' with GeneratedClass '/Game/ThirdPersonBP/Maps/Hub.Hub_C' with ClassGeneratedBy '/Game/ThirdPersonBP/Maps/Hub.Hub:PersistentLevel.Hub'
[2015.11.19-05.51.38:980][744]LogPlayLevel: PlayLevel: No blueprints needed recompiling
[2015.11.19-05.51.38:981][744]PIE: New page: PIE session: Hub (Nov 18, 2015, 7:51:38 PM)
[2015.11.19-05.51.38:981][744]LogPlayLevel: Creating play world package: /Game/ThirdPersonBP/Maps/UEDPIE_0_Hub
[2015.11.19-05.51.39:054][744]LogPlayLevel: PIE: StaticDuplicateObject took: (0.073364s)
[2015.11.19-05.51.39:055][744]LogAIModule: Creating AISystem for world Hub
[2015.11.19-05.51.39:055][744]LogPlayLevel: PIE: World Init took: (0.001309s)
[2015.11.19-05.51.39:056][744]LogPlayLevel: PIE: Created PIE world by copying editor world from /Game/ThirdPersonBP/Maps/Hub.Hub to /Game/ThirdPersonBP/Maps/UEDPIE_0_Hub.Hub (0.074999s)
[2015.11.19-05.51.39:119][744]LogInit: XAudio2 using 'Speakers (Siberia v2 D3H)' : 2 channels at 44.1 kHz using 16 bits per sample (channel mask 0x3)
[2015.11.19-05.51.39:128][744]LogInit: FAudioDevice initialized.
[2015.11.19-05.51.39:159][744]LogWorld: Game class is 'ThirdPersonGameMode_C'
[2015.11.19-05.51.39:301][744]LogWorld:Warning: *** WARNING - PATHS MAY NOT BE VALID ***
[2015.11.19-05.51.39:306][744]LogWorld: Bringing World /Game/ThirdPersonBP/Maps/UEDPIE_0_Hub.Hub up for play (max tick rate 60) at 2015.11.19-00.51.39
[2015.11.19-05.51.39:306][744]LogActor:Warning: GameSession /Game/ThirdPersonBP/Maps/UEDPIE_0_Hub.Hub:PersistentLevel.GameSession_1 has natively added scene component(s), but none of them were set as the actor's RootComponent - picking one arbitrarily
[2015.11.19-05.51.39:310][744]LogActor:Warning: GameNetworkManager /Game/ThirdPersonBP/Maps/UEDPIE_0_Hub.Hub:PersistentLevel.GameNetworkManager_1 has natively added scene component(s), but none of them were set as the actor's RootComponent - picking one arbitrarily
[2015.11.19-05.51.39:312][744]LogWorld: Bringing up level for play took: 0.150426
[2015.11.19-05.51.39:327][744]PIE: Info Play in editor start time for /Game/ThirdPersonBP/Maps/UEDPIE_0_Hub 0.461
[2015.11.19-05.51.39:328][744]LogBlueprintUserMessages: Late PlayInEditor Detection: Level '/Game/ThirdPersonBP/Maps/Hub.Hub:PersistentLevel' has LevelScriptBlueprint '/Game/ThirdPersonBP/Maps/Hub.Hub:PersistentLevel.Hub' with GeneratedClass '/Game/ThirdPersonBP/Maps/Hub.Hub_C' with ClassGeneratedBy '/Game/ThirdPersonBP/Maps/Hub.Hub:PersistentLevel.Hub'
[2015.11.19-05.51.43:431][988]LogBlueprintUserMessages: Early EndPlayMap Detection: Level '/Game/ThirdPersonBP/Maps/Hub.Hub:PersistentLevel' has LevelScriptBlueprint '/Game/ThirdPersonBP/Maps/Hub.Hub:PersistentLevel.Hub' with GeneratedClass '/Game/ThirdPersonBP/Maps/Hub.Hub_C' with ClassGeneratedBy '/Game/ThirdPersonBP/Maps/Hub.Hub:PersistentLevel.Hub'
[2015.11.19-05.51.43:474][988]LogBlueprintUserMessages: Late EndPlayMap Detection: Level '/Game/ThirdPersonBP/Maps/Hub.Hub:PersistentLevel' has LevelScriptBlueprint '/Game/ThirdPersonBP/Maps/Hub.Hub:PersistentLevel.Hub' with GeneratedClass '/Game/ThirdPersonBP/Maps/Hub.Hub_C' with ClassGeneratedBy '/Game/ThirdPersonBP/Maps/Hub.Hub:PersistentLevel.Hub'
[2015.11.19-05.51.43:497][988]LogParticles: Destroying 0 GPU particle simulations for FXSystem 0x000000005AD3D760
[2015.11.19-05.56.45:102][718]LogFileHelpers: Editor autosave (incl. sublevels) for '/Game/ThirdPersonBP/Maps/Hub' took 0.027
[2015.11.19-05.56.45:132][718]OBJ SavePackage: Generating thumbnails for [0] asset(s) in package [/Game/ThirdPersonBP/Dialogue/DialogueUMG] ([1] browsable assets)...
[2015.11.19-05.56.45:132][718]OBJ SavePackage: Finished generating thumbnails for package [/Game/ThirdPersonBP/Dialogue/DialogueUMG]
[2015.11.19-05.56.45:132][718]Cmd: OBJ SAVEPACKAGE PACKAGE="/Game/ThirdPersonBP/Dialogue/DialogueUMG" FILE="E:/NightmareGame/TheGame/Saved/Autosaves/Game/ThirdPersonBP/Dialogue/DialogueUMG_Auto1.uasset" SILENT=false AUTOSAVING=true
[2015.11.19-05.56.54:980][718]LogSavePackage: Save=7387.577637ms
[2015.11.19-05.56.54:980][718]LogSavePackage: Moving 'E:/NightmareGame/TheGame/Saved/DialogueUMG_Auto1320CEF26415361AC43B8108CADD6496D.tmp' to 'E:/NightmareGame/TheGame/Saved/Autosaves/Game/ThirdPersonBP/Dialogue/DialogueUMG_Auto1.uasset'
[2015.11.19-05.56.57:220][718]LogSavePackage: Total save time: 12037.410118ms
[2015.11.19-05.56.57:220][718]LogSavePackage:Warning: Finished SavePackage E:/NightmareGame/TheGame/Saved/Autosaves/Game/ThirdPersonBP/Dialogue/DialogueUMG_Auto1.uasset
[2015.11.19-05.56.57:220][718]LogFileHelpers: Auto-saving content packages took 12.116
[2015.11.19-15.10.04:349][899]LogBlueprintUserMessages: CustomizeDetails for Blueprint 'DialogueUMG', cached variable property's owner is '/Game/ThirdPersonBP/Dialogue/DialogueUMG.SKEL_DialogueUMG_C'
[2015.11.19-15.10.47:443][886]LogBlueprintUserMessages: CustomizeDetails for Blueprint 'DialogueUMG', cached variable property's owner is '/Game/ThirdPersonBP/Dialogue/DialogueUMG.SKEL_DialogueUMG_C'
[2015.11.19-15.10.52:727][173]LogBlueprintUserMessages: CustomizeDetails for Blueprint 'DialogueUMG', cached variable property's owner is '/Game/ThirdPersonBP/Dialogue/DialogueUMG.SKEL_DialogueUMG_C'
[2015.11.19-15.10.56:610][387]LogBlueprintUserMessages: CustomizeDetails for Blueprint 'DialogueUMG', cached variable property's owner is '/Game/ThirdPersonBP/Dialogue/DialogueUMG.SKEL_DialogueUMG_C'
[2015.11.19-15.11.17:773][419]LogBlueprintUserMessages: CustomizeDetails for Blueprint 'DialogueUMG', cached variable property's owner is '/Game/ThirdPersonBP/Dialogue/DialogueUMG.SKEL_DialogueUMG_C'
[2015.11.19-15.11.27:087][948]LogBlueprintUserMessages: CustomizeDetails for Blueprint 'DialogueUMG', cached variable property's owner is '/Game/ThirdPersonBP/Dialogue/DialogueUMG.SKEL_DialogueUMG_C'
[2015.11.19-15.11.56:913][162]LogFileHelpers: Editor autosave (incl. sublevels) for '/Game/ThirdPersonBP/Maps/Hub' took 0.834
[2015.11.19-15.11.58:831][162]OBJ SavePackage: Generating thumbnails for [0] asset(s) in package [/Game/ThirdPersonBP/Dialogue/DialogueUMG] ([1] browsable assets)...
[2015.11.19-15.11.58:842][162]OBJ SavePackage: Finished generating thumbnails for package [/Game/ThirdPersonBP/Dialogue/DialogueUMG]
[2015.11.19-15.11.58:845][162]Cmd: OBJ SAVEPACKAGE PACKAGE="/Game/ThirdPersonBP/Dialogue/DialogueUMG" FILE="E:/NightmareGame/TheGame/Saved/Autosaves/Game/ThirdPersonBP/Dialogue/DialogueUMG_Auto2.uasset" SILENT=false AUTOSAVING=true
[2015.11.19-15.12.11:710][162]LogSavePackage: Save=7995.614258ms
[2015.11.19-15.12.11:710][162]LogSavePackage: Moving 'E:/NightmareGame/TheGame/Saved/DialogueUMG_Auto237F8E8C142F7F2494F8004B8559EA3EE.tmp' to 'E:/NightmareGame/TheGame/Saved/Autosaves/Game/ThirdPersonBP/Dialogue/DialogueUMG_Auto2.uasset'
[2015.11.19-15.12.14:099][162]LogSavePackage: Total save time: 12937.925778ms
[2015.11.19-15.12.14:176][162]LogSavePackage:Warning: Finished SavePackage E:/NightmareGame/TheGame/Saved/Autosaves/Game/ThirdPersonBP/Dialogue/DialogueUMG_Auto2.uasset
[2015.11.19-15.12.14:177][162]LogFileHelpers: Auto-saving content packages took 17.263
[2015.11.19-15.22.00:184][917]BlueprintLog: New page: Compile DialogueUMG
[2015.11.19-15.22.01:614][917]LogBlueprintUserMessages: PostEditorRefresh for Blueprint 'DialogueUMG', cached variable property's owner is '/Game/ThirdPersonBP/Dialogue/DialogueUMG.SKEL_DialogueUMG_C'
[2015.11.19-15.22.01:726][917]BlueprintEditorCompileResults: Info [5087.71] Compile of DialogueUMG successful! [in 1,489 ms]
[2015.11.19-15.22.01:748][917]LogBlueprintUserMessages: CustomizeDetails for Blueprint 'DialogueUMG', cached variable property's owner is '/Game/ThirdPersonBP/Dialogue/DialogueUMG.SKEL_DialogueUMG_C'
[2015.11.19-15.23.38:860][575]BlueprintLog: New page: Compile Hub
[2015.11.19-15.23.39:317][575]LogBlueprint:Error: [compiler Hub] Error The type of  Object  is undetermined.  Connect something to  Cast To DialogueUMG  to imply a specific type.
[2015.11.19-15.23.39:325][575]LogBlueprint:Error: [compiler Hub] Error The current value of the ' Object ' pin is invalid: Unsupported type Object Wildcard on pin Object
[2015.11.19-15.23.39:833][575]LogActorComponent: UnregisterComponent: (/Engine/Transient.CharMoveComp) Not registered. Aborting.
[2015.11.19-15.23.39:906][575]LogBlueprint:Warning: [compiler Hub] Warning [5185.94] Compile of Hub failed. 2 Fatal Issue(s) 0 Warning(s) [in 1,046 ms]
[2015.11.19-15.23.39:906][575]BlueprintEditorCompileResults:Error: Error The type of  Object  is undetermined.  Connect something to  Cast To DialogueUMG  to imply a specific type.
[2015.11.19-15.23.39:906][575]BlueprintEditorCompileResults:Error: Error The current value of the ' Object ' pin is invalid: Unsupported type Object Wildcard on pin Object
[2015.11.19-15.23.39:906][575]BlueprintEditorCompileResults:Warning: Warning [5185.94] Compile of Hub failed. 2 Fatal Issue(s) 0 Warning(s) [in 1,046 ms]
[2015.11.19-15.23.51:559][227]BlueprintLog: New page: Compile Hub
[2015.11.19-15.23.51:592][227]LogBlueprint:Warning: [compiler Hub] Warning 'Dialogue UMG' does not inherit from 'Player Controller' ( Cast To DialogueUMG  would always fail).
[2015.11.19-15.23.51:672][227]LogBlueprint:Warning: [compiler Hub] Warning [5197.71] Compile of Hub successful, but with 1 Warning(s) [in 112 ms]
[2015.11.19-15.23.51:672][227]BlueprintEditorCompileResults:Warning: Warning 'Dialogue UMG' does not inherit from 'Player Controller' ( Cast To DialogueUMG  would always fail).
[2015.11.19-15.23.53:854][227]BlueprintEditorCompileResults:Warning: Warning [5197.71] Compile of Hub successful, but with 1 Warning(s) [in 112 ms]
[2015.11.19-15.24.19:586][691]BlueprintLog: New page: Compile Hub
[2015.11.19-15.24.19:601][691]LogBlueprint:Warning: [compiler Hub] Warning 'Dialogue UMG' does not inherit from 'HUD' ( Cast To DialogueUMG  would always fail).
[2015.11.19-15.24.19:681][691]LogBlueprint:Warning: [compiler Hub] Warning [5225.72] Compile of Hub successful, but with 1 Warning(s) [in 95 ms]
[2015.11.19-15.24.19:681][691]BlueprintEditorCompileResults:Warning: Warning 'Dialogue UMG' does not inherit from 'HUD' ( Cast To DialogueUMG  would always fail).
[2015.11.19-15.24.19:681][691]BlueprintEditorCompileResults:Warning: Warning [5225.72] Compile of Hub successful, but with 1 Warning(s) [in 95 ms]
[2015.11.19-15.25.11:386][626]BlueprintLog: New page: Compile Hub
[2015.11.19-15.25.11:447][626]LogBlueprint:Warning: [compiler Hub] Warning 'ReturnValue' is already a 'Dialogue UMG', you don't need  Cast To DialogueUMG .
[2015.11.19-15.25.11:542][626]LogBlueprint:Warning: [compiler Hub] Warning [5277.58] Compile of Hub successful, but with 1 Warning(s) [in 156 ms]
[2015.11.19-15.25.11:542][626]BlueprintEditorCompileResults:Warning: Warning 'ReturnValue' is already a 'Dialogue UMG', you don't need  Cast To DialogueUMG .
[2015.11.19-15.25.11:542][626]BlueprintEditorCompileResults:Warning: Warning [5277.58] Compile of Hub successful, but with 1 Warning(s) [in 156 ms]
[2015.11.19-15.25.22:853][273]BlueprintLog: New page: Compile Hub
[2015.11.19-15.25.22:872][273]LogBlueprint:Error: [compiler Hub] Error This blueprint (self) is not a DialogueUMG_C, therefore ' Target ' must have a connection.
[2015.11.19-15.25.23:005][273]LogBlueprint:Warning: [compiler Hub] Warning [5289.04] Compile of Hub failed. 1 Fatal Issue(s) 0 Warning(s) [in 151 ms]
[2015.11.19-15.25.23:005][273]BlueprintEditorCompileResults:Error: Error This blueprint (self) is not a DialogueUMG_C, therefore ' Target ' must have a connection.
[2015.11.19-15.25.23:005][273]BlueprintEditorCompileResults:Warning: Warning [5289.04] Compile of Hub failed. 1 Fatal Issue(s) 0 Warning(s) [in 151 ms]
[2015.11.19-15.25.25:853][429]BlueprintLog: New page: Compile Hub
[2015.11.19-15.25.25:944][429]BlueprintEditorCompileResults: Info [5291.98] Compile of Hub successful! [in 90 ms]
[2015.11.19-15.25.34:720][916]LogBlueprintUserMessages: Early PlayInEditor Detection: Level '/Game/ThirdPersonBP/Maps/Hub.Hub:PersistentLevel' has LevelScriptBlueprint '/Game/ThirdPersonBP/Maps/Hub.Hub:PersistentLevel.Hub' with GeneratedClass '/Game/ThirdPersonBP/Maps/Hub.Hub_C' with ClassGeneratedBy '/Game/ThirdPersonBP/Maps/Hub.Hub:PersistentLevel.Hub'
[2015.11.19-15.25.34:721][916]LogPlayLevel: PlayLevel: No blueprints needed recompiling
[2015.11.19-15.25.34:736][916]PIE: New page: PIE session: Hub (Nov 19, 2015, 5:25:34 AM)
[2015.11.19-15.25.34:774][916]LogPlayLevel: Creating play world package: /Game/ThirdPersonBP/Maps/UEDPIE_0_Hub
[2015.11.19-15.25.35:671][916]LogPlayLevel: PIE: StaticDuplicateObject took: (0.897564s)
[2015.11.19-15.25.35:726][916]LogAIModule: Creating AISystem for world Hub
[2015.11.19-15.25.35:728][916]LogPlayLevel: PIE: World Init took: (0.056959s)
[2015.11.19-15.25.35:739][916]LogPlayLevel: PIE: Created PIE world by copying editor world from /Game/ThirdPersonBP/Maps/Hub.Hub to /Game/ThirdPersonBP/Maps/UEDPIE_0_Hub.Hub (0.965059s)
[2015.11.19-15.25.36:046][916]LogInit: XAudio2 using 'Speakers (Siberia v2 D3H)' : 2 channels at 44.1 kHz using 16 bits per sample (channel mask 0x3)
[2015.11.19-15.25.36:178][916]LogInit: FAudioDevice initialized.
[2015.11.19-15.25.36:481][916]LogWorld: Game class is 'ThirdPersonGameMode_C'
[2015.11.19-15.25.36:871][916]LogWorld:Warning: *** WARNING - PATHS MAY NOT BE VALID ***
[2015.11.19-15.25.36:871][916]LogWorld: Bringing World /Game/ThirdPersonBP/Maps/UEDPIE_0_Hub.Hub up for play (max tick rate 60) at 2015.11.19-10.25.36
[2015.11.19-15.25.36:880][916]LogActor:Warning: GameSession /Game/ThirdPersonBP/Maps/UEDPIE_0_Hub.Hub:PersistentLevel.GameSession_2 has natively added scene component(s), but none of them were set as the actor's RootComponent - picking one arbitrarily
[2015.11.19-15.25.36:898][916]LogActor:Warning: GameNetworkManager /Game/ThirdPersonBP/Maps/UEDPIE_0_Hub.Hub:PersistentLevel.GameNetworkManager_2 has natively added scene component(s), but none of them were set as the actor's RootComponent - picking one arbitrarily
[2015.11.19-15.25.37:005][916]LogWorld: Bringing up level for play took: 0.414040
[2015.11.19-15.25.37:603][916]PIE: Info Play in editor start time for /Game/ThirdPersonBP/Maps/UEDPIE_0_Hub 2.108
[2015.11.19-15.25.37:603][916]LogBlueprintUserMessages: Late PlayInEditor Detection: Level '/Game/ThirdPersonBP/Maps/Hub.Hub:PersistentLevel' has LevelScriptBlueprint '/Game/ThirdPersonBP/Maps/Hub.Hub:PersistentLevel.Hub' with GeneratedClass '/Game/ThirdPersonBP/Maps/Hub.Hub_C' with ClassGeneratedBy '/Game/ThirdPersonBP/Maps/Hub.Hub:PersistentLevel.Hub'
[2015.11.19-15.25.40:760][  6]LogScript:Warning: Accessed None 'Physics Handle'
	ThirdPersonCharacter_C /Game/ThirdPersonBP/Maps/UEDPIE_0_Hub.Hub:PersistentLevel.ThirdPersonCharacter_C_2
	Function /Game/ThirdPersonBP/Blueprints/ThirdPersonCharacter.ThirdPersonCharacter_C:ExecuteUbergraph_ThirdPersonCharacter:114E
[2015.11.19-15.25.40:978][  6]PIE:Error: Error Accessed None 'Physics Handle' from node Release Component in graph 'EventGraph' in blueprint ThirdPersonCharacter
[2015.11.19-15.25.40:978][  6]LogScript:Warning: Accessed None 'Physics Object'
	ThirdPersonCharacter_C /Game/ThirdPersonBP/Maps/UEDPIE_0_Hub.Hub:PersistentLevel.ThirdPersonCharacter_C_2
	Function /Game/ThirdPersonBP/Blueprints/ThirdPersonCharacter.ThirdPersonCharacter_C:ExecuteUbergraph_ThirdPersonCharacter:11B4
[2015.11.19-15.25.40:978][  6]PIE:Error: Error Accessed None 'Physics Object' from node Set Collision Response to Channel in graph 'EventGraph' in blueprint ThirdPersonCharacter
[2015.11.19-15.25.41:597][ 14]LogScript:Warning: Attempted to get an item from array CallFunc_GetCharacterArrayFromString_ReturnValue out of bounds [0/0]!
[2015.11.19-15.25.41:679][ 15]LogScript:Warning: Attempted to get an item from array CallFunc_GetCharacterArrayFromString_ReturnValue out of bounds [1/0]!
[2015.11.19-15.25.41:777][ 21]LogScript:Warning: Attempted to get an item from array CallFunc_GetCharacterArrayFromString_ReturnValue out of bounds [2/0]!
[2015.11.19-15.25.41:876][ 27]LogScript:Warning: Attempted to get an item from array CallFunc_GetCharacterArrayFromString_ReturnValue out of bounds [3/0]!
[2015.11.19-15.25.41:976][ 33]LogScript:Warning: Attempted to get an item from array CallFunc_GetCharacterArrayFromString_ReturnValue out of bounds [4/0]!
[2015.11.19-15.25.42:076][ 39]LogScript:Warning: Attempted to get an item from array CallFunc_GetCharacterArrayFromString_ReturnValue out of bounds [5/0]!
[2015.11.19-15.25.42:176][ 45]LogScript:Warning: Attempted to get an item from array CallFunc_GetCharacterArrayFromString_ReturnValue out of bounds [6/0]!
[2015.11.19-15.25.42:276][ 51]LogScript:Warning: Attempted to get an item from array CallFunc_GetCharacterArrayFromString_ReturnValue out of bounds [7/0]!
[2015.11.19-15.25.42:376][ 57]LogScript:Warning: Attempted to get an item from array CallFunc_GetCharacterArrayFromString_ReturnValue out of bounds [8/0]!
[2015.11.19-15.25.42:476][ 63]LogScript:Warning: Attempted to get an item from array CallFunc_GetCharacterArrayFromString_ReturnValue out of bounds [9/0]!
[2015.11.19-15.25.42:576][ 69]LogScript:Warning: Attempted to get an item from array CallFunc_GetCharacterArrayFromString_ReturnValue out of bounds [10/0]!
[2015.11.19-15.25.42:676][ 75]LogScript:Warning: Attempted to get an item from array CallFunc_GetCharacterArrayFromString_ReturnValue out of bounds [11/0]!
[2015.11.19-15.25.42:776][ 81]LogScript:Warning: Attempted to get an item from array CallFunc_GetCharacterArrayFromString_ReturnValue out of bounds [12/0]!
[2015.11.19-15.25.42:876][ 87]LogScript:Warning: Attempted to get an item from array CallFunc_GetCharacterArrayFromString_ReturnValue out of bounds [13/0]!
[2015.11.19-15.25.42:976][ 93]LogScript:Warning: Attempted to get an item from array CallFunc_GetCharacterArrayFromString_ReturnValue out of bounds [14/0]!
[2015.11.19-15.25.43:043][ 97]LogScript:Warning: Attempted to get an item from array CallFunc_GetCharacterArrayFromString_ReturnValue out of bounds [0/0]!
[2015.11.19-15.25.43:076][ 99]LogScript:Warning: Attempted to get an item from array CallFunc_GetCharacterArrayFromString_ReturnValue out of bounds [15/0]!
[2015.11.19-15.25.43:126][102]LogScript:Warning: Attempted to get an item from array CallFunc_GetCharacterArrayFromString_ReturnValue out of bounds [1/0]!
[2015.11.19-15.25.43:176][105]LogScript:Warning: Attempted to get an item from array CallFunc_GetCharacterArrayFromString_ReturnValue out of bounds [16/0]!
[2015.11.19-15.25.43:226][108]LogScript:Warning: Attempted to get an item from array CallFunc_GetCharacterArrayFromString_ReturnValue out of bounds [2/0]!
[2015.11.19-15.25.43:276][111]LogScript:Warning: Attempted to get an item from array CallFunc_GetCharacterArrayFromString_ReturnValue out of bounds [17/0]!
[2015.11.19-15.25.43:326][114]LogScript:Warning: Attempted to get an item from array CallFunc_GetCharacterArrayFromString_ReturnValue out of bounds [3/0]!
[2015.11.19-15.25.43:376][117]LogScript:Warning: Attempted to get an item from array CallFunc_GetCharacterArrayFromString_ReturnValue out of bounds [18/0]!
[2015.11.19-15.25.43:426][120]LogScript:Warning: Attempted to get an item from array CallFunc_GetCharacterArrayFromString_ReturnValue out of bounds [4/0]!
[2015.11.19-15.25.43:476][123]LogScript:Warning: Attempted to get an item from array CallFunc_GetCharacterArrayFromString_ReturnValue out of bounds [19/0]!
[2015.11.19-15.25.43:526][126]LogScript:Warning: Attempted to get an item from array CallFunc_GetCharacterArrayFromString_ReturnValue out of bounds [5/0]!
[2015.11.19-15.25.43:576][129]LogScript:Warning: Attempted to get an item from array CallFunc_GetCharacterArrayFromString_ReturnValue out of bounds [20/0]!
[2015.11.19-15.25.43:626][132]LogScript:Warning: Attempted to get an item from array CallFunc_GetCharacterArrayFromString_ReturnValue out of bounds [6/0]!
[2015.11.19-15.25.43:676][135]LogScript:Warning: Attempted to get an item from array CallFunc_GetCharacterArrayFromString_ReturnValue out of bounds [21/0]!
[2015.11.19-15.25.43:726][138]LogScript:Warning: Attempted to get an item from array CallFunc_GetCharacterArrayFromString_ReturnValue out of bounds [7/0]!
[2015.11.19-15.25.43:759][140]LogScript:Warning: Attempted to get an item from array CallFunc_GetCharacterArrayFromString_ReturnValue out of bounds [0/0]!
[2015.11.19-15.25.43:776][141]LogScript:Warning: Attempted to get an item from array CallFunc_GetCharacterArrayFromString_ReturnValue out of bounds [22/0]!
[2015.11.19-15.25.43:826][144]LogScript:Warning: Attempted to get an item from array CallFunc_GetCharacterArrayFromString_ReturnValue out of bounds [8/0]!
[2015.11.19-15.25.43:843][145]LogScript:Warning: Attempted to get an item from array CallFunc_GetCharacterArrayFromString_ReturnValue out of bounds [1/0]!
[2015.11.19-15.25.43:876][147]LogScript:Warning: Attempted to get an item from array CallFunc_GetCharacterArrayFromString_ReturnValue out of bounds [23/0]!
[2015.11.19-15.25.43:926][150]LogScript:Warning: Attempted to get an item from array CallFunc_GetCharacterArrayFromString_ReturnValue out of bounds [9/0]!
[2015.11.19-15.25.43:943][151]LogScript:Warning: Attempted to get an item from array CallFunc_GetCharacterArrayFromString_ReturnValue out of bounds [2/0]!
[2015.11.19-15.25.43:976][153]LogScript:Warning: Attempted to get an item from array CallFunc_GetCharacterArrayFromString_ReturnValue out of bounds [24/0]!
[2015.11.19-15.25.44:026][156]LogScript:Warning: Attempted to get an item from array CallFunc_GetCharacterArrayFromString_ReturnValue out of bounds [0/0]!
[2015.11.19-15.25.44:031][156]LogScript:Warning: Attempted to get an item from array CallFunc_GetCharacterArrayFromString_ReturnValue out of bounds [10/0]!
[2015.11.19-15.25.44:043][157]LogScript:Warning: Attempted to get an item from array CallFunc_GetCharacterArrayFromString_ReturnValue out of bounds [3/0]!
[2015.11.19-15.25.44:076][159]LogScript:Warning: Attempted to get an item from array CallFunc_GetCharacterArrayFromString_ReturnValue out of bounds [25/0]!
[2015.11.19-15.25.44:109][161]LogScript:Warning: Attempted to get an item from array CallFunc_GetCharacterArrayFromString_ReturnValue out of bounds [1/0]!
[2015.11.19-15.25.44:126][162]LogScript:Warning: Attempted to get an item from array CallFunc_GetCharacterArrayFromString_ReturnValue out of bounds [11/0]!
[2015.11.19-15.25.44:143][163]LogScript:Warning: Attempted to get an item from array CallFunc_GetCharacterArrayFromString_ReturnValue out of bounds [4/0]!
[2015.11.19-15.25.44:176][165]LogScript:Warning: Attempted to get an item from array CallFunc_GetCharacterArrayFromString_ReturnValue out of bounds [26/0]!
[2015.11.19-15.25.44:210][167]LogScript:Warning: Attempted to get an item from array CallFunc_GetCharacterArrayFromString_ReturnValue out of bounds [2/0]!
[2015.11.19-15.25.44:226][168]LogScript:Warning: Attempted to get an item from array CallFunc_GetCharacterArrayFromString_ReturnValue out of bounds [12/0]!
[2015.11.19-15.25.44:243][169]LogScript:Warning: Attempted to get an item from array CallFunc_GetCharacterArrayFromString_ReturnValue out of bounds [5/0]!
[2015.11.19-15.25.44:259][170]LogScript:Warning: Attempted to get an item from array CallFunc_GetCharacterArrayFromString_ReturnValue out of bounds [0/0]!
[2015.11.19-15.25.44:276][171]LogScript:Warning: Attempted to get an item from array CallFunc_GetCharacterArrayFromString_ReturnValue out of bounds [27/0]!
[2015.11.19-15.25.44:309][173]LogScript:Warning: Attempted to get an item from array CallFunc_GetCharacterArrayFromString_ReturnValue out of bounds [3/0]!
[2015.11.19-15.25.44:326][174]LogScript:Warning: Attempted to get an item from array CallFunc_GetCharacterArrayFromString_ReturnValue out of bounds [13/0]!
[2015.11.19-15.25.44:343][175]LogScript:Warning: Attempted to get an item from array CallFunc_GetCharacterArrayFromString_ReturnValue out of bounds [6/0]!
[2015.11.19-15.25.44:343][175]LogScript:Warning: Attempted to get an item from array CallFunc_GetCharacterArrayFromString_ReturnValue out of bounds [1/0]!
[2015.11.19-15.25.44:376][177]LogScript:Warning: Attempted to get an item from array CallFunc_GetCharacterArrayFromString_ReturnValue out of bounds [28/0]!
[2015.11.19-15.25.44:409][179]LogScript:Warning: Attempted to get an item from array CallFunc_GetCharacterArrayFromString_ReturnValue out of bounds [4/0]!
[2015.11.19-15.25.44:426][180]LogScript:Warning: Attempted to get an item from array CallFunc_GetCharacterArrayFromString_ReturnValue out of bounds [14/0]!
[2015.11.19-15.25.44:443][181]LogScript:Warning: Attempted to get an item from array CallFunc_GetCharacterArrayFromString_ReturnValue out of bounds [7/0]!
[2015.11.19-15.25.44:443][181]LogScript:Warning: Attempted to get an item from array CallFunc_GetCharacterArrayFromString_ReturnValue out of bounds [2/0]!
[2015.11.19-15.25.44:476][183]LogScript:Warning: Attempted to get an item from array CallFunc_GetCharacterArrayFromString_ReturnValue out of bounds [29/0]!
[2015.11.19-15.25.44:510][185]LogScript:Warning: Attempted to get an item from array CallFunc_GetCharacterArrayFromString_ReturnValue out of bounds [5/0]!
[2015.11.19-15.25.44:526][186]LogScript:Warning: Attempted to get an item from array CallFunc_GetCharacterArrayFromString_ReturnValue out of bounds [15/0]!
[2015.11.19-15.25.44:543][187]LogScript:Warning: Attempted to get an item from array CallFunc_GetCharacterArrayFromString_ReturnValue out of bounds [8/0]!
[2015.11.19-15.25.44:543][187]LogScript:Warning: Attempted to get an item from array CallFunc_GetCharacterArrayFromString_ReturnValue out of bounds [3/0]!
[2015.11.19-15.25.44:576][189]LogScript:Warning: Attempted to get an item from array CallFunc_GetCharacterArrayFromString_ReturnValue out of bounds [30/0]!
[2015.11.19-15.25.44:610][191]LogScript:Warning: Attempted to get an item from array CallFunc_GetCharacterArrayFromString_ReturnValue out of bounds [6/0]!
[2015.11.19-15.25.44:626][192]LogScript:Warning: Attempted to get an item from array CallFunc_GetCharacterArrayFromString_ReturnValue out of bounds [16/0]!
[2015.11.19-15.25.44:643][193]LogScript:Warning: Attempted to get an item from array CallFunc_GetCharacterArrayFromString_ReturnValue out of bounds [9/0]!
[2015.11.19-15.25.44:643][193]LogScript:Warning: Attempted to get an item from array CallFunc_GetCharacterArrayFromString_ReturnValue out of bounds [4/0]!
[2015.11.19-15.25.44:676][195]LogScript:Warning: Attempted to get an item from array CallFunc_GetCharacterArrayFromString_ReturnValue out of bounds [31/0]!
[2015.11.19-15.25.44:709][197]LogScript:Warning: Attempted to get an item from array CallFunc_GetCharacterArrayFromString_ReturnValue out of bounds [7/0]!
[2015.11.19-15.25.44:726][198]LogScript:Warning: Attempted to get an item from array CallFunc_GetCharacterArrayFromString_ReturnValue out of bounds [17/0]!
[2015.11.19-15.25.44:743][199]LogScript:Warning: Attempted to get an item from array CallFunc_GetCharacterArrayFromString_ReturnValue out of bounds [10/0]!
[2015.11.19-15.25.44:743][199]LogScript:Warning: Attempted to get an item from array CallFunc_GetCharacterArrayFromString_ReturnValue out of bounds [5/0]!
[2015.11.19-15.25.44:776][201]LogScript:Warning: Attempted to get an item from array CallFunc_GetCharacterArrayFromString_ReturnValue out of bounds [32/0]!
[2015.11.19-15.25.44:809][203]LogScript:Warning: Attempted to get an item from array CallFunc_GetCharacterArrayFromString_ReturnValue out of bounds [8/0]!
[2015.11.19-15.25.44:826][204]LogScript:Warning: Attempted to get an item from array CallFunc_GetCharacterArrayFromString_ReturnValue out of bounds [18/0]!
[2015.11.19-15.25.44:843][205]LogScript:Warning: Attempted to get an item from array CallFunc_GetCharacterArrayFromString_ReturnValue out of bounds [11/0]!
[2015.11.19-15.25.44:843][205]LogScript:Warning: Attempted to get an item from array CallFunc_GetCharacterArrayFromString_ReturnValue out of bounds [6/0]!
[2015.11.19-15.25.44:876][207]LogScript:Warning: Attempted to get an item from array CallFunc_GetCharacterArrayFromString_ReturnValue out of bounds [33/0]!
[2015.11.19-15.25.44:910][209]LogScript:Warning: Attempted to get an item from array CallFunc_GetCharacterArrayFromString_ReturnValue out of bounds [9/0]!
[2015.11.19-15.25.44:926][210]LogScript:Warning: Attempted to get an item from array CallFunc_GetCharacterArrayFromString_ReturnValue out of bounds [19/0]!
[2015.11.19-15.25.44:943][211]LogScript:Warning: Attempted to get an item from array CallFunc_GetCharacterArrayFromString_ReturnValue out of bounds [12/0]!
[2015.11.19-15.25.44:943][211]LogScript:Warning: Attempted to get an item from array CallFunc_GetCharacterArrayFromString_ReturnValue out of bounds [7/0]!
[2015.11.19-15.25.44:976][213]LogScript:Warning: Attempted to get an item from array CallFunc_GetCharacterArrayFromString_ReturnValue out of bounds [34/0]!
[2015.11.19-15.25.45:017][214]LogBlueprintUserMessages: Early EndPlayMap Detection: Level '/Game/ThirdPersonBP/Maps/Hub.Hub:PersistentLevel' has LevelScriptBlueprint '/Game/ThirdPersonBP/Maps/Hub.Hub:PersistentLevel.Hub' with GeneratedClass '/Game/ThirdPersonBP/Maps/Hub.Hub_C' with ClassGeneratedBy '/Game/ThirdPersonBP/Maps/Hub.Hub:PersistentLevel.Hub'
[2015.11.19-15.25.45:110][214]LogBlueprintUserMessages: Late EndPlayMap Detection: Level '/Game/ThirdPersonBP/Maps/Hub.Hub:PersistentLevel' has LevelScriptBlueprint '/Game/ThirdPersonBP/Maps/Hub.Hub:PersistentLevel.Hub' with GeneratedClass '/Game/ThirdPersonBP/Maps/Hub.Hub_C' with ClassGeneratedBy '/Game/ThirdPersonBP/Maps/Hub.Hub:PersistentLevel.Hub'
[2015.11.19-15.25.45:238][214]LogParticles: Destroying 0 GPU particle simulations for FXSystem 0x000000006DC12F20
[2015.11.19-15.26.31:573][233]Cmd: OBJ SAVEPACKAGE PACKAGE="/Game/ThirdPersonBP/Maps/Hub" FILE="E:/NightmareGame/TheGame/Saved/Autosaves/Game/ThirdPersonBP/Maps/Hub_Auto3.umap" SILENT=true AUTOSAVING=true KEEPDIRTY=false
[2015.11.19-15.27.23:832][233]LogSavePackage: Save=43847.332031ms
[2015.11.19-15.27.23:833][233]LogSavePackage: Moving 'E:/NightmareGame/TheGame/Saved/Hub_Auto33E5E96B942D02EBDD1BC32BB611721AE.tmp' to 'E:/NightmareGame/TheGame/Saved/Autosaves/Game/ThirdPersonBP/Maps/Hub_Auto3.umap'
[2015.11.19-15.27.23:903][233]LogSavePackage: Total save time: 52262.832187ms
[2015.11.19-15.27.23:903][233]LogSavePackage:Warning: Finished SavePackage E:/NightmareGame/TheGame/Saved/Autosaves/Game/ThirdPersonBP/Maps/Hub_Auto3.umap
[2015.11.19-15.27.26:346][233]LogFileHelpers: Editor autosave (incl. sublevels) for '/Game/ThirdPersonBP/Maps/Hub' took 54.907
[2015.11.19-15.27.26:346][233]LogFileHelpers: Editor autosave (incl. sublevels) for all levels took 54.907
[2015.11.19-15.27.26:359][233]OBJ SavePackage: Generating thumbnails for [0] asset(s) in package [/Game/ThirdPersonBP/Dialogue/DialogueUMG] ([1] browsable assets)...
[2015.11.19-15.27.26:359][233]OBJ SavePackage: Finished generating thumbnails for package [/Game/ThirdPersonBP/Dialogue/DialogueUMG]
[2015.11.19-15.27.26:359][233]Cmd: OBJ SAVEPACKAGE PACKAGE="/Game/ThirdPersonBP/Dialogue/DialogueUMG" FILE="E:/NightmareGame/TheGame/Saved/Autosaves/Game/ThirdPersonBP/Dialogue/DialogueUMG_Auto3.uasset" SILENT=false AUTOSAVING=true
[2015.11.19-15.27.40:420][233]LogSavePackage: Save=9438.024414ms
[2015.11.19-15.27.40:420][233]LogSavePackage: Moving 'E:/NightmareGame/TheGame/Saved/DialogueUMG_Auto39C4B333D4A37E28E8E551990737F66C1.tmp' to 'E:/NightmareGame/TheGame/Saved/Autosaves/Game/ThirdPersonBP/Dialogue/DialogueUMG_Auto3.uasset'
[2015.11.19-15.27.42:626][233]LogSavePackage: Total save time: 14001.430050ms
[2015.11.19-15.27.42:626][233]LogSavePackage:Warning: Finished SavePackage E:/NightmareGame/TheGame/Saved/Autosaves/Game/ThirdPersonBP/Dialogue/DialogueUMG_Auto3.uasset
[2015.11.19-15.27.42:627][233]LogFileHelpers: Auto-saving content packages took 16.280
[2015.11.19-15.29.55:434][632]BlueprintLog: New page: Compile DialogueUMG
[2015.11.19-15.29.55:593][632]BlueprintEditorCompileResults: Info [5561.62] Compile of DialogueUMG successful! [in 158 ms]
[2015.11.19-15.30.03:057][869]LogParticles: Destroying 0 GPU particle simulations for FXSystem 0x00000000350223E0
[2015.11.19-15.30.03:425][869]LogParticles: Destroying 0 GPU particle simulations for FXSystem 0x0000000069C29DA0
[2015.11.19-15.30.06:354][869]Cmd: OBJ SAVEPACKAGE PACKAGE="/Game/ThirdPersonBP/Dialogue/DialogueUMG" FILE="E:/NightmareGame/TheGame/Content/ThirdPersonBP/Dialogue/DialogueUMG.uasset" SILENT=true
[2015.11.19-15.30.15:858][869]LogSavePackage: Save=7127.062012ms
[2015.11.19-15.30.15:858][869]LogSavePackage: Moving 'E:/NightmareGame/TheGame/Saved/DialogueUMG6D65637548850F4F1CB9E5B6BE90E3C8.tmp' to 'E:/NightmareGame/TheGame/Content/ThirdPersonBP/Dialogue/DialogueUMG.uasset'
[2015.11.19-15.30.15:946][869]LogSavePackage: Total save time: 7360.664099ms
[2015.11.19-15.30.15:946][869]LogSavePackage:Warning: Finished SavePackage E:/NightmareGame/TheGame/Content/ThirdPersonBP/Dialogue/DialogueUMG.uasset
[2015.11.19-15.30.19:384][869]Cmd: OBJ SAVEPACKAGE PACKAGE="/Game/ThirdPersonBP/Maps/Hub" FILE="E:/NightmareGame/TheGame/Content/ThirdPersonBP/Maps/Hub.umap" SILENT=true AUTOSAVING=false KEEPDIRTY=false
[2015.11.19-15.31.04:754][869]LogSavePackage: Save=42946.972656ms
[2015.11.19-15.31.04:754][869]LogSavePackage: Moving 'E:/NightmareGame/TheGame/Saved/Hub40F5CCB544AFEE8F093477A9A0E2CDAB.tmp' to 'E:/NightmareGame/TheGame/Content/ThirdPersonBP/Maps/Hub.umap'
[2015.11.19-15.31.07:094][869]LogSavePackage: Total save time: 45422.187947ms
[2015.11.19-15.31.07:094][869]LogSavePackage:Warning: Finished SavePackage E:/NightmareGame/TheGame/Content/ThirdPersonBP/Maps/Hub.umap
[2015.11.19-15.31.11:719][869]LogFileHelpers: Saving map 'Hub' took 55.766
[2015.11.19-15.31.13:165][870]Cmd: QUIT_EDITOR
[2015.11.19-15.31.16:380][870]LogExit: Preparing to exit.
[2015.11.19-15.31.17:799][870]LogExit: Editor shut down
[2015.11.19-15.31.17:799][870]LogExit: Transaction tracking system shut down
[2015.11.19-15.31.17:960][870]LogParticles: Destroying 0 GPU particle simulations for FXSystem 0x000000001AF7DA80
[2015.11.19-15.31.17:980][870]LogParticles: Destroying 0 GPU particle simulations for FXSystem 0x00000000266E2700
[2015.11.19-15.31.17:980][870]LogParticles: Destroying 0 GPU particle simulations for FXSystem 0x0000000037288D60
[2015.11.19-15.31.17:980][870]LogParticles: Destroying 0 GPU particle simulations for FXSystem 0x000000003728B100
[2015.11.19-15.31.17:999][870]LogParticles: Destroying 0 GPU particle simulations for FXSystem 0x0000000035022020
[2015.11.19-15.31.20:270][870]LogParticles: Destroying 0 GPU particle simulations for FXSystem 0x0000000069C28D60
[2015.11.19-15.31.20:270][870]LogExit: Object subsystem successfully closed.
[2015.11.19-15.31.20:848][870]LogD3D11RHI: Shutdown
[2015.11.19-15.31.20:848][870]LogD3D11RHI: CleanupD3DDevice
[2015.11.19-15.31.21:421][870]LogD3D11RHI: ~FD3D11DynamicRHI
[2015.11.19-15.31.24:060][870]LogModuleManager: Shutting down and abandoning module SequencerWidgets (199)
[2015.11.19-15.31.24:061][870]LogModuleManager: Shutting down and abandoning module BlueprintGraph (198)
[2015.11.19-15.31.24:061][870]LogModuleManager: Shutting down and abandoning module CrashTracker (197)
[2015.11.19-15.31.24:061][870]LogModuleManager: Shutting down and abandoning module SceneOutliner (196)
[2015.11.19-15.31.24:061][870]LogModuleManager: Shutting down and abandoning module SuperSearch (195)
[2015.11.19-15.31.24:061][870]LogModuleManager: Shutting down and abandoning module WidgetCarousel (194)
[2015.11.19-15.31.24:061][870]LogModuleManager: Shutting down and abandoning module AddContentDialog (193)
[2015.11.19-15.31.24:157][870]LogModuleManager: Shutting down and abandoning module EditorWidgets (192)
[2015.11.19-15.31.24:157][870]LogModuleManager: Shutting down and abandoning module CollectionManager (191)
[2015.11.19-15.31.24:170][870]LogModuleManager: Shutting down and abandoning module StatsViewer (190)
[2015.11.19-15.31.24:185][870]LogModuleManager: Shutting down and abandoning module FoliageEdit (189)
[2015.11.19-15.31.24:198][870]LogModuleManager: Shutting down and abandoning module LandscapeEditor (188)
[2015.11.19-15.31.24:320][870]LogModuleManager: Shutting down and abandoning module ActorPickerMode (187)
[2015.11.19-15.31.24:320][870]LogModuleManager: Shutting down and abandoning module GeometryMode (186)
[2015.11.19-15.31.24:320][870]LogModuleManager: Shutting down and abandoning module TextureAlignMode (185)
[2015.11.19-15.31.24:320][870]LogModuleManager: Shutting down and abandoning module BspMode (184)
[2015.11.19-15.31.24:337][870]LogModuleManager: Shutting down and abandoning module PlacementMode (183)
[2015.11.19-15.31.24:337][870]LogModuleManager: Shutting down and abandoning module AutomationWorker (182)
[2015.11.19-15.31.24:349][870]LogModuleManager: Shutting down and abandoning module CharacterAI (181)
[2015.11.19-15.31.24:349][870]LogModuleManager: Shutting down and abandoning module SmartSnapping (180)
[2015.11.19-15.31.24:359][870]LogModuleManager: Shutting down and abandoning module ViewportSnapping (179)
[2015.11.19-15.31.24:365][870]LogModuleManager: Shutting down and abandoning module LogVisualizer (178)
[2015.11.19-15.31.24:400][870]LogModuleManager: Shutting down and abandoning module GameProjectGeneration (177)
[2015.11.19-15.31.24:427][870]LogModuleManager: Shutting down and abandoning module IntroTutorials (176)
[2015.11.19-15.31.24:455][870]LogModuleManager: Shutting down and abandoning module EditorLiveStreaming (175)
[2015.11.19-15.31.24:466][870]LogModuleManager: Shutting down and abandoning module IOSPlatformEditor (174)
[2015.11.19-15.31.24:477][870]LogModuleManager: Shutting down and abandoning module HTML5PlatformEditor (173)
[2015.11.19-15.31.24:477][870]LogModuleManager: Shutting down and abandoning module AndroidDeviceDetection (172)
[2015.11.19-15.31.25:332][870]LogModuleManager: Shutting down and abandoning module AndroidPlatformEditor (171)
[2015.11.19-15.31.25:332][870]LogModuleManager: Shutting down and abandoning module IOSRuntimeSettings (170)
[2015.11.19-15.31.25:332][870]LogModuleManager: Shutting down and abandoning module AndroidRuntimeSettings (169)
[2015.11.19-15.31.25:332][870]LogModuleManager: Shutting down and abandoning module MergeActors (168)
[2015.11.19-15.31.25:371][870]LogModuleManager: Shutting down and abandoning module SizeMap (167)
[2015.11.19-15.31.25:371][870]LogModuleManager: Shutting down and abandoning module TreeMap (166)
[2015.11.19-15.31.25:385][870]LogModuleManager: Shutting down and abandoning module ReferenceViewer (165)
[2015.11.19-15.31.25:385][870]LogModuleManager: Shutting down and abandoning module LocalizationService (164)
[2015.11.19-15.31.25:393][870]LogModuleManager: Shutting down and abandoning module LocalizationDashboard (163)
[2015.11.19-15.31.25:406][870]LogModuleManager: Shutting down and abandoning module HardwareTargeting (162)
[2015.11.19-15.31.25:406][870]LogModuleManager: Shutting down and abandoning module DeviceProfileEditor (161)
[2015.11.19-15.31.25:406][870]LogModuleManager: Shutting down and abandoning module UndoHistory (160)
[2015.11.19-15.31.25:412][870]LogModuleManager: Shutting down and abandoning module GameplayTagsEditor (159)
[2015.11.19-15.31.25:413][870]LogModuleManager: Shutting down and abandoning module UserFeedback (158)
[2015.11.19-15.31.25:413][870]LogModuleManager: Shutting down and abandoning module XmlParser (157)
[2015.11.19-15.31.25:427][870]LogModuleManager: Shutting down and abandoning module Blutility (156)
[2015.11.19-15.31.25:427][870]LogModuleManager: Shutting down and abandoning module ProjectTargetPlatformEditor (155)
[2015.11.19-15.31.25:439][870]LogModuleManager: Shutting down and abandoning module ProjectSettingsViewer (154)
[2015.11.19-15.31.25:439][870]LogModuleManager: Shutting down and abandoning module InputBindingEditor (153)
[2015.11.19-15.31.25:440][870]LogModuleManager: Shutting down and abandoning module EditorSettingsViewer (152)
[2015.11.19-15.31.25:440][870]LogModuleManager: Shutting down and abandoning module SettingsEditor (151)
[2015.11.19-15.31.25:466][870]LogModuleManager: Shutting down and abandoning module ProjectLauncher (150)
[2015.11.19-15.31.25:493][870]LogModuleManager: Shutting down and abandoning module SessionFrontend (149)
[2015.11.19-15.31.25:507][870]LogModuleManager: Shutting down and abandoning module ProfilerClient (148)
[2015.11.19-15.31.25:519][870]LogModuleManager: Shutting down and abandoning module TargetDeviceServices (147)
[2015.11.19-15.31.25:519][870]LogModuleManager: Shutting down and abandoning module DeviceManager (146)
[2015.11.19-15.31.25:527][870]LogModuleManager: Shutting down and abandoning module AutomationController (145)
[2015.11.19-15.31.25:535][870]LogModuleManager: Shutting down and abandoning module AutomationWindow (144)
[2015.11.19-15.31.25:559][870]LogModuleManager: Shutting down and abandoning module Layers (143)
[2015.11.19-15.31.25:576][870]LogModuleManager: Shutting down and abandoning module ComponentVisualizers (142)
[2015.11.19-15.31.25:576][870]LogModuleManager: Shutting down and abandoning module DetailCustomizations (141)
[2015.11.19-15.31.25:592][870]LogModuleManager: Shutting down and abandoning module PackagesDialog (140)
[2015.11.19-15.31.25:592][870]LogModuleManager: Shutting down and abandoning module Persona (139)
[2015.11.19-15.31.25:621][870]LogModuleManager: Shutting down and abandoning module Kismet (138)
[2015.11.19-15.31.25:622][870]LogModuleManager: Shutting down and abandoning module GraphEditor (137)
[2015.11.19-15.31.25:622][870]LogModuleManager: Shutting down and abandoning module ClassViewer (136)
[2015.11.19-15.31.25:623][870]LogModuleManager: Shutting down and abandoning module Toolbox (135)
[2015.11.19-15.31.25:623][870]LogModuleManager: Shutting down and abandoning module ModuleUI (134)
[2015.11.19-15.31.25:632][870]LogModuleManager: Shutting down and abandoning module MovieSceneTools (133)
[2015.11.19-15.31.25:637][870]LogModuleManager: Shutting down and abandoning module OutputLog (132)
[2015.11.19-15.31.25:642][870]LogModuleManager: Shutting down and abandoning module GammaUI (131)
[2015.11.19-15.31.25:654][870]LogModuleManager: Shutting down and abandoning module Documentation (130)
[2015.11.19-15.31.25:654][870]LogModuleManager: Shutting down and abandoning module GameLiveStreaming (129)
[2015.11.19-15.31.25:654][870]LogModuleManager: Shutting down and abandoning module StreamingPauseRendering (128)
[2015.11.19-15.31.25:660][870]LogModuleManager: Shutting down and abandoning module AnalyticsET (127)
[2015.11.19-15.31.25:660][870]LogModuleManager: Shutting down and abandoning module Analytics (126)
[2015.11.19-15.31.25:660][870]LogModuleManager: Shutting down and abandoning module AITestSuite (125)
[2015.11.19-15.31.25:677][870]LogModuleManager: Shutting down and abandoning module GameplayDebugger (124)
[2015.11.19-15.31.25:685][870]LogModuleManager: Shutting down and abandoning module AIModule (123)
[2015.11.19-15.31.25:685][870]LogModuleManager: Shutting down and abandoning module ProfilerService (122)
[2015.11.19-15.31.25:918][870]LogModuleManager: Shutting down and abandoning module TaskGraph (121)
[2015.11.19-15.31.25:937][870]LogModuleManager: Shutting down and abandoning module SlateRemote (120)
[2015.11.19-15.31.25:937][870]LogModuleManager: Shutting down and abandoning module SteamVRController (119)
[2015.11.19-15.31.25:937][870]LogModuleManager: Shutting down and abandoning module SteamVR (118)
[2015.11.19-15.31.25:937][870]LogModuleManager: Shutting down and abandoning module ProceduralMeshComponent (117)
[2015.11.19-15.31.25:937][870]LogModuleManager: Shutting down and abandoning module OculusRift (116)
[2015.11.19-15.31.25:937][870]LogModuleManager: Shutting down and abandoning module OculusLibrary (115)
[2015.11.19-15.31.25:937][870]LogModuleManager: Shutting down and abandoning module LeapMotionController (114)
[2015.11.19-15.31.26:102][870]LogModuleManager: Shutting down and abandoning module CustomMeshComponent (113)
[2015.11.19-15.31.26:115][870]LogModuleManager: Shutting down and abandoning module CableComponent (112)
[2015.11.19-15.31.26:116][870]LogModuleManager: Shutting down and abandoning module ArchVisCharacter (111)
[2015.11.19-15.31.26:116][870]LogModuleManager: Shutting down and abandoning module MessagingDebugger (110)
[2015.11.19-15.31.26:132][870]LogModuleManager: Shutting down and abandoning module MediaPlayerEditor (109)
[2015.11.19-15.31.26:153][870]LogModuleManager: Shutting down and abandoning module HTML5Networking (108)
[2015.11.19-15.31.26:153][870]LogModuleManager: Shutting down and abandoning module SpeedTreeImporter (107)
[2015.11.19-15.31.26:153][870]LogModuleManager: Shutting down and abandoning module PluginBrowser (106)
[2015.11.19-15.31.26:162][870]LogModuleManager: Shutting down and abandoning module EpicSurvey (105)
[2015.11.19-15.31.26:162][870]LogModuleManager: Shutting down and abandoning module DesktopPlatform (104)
[2015.11.19-15.31.26:200][870]LogModuleManager: Shutting down and abandoning module VisualStudioSourceCodeAccess (103)
[2015.11.19-15.31.26:214][870]LogModuleManager: Shutting down and abandoning module UObjectPlugin (102)
[2015.11.19-15.31.26:215][870]LogModuleManager: Shutting down and abandoning module SubversionSourceControl (101)
[2015.11.19-15.31.26:229][870]LogModuleManager: Shutting down and abandoning module PerforceSourceControl (100)
[2015.11.19-15.31.26:278][870]LogModuleManager: Shutting down and abandoning module SourceControl (99)
[2015.11.19-15.31.26:308][870]LogModuleManager: Shutting down and abandoning module GitSourceControl (98)
[2015.11.19-15.31.26:308][870]LogModuleManager: Shutting down and abandoning module LightPropagationVolumeEditor (97)
[2015.11.19-15.31.26:308][870]LogModuleManager: Shutting down and abandoning module PaperTiledImporter (96)
[2015.11.19-15.31.26:342][870]LogModuleManager: Shutting down and abandoning module PaperSpriteSheetImporter (95)
[2015.11.19-15.31.26:383][870]LogModuleManager: Shutting down and abandoning module MeshPaint (94)
[2015.11.19-15.31.26:427][870]LogModuleManager: Shutting down and abandoning module SlateReflector (93)
[2015.11.19-15.31.26:498][870]LogModuleManager: Shutting down and abandoning module HotReload (92)
[2015.11.19-15.31.26:574][870]LogModuleManager: Shutting down and abandoning module MainFrame (91)
[2015.11.19-15.31.26:574][870]LogModuleManager: Shutting down and abandoning module LevelEditor (90)
[2015.11.19-15.31.26:625][870]LogModuleManager: Shutting down and abandoning module DirectoryWatcher (89)
[2015.11.19-15.31.26:625][870]LogModuleManager: Shutting down and abandoning module AssetRegistry (88)
[2015.11.19-15.31.37:873][870]LogModuleManager: Shutting down and abandoning module ContentBrowser (87)
[2015.11.19-15.31.37:874][870]LogModuleManager: Shutting down and abandoning module Paper2DEditor (86)
[2015.11.19-15.31.38:156][870]LogModuleManager: Shutting down and abandoning module UdpMessaging (85)
[2015.11.19-15.31.38:256][870]LogModuleManager: Shutting down and abandoning module LightPropagationVolumeRuntime (84)
[2015.11.19-15.31.38:256][870]LogModuleManager: Shutting down and abandoning module Paper2D (83)
[2015.11.19-15.31.38:333][870]LogModuleManager: Shutting down and abandoning module WindowsMoviePlayer (82)
[2015.11.19-15.31.38:616][870]LogModuleManager: Shutting down and abandoning module Media (81)
[2015.11.19-15.31.38:616][870]LogModuleManager: Shutting down and abandoning module WmfMedia (80)
[2015.11.19-15.31.38:816][870]LogModuleManager: Shutting down and abandoning module OnlineBlueprintSupport (79)
[2015.11.19-15.31.38:816][870]LogModuleManager: Shutting down and abandoning module GameplayTasksEditor (78)
[2015.11.19-15.31.38:816][870]LogModuleManager: Shutting down and abandoning module PropertyEditor (77)
[2015.11.19-15.31.38:899][870]LogModuleManager: Shutting down and abandoning module BehaviorTreeEditor (76)
[2015.11.19-15.31.39:028][870]LogModuleManager: Shutting down and abandoning module FunctionalTesting (75)
[2015.11.19-15.31.39:028][870]LogModuleManager: Shutting down and abandoning module CollisionAnalyzer (74)
[2015.11.19-15.31.39:223][870]LogModuleManager: Shutting down and abandoning module WorkspaceMenuStructure (73)
[2015.11.19-15.31.39:223][870]LogModuleManager: Shutting down and abandoning module MessageLog (72)
[2015.11.19-15.31.39:223][870]LogModuleManager: Shutting down and abandoning module Sequencer (71)
[2015.11.19-15.31.39:223][870]LogModuleManager: Shutting down and abandoning module AssetTools (70)
[2015.11.19-15.31.39:666][870]LogModuleManager: Shutting down and abandoning module UMGEditor (69)
[2015.11.19-15.31.39:666][870]LogModuleManager: Shutting down and abandoning module UMG (68)
[2015.11.19-15.31.39:666][870]LogModuleManager: Shutting down and abandoning module Slate (67)
[2015.11.19-15.31.39:666][870]LogModuleManager: Shutting down and abandoning module EditorStyle (66)
[2015.11.19-15.31.39:916][870]LogModuleManager: Shutting down and abandoning module SessionServices (65)
[2015.11.19-15.31.39:916][870]LogModuleManager: Shutting down and abandoning module SourceCodeAccess (64)
[2015.11.19-15.31.39:916][870]LogModuleManager: Shutting down and abandoning module HeadMountedDisplay (63)
[2015.11.19-15.31.39:916][870]LogModuleManager: Shutting down and abandoning module XAudio2 (62)
[2015.11.19-15.31.39:916][870]LogModuleManager: Shutting down and abandoning module Networking (60)
[2015.11.19-15.31.39:916][870]LogModuleManager: Shutting down and abandoning module Core (59)
[2015.11.19-15.31.39:916][870]LogModuleManager: Shutting down and abandoning module KismetCompiler (58)
[2015.11.19-15.31.39:917][870]LogModuleManager: Shutting down and abandoning module PhysXFormats (57)
[2015.11.19-15.31.40:041][870]LogModuleManager: Shutting down and abandoning module MeshUtilities (56)
[2015.11.19-15.31.40:287][870]LogModuleManager: Shutting down and abandoning module CookingStats (55)
[2015.11.19-15.31.42:472][870]LogModuleManager: Shutting down and abandoning module DerivedDataCache (54)
[2015.11.19-15.31.42:564][870]LogDerivedDataCache: Shutdown
[2015.11.19-15.31.42:564][870]LogModuleManager: Shutting down and abandoning module ShaderFormatOpenGL (53)
[2015.11.19-15.31.42:613][870]LogModuleManager: Shutting down and abandoning module ShaderFormatD3D (52)
[2015.11.19-15.31.42:665][870]LogModuleManager: Shutting down and abandoning module MetalShaderFormat (51)
[2015.11.19-15.31.42:724][870]LogModuleManager: Shutting down and abandoning module TextureFormatUncompressed (50)
[2015.11.19-15.31.42:724][870]LogModuleManager: Shutting down and abandoning module TextureFormatPVR (49)
[2015.11.19-15.31.42:810][870]LogModuleManager: Shutting down and abandoning module TextureFormatIntelISPCTexComp (48)
[2015.11.19-15.31.42:874][870]LogModuleManager: Shutting down and abandoning module TextureFormatDXT (47)
[2015.11.19-15.31.42:928][870]LogModuleManager: Shutting down and abandoning module ImageWrapper (46)
[2015.11.19-15.31.42:928][870]LogModuleManager: Shutting down and abandoning module TextureFormatASTC (45)
[2015.11.19-15.31.42:928][870]LogModuleManager: Shutting down and abandoning module TextureFormatAndroid (44)
[2015.11.19-15.31.42:928][870]LogModuleManager: Shutting down and abandoning module AudioFormatOpus (43)
[2015.11.19-15.31.42:995][870]LogModuleManager: Shutting down and abandoning module AudioFormatOgg (42)
[2015.11.19-15.31.43:066][870]LogModuleManager: Shutting down and abandoning module AudioFormatADPCM (41)
[2015.11.19-15.31.43:110][870]LogModuleManager: Shutting down and abandoning module LinuxTargetPlatform (40)
[2015.11.19-15.31.43:110][870]LogModuleManager: Shutting down and abandoning module LinuxServerTargetPlatform (39)
[2015.11.19-15.31.43:125][870]LogModuleManager: Shutting down and abandoning module LinuxNoEditorTargetPlatform (38)
[2015.11.19-15.31.43:196][870]LogModuleManager: Shutting down and abandoning module Messaging (37)
[2015.11.19-15.31.43:196][870]LogModuleManager: Shutting down and abandoning module IOSTargetPlatform (36)
[2015.11.19-15.31.43:196][870]LogModuleManager: Shutting down and abandoning module HTML5TargetPlatform (35)
[2015.11.19-15.31.43:196][870]LogModuleManager: Shutting down and abandoning module Android_PVRTCTargetPlatform (34)
[2015.11.19-15.31.43:249][870]LogModuleManager: Shutting down and abandoning module Android_ETC2TargetPlatform (33)
[2015.11.19-15.31.43:293][870]LogModuleManager: Shutting down and abandoning module Android_ETC1TargetPlatform (32)
[2015.11.19-15.31.43:359][870]LogModuleManager: Shutting down and abandoning module Android_DXTTargetPlatform (31)
[2015.11.19-15.31.43:400][870]LogModuleManager: Shutting down and abandoning module Android_ATCTargetPlatform (30)
[2015.11.19-15.31.43:439][870]LogModuleManager: Shutting down and abandoning module Android_ASTCTargetPlatform (29)
[2015.11.19-15.31.43:480][870]LogModuleManager: Shutting down and abandoning module AndroidTargetPlatform (28)
[2015.11.19-15.31.43:509][870]LogModuleManager: Shutting down and abandoning module WindowsTargetPlatform (27)
[2015.11.19-15.31.43:509][870]LogModuleManager: Shutting down and abandoning module WindowsServerTargetPlatform (26)
[2015.11.19-15.31.43:553][870]LogModuleManager: Shutting down and abandoning module WindowsNoEditorTargetPlatform (25)
[2015.11.19-15.31.43:609][870]LogModuleManager: Shutting down and abandoning module WindowsClientTargetPlatform (24)
[2015.11.19-15.31.43:645][870]LogModuleManager: Shutting down and abandoning module AllDesktopTargetPlatform (23)
[2015.11.19-15.31.43:685][870]LogModuleManager: Shutting down and abandoning module TargetPlatform (22)
[2015.11.19-15.31.43:685][870]LogModuleManager: Shutting down and abandoning module InputCore (21)
[2015.11.19-15.31.43:685][870]LogModuleManager: Shutting down and abandoning module Settings (20)
[2015.11.19-15.31.43:685][870]LogModuleManager: Shutting down and abandoning module OnlineSubsystem (18)
[2015.11.19-15.31.43:685][870]LogModuleManager: Shutting down and abandoning module HTTP (17)
[2015.11.19-15.31.45:979][870]LogModuleManager: Shutting down and abandoning module XMPP (16)
[2015.11.19-15.31.46:320][870]LogModuleManager: Shutting down and abandoning module ExampleDeviceProfileSelector (15)
[2015.11.19-15.31.46:320][870]LogModuleManager: Shutting down and abandoning module TextureCompressor (14)
[2015.11.19-15.31.46:657][870]LogModuleManager: Shutting down and abandoning module ShaderCore (13)
[2015.11.19-15.31.46:657][870]LogModuleManager: Shutting down and abandoning module Landscape (12)
[2015.11.19-15.31.46:722][870]LogModuleManager: Shutting down and abandoning module SlateRHIRenderer (11)
[2015.11.19-15.31.51:402][870]LogModuleManager: Shutting down and abandoning module OpenGLDrv (10)
[2015.11.19-15.31.51:451][870]LogModuleManager: Shutting down and abandoning module D3D11RHI (9)
[2015.11.19-15.31.51:451][870]LogModuleManager: Shutting down and abandoning module AnimGraphRuntime (8)
[2015.11.19-15.31.51:451][870]LogModuleManager: Shutting down and abandoning module Renderer (7)
[2015.11.19-15.31.51:451][870]LogModuleManager: Shutting down and abandoning module Engine (6)
[2015.11.19-15.31.51:451][870]LogModuleManager: Shutting down and abandoning module CoreUObject (5)
[2015.11.19-15.31.51:451][870]LogModuleManager: Shutting down and abandoning module NetworkFile (4)
[2015.11.19-15.31.51:543][870]LogModuleManager: Shutting down and abandoning module StreamingFile (3)
[2015.11.19-15.31.51:609][870]LogModuleManager: Shutting down and abandoning module SandboxFile (2)
[2015.11.19-15.31.51:658][870]LogModuleManager: Shutting down and abandoning module PakFile (1)
[2015.11.19-15.31.52:143][870]LogExit: Exiting.
[2015.11.19-15.31.53:936][870]Log file closed, 11/19/15 10:31:53
