[2015.11.16-12.43.46:393][  0]Log file open, 11/16/15 07:43:46
[2015.11.16-12.43.46:393][  0]LogInit:Display: Running engine for game: NightmareGame
[2015.11.16-12.43.46:393][  0]LogInit:Display: RandInit(410886141) SRandInit(410886141).
[2015.11.16-12.43.46:393][  0]LogTaskGraph: Started task graph with 4 named threads and 7 total threads.
[2015.11.16-12.43.46:393][  0]LogStats: Stats thread started at 0.106182
[2015.11.16-12.43.46:393][  0]LogInit: Version: 4.9.2-2707645+++depot+UE4-Releases+4.9
[2015.11.16-12.43.46:393][  0]LogInit: API Version: 2672455
[2015.11.16-12.43.46:393][  0]LogInit: Compiled (64-bit): Sep 28 2015 10:25:44
[2015.11.16-12.43.46:393][  0]LogInit: Compiled with Visual C++: 18.00.21005.01
[2015.11.16-12.43.46:393][  0]LogInit: Build Configuration: Development
[2015.11.16-12.43.46:393][  0]LogInit: Branch Name: ++depot+UE4-Releases+4.9
[2015.11.16-12.43.46:393][  0]LogInit: Command line:  
[2015.11.16-12.43.46:393][  0]LogInit: Base directory: C:/Program Files/Epic Games/4.9/Engine/Binaries/Win64/
[2015.11.16-12.43.46:393][  0]LogInit: Rocket: 1
[2015.11.16-12.43.46:465][  0]LogInit: Using libcurl 7.41.0
[2015.11.16-12.43.46:465][  0]LogInit:  - built for x86_64-pc-win32
[2015.11.16-12.43.46:465][  0]LogInit:  - supports SSL with WinSSL
[2015.11.16-12.43.46:465][  0]LogInit:  - other features:
[2015.11.16-12.43.46:465][  0]LogInit:      CURL_VERSION_SSL
[2015.11.16-12.43.46:465][  0]LogInit:      CURL_VERSION_IPV6
[2015.11.16-12.43.46:465][  0]LogInit:      CURL_VERSION_ASYNCHDNS
[2015.11.16-12.43.46:465][  0]LogInit:      CURL_VERSION_LARGEFILE
[2015.11.16-12.43.46:465][  0]LogInit:      CURL_VERSION_IDN
[2015.11.16-12.43.46:465][  0]LogInit:  CurlRequestOptions (configurable via config and command line):
[2015.11.16-12.43.46:465][  0]LogInit:  - bVerifyPeer = true  - Libcurl will verify peer certificate
[2015.11.16-12.43.46:465][  0]LogInit:  - bUseHttpProxy = false  - Libcurl will NOT use HTTP proxy
[2015.11.16-12.43.46:465][  0]LogInit:  - bDontReuseConnections = false  - Libcurl will reuse connections
[2015.11.16-12.43.46:465][  0]LogInit:  - CertBundlePath = nullptr  - Libcurl will use whatever was configured at build time.
[2015.11.16-12.43.46:485][  0]LogInit: Presizing for 0 objects not considered by GC, pre-allocating 0 bytes.
[2015.11.16-12.43.46:506][  0]LogInit: Object subsystem initialized
[2015.11.16-12.43.46:511][  0]LogInit: Selected Device Profile: [Windows]
[2015.11.16-12.43.46:511][  0]LogInit: Applying CVar settings loaded from the selected device profile: [Windows]
[2015.11.16-12.43.46:601][  0]LogInit: Computer: NICKSCOMPUTER
[2015.11.16-12.43.46:602][  0]LogInit: User: ntanc000
[2015.11.16-12.43.46:602][  0]LogInit: CPU Page size=4096, Cores=4
[2015.11.16-12.43.46:602][  0]LogInit: High frequency timer resolution =2.537596 MHz
[2015.11.16-12.43.46:602][  0]LogMemory: Memory total: Physical=15.9GB (16GB approx)
[2015.11.16-12.43.46:602][  0]LogMemory: Platform Memory Stats for Windows
[2015.11.16-12.43.46:602][  0]LogMemory: Process Physical Memory: 52.87 MB used, 52.87 MB peak
[2015.11.16-12.43.46:602][  0]LogMemory: Process Virtual Memory: 55.07 MB used, 55.07 MB peak
[2015.11.16-12.43.46:602][  0]LogMemory: Physical Memory: 4066.10 MB used, 16269.45 MB total
[2015.11.16-12.43.46:602][  0]LogMemory: Virtual Memory: 360.18 MB used, 134217728.00 MB total
[2015.11.16-12.43.53:667][  0]LogTextLocalizationManager: No specific translations for ('en-US') exist, so ('en') translations will be used.
[2015.11.16-12.43.55:363][  0]LogD3D11RHI: Found D3D11 adapter 0: NVIDIA GeForce GTX 980M (Feature Level 11_0)
[2015.11.16-12.43.55:363][  0]LogD3D11RHI: Adapter has 3981MB of dedicated video memory, 0MB of dedicated system memory, and 8134MB of shared system memory, 1 output[s]
[2015.11.16-12.43.55:378][  0]LogD3D11RHI: Found D3D11 adapter 1: Intel(R) HD Graphics 4600 (Feature Level 11_0)
[2015.11.16-12.43.55:378][  0]LogD3D11RHI: Adapter has 32MB of dedicated video memory, 0MB of dedicated system memory, and 1760MB of shared system memory, 0 output[s]
[2015.11.16-12.43.55:384][  0]LogD3D11RHI: Found D3D11 adapter 2: Microsoft Basic Render Driver (Feature Level 11_0)
[2015.11.16-12.43.55:384][  0]LogD3D11RHI: Adapter has 0MB of dedicated video memory, 0MB of dedicated system memory, and 256MB of shared system memory, 0 output[s]
[2015.11.16-12.43.55:384][  0]LogD3D11RHI: Chosen D3D11 Adapter Id = 0
[2015.11.16-12.43.55:391][  0]LogD3D11RHI: !Direct3DDevice
[2015.11.16-12.43.55:391][  0]LogRHI: Texture pool is 1361 MB (70% of 1945 MB)
[2015.11.16-12.43.55:409][  0]LogD3D11RHI: Async texture creation enabled
[2015.11.16-12.43.55:428][  0]LogShaderCompilers: Guid format shader working directory is 15 characters bigger than the processId version (D:/NightmareGame/TheGame/Intermediate/Shaders/WorkingDirectory/4840/).
[2015.11.16-12.43.55:429][  0]LogShaderCompilers: Cleaned the shader compiler working directory 'D:/NightmareGame/TheGame/Intermediate/Shaders/tmp/C57E47DB452069C39F70F9A510479A3C/'.
[2015.11.16-12.43.55:429][  0]LogShaderCompilers:Display: Using Local Shader Compiler.
[2015.11.16-12.43.57:115][  0]LogTemp:Display: Loaded TP AllDesktopTargetPlatform
[2015.11.16-12.43.57:127][  0]LogTemp:Display: Loaded TP WindowsClientTargetPlatform
[2015.11.16-12.43.57:137][  0]LogTemp:Display: Loaded TP WindowsNoEditorTargetPlatform
[2015.11.16-12.43.57:148][  0]LogTemp:Display: Loaded TP WindowsServerTargetPlatform
[2015.11.16-12.43.57:160][  0]LogTemp:Display: Loaded TP WindowsTargetPlatform
[2015.11.16-12.43.57:167][  0]LogTemp:Display: Loaded TP AndroidTargetPlatform
[2015.11.16-12.43.57:175][  0]LogTemp:Display: Loaded TP Android_ASTCTargetPlatform
[2015.11.16-12.43.57:182][  0]LogTemp:Display: Loaded TP Android_ATCTargetPlatform
[2015.11.16-12.43.57:189][  0]LogTemp:Display: Loaded TP Android_DXTTargetPlatform
[2015.11.16-12.43.57:196][  0]LogTemp:Display: Loaded TP Android_ETC1TargetPlatform
[2015.11.16-12.43.57:204][  0]LogTemp:Display: Loaded TP Android_ETC2TargetPlatform
[2015.11.16-12.43.57:211][  0]LogTemp:Display: Loaded TP Android_PVRTCTargetPlatform
[2015.11.16-12.43.57:213][  0]LogTemp:Display: Loaded TP HTML5TargetPlatform
[2015.11.16-12.43.57:238][  0]LogTemp:Display: Loaded TP IOSTargetPlatform
[2015.11.16-12.43.57:245][  0]LogTemp:Display: Loaded TP LinuxNoEditorTargetPlatform
[2015.11.16-12.43.57:252][  0]LogTemp:Display: Loaded TP LinuxServerTargetPlatform
[2015.11.16-12.43.57:260][  0]LogTemp:Display: Loaded TP LinuxTargetPlatform
[2015.11.16-12.43.57:260][  0]LogTargetPlatformManager:Display: Building Assets For Windows
[2015.11.16-12.43.57:526][  0]LogDerivedDataCache:Display: Max Cache Size: 512 MB
[2015.11.16-12.43.57:594][  0]LogDerivedDataCache: Loaded boot cache 0.07s 41MB C:/Users/ntanc_000/AppData/Local/UnrealEngine/4.9/DerivedDataCache/Boot.ddc.
[2015.11.16-12.43.57:594][  0]LogDerivedDataCache:Display: Loaded Boot cache: C:/Users/ntanc_000/AppData/Local/UnrealEngine/4.9/DerivedDataCache/Boot.ddc
[2015.11.16-12.43.57:595][  0]LogDerivedDataCache: FDerivedDataBackendGraph:  Pak pak cache file D:/NightmareGame/TheGame/DerivedDataCache/DDC.ddp not found, will not use a pak cache.
[2015.11.16-12.43.57:595][  0]LogDerivedDataCache: Unable to find inner node Pak for hierarchical cache Hierarchy.
[2015.11.16-12.43.57:595][  0]LogDerivedDataCache: FDerivedDataBackendGraph:  CompressedPak pak cache file D:/NightmareGame/TheGame/DerivedDataCache/Compressed.ddp not found, will not use a pak cache.
[2015.11.16-12.43.57:595][  0]LogDerivedDataCache: Unable to find inner node CompressedPak for hierarchical cache Hierarchy.
[2015.11.16-12.43.57:901][  0]LogDerivedDataCache:Display: Pak cache opened for reading ../../../Engine/DerivedDataCache/Compressed.ddp.
[2015.11.16-12.43.57:915][  0]LogDerivedDataCache: Using Local data cache path C:/Users/ntanc_000/AppData/Local/UnrealEngine/Common/DerivedDataCache: Writable
[2015.11.16-12.43.58:205][  0]LogInit: Selected Device Profile: [Windows]
[2015.11.16-12.43.58:209][  0]LogContentStreaming: Texture pool size is 0.000000MB
[2015.11.16-12.44.00:716][  0]LogMeshUtilities: No automatic mesh reduction module available
[2015.11.16-12.44.00:718][  0]LogMeshUtilities: No automatic mesh merging module available
[2015.11.16-12.44.01:138][  0]LogInit: WinSock: version 1.1 (2.2), MaxSocks=32767, MaxUdp=65467
[2015.11.16-12.44.02:539][  0]UdpMessaging: Initializing bridge on interface 0.0.0.0:0 to multicast group 230.0.0.1:6666.
[2015.11.16-12.44.02:695][  0]LogAssetRegistry: FAssetRegistry took 0.0112 seconds to start up
[2015.11.16-12.44.03:102][  0]SourceControl: Info Source control is disabled
[2015.11.16-12.44.13:325][  0]LogLinker:Warning: Asset '../../../Engine/Plugins/Runtime/LeapMotionController/Content/LM_PassthroughMaterial.uasset' has been saved with empty engine version. The asset will be loaded but may be incompatible.
[2015.11.16-12.44.13:502][  0]LogObj: 28361 objects as part of root set at end of initial load.
[2015.11.16-12.44.13:502][  0]LogUObjectAllocator: 6038864 out of 0 bytes used by permanent object pool.
[2015.11.16-12.44.13:582][  0]LogEngine: Initializing Engine...
[2015.11.16-12.44.13:585][  0]LogHMD: Can't find Oculus library dev build: is proper Runtime installed? Version: 0.7.0.0
[2015.11.16-12.44.13:586][  0]LogHMD: SteamVR failed to initialize.  Err: 110
[2015.11.16-12.44.13:764][  0]LogAIModule: Creating AISystem for world NewWorld
[2015.11.16-12.44.13:772][  0]LogInit: XAudio2 using 'Speakers (Sound Blaster Recon3Di)' : 2 channels at 48 kHz using 32 bits per sample (channel mask 0x3)
[2015.11.16-12.44.13:947][  0]LogInit: FAudioDevice initialized.
[2015.11.16-12.44.14:021][  0]LogDerivedDataCache: Saved boot cache 0.07s 41MB C:/Users/ntanc_000/AppData/Local/UnrealEngine/4.9/DerivedDataCache/Boot.ddc.
[2015.11.16-12.44.14:032][  0]LogInit: Texture streaming: Enabled
[2015.11.16-12.44.14:058][  0]LogAnalytics: Creating configured Analytics provider AnalyticsET
[2015.11.16-12.44.14:058][  0]LogAnalytics: [UEEditor.Rocket.Release] APIServer = http://et2.epicgames.com/ET2/. AppVersion = 4.9.2-2707645+++depot+UE4-Releases+4.9
[2015.11.16-12.44.14:059][  0]LogAnalytics: [UEEditor.Rocket.Release] SetUserId 2c211ad74a9e5469c13dfaa1059b2d42|1bd0216fcaf5458183f89cc914276325|d020360b-9246-478a-84ac-08a9775e7849
[2015.11.16-12.44.14:059][  0]LogAnalytics: [UEEditor.Rocket.Release] AnalyticsET::StartSession
[2015.11.16-12.44.14:148][  0]LogInit: Transaction tracking system initialized
[2015.11.16-12.44.14:223][  0]BlueprintLog: New page: Editor Load
[2015.11.16-12.44.18:794][  0]LocalizationService: Info Localization service is disabled
[2015.11.16-12.44.19:065][  0]LogConsoleResponse:Display: 
[2015.11.16-12.44.19:270][  0]LogCook:Display: Done creating registry. It took  0.00s.
[2015.11.16-12.44.19:406][  0]LogFileCache: Scanning file cache for directory 'D:/NightmareGame/TheGame/Content/' took 0.05s
[2015.11.16-12.44.19:406][  0]Cmd: MAP LOAD FILE="D:/NightmareGame/TheGame/Content/ThirdPersonBP/Maps/Hub.umap" TEMPLATE=0 SHOWPROGRESS=1 FEATURELEVEL=3
[2015.11.16-12.44.19:408][  0]LightingResults: New page: Lighting Build
[2015.11.16-12.44.19:413][  0]MapCheck: New page: Map Check
[2015.11.16-12.44.19:413][  0]LightingResults: New page: Lighting Build
[2015.11.16-12.44.19:432][  0]LogParticles: Destroying 0 GPU particle simulations for FXSystem 0x00000018186C76A0
[2015.11.16-12.44.19:732][  0]LogLinker:Warning: Asset 'D:/NightmareGame/TheGame/Content/Mannequin/Animations/ThirdPerson_AnimBP.uasset' has been saved with empty engine version. The asset will be loaded but may be incompatible.
[2015.11.16-12.44.19:735][  0]LogLinker:Warning: Asset 'D:/NightmareGame/TheGame/Content/Mannequin/Animations/ThirdPerson_Jump.uasset' has been saved with empty engine version. The asset will be loaded but may be incompatible.
[2015.11.16-12.44.19:738][  0]LogLinker:Warning: Asset 'D:/NightmareGame/TheGame/Content/Mannequin/Animations/ThirdPersonJump_Loop.uasset' has been saved with empty engine version. The asset will be loaded but may be incompatible.
[2015.11.16-12.44.19:741][  0]LogLinker:Warning: Asset 'D:/NightmareGame/TheGame/Content/Mannequin/Animations/ThirdPersonJump_Start.uasset' has been saved with empty engine version. The asset will be loaded but may be incompatible.
[2015.11.16-12.44.20:648][  0]LogLinker:Warning: Asset 'D:/NightmareGame/TheGame/Content/Mannequin/Animations/ThirdPerson_IdleRun_2D.uasset' has been saved with empty engine version. The asset will be loaded but may be incompatible.
[2015.11.16-12.44.20:649][  0]LogLinker:Warning: Asset 'D:/NightmareGame/TheGame/Content/Mannequin/Animations/ThirdPersonIdle.uasset' has been saved with empty engine version. The asset will be loaded but may be incompatible.
[2015.11.16-12.44.20:652][  0]LogLinker:Warning: Asset 'D:/NightmareGame/TheGame/Content/Mannequin/Animations/ThirdPersonRun.uasset' has been saved with empty engine version. The asset will be loaded but may be incompatible.
[2015.11.16-12.44.20:655][  0]LogLinker:Warning: Asset 'D:/NightmareGame/TheGame/Content/Mannequin/Animations/ThirdPersonWalk.uasset' has been saved with empty engine version. The asset will be loaded but may be incompatible.
[2015.11.16-12.44.22:282][  0]LogAIModule: Creating AISystem for world Hub
[2015.11.16-12.44.22:301][  0]LogEditorServer: Finished looking for orphan Actors (0.000 secs)
[2015.11.16-12.44.22:302][  0]Cmd: MAP CHECKDEP NOCLEARLOG
[2015.11.16-12.44.22:512][  0]MapCheck: Info Map check complete: 0 Error(s), 0 Warning(s), took 210.005ms to complete.
[2015.11.16-12.44.22:512][  0]LogFileHelpers: Loading map 'Hub' took 3.106
[2015.11.16-12.44.22:655][  0]LogCollectionManager: Loaded 0 collections in 0.006129 seconds
[2015.11.16-12.44.22:707][  0]LogFileCache: Scanning file cache for directory 'D:/NightmareGame/TheGame/Saved/Collections/' took 0.01s
[2015.11.16-12.44.22:707][  0]LogFileCache: Scanning file cache for directory 'D:/NightmareGame/TheGame/Content/Developers/ntanc000/Collections/' took 0.01s
[2015.11.16-12.44.22:707][  0]LogFileCache: Scanning file cache for directory 'D:/NightmareGame/TheGame/Content/Collections/' took 0.01s
[2015.11.16-12.44.22:707][  0]LogContentBrowser: Native class hierarchy populated in 0.0105 seconds. Added 1867 classes and 333 folders.
[2015.11.16-12.44.22:716][  0]LogCollectionManager: Rebuilt the GUID cache for 0 collections in 0.000004 seconds
[2015.11.16-12.44.22:727][  0]LogContentBrowser: Native class hierarchy updated for 'WidgetCarousel' in 0.0011 seconds. Added 0 classes and 0 folders.
[2015.11.16-12.44.22:832][  0]LogContentBrowser: Native class hierarchy updated for 'AddContentDialog' in 0.0011 seconds. Added 0 classes and 0 folders.
[2015.11.16-12.44.22:839][  0]LogContentBrowser: Native class hierarchy updated for 'SceneOutliner' in 0.0012 seconds. Added 1 classes and 2 folders.
[2015.11.16-12.44.22:931][  0]LogCrashTracker: Crashtracker disabled due to settings.
[2015.11.16-12.44.22:938][  0]LogUObjectGlobals:Warning: Failed to find object 'Class None.'
[2015.11.16-12.44.22:961][  0]LogLoad: Full Startup: 41.54 seconds (BP compile: 0.53 seconds)
[2015.11.16-12.44.23:443][  0]LogContentStreaming: Texture pool size now 1000 MB
[2015.11.16-12.44.23:656][  0]LogRenderer: Reallocating scene render targets to support 1052x484 (Frame:2).
[2015.11.16-12.44.25:813][  7]LogAssetRegistry: Asset discovery search completed in 23.1300 seconds
[2015.11.16-12.44.25:813][  7]LogCollectionManager: Rebuilt the object cache for 0 collections in 0.000001 seconds (found 0 objects)
[2015.11.16-12.44.25:813][  7]LogCollectionManager: Fixed up redirectors for 0 collections in 0.000065 seconds (updated 0 objects)
[2015.11.16-12.44.33:867][731]LogTexture:Display: Building textures: TempLogo (AutoDXT)
[2015.11.16-12.44.33:980][731]LogAIModule: Creating AISystem for world MainMenu
[2015.11.16-12.44.34:041][731]Cmd: MAP LOAD FILE="D:/NightmareGame/TheGame/Content/Maps/MainMenu.umap" TEMPLATE=0 SHOWPROGRESS=1 FEATURELEVEL=3
[2015.11.16-12.44.34:041][731]LightingResults: New page: Lighting Build
[2015.11.16-12.44.34:068][731]LoadErrors: New page: Loading map: MainMenu.umap
[2015.11.16-12.44.34:072][731]MapCheck: New page: Map Check
[2015.11.16-12.44.34:072][731]LightingResults: New page: Lighting Build
[2015.11.16-12.44.34:090][731]LogParticles: Destroying 0 GPU particle simulations for FXSystem 0x000000181F7F6200
[2015.11.16-12.44.34:169][731]LogEditorServer: Finished looking for orphan Actors (0.000 secs)
[2015.11.16-12.44.34:387][731]Cmd: MAP CHECKDEP NOCLEARLOG
[2015.11.16-12.44.34:643][731]MapCheck: Info Map check complete: 0 Error(s), 0 Warning(s), took 256.718ms to complete.
[2015.11.16-12.44.34:645][731]LogFileHelpers: Loading map 'MainMenu' took 0.606
[2015.11.16-12.44.36:850][969]LogBlueprintUserMessages: Early PlayInEditor Detection: Level '/Game/Maps/MainMenu.MainMenu:PersistentLevel' has LevelScriptBlueprint '/Game/Maps/MainMenu.MainMenu:PersistentLevel.MainMenu' with GeneratedClass '/Game/Maps/MainMenu.MainMenu_C' with ClassGeneratedBy '/Game/Maps/MainMenu.MainMenu:PersistentLevel.MainMenu'
[2015.11.16-12.44.36:850][969]LogPlayLevel: PlayLevel: No blueprints needed recompiling
[2015.11.16-12.44.36:851][969]PIE: New page: PIE session: MainMenu (Nov 16, 2015, 2:44:36 AM)
[2015.11.16-12.44.36:851][969]LogPlayLevel: Creating play world package: /Game/Maps/UEDPIE_0_MainMenu
[2015.11.16-12.44.36:860][969]LogPlayLevel: PIE: StaticDuplicateObject took: (0.008093s)
[2015.11.16-12.44.36:860][969]LogAIModule: Creating AISystem for world MainMenu
[2015.11.16-12.44.36:860][969]LogPlayLevel: PIE: World Init took: (0.000758s)
[2015.11.16-12.44.36:861][969]LogPlayLevel: PIE: Created PIE world by copying editor world from /Game/Maps/MainMenu.MainMenu to /Game/Maps/UEDPIE_0_MainMenu.MainMenu (0.009433s)
[2015.11.16-12.44.36:883][969]LogInit: XAudio2 using 'Speakers (Sound Blaster Recon3Di)' : 2 channels at 48 kHz using 32 bits per sample (channel mask 0x3)
[2015.11.16-12.44.36:893][969]LogInit: FAudioDevice initialized.
[2015.11.16-12.44.36:959][969]LogWorld: Game class is 'ThirdPersonGameMode_C'
[2015.11.16-12.44.36:963][969]LogWorld: Bringing World /Game/Maps/UEDPIE_0_MainMenu.MainMenu up for play (max tick rate 0) at 2015.11.16-07.44.36
[2015.11.16-12.44.36:963][969]LogActor:Warning: GameSession /Game/Maps/UEDPIE_0_MainMenu.MainMenu:PersistentLevel.GameSession_0 has natively added scene component(s), but none of them were set as the actor's RootComponent - picking one arbitrarily
[2015.11.16-12.44.36:964][969]LogActor:Warning: GameNetworkManager /Game/Maps/UEDPIE_0_MainMenu.MainMenu:PersistentLevel.GameNetworkManager_0 has natively added scene component(s), but none of them were set as the actor's RootComponent - picking one arbitrarily
[2015.11.16-12.44.36:965][969]LogWorld: Bringing up level for play took: 0.003171
[2015.11.16-12.44.36:979][969]PIE: Info Play in editor start time for /Game/Maps/UEDPIE_0_MainMenu 0.48
[2015.11.16-12.44.36:979][969]LogBlueprintUserMessages: Late PlayInEditor Detection: Level '/Game/Maps/MainMenu.MainMenu:PersistentLevel' has LevelScriptBlueprint '/Game/Maps/MainMenu.MainMenu:PersistentLevel.MainMenu' with GeneratedClass '/Game/Maps/MainMenu.MainMenu_C' with ClassGeneratedBy '/Game/Maps/MainMenu.MainMenu:PersistentLevel.MainMenu'
[2015.11.16-12.44.46:824][ 62]LogPackageName: SearchForPackageOnDisk took   0.130s to resolve Hub.umap.
[2015.11.16-12.44.46:954][ 62]LogPackageName: SearchForPackageOnDisk took   0.128s to resolve Hub.umap.
[2015.11.16-12.44.46:954][ 62]LogNet: Browse: /Game/ThirdPersonBP/Maps/Hub
[2015.11.16-12.44.46:954][ 62]LogLoad: LoadMap: /Game/ThirdPersonBP/Maps/Hub
[2015.11.16-12.44.46:975][ 62]LogParticles: Destroying 0 GPU particle simulations for FXSystem 0x0000001807936020
[2015.11.16-12.44.46:976][ 62]Cmd: MEM
[2015.11.16-12.44.46:994][ 62]LogMemory: Platform Memory Stats for Windows
[2015.11.16-12.44.46:994][ 62]LogMemory: Process Physical Memory: 629.32 MB used, 656.66 MB peak
[2015.11.16-12.44.46:994][ 62]LogMemory: Process Virtual Memory: 1118.30 MB used, 1193.54 MB peak
[2015.11.16-12.44.46:994][ 62]LogMemory: Physical Memory: 4707.82 MB used, 16269.45 MB total
[2015.11.16-12.44.46:994][ 62]LogMemory: Virtual Memory: 1816.14 MB used, 134217728.00 MB total
[2015.11.16-12.44.46:994][ 62]LogMemory: 
[2015.11.16-12.44.46:995][ 62]Allocator Stats for TBB: (not implemented)
[2015.11.16-12.44.49:112][ 62]LogAIModule: Creating AISystem for world Hub
[2015.11.16-12.44.49:115][ 62]LogWorld: Game class is 'ThirdPersonGameMode_C'
[2015.11.16-12.44.49:225][ 62]LogWorld:Warning: *** WARNING - PATHS MAY NOT BE VALID ***
[2015.11.16-12.44.49:225][ 62]LogWorld: Bringing World /Game/ThirdPersonBP/Maps/UEDPIE_0_Hub.Hub up for play (max tick rate 0) at 2015.11.16-07.44.49
[2015.11.16-12.44.49:225][ 62]LogActor:Warning: GameSession /Game/ThirdPersonBP/Maps/UEDPIE_0_Hub.Hub:PersistentLevel.GameSession_1 has natively added scene component(s), but none of them were set as the actor's RootComponent - picking one arbitrarily
[2015.11.16-12.44.49:226][ 62]LogActor:Warning: GameNetworkManager /Game/ThirdPersonBP/Maps/UEDPIE_0_Hub.Hub:PersistentLevel.GameNetworkManager_1 has natively added scene component(s), but none of them were set as the actor's RootComponent - picking one arbitrarily
[2015.11.16-12.44.49:228][ 62]LogWorld: Bringing up level for play took: 0.109924
[2015.11.16-12.45.13:085][299]LogScript:Warning: Accessed None 'Physics Handle'
	ThirdPersonCharacter_C /Game/ThirdPersonBP/Maps/UEDPIE_0_Hub.Hub:PersistentLevel.ThirdPersonCharacter_C_1
	Function /Game/ThirdPersonBP/Blueprints/ThirdPersonCharacter.ThirdPersonCharacter_C:ExecuteUbergraph_ThirdPersonCharacter:1368
[2015.11.16-12.45.13:085][299]PIE:Error: Error Accessed None 'Physics Handle' from node Set Target Location and Rotation in graph 'EventGraph' in blueprint ThirdPersonCharacter
[2015.11.16-12.45.13:094][300]LogScript:Warning: Accessed None 'Physics Handle'
	ThirdPersonCharacter_C /Game/ThirdPersonBP/Maps/UEDPIE_0_Hub.Hub:PersistentLevel.ThirdPersonCharacter_C_1
	Function /Game/ThirdPersonBP/Blueprints/ThirdPersonCharacter.ThirdPersonCharacter_C:ExecuteUbergraph_ThirdPersonCharacter:1368
[2015.11.16-12.45.13:094][300]PIE:Error: Error Accessed None 'Physics Handle' from node Set Target Location and Rotation in graph 'EventGraph' in blueprint ThirdPersonCharacter
[2015.11.16-12.45.13:103][301]LogScript:Warning: Accessed None 'Physics Handle'
	ThirdPersonCharacter_C /Game/ThirdPersonBP/Maps/UEDPIE_0_Hub.Hub:PersistentLevel.ThirdPersonCharacter_C_1
	Function /Game/ThirdPersonBP/Blueprints/ThirdPersonCharacter.ThirdPersonCharacter_C:ExecuteUbergraph_ThirdPersonCharacter:1368
[2015.11.16-12.45.13:103][301]PIE:Error: Error Accessed None 'Physics Handle' from node Set Target Location and Rotation in graph 'EventGraph' in blueprint ThirdPersonCharacter
[2015.11.16-12.45.13:112][302]LogScript:Warning: Accessed None 'Physics Handle'
	ThirdPersonCharacter_C /Game/ThirdPersonBP/Maps/UEDPIE_0_Hub.Hub:PersistentLevel.ThirdPersonCharacter_C_1
	Function /Game/ThirdPersonBP/Blueprints/ThirdPersonCharacter.ThirdPersonCharacter_C:ExecuteUbergraph_ThirdPersonCharacter:1368
[2015.11.16-12.45.13:113][302]PIE:Error: Error Accessed None 'Physics Handle' from node Set Target Location and Rotation in graph 'EventGraph' in blueprint ThirdPersonCharacter
[2015.11.16-12.45.13:121][303]LogScript:Warning: Accessed None 'Physics Handle'
	ThirdPersonCharacter_C /Game/ThirdPersonBP/Maps/UEDPIE_0_Hub.Hub:PersistentLevel.ThirdPersonCharacter_C_1
	Function /Game/ThirdPersonBP/Blueprints/ThirdPersonCharacter.ThirdPersonCharacter_C:ExecuteUbergraph_ThirdPersonCharacter:1368
[2015.11.16-12.45.13:121][303]PIE:Error: Error Accessed None 'Physics Handle' from node Set Target Location and Rotation in graph 'EventGraph' in blueprint ThirdPersonCharacter
[2015.11.16-12.45.13:130][304]LogScript:Warning: Accessed None 'Physics Handle'
	ThirdPersonCharacter_C /Game/ThirdPersonBP/Maps/UEDPIE_0_Hub.Hub:PersistentLevel.ThirdPersonCharacter_C_1
	Function /Game/ThirdPersonBP/Blueprints/ThirdPersonCharacter.ThirdPersonCharacter_C:ExecuteUbergraph_ThirdPersonCharacter:1368
[2015.11.16-12.45.13:131][304]PIE:Error: Error Accessed None 'Physics Handle' from node Set Target Location and Rotation in graph 'EventGraph' in blueprint ThirdPersonCharacter
[2015.11.16-12.45.13:141][305]LogScript:Warning: Accessed None 'Physics Handle'
	ThirdPersonCharacter_C /Game/ThirdPersonBP/Maps/UEDPIE_0_Hub.Hub:PersistentLevel.ThirdPersonCharacter_C_1
	Function /Game/ThirdPersonBP/Blueprints/ThirdPersonCharacter.ThirdPersonCharacter_C:ExecuteUbergraph_ThirdPersonCharacter:1368
[2015.11.16-12.45.13:145][305]PIE:Error: Error Accessed None 'Physics Handle' from node Set Target Location and Rotation in graph 'EventGraph' in blueprint ThirdPersonCharacter
[2015.11.16-12.45.13:154][306]LogScript:Warning: Accessed None 'Physics Handle'
	ThirdPersonCharacter_C /Game/ThirdPersonBP/Maps/UEDPIE_0_Hub.Hub:PersistentLevel.ThirdPersonCharacter_C_1
	Function /Game/ThirdPersonBP/Blueprints/ThirdPersonCharacter.ThirdPersonCharacter_C:ExecuteUbergraph_ThirdPersonCharacter:1368
[2015.11.16-12.45.13:155][306]PIE:Error: Error Accessed None 'Physics Handle' from node Set Target Location and Rotation in graph 'EventGraph' in blueprint ThirdPersonCharacter
[2015.11.16-12.45.13:164][307]LogScript:Warning: Accessed None 'Physics Handle'
	ThirdPersonCharacter_C /Game/ThirdPersonBP/Maps/UEDPIE_0_Hub.Hub:PersistentLevel.ThirdPersonCharacter_C_1
	Function /Game/ThirdPersonBP/Blueprints/ThirdPersonCharacter.ThirdPersonCharacter_C:ExecuteUbergraph_ThirdPersonCharacter:114E
[2015.11.16-12.45.13:164][307]PIE:Error: Error Accessed None 'Physics Handle' from node Release Component in graph 'EventGraph' in blueprint ThirdPersonCharacter
[2015.11.16-12.45.13:165][307]LogScript:Warning: Accessed None 'Physics Object'
	ThirdPersonCharacter_C /Game/ThirdPersonBP/Maps/UEDPIE_0_Hub.Hub:PersistentLevel.ThirdPersonCharacter_C_1
	Function /Game/ThirdPersonBP/Blueprints/ThirdPersonCharacter.ThirdPersonCharacter_C:ExecuteUbergraph_ThirdPersonCharacter:11B4
[2015.11.16-12.45.13:165][307]PIE:Error: Error Accessed None 'Physics Object' from node Set Collision Response to Channel in graph 'EventGraph' in blueprint ThirdPersonCharacter
[2015.11.16-12.45.48:142][327]LogBlueprintUserMessages: Early EndPlayMap Detection: Level '/Game/Maps/MainMenu.MainMenu:PersistentLevel' has LevelScriptBlueprint '/Game/Maps/MainMenu.MainMenu:PersistentLevel.MainMenu' with GeneratedClass '/Game/Maps/MainMenu.MainMenu_C' with ClassGeneratedBy '/Game/Maps/MainMenu.MainMenu:PersistentLevel.MainMenu'
[2015.11.16-12.45.48:187][327]LogBlueprintUserMessages: Late EndPlayMap Detection: Level '/Game/Maps/MainMenu.MainMenu:PersistentLevel' has LevelScriptBlueprint '/Game/Maps/MainMenu.MainMenu:PersistentLevel.MainMenu' with GeneratedClass '/Game/Maps/MainMenu.MainMenu_C' with ClassGeneratedBy '/Game/Maps/MainMenu.MainMenu:PersistentLevel.MainMenu'
[2015.11.16-12.45.48:217][327]LogParticles: Destroying 0 GPU particle simulations for FXSystem 0x0000001807719C60
[2015.11.16-12.46.01:802][556]LogBlueprintUserMessages: Early PlayInEditor Detection: Level '/Game/Maps/MainMenu.MainMenu:PersistentLevel' has LevelScriptBlueprint '/Game/Maps/MainMenu.MainMenu:PersistentLevel.MainMenu' with GeneratedClass '/Game/Maps/MainMenu.MainMenu_C' with ClassGeneratedBy '/Game/Maps/MainMenu.MainMenu:PersistentLevel.MainMenu'
[2015.11.16-12.46.01:802][556]LogPlayLevel: PlayLevel: No blueprints needed recompiling
[2015.11.16-12.46.01:802][556]PIE: New page: PIE session: MainMenu (Nov 16, 2015, 2:46:01 AM)
[2015.11.16-12.46.01:802][556]LogPlayLevel: Creating play world package: /Game/Maps/UEDPIE_0_MainMenu
[2015.11.16-12.46.01:810][556]LogPlayLevel: PIE: StaticDuplicateObject took: (0.007638s)
[2015.11.16-12.46.01:810][556]LogAIModule: Creating AISystem for world MainMenu
[2015.11.16-12.46.01:810][556]LogPlayLevel: PIE: World Init took: (0.000763s)
[2015.11.16-12.46.01:811][556]LogPlayLevel: PIE: Created PIE world by copying editor world from /Game/Maps/MainMenu.MainMenu to /Game/Maps/UEDPIE_0_MainMenu.MainMenu (0.008618s)
[2015.11.16-12.46.01:831][556]LogInit: XAudio2 using 'Speakers (Sound Blaster Recon3Di)' : 2 channels at 48 kHz using 32 bits per sample (channel mask 0x3)
[2015.11.16-12.46.01:841][556]LogInit: FAudioDevice initialized.
[2015.11.16-12.46.01:884][556]LogWorld: Game class is 'ThirdPersonGameMode_C'
[2015.11.16-12.46.01:891][556]LogWorld: Bringing World /Game/Maps/UEDPIE_0_MainMenu.MainMenu up for play (max tick rate 0) at 2015.11.16-07.46.01
[2015.11.16-12.46.01:891][556]LogActor:Warning: GameSession /Game/Maps/UEDPIE_0_MainMenu.MainMenu:PersistentLevel.GameSession_2 has natively added scene component(s), but none of them were set as the actor's RootComponent - picking one arbitrarily
[2015.11.16-12.46.01:892][556]LogActor:Warning: GameNetworkManager /Game/Maps/UEDPIE_0_MainMenu.MainMenu:PersistentLevel.GameNetworkManager_2 has natively added scene component(s), but none of them were set as the actor's RootComponent - picking one arbitrarily
[2015.11.16-12.46.01:893][556]LogWorld: Bringing up level for play took: 0.003223
[2015.11.16-12.46.01:906][556]PIE: Info Play in editor start time for /Game/Maps/UEDPIE_0_MainMenu -0.593
[2015.11.16-12.46.01:906][556]LogBlueprintUserMessages: Late PlayInEditor Detection: Level '/Game/Maps/MainMenu.MainMenu:PersistentLevel' has LevelScriptBlueprint '/Game/Maps/MainMenu.MainMenu:PersistentLevel.MainMenu' with GeneratedClass '/Game/Maps/MainMenu.MainMenu_C' with ClassGeneratedBy '/Game/Maps/MainMenu.MainMenu:PersistentLevel.MainMenu'
[2015.11.16-12.46.12:106][736]LogPackageName: SearchForPackageOnDisk took   0.147s to resolve Hub.umap.
[2015.11.16-12.46.12:313][736]LogPackageName: SearchForPackageOnDisk took   0.207s to resolve Hub.umap.
[2015.11.16-12.46.12:314][736]LogNet: Browse: /Game/ThirdPersonBP/Maps/Hub
[2015.11.16-12.46.12:314][736]LogLoad: LoadMap: /Game/ThirdPersonBP/Maps/Hub
[2015.11.16-12.46.12:384][736]LogParticles: Destroying 0 GPU particle simulations for FXSystem 0x00000018096C0EA0
[2015.11.16-12.46.12:384][736]Cmd: MEM
[2015.11.16-12.46.12:425][736]LogMemory: Platform Memory Stats for Windows
[2015.11.16-12.46.12:425][736]LogMemory: Process Physical Memory: 762.11 MB used, 784.00 MB peak
[2015.11.16-12.46.12:425][736]LogMemory: Process Virtual Memory: 1240.56 MB used, 1317.43 MB peak
[2015.11.16-12.46.12:425][736]LogMemory: Physical Memory: 4828.06 MB used, 16269.45 MB total
[2015.11.16-12.46.12:425][736]LogMemory: Virtual Memory: 1929.75 MB used, 134217728.00 MB total
[2015.11.16-12.46.12:425][736]LogMemory: 
[2015.11.16-12.46.12:425][736]Allocator Stats for TBB: (not implemented)
[2015.11.16-12.46.12:494][736]LogLinker:Warning: Asset 'D:/NightmareGame/TheGame/Content/Mannequin/Animations/ThirdPerson_AnimBP.uasset' has been saved with empty engine version. The asset will be loaded but may be incompatible.
[2015.11.16-12.46.12:497][736]LogLinker:Warning: Asset 'D:/NightmareGame/TheGame/Content/Mannequin/Animations/ThirdPerson_Jump.uasset' has been saved with empty engine version. The asset will be loaded but may be incompatible.
[2015.11.16-12.46.12:499][736]LogLinker:Warning: Asset 'D:/NightmareGame/TheGame/Content/Mannequin/Animations/ThirdPersonJump_Loop.uasset' has been saved with empty engine version. The asset will be loaded but may be incompatible.
[2015.11.16-12.46.12:502][736]LogLinker:Warning: Asset 'D:/NightmareGame/TheGame/Content/Mannequin/Animations/ThirdPersonJump_Start.uasset' has been saved with empty engine version. The asset will be loaded but may be incompatible.
[2015.11.16-12.46.12:504][736]LogLinker:Warning: Asset 'D:/NightmareGame/TheGame/Content/Mannequin/Animations/ThirdPerson_IdleRun_2D.uasset' has been saved with empty engine version. The asset will be loaded but may be incompatible.
[2015.11.16-12.46.12:504][736]LogLinker:Warning: Asset 'D:/NightmareGame/TheGame/Content/Mannequin/Animations/ThirdPersonIdle.uasset' has been saved with empty engine version. The asset will be loaded but may be incompatible.
[2015.11.16-12.46.12:507][736]LogLinker:Warning: Asset 'D:/NightmareGame/TheGame/Content/Mannequin/Animations/ThirdPersonRun.uasset' has been saved with empty engine version. The asset will be loaded but may be incompatible.
[2015.11.16-12.46.12:509][736]LogLinker:Warning: Asset 'D:/NightmareGame/TheGame/Content/Mannequin/Animations/ThirdPersonWalk.uasset' has been saved with empty engine version. The asset will be loaded but may be incompatible.
[2015.11.16-12.46.12:971][736]LogAIModule: Creating AISystem for world Hub
[2015.11.16-12.46.12:972][736]LogWorld: Game class is 'ThirdPersonGameMode_C'
[2015.11.16-12.46.13:044][736]LogWorld:Warning: *** WARNING - PATHS MAY NOT BE VALID ***
[2015.11.16-12.46.13:044][736]LogWorld: Bringing World /Game/ThirdPersonBP/Maps/UEDPIE_0_Hub.Hub up for play (max tick rate 0) at 2015.11.16-07.46.13
[2015.11.16-12.46.13:044][736]LogActor:Warning: GameSession /Game/ThirdPersonBP/Maps/UEDPIE_0_Hub.Hub:PersistentLevel.GameSession_3 has natively added scene component(s), but none of them were set as the actor's RootComponent - picking one arbitrarily
[2015.11.16-12.46.13:045][736]LogActor:Warning: GameNetworkManager /Game/ThirdPersonBP/Maps/UEDPIE_0_Hub.Hub:PersistentLevel.GameNetworkManager_3 has natively added scene component(s), but none of them were set as the actor's RootComponent - picking one arbitrarily
[2015.11.16-12.46.13:047][736]LogWorld: Bringing up level for play took: 0.073481
[2015.11.16-12.46.25:583][190]LogScript:Warning: Accessed None 'Physics Handle'
	ThirdPersonCharacter_C /Game/ThirdPersonBP/Maps/UEDPIE_0_Hub.Hub:PersistentLevel.ThirdPersonCharacter_C_3
	Function /Game/ThirdPersonBP/Blueprints/ThirdPersonCharacter.ThirdPersonCharacter_C:ExecuteUbergraph_ThirdPersonCharacter:1368
[2015.11.16-12.46.25:583][190]PIE:Error: Error Accessed None 'Physics Handle' from node Set Target Location and Rotation in graph 'EventGraph' in blueprint ThirdPersonCharacter
[2015.11.16-12.46.25:592][191]LogScript:Warning: Accessed None 'Physics Handle'
	ThirdPersonCharacter_C /Game/ThirdPersonBP/Maps/UEDPIE_0_Hub.Hub:PersistentLevel.ThirdPersonCharacter_C_3
	Function /Game/ThirdPersonBP/Blueprints/ThirdPersonCharacter.ThirdPersonCharacter_C:ExecuteUbergraph_ThirdPersonCharacter:1368
[2015.11.16-12.46.25:592][191]PIE:Error: Error Accessed None 'Physics Handle' from node Set Target Location and Rotation in graph 'EventGraph' in blueprint ThirdPersonCharacter
[2015.11.16-12.46.25:601][192]LogScript:Warning: Accessed None 'Physics Handle'
	ThirdPersonCharacter_C /Game/ThirdPersonBP/Maps/UEDPIE_0_Hub.Hub:PersistentLevel.ThirdPersonCharacter_C_3
	Function /Game/ThirdPersonBP/Blueprints/ThirdPersonCharacter.ThirdPersonCharacter_C:ExecuteUbergraph_ThirdPersonCharacter:1368
[2015.11.16-12.46.25:601][192]PIE:Error: Error Accessed None 'Physics Handle' from node Set Target Location and Rotation in graph 'EventGraph' in blueprint ThirdPersonCharacter
[2015.11.16-12.46.25:609][193]LogScript:Warning: Accessed None 'Physics Handle'
	ThirdPersonCharacter_C /Game/ThirdPersonBP/Maps/UEDPIE_0_Hub.Hub:PersistentLevel.ThirdPersonCharacter_C_3
	Function /Game/ThirdPersonBP/Blueprints/ThirdPersonCharacter.ThirdPersonCharacter_C:ExecuteUbergraph_ThirdPersonCharacter:1368
[2015.11.16-12.46.25:609][193]PIE:Error: Error Accessed None 'Physics Handle' from node Set Target Location and Rotation in graph 'EventGraph' in blueprint ThirdPersonCharacter
[2015.11.16-12.46.25:618][194]LogScript:Warning: Accessed None 'Physics Handle'
	ThirdPersonCharacter_C /Game/ThirdPersonBP/Maps/UEDPIE_0_Hub.Hub:PersistentLevel.ThirdPersonCharacter_C_3
	Function /Game/ThirdPersonBP/Blueprints/ThirdPersonCharacter.ThirdPersonCharacter_C:ExecuteUbergraph_ThirdPersonCharacter:1368
[2015.11.16-12.46.25:618][194]PIE:Error: Error Accessed None 'Physics Handle' from node Set Target Location and Rotation in graph 'EventGraph' in blueprint ThirdPersonCharacter
[2015.11.16-12.46.25:625][195]LogScript:Warning: Accessed None 'Physics Handle'
	ThirdPersonCharacter_C /Game/ThirdPersonBP/Maps/UEDPIE_0_Hub.Hub:PersistentLevel.ThirdPersonCharacter_C_3
	Function /Game/ThirdPersonBP/Blueprints/ThirdPersonCharacter.ThirdPersonCharacter_C:ExecuteUbergraph_ThirdPersonCharacter:1368
[2015.11.16-12.46.25:626][195]PIE:Error: Error Accessed None 'Physics Handle' from node Set Target Location and Rotation in graph 'EventGraph' in blueprint ThirdPersonCharacter
[2015.11.16-12.46.25:636][196]LogScript:Warning: Accessed None 'Physics Handle'
	ThirdPersonCharacter_C /Game/ThirdPersonBP/Maps/UEDPIE_0_Hub.Hub:PersistentLevel.ThirdPersonCharacter_C_3
	Function /Game/ThirdPersonBP/Blueprints/ThirdPersonCharacter.ThirdPersonCharacter_C:ExecuteUbergraph_ThirdPersonCharacter:1368
[2015.11.16-12.46.25:640][196]PIE:Error: Error Accessed None 'Physics Handle' from node Set Target Location and Rotation in graph 'EventGraph' in blueprint ThirdPersonCharacter
[2015.11.16-12.46.25:649][197]LogScript:Warning: Accessed None 'Physics Handle'
	ThirdPersonCharacter_C /Game/ThirdPersonBP/Maps/UEDPIE_0_Hub.Hub:PersistentLevel.ThirdPersonCharacter_C_3
	Function /Game/ThirdPersonBP/Blueprints/ThirdPersonCharacter.ThirdPersonCharacter_C:ExecuteUbergraph_ThirdPersonCharacter:1368
[2015.11.16-12.46.25:650][197]PIE:Error: Error Accessed None 'Physics Handle' from node Set Target Location and Rotation in graph 'EventGraph' in blueprint ThirdPersonCharacter
[2015.11.16-12.46.25:657][198]LogScript:Warning: Accessed None 'Physics Handle'
	ThirdPersonCharacter_C /Game/ThirdPersonBP/Maps/UEDPIE_0_Hub.Hub:PersistentLevel.ThirdPersonCharacter_C_3
	Function /Game/ThirdPersonBP/Blueprints/ThirdPersonCharacter.ThirdPersonCharacter_C:ExecuteUbergraph_ThirdPersonCharacter:1368
[2015.11.16-12.46.25:658][198]PIE:Error: Error Accessed None 'Physics Handle' from node Set Target Location and Rotation in graph 'EventGraph' in blueprint ThirdPersonCharacter
[2015.11.16-12.46.25:666][199]LogScript:Warning: Accessed None 'Physics Handle'
	ThirdPersonCharacter_C /Game/ThirdPersonBP/Maps/UEDPIE_0_Hub.Hub:PersistentLevel.ThirdPersonCharacter_C_3
	Function /Game/ThirdPersonBP/Blueprints/ThirdPersonCharacter.ThirdPersonCharacter_C:ExecuteUbergraph_ThirdPersonCharacter:1368
[2015.11.16-12.46.25:667][199]PIE:Error: Error Accessed None 'Physics Handle' from node Set Target Location and Rotation in graph 'EventGraph' in blueprint ThirdPersonCharacter
[2015.11.16-12.46.25:674][200]LogScript:Warning: Accessed None 'Physics Handle'
	ThirdPersonCharacter_C /Game/ThirdPersonBP/Maps/UEDPIE_0_Hub.Hub:PersistentLevel.ThirdPersonCharacter_C_3
	Function /Game/ThirdPersonBP/Blueprints/ThirdPersonCharacter.ThirdPersonCharacter_C:ExecuteUbergraph_ThirdPersonCharacter:1368
[2015.11.16-12.46.25:675][200]PIE:Error: Error Accessed None 'Physics Handle' from node Set Target Location and Rotation in graph 'EventGraph' in blueprint ThirdPersonCharacter
[2015.11.16-12.46.25:683][201]LogScript:Warning: Accessed None 'Physics Handle'
	ThirdPersonCharacter_C /Game/ThirdPersonBP/Maps/UEDPIE_0_Hub.Hub:PersistentLevel.ThirdPersonCharacter_C_3
	Function /Game/ThirdPersonBP/Blueprints/ThirdPersonCharacter.ThirdPersonCharacter_C:ExecuteUbergraph_ThirdPersonCharacter:1368
[2015.11.16-12.46.25:684][201]PIE:Error: Error Accessed None 'Physics Handle' from node Set Target Location and Rotation in graph 'EventGraph' in blueprint ThirdPersonCharacter
[2015.11.16-12.46.25:691][202]LogScript:Warning: Accessed None 'Physics Handle'
	ThirdPersonCharacter_C /Game/ThirdPersonBP/Maps/UEDPIE_0_Hub.Hub:PersistentLevel.ThirdPersonCharacter_C_3
	Function /Game/ThirdPersonBP/Blueprints/ThirdPersonCharacter.ThirdPersonCharacter_C:ExecuteUbergraph_ThirdPersonCharacter:1368
[2015.11.16-12.46.25:691][202]PIE:Error: Error Accessed None 'Physics Handle' from node Set Target Location and Rotation in graph 'EventGraph' in blueprint ThirdPersonCharacter
[2015.11.16-12.46.25:700][203]LogScript:Warning: Accessed None 'Physics Handle'
	ThirdPersonCharacter_C /Game/ThirdPersonBP/Maps/UEDPIE_0_Hub.Hub:PersistentLevel.ThirdPersonCharacter_C_3
	Function /Game/ThirdPersonBP/Blueprints/ThirdPersonCharacter.ThirdPersonCharacter_C:ExecuteUbergraph_ThirdPersonCharacter:1368
[2015.11.16-12.46.25:700][203]PIE:Error: Error Accessed None 'Physics Handle' from node Set Target Location and Rotation in graph 'EventGraph' in blueprint ThirdPersonCharacter
[2015.11.16-12.46.25:708][204]LogScript:Warning: Accessed None 'Physics Handle'
	ThirdPersonCharacter_C /Game/ThirdPersonBP/Maps/UEDPIE_0_Hub.Hub:PersistentLevel.ThirdPersonCharacter_C_3
	Function /Game/ThirdPersonBP/Blueprints/ThirdPersonCharacter.ThirdPersonCharacter_C:ExecuteUbergraph_ThirdPersonCharacter:1368
[2015.11.16-12.46.25:711][204]PIE:Error: Error Accessed None 'Physics Handle' from node Set Target Location and Rotation in graph 'EventGraph' in blueprint ThirdPersonCharacter
[2015.11.16-12.46.25:720][205]LogScript:Warning: Accessed None 'Physics Handle'
	ThirdPersonCharacter_C /Game/ThirdPersonBP/Maps/UEDPIE_0_Hub.Hub:PersistentLevel.ThirdPersonCharacter_C_3
	Function /Game/ThirdPersonBP/Blueprints/ThirdPersonCharacter.ThirdPersonCharacter_C:ExecuteUbergraph_ThirdPersonCharacter:1368
[2015.11.16-12.46.25:721][205]PIE:Error: Error Accessed None 'Physics Handle' from node Set Target Location and Rotation in graph 'EventGraph' in blueprint ThirdPersonCharacter
[2015.11.16-12.46.25:729][206]LogScript:Warning: Accessed None 'Physics Handle'
	ThirdPersonCharacter_C /Game/ThirdPersonBP/Maps/UEDPIE_0_Hub.Hub:PersistentLevel.ThirdPersonCharacter_C_3
	Function /Game/ThirdPersonBP/Blueprints/ThirdPersonCharacter.ThirdPersonCharacter_C:ExecuteUbergraph_ThirdPersonCharacter:1368
[2015.11.16-12.46.25:730][206]PIE:Error: Error Accessed None 'Physics Handle' from node Set Target Location and Rotation in graph 'EventGraph' in blueprint ThirdPersonCharacter
[2015.11.16-12.46.25:739][207]PIE:Error: Error Accessed None 'Physics Handle' from node Set Target Location and Rotation in graph 'EventGraph' in blueprint ThirdPersonCharacter
[2015.11.16-12.46.25:748][208]PIE:Error: Error Accessed None 'Physics Handle' from node Set Target Location and Rotation in graph 'EventGraph' in blueprint ThirdPersonCharacter
[2015.11.16-12.46.25:756][209]PIE:Error: Error Accessed None 'Physics Handle' from node Set Target Location and Rotation in graph 'EventGraph' in blueprint ThirdPersonCharacter
[2015.11.16-12.46.25:765][210]PIE:Error: Error Accessed None 'Physics Handle' from node Set Target Location and Rotation in graph 'EventGraph' in blueprint ThirdPersonCharacter
[2015.11.16-12.46.25:774][211]PIE:Error: Error Accessed None 'Physics Handle' from node Set Target Location and Rotation in graph 'EventGraph' in blueprint ThirdPersonCharacter
[2015.11.16-12.46.25:783][212]PIE:Error: Error Accessed None 'Physics Handle' from node Set Target Location and Rotation in graph 'EventGraph' in blueprint ThirdPersonCharacter
[2015.11.16-12.46.25:791][213]PIE:Error: Error Accessed None 'Physics Handle' from node Set Target Location and Rotation in graph 'EventGraph' in blueprint ThirdPersonCharacter
[2015.11.16-12.46.25:800][214]PIE:Error: Error Accessed None 'Physics Handle' from node Set Target Location and Rotation in graph 'EventGraph' in blueprint ThirdPersonCharacter
[2015.11.16-12.46.25:808][215]PIE:Error: Error Accessed None 'Physics Handle' from node Set Target Location and Rotation in graph 'EventGraph' in blueprint ThirdPersonCharacter
[2015.11.16-12.46.25:817][216]PIE:Error: Error Accessed None 'Physics Handle' from node Set Target Location and Rotation in graph 'EventGraph' in blueprint ThirdPersonCharacter
[2015.11.16-12.46.25:825][217]PIE:Error: Error Accessed None 'Physics Handle' from node Set Target Location and Rotation in graph 'EventGraph' in blueprint ThirdPersonCharacter
[2015.11.16-12.46.25:834][218]PIE:Error: Error Accessed None 'Physics Handle' from node Set Target Location and Rotation in graph 'EventGraph' in blueprint ThirdPersonCharacter
[2015.11.16-12.46.25:845][219]PIE:Error: Error Accessed None 'Physics Handle' from node Set Target Location and Rotation in graph 'EventGraph' in blueprint ThirdPersonCharacter
[2015.11.16-12.46.25:854][220]PIE:Error: Error Accessed None 'Physics Handle' from node Set Target Location and Rotation in graph 'EventGraph' in blueprint ThirdPersonCharacter
[2015.11.16-12.46.25:862][221]PIE:Error: Error Accessed None 'Physics Handle' from node Set Target Location and Rotation in graph 'EventGraph' in blueprint ThirdPersonCharacter
[2015.11.16-12.46.25:872][222]PIE:Error: Error Accessed None 'Physics Handle' from node Set Target Location and Rotation in graph 'EventGraph' in blueprint ThirdPersonCharacter
[2015.11.16-12.46.25:881][223]PIE:Error: Error Accessed None 'Physics Handle' from node Set Target Location and Rotation in graph 'EventGraph' in blueprint ThirdPersonCharacter
[2015.11.16-12.46.25:889][224]PIE:Error: Error Accessed None 'Physics Handle' from node Set Target Location and Rotation in graph 'EventGraph' in blueprint ThirdPersonCharacter
[2015.11.16-12.46.25:897][225]PIE:Error: Error Accessed None 'Physics Handle' from node Release Component in graph 'EventGraph' in blueprint ThirdPersonCharacter
[2015.11.16-12.46.25:898][225]PIE:Error: Error Accessed None 'Physics Object' from node Set Collision Response to Channel in graph 'EventGraph' in blueprint ThirdPersonCharacter
[2015.11.16-12.46.33:555][ 35]LogPackageName: SearchForPackageOnDisk took   0.274s to resolve Cave.umap.
[2015.11.16-12.46.33:805][ 36]LogPackageName: SearchForPackageOnDisk took   0.233s to resolve Cave.umap.
[2015.11.16-12.46.33:805][ 36]LogNet: Browse: /Game/ThirdPersonBP/Maps/Cave
[2015.11.16-12.46.33:805][ 36]LogLoad: LoadMap: /Game/ThirdPersonBP/Maps/Cave
[2015.11.16-12.46.33:848][ 36]LogParticles: Destroying 0 GPU particle simulations for FXSystem 0x000000181888C360
[2015.11.16-12.46.33:848][ 36]Cmd: MEM
[2015.11.16-12.46.33:869][ 36]LogMemory: Platform Memory Stats for Windows
[2015.11.16-12.46.33:869][ 36]LogMemory: Process Physical Memory: 775.13 MB used, 813.93 MB peak
[2015.11.16-12.46.33:869][ 36]LogMemory: Process Virtual Memory: 1283.19 MB used, 1358.21 MB peak
[2015.11.16-12.46.33:869][ 36]LogMemory: Physical Memory: 4836.06 MB used, 16269.45 MB total
[2015.11.16-12.46.33:869][ 36]LogMemory: Virtual Memory: 1961.19 MB used, 134217728.00 MB total
[2015.11.16-12.46.33:869][ 36]LogMemory: 
[2015.11.16-12.46.33:869][ 36]Allocator Stats for TBB: (not implemented)
[2015.11.16-12.46.33:907][ 36]LogLinker:Warning: Asset 'D:/NightmareGame/TheGame/Content/Mannequin/Animations/ThirdPerson_AnimBP.uasset' has been saved with empty engine version. The asset will be loaded but may be incompatible.
[2015.11.16-12.46.33:910][ 36]LogLinker:Warning: Asset 'D:/NightmareGame/TheGame/Content/Mannequin/Animations/ThirdPerson_Jump.uasset' has been saved with empty engine version. The asset will be loaded but may be incompatible.
[2015.11.16-12.46.33:914][ 36]LogLinker:Warning: Asset 'D:/NightmareGame/TheGame/Content/Mannequin/Animations/ThirdPersonJump_Loop.uasset' has been saved with empty engine version. The asset will be loaded but may be incompatible.
[2015.11.16-12.46.33:917][ 36]LogLinker:Warning: Asset 'D:/NightmareGame/TheGame/Content/Mannequin/Animations/ThirdPersonJump_Start.uasset' has been saved with empty engine version. The asset will be loaded but may be incompatible.
[2015.11.16-12.46.33:919][ 36]LogLinker:Warning: Asset 'D:/NightmareGame/TheGame/Content/Mannequin/Animations/ThirdPerson_IdleRun_2D.uasset' has been saved with empty engine version. The asset will be loaded but may be incompatible.
[2015.11.16-12.46.33:920][ 36]LogLinker:Warning: Asset 'D:/NightmareGame/TheGame/Content/Mannequin/Animations/ThirdPersonIdle.uasset' has been saved with empty engine version. The asset will be loaded but may be incompatible.
[2015.11.16-12.46.33:923][ 36]LogLinker:Warning: Asset 'D:/NightmareGame/TheGame/Content/Mannequin/Animations/ThirdPersonRun.uasset' has been saved with empty engine version. The asset will be loaded but may be incompatible.
[2015.11.16-12.46.33:926][ 36]LogLinker:Warning: Asset 'D:/NightmareGame/TheGame/Content/Mannequin/Animations/ThirdPersonWalk.uasset' has been saved with empty engine version. The asset will be loaded but may be incompatible.
[2015.11.16-12.47.13:618][ 36]LogAIModule: Creating AISystem for world Cave
[2015.11.16-12.47.13:621][ 36]LogWorld: Game class is 'ThirdPersonGameMode_C'
[2015.11.16-12.47.14:040][ 36]LogWorld:Warning: *** WARNING - PATHS MAY NOT BE VALID ***
[2015.11.16-12.47.14:040][ 36]LogWorld: Bringing World /Game/ThirdPersonBP/Maps/UEDPIE_0_Cave.Cave up for play (max tick rate 0) at 2015.11.16-07.47.14
[2015.11.16-12.47.16:216][ 36]LogActor:Warning: GameSession /Game/ThirdPersonBP/Maps/UEDPIE_0_Cave.Cave:PersistentLevel.GameSession_4 has natively added scene component(s), but none of them were set as the actor's RootComponent - picking one arbitrarily
[2015.11.16-12.47.16:218][ 36]LogActor:Warning: GameNetworkManager /Game/ThirdPersonBP/Maps/UEDPIE_0_Cave.Cave:PersistentLevel.GameNetworkManager_4 has natively added scene component(s), but none of them were set as the actor's RootComponent - picking one arbitrarily
[2015.11.16-12.47.16:283][ 36]LogWorld: Bringing up level for play took: 2.658963
[2015.11.16-12.47.16:300][ 36]LogPawn:Error: EnableInput can only be specified on a Pawn for its Controller
[2015.11.16-12.47.19:471][343]LogPawn:Error: EnableInput can only be specified on a Pawn for its Controller
[2015.11.16-12.47.26:619][156]LogScript:Warning: Accessed None 'Physics Handle'
	ThirdPersonCharacter_C /Game/ThirdPersonBP/Maps/UEDPIE_0_Cave.Cave:PersistentLevel.ThirdPersonCharacter_C_4
	Function /Game/ThirdPersonBP/Blueprints/ThirdPersonCharacter.ThirdPersonCharacter_C:ExecuteUbergraph_ThirdPersonCharacter:1368
[2015.11.16-12.47.26:619][156]PIE:Error: Error Accessed None 'Physics Handle' from node Set Target Location and Rotation in graph 'EventGraph' in blueprint ThirdPersonCharacter
[2015.11.16-12.47.26:628][157]LogScript:Warning: Accessed None 'Physics Handle'
	ThirdPersonCharacter_C /Game/ThirdPersonBP/Maps/UEDPIE_0_Cave.Cave:PersistentLevel.ThirdPersonCharacter_C_4
	Function /Game/ThirdPersonBP/Blueprints/ThirdPersonCharacter.ThirdPersonCharacter_C:ExecuteUbergraph_ThirdPersonCharacter:1368
[2015.11.16-12.47.26:628][157]PIE:Error: Error Accessed None 'Physics Handle' from node Set Target Location and Rotation in graph 'EventGraph' in blueprint ThirdPersonCharacter
[2015.11.16-12.47.26:636][158]LogScript:Warning: Accessed None 'Physics Handle'
	ThirdPersonCharacter_C /Game/ThirdPersonBP/Maps/UEDPIE_0_Cave.Cave:PersistentLevel.ThirdPersonCharacter_C_4
	Function /Game/ThirdPersonBP/Blueprints/ThirdPersonCharacter.ThirdPersonCharacter_C:ExecuteUbergraph_ThirdPersonCharacter:1368
[2015.11.16-12.47.26:637][158]PIE:Error: Error Accessed None 'Physics Handle' from node Set Target Location and Rotation in graph 'EventGraph' in blueprint ThirdPersonCharacter
[2015.11.16-12.47.26:645][159]LogScript:Warning: Accessed None 'Physics Handle'
	ThirdPersonCharacter_C /Game/ThirdPersonBP/Maps/UEDPIE_0_Cave.Cave:PersistentLevel.ThirdPersonCharacter_C_4
	Function /Game/ThirdPersonBP/Blueprints/ThirdPersonCharacter.ThirdPersonCharacter_C:ExecuteUbergraph_ThirdPersonCharacter:1368
[2015.11.16-12.47.26:645][159]PIE:Error: Error Accessed None 'Physics Handle' from node Set Target Location and Rotation in graph 'EventGraph' in blueprint ThirdPersonCharacter
[2015.11.16-12.47.26:653][160]LogScript:Warning: Accessed None 'Physics Handle'
	ThirdPersonCharacter_C /Game/ThirdPersonBP/Maps/UEDPIE_0_Cave.Cave:PersistentLevel.ThirdPersonCharacter_C_4
	Function /Game/ThirdPersonBP/Blueprints/ThirdPersonCharacter.ThirdPersonCharacter_C:ExecuteUbergraph_ThirdPersonCharacter:1368
[2015.11.16-12.47.26:654][160]PIE:Error: Error Accessed None 'Physics Handle' from node Set Target Location and Rotation in graph 'EventGraph' in blueprint ThirdPersonCharacter
[2015.11.16-12.47.26:663][161]LogScript:Warning: Accessed None 'Physics Handle'
	ThirdPersonCharacter_C /Game/ThirdPersonBP/Maps/UEDPIE_0_Cave.Cave:PersistentLevel.ThirdPersonCharacter_C_4
	Function /Game/ThirdPersonBP/Blueprints/ThirdPersonCharacter.ThirdPersonCharacter_C:ExecuteUbergraph_ThirdPersonCharacter:1368
[2015.11.16-12.47.26:664][161]PIE:Error: Error Accessed None 'Physics Handle' from node Set Target Location and Rotation in graph 'EventGraph' in blueprint ThirdPersonCharacter
[2015.11.16-12.47.26:673][162]LogScript:Warning: Accessed None 'Physics Handle'
	ThirdPersonCharacter_C /Game/ThirdPersonBP/Maps/UEDPIE_0_Cave.Cave:PersistentLevel.ThirdPersonCharacter_C_4
	Function /Game/ThirdPersonBP/Blueprints/ThirdPersonCharacter.ThirdPersonCharacter_C:ExecuteUbergraph_ThirdPersonCharacter:1368
[2015.11.16-12.47.26:674][162]PIE:Error: Error Accessed None 'Physics Handle' from node Set Target Location and Rotation in graph 'EventGraph' in blueprint ThirdPersonCharacter
[2015.11.16-12.47.26:682][163]LogScript:Warning: Accessed None 'Physics Handle'
	ThirdPersonCharacter_C /Game/ThirdPersonBP/Maps/UEDPIE_0_Cave.Cave:PersistentLevel.ThirdPersonCharacter_C_4
	Function /Game/ThirdPersonBP/Blueprints/ThirdPersonCharacter.ThirdPersonCharacter_C:ExecuteUbergraph_ThirdPersonCharacter:1368
[2015.11.16-12.47.26:682][163]PIE:Error: Error Accessed None 'Physics Handle' from node Set Target Location and Rotation in graph 'EventGraph' in blueprint ThirdPersonCharacter
[2015.11.16-12.47.26:692][164]LogScript:Warning: Accessed None 'Physics Handle'
	ThirdPersonCharacter_C /Game/ThirdPersonBP/Maps/UEDPIE_0_Cave.Cave:PersistentLevel.ThirdPersonCharacter_C_4
	Function /Game/ThirdPersonBP/Blueprints/ThirdPersonCharacter.ThirdPersonCharacter_C:ExecuteUbergraph_ThirdPersonCharacter:1368
[2015.11.16-12.47.26:692][164]PIE:Error: Error Accessed None 'Physics Handle' from node Set Target Location and Rotation in graph 'EventGraph' in blueprint ThirdPersonCharacter
[2015.11.16-12.47.26:701][165]LogScript:Warning: Accessed None 'Physics Handle'
	ThirdPersonCharacter_C /Game/ThirdPersonBP/Maps/UEDPIE_0_Cave.Cave:PersistentLevel.ThirdPersonCharacter_C_4
	Function /Game/ThirdPersonBP/Blueprints/ThirdPersonCharacter.ThirdPersonCharacter_C:ExecuteUbergraph_ThirdPersonCharacter:1368
[2015.11.16-12.47.26:701][165]PIE:Error: Error Accessed None 'Physics Handle' from node Set Target Location and Rotation in graph 'EventGraph' in blueprint ThirdPersonCharacter
[2015.11.16-12.47.26:710][166]LogScript:Warning: Accessed None 'Physics Handle'
	ThirdPersonCharacter_C /Game/ThirdPersonBP/Maps/UEDPIE_0_Cave.Cave:PersistentLevel.ThirdPersonCharacter_C_4
	Function /Game/ThirdPersonBP/Blueprints/ThirdPersonCharacter.ThirdPersonCharacter_C:ExecuteUbergraph_ThirdPersonCharacter:1368
[2015.11.16-12.47.26:710][166]PIE:Error: Error Accessed None 'Physics Handle' from node Set Target Location and Rotation in graph 'EventGraph' in blueprint ThirdPersonCharacter
[2015.11.16-12.47.26:718][167]LogScript:Warning: Accessed None 'Physics Handle'
	ThirdPersonCharacter_C /Game/ThirdPersonBP/Maps/UEDPIE_0_Cave.Cave:PersistentLevel.ThirdPersonCharacter_C_4
	Function /Game/ThirdPersonBP/Blueprints/ThirdPersonCharacter.ThirdPersonCharacter_C:ExecuteUbergraph_ThirdPersonCharacter:1368
[2015.11.16-12.47.26:719][167]PIE:Error: Error Accessed None 'Physics Handle' from node Set Target Location and Rotation in graph 'EventGraph' in blueprint ThirdPersonCharacter
[2015.11.16-12.47.26:728][168]LogScript:Warning: Accessed None 'Physics Handle'
	ThirdPersonCharacter_C /Game/ThirdPersonBP/Maps/UEDPIE_0_Cave.Cave:PersistentLevel.ThirdPersonCharacter_C_4
	Function /Game/ThirdPersonBP/Blueprints/ThirdPersonCharacter.ThirdPersonCharacter_C:ExecuteUbergraph_ThirdPersonCharacter:1368
[2015.11.16-12.47.26:728][168]PIE:Error: Error Accessed None 'Physics Handle' from node Set Target Location and Rotation in graph 'EventGraph' in blueprint ThirdPersonCharacter
[2015.11.16-12.47.26:738][169]LogScript:Warning: Accessed None 'Physics Handle'
	ThirdPersonCharacter_C /Game/ThirdPersonBP/Maps/UEDPIE_0_Cave.Cave:PersistentLevel.ThirdPersonCharacter_C_4
	Function /Game/ThirdPersonBP/Blueprints/ThirdPersonCharacter.ThirdPersonCharacter_C:ExecuteUbergraph_ThirdPersonCharacter:1368
[2015.11.16-12.47.26:738][169]PIE:Error: Error Accessed None 'Physics Handle' from node Set Target Location and Rotation in graph 'EventGraph' in blueprint ThirdPersonCharacter
[2015.11.16-12.47.26:747][170]LogScript:Warning: Accessed None 'Physics Handle'
	ThirdPersonCharacter_C /Game/ThirdPersonBP/Maps/UEDPIE_0_Cave.Cave:PersistentLevel.ThirdPersonCharacter_C_4
	Function /Game/ThirdPersonBP/Blueprints/ThirdPersonCharacter.ThirdPersonCharacter_C:ExecuteUbergraph_ThirdPersonCharacter:1368
[2015.11.16-12.47.26:747][170]PIE:Error: Error Accessed None 'Physics Handle' from node Set Target Location and Rotation in graph 'EventGraph' in blueprint ThirdPersonCharacter
[2015.11.16-12.47.26:759][171]LogScript:Warning: Accessed None 'Physics Handle'
	ThirdPersonCharacter_C /Game/ThirdPersonBP/Maps/UEDPIE_0_Cave.Cave:PersistentLevel.ThirdPersonCharacter_C_4
	Function /Game/ThirdPersonBP/Blueprints/ThirdPersonCharacter.ThirdPersonCharacter_C:ExecuteUbergraph_ThirdPersonCharacter:1368
[2015.11.16-12.47.26:760][171]PIE:Error: Error Accessed None 'Physics Handle' from node Set Target Location and Rotation in graph 'EventGraph' in blueprint ThirdPersonCharacter
[2015.11.16-12.47.26:769][172]LogScript:Warning: Accessed None 'Physics Handle'
	ThirdPersonCharacter_C /Game/ThirdPersonBP/Maps/UEDPIE_0_Cave.Cave:PersistentLevel.ThirdPersonCharacter_C_4
	Function /Game/ThirdPersonBP/Blueprints/ThirdPersonCharacter.ThirdPersonCharacter_C:ExecuteUbergraph_ThirdPersonCharacter:1368
[2015.11.16-12.47.26:769][172]PIE:Error: Error Accessed None 'Physics Handle' from node Set Target Location and Rotation in graph 'EventGraph' in blueprint ThirdPersonCharacter
[2015.11.16-12.47.26:779][173]PIE:Error: Error Accessed None 'Physics Handle' from node Set Target Location and Rotation in graph 'EventGraph' in blueprint ThirdPersonCharacter
[2015.11.16-12.47.26:791][174]PIE:Error: Error Accessed None 'Physics Handle' from node Set Target Location and Rotation in graph 'EventGraph' in blueprint ThirdPersonCharacter
[2015.11.16-12.47.26:799][175]PIE:Error: Error Accessed None 'Physics Handle' from node Set Target Location and Rotation in graph 'EventGraph' in blueprint ThirdPersonCharacter
[2015.11.16-12.47.26:811][176]PIE:Error: Error Accessed None 'Physics Handle' from node Set Target Location and Rotation in graph 'EventGraph' in blueprint ThirdPersonCharacter
[2015.11.16-12.47.26:823][177]PIE:Error: Error Accessed None 'Physics Handle' from node Set Target Location and Rotation in graph 'EventGraph' in blueprint ThirdPersonCharacter
[2015.11.16-12.47.26:831][178]PIE:Error: Error Accessed None 'Physics Handle' from node Set Target Location and Rotation in graph 'EventGraph' in blueprint ThirdPersonCharacter
[2015.11.16-12.47.26:842][179]PIE:Error: Error Accessed None 'Physics Handle' from node Set Target Location and Rotation in graph 'EventGraph' in blueprint ThirdPersonCharacter
[2015.11.16-12.47.26:850][180]PIE:Error: Error Accessed None 'Physics Handle' from node Set Target Location and Rotation in graph 'EventGraph' in blueprint ThirdPersonCharacter
[2015.11.16-12.47.26:860][181]PIE:Error: Error Accessed None 'Physics Handle' from node Set Target Location and Rotation in graph 'EventGraph' in blueprint ThirdPersonCharacter
[2015.11.16-12.47.26:869][182]PIE:Error: Error Accessed None 'Physics Handle' from node Set Target Location and Rotation in graph 'EventGraph' in blueprint ThirdPersonCharacter
[2015.11.16-12.47.26:878][183]PIE:Error: Error Accessed None 'Physics Handle' from node Set Target Location and Rotation in graph 'EventGraph' in blueprint ThirdPersonCharacter
[2015.11.16-12.47.26:888][184]PIE:Error: Error Accessed None 'Physics Handle' from node Set Target Location and Rotation in graph 'EventGraph' in blueprint ThirdPersonCharacter
[2015.11.16-12.47.26:896][185]PIE:Error: Error Accessed None 'Physics Handle' from node Set Target Location and Rotation in graph 'EventGraph' in blueprint ThirdPersonCharacter
[2015.11.16-12.47.26:906][186]PIE:Error: Error Accessed None 'Physics Handle' from node Set Target Location and Rotation in graph 'EventGraph' in blueprint ThirdPersonCharacter
[2015.11.16-12.47.26:915][187]PIE:Error: Error Accessed None 'Physics Handle' from node Set Target Location and Rotation in graph 'EventGraph' in blueprint ThirdPersonCharacter
[2015.11.16-12.47.26:926][188]PIE:Error: Error Accessed None 'Physics Handle' from node Set Target Location and Rotation in graph 'EventGraph' in blueprint ThirdPersonCharacter
[2015.11.16-12.47.26:935][189]PIE:Error: Error Accessed None 'Physics Handle' from node Set Target Location and Rotation in graph 'EventGraph' in blueprint ThirdPersonCharacter
[2015.11.16-12.47.26:945][190]PIE:Error: Error Accessed None 'Physics Handle' from node Set Target Location and Rotation in graph 'EventGraph' in blueprint ThirdPersonCharacter
[2015.11.16-12.47.26:954][191]PIE:Error: Error Accessed None 'Physics Handle' from node Set Target Location and Rotation in graph 'EventGraph' in blueprint ThirdPersonCharacter
[2015.11.16-12.47.26:964][192]PIE:Error: Error Accessed None 'Physics Handle' from node Set Target Location and Rotation in graph 'EventGraph' in blueprint ThirdPersonCharacter
[2015.11.16-12.47.26:975][193]PIE:Error: Error Accessed None 'Physics Handle' from node Set Target Location and Rotation in graph 'EventGraph' in blueprint ThirdPersonCharacter
[2015.11.16-12.47.26:985][194]PIE:Error: Error Accessed None 'Physics Handle' from node Set Target Location and Rotation in graph 'EventGraph' in blueprint ThirdPersonCharacter
[2015.11.16-12.47.26:995][195]PIE:Error: Error Accessed None 'Physics Handle' from node Set Target Location and Rotation in graph 'EventGraph' in blueprint ThirdPersonCharacter
[2015.11.16-12.47.27:006][196]PIE:Error: Error Accessed None 'Physics Handle' from node Set Target Location and Rotation in graph 'EventGraph' in blueprint ThirdPersonCharacter
[2015.11.16-12.47.27:015][197]PIE:Error: Error Accessed None 'Physics Handle' from node Set Target Location and Rotation in graph 'EventGraph' in blueprint ThirdPersonCharacter
[2015.11.16-12.47.27:025][198]PIE:Error: Error Accessed None 'Physics Handle' from node Set Target Location and Rotation in graph 'EventGraph' in blueprint ThirdPersonCharacter
[2015.11.16-12.47.27:035][199]PIE:Error: Error Accessed None 'Physics Handle' from node Set Target Location and Rotation in graph 'EventGraph' in blueprint ThirdPersonCharacter
[2015.11.16-12.47.27:045][200]PIE:Error: Error Accessed None 'Physics Handle' from node Set Target Location and Rotation in graph 'EventGraph' in blueprint ThirdPersonCharacter
[2015.11.16-12.47.27:054][201]PIE:Error: Error Accessed None 'Physics Handle' from node Set Target Location and Rotation in graph 'EventGraph' in blueprint ThirdPersonCharacter
[2015.11.16-12.47.27:063][202]PIE:Error: Error Accessed None 'Physics Handle' from node Set Target Location and Rotation in graph 'EventGraph' in blueprint ThirdPersonCharacter
[2015.11.16-12.47.27:074][203]PIE:Error: Error Accessed None 'Physics Handle' from node Set Target Location and Rotation in graph 'EventGraph' in blueprint ThirdPersonCharacter
[2015.11.16-12.47.27:082][204]PIE:Error: Error Accessed None 'Physics Handle' from node Set Target Location and Rotation in graph 'EventGraph' in blueprint ThirdPersonCharacter
[2015.11.16-12.47.27:092][205]PIE:Error: Error Accessed None 'Physics Handle' from node Set Target Location and Rotation in graph 'EventGraph' in blueprint ThirdPersonCharacter
[2015.11.16-12.47.27:101][206]PIE:Error: Error Accessed None 'Physics Handle' from node Set Target Location and Rotation in graph 'EventGraph' in blueprint ThirdPersonCharacter
[2015.11.16-12.47.27:110][207]PIE:Error: Error Accessed None 'Physics Handle' from node Set Target Location and Rotation in graph 'EventGraph' in blueprint ThirdPersonCharacter
[2015.11.16-12.47.27:120][208]PIE:Error: Error Accessed None 'Physics Handle' from node Set Target Location and Rotation in graph 'EventGraph' in blueprint ThirdPersonCharacter
[2015.11.16-12.47.27:129][209]PIE:Error: Error Accessed None 'Physics Handle' from node Set Target Location and Rotation in graph 'EventGraph' in blueprint ThirdPersonCharacter
[2015.11.16-12.47.27:139][210]PIE:Error: Error Accessed None 'Physics Handle' from node Set Target Location and Rotation in graph 'EventGraph' in blueprint ThirdPersonCharacter
[2015.11.16-12.47.27:147][211]PIE:Error: Error Accessed None 'Physics Handle' from node Set Target Location and Rotation in graph 'EventGraph' in blueprint ThirdPersonCharacter
[2015.11.16-12.47.27:157][212]PIE:Error: Error Accessed None 'Physics Handle' from node Set Target Location and Rotation in graph 'EventGraph' in blueprint ThirdPersonCharacter
[2015.11.16-12.47.27:167][213]PIE:Error: Error Accessed None 'Physics Handle' from node Set Target Location and Rotation in graph 'EventGraph' in blueprint ThirdPersonCharacter
[2015.11.16-12.47.27:176][214]PIE:Error: Error Accessed None 'Physics Handle' from node Set Target Location and Rotation in graph 'EventGraph' in blueprint ThirdPersonCharacter
[2015.11.16-12.47.27:189][215]PIE:Error: Error Accessed None 'Physics Handle' from node Set Target Location and Rotation in graph 'EventGraph' in blueprint ThirdPersonCharacter
[2015.11.16-12.47.27:197][216]PIE:Error: Error Accessed None 'Physics Handle' from node Set Target Location and Rotation in graph 'EventGraph' in blueprint ThirdPersonCharacter
[2015.11.16-12.47.27:207][217]PIE:Error: Error Accessed None 'Physics Handle' from node Set Target Location and Rotation in graph 'EventGraph' in blueprint ThirdPersonCharacter
[2015.11.16-12.47.27:216][218]PIE:Error: Error Accessed None 'Physics Handle' from node Set Target Location and Rotation in graph 'EventGraph' in blueprint ThirdPersonCharacter
[2015.11.16-12.47.27:226][219]PIE:Error: Error Accessed None 'Physics Handle' from node Set Target Location and Rotation in graph 'EventGraph' in blueprint ThirdPersonCharacter
[2015.11.16-12.47.27:235][220]PIE:Error: Error Accessed None 'Physics Handle' from node Set Target Location and Rotation in graph 'EventGraph' in blueprint ThirdPersonCharacter
[2015.11.16-12.47.27:245][221]PIE:Error: Error Accessed None 'Physics Handle' from node Set Target Location and Rotation in graph 'EventGraph' in blueprint ThirdPersonCharacter
[2015.11.16-12.47.27:255][222]PIE:Error: Error Accessed None 'Physics Handle' from node Set Target Location and Rotation in graph 'EventGraph' in blueprint ThirdPersonCharacter
[2015.11.16-12.47.27:264][223]PIE:Error: Error Accessed None 'Physics Handle' from node Set Target Location and Rotation in graph 'EventGraph' in blueprint ThirdPersonCharacter
[2015.11.16-12.47.27:275][224]PIE:Error: Error Accessed None 'Physics Handle' from node Set Target Location and Rotation in graph 'EventGraph' in blueprint ThirdPersonCharacter
[2015.11.16-12.47.27:283][225]PIE:Error: Error Accessed None 'Physics Handle' from node Release Component in graph 'EventGraph' in blueprint ThirdPersonCharacter
[2015.11.16-12.47.27:283][225]PIE:Error: Error Accessed None 'Physics Object' from node Set Collision Response to Channel in graph 'EventGraph' in blueprint ThirdPersonCharacter
[2015.11.16-12.48.59:936][725]LogScript:Warning: Accessed None 'K2Node_DynamicCast_AsGold_Cube'
	Cave_C /Game/ThirdPersonBP/Maps/UEDPIE_0_Cave.Cave:PersistentLevel.Cave_C_0
	Function /Game/ThirdPersonBP/Maps/UEDPIE_0_Cave.Cave_C:ExecuteUbergraph_Cave:00BC
[2015.11.16-12.48.59:936][725]PIE:Error: Error Accessed None 'K2Node_DynamicCast_AsGold_Cube' from node Branch in graph 'EventGraph' in blueprint Cave
[2015.11.16-12.49.05:003][268]LogScript:Warning: Accessed None 'K2Node_DynamicCast_AsSteel_Cube'
	Cave_C /Game/ThirdPersonBP/Maps/UEDPIE_0_Cave.Cave:PersistentLevel.Cave_C_0
	Function /Game/ThirdPersonBP/Maps/UEDPIE_0_Cave.Cave_C:ExecuteUbergraph_Cave:00E3
[2015.11.16-12.49.05:003][268]PIE:Error: Error Accessed None 'K2Node_DynamicCast_AsSteel_Cube' from node Branch in graph 'EventGraph' in blueprint Cave
[2015.11.16-12.50.23:358][714]LogCharacterMovement: ThirdPersonCharacter_C_4 is stuck and failed to move!
[2015.11.16-12.50.23:368][715]LogCharacterMovement: ThirdPersonCharacter_C_4 is stuck and failed to move!
[2015.11.16-12.50.31:094][545]LogScript:Warning: Accessed None 'K2Node_DynamicCast_AsNickel_Cube'
	Cave_C /Game/ThirdPersonBP/Maps/UEDPIE_0_Cave.Cave:PersistentLevel.Cave_C_0
	Function /Game/ThirdPersonBP/Maps/UEDPIE_0_Cave.Cave_C:ExecuteUbergraph_Cave:0131
[2015.11.16-12.50.31:095][545]PIE:Error: Error Accessed None 'K2Node_DynamicCast_AsNickel_Cube' from node Branch in graph 'EventGraph' in blueprint Cave
[2015.11.16-12.51.05:200][203]LogBlueprintUserMessages: [Child_C_3] yay teddy bear
[2015.11.16-12.51.05:702][259]LogBlueprintUserMessages: [Child_C_3] yay teddy bear
[2015.11.16-12.51.06:204][314]LogBlueprintUserMessages: [Child_C_3] yay teddy bear
[2015.11.16-12.51.07:414][426]LogPackageName: SearchForPackageOnDisk took   0.206s to resolve Hub.umap.
[2015.11.16-12.51.07:629][427]LogPackageName: SearchForPackageOnDisk took   0.207s to resolve Hub.umap.
[2015.11.16-12.51.07:630][427]LogNet: Browse: /Game/ThirdPersonBP/Maps/Hub
[2015.11.16-12.51.07:630][427]LogLoad: LoadMap: /Game/ThirdPersonBP/Maps/Hub
[2015.11.16-12.51.07:675][427]LogParticles: Destroying 0 GPU particle simulations for FXSystem 0x000000182BD8AC00
[2015.11.16-12.51.07:696][427]Cmd: MEM
[2015.11.16-12.51.07:717][427]LogMemory: Platform Memory Stats for Windows
[2015.11.16-12.51.07:717][427]LogMemory: Process Physical Memory: 967.53 MB used, 982.38 MB peak
[2015.11.16-12.51.07:717][427]LogMemory: Process Virtual Memory: 1527.06 MB used, 1532.46 MB peak
[2015.11.16-12.51.07:717][427]LogMemory: Physical Memory: 4894.50 MB used, 16269.45 MB total
[2015.11.16-12.51.07:717][427]LogMemory: Virtual Memory: 2217.43 MB used, 134217728.00 MB total
[2015.11.16-12.51.07:717][427]LogMemory: 
[2015.11.16-12.51.07:717][427]Allocator Stats for TBB: (not implemented)
[2015.11.16-12.51.07:771][427]LogLinker:Warning: Asset 'D:/NightmareGame/TheGame/Content/Mannequin/Animations/ThirdPerson_AnimBP.uasset' has been saved with empty engine version. The asset will be loaded but may be incompatible.
[2015.11.16-12.51.07:774][427]LogLinker:Warning: Asset 'D:/NightmareGame/TheGame/Content/Mannequin/Animations/ThirdPerson_Jump.uasset' has been saved with empty engine version. The asset will be loaded but may be incompatible.
[2015.11.16-12.51.07:777][427]LogLinker:Warning: Asset 'D:/NightmareGame/TheGame/Content/Mannequin/Animations/ThirdPersonJump_Loop.uasset' has been saved with empty engine version. The asset will be loaded but may be incompatible.
[2015.11.16-12.51.07:779][427]LogLinker:Warning: Asset 'D:/NightmareGame/TheGame/Content/Mannequin/Animations/ThirdPersonJump_Start.uasset' has been saved with empty engine version. The asset will be loaded but may be incompatible.
[2015.11.16-12.51.07:782][427]LogLinker:Warning: Asset 'D:/NightmareGame/TheGame/Content/Mannequin/Animations/ThirdPerson_IdleRun_2D.uasset' has been saved with empty engine version. The asset will be loaded but may be incompatible.
[2015.11.16-12.51.07:782][427]LogLinker:Warning: Asset 'D:/NightmareGame/TheGame/Content/Mannequin/Animations/ThirdPersonIdle.uasset' has been saved with empty engine version. The asset will be loaded but may be incompatible.
[2015.11.16-12.51.07:785][427]LogLinker:Warning: Asset 'D:/NightmareGame/TheGame/Content/Mannequin/Animations/ThirdPersonRun.uasset' has been saved with empty engine version. The asset will be loaded but may be incompatible.
[2015.11.16-12.51.07:787][427]LogLinker:Warning: Asset 'D:/NightmareGame/TheGame/Content/Mannequin/Animations/ThirdPersonWalk.uasset' has been saved with empty engine version. The asset will be loaded but may be incompatible.
[2015.11.16-12.51.08:476][427]LogAIModule: Creating AISystem for world Hub
[2015.11.16-12.51.08:478][427]LogWorld: Game class is 'ThirdPersonGameMode_C'
[2015.11.16-12.51.08:626][427]LogWorld:Warning: *** WARNING - PATHS MAY NOT BE VALID ***
[2015.11.16-12.51.08:626][427]LogWorld: Bringing World /Game/ThirdPersonBP/Maps/UEDPIE_0_Hub.Hub up for play (max tick rate 0) at 2015.11.16-07.51.08
[2015.11.16-12.51.08:627][427]LogActor:Warning: GameSession /Game/ThirdPersonBP/Maps/UEDPIE_0_Hub.Hub:PersistentLevel.GameSession_5 has natively added scene component(s), but none of them were set as the actor's RootComponent - picking one arbitrarily
[2015.11.16-12.51.08:628][427]LogActor:Warning: GameNetworkManager /Game/ThirdPersonBP/Maps/UEDPIE_0_Hub.Hub:PersistentLevel.GameNetworkManager_5 has natively added scene component(s), but none of them were set as the actor's RootComponent - picking one arbitrarily
[2015.11.16-12.51.08:631][427]LogWorld: Bringing up level for play took: 0.150829
[2015.11.16-12.51.23:140][692]LogPackageName: SearchForPackageOnDisk took   0.352s to resolve Circus.umap.
[2015.11.16-12.51.23:466][693]LogPackageName: SearchForPackageOnDisk took   0.306s to resolve Circus.umap.
[2015.11.16-12.51.23:466][693]LogNet: Browse: /Game/ThirdPersonBP/Maps/Circus
[2015.11.16-12.51.23:466][693]LogLoad: LoadMap: /Game/ThirdPersonBP/Maps/Circus
[2015.11.16-12.51.23:551][693]LogParticles: Destroying 0 GPU particle simulations for FXSystem 0x0000001818A33240
[2015.11.16-12.51.23:552][693]Cmd: MEM
[2015.11.16-12.51.23:592][693]LogMemory: Platform Memory Stats for Windows
[2015.11.16-12.51.23:592][693]LogMemory: Process Physical Memory: 978.11 MB used, 998.26 MB peak
[2015.11.16-12.51.23:592][693]LogMemory: Process Virtual Memory: 1540.52 MB used, 1621.67 MB peak
[2015.11.16-12.51.23:592][693]LogMemory: Physical Memory: 4900.82 MB used, 16269.45 MB total
[2015.11.16-12.51.23:592][693]LogMemory: Virtual Memory: 2230.00 MB used, 134217728.00 MB total
[2015.11.16-12.51.23:592][693]LogMemory: 
[2015.11.16-12.51.23:592][693]Allocator Stats for TBB: (not implemented)
[2015.11.16-12.51.23:626][693]LogLinker:Warning: Asset 'D:/NightmareGame/TheGame/Content/Mannequin/Animations/ThirdPerson_AnimBP.uasset' has been saved with empty engine version. The asset will be loaded but may be incompatible.
[2015.11.16-12.51.23:632][693]LogLinker:Warning: Asset 'D:/NightmareGame/TheGame/Content/Mannequin/Animations/ThirdPerson_Jump.uasset' has been saved with empty engine version. The asset will be loaded but may be incompatible.
[2015.11.16-12.51.23:637][693]LogLinker:Warning: Asset 'D:/NightmareGame/TheGame/Content/Mannequin/Animations/ThirdPersonJump_Loop.uasset' has been saved with empty engine version. The asset will be loaded but may be incompatible.
[2015.11.16-12.51.23:640][693]LogLinker:Warning: Asset 'D:/NightmareGame/TheGame/Content/Mannequin/Animations/ThirdPersonJump_Start.uasset' has been saved with empty engine version. The asset will be loaded but may be incompatible.
[2015.11.16-12.51.23:644][693]LogLinker:Warning: Asset 'D:/NightmareGame/TheGame/Content/Mannequin/Animations/ThirdPerson_IdleRun_2D.uasset' has been saved with empty engine version. The asset will be loaded but may be incompatible.
[2015.11.16-12.51.23:646][693]LogLinker:Warning: Asset 'D:/NightmareGame/TheGame/Content/Mannequin/Animations/ThirdPersonIdle.uasset' has been saved with empty engine version. The asset will be loaded but may be incompatible.
[2015.11.16-12.51.23:649][693]LogLinker:Warning: Asset 'D:/NightmareGame/TheGame/Content/Mannequin/Animations/ThirdPersonRun.uasset' has been saved with empty engine version. The asset will be loaded but may be incompatible.
[2015.11.16-12.51.23:653][693]LogLinker:Warning: Asset 'D:/NightmareGame/TheGame/Content/Mannequin/Animations/ThirdPersonWalk.uasset' has been saved with empty engine version. The asset will be loaded but may be incompatible.
[2015.11.16-12.51.24:685][693]LogAIModule: Creating AISystem for world Circus
[2015.11.16-12.51.24:689][693]LogWorld: Game class is 'ThirdPersonGameMode_C'
[2015.11.16-12.51.24:820][693]LogWorld: Bringing World /Game/ThirdPersonBP/Maps/UEDPIE_0_Circus.Circus up for play (max tick rate 0) at 2015.11.16-07.51.24
[2015.11.16-12.51.24:820][693]LogActor:Warning: GameSession /Game/ThirdPersonBP/Maps/UEDPIE_0_Circus.Circus:PersistentLevel.GameSession_6 has natively added scene component(s), but none of them were set as the actor's RootComponent - picking one arbitrarily
[2015.11.16-12.51.24:822][693]LogActor:Warning: GameNetworkManager /Game/ThirdPersonBP/Maps/UEDPIE_0_Circus.Circus:PersistentLevel.GameNetworkManager_6 has natively added scene component(s), but none of them were set as the actor's RootComponent - picking one arbitrarily
[2015.11.16-12.51.24:825][693]LogWorld: Bringing up level for play took: 0.130567
[2015.11.16-12.51.24:831][693]LogGameMode: Warning - PATHS NOT DEFINED or NO PLAYERSTART with positive rating
[2015.11.16-12.53.14:659][455]LogScript:Warning: Accessed None 'Matinee'
	BackToHub_C /Game/ThirdPersonBP/Maps/UEDPIE_0_Circus.Circus:PersistentLevel.BackToHub_4173
	Function /Game/ThirdPersonBP/Blueprints/LevelTransfer/BackToHub.BackToHub_C:ExecuteUbergraph_BackToHub:01E3
[2015.11.16-12.53.14:664][455]PIE:Error: Error Accessed None 'Matinee' from node Play in graph 'EventGraph' in blueprint BackToHub
[2015.11.16-12.53.14:675][456]LogScript:Warning: Accessed None 'Matinee'
	BackToHub_C /Game/ThirdPersonBP/Maps/UEDPIE_0_Circus.Circus:PersistentLevel.BackToHub_4173
	Function /Game/ThirdPersonBP/Blueprints/LevelTransfer/BackToHub.BackToHub_C:ExecuteUbergraph_BackToHub:01E3
[2015.11.16-12.53.14:675][456]PIE:Error: Error Accessed None 'Matinee' from node Play in graph 'EventGraph' in blueprint BackToHub
[2015.11.16-12.53.14:692][457]LogScript:Warning: Accessed None 'Matinee'
	BackToHub_C /Game/ThirdPersonBP/Maps/UEDPIE_0_Circus.Circus:PersistentLevel.BackToHub_4173
	Function /Game/ThirdPersonBP/Blueprints/LevelTransfer/BackToHub.BackToHub_C:ExecuteUbergraph_BackToHub:01E3
[2015.11.16-12.53.14:693][457]PIE:Error: Error Accessed None 'Matinee' from node Play in graph 'EventGraph' in blueprint BackToHub
[2015.11.16-12.53.14:709][458]LogScript:Warning: Accessed None 'Matinee'
	BackToHub_C /Game/ThirdPersonBP/Maps/UEDPIE_0_Circus.Circus:PersistentLevel.BackToHub_4173
	Function /Game/ThirdPersonBP/Blueprints/LevelTransfer/BackToHub.BackToHub_C:ExecuteUbergraph_BackToHub:01E3
[2015.11.16-12.53.14:709][458]PIE:Error: Error Accessed None 'Matinee' from node Play in graph 'EventGraph' in blueprint BackToHub
[2015.11.16-12.53.14:725][459]LogScript:Warning: Accessed None 'Matinee'
	BackToHub_C /Game/ThirdPersonBP/Maps/UEDPIE_0_Circus.Circus:PersistentLevel.BackToHub_4173
	Function /Game/ThirdPersonBP/Blueprints/LevelTransfer/BackToHub.BackToHub_C:ExecuteUbergraph_BackToHub:01E3
[2015.11.16-12.53.14:725][459]PIE:Error: Error Accessed None 'Matinee' from node Play in graph 'EventGraph' in blueprint BackToHub
[2015.11.16-12.53.14:742][460]LogScript:Warning: Accessed None 'Matinee'
	BackToHub_C /Game/ThirdPersonBP/Maps/UEDPIE_0_Circus.Circus:PersistentLevel.BackToHub_4173
	Function /Game/ThirdPersonBP/Blueprints/LevelTransfer/BackToHub.BackToHub_C:ExecuteUbergraph_BackToHub:01E3
[2015.11.16-12.53.14:742][460]PIE:Error: Error Accessed None 'Matinee' from node Play in graph 'EventGraph' in blueprint BackToHub
[2015.11.16-12.53.14:759][461]LogScript:Warning: Accessed None 'Matinee'
	BackToHub_C /Game/ThirdPersonBP/Maps/UEDPIE_0_Circus.Circus:PersistentLevel.BackToHub_4173
	Function /Game/ThirdPersonBP/Blueprints/LevelTransfer/BackToHub.BackToHub_C:ExecuteUbergraph_BackToHub:01E3
[2015.11.16-12.53.14:759][461]PIE:Error: Error Accessed None 'Matinee' from node Play in graph 'EventGraph' in blueprint BackToHub
[2015.11.16-12.53.14:775][462]LogScript:Warning: Accessed None 'Matinee'
	BackToHub_C /Game/ThirdPersonBP/Maps/UEDPIE_0_Circus.Circus:PersistentLevel.BackToHub_4173
	Function /Game/ThirdPersonBP/Blueprints/LevelTransfer/BackToHub.BackToHub_C:ExecuteUbergraph_BackToHub:01E3
[2015.11.16-12.53.14:776][462]PIE:Error: Error Accessed None 'Matinee' from node Play in graph 'EventGraph' in blueprint BackToHub
[2015.11.16-12.53.14:792][463]LogScript:Warning: Accessed None 'Matinee'
	BackToHub_C /Game/ThirdPersonBP/Maps/UEDPIE_0_Circus.Circus:PersistentLevel.BackToHub_4173
	Function /Game/ThirdPersonBP/Blueprints/LevelTransfer/BackToHub.BackToHub_C:ExecuteUbergraph_BackToHub:01E3
[2015.11.16-12.53.14:792][463]PIE:Error: Error Accessed None 'Matinee' from node Play in graph 'EventGraph' in blueprint BackToHub
[2015.11.16-12.53.14:808][464]LogScript:Warning: Accessed None 'Matinee'
	BackToHub_C /Game/ThirdPersonBP/Maps/UEDPIE_0_Circus.Circus:PersistentLevel.BackToHub_4173
	Function /Game/ThirdPersonBP/Blueprints/LevelTransfer/BackToHub.BackToHub_C:ExecuteUbergraph_BackToHub:01E3
[2015.11.16-12.53.14:809][464]PIE:Error: Error Accessed None 'Matinee' from node Play in graph 'EventGraph' in blueprint BackToHub
[2015.11.16-12.53.14:825][465]LogScript:Warning: Accessed None 'Matinee'
	BackToHub_C /Game/ThirdPersonBP/Maps/UEDPIE_0_Circus.Circus:PersistentLevel.BackToHub_4173
	Function /Game/ThirdPersonBP/Blueprints/LevelTransfer/BackToHub.BackToHub_C:ExecuteUbergraph_BackToHub:01E3
[2015.11.16-12.53.14:826][465]PIE:Error: Error Accessed None 'Matinee' from node Play in graph 'EventGraph' in blueprint BackToHub
[2015.11.16-12.53.14:842][466]LogScript:Warning: Accessed None 'Matinee'
	BackToHub_C /Game/ThirdPersonBP/Maps/UEDPIE_0_Circus.Circus:PersistentLevel.BackToHub_4173
	Function /Game/ThirdPersonBP/Blueprints/LevelTransfer/BackToHub.BackToHub_C:ExecuteUbergraph_BackToHub:01E3
[2015.11.16-12.53.14:842][466]PIE:Error: Error Accessed None 'Matinee' from node Play in graph 'EventGraph' in blueprint BackToHub
[2015.11.16-12.53.14:859][467]LogScript:Warning: Accessed None 'Matinee'
	BackToHub_C /Game/ThirdPersonBP/Maps/UEDPIE_0_Circus.Circus:PersistentLevel.BackToHub_4173
	Function /Game/ThirdPersonBP/Blueprints/LevelTransfer/BackToHub.BackToHub_C:ExecuteUbergraph_BackToHub:01E3
[2015.11.16-12.53.14:859][467]PIE:Error: Error Accessed None 'Matinee' from node Play in graph 'EventGraph' in blueprint BackToHub
[2015.11.16-12.53.14:875][468]LogScript:Warning: Accessed None 'Matinee'
	BackToHub_C /Game/ThirdPersonBP/Maps/UEDPIE_0_Circus.Circus:PersistentLevel.BackToHub_4173
	Function /Game/ThirdPersonBP/Blueprints/LevelTransfer/BackToHub.BackToHub_C:ExecuteUbergraph_BackToHub:01E3
[2015.11.16-12.53.14:875][468]PIE:Error: Error Accessed None 'Matinee' from node Play in graph 'EventGraph' in blueprint BackToHub
[2015.11.16-12.53.14:892][469]LogScript:Warning: Accessed None 'Matinee'
	BackToHub_C /Game/ThirdPersonBP/Maps/UEDPIE_0_Circus.Circus:PersistentLevel.BackToHub_4173
	Function /Game/ThirdPersonBP/Blueprints/LevelTransfer/BackToHub.BackToHub_C:ExecuteUbergraph_BackToHub:01E3
[2015.11.16-12.53.14:893][469]PIE:Error: Error Accessed None 'Matinee' from node Play in graph 'EventGraph' in blueprint BackToHub
[2015.11.16-12.53.14:909][470]LogScript:Warning: Accessed None 'Matinee'
	BackToHub_C /Game/ThirdPersonBP/Maps/UEDPIE_0_Circus.Circus:PersistentLevel.BackToHub_4173
	Function /Game/ThirdPersonBP/Blueprints/LevelTransfer/BackToHub.BackToHub_C:ExecuteUbergraph_BackToHub:01E3
[2015.11.16-12.53.14:909][470]PIE:Error: Error Accessed None 'Matinee' from node Play in graph 'EventGraph' in blueprint BackToHub
[2015.11.16-12.53.14:925][471]LogScript:Warning: Accessed None 'Matinee'
	BackToHub_C /Game/ThirdPersonBP/Maps/UEDPIE_0_Circus.Circus:PersistentLevel.BackToHub_4173
	Function /Game/ThirdPersonBP/Blueprints/LevelTransfer/BackToHub.BackToHub_C:ExecuteUbergraph_BackToHub:01E3
[2015.11.16-12.53.14:925][471]PIE:Error: Error Accessed None 'Matinee' from node Play in graph 'EventGraph' in blueprint BackToHub
[2015.11.16-12.53.14:942][472]PIE:Error: Error Accessed None 'Matinee' from node Play in graph 'EventGraph' in blueprint BackToHub
[2015.11.16-12.53.14:958][473]PIE:Error: Error Accessed None 'Matinee' from node Play in graph 'EventGraph' in blueprint BackToHub
[2015.11.16-12.53.14:975][474]PIE:Error: Error Accessed None 'Matinee' from node Play in graph 'EventGraph' in blueprint BackToHub
[2015.11.16-12.53.14:992][475]PIE:Error: Error Accessed None 'Matinee' from node Play in graph 'EventGraph' in blueprint BackToHub
[2015.11.16-12.53.15:009][476]PIE:Error: Error Accessed None 'Matinee' from node Play in graph 'EventGraph' in blueprint BackToHub
[2015.11.16-12.53.15:026][477]PIE:Error: Error Accessed None 'Matinee' from node Play in graph 'EventGraph' in blueprint BackToHub
[2015.11.16-12.53.15:043][478]PIE:Error: Error Accessed None 'Matinee' from node Play in graph 'EventGraph' in blueprint BackToHub
[2015.11.16-12.53.15:059][479]PIE:Error: Error Accessed None 'Matinee' from node Play in graph 'EventGraph' in blueprint BackToHub
[2015.11.16-12.53.15:076][480]PIE:Error: Error Accessed None 'Matinee' from node Play in graph 'EventGraph' in blueprint BackToHub
[2015.11.16-12.53.15:092][481]PIE:Error: Error Accessed None 'Matinee' from node Play in graph 'EventGraph' in blueprint BackToHub
[2015.11.16-12.53.15:109][482]PIE:Error: Error Accessed None 'Matinee' from node Play in graph 'EventGraph' in blueprint BackToHub
[2015.11.16-12.53.15:126][483]PIE:Error: Error Accessed None 'Matinee' from node Play in graph 'EventGraph' in blueprint BackToHub
[2015.11.16-12.53.15:142][484]PIE:Error: Error Accessed None 'Matinee' from node Play in graph 'EventGraph' in blueprint BackToHub
[2015.11.16-12.53.15:159][485]PIE:Error: Error Accessed None 'Matinee' from node Play in graph 'EventGraph' in blueprint BackToHub
[2015.11.16-12.53.15:176][486]PIE:Error: Error Accessed None 'Matinee' from node Play in graph 'EventGraph' in blueprint BackToHub
[2015.11.16-12.53.15:192][487]PIE:Error: Error Accessed None 'Matinee' from node Play in graph 'EventGraph' in blueprint BackToHub
[2015.11.16-12.53.15:209][488]PIE:Error: Error Accessed None 'Matinee' from node Play in graph 'EventGraph' in blueprint BackToHub
[2015.11.16-12.53.15:226][489]PIE:Error: Error Accessed None 'Matinee' from node Play in graph 'EventGraph' in blueprint BackToHub
[2015.11.16-12.53.15:243][490]PIE:Error: Error Accessed None 'Matinee' from node Play in graph 'EventGraph' in blueprint BackToHub
[2015.11.16-12.53.15:259][491]PIE:Error: Error Accessed None 'Matinee' from node Play in graph 'EventGraph' in blueprint BackToHub
[2015.11.16-12.53.15:276][492]PIE:Error: Error Accessed None 'Matinee' from node Play in graph 'EventGraph' in blueprint BackToHub
[2015.11.16-12.53.15:293][493]PIE:Error: Error Accessed None 'Matinee' from node Play in graph 'EventGraph' in blueprint BackToHub
[2015.11.16-12.53.15:309][494]PIE:Error: Error Accessed None 'Matinee' from node Play in graph 'EventGraph' in blueprint BackToHub
[2015.11.16-12.53.15:326][495]PIE:Error: Error Accessed None 'Matinee' from node Play in graph 'EventGraph' in blueprint BackToHub
[2015.11.16-12.53.15:342][496]PIE:Error: Error Accessed None 'Matinee' from node Play in graph 'EventGraph' in blueprint BackToHub
[2015.11.16-12.53.15:359][497]PIE:Error: Error Accessed None 'Matinee' from node Play in graph 'EventGraph' in blueprint BackToHub
[2015.11.16-12.53.15:376][498]PIE:Error: Error Accessed None 'Matinee' from node Play in graph 'EventGraph' in blueprint BackToHub
[2015.11.16-12.53.15:392][499]PIE:Error: Error Accessed None 'Matinee' from node Play in graph 'EventGraph' in blueprint BackToHub
[2015.11.16-12.53.15:409][500]PIE:Error: Error Accessed None 'Matinee' from node Play in graph 'EventGraph' in blueprint BackToHub
[2015.11.16-12.53.15:426][501]PIE:Error: Error Accessed None 'Matinee' from node Play in graph 'EventGraph' in blueprint BackToHub
[2015.11.16-12.53.15:442][502]PIE:Error: Error Accessed None 'Matinee' from node Play in graph 'EventGraph' in blueprint BackToHub
[2015.11.16-12.53.15:459][503]PIE:Error: Error Accessed None 'Matinee' from node Play in graph 'EventGraph' in blueprint BackToHub
[2015.11.16-12.53.15:476][504]PIE:Error: Error Accessed None 'Matinee' from node Play in graph 'EventGraph' in blueprint BackToHub
[2015.11.16-12.53.15:492][505]PIE:Error: Error Accessed None 'Matinee' from node Play in graph 'EventGraph' in blueprint BackToHub
[2015.11.16-12.53.15:509][506]PIE:Error: Error Accessed None 'Matinee' from node Play in graph 'EventGraph' in blueprint BackToHub
[2015.11.16-12.53.15:526][507]PIE:Error: Error Accessed None 'Matinee' from node Play in graph 'EventGraph' in blueprint BackToHub
[2015.11.16-12.53.15:542][508]PIE:Error: Error Accessed None 'Matinee' from node Play in graph 'EventGraph' in blueprint BackToHub
[2015.11.16-12.53.15:559][509]PIE:Error: Error Accessed None 'Matinee' from node Play in graph 'EventGraph' in blueprint BackToHub
[2015.11.16-12.53.15:576][510]PIE:Error: Error Accessed None 'Matinee' from node Play in graph 'EventGraph' in blueprint BackToHub
[2015.11.16-12.53.15:592][511]PIE:Error: Error Accessed None 'Matinee' from node Play in graph 'EventGraph' in blueprint BackToHub
[2015.11.16-12.53.15:609][512]PIE:Error: Error Accessed None 'Matinee' from node Play in graph 'EventGraph' in blueprint BackToHub
[2015.11.16-12.53.15:625][513]PIE:Error: Error Accessed None 'Matinee' from node Play in graph 'EventGraph' in blueprint BackToHub
[2015.11.16-12.53.15:642][514]PIE:Error: Error Accessed None 'Matinee' from node Play in graph 'EventGraph' in blueprint BackToHub
[2015.11.16-12.53.15:793][514]LogPackageName: SearchForPackageOnDisk took   0.151s to resolve Hub.umap.
[2015.11.16-12.53.15:921][515]LogPackageName: SearchForPackageOnDisk took   0.122s to resolve Hub.umap.
[2015.11.16-12.53.15:921][515]LogNet: Browse: /Game/ThirdPersonBP/Maps/Hub
[2015.11.16-12.53.15:921][515]LogLoad: LoadMap: /Game/ThirdPersonBP/Maps/Hub
[2015.11.16-12.53.15:944][515]LogParticles: Destroying 0 GPU particle simulations for FXSystem 0x0000001808AE2020
[2015.11.16-12.53.15:948][515]Cmd: MEM
[2015.11.16-12.53.15:964][515]LogMemory: Platform Memory Stats for Windows
[2015.11.16-12.53.15:964][515]LogMemory: Process Physical Memory: 984.46 MB used, 998.26 MB peak
[2015.11.16-12.53.15:964][515]LogMemory: Process Virtual Memory: 1535.16 MB used, 1621.67 MB peak
[2015.11.16-12.53.15:964][515]LogMemory: Physical Memory: 4896.51 MB used, 16269.45 MB total
[2015.11.16-12.53.15:964][515]LogMemory: Virtual Memory: 2215.42 MB used, 134217728.00 MB total
[2015.11.16-12.53.15:964][515]LogMemory: 
[2015.11.16-12.53.15:964][515]Allocator Stats for TBB: (not implemented)
[2015.11.16-12.53.15:994][515]LogLinker:Warning: Asset 'D:/NightmareGame/TheGame/Content/Mannequin/Animations/ThirdPerson_AnimBP.uasset' has been saved with empty engine version. The asset will be loaded but may be incompatible.
[2015.11.16-12.53.15:996][515]LogLinker:Warning: Asset 'D:/NightmareGame/TheGame/Content/Mannequin/Animations/ThirdPerson_Jump.uasset' has been saved with empty engine version. The asset will be loaded but may be incompatible.
[2015.11.16-12.53.15:998][515]LogLinker:Warning: Asset 'D:/NightmareGame/TheGame/Content/Mannequin/Animations/ThirdPersonJump_Loop.uasset' has been saved with empty engine version. The asset will be loaded but may be incompatible.
[2015.11.16-12.53.15:999][515]LogLinker:Warning: Asset 'D:/NightmareGame/TheGame/Content/Mannequin/Animations/ThirdPersonJump_Start.uasset' has been saved with empty engine version. The asset will be loaded but may be incompatible.
[2015.11.16-12.53.16:001][515]LogLinker:Warning: Asset 'D:/NightmareGame/TheGame/Content/Mannequin/Animations/ThirdPerson_IdleRun_2D.uasset' has been saved with empty engine version. The asset will be loaded but may be incompatible.
[2015.11.16-12.53.16:001][515]LogLinker:Warning: Asset 'D:/NightmareGame/TheGame/Content/Mannequin/Animations/ThirdPersonIdle.uasset' has been saved with empty engine version. The asset will be loaded but may be incompatible.
[2015.11.16-12.53.16:003][515]LogLinker:Warning: Asset 'D:/NightmareGame/TheGame/Content/Mannequin/Animations/ThirdPersonRun.uasset' has been saved with empty engine version. The asset will be loaded but may be incompatible.
[2015.11.16-12.53.16:004][515]LogLinker:Warning: Asset 'D:/NightmareGame/TheGame/Content/Mannequin/Animations/ThirdPersonWalk.uasset' has been saved with empty engine version. The asset will be loaded but may be incompatible.
[2015.11.16-12.53.16:358][515]LogAIModule: Creating AISystem for world Hub
[2015.11.16-12.53.16:360][515]LogWorld: Game class is 'ThirdPersonGameMode_C'
[2015.11.16-12.53.16:497][515]LogWorld:Warning: *** WARNING - PATHS MAY NOT BE VALID ***
[2015.11.16-12.53.16:497][515]LogWorld: Bringing World /Game/ThirdPersonBP/Maps/UEDPIE_0_Hub.Hub up for play (max tick rate 60) at 2015.11.16-07.53.16
[2015.11.16-12.53.16:497][515]LogActor:Warning: GameSession /Game/ThirdPersonBP/Maps/UEDPIE_0_Hub.Hub:PersistentLevel.GameSession_7 has natively added scene component(s), but none of them were set as the actor's RootComponent - picking one arbitrarily
[2015.11.16-12.53.16:499][515]LogActor:Warning: GameNetworkManager /Game/ThirdPersonBP/Maps/UEDPIE_0_Hub.Hub:PersistentLevel.GameNetworkManager_7 has natively added scene component(s), but none of them were set as the actor's RootComponent - picking one arbitrarily
[2015.11.16-12.53.16:501][515]LogWorld: Bringing up level for play took: 0.140080
[2015.11.16-12.53.29:623][290]LogPackageName: SearchForPackageOnDisk took   0.152s to resolve Antihub.umap.
[2015.11.16-12.53.29:809][291]LogPackageName: SearchForPackageOnDisk took   0.180s to resolve Antihub.umap.
[2015.11.16-12.53.29:809][291]LogNet: Browse: /Game/ThirdPersonBP/Maps/AntiHub
[2015.11.16-12.53.29:809][291]LogLoad: LoadMap: /Game/ThirdPersonBP/Maps/AntiHub
[2015.11.16-12.53.29:866][291]LogParticles: Destroying 0 GPU particle simulations for FXSystem 0x00000018091F2C00
[2015.11.16-12.53.29:884][291]Cmd: MEM
[2015.11.16-12.53.29:932][291]LogMemory: Platform Memory Stats for Windows
[2015.11.16-12.53.29:932][291]LogMemory: Process Physical Memory: 986.31 MB used, 998.26 MB peak
[2015.11.16-12.53.29:932][291]LogMemory: Process Virtual Memory: 1554.38 MB used, 1625.59 MB peak
[2015.11.16-12.53.29:932][291]LogMemory: Physical Memory: 4899.38 MB used, 16269.45 MB total
[2015.11.16-12.53.29:932][291]LogMemory: Virtual Memory: 2231.17 MB used, 134217728.00 MB total
[2015.11.16-12.53.29:932][291]LogMemory: 
[2015.11.16-12.53.29:932][291]Allocator Stats for TBB: (not implemented)
[2015.11.16-12.53.30:014][291]LogLinker:Warning: Asset 'D:/NightmareGame/TheGame/Content/Mannequin/Animations/ThirdPerson_AnimBP.uasset' has been saved with empty engine version. The asset will be loaded but may be incompatible.
[2015.11.16-12.53.30:019][291]LogLinker:Warning: Asset 'D:/NightmareGame/TheGame/Content/Mannequin/Animations/ThirdPerson_Jump.uasset' has been saved with empty engine version. The asset will be loaded but may be incompatible.
[2015.11.16-12.53.30:022][291]LogLinker:Warning: Asset 'D:/NightmareGame/TheGame/Content/Mannequin/Animations/ThirdPersonJump_Loop.uasset' has been saved with empty engine version. The asset will be loaded but may be incompatible.
[2015.11.16-12.53.30:024][291]LogLinker:Warning: Asset 'D:/NightmareGame/TheGame/Content/Mannequin/Animations/ThirdPersonJump_Start.uasset' has been saved with empty engine version. The asset will be loaded but may be incompatible.
[2015.11.16-12.53.30:026][291]LogLinker:Warning: Asset 'D:/NightmareGame/TheGame/Content/Mannequin/Animations/ThirdPerson_IdleRun_2D.uasset' has been saved with empty engine version. The asset will be loaded but may be incompatible.
[2015.11.16-12.53.30:027][291]LogLinker:Warning: Asset 'D:/NightmareGame/TheGame/Content/Mannequin/Animations/ThirdPersonIdle.uasset' has been saved with empty engine version. The asset will be loaded but may be incompatible.
[2015.11.16-12.53.30:029][291]LogLinker:Warning: Asset 'D:/NightmareGame/TheGame/Content/Mannequin/Animations/ThirdPersonRun.uasset' has been saved with empty engine version. The asset will be loaded but may be incompatible.
[2015.11.16-12.53.30:031][291]LogLinker:Warning: Asset 'D:/NightmareGame/TheGame/Content/Mannequin/Animations/ThirdPersonWalk.uasset' has been saved with empty engine version. The asset will be loaded but may be incompatible.
[2015.11.16-12.53.42:388][291]LogAIModule: Creating AISystem for world AntiHub
[2015.11.16-12.53.42:390][291]LogWorld: Game class is 'ThirdPersonGameMode_C'
[2015.11.16-12.53.42:459][291]LogWorld:Warning: *** WARNING - PATHS MAY NOT BE VALID ***
[2015.11.16-12.53.42:459][291]LogWorld: Bringing World /Game/ThirdPersonBP/Maps/UEDPIE_0_AntiHub.AntiHub up for play (max tick rate 60) at 2015.11.16-07.53.42
[2015.11.16-12.53.42:459][291]LogActor:Warning: GameSession /Game/ThirdPersonBP/Maps/UEDPIE_0_AntiHub.AntiHub:PersistentLevel.GameSession_8 has natively added scene component(s), but none of them were set as the actor's RootComponent - picking one arbitrarily
[2015.11.16-12.53.42:460][291]LogActor:Warning: GameNetworkManager /Game/ThirdPersonBP/Maps/UEDPIE_0_AntiHub.AntiHub:PersistentLevel.GameNetworkManager_8 has natively added scene component(s), but none of them were set as the actor's RootComponent - picking one arbitrarily
[2015.11.16-12.53.42:461][291]LogWorld: Bringing up level for play took: 0.068856
[2015.11.16-12.53.52:909][914]LogBlueprintUserMessages: Early EndPlayMap De