[2015.11.26-18.15.15:047][  0]Log file open, 11/26/15 13:15:15
[2015.11.26-18.15.15:047][  0]LogInit:Display: Running engine for game: NightmareGame
[2015.11.26-18.15.15:047][  0]LogInit:Display: RandInit(-1049872033) SRandInit(-1049872033).
[2015.11.26-18.15.15:047][  0]LogTaskGraph: Started task graph with 4 named threads and 7 total threads.
[2015.11.26-18.15.15:047][  0]LogStats: Stats thread started at 0.105093
[2015.11.26-18.15.15:047][  0]LogInit: Version: 4.9.2-2707645+++depot+UE4-Releases+4.9
[2015.11.26-18.15.15:047][  0]LogInit: API Version: 2672455
[2015.11.26-18.15.15:047][  0]LogInit: Compiled (64-bit): Sep 28 2015 10:25:44
[2015.11.26-18.15.15:047][  0]LogInit: Compiled with Visual C++: 18.00.21005.01
[2015.11.26-18.15.15:047][  0]LogInit: Build Configuration: Development
[2015.11.26-18.15.15:047][  0]LogInit: Branch Name: ++depot+UE4-Releases+4.9
[2015.11.26-18.15.15:047][  0]LogInit: Command line:  
[2015.11.26-18.15.15:047][  0]LogInit: Base directory: C:/Program Files/Epic Games/4.9/Engine/Binaries/Win64/
[2015.11.26-18.15.15:047][  0]LogInit: Rocket: 1
[2015.11.26-18.15.15:157][  0]LogInit: Using libcurl 7.41.0
[2015.11.26-18.15.15:157][  0]LogInit:  - built for x86_64-pc-win32
[2015.11.26-18.15.15:157][  0]LogInit:  - supports SSL with WinSSL
[2015.11.26-18.15.15:157][  0]LogInit:  - other features:
[2015.11.26-18.15.15:157][  0]LogInit:      CURL_VERSION_SSL
[2015.11.26-18.15.15:157][  0]LogInit:      CURL_VERSION_IPV6
[2015.11.26-18.15.15:157][  0]LogInit:      CURL_VERSION_ASYNCHDNS
[2015.11.26-18.15.15:157][  0]LogInit:      CURL_VERSION_LARGEFILE
[2015.11.26-18.15.15:157][  0]LogInit:      CURL_VERSION_IDN
[2015.11.26-18.15.15:157][  0]LogInit:  CurlRequestOptions (configurable via config and command line):
[2015.11.26-18.15.15:157][  0]LogInit:  - bVerifyPeer = true  - Libcurl will verify peer certificate
[2015.11.26-18.15.15:157][  0]LogInit:  - bUseHttpProxy = false  - Libcurl will NOT use HTTP proxy
[2015.11.26-18.15.15:157][  0]LogInit:  - bDontReuseConnections = false  - Libcurl will reuse connections
[2015.11.26-18.15.15:157][  0]LogInit:  - CertBundlePath = nullptr  - Libcurl will use whatever was configured at build time.
[2015.11.26-18.15.15:157][  0]LogInit: Presizing for 0 objects not considered by GC, pre-allocating 0 bytes.
[2015.11.26-18.15.15:172][  0]LogInit: Object subsystem initialized
[2015.11.26-18.15.15:172][  0]LogInit: Selected Device Profile: [Windows]
[2015.11.26-18.15.15:172][  0]LogInit: Applying CVar settings loaded from the selected device profile: [Windows]
[2015.11.26-18.15.15:328][  0]LogInit: Computer: LAUREN-PC
[2015.11.26-18.15.15:328][  0]LogInit: User: Lauren
[2015.11.26-18.15.15:328][  0]LogInit: CPU Page size=4096, Cores=4
[2015.11.26-18.15.15:328][  0]LogInit: High frequency timer resolution =2.338388 MHz
[2015.11.26-18.15.15:328][  0]LogMemory: Memory total: Physical=7.9GB (8GB approx)
[2015.11.26-18.15.15:328][  0]LogMemory: Platform Memory Stats for Windows
[2015.11.26-18.15.15:328][  0]LogMemory: Process Physical Memory: 57.44 MB used, 57.44 MB peak
[2015.11.26-18.15.15:328][  0]LogMemory: Process Virtual Memory: 58.94 MB used, 58.94 MB peak
[2015.11.26-18.15.15:328][  0]LogMemory: Physical Memory: 2643.30 MB used, 8079.30 MB total
[2015.11.26-18.15.15:328][  0]LogMemory: Virtual Memory: 339.96 MB used, 8388608.00 MB total
[2015.11.26-18.15.18:817][  0]LogTextLocalizationManager: No specific translations for ('en-US') exist, so ('en') translations will be used.
[2015.11.26-18.15.20:174][  0]LogD3D11RHI: Found D3D11 adapter 0: NVIDIA GeForce GTX 770M (Feature Level 11_0)
[2015.11.26-18.15.20:174][  0]LogD3D11RHI: Adapter has 3009MB of dedicated video memory, 0MB of dedicated system memory, and 3783MB of shared system memory, 1 output[s]
[2015.11.26-18.15.20:199][  0]LogD3D11RHI: Found D3D11 adapter 1: NVIDIA GeForce GTX 770M (Feature Level 11_0)
[2015.11.26-18.15.20:199][  0]LogD3D11RHI: Adapter has 3009MB of dedicated video memory, 0MB of dedicated system memory, and 3783MB of shared system memory, 0 output[s]
[2015.11.26-18.15.20:211][  0]LogD3D11RHI: Chosen D3D11 Adapter Id = 0
[2015.11.26-18.15.20:220][  0]LogD3D11RHI: !Direct3DDevice
[2015.11.26-18.15.20:220][  0]LogRHI: Texture pool is 1361 MB (70% of 1945 MB)
[2015.11.26-18.15.20:255][  0]LogD3D11RHI: Async texture creation enabled
[2015.11.26-18.15.20:271][  0]LogShaderCompilers: Guid format shader working directory is 15 characters bigger than the processId version (E:/NightmareGame/TheGame/Intermediate/Shaders/WorkingDirectory/9044/).
[2015.11.26-18.15.20:274][  0]LogShaderCompilers: Cleaned the shader compiler working directory 'E:/NightmareGame/TheGame/Intermediate/Shaders/tmp/C471BD954748F27CBA90CD83B5C665FB/'.
[2015.11.26-18.15.20:274][  0]LogShaderCompilers:Display: Using Local Shader Compiler.
[2015.11.26-18.15.25:793][  0]LogTemp:Display: Loaded TP AllDesktopTargetPlatform
[2015.11.26-18.15.25:812][  0]LogTemp:Display: Loaded TP WindowsClientTargetPlatform
[2015.11.26-18.15.25:824][  0]LogTemp:Display: Loaded TP WindowsNoEditorTargetPlatform
[2015.11.26-18.15.25:837][  0]LogTemp:Display: Loaded TP WindowsServerTargetPlatform
[2015.11.26-18.15.25:848][  0]LogTemp:Display: Loaded TP WindowsTargetPlatform
[2015.11.26-18.15.25:859][  0]LogTemp:Display: Loaded TP AndroidTargetPlatform
[2015.11.26-18.15.25:869][  0]LogTemp:Display: Loaded TP Android_ASTCTargetPlatform
[2015.11.26-18.15.25:880][  0]LogTemp:Display: Loaded TP Android_ATCTargetPlatform
[2015.11.26-18.15.25:891][  0]LogTemp:Display: Loaded TP Android_DXTTargetPlatform
[2015.11.26-18.15.25:902][  0]LogTemp:Display: Loaded TP Android_ETC1TargetPlatform
[2015.11.26-18.15.25:913][  0]LogTemp:Display: Loaded TP Android_ETC2TargetPlatform
[2015.11.26-18.15.25:924][  0]LogTemp:Display: Loaded TP Android_PVRTCTargetPlatform
[2015.11.26-18.15.25:925][  0]LogTemp:Display: Loaded TP HTML5TargetPlatform
[2015.11.26-18.15.26:100][  0]LogTemp:Display: Loaded TP IOSTargetPlatform
[2015.11.26-18.15.26:131][  0]LogTemp:Display: Loaded TP LinuxNoEditorTargetPlatform
[2015.11.26-18.15.26:151][  0]LogTemp:Display: Loaded TP LinuxServerTargetPlatform
[2015.11.26-18.15.26:184][  0]LogTemp:Display: Loaded TP LinuxTargetPlatform
[2015.11.26-18.15.26:184][  0]LogTargetPlatformManager:Display: Building Assets For Windows
[2015.11.26-18.15.26:662][  0]LogDerivedDataCache:Display: Max Cache Size: 512 MB
[2015.11.26-18.15.27:240][  0]LogDerivedDataCache: Loaded boot cache 0.58s 41MB C:/Users/Lauren/AppData/Local/UnrealEngine/4.9/DerivedDataCache/Boot.ddc.
[2015.11.26-18.15.27:241][  0]LogDerivedDataCache:Display: Loaded Boot cache: C:/Users/Lauren/AppData/Local/UnrealEngine/4.9/DerivedDataCache/Boot.ddc
[2015.11.26-18.15.27:242][  0]LogDerivedDataCache: FDerivedDataBackendGraph:  Pak pak cache file E:/NightmareGame/TheGame/DerivedDataCache/DDC.ddp not found, will not use a pak cache.
[2015.11.26-18.15.27:242][  0]LogDerivedDataCache: Unable to find inner node Pak for hierarchical cache Hierarchy.
[2015.11.26-18.15.27:244][  0]LogDerivedDataCache: FDerivedDataBackendGraph:  CompressedPak pak cache file E:/NightmareGame/TheGame/DerivedDataCache/Compressed.ddp not found, will not use a pak cache.
[2015.11.26-18.15.27:244][  0]LogDerivedDataCache: Unable to find inner node CompressedPak for hierarchical cache Hierarchy.
[2015.11.26-18.15.27:501][  0]LogDerivedDataCache:Display: Pak cache opened for reading ../../../Engine/DerivedDataCache/Compressed.ddp.
[2015.11.26-18.15.27:514][  0]LogDerivedDataCache: Using Local data cache path C:/Users/Lauren/AppData/Local/UnrealEngine/Common/DerivedDataCache: Writable
[2015.11.26-18.15.33:017][  0]LogInit: Selected Device Profile: [Windows]
[2015.11.26-18.15.33:019][  0]LogContentStreaming: Texture pool size is 0.000000MB
[2015.11.26-18.15.33:085][  0]LogMeshUtilities: No automatic mesh reduction module available
[2015.11.26-18.15.33:085][  0]LogMeshUtilities: No automatic mesh merging module available
[2015.11.26-18.15.33:741][  0]LogInit: WinSock: version 1.1 (2.2), MaxSocks=32767, MaxUdp=65467
[2015.11.26-18.15.45:991][  0]UdpMessaging: Initializing bridge on interface 0.0.0.0:0 to multicast group 230.0.0.1:6666.
[2015.11.26-18.15.46:605][  0]LogAssetRegistry: FAssetRegistry took 0.0175 seconds to start up
[2015.11.26-18.15.48:070][  0]SourceControl: Info Source control is disabled
[2015.11.26-18.15.58:153][  0]LogLinker:Warning: Asset '../../../Engine/Plugins/Runtime/LeapMotionController/Content/LM_PassthroughMaterial.uasset' has been saved with empty engine version. The asset will be loaded but may be incompatible.
[2015.11.26-18.15.58:321][  0]LogObj: 28361 objects as part of root set at end of initial load.
[2015.11.26-18.15.58:321][  0]LogUObjectAllocator: 6038864 out of 0 bytes used by permanent object pool.
[2015.11.26-18.15.58:433][  0]LogEngine: Initializing Engine...
[2015.11.26-18.15.58:440][  0]LogHMD: Can't find Oculus library dev build: is proper Runtime installed? Version: 0.7.0.0
[2015.11.26-18.15.58:485][  0]LogHMD: SteamVR failed to initialize.  Err: 110
[2015.11.26-18.15.58:682][  0]LogAIModule: Creating AISystem for world NewWorld
[2015.11.26-18.15.58:695][  0]LogInit: XAudio2 using 'Speakers (Siberia v2 D3H)' : 2 channels at 44.1 kHz using 16 bits per sample (channel mask 0x3)
[2015.11.26-18.15.58:730][  0]LogInit: FAudioDevice initialized.
[2015.11.26-18.15.58:750][  0]LogDerivedDataCache: Saved boot cache 0.02s 41MB C:/Users/Lauren/AppData/Local/UnrealEngine/4.9/DerivedDataCache/Boot.ddc.
[2015.11.26-18.15.58:755][  0]LogInit: Texture streaming: Enabled
[2015.11.26-18.15.58:792][  0]LogAnalytics: Creating configured Analytics provider AnalyticsET
[2015.11.26-18.15.58:792][  0]LogAnalytics: [UEEditor.Rocket.Release] APIServer = http://et2.epicgames.com/ET2/. AppVersion = 4.9.2-2707645+++depot+UE4-Releases+4.9
[2015.11.26-18.15.58:792][  0]LogAnalytics: [UEEditor.Rocket.Release] SetUserId 0dfd459848bd316af10e0286bf53d633|62a07662b49e46228294f7f33306ed31|8f7fcacd-7ea7-4aa9-9d3c-39324467dbc7
[2015.11.26-18.15.58:792][  0]LogAnalytics: [UEEditor.Rocket.Release] AnalyticsET::StartSession
[2015.11.26-18.15.58:969][  0]LogInit: Transaction tracking system initialized
[2015.11.26-18.16.00:881][  0]BlueprintLog: New page: Editor Load
[2015.11.26-18.16.11:861][  0]LocalizationService: Info Localization service is disabled
[2015.11.26-18.16.14:799][  0]LogConsoleResponse:Display: 
[2015.11.26-18.16.17:841][  0]LogCook:Display: Done creating registry. It took  0.00s.
[2015.11.26-18.16.19:779][  0]LogFileCache: Scanning file cache for directory 'E:/NightmareGame/TheGame/Content/' took 0.19s
[2015.11.26-18.16.20:970][  0]Cmd: MAP LOAD FILE="E:/NightmareGame/TheGame/Content/ThirdPersonBP/Maps/Hub.umap" TEMPLATE=0 SHOWPROGRESS=1 FEATURELEVEL=3
[2015.11.26-18.16.20:996][  0]LightingResults: New page: Lighting Build
[2015.11.26-18.16.21:113][  0]MapCheck: New page: Map Check
[2015.11.26-18.16.21:113][  0]LightingResults: New page: Lighting Build
[2015.11.26-18.16.21:131][  0]LogParticles: Destroying 0 GPU particle simulations for FXSystem 0x0000000021E876A0
[2015.11.26-18.16.29:347][  0]LogAIModule: Creating AISystem for world Hub
[2015.11.26-18.16.29:397][  0]LogEditorServer: Finished looking for orphan Actors (0.000 secs)
[2015.11.26-18.16.29:398][  0]Cmd: MAP CHECKDEP NOCLEARLOG
[2015.11.26-18.16.29:648][  0]MapCheck: Info Map check complete: 0 Error(s), 0 Warning(s), took 249.929ms to complete.
[2015.11.26-18.16.29:648][  0]LogFileHelpers: Loading map 'Hub' took 8.697
[2015.11.26-18.16.34:061][  0]LogCollectionManager: Loaded 0 collections in 0.006739 seconds
[2015.11.26-18.16.34:327][  0]LogFileCache: Scanning file cache for directory 'E:/NightmareGame/TheGame/Saved/Collections/' took 0.01s
[2015.11.26-18.16.34:327][  0]LogFileCache: Scanning file cache for directory 'E:/NightmareGame/TheGame/Content/Developers/Lauren/Collections/' took 0.01s
[2015.11.26-18.16.34:327][  0]LogFileCache: Scanning file cache for directory 'E:/NightmareGame/TheGame/Content/Collections/' took 0.01s
[2015.11.26-18.16.34:327][  0]LogContentBrowser: Native class hierarchy populated in 0.0716 seconds. Added 1867 classes and 333 folders.
[2015.11.26-18.16.34:678][  0]LogCollectionManager: Rebuilt the GUID cache for 0 collections in 0.000002 seconds
[2015.11.26-18.16.35:089][  0]LogContentBrowser: Native class hierarchy updated for 'WidgetCarousel' in 0.0031 seconds. Added 0 classes and 0 folders.
[2015.11.26-18.16.42:127][  0]LogContentBrowser: Native class hierarchy updated for 'AddContentDialog' in 0.0033 seconds. Added 0 classes and 0 folders.
[2015.11.26-18.16.42:175][  0]LogContentBrowser: Native class hierarchy updated for 'SceneOutliner' in 0.0035 seconds. Added 1 classes and 2 folders.
[2015.11.26-18.16.42:574][  0]LogCrashTracker: Crashtracker disabled due to settings.
[2015.11.26-18.16.42:578][  0]LogUObjectGlobals:Warning: Failed to find object 'Class None.'
[2015.11.26-18.16.42:598][  0]LogLoad: Full Startup: 97.08 seconds (BP compile: 0.46 seconds)
[2015.11.26-18.16.42:772][  0]SourceControl: Info On branch L.A
[2015.11.26-18.16.42:772][  0]SourceControl: Info Your branch is up-to-date with 'origin/L.A'.
[2015.11.26-18.16.42:772][  0]SourceControl: Info Changes not staged for commit:
[2015.11.26-18.16.42:772][  0]SourceControl: Info   (use "git add/rm <file>..." to update what will be committed)
[2015.11.26-18.16.42:772][  0]SourceControl: Info   (use "git checkout -- <file>..." to discard changes in working directory)
[2015.11.26-18.16.42:772][  0]SourceControl: Info 	modified:   TheGame/Content/ThirdPersonBP/Blueprints/LevelTransfer/LEVELTRANSFERBASE.uasset
[2015.11.26-18.16.42:772][  0]SourceControl: Info 	modified:   TheGame/Content/ThirdPersonBP/Blueprints/ThirdPersonCharacter.uasset
[2015.11.26-18.16.42:772][  0]SourceControl: Info 	modified:   TheGame/Content/ThirdPersonBP/HUD/CharacterHUD.uasset
[2015.11.26-18.16.42:772][  0]SourceControl: Info 	modified:   TheGame/Content/ThirdPersonBP/Maps/Hub.umap
[2015.11.26-18.16.42:772][  0]SourceControl: Info 	modified:   TheGame/Content/ThirdPersonBP/Maps/MainMenu.umap
[2015.11.26-18.16.42:772][  0]SourceControl: Info 	modified:   TheGame/Content/ThirdPersonBP/Menus/StartMenu.uasset
[2015.11.26-18.16.42:772][  0]SourceControl: Info 	modified:   TheGame/Intermediate/CachedAssetRegistry.bin
[2015.11.26-18.16.42:772][  0]SourceControl: Info 	modified:   TheGame/Intermediate/Config/CoalescedSourceConfigs/Engine.ini
[2015.11.26-18.16.42:772][  0]SourceControl: Info 	modified:   TheGame/Intermediate/Config/CoalescedSourceConfigs/Game.ini
[2015.11.26-18.16.42:772][  0]SourceControl: Info 	modified:   TheGame/Saved/AutoScreenshot.png
[2015.11.26-18.16.42:772][  0]SourceControl: Info 	modified:   TheGame/Saved/Autosaves/Game/ThirdPersonBP/Blueprints/ThirdPersonCharacter_Auto1.uasset
[2015.11.26-18.16.42:772][  0]SourceControl: Info 	modified:   TheGame/Saved/Autosaves/Game/ThirdPersonBP/Blueprints/ThirdPersonCharacter_Auto2.uasset
[2015.11.26-18.16.42:772][  0]SourceControl: Info 	modified:   TheGame/Saved/Autosaves/Game/ThirdPersonBP/HUD/CharacterHUD_Auto3.uasset
[2015.11.26-18.16.42:772][  0]SourceControl: Info 	modified:   TheGame/Saved/Autosaves/Game/ThirdPersonBP/HUD/CharacterHUD_Auto4.uasset
[2015.11.26-18.16.42:772][  0]SourceControl: Info 	modified:   TheGame/Saved/Autosaves/Game/ThirdPersonBP/Menus/StartMenu_Auto3.uasset
[2015.11.26-18.16.42:772][  0]SourceControl: Info 	deleted:    TheGame/Saved/Backup/Cave_2015-11-24-00-02-23.uasset
[2015.11.26-18.16.42:772][  0]SourceControl: Info 	deleted:    TheGame/Saved/Backup/CharacterHUD_2015-11-20-22-34-11.uasset
[2015.11.26-18.16.42:772][  0]SourceControl: Info 	deleted:    TheGame/Saved/Backup/CharacterHUD_2015-11-20-22-57-31.uasset
[2015.11.26-18.16.42:772][  0]SourceControl: Info 	deleted:    TheGame/Saved/Backup/CharacterHUD_2015-11-20-23-08-21.uasset
[2015.11.26-18.16.42:772][  0]SourceControl: Info 	deleted:    TheGame/Saved/Backup/CharacterHUD_2015-11-22-17-07-28.uasset
[2015.11.26-18.16.42:773][  0]SourceControl: Info 	deleted:    TheGame/Saved/Backup/Child_2015-11-23-23-11-14.uasset
[2015.11.26-18.16.42:773][  0]SourceControl: Info 	deleted:    TheGame/Saved/Backup/Child_2015-11-24-00-06-37.uasset
[2015.11.26-18.16.42:773][  0]SourceControl: Info 	deleted:    TheGame/Saved/Backup/Circus_2015-11-23-23-11-14.umap
[2015.11.26-18.16.42:777][  0]SourceControl: Info 	deleted:    TheGame/Saved/Backup/DialogueUMG_2015-11-19-00-56-45.uasset
[2015.11.26-18.16.42:777][  0]SourceControl: Info 	deleted:    TheGame/Saved/Backup/DialogueUMG_2015-11-19-10-12-01.uasset
[2015.11.26-18.16.42:777][  0]SourceControl: Info 	deleted:    TheGame/Saved/Backup/DialogueUMG_2015-11-19-10-27-28.uasset
[2015.11.26-18.16.42:777][  0]SourceControl: Info 	deleted:    TheGame/Saved/Backup/Hub_2015-11-18-13-31-55.umap
[2015.11.26-18.16.42:777][  0]SourceControl: Info 	deleted:    TheGame/Saved/Backup/Hub_2015-11-19-10-26-34.umap
[2015.11.26-18.16.42:777][  0]SourceControl: Info 	deleted:    TheGame/Saved/Backup/Hub_2015-11-24-00-33-56.umap
[2015.11.26-18.16.42:777][  0]SourceControl: Info 	deleted:    TheGame/Saved/Backup/MainMenu_2015-11-18-13-31-37.umap
[2015.11.26-18.16.42:777][  0]SourceControl: Info 	deleted:    TheGame/Saved/Backup/MainMenu_2015-11-18-13-42-29.umap
[2015.11.26-18.16.42:777][  0]SourceControl: Info 	deleted:    TheGame/Saved/Backup/ThirdPersonCharacter_2015-11-19-21-21-16.uasset
[2015.11.26-18.16.42:777][  0]SourceControl: Info 	deleted:    TheGame/Saved/Backup/ThirdPersonCharacter_2015-11-20-18-19-52.uasset
[2015.11.26-18.16.42:777][  0]SourceControl: Info 	deleted:    TheGame/Saved/Backup/ThirdPersonCharacter_2015-11-24-00-34-57.uasset
[2015.11.26-18.16.42:777][  0]SourceControl: Info 	deleted:    TheGame/Saved/Backup/myHUD_2015-11-19-21-10-46.uasset
[2015.11.26-18.16.42:777][  0]SourceControl: Info 	deleted:    TheGame/Saved/Backup/myHUD_2015-11-19-21-22-25.uasset
[2015.11.26-18.16.42:777][  0]SourceControl: Info 	deleted:    TheGame/Saved/Backup/myHUD_2015-11-20-18-21-11.uasset
[2015.11.26-18.16.42:777][  0]SourceControl: Info 	modified:   TheGame/Saved/Config/Windows/Editor.ini
[2015.11.26-18.16.42:777][  0]SourceControl: Info 	modified:   TheGame/Saved/Config/Windows/EditorPerProjectUserSettings.ini
[2015.11.26-18.16.42:777][  0]SourceControl: Info 	modified:   TheGame/Saved/Config/Windows/Engine.ini
[2015.11.26-18.16.42:777][  0]SourceControl: Info 	modified:   TheGame/Saved/Config/WorldState/2460029373.json
[2015.11.26-18.16.42:777][  0]SourceControl: Info 	modified:   TheGame/Saved/Logs/NightmareGame.log
[2015.11.26-18.16.42:777][  0]SourceControl: Info 	modified:   TheGame/Saved/Logs/NightmareGame_2.log
[2015.11.26-18.16.42:777][  0]SourceControl: Info Untracked files:
[2015.11.26-18.16.42:777][  0]SourceControl: Info   (use "git add <file>..." to include in what will be committed)
[2015.11.26-18.16.42:777][  0]SourceControl: Info 	TheGame/Content/ThirdPersonBP/HUD/Radial/
[2015.11.26-18.16.42:777][  0]SourceControl: Info 	TheGame/Saved/Autosaves/Game/ThirdPersonBP/HUD/Radial/
[2015.11.26-18.16.42:777][  0]SourceControl: Info 	TheGame/Saved/Autosaves/Game/ThirdPersonBP/Maps/UEDPCMainMenu.umap
[2015.11.26-18.16.42:777][  0]SourceControl: Info 	TheGame/Saved/Autosaves/Game/ThirdPersonBP/Menus/StartMenu_Auto4.uasset
[2015.11.26-18.16.42:777][  0]SourceControl: Info 	TheGame/Saved/Backup/CharacterHUD_2015-11-24-20-06-21.uasset
[2015.11.26-18.16.42:777][  0]SourceControl: Info 	TheGame/Saved/Backup/CharacterHUD_2015-11-24-20-11-35.uasset
[2015.11.26-18.16.42:777][  0]SourceControl: Info 	TheGame/Saved/Backup/CharacterHUD_2015-11-24-20-19-17.uasset
[2015.11.26-18.16.42:778][  0]SourceControl: Info 	TheGame/Saved/Backup/CharacterHUD_2015-11-24-20-25-59.uasset
[2015.11.26-18.16.42:778][  0]SourceControl: Info 	TheGame/Saved/Backup/CharacterHUD_2015-11-24-20-49-37.uasset
[2015.11.26-18.16.42:778][  0]SourceControl: Info 	TheGame/Saved/Backup/CharacterHUD_2015-11-24-20-55-00.uasset
[2015.11.26-18.16.42:778][  0]SourceControl: Info 	TheGame/Saved/Backup/CharacterHUD_2015-11-24-23-42-56.uasset
[2015.11.26-18.16.42:778][  0]SourceControl: Info 	TheGame/Saved/Backup/CharacterHUD_2015-11-26-00-14-13.uasset
[2015.11.26-18.16.42:778][  0]SourceControl: Info 	TheGame/Saved/Backup/Hub_2015-11-24-20-26-10.umap
[2015.11.26-18.16.42:778][  0]SourceControl: Info 	TheGame/Saved/Backup/LEVELTRANSFERBASE_2015-11-24-23-46-36.uasset
[2015.11.26-18.16.42:785][  0]SourceControl: Info 	TheGame/Saved/Backup/MAT_RadialDyn_Master_2015-11-24-21-36-17.uasset
[2015.11.26-18.16.42:785][  0]SourceControl: Info 	TheGame/Saved/Backup/MAT_RadialDyn_Master_2015-11-24-23-43-16.uasset
[2015.11.26-18.16.42:785][  0]SourceControl: Info 	TheGame/Saved/Backup/MFUN_CMPCoords_2015-11-24-21-13-03.uasset
[2015.11.26-18.16.42:785][  0]SourceControl: Info 	TheGame/Saved/Backup/MFUN_CMPCoords_2015-11-24-21-36-42.uasset
[2015.11.26-18.16.42:785][  0]SourceControl: Info 	TheGame/Saved/Backup/MFUN_CMPCoords_2015-11-24-23-47-12.uasset
[2015.11.26-18.16.42:785][  0]SourceControl: Info 	TheGame/Saved/Backup/MFUN_DynRadius_2015-11-24-21-19-44.uasset
[2015.11.26-18.16.42:785][  0]SourceControl: Info 	TheGame/Saved/Backup/MFUN_DynRadius_2015-11-24-21-36-34.uasset
[2015.11.26-18.16.42:785][  0]SourceControl: Info 	TheGame/Saved/Backup/MFUN_DynRadius_2015-11-24-23-47-24.uasset
[2015.11.26-18.16.42:785][  0]SourceControl: Info 	TheGame/Saved/Backup/MFUN_Pulse_2015-11-24-21-36-33.uasset
[2015.11.26-18.16.42:785][  0]SourceControl: Info 	TheGame/Saved/Backup/MFUN_Pulse_2015-11-24-23-47-32.uasset
[2015.11.26-18.16.42:786][  0]SourceControl: Info 	TheGame/Saved/Backup/MFUN_XYSplit_2015-11-24-21-36-56.uasset
[2015.11.26-18.16.42:786][  0]SourceControl: Info 	TheGame/Saved/Backup/MFUN_XYSplit_2015-11-24-23-47-33.uasset
[2015.11.26-18.16.42:786][  0]SourceControl: Info 	TheGame/Saved/Backup/MIC_Health_StyleA_2015-11-24-21-36-06.uasset
[2015.11.26-18.16.42:786][  0]SourceControl: Info 	TheGame/Saved/Backup/MIC_Health_StyleA_2015-11-24-21-47-00.uasset
[2015.11.26-18.16.42:786][  0]SourceControl: Info 	TheGame/Saved/Backup/MIC_Health_StyleA_2015-11-24-23-29-21.uasset
[2015.11.26-18.16.42:786][  0]SourceControl: Info 	TheGame/Saved/Backup/MIC_Health_StyleA_2015-11-24-23-43-11.uasset
[2015.11.26-18.16.42:786][  0]SourceControl: Info 	TheGame/Saved/Backup/MainMenu_2015-11-24-20-19-28.umap
[2015.11.26-18.16.42:786][  0]SourceControl: Info 	TheGame/Saved/Backup/MainMenu_2015-11-24-20-53-53.umap
[2015.11.26-18.16.42:786][  0]SourceControl: Info 	TheGame/Saved/Backup/MainMenu_2015-11-26-00-12-52.umap
[2015.11.26-18.16.42:786][  0]SourceControl: Info 	TheGame/Saved/Backup/MainMenu_2015-11-26-00-22-46.umap
[2015.11.26-18.16.42:786][  0]SourceControl: Info 	TheGame/Saved/Backup/StartMenu_2015-11-24-20-06-33.uasset
[2015.11.26-18.16.42:786][  0]SourceControl: Info 	TheGame/Saved/Backup/StartMenu_2015-11-24-20-11-44.uasset
[2015.11.26-18.16.42:786][  0]SourceControl: Info 	TheGame/Saved/Backup/StartMenu_2015-11-24-20-19-37.uasset
[2015.11.26-18.16.42:786][  0]SourceControl: Info 	TheGame/Saved/Backup/StartMenu_2015-11-24-20-49-49.uasset
[2015.11.26-18.16.42:786][  0]SourceControl: Info 	TheGame/Saved/Backup/StartMenu_2015-11-24-20-55-12.uasset
[2015.11.26-18.16.42:786][  0]SourceControl: Info 	TheGame/Saved/Backup/ThirdPersonCharacter_2015-11-24-19-16-01.uasset
[2015.11.26-18.16.42:786][  0]SourceControl: Info 	TheGame/Saved/Backup/ThirdPersonCharacter_2015-11-24-19-43-58.uasset
[2015.11.26-18.16.42:786][  0]SourceControl: Info 	TheGame/Saved/Logs/NightmareGame-backup-2015.11.24-18.01.55.log
[2015.11.26-18.16.42:786][  0]SourceControl: Info 	TheGame/Saved/Logs/NightmareGame-backup-2015.11.24-20.57.33.log
[2015.11.26-18.16.42:786][  0]SourceControl: Info 	TheGame/Saved/Logs/NightmareGame-backup-2015.11.24-21.06.42.log
[2015.11.26-18.16.42:786][  0]SourceControl: Info 	TheGame/Saved/Logs/NightmareGame-backup-2015.11.26-00.09.29.log
[2015.11.26-18.16.42:786][  0]SourceControl: Info 	TheGame/Saved/Logs/NightmareGame-backup-2015.11.26-13.15.14.log
[2015.11.26-18.16.42:786][  0]SourceControl: Info 	TheGame/Saved/Logs/NightmareGame_2-backup-2015.11.26-00.13.04.log
[2015.11.26-18.16.42:786][  0]SourceControl: Info 	TheGame/Saved/Logs/NightmareGame_2-backup-2015.11.26-00.14.36.log
[2015.11.26-18.16.42:786][  0]SourceControl: Info no changes added to commit (use "git add" and/or "git commit -a")
[2015.11.26-18.16.42:794][  0]LogContentStreaming: Texture pool size now 1000 MB
[2015.11.26-18.16.42:944][  0]LogRenderer: Reallocating scene render targets to support 1208x660 (Frame:2).
[2015.11.26-18.16.43:452][  6]LogAssetRegistry: Asset discovery search completed in 56.8637 seconds
[2015.11.26-18.16.43:452][  6]LogCollectionManager: Rebuilt the object cache for 0 collections in 0.000001 seconds (found 0 objects)
[2015.11.26-18.16.43:452][  6]LogCollectionManager: Fixed up redirectors for 0 collections in 0.000027 seconds (updated 0 objects)
[2015.11.26-18.16.52:953][523]LogAIModule: Creating AISystem for world MainMenu
[2015.11.26-18.16.53:001][523]Cmd: MAP LOAD FILE="E:/NightmareGame/TheGame/Content/ThirdPersonBP/Maps/MainMenu.umap" TEMPLATE=0 SHOWPROGRESS=1 FEATURELEVEL=3
[2015.11.26-18.16.53:001][523]LightingResults: New page: Lighting Build
[2015.11.26-18.16.53:027][523]LoadErrors: New page: Loading map: MainMenu.umap
[2015.11.26-18.16.53:029][523]MapCheck: New page: Map Check
[2015.11.26-18.16.53:029][523]LightingResults: New page: Lighting Build
[2015.11.26-18.16.53:041][523]LogParticles: Destroying 0 GPU particle simulations for FXSystem 0x00000000237FFA60
[2015.11.26-18.16.53:087][523]LogEditorServer: Finished looking for orphan Actors (0.000 secs)
[2015.11.26-18.16.53:238][523]Cmd: MAP CHECKDEP NOCLEARLOG
[2015.11.26-18.16.53:505][523]MapCheck: Info Map check complete: 0 Error(s), 0 Warning(s), took 267.555ms to complete.
[2015.11.26-18.16.53:510][523]LogFileHelpers: Loading map 'MainMenu' took 0.510
[2015.11.26-18.16.54:940][597]LogBlueprintUserMessages: Early PlayInEditor Detection: Level '/Game/ThirdPersonBP/Maps/MainMenu.MainMenu:PersistentLevel' has LevelScriptBlueprint '/Game/ThirdPersonBP/Maps/MainMenu.MainMenu:PersistentLevel.MainMenu' with GeneratedClass '/Game/ThirdPersonBP/Maps/MainMenu.MainMenu_C' with ClassGeneratedBy '/Game/ThirdPersonBP/Maps/MainMenu.MainMenu:PersistentLevel.MainMenu'
[2015.11.26-18.16.54:940][597]LogPlayLevel: PlayLevel: No blueprints needed recompiling
[2015.11.26-18.16.54:941][597]PIE: New page: PIE session: MainMenu (Nov 26, 2015, 8:16:54 AM)
[2015.11.26-18.16.54:941][597]LogPlayLevel: Creating play world package: /Game/ThirdPersonBP/Maps/UEDPIE_0_MainMenu
[2015.11.26-18.16.54:956][597]LogPlayLevel: PIE: StaticDuplicateObject took: (0.015439s)
[2015.11.26-18.16.54:958][597]LogAIModule: Creating AISystem for world MainMenu
[2015.11.26-18.16.54:958][597]LogPlayLevel: PIE: World Init took: (0.001480s)
[2015.11.26-18.16.54:958][597]LogPlayLevel: PIE: Created PIE world by copying editor world from /Game/ThirdPersonBP/Maps/MainMenu.MainMenu to /Game/ThirdPersonBP/Maps/UEDPIE_0_MainMenu.MainMenu (0.017686s)
[2015.11.26-18.16.54:997][597]LogInit: XAudio2 using 'Speakers (Siberia v2 D3H)' : 2 channels at 44.1 kHz using 16 bits per sample (channel mask 0x3)
[2015.11.26-18.16.55:007][597]LogInit: FAudioDevice initialized.
[2015.11.26-18.16.55:186][597]LogWorld: Game class is 'ThirdPersonGameMode_C'
[2015.11.26-18.16.55:194][597]LogWorld: Bringing World /Game/ThirdPersonBP/Maps/UEDPIE_0_MainMenu.MainMenu up for play (max tick rate 60) at 2015.11.26-13.16.55
[2015.11.26-18.16.55:195][597]LogActor:Warning: GameSession /Game/ThirdPersonBP/Maps/UEDPIE_0_MainMenu.MainMenu:PersistentLevel.GameSession_0 has natively added scene component(s), but none of them were set as the actor's RootComponent - picking one arbitrarily
[2015.11.26-18.16.55:197][597]LogActor:Warning: GameNetworkManager /Game/ThirdPersonBP/Maps/UEDPIE_0_MainMenu.MainMenu:PersistentLevel.GameNetworkManager_0 has natively added scene component(s), but none of them were set as the actor's RootComponent - picking one arbitrarily
[2015.11.26-18.16.55:199][597]LogWorld: Bringing up level for play took: 0.008235
[2015.11.26-18.16.55:220][597]PIE: Info Play in editor start time for /Game/ThirdPersonBP/Maps/UEDPIE_0_MainMenu -0.592
[2015.11.26-18.16.55:220][597]LogBlueprintUserMessages: Late PlayInEditor Detection: Level '/Game/ThirdPersonBP/Maps/MainMenu.MainMenu:PersistentLevel' has LevelScriptBlueprint '/Game/ThirdPersonBP/Maps/MainMenu.MainMenu:PersistentLevel.MainMenu' with GeneratedClass '/Game/ThirdPersonBP/Maps/MainMenu.MainMenu_C' with ClassGeneratedBy '/Game/ThirdPersonBP/Maps/MainMenu.MainMenu:PersistentLevel.MainMenu'
[2015.11.26-18.17.04:117][109]LogPackageName: SearchForPackageOnDisk took   0.253s to resolve Hub.umap.
[2015.11.26-18.17.04:361][109]LogPackageName: SearchForPackageOnDisk took   0.242s to resolve Hub.umap.
[2015.11.26-18.17.04:361][109]LogNet: Browse: /Game/ThirdPersonBP/Maps/Hub
[2015.11.26-18.17.04:361][109]LogLoad: LoadMap: /Game/ThirdPersonBP/Maps/Hub
[2015.11.26-18.17.04:398][109]LogParticles: Destroying 0 GPU particle simulations for FXSystem 0x0000000037AFFE20
[2015.11.26-18.17.04:398][109]Cmd: MEM
[2015.11.26-18.17.04:410][109]LogMemory: Platform Memory Stats for Windows
[2015.11.26-18.17.04:410][109]LogMemory: Process Physical Memory: 676.00 MB used, 678.04 MB peak
[2015.11.26-18.17.04:410][109]LogMemory: Process Virtual Memory: 1366.02 MB used, 1413.31 MB peak
[2015.11.26-18.17.04:410][109]LogMemory: Physical Memory: 3637.88 MB used, 8079.30 MB total
[2015.11.26-18.17.04:410][109]LogMemory: Virtual Memory: 2042.53 MB used, 8388608.00 MB total
[2015.11.26-18.17.04:410][109]LogMemory: 
[2015.11.26-18.17.04:410][109]Allocator Stats for TBB: (not implemented)
[2015.11.26-18.17.07:119][109]LogAIModule: Creating AISystem for world Hub
[2015.11.26-18.17.07:122][109]LogWorld: Game class is 'ThirdPersonGameMode_C'
[2015.11.26-18.17.07:293][109]LogWorld:Warning: *** WARNING - PATHS MAY NOT BE VALID ***
[2015.11.26-18.17.07:293][109]LogWorld: Bringing World /Game/ThirdPersonBP/Maps/UEDPIE_0_Hub.Hub up for play (max tick rate 60) at 2015.11.26-13.17.07
[2015.11.26-18.17.07:293][109]LogActor:Warning: GameSession /Game/ThirdPersonBP/Maps/UEDPIE_0_Hub.Hub:PersistentLevel.GameSession_1 has natively added scene component(s), but none of them were set as the actor's RootComponent - picking one arbitrarily
[2015.11.26-18.17.07:295][109]LogActor:Warning: GameNetworkManager /Game/ThirdPersonBP/Maps/UEDPIE_0_Hub.Hub:PersistentLevel.GameNetworkManager_1 has natively added scene component(s), but none of them were set as the actor's RootComponent - picking one arbitrarily
[2015.11.26-18.17.07:297][109]LogWorld: Bringing up level for play took: 0.172497
[2015.11.26-18.17.08:195][148]LogScript:Warning: Accessed None 'Physics Handle'
	ThirdPersonCharacter_C /Game/ThirdPersonBP/Maps/UEDPIE_0_Hub.Hub:PersistentLevel.ThirdPersonCharacter_C_1
	Function /Game/ThirdPersonBP/Blueprints/ThirdPersonCharacter.ThirdPersonCharacter_C:ExecuteUbergraph_ThirdPersonCharacter:1445
[2015.11.26-18.17.08:196][148]PIE:Error: Error Accessed None 'Physics Handle' from node Set Target Location and Rotation in graph 'EventGraph' in blueprint ThirdPersonCharacter
[2015.11.26-18.17.08:204][149]LogScript:Warning: Accessed None 'Physics Handle'
	ThirdPersonCharacter_C /Game/ThirdPersonBP/Maps/UEDPIE_0_Hub.Hub:PersistentLevel.ThirdPersonCharacter_C_1
	Function /Game/ThirdPersonBP/Blueprints/ThirdPersonCharacter.ThirdPersonCharacter_C:ExecuteUbergraph_ThirdPersonCharacter:1445
[2015.11.26-18.17.08:205][149]PIE:Error: Error Accessed None 'Physics Handle' from node Set Target Location and Rotation in graph 'EventGraph' in blueprint ThirdPersonCharacter
[2015.11.26-18.17.08:226][150]LogScript:Warning: Accessed None 'Physics Handle'
	ThirdPersonCharacter_C /Game/ThirdPersonBP/Maps/UEDPIE_0_Hub.Hub:PersistentLevel.ThirdPersonCharacter_C_1
	Function /Game/ThirdPersonBP/Blueprints/ThirdPersonCharacter.ThirdPersonCharacter_C:ExecuteUbergraph_ThirdPersonCharacter:1445
[2015.11.26-18.17.08:226][150]PIE:Error: Error Accessed None 'Physics Handle' from node Set Target Location and Rotation in graph 'EventGraph' in blueprint ThirdPersonCharacter
[2015.11.26-18.17.08:243][151]LogScript:Warning: Accessed None 'Physics Handle'
	ThirdPersonCharacter_C /Game/ThirdPersonBP/Maps/UEDPIE_0_Hub.Hub:PersistentLevel.ThirdPersonCharacter_C_1
	Function /Game/ThirdPersonBP/Blueprints/ThirdPersonCharacter.ThirdPersonCharacter_C:ExecuteUbergraph_ThirdPersonCharacter:1445
[2015.11.26-18.17.08:253][151]PIE:Error: Error Accessed None 'Physics Handle' from node Set Target Location and Rotation in graph 'EventGraph' in blueprint ThirdPersonCharacter
[2015.11.26-18.17.08:263][152]LogScript:Warning: Accessed None 'Physics Handle'
	ThirdPersonCharacter_C /Game/ThirdPersonBP/Maps/UEDPIE_0_Hub.Hub:PersistentLevel.ThirdPersonCharacter_C_1
	Function /Game/ThirdPersonBP/Blueprints/ThirdPersonCharacter.ThirdPersonCharacter_C:ExecuteUbergraph_ThirdPersonCharacter:1445
[2015.11.26-18.17.08:263][152]PIE:Error: Error Accessed None 'Physics Handle' from node Set Target Location and Rotation in graph 'EventGraph' in blueprint ThirdPersonCharacter
[2015.11.26-18.17.08:279][153]LogScript:Warning: Accessed None 'Physics Handle'
	ThirdPersonCharacter_C /Game/ThirdPersonBP/Maps/UEDPIE_0_Hub.Hub:PersistentLevel.ThirdPersonCharacter_C_1
	Function /Game/ThirdPersonBP/Blueprints/ThirdPersonCharacter.ThirdPersonCharacter_C:ExecuteUbergraph_ThirdPersonCharacter:1218
[2015.11.26-18.17.08:279][153]PIE:Error: Error Accessed None 'Physics Handle' from node Release Component in graph 'EventGraph' in blueprint ThirdPersonCharacter
[2015.11.26-18.17.08:279][153]LogScript:Warning: Accessed None 'Physics Object'
	ThirdPersonCharacter_C /Game/ThirdPersonBP/Maps/UEDPIE_0_Hub.Hub:PersistentLevel.ThirdPersonCharacter_C_1
	Function /Game/ThirdPersonBP/Blueprints/ThirdPersonCharacter.ThirdPersonCharacter_C:ExecuteUbergraph_ThirdPersonCharacter:127E
[2015.11.26-18.17.08:279][153]PIE:Error: Error Accessed None 'Physics Object' from node Set Collision Response to Channel in graph 'EventGraph' in blueprint ThirdPersonCharacter
[2015.11.26-18.17.27:523][219]LogPackageName: SearchForPackageOnDisk took   0.337s to resolve Cave.umap.
[2015.11.26-18.17.27:874][220]LogPackageName: SearchForPackageOnDisk took   0.342s to resolve Cave.umap.
[2015.11.26-18.17.27:874][220]LogNet: Browse: /Game/ThirdPersonBP/Maps/Cave
[2015.11.26-18.17.27:874][220]LogLoad: LoadMap: /Game/ThirdPersonBP/Maps/Cave
[2015.11.26-18.17.27:918][220]LogParticles: Destroying 0 GPU particle simulations for FXSystem 0x000000001228B880
[2015.11.26-18.17.27:927][220]Cmd: MEM
[2015.11.26-18.17.27:945][220]LogMemory: Platform Memory Stats for Windows
[2015.11.26-18.17.27:945][220]LogMemory: Process Physical Memory: 797.63 MB used, 817.69 MB peak
[2015.11.26-18.17.27:945][220]LogMemory: Process Virtual Memory: 1495.97 MB used, 1559.12 MB peak
[2015.11.26-18.17.27:945][220]LogMemory: Physical Memory: 3736.23 MB used, 8079.30 MB total
[2015.11.26-18.17.27:945][220]LogMemory: Virtual Memory: 2171.03 MB used, 8388608.00 MB total
[2015.11.26-18.17.27:945][220]LogMemory: 
[2015.11.26-18.17.27:945][220]Allocator Stats for TBB: (not implemented)
[2015.11.26-18.17.28:369][220]LogLinker:Warning: Asset 'E:/NightmareGame/TheGame/Content/Mannequin/Animations/ThirdPerson_AnimBP.uasset' has been saved with empty engine version. The asset will be loaded but may be incompatible.
[2015.11.26-18.17.28:380][220]LogLinker:Warning: Asset 'E:/NightmareGame/TheGame/Content/Mannequin/Animations/ThirdPerson_Jump.uasset' has been saved with empty engine version. The asset will be loaded but may be incompatible.
[2015.11.26-18.17.28:399][220]LogLinker:Warning: Asset 'E:/NightmareGame/TheGame/Content/Mannequin/Animations/ThirdPersonJump_Loop.uasset' has been saved with empty engine version. The asset will be loaded but may be incompatible.
[2015.11.26-18.17.28:412][220]LogLinker:Warning: Asset 'E:/NightmareGame/TheGame/Content/Mannequin/Animations/ThirdPersonJump_Start.uasset' has been saved with empty engine version. The asset will be loaded but may be incompatible.
[2015.11.26-18.17.28:424][220]LogLinker:Warning: Asset 'E:/NightmareGame/TheGame/Content/Mannequin/Animations/ThirdPerson_IdleRun_2D.uasset' has been saved with empty engine version. The asset will be loaded but may be incompatible.
[2015.11.26-18.17.28:436][220]LogLinker:Warning: Asset 'E:/NightmareGame/TheGame/Content/Mannequin/Animations/ThirdPersonIdle.uasset' has been saved with empty engine version. The asset will be loaded but may be incompatible.
[2015.11.26-18.17.28:457][220]LogLinker:Warning: Asset 'E:/NightmareGame/TheGame/Content/Mannequin/Animations/ThirdPersonRun.uasset' has been saved with empty engine version. The asset will be loaded but may be incompatible.
[2015.11.26-18.17.28:470][220]LogLinker:Warning: Asset 'E:/NightmareGame/TheGame/Content/Mannequin/Animations/ThirdPersonWalk.uasset' has been saved with empty engine version. The asset will be loaded but may be incompatible.
[2015.11.26-18.17.43:528][220]LogAIModule: Creating AISystem for world Cave
[2015.11.26-18.17.43:531][220]LogWorld: Game class is 'ThirdPersonGameMode_C'
[2015.11.26-18.17.44:624][220]LogWorld:Warning: *** WARNING - PATHS MAY NOT BE VALID ***
[2015.11.26-18.17.44:624][220]LogWorld: Bringing World /Game/ThirdPersonBP/Maps/UEDPIE_0_Cave.Cave up for play (max tick rate 60) at 2015.11.26-13.17.44
[2015.11.26-18.17.44:624][220]LogActor:Warning: GameSession /Game/ThirdPersonBP/Maps/UEDPIE_0_Cave.Cave:PersistentLevel.GameSession_2 has natively added scene component(s), but none of them were set as the actor's RootComponent - picking one arbitrarily
[2015.11.26-18.17.44:627][220]LogActor:Warning: GameNetworkManager /Game/ThirdPersonBP/Maps/UEDPIE_0_Cave.Cave:PersistentLevel.GameNetworkManager_2 has natively added scene component(s), but none of them were set as the actor's RootComponent - picking one arbitrarily
[2015.11.26-18.17.44:705][220]LogWorld: Bringing up level for play took: 1.169954
[2015.11.26-18.17.44:746][220]LogPawn:Error: EnableInput can only be specified on a Pawn for its Controller
[2015.11.26-18.17.47:214][360]LogScript:Warning: Accessed None 'Physics Handle'
	ThirdPersonCharacter_C /Game/ThirdPersonBP/Maps/UEDPIE_0_Cave.Cave:PersistentLevel.ThirdPersonCharacter_C_2
	Function /Game/ThirdPersonBP/Blueprints/ThirdPersonCharacter.ThirdPersonCharacter_C:ExecuteUbergraph_ThirdPersonCharacter:1445
[2015.11.26-18.17.47:214][360]PIE:Error: Error Accessed None 'Physics Handle' from node Set Target Location and Rotation in graph 'EventGraph' in blueprint ThirdPersonCharacter
[2015.11.26-18.17.47:228][361]LogScript:Warning: Accessed None 'Physics Handle'
	ThirdPersonCharacter_C /Game/ThirdPersonBP/Maps/UEDPIE_0_Cave.Cave:PersistentLevel.ThirdPersonCharacter_C_2
	Function /Game/ThirdPersonBP/Blueprints/ThirdPersonCharacter.ThirdPersonCharacter_C:ExecuteUbergraph_ThirdPersonCharacter:1445
[2015.11.26-18.17.47:229][361]PIE:Error: Error Accessed None 'Physics Handle' from node Set Target Location and Rotation in graph 'EventGraph' in blueprint ThirdPersonCharacter
[2015.11.26-18.17.47:245][362]LogScript:Warning: Accessed None 'Physics Handle'
	ThirdPersonCharacter_C /Game/ThirdPersonBP/Maps/UEDPIE_0_Cave.Cave:PersistentLevel.ThirdPersonCharacter_C_2
	Function /Game/ThirdPersonBP/Blueprints/ThirdPersonCharacter.ThirdPersonCharacter_C:ExecuteUbergraph_ThirdPersonCharacter:1445
[2015.11.26-18.17.47:246][362]PIE:Error: Error Accessed None 'Physics Handle' from node Set Target Location and Rotation in graph 'EventGraph' in blueprint ThirdPersonCharacter
[2015.11.26-18.17.47:262][363]LogScript:Warning: Accessed None 'Physics Handle'
	ThirdPersonCharacter_C /Game/ThirdPersonBP/Maps/UEDPIE_0_Cave.Cave:PersistentLevel.ThirdPersonCharacter_C_2
	Function /Game/ThirdPersonBP/Blueprints/ThirdPersonCharacter.ThirdPersonCharacter_C:ExecuteUbergraph_ThirdPersonCharacter:1445
[2015.11.26-18.17.47:262][363]PIE:Error: Error Accessed None 'Physics Handle' from node Set Target Location and Rotation in graph 'EventGraph' in blueprint ThirdPersonCharacter
[2015.11.26-18.17.47:278][364]LogScript:Warning: Accessed None 'Physics Handle'
	ThirdPersonCharacter_C /Game/ThirdPersonBP/Maps/UEDPIE_0_Cave.Cave:PersistentLevel.ThirdPersonCharacter_C_2
	Function /Game/ThirdPersonBP/Blueprints/ThirdPersonCharacter.ThirdPersonCharacter_C:ExecuteUbergraph_ThirdPersonCharacter:1445
[2015.11.26-18.17.47:278][364]PIE:Error: Error Accessed None 'Physics Handle' from node Set Target Location and Rotation in graph 'EventGraph' in blueprint ThirdPersonCharacter
[2015.11.26-18.17.47:295][365]LogScript:Warning: Accessed None 'Physics Handle'
	ThirdPersonCharacter_C /Game/ThirdPersonBP/Maps/UEDPIE_0_Cave.Cave:PersistentLevel.ThirdPersonCharacter_C_2
	Function /Game/ThirdPersonBP/Blueprints/ThirdPersonCharacter.ThirdPersonCharacter_C:ExecuteUbergraph_ThirdPersonCharacter:1445
[2015.11.26-18.17.47:295][365]PIE:Error: Error Accessed None 'Physics Handle' from node Set Target Location and Rotation in graph 'EventGraph' in blueprint ThirdPersonCharacter
[2015.11.26-18.17.47:312][366]LogScript:Warning: Accessed None 'Physics Handle'
	ThirdPersonCharacter_C /Game/ThirdPersonBP/Maps/UEDPIE_0_Cave.Cave:PersistentLevel.ThirdPersonCharacter_C_2
	Function /Game/ThirdPersonBP/Blueprints/ThirdPersonCharacter.ThirdPersonCharacter_C:ExecuteUbergraph_ThirdPersonCharacter:1218
[2015.11.26-18.17.47:312][366]PIE:Error: Error Accessed None 'Physics Handle' from node Release Component in graph 'EventGraph' in blueprint ThirdPersonCharacter
[2015.11.26-18.17.47:312][366]LogScript:Warning: Accessed None 'Physics Object'
	ThirdPersonCharacter_C /Game/ThirdPersonBP/Maps/UEDPIE_0_Cave.Cave:PersistentLevel.ThirdPersonCharacter_C_2
	Function /Game/ThirdPersonBP/Blueprints/ThirdPersonCharacter.ThirdPersonCharacter_C:ExecuteUbergraph_ThirdPersonCharacter:127E
[2015.11.26-18.17.47:312][366]PIE:Error: Error Accessed None 'Physics Object' from node Set Collision Response to Channel in graph 'EventGraph' in blueprint ThirdPersonCharacter
[2015.11.26-18.17.48:315][426]LogPawn:Error: EnableInput can only be specified on a Pawn for its Controller
[2015.11.26-18.17.59:451][ 94]LogScript:Warning: Accessed None 'Physics Handle'
	ThirdPersonCharacter_C /Game/ThirdPersonBP/Maps/UEDPIE_0_Cave.Cave:PersistentLevel.ThirdPersonCharacter_C_2
	Function /Game/ThirdPersonBP/Blueprints/ThirdPersonCharacter.ThirdPersonCharacter_C:ExecuteUbergraph_ThirdPersonCharacter:1445
[2015.11.26-18.17.59:451][ 94]PIE:Error: Error Accessed None 'Physics Handle' from node Set Target Location and Rotation in graph 'EventGraph' in blueprint ThirdPersonCharacter
[2015.11.26-18.17.59:465][ 95]LogScript:Warning: Accessed None 'Physics Handle'
	ThirdPersonCharacter_C /Game/ThirdPersonBP/Maps/UEDPIE_0_Cave.Cave:PersistentLevel.ThirdPersonCharacter_C_2
	Function /Game/ThirdPersonBP/Blueprints/ThirdPersonCharacter.ThirdPersonCharacter_C:ExecuteUbergraph_ThirdPersonCharacter:1445
[2015.11.26-18.17.59:466][ 95]PIE:Error: Error Accessed None 'Physics Handle' from node Set Target Location and Rotation in graph 'EventGraph' in blueprint ThirdPersonCharacter
[2015.11.26-18.17.59:482][ 96]LogScript:Warning: Accessed None 'Physics Handle'
	ThirdPersonCharacter_C /Game/ThirdPersonBP/Maps/UEDPIE_0_Cave.Cave:PersistentLevel.ThirdPersonCharacter_C_2
	Function /Game/ThirdPersonBP/Blueprints/ThirdPersonCharacter.ThirdPersonCharacter_C:ExecuteUbergraph_ThirdPersonCharacter:1445
[2015.11.26-18.17.59:482][ 96]PIE:Error: Error Accessed None 'Physics Handle' from node Set Target Location and Rotation in graph 'EventGraph' in blueprint ThirdPersonCharacter
[2015.11.26-18.17.59:499][ 97]LogScript:Warning: Accessed None 'Physics Handle'
	ThirdPersonCharacter_C /Game/ThirdPersonBP/Maps/UEDPIE_0_Cave.Cave:PersistentLevel.ThirdPersonCharacter_C_2
	Function /Game/ThirdPersonBP/Blueprints/ThirdPersonCharacter.ThirdPersonCharacter_C:ExecuteUbergraph_ThirdPersonCharacter:1445
[2015.11.26-18.17.59:499][ 97]PIE:Error: Error Accessed None 'Physics Handle' from node Set Target Location and Rotation in graph 'EventGraph' in blueprint ThirdPersonCharacter
[2015.11.26-18.17.59:515][ 98]LogScript:Warning: Accessed None 'Physics Handle'
	ThirdPersonCharacter_C /Game/ThirdPersonBP/Maps/UEDPIE_0_Cave.Cave:PersistentLevel.ThirdPersonCharacter_C_2
	Function /Game/ThirdPersonBP/Blueprints/ThirdPersonCharacter.ThirdPersonCharacter_C:ExecuteUbergraph_ThirdPersonCharacter:1445
[2015.11.26-18.17.59:515][ 98]PIE:Error: Error Accessed None 'Physics Handle' from node Set Target Location and Rotation in graph 'EventGraph' in blueprint ThirdPersonCharacter
[2015.11.26-18.17.59:532][ 99]LogScript:Warning: Accessed None 'Physics Handle'
	ThirdPersonCharacter_C /Game/ThirdPersonBP/Maps/UEDPIE_0_Cave.Cave:PersistentLevel.ThirdPersonCharacter_C_2
	Function /Game/ThirdPersonBP/Blueprints/ThirdPersonCharacter.ThirdPersonCharacter_C:ExecuteUbergraph_ThirdPersonCharacter:1445
[2015.11.26-18.17.59:532][ 99]PIE:Error: Error Accessed None 'Physics Handle' from node Set Target Location and Rotation in graph 'EventGraph' in blueprint ThirdPersonCharacter
[2015.11.26-18.17.59:549][100]LogScript:Warning: Accessed None 'Physics Handle'
	ThirdPersonCharacter_C /Game/ThirdPersonBP/Maps/UEDPIE_0_Cave.Cave:PersistentLevel.ThirdPersonCharacter_C_2
	Function /Game/ThirdPersonBP/Blueprints/ThirdPersonCharacter.ThirdPersonCharacter_C:ExecuteUbergraph_ThirdPersonCharacter:1445
[2015.11.26-18.17.59:549][100]PIE:Error: Error Accessed None 'Physics Handle' from node Set Target Location and Rotation in graph 'EventGraph' in blueprint ThirdPersonCharacter
[2015.11.26-18.17.59:565][101]LogScript:Warning: Accessed None 'Physics Handle'
	ThirdPersonCharacter_C /Game/ThirdPersonBP/Maps/UEDPIE_0_Cave.Cave:PersistentLevel.ThirdPersonCharacter_C_2
	Function /Game/ThirdPersonBP/Blueprints/ThirdPersonCharacter.ThirdPersonCharacter_C:ExecuteUbergraph_ThirdPersonCharacter:1445
[2015.11.26-18.17.59:565][101]PIE:Error: Error Accessed None 'Physics Handle' from node Set Target Location and Rotation in graph 'EventGraph' in blueprint ThirdPersonCharacter
[2015.11.26-18.17.59:582][102]LogScript:Warning: Accessed None 'Physics Handle'
	ThirdPersonCharacter_C /Game/ThirdPersonBP/Maps/UEDPIE_0_Cave.Cave:PersistentLevel.ThirdPersonCharacter_C_2
	Function /Game/ThirdPersonBP/Blueprints/ThirdPersonCharacter.ThirdPersonCharacter_C:ExecuteUbergraph_ThirdPersonCharacter:1445
[2015.11.26-18.17.59:582][102]PIE:Error: Error Accessed None 'Physics Handle' from node Set Target Location and Rotation in graph 'EventGraph' in blueprint ThirdPersonCharacter
[2015.11.26-18.17.59:599][103]PIE:Error: Error Accessed None 'Physics Handle' from node Set Target Location and Rotation in graph 'EventGraph' in blueprint ThirdPersonCharacter
[2015.11.26-18.17.59:615][104]PIE:Error: Error Accessed None 'Physics Handle' from node Set Target Location and Rotation in graph 'EventGraph' in blueprint ThirdPersonCharacter
[2015.11.26-18.17.59:632][105]PIE:Error: Error Accessed None 'Physics Handle' from node Set Target Location and Rotation in graph 'EventGraph' in blueprint ThirdPersonCharacter
[2015.11.26-18.17.59:649][106]PIE:Error: Error Accessed None 'Physics Handle' from node Set Target Location and Rotation in graph 'EventGraph' in blueprint ThirdPersonCharacter
[2015.11.26-18.17.59:666][107]PIE:Error: Error Accessed None 'Physics Handle' from node Set Target Location and Rotation in graph 'EventGraph' in blueprint ThirdPersonCharacter
[2015.11.26-18.17.59:682][108]PIE:Error: Error Accessed None 'Physics Handle' from node Set Target Location and Rotation in graph 'EventGraph' in blueprint ThirdPersonCharacter
[2015.11.26-18.17.59:699][109]PIE:Error: Error Accessed None 'Physics Handle' from node Set Target Location and Rotation in graph 'EventGraph' in blueprint ThirdPersonCharacter
[2015.11.26-18.17.59:715][110]PIE:Error: Error Accessed None 'Physics Handle' from node Set Target Location and Rotation in graph 'EventGraph' in blueprint ThirdPersonCharacter
[2015.11.26-18.17.59:732][111]PIE:Error: Error Accessed None 'Physics Handle' from node Set Target Location and Rotation in graph 'EventGraph' in blueprint ThirdPersonCharacter
[2015.11.26-18.17.59:749][112]PIE:Error: Error Accessed None 'Physics Handle' from node Set Target Location and Rotation in graph 'EventGraph' in blueprint ThirdPersonCharacter
[2015.11.26-18.17.59:765][113]PIE:Error: Error Accessed None 'Physics Handle' from node Set Target Location and Rotation in graph 'EventGraph' in blueprint ThirdPersonCharacter
[2015.11.26-18.17.59:782][114]PIE:Error: Error Accessed None 'Physics Handle' from node Set Target Location and Rotation in graph 'EventGraph' in blueprint ThirdPersonCharacter
[2015.11.26-18.17.59:798][115]PIE:Error: Error Accessed None 'Physics Handle' from node Release Component in graph 'EventGraph' in blueprint ThirdPersonCharacter
[2015.11.26-18.17.59:799][115]PIE:Error: Error Accessed None 'Physics Object' from node Set Collision Response to Channel in graph 'EventGraph' in blueprint ThirdPersonCharacter
[2015.11.26-18.18.51:000][179]LogScript:Warning: Accessed None 'K2Node_DynamicCast_AsGold_Cube'
	Cave_C /Game/ThirdPersonBP/Maps/UEDPIE_0_Cave.Cave:PersistentLevel.Cave_C_2
	Function /Game/ThirdPersonBP/Maps/UEDPIE_0_Cave.Cave_C:ExecuteUbergraph_Cave:00FA
[2015.11.26-18.18.51:000][179]PIE:Error: Error Accessed None 'K2Node_DynamicCast_AsGold_Cube' from node Branch in graph 'EventGraph' in blueprint Cave
[2015.11.26-18.19.15:501][649]LogScript:Warning: Accessed None 'K2Node_DynamicCast_AsGold_Cube'
	Cave_C /Game/ThirdPersonBP/Maps/UEDPIE_0_Cave.Cave:PersistentLevel.Cave_C_2
	Function /Game/ThirdPersonBP/Maps/UEDPIE_0_Cave.Cave_C:ExecuteUbergraph_Cave:00FA
[2015.11.26-18.19.15:501][649]PIE:Error: Error Accessed None 'K2Node_DynamicCast_AsGold_Cube' from node Branch in graph 'EventGraph' in blueprint Cave
[2015.11.26-18.19.23:785][146]LogScript:Warning: Accessed None 'K2Node_DynamicCast_AsGold_Cube'
	Cave_C /Game/ThirdPersonBP/Maps/UEDPIE_0_Cave.Cave:PersistentLevel.Cave_C_2
	Function /Game/ThirdPersonBP/Maps/UEDPIE_0_Cave.Cave_C:ExecuteUbergraph_Cave:00FA
[2015.11.26-18.19.23:785][146]PIE:Error: Error Accessed None 'K2Node_DynamicCast_AsGold_Cube' from node Branch in graph 'EventGraph' in blueprint Cave
[2015.11.26-18.20.19:893][512]LogPawn:Error: EnableInput can only be specified on a Pawn for its Controller
[2015.11.26-18.20.20:760][564]LogBlueprintUserMessages: [Child_C_3] yay
[2015.11.26-18.20.23:012][684]LogPackageName: SearchForPackageOnDisk took   0.251s to resolve Hub.umap.
[2015.11.26-18.20.23:267][685]LogPackageName: SearchForPackageOnDisk took   0.247s to resolve Hub.umap.
[2015.11.26-18.20.23:267][685]LogNet: Browse: /Game/ThirdPersonBP/Maps/Hub
[2015.11.26-18.20.23:267][685]LogLoad: LoadMap: /Game/ThirdPersonBP/Maps/Hub
[2015.11.26-18.20.23:348][685]LogParticles: Destroying 0 GPU particle simulations for FXSystem 0x000000003D8E7920
[2015.11.26-18.20.23:360][685]Cmd: MEM
[2015.11.26-18.20.23:373][685]LogMemory: Platform Memory Stats for Windows
[2015.11.26-18.20.23:373][685]LogMemory: Process Physical Memory: 1023.86 MB used, 1032.82 MB peak
[2015.11.26-18.20.23:373][685]LogMemory: Process Virtual Memory: 1769.15 MB used, 1772.27 MB peak
[2015.11.26-18.20.23:373][685]LogMemory: Physical Memory: 3969.30 MB used, 8079.30 MB total
[2015.11.26-18.20.23:373][685]LogMemory: Virtual Memory: 2429.34 MB used, 8388608.00 MB total
[2015.11.26-18.20.23:373][685]LogMemory: 
[2015.11.26-18.20.23:373][685]Allocator Stats for TBB: (not implemented)
[2015.11.26-18.20.23:909][685]LogAIModule: Creating AISystem for world Hub
[2015.11.26-18.20.23:912][685]LogWorld: Game class is 'ThirdPersonGameMode_C'
[2015.11.26-18.20.24:061][685]LogWorld:Warning: *** WARNING - PATHS MAY NOT BE VALID ***
[2015.11.26-18.20.24:061][685]LogWorld: Bringing World /Game/ThirdPersonBP/Maps/UEDPIE_0_Hub.Hub up for play (max tick rate 60) at 2015.11.26-13.20.24
[2015.11.26-18.20.24:061][685]LogActor:Warning: GameSession /Game/ThirdPersonBP/Maps/UEDPIE_0_Hub.Hub:PersistentLevel.GameSession_3 has natively added scene component(s), but none of them were set as the actor's RootComponent - picking one arbitrarily
[2015.11.26-18.20.24:063][685]LogActor:Warning: GameNetworkManager /Game/ThirdPersonBP/Maps/UEDPIE_0_Hub.Hub:PersistentLevel.GameNetworkManager_3 has natively added scene component(s), but none of them were set as the actor's RootComponent - picking one arbitrarily
[2015.11.26-18.20.24:065][685]LogWorld: Bringing up level for play took: 0.150565
[2015.11.26-18.20.34:307][258]LogPackageName: SearchForPackageOnDisk took   0.247s to resolve Circus.umap.
[2015.11.26-18.20.34:560][259]LogPackageName: SearchForPackageOnDisk took   0.244s to resolve Circus.umap.
[2015.11.26-18.20.34:570][259]LogNet: Browse: /Game/ThirdPersonBP/Maps/Circus
[2015.11.26-18.20.34:570][259]LogLoad: LoadMap: /Game/ThirdPersonBP/Maps/Circus
[2015.11.26-18.20.34:616][259]LogParticles: Destroying 0 GPU particle simulations for FXSystem 0x0000000010A5FBA0
[2015.11.26-18.20.34:617][259]Cmd: MEM
[2015.11.26-18.20.34:629][259]LogMemory: Platform Memory Stats for Windows
[2015.11.26-18.20.34:629][259]LogMemory: Process Physical Memory: 1030.45 MB used, 1046.35 MB peak
[2015.11.26-18.20.34:629][259]LogMemory: Process Virtual Memory: 1781.23 MB used, 1853.00 MB peak
[2015.11.26-18.20.34:629][259]LogMemory: Physical Memory: 3976.05 MB used, 8079.30 MB total
[2015.11.26-18.20.34:629][259]LogMemory: Virtual Memory: 2440.78 MB used, 8388608.00 MB total
[2015.11.26-18.20.34:629][259]LogMemory: 
[2015.11.26-18.20.34:629][259]Allocator Stats for TBB: (not implemented)
[2015.11.26-18.20.35:029][259]LogLinker:Warning: Asset 'E:/NightmareGame/TheGame/Content/Mannequin/Animations/ThirdPerson_AnimBP.uasset' has been saved with empty engine version. The asset will be loaded but may be incompatible.
[2015.11.26-18.20.35:033][259]LogLinker:Warning: Asset 'E:/NightmareGame/TheGame/Content/Mannequin/Animations/ThirdPerson_Jump.uasset' has been saved with empty engine version. The asset will be loaded but may be incompatible.
[2015.11.26-18.20.35:039][259]LogLinker:Warning: Asset 'E:/NightmareGame/TheGame/Content/Mannequin/Animations/ThirdPersonJump_Loop.uasset' has been saved with empty engine version. The asset will be loaded but may be incompatible.
[2015.11.26-18.20.35:044][259]LogLinker:Warning: Asset 'E:/NightmareGame/TheGame/Content/Mannequin/Animations/ThirdPersonJump_Start.uasset' has been saved with empty engine version. The asset will be loaded but may be incompatible.
[2015.11.26-18.20.35:048][259]LogLinker:Warning: Asset 'E:/NightmareGame/TheGame/Content/Mannequin/Animations/ThirdPerson_IdleRun_2D.uasset' has been saved with empty engine version. The asset will be loaded but may be incompatible.
[2015.11.26-18.20.35:050][259]LogLinker:Warning: Asset 'E:/NightmareGame/TheGame/Content/Mannequin/Animations/ThirdPersonIdle.uasset' has been saved with empty engine version. The asset will be loaded but may be incompatible.
[2015.11.26-18.20.35:055][259]LogLinker:Warning: Asset 'E:/NightmareGame/TheGame/Content/Mannequin/Animations/ThirdPersonRun.uasset' has been saved with empty engine version. The asset will be loaded but may be incompatible.
[2015.11.26-18.20.35:059][259]LogLinker:Warning: Asset 'E:/NightmareGame/TheGame/Content/Mannequin/Animations/ThirdPersonWalk.uasset' has been saved with empty engine version. The asset will be loaded but may be incompatible.
[2015.11.26-18.20.42:262][259]LogAIModule: Creating AISystem for world Circus
[2015.11.26-18.20.42:265][259]LogWorld: Game class is 'ThirdPersonGameMode_C'
[2015.11.26-18.20.42:690][259]LogWorld:Warning: *** WARNING - PATHS MAY NOT BE VALID ***
[2015.11.26-18.20.42:690][259]LogWorld: Bringing World /Game/ThirdPersonBP/Maps/UEDPIE_0_Circus.Circus up for play (max tick rate 60) at 2015.11.26-13.20.42
[2015.11.26-18.20.42:690][259]LogActor:Warning: GameSession /Game/ThirdPersonBP/Maps/UEDPIE_0_Circus.Circus:PersistentLevel.GameSession_4 has natively added scene component(s), but none of them were set as the actor's RootComponent - picking one arbitrarily
[2015.11.26-18.20.42:692][259]LogActor:Warning: GameNetworkManager /Game/ThirdPersonBP/Maps/UEDPIE_0_Circus.Circus:PersistentLevel.GameNetworkManager_4 has natively added scene component(s), but none of them were set as the actor's RootComponent - picking one arbitrarily
[2015.11.26-18.20.42:723][259]LogWorld: Bringing up level for play took: 0.455244
[2015.11.26-18.20.44:945][381]LogPawn:Error: EnableInput can only be specified on a Pawn for its Controller
[2015.11.26-18.20.45:778][431]LogPawn:Error: EnableInput can only be specified on a Pawn for its Controller
[2015.11.26-18.21.31:499][156]LogPackageName: SearchForPackageOnDisk took   0.249s to resolve Circus.umap.
[2015.11.26-18.21.31:763][157]LogPackageName: SearchForPackageOnDisk took   0.242s to resolve Circus.umap.
[2015.11.26-18.21.31:764][157]LogNet: Browse: /Game/ThirdPersonBP/Maps/Circus
[2015.11.26-18.21.31:764][157]LogLoad: LoadMap: /Game/ThirdPersonBP/Maps/Circus
[2015.11.26-18.21.31:814][157]LogParticles: Destroying 0 GPU particle simulations for FXSystem 0x0000000015BCA0C0
[2015.11.26-18.21.31:827][157]Cmd: MEM
[2015.11.26-18.21.31:840][157]LogMemory: Platform Memory Stats for Windows
[2015.11.26-18.21.31:840][157]LogMemory: Process Physical Memory: 1093.08 MB used, 1100.90 MB peak
[2015.11.26-18.21.31:840][157]LogMemory: Process Virtual Memory: 1830.74 MB used, 1927.16 MB peak
[2015.11.26-18.21.31:840][157]LogMemory: Physical Memory: 4042.78 MB used, 8079.30 MB total
[2015.11.26-18.21.31:840][157]LogMemory: Virtual Memory: 2488.86 MB used, 8388608.00 MB total
[2015.11.26-18.21.31:840][157]LogMemory: 
[2015.11.26-18.21.31:840][157]Allocator Stats for TBB: (not implemented)
[2015.11.26-18.21.31:975][157]LogLinker:Warning: Asset 'E:/NightmareGame/TheGame/Content/Mannequin/Animations/ThirdPerson_AnimBP.uasset' has been saved with empty engine version. The asset will be loaded but may be incompatible.
[2015.11.26-18.21.31:978][157]LogLinker:Warning: Asset 'E:/NightmareGame/TheGame/Content/Mannequin/Animations/ThirdPerson_Jump.uasset' has been saved with empty engine version. The asset will be loaded but may be incompatible.
[2015.11.26-18.21.31:983][157]LogLinker:Warning: Asset 'E:/NightmareGame/TheGame/Content/Mannequin/Animations/ThirdPersonJump_Loop.uasset' has been saved with empty engine version. The asset will be loaded but may be incompatible.
[2015.11.26-18.21.31:987][157]LogLinker:Warning: Asset 'E:/NightmareGame/TheGame/Content/Mannequin/Animations/ThirdPersonJump_Start.uasset' has been saved with empty engine version. The asset will be loaded but may be incompatible.
[2015.11.26-18.21.31:990][157]LogLinker:Warning: Asset 'E:/NightmareGame/TheGame/Content/Mannequin/Animations/ThirdPerson_IdleRun_2D.uasset' has been saved with empty engine version. The asset will be loaded but may be incompatible.
[2015.11.26-18.21.31:992][157]LogLinker:Warning: Asset 'E:/NightmareGame/TheGame/Content/Mannequin/Animations/ThirdPersonIdle.uasset' has been saved with empty engine version. The asset will be loaded but may be incompatible.
[2015.11.26-18.21.31:996][157]LogLinker:Warning: Asset 'E:/NightmareGame/TheGame/Content/Mannequin/Animations/ThirdPersonRun.uasset' has been saved with empty engine version. The asset will be loaded but may be incompatible.
[2015.11.26-18.21.31:999][157]LogLinker:Warning: Asset 'E:/NightmareGame/TheGame/Content/Mannequin/Animations/ThirdPersonWalk.uasset' has been saved with empty engine version. The asset will be loaded but may be incompatible.
[2015.11.26-18.21.32:763][157]LogAIModule: Creating AISystem for world Circus
[2015.11.26-18.21.32:766][157]LogWorld: Game class is 'ThirdPersonGameMode_C'
[2015.11.26-18.21.33:145][157]LogWorld:Warning: *** WARNING - PATHS MAY NOT BE VALID ***
[2015.11.26-18.21.33:145][157]LogWorld: Bringing World /Game/ThirdPersonBP/Maps/UEDPIE_0_Circus.Circus up for play (max tick rate 60) at 2015.11.26-13.21.33
[2015.11.26-18.21.33:145][157]LogActor:Warning: GameSession /Game/ThirdPersonBP/Maps/UEDPIE_0_Circus.Circus:PersistentLevel.GameSession_5 has natively added scene component(s), but none of them were set as the actor's RootComponent - picking one arbitrarily
[2015.11.26-18.21.33:146][157]LogActor:Warning: GameNetworkManager /Game/ThirdPersonBP/Maps/UEDPIE_0_Circus.Circus:PersistentLevel.GameNetworkManager_5 has natively added scene component(s), but none of them were set as the actor's RootComponent - picking one arbitrarily
[2015.11.26-18.21.33:178][157]LogWorld: Bringing up level for play took: 0.409617
[2015.11.26-18.21.34:548][234]LogBlueprintUserMessages: Early EndPlayMap Detection: Level '/Game/ThirdPersonBP/Maps/MainMenu.MainMenu:PersistentLevel' has LevelScriptBlueprint '/Game/ThirdPersonBP/Maps/MainMenu.MainMenu:PersistentLevel.MainMenu' with GeneratedClass '/Game/ThirdPersonBP/Maps/MainMenu.MainMenu_C' with ClassGeneratedBy '/Game/ThirdPersonBP/Maps/MainMenu.MainMenu:PersistentLevel.MainMenu'
[2015.11.26-18.21.34:709][234]LogBlueprintUserMessages: Late EndPlayMap Detection: Level '/Game/ThirdPersonBP/Maps/MainMenu.MainMenu:PersistentLevel' has LevelScriptBlueprint '/Game/ThirdPersonBP/Maps/MainMenu.MainMenu:PersistentLevel.MainMenu' with GeneratedClass '/Game/ThirdPersonBP/Maps/MainMenu.MainMenu_C' with ClassGeneratedBy '/Game/ThirdPersonBP/Maps/MainMenu.MainMenu:PersistentLevel.MainMenu'
[2015.11.26-18.21.34:759][234]LogParticles: Destroying 0 GPU particle simulations for FXSystem 0x000000007A223C40
[2015.11.26-18.21.39:747][523]LogLinker:Warning: Asset 'E:/NightmareGame/TheGame/Content/Mannequin/Animations/ThirdPerson_AnimBP.uasset' has been saved with empty engine version. The asset will be loaded but may be incompatible.
[2015.11.26-18.21.39:750][523]LogLinker:Warning: Asset 'E:/NightmareGame/TheGame/Content/Mannequin/Animations/ThirdPerson_Jump.uasset' has been saved with empty engine version. The asset will be loaded but may be incompatible.
[2015.11.26-18.21.39:755][523]LogLinker:Warning: Asset 'E:/NightmareGame/TheGame/Content/Mannequin/Animations/ThirdPersonJump_Loop.uasset' has been saved with empty engine version. The asset will be loaded but may be incompatible.
[2015.11.26-18.21.39:759][523]LogLinker:Warning: Asset 'E:/NightmareGame/TheGame/Content/Mannequin/Animations/ThirdPersonJump_Start.uasset' has been saved with empty engine version. The asset will be loaded but may be incompatible.
[2015.11.26-18.21.39:763][523]LogLinker:Warning: Asset 'E:/NightmareGame/TheGame/Content/Mannequin/Animations/ThirdPerson_IdleRun_2D.uasset' has been saved with empty engine version. The asset will be loaded but may be incompatible.
[2015.11.26-18.21.39:765][523]LogLinker:Warning: Asset 'E:/NightmareGame/TheGame/Content/Mannequin/Animations/ThirdPersonIdle.uasset' has been saved with empty engine version. The asset will be loaded but may be incompatible.
[2015.11.26-18.21.39:769][523]LogLinker:Warning: Asset 'E:/NightmareGame/TheGame/Content/Mannequin/Animations/ThirdPersonRun.uasset' has been saved with empty engine version. The asset will be loaded but may be incompatible.
[2015.11.26-18.21.39:773][523]LogLinker:Warning: Asset 'E:/NightmareGame/TheGame/Content/Mannequin/Animations/ThirdPersonWalk.uasset' has been saved with empty engine version. The asset will be loaded but may be incompatible.
[2015.11.26-18.21.40:437][523]LogAIModule: Creating AISystem for world Circus
[2015.11.26-18.21.40:486][523]Cmd: MAP LOAD FILE="E:/NightmareGame/TheGame/Content/ThirdPersonBP/Maps/Circus.umap" TEMPLATE=0 SHOWPROGRESS=1 FEATURELEVEL=3
[2015.11.26-18.21.40:486][523]LightingResults: New page: Lighting Build
[2015.11.26-18.21.40:516][523]LoadErrors: New page: Loading map: Circus.umap
[2015.11.26-18.21.40:518][523]MapCheck: New page: Map Check
[2015.11.26-18.21.40:518][523]LightingResults: New page: Lighting Build
[2015.11.26-18.21.40:531][523]LogParticles: Destroying 0 GPU particle simulations for FXSystem 0x00000000237FED40
[2015.11.26-18.21.40:679][523]LogEditorServer: Finished looking for orphan Actors (0.000 secs)
[2015.11.26-18.21.40:870][523]Cmd: MAP CHECKDEP NOCLEARLOG
[2015.11.26-18.21.41:509][523]MapCheck: Info Map check complete: 0 Error(s), 0 Warning(s), took 639.313ms to complete.
[2015.11.26-18.21.41:513][523]LogFileHelpers: Loading map 'Circus' took 1.029
[2015.11.26-18.21.53:973][220]LogEditorViewport: Clicking on Actor (context menu): StaticMeshActor (Cube32)
[2015.11.26-18.21.55:435][291]LogBlueprintUserMessages: Early PlayInEditor Detection: Level '/Game/ThirdPersonBP/Maps/Circus.Circus:PersistentLevel' has LevelScriptBlueprint '/Game/ThirdPersonBP/Maps/Circus.Circus:PersistentLevel.Circus' with GeneratedClass '/Game/ThirdPersonBP/Maps/Circus.Circus_C' with ClassGeneratedBy '/Game/ThirdPersonBP/Maps/Circus.Circus:PersistentLevel.Circus'
[2015.11.26-18.21.55:435][291]LogPlayLevel: PlayLevel: No blueprints needed recompiling
[2015.11.26-18.21.55:444][291]PIE: New page: PIE session: Circus (Nov 26, 2015, 8:21:55 AM)
[2015.11.26-18.21.55:444][291]LogPlayLevel: Creating play world package: /Game/ThirdPersonBP/Maps/UEDPIE_0_Circus
[2015.11.26-18.21.55:653][291]LogPlayLevel: PIE: StaticDuplicateObject took: (0.208893s)
[2015.11.26-18.21.55:653][291]LogAIModule: Creating AISystem for world Circus
[2015.11.26-18.21.55:654][291]LogPlayLevel: PIE: World Init took: (0.000758s)
[2015.11.26-18.21.55:654][291]LogPlayLevel: PIE: Created PIE world by copying editor world from /Game/ThirdPersonBP/Maps/Circus.Circus to /Game/ThirdPersonBP/Maps/UEDPIE_0_Circus.Circus (0.209918s)
[2015.11.26-18.21.55:680][291]LogInit: XAudio2 using 'Speakers (Siberia v2 D3H)' : 2 channels at 44.1 kHz using 16 bits per sample (channel mask 0x3)
[2015.11.26-18.21.55:689][291]LogInit: FAudioDevice initialized.
[2015.11.26-18.21.55:747][291]LogWorld: Game class is 'ThirdPersonGameMode_C'
[2015.11.26-18.21.56:129][291]LogWorld:Warning: *** WARNING - PATHS MAY NOT BE VALID ***
[2015.11.26-18.21.56:129][291]LogWorld: Bringing World /Game/ThirdPersonBP/Maps/UEDPIE_0_Circus.Circus up for play (max tick rate 60) at 2015.11.26-13.21.56
[2015.11.26-18.21.56:129][291]LogActor:Warning: GameSession /Game/ThirdPersonBP/Maps/UEDPIE_0_Circus.Circus:PersistentLevel.GameSession_6 has natively added scene component(s), but none of them were set as the actor's RootComponent - picking one arbitrarily
[2015.11.26-18.21.56:131][291]LogActor:Warning: GameNetworkManager /Game/ThirdPersonBP/Maps/UEDPIE_0_Circus.Circus:PersistentLevel.GameNetworkManager_6 has natively added scene component(s), but none of them were set as the actor's RootComponent - picking one arbitrarily
[2015.11.26-18.21.56:160][291]LogWorld: Bringing up level for play took: 0.410247
[2015.11.26-18.21.56:178][291]PIE: Info Play in editor start time for /Game/ThirdPersonBP/Maps/UEDPIE_0_Circus 0.359
[2015.11.26-18.21.56:178][291]LogBlueprintUserMessages: Late PlayInEditor Detection: Level '/Game/ThirdPersonBP/Maps/Circus.Circus:PersistentLevel' has LevelScriptBlueprint '/Game/ThirdPersonBP/Maps/Circus.Circus:PersistentLevel.Circus' with GeneratedClass '/Game/ThirdPersonBP/Maps/Circus.Circus_C' with ClassGeneratedBy '/Game/ThirdPersonBP/Maps/Circus.Circus:PersistentLevel.Circus'
[2015.11.26-18.21.57:066][342]LogScript:Warning: Accessed None 'Physics Handle'
	ThirdPersonCharacter_C /Game/ThirdPersonBP/Maps/UEDPIE_0_Circus.Circus:PersistentLevel.ThirdPersonCharacter_C_6
	Function /Game/ThirdPersonBP/Blueprints/ThirdPersonCharacter.ThirdPersonCharacter_C:ExecuteUbergraph_ThirdPersonCharacter:1445
[2015.11.26-18.21.57:066][342]PIE:Error: Error Accessed None 'Physics Handle' from node Set Target Location and Rotation in graph 'EventGraph' in blueprint ThirdPersonCharacter
[2015.11.26-18.21.57:081][343]LogScript:Warning: Accessed None 'Physics Handle'
	ThirdPersonCharacter_C /Game/ThirdPersonBP/Maps/UEDPIE_0_Circus.Circus:PersistentLevel.ThirdPersonCharacter_C_6
	Function /Game/ThirdPersonBP/Blueprints/ThirdPersonCharacter.ThirdPersonCharacter_C:ExecuteUbergraph_ThirdPersonCharacter:1445
[2015.11.26-18.21.57:081][343]PIE:Error: Error Accessed None 'Physics Handle' from node Set Target Location and Rotation in graph 'EventGraph' in blueprint ThirdPersonCharacter
[2015.11.26-18.21.57:098][344]LogScript:Warning: Accessed None 'Physics Handle'
	ThirdPersonCharacter_C /Game/ThirdPersonBP/Maps/UEDPIE_0_Circus.Circus:PersistentLevel.ThirdPersonCharacter_C_6
	Function /Game/ThirdPersonBP/Blueprints/ThirdPersonCharacter.ThirdPersonCharacter_C:ExecuteUbergraph_ThirdPersonCharacter:1445
[2015.11.26-18.21.57:098][344]PIE:Error: Error Accessed None 'Physics Handle' from node Set Target Location and Rotation in graph 'EventGraph' in blueprint ThirdPersonCharacter
[2015.11.26-18.21.57:114][345]LogScript:Warning: Accessed None 'Physics Handle'
	ThirdPersonCharacter_C /Game/ThirdPersonBP/Maps/UEDPIE_0_Circus.Circus:PersistentLevel.ThirdPersonCharacter_C_6
	Function /Game/ThirdPersonBP/Blueprints/ThirdPersonCharacter.ThirdPersonCharacter_C:ExecuteUbergraph_ThirdPersonCharacter:1445
[2015.11.26-18.21.57:119][345]PIE:Error: Error Accessed None 'Physics Handle' from node Set Target Location and Rotation in graph 'EventGraph' in blueprint ThirdPersonCharacter
[2015.11.26-18.21.57:131][346]LogScript:Warning: Accessed None 'Physics Handle'
	ThirdPersonCharacter_C /Game/ThirdPersonBP/Maps/UEDPIE_0_Circus.Circus:PersistentLevel.ThirdPersonCharacter_C_6
	Function /Game/ThirdPersonBP/Blueprints/ThirdPersonCharacter.ThirdPersonCharacter_C:ExecuteUbergraph_ThirdPersonCharacter:1445
[2015.11.26-18.21.57:131][346]PIE:Error: Error Accessed None 'Physics Handle' from node Set Target Location and Rotation in graph 'EventGraph' in blueprint ThirdPersonCharacter
[2015.11.26-18.21.57:147][347]LogScript:Warning: Accessed None 'Physics Handle'
	ThirdPersonCharacter_C /Game/ThirdPersonBP/Maps/UEDPIE_0_Circus.Circus:PersistentLevel.ThirdPersonCharacter_C_6
	Function /Game/ThirdPersonBP/Blueprints/ThirdPersonCharacter.ThirdPersonCharacter_C:ExecuteUbergraph_ThirdPersonCharacter:1445
[2015.11.26-18.21.57:148][347]PIE:Error: Error Accessed None 'Physics Handle' from node Set Target Location and Rotation in graph 'EventGraph' in blueprint ThirdPersonCharacter
[2015.11.26-18.21.57:164][348]LogScript:Warning: Accessed None 'Physics Handle'
	ThirdPersonCharacter_C /Game/ThirdPersonBP/Maps/UEDPIE_0_Circus.Circus:PersistentLevel.ThirdPersonCharacter_C_6
	Function /Game/ThirdPersonBP/Blueprints/ThirdPersonCharacter.ThirdPersonCharacter_C:ExecuteUbergraph_ThirdPersonCharacter:1218
[2015.11.26-18.21.57:164][348]PIE:Error: Error Accessed None 'Physics Handle' from node Release Component in graph 'EventGraph' in blueprint ThirdPersonCharacter
[2015.11.26-18.21.57:164][348]LogScript:Warning: Accessed None 'Physics Object'
	ThirdPersonCharacter_C /Game/ThirdPersonBP/Maps/UEDPIE_0_Circus.Circus:PersistentLevel.ThirdPersonCharacter_C_6
	Function /Game/ThirdPersonBP/Blueprints/ThirdPersonCharacter.ThirdPersonCharacter_C:ExecuteUbergraph_ThirdPersonCharacter:127E
[2015.11.26-18.21.57:164][348]PIE:Error: Error Accessed None 'Physics Object' from node Set Collision Response to Channel in graph 'EventGraph' in blueprint ThirdPersonCharacter
[2015.11.26-18.22.40:168][928]PIE:Warning: Warning Mobility of PointLight_0 : LightComponent0 has to be 'Movable' if you'd like to Mobility of {0} : {1} has to be 'Movable' if you'd like to {2}. . 
[2015.11.26-18.23.16:711][120]PIE:Warning: Warning Mobility of PointLight_1 : LightComponent0 has to be 'Movable' if you'd like to Mobility of {0} : {1} has to be 'Movable' if you'd like to {2}. . 
[2015.11.26-18.24.38:072][  1]LogScript:Warning: Accessed None 'K2Node_DynamicCast_AsThird_Person_Character'
	Circus_C /Game/ThirdPersonBP/Maps/UEDPIE_0_Circus.Circus:PersistentLevel.Circus_C_0
	Function /Game/ThirdPersonBP/Maps/Circus.Circus_C:ExecuteUbergraph_Circus:011D
[2015.11.26-18.24.38:072][  1]PIE:Error: Error Accessed None 'K2Node_DynamicCast_AsThird_Person_Character' from node Branch in graph 'EventGraph' in blueprint Circus
[2015.11.26-18.25.00:601][352]PIE:Warning: Warning Mobility of PointLight_2 : LightComponent0 has to be 'Movable' if you'd like to Mobility of {0} : {1} has to be 'Movable' if you'd like to {2}. . 
[2015.11.26-18.25.03:583][531]LogBlueprintUserMessages: [FourthKnockDownGame_C_0] 4 done
[2015.11.26-18.26.02:226][ 49]PIE:Warning: Warning Mobility of PointLight_3 : LightComponent0 has to be 'Movable' if you'd like to Mobility of {0} : {1} has to be 'Movable' if you'd like to {2}. . 
[2015.11.26-18.26.31:513][791]LogPackageName: SearchForPackageOnDisk took   0.254s to resolve Circus.umap.
[2015.11.26-18.26.31:764][792]LogPackageName: SearchForPackageOnDisk took   0.243s to resolve Circus.umap.
[2015.11.26-18.26.31:764][792]LogNet: Browse: /Game/ThirdPersonBP/Maps/Circus
[2015.11.26-18.26.31:764][792]LogLoad: LoadMap: /Game/ThirdPersonBP/Maps/Circus
[2015.11.26-18.26.31:831][792]LogParticles: Destroying 0 GPU particle simulations for FXSystem 0x000000007A226340
[2015.11.26-18.26.31:846][792]Cmd: MEM
[2015.11.26-18.26.31:860][792]LogMemory: Platform Memory Stats for Windows
[2015.11.26-18.26.31:860][792]LogMemory: Process Physical Memory: 1207.63 MB used, 1214.50 MB peak
[2015.11.26-18.26.31:860][792]LogMemory: Process Virtual Memory: 2030.77 MB used, 2038.35 MB peak
[2015.11.26-18.26.31:860][792]LogMemory: Physical Memory: 4184.13 MB used, 8079.30 MB total
[2015.11.26-18.26.31:860][792]LogMemory: Virtual Memory: 2690.00 MB used, 8388608.00 MB total
[2015.11.26-18.26.31:860][792]LogMemory: 
[2015.11.26-18.26.31:860][792]Allocator Stats for TBB: (not implemented)
[2015.11.26-18.26.31:860][792]LogPlayLevel: Creating play world package: /Game/ThirdPersonBP/Maps/UEDPIE_0_Circus
[2015.11.26-18.26.32:041][792]LogPlayLevel: PIE: StaticDuplicateObject took: (0.181016s)
[2015.11.26-18.26.32:043][792]LogAIModule: Creating AISystem for world Circus
[2015.11.26-18.26.32:043][792]LogPlayLevel: PIE: World Init took: (0.001738s)
[2015.11.26-18.26.32:043][792]LogPlayLevel: PIE: Created PIE world by copying editor world from /Game/ThirdPersonBP/Maps/Circus.Circus to /Game/ThirdPersonBP/Maps/UEDPIE_0_Circus.Circus (0.183010s)
[2015.11.26-18.26.32:043][792]LogWorld: Game class is 'ThirdPersonGameMode_C'
[2015.11.26-18.26.32:417][792]LogWorld:Warning: *** WARNING - PATHS MAY NOT BE VALID ***
[2015.11.26-18.26.32:417][792]LogWorld: Bringing World /Game/ThirdPersonBP/Maps/UEDPIE_0_Circus.Circus up for play (max tick rate 60) at 2015.11.26-13.26.32
[2015.11.26-18.26.32:417][792]LogActor:Warning: GameSession /Game/ThirdPersonBP/Maps/UEDPIE_0_Circus.Circus:PersistentLevel.GameSession_7 has natively added scene component(s), but none of them were set as the actor's RootComponent - picking one arbitrarily
[2015.11.26-18.26.32:419][792]LogActor:Warning: GameNetworkManager /Game/ThirdPersonBP/Maps/UEDPIE_0_Circus.Circus:PersistentLevel.GameNetworkManager_7 has natively added scene component(s), but none of them were set as the actor's RootComponent - picking one arbitrarily
[2015.11.26-18.26.32:449][792]LogWorld: Bringing up level for play took: 0.402941
[2015.11.26-18.26.34:061][885]LogBlueprintUserMessages: Early EndPlayMap Detection: Level '/Game/ThirdPersonBP/Maps/Circus.Circus:PersistentLevel' has LevelScriptBlueprint '/Game/ThirdPersonBP/Maps/Circus.Circus:PersistentLevel.Circus' with GeneratedClass '/Game/ThirdPersonBP/Maps/Circus.Circus_C' with ClassGeneratedBy '/Game/ThirdPersonBP/Maps/Circus.Circus:PersistentLevel.Circus'
[2015.11.26-18.26.34:189][885]LogBlueprintUserMessages: Late EndPlayMap Detection: Level '/Game/ThirdPersonBP/Maps/Circus.Circus:PersistentLevel' has LevelScriptBlueprint '/Game/ThirdPersonBP/Maps/Circus.Circus:PersistentLevel.Circus' with GeneratedClass '/Game/ThirdPersonBP/Maps/Circus.Circus_C' with ClassGeneratedBy '/Game/ThirdPersonBP/Maps/Circus.Circus:PersistentLevel.Circus'
[2015.11.26-18.26.34:222][885]LogParticles: Destroying 0 GPU particle simulations for FXSystem 0x0000000021923880
[2015.11.26-18.29.18:653][621]Cmd: QUIT_EDITOR
[2015.11.26-18.29.19:062][621]LogExit: Preparing to exit.
[2015.11.26-18.29.20:330][621]LogExit: Editor shut down
[2015.11.26-18.29.20:330][621]LogExit: Transaction tracking system shut down
[2015.11.26-18.29.20:338][621]LogParticles: Destroying 0 GPU particle simulations for FXSystem 0x000000003657B880
[2015.11.26-18.29.20:339][621]LogParticles: Destroying 0 GPU particle simulations for FXSystem 0x0000000037AFF6A0
[2015.11.26-18.29.20:339][621]LogParticles: Destroying 0 GPU particle simulations for FXSystem 0x00000000358E9620
[2015.11.26-18.29.20:339][621]LogParticles: Destroying 0 GPU particle simulations for FXSystem 0x00000000358E9760
[2015.11.26-18.29.20:339][621]LogParticles: Destroying 0 GPU particle simulations for FXSystem 0x00000000358E9D00
[2015.11.26-18.29.20:345][621]LogParticles: Destroying 0 GPU particle simulations for FXSystem 0x00000000237FECA0
[2015.11.26-18.29.20:621][621]LogExit: Object subsystem successfully closed.
[2015.11.26-18.29.20:642][621]LogD3D11RHI: Shutdown
[2015.11.26-18.29.20:642][621]LogD3D11RHI: CleanupD3DDevice
[2015.11.26-18.29.20:715][621]LogD3D11RHI: ~FD3D11DynamicRHI
[2015.11.26-18.29.20:980][621]LogModuleManager: Shutting down and abandoning module CrashTracker (197)
[2015.11.26-18.29.20:980][621]LogModuleManager: Shutting down and abandoning module SceneOutliner (196)
[2015.11.26-18.29.20:980][621]LogModuleManager: Shutting down and abandoning module SuperSearch (195)
[2015.11.26-18.29.20:980][621]LogModuleManager: Shutting down and abandoning module WidgetCarousel (194)
[2015.11.26-18.29.20:980][621]LogModuleManager: Shutting down and abandoning module AddContentDialog (193)
[2015.11.26-18.29.20:995][621]LogModuleManager: Shutting down and abandoning module EditorWidgets (192)
[2015.11.26-18.29.20:995][621]LogModuleManager: Shutting down and abandoning module CollectionManager (191)
[2015.11.26-18.29.20:996][621]LogModuleManager: Shutting down and abandoning module StatsViewer (190)
[2015.11.26-18.29.21:002][621]LogModuleManager: Shutting down and abandoning module FoliageEdit (189)
[2015.11.26-18.29.21:002][621]LogModuleManager: Shutting down and abandoning module LandscapeEditor (188)
[2015.11.26-18.29.21:041][621]LogModuleManager: Shutting down and abandoning module ActorPickerMode (187)
[2015.11.26-18.29.21:041][621]LogModuleManager: Shutting down and abandoning module GeometryMode (186)
[2015.11.26-18.29.21:041][621]LogModuleManager: Shutting down and abandoning module TextureAlignMode (185)
[2015.11.26-18.29.21:041][621]LogModuleManager: Shutting down and abandoning module BspMode (184)
[2015.11.26-18.29.21:041][621]LogModuleManager: Shutting down and abandoning module PlacementMode (183)
[2015.11.26-18.29.21:041][621]LogModuleManager: Shutting down and abandoning module AutomationWorker (182)
[2015.11.26-18.29.21:041][621]LogModuleManager: Shutting down and abandoning module CharacterAI (181)
[2015.11.26-18.29.21:041][621]LogModuleManager: Shutting down and abandoning module SmartSnapping (180)
[2015.11.26-18.29.21:041][621]LogModuleManager: Shutting down and abandoning module ViewportSnapping (179)
[2015.11.26-18.29.21:041][621]LogModuleManager: Shutting down and abandoning module LogVisualizer (178)
[2015.11.26-18.29.21:042][621]LogModuleManager: Shutting down and abandoning module GameProjectGeneration (177)
[2015.11.26-18.29.21:058][621]LogModuleManager: Shutting down and abandoning module IntroTutorials (176)
[2015.11.26-18.29.21:079][621]LogModuleManager: Shutting down and abandoning module EditorLiveStreaming (175)
[2015.11.26-18.29.21:079][621]LogModuleManager: Shutting down and abandoning module IOSPlatformEditor (174)
[2015.11.26-18.29.21:079][621]LogModuleManager: Shutting down and abandoning module HTML5PlatformEditor (173)
[2015.11.26-18.29.21:079][621]LogModuleManager: Shutting down and abandoning module AndroidDeviceDetection (172)
[2015.11.26-18.29.21:713][621]LogModuleManager: Shutting down and abandoning module AndroidPlatformEditor (171)
[2015.11.26-18.29.21:713][621]LogModuleManager: Shutting down and abandoning module IOSRuntimeSettings (170)
[2015.11.26-18.29.21:713][621]LogModuleManager: Shutting down and abandoning module AndroidRuntimeSettings (169)
[2015.11.26-18.29.21:713][621]LogModuleManager: Shutting down and abandoning module MergeActors (168)
[2015.11.26-18.29.21:755][621]LogModuleManager: Shutting down and abandoning module SizeMap (167)
[2015.11.26-18.29.21:755][621]LogModuleManager: Shutting down and abandoning module TreeMap (166)
[2015.11.26-18.29.21:755][621]LogModuleManager: Shutting down and abandoning module ReferenceViewer (165)
[2015.11.26-18.29.21:755][621]LogModuleManager: Shutting down and abandoning module LocalizationService (164)
[2015.11.26-18.29.21:756][621]LogModuleManager: Shutting down and abandoning module LocalizationDashboard (163)
[2015.11.26-18.29.21:770][621]LogModuleManager: Shutting down and abandoning module HardwareTargeting (162)
[2015.11.26-18.29.21:770][621]LogModuleManager: Shutting down and abandoning module DeviceProfileEditor (161)
[2015.11.26-18.29.21:770][621]LogModuleManager: Shutting down and abandoning module UndoHistory (160)
[2015.11.26-18.29.21:775][621]LogModuleManager: Shutting down and abandoning module GameplayTagsEditor (159)
[2015.11.26-18.29.21:775][621]LogModuleManager: Shutting down and abandoning module UserFeedback (158)
[2015.11.26-18.29.21:775][621]LogModuleManager: Shutting down and abandoning module XmlParser (157)
[2015.11.26-18.29.21:775][621]LogModuleManager: Shutting down and abandoning module Blutility (156)
[2015.11.26-18.29.21:775][621]LogModuleManager: Shutting down and abandoning module ProjectTargetPlatformEditor (155)
[2015.11.26-18.29.21:775][621]LogModuleManager: Shutting down and abandoning module ProjectSettingsViewer (154)
[2015.11.26-18.29.21:775][621]LogModuleManager: Shutting down and abandoning module InputBindingEditor (153)
[2015.11.26-18.29.21:789][621]LogModuleManager: Shutting down and abandoning module EditorSettingsViewer (152)
[2015.11.26-18.29.21:789][621]LogModuleManager: Shutting down and abandoning module SettingsEditor (151)
[2015.11.26-18.29.21:789][621]LogModuleManager: Shutting down and abandoning module ProjectLauncher (150)
[2015.11.26-18.29.21:789][621]LogModuleManager: Shutting down and abandoning module SessionFrontend (149)
[2015.11.26-18.29.21:789][621]LogModuleManager: Shutting down and abandoning module ProfilerClient (148)
[2015.11.26-18.29.21:797][621]LogModuleManager: Shutting down and abandoning module TargetDeviceServices (147)
[2015.11.26-18.29.21:797][621]LogModuleManager: Shutting down and abandoning module DeviceManager (146)
[2015.11.26-18.29.21:798][621]LogModuleManager: Shutting down and abandoning module AutomationController (145)
[2015.11.26-18.29.21:798][621]LogModuleManager: Shutting down and abandoning module AutomationWindow (144)
[2015.11.26-18.29.21:815][621]LogModuleManager: Shutting down and abandoning module Layers (143)
[2015.11.26-18.29.21:831][621]LogModuleManager: Shutting down and abandoning module ComponentVisualizers (142)
[2015.11.26-18.29.21:831][621]LogModuleManager: Shutting down and abandoning module DetailCustomizations (141)
[2015.11.26-18.29.21:845][621]LogModuleManager: Shutting down and abandoning module PackagesDialog (140)
[2015.11.26-18.29.21:845][621]LogModuleManager: Shutting down and abandoning module Persona (139)
[2015.11.26-18.29.21:854][621]LogModuleManager: Shutting down and abandoning module Kismet (138)
[2015.11.26-18.29.21:854][621]LogModuleManager: Shutting down and abandoning module GraphEditor (137)
[2015.11.26-18.29.21:854][621]LogModuleManager: Shutting down and abandoning module ClassViewer (136)
[2015.11.26-18.29.21:854][621]LogModuleManager: Shutting down and abandoning module Toolbox (135)
[2015.11.26-18.29.21:854][621]LogModuleManager: Shutting down and abandoning module ModuleUI (134)
[2015.11.26-18.29.21:865][621]LogModuleManager: Shutting down and abandoning module MovieSceneTools (133)
[2015.11.26-18.29.21:865][621]LogModuleManager: Shutting down and abandoning module OutputLog (132)
[2015.11.26-18.29.21:865][621]LogModuleManager: Shutting down and abandoning module GammaUI (131)
[2015.11.26-18.29.21:877][621]LogModuleManager: Shutting down and abandoning module Documentation (130)
[2015.11.26-18.29.21:877][621]LogModuleManager: Shutting down and abandoning module GameLiveStreaming (129)
[2015.11.26-18.29.21:877][621]LogModuleManager: Shutting down and abandoning module StreamingPauseRendering (128)
[2015.11.26-18.29.21:877][621]LogModuleManager: Shutting down and abandoning module AnalyticsET (127)
[2015.11.26-18.29.21:877][621]LogModuleManager: Shutting down and abandoning module Analytics (126)
[2015.11.26-18.29.21:877][621]LogModuleManager: Shutting down and abandoning module AITestSuite (125)
[2015.11.26-18.29.21:877][621]LogModuleManager: Shutting down and abandoning module GameplayDebugger (124)
[2015.11.26-18.29.21:877][621]LogModuleManager: Shutting down and abandoning module AIModule (123)
[2015.11.26-18.29.21:877][621]LogModuleManager: Shutting down and abandoning module ProfilerService (122)
[2015.11.26-18.29.21:893][621]LogModuleManager: Shutting down and abandoning module TaskGraph (121)
[2015.11.26-18.29.21:901][621]LogModuleManager: Shutting down and abandoning module SlateRemote (120)
[2015.11.26-18.29.21:901][621]LogModuleManager: Shutting down and abandoning module SteamVRController (119)
[2015.11.26-18.29.21:901][621]LogModuleManager: Shutting down and abandoning module SteamVR (118)
[2015.11.26-18.29.21:901][621]LogModuleManager: Shutting down and abandoning module ProceduralMeshComponent (117)
[2015.11.26-18.29.21:901][621]LogModuleManager: Shutting down and abandoning module OculusRift (116)
[2015.11.26-18.29.21:901][621]LogModuleManager: Shutting down and abandoning module OculusLibrary (115)
[2015.11.26-18.29.21:901][621]LogModuleManager: Shutting down and abandoning module LeapMotionController (114)
[2015.11.26-18.29.21:934][621]LogModuleManager: Shutting down and abandoning module CustomMeshComponent (113)
[2015.11.26-18.29.21:934][621]LogModuleManager: Shutting down and abandoning module CableComponent (112)
[2015.11.26-18.29.21:934][621]LogModuleManager: Shutting down and abandoning module ArchVisCharacter (111)
[2015.11.26-18.29.21:934][621]LogModuleManager: Shutting down and abandoning module MessagingDebugger (110)
[2015.11.26-18.29.21:942][621]LogModuleManager: Shutting down and abandoning module MediaPlayerEditor (109)
[2015.11.26-18.29.21:953][621]LogModuleManager: Shutting down and abandoning module HTML5Networking (108)
[2015.11.26-18.29.21:953][621]LogModuleManager: Shutting down and abandoning module SpeedTreeImporter (107)
[2015.11.26-18.29.21:953][621]LogModuleManager: Shutting down and abandoning module PluginBrowser (106)
[2015.11.26-18.29.21:953][621]LogModuleManager: Shutting down and abandoning module EpicSurvey (105)
[2015.11.26-18.29.21:953][621]LogModuleManager: Shutting down and abandoning module DesktopPlatform (104)
[2015.11.26-18.29.21:953][621]LogModuleManager: Shutting down and abandoning module VisualStudioSourceCodeAccess (103)
[2015.11.26-18.29.21:967][621]LogModuleManager: Shutting down and abandoning module UObjectPlugin (102)
[2015.11.26-18.29.21:967][621]LogModuleManager: Shutting down and abandoning module SubversionSourceControl (101)
[2015.11.26-18.29.21:967][621]LogModuleManager: Shutting down and abandoning module PerforceSourceControl (100)
[2015.11.26-18.29.21:968][621]LogModuleManager: Shutting down and abandoning module SourceControl (99)
[2015.11.26-18.29.21:968][621]LogModuleManager: Shutting down and abandoning module GitSourceControl (98)
[2015.11.26-18.29.21:968][621]LogModuleManager: Shutting down and abandoning module LightPropagationVolumeEditor (97)
[2015.11.26-18.29.21:968][621]LogModuleManager: Shutting down and abandoning module PaperTiledImporter (96)
[2015.11.26-18.29.21:968][621]LogModuleManager: Shutting down and abandoning module PaperSpriteSheetImporter (95)
[2015.11.26-18.29.21:968][621]LogModuleManager: Shutting down and abandoning module MeshPaint (94)
[2015.11.26-18.29.21:968][621]LogModuleManager: Shutting down and abandoning module SlateReflector (93)
[2015.11.26-18.29.21:979][621]LogModuleManager: Shutting down and abandoning module HotReload (92)
[2015.11.26-18.29.21:979][621]LogModuleManager: Shutting down and abandoning module MainFrame (91)
[2015.11.26-18.29.21:979][621]LogModuleManager: Shutting down and abandoning module LevelEditor (90)
[2015.11.26-18.29.21:989][621]LogModuleManager: Shutting down and abandoning module DirectoryWatcher (89)
[2015.11.26-18.29.21:990][621]LogModuleManager: Shutting down and abandoning module AssetRegistry (88)
[2015.11.26-18.29.28:082][621]LogModuleManager: Shutting down and abandoning module ContentBrowser (87)
[2015.11.26-18.29.28:083][621]LogModuleManager: Shutting down and abandoning module Paper2DEditor (86)
[2015.11.26-18.29.28:111][621]LogModuleManager: Shutting down and abandoning module UdpMessaging (85)
[2015.11.26-18.29.28:211][621]LogModuleManager: Shutting down and abandoning module LightPropagationVolumeRuntime (84)
[2015.11.26-18.29.28:211][621]LogModuleManager: Shutting down and abandoning module Paper2D (83)
[2015.11.26-18.29.28:216][621]LogModuleManager: Shutting down and abandoning module WindowsMoviePlayer (82)
[2015.11.26-18.29.28:232][621]LogModuleManager: Shutting down and abandoning module Media (81)
[2015.11.26-18.29.28:232][621]LogModuleManager: Shutting down and abandoning module WmfMedia (80)
[2015.11.26-18.29.28:233][621]LogModuleManager: Shutting down and abandoning module OnlineBlueprintSupport (79)
[2015.11.26-18.29.28:233][621]LogModuleManager: Shutting down and abandoning module GameplayTasksEditor (78)
[2015.11.26-18.29.28:233][621]LogModuleManager: Shutting down and abandoning module PropertyEditor (77)
[2015.11.26-18.29.28:233][621]LogModuleManager: Shutting down and abandoning module BehaviorTreeEditor (76)
[2015.11.26-18.29.28:233][621]LogModuleManager: Shutting down and abandoning module FunctionalTesting (75)
[2015.11.26-18.29.28:233][621]LogModuleManager: Shutting down and abandoning module CollisionAnalyzer (74)
[2015.11.26-18.29.28:233][621]LogModuleManager: Shutting down and abandoning module WorkspaceMenuStructure (73)
[2015.11.26-18.29.28:233][621]LogModuleManager: Shutting down and abandoning module MessageLog (72)
[2015.11.26-18.29.28:233][621]LogModuleManager: Shutting down and abandoning module Sequencer (71)
[2015.11.26-18.29.28:233][621]LogModuleManager: Shutting down and abandoning module AssetTools (70)
[2015.11.26-18.29.28:233][621]LogModuleManager: Shutting down and abandoning module UMGEditor (69)
[2015.11.26-18.29.28:233][621]LogModuleManager: Shutting down and abandoning module UMG (68)
[2015.11.26-18.29.28:233][621]LogModuleManager: Shutting down and abandoning module Slate (67)
[2015.11.26-18.29.28:233][621]LogModuleManager: Shutting down and abandoning module EditorStyle (66)
[2015.11.26-18.29.28:240][621]LogModuleManager: Shutting down and abandoning module SessionServices (65)
[2015.11.26-18.29.28:241][621]LogModuleManager: Shutting down and abandoning module SourceCodeAccess (64)
[2015.11.26-18.29.28:241][621]LogModuleManager: Shutting down and abandoning module HeadMountedDisplay (63)
[2015.11.26-18.29.28:241][621]LogModuleManager: Shutting down and abandoning module XAudio2 (62)
[2015.11.26-18.29.28:241][621]LogModuleManager: Shutting down and abandoning module Networking (60)
[2015.11.26-18.29.28:241][621]LogModuleManager: Shutting down and abandoning module Core (59)
[2015.11.26-18.29.28:241][621]LogModuleManager: Shutting down and abandoning module KismetCompiler (58)
[2015.11.26-18.29.28:241][621]LogModuleManager: Shutting down and abandoning module PhysXFormats (57)
[2015.11.26-18.29.28:241][621]LogModuleManager: Shutting down and abandoning module MeshUtilities (56)
[2015.11.26-18.29.28:241][621]LogModuleManager: Shutting down and abandoning module CookingStats (55)
[2015.11.26-18.29.28:251][621]LogModuleManager: Shutting down and abandoning module DerivedDataCache (54)
[2015.11.26-18.29.28:317][621]LogDerivedDataCache: Shutdown
[2015.11.26-18.29.28:317][621]LogModuleManager: Shutting down and abandoning module ShaderFormatOpenGL (53)
[2015.11.26-18.29.28:317][621]LogModuleManager: Shutting down and abandoning module ShaderFormatD3D (52)
[2015.11.26-18.29.28:317][621]LogModuleManager: Shutting down and abandoning module MetalShaderFormat (51)
[2015.11.26-18.29.28:317][621]LogModuleManager: Shutting down and abandoning module TextureFormatUncompressed (50)
[2015.11.26-18.29.28:317][621]LogModuleManager: Shutting down and abandoning module TextureFormatPVR (49)
[2015.11.26-18.29.28:317][621]LogModuleManager: Shutting down and abandoning module TextureFormatIntelISPCTexComp (48)
[2015.11.26-18.29.28:317][621]LogModuleManager: Shutting down and abandoning module TextureFormatDXT (47)
[2015.11.26-18.29.28:317][621]LogModuleManager: Shutting down and abandoning module ImageWrapper (46)
[2015.11.26-18.29.28:317][621]LogModuleManager: Shutting down and abandoning module TextureFormatASTC (45)
[2015.11.26-18.29.28:317][621]LogModuleManager: Shutting down and abandoning module TextureFormatAndroid (44)
[2015.11.26-18.29.28:325][621]LogModuleManager: Shutting down and abandoning module AudioFormatOpus (43)
[2015.11.26-18.29.28:325][621]LogModuleManager: Shutting down and abandoning module AudioFormatOgg (42)
[2015.11.26-18.29.28:325][621]LogModuleManager: Shutting down and abandoning module AudioFormatADPCM (41)
[2015.11.26-18.29.28:325][621]LogModuleManager: Shutting down and abandoning module LinuxTargetPlatform (40)
[2015.11.26-18.29.28:326][621]LogModuleManager: Shutting down and abandoning module LinuxServerTargetPlatform (39)
[2015.11.26-18.29.28:326][621]LogModuleManager: Shutting down and abandoning module LinuxNoEditorTargetPlatform (38)
[2015.11.26-18.29.28:326][621]LogModuleManager: Shutting down and abandoning module Messaging (37)
[2015.11.26-18.29.28:326][621]LogModuleManager: Shutting down and abandoning module IOSTargetPlatform (36)
[2015.11.26-18.29.28:326][621]LogModuleManager: Shutting down and abandoning module HTML5TargetPlatform (35)
[2015.11.26-18.29.28:326][621]LogModuleManager: Shutting down and abandoning module Android_PVRTCTargetPlatform (34)
[2015.11.26-18.29.28:326][621]LogModuleManager: Shutting down and abandoning module Android_ETC2TargetPlatform (33)
[2015.11.26-18.29.28:326][621]LogModuleManager: Shutting down and abandoning module Android_ETC1TargetPlatform (32)
[2015.11.26-18.29.28:326][621]LogModuleManager: Shutting down and abandoning module Android_DXTTargetPlatform (31)
[2015.11.26-18.29.28:326][621]LogModuleManager: Shutting down and abandoning module Android_ATCTargetPlatform (30)
[2015.11.26-18.29.28:326][621]LogModuleManager: Shutting down and abandoning module Android_ASTCTargetPlatform (29)
[2015.11.26-18.29.28:326][621]LogModuleManager: Shutting down and abandoning module AndroidTargetPlatform (28)
[2015.11.26-18.29.28:326][621]LogModuleManager: Shutting down and abandoning module WindowsTargetPlatform (27)
[2015.11.26-18.29.28:326][621]LogModuleManager: Shutting down and abandoning module WindowsServerTargetPlatform (26)
[2015.11.26-18.29.28:326][621]LogModuleManager: Shutting down and abandoning module WindowsNoEditorTargetPlatform (25)
[2015.11.26-18.29.28:326][621]LogModuleManager: Shutting down and abandoning module WindowsClientTargetPlatform (24)
[2015.11.26-18.29.28:326][621]LogModuleManager: Shutting down and abandoning module AllDesktopTargetPlatform (23)
[2015.11.26-18.29.28:326][621]LogModuleManager: Shutting down and abandoning module TargetPlatform (22)
[2015.11.26-18.29.28:326][621]LogModuleManager: Shutting down and abandoning module InputCore (21)
[2015.11.26-18.29.28:326][621]LogModuleManager: Shutting down and abandoning module Settings (20)
[2015.11.26-18.29.28:326][621]LogModuleManager: Shutting down and abandoning module OnlineSubsystem (18)
[2015.11.26-18.29.28:326][621]LogModuleManager: Shutting down and abandoning module HTTP (17)
[2015.11.26-18.29.32:327][621]LogModuleManager: Shutting down and abandoning module XMPP (16)
[2015.11.26-18.29.32:327][621]LogModuleManager: Shutting down and abandoning module ExampleDeviceProfileSelector (15)
[2015.11.26-18.29.32:327][621]LogModuleManager: Shutting down and abandoning module TextureCompressor (14)
[2015.11.26-18.29.32:327][621]LogModuleManager: Shutting down and abandoning module ShaderCore (13)
[2015.11.26-18.29.32:327][621]LogModuleManager: Shutting down and abandoning module Landscape (12)
[2015.11.26-18.29.32:327][621]LogModuleManager: Shutting down and abandoning module SlateRHIRenderer (11)
[2015.11.26-18.29.32:330][621]LogModuleManager: Shutting down and abandoning module OpenGLDrv (10)
[2015.11.26-18.29.32:330][621]LogModuleManager: Shutting down and abandoning module D3D11RHI (9)
[2015.11.26-18.29.32:330][621]LogModuleManager: Shutting down and abandoning module AnimGraphRuntime (8)
[2015.11.26-18.29.32:330][621]LogModuleManager: Shutting down and abandoning module Renderer (7)
[2015.11.26-18.29.32:330][621]LogModuleManager: Shutting down and abandoning module Engine (6)
[2015.11.26-18.29.32:330][621]LogModuleManager: Shutting down and abandoning module CoreUObject (5)
[2015.11.26-18.29.32:344][621]LogModuleManager: Shutting down and abandoning module NetworkFile (4)
[2015.11.26-18.29.32:344][621]LogModuleManager: Shutting down and abandoning module StreamingFile (3)
[2015.11.26-18.29.32:344][621]LogModuleManager: Shutting down and abandoning module SandboxFile (2)
[2015.11.26-18.29.32:344][621]LogModuleManager: Shutting down and abandoning module PakFile (1)
[2015.11.26-18.29.32:345][621]LogExit: Exiting.
[2015.11.26-18.29.32:348][621]Log file closed, 11/26/15 13:29:32
