[2015.12.01-14.02.47:126][  0]Log file open, 12/01/15 09:02:47
[2015.12.01-14.02.47:126][  0]LogInit:Display: Running engine for game: NightmareGame
[2015.12.01-14.02.47:126][  0]LogInit:Display: RandInit(505055155) SRandInit(505055156).
[2015.12.01-14.02.47:126][  0]LogTaskGraph: Started task graph with 4 named threads and 7 total threads.
[2015.12.01-14.02.47:126][  0]LogStats: Stats thread started at 0.091951
[2015.12.01-14.02.47:126][  0]LogInit: Version: 4.9.2-2707645+++depot+UE4-Releases+4.9
[2015.12.01-14.02.47:126][  0]LogInit: API Version: 2672455
[2015.12.01-14.02.47:126][  0]LogInit: Compiled (64-bit): Sep 28 2015 10:25:44
[2015.12.01-14.02.47:126][  0]LogInit: Compiled with Visual C++: 18.00.21005.01
[2015.12.01-14.02.47:126][  0]LogInit: Build Configuration: Development
[2015.12.01-14.02.47:126][  0]LogInit: Branch Name: ++depot+UE4-Releases+4.9
[2015.12.01-14.02.47:126][  0]LogInit: Command line:  /Temp/Autosaves/Game/ThirdPersonBP/Maps/UEDPCAntiHub -game -PIEVIACONSOLE -ResX=1280 -ResY=720  -Multiprocess 
[2015.12.01-14.02.47:126][  0]LogInit: Base directory: C:/Program Files/Epic Games/4.9/Engine/Binaries/Win64/
[2015.12.01-14.02.47:126][  0]LogInit: Rocket: 1
[2015.12.01-14.02.47:142][  0]LogInit: Using libcurl 7.41.0
[2015.12.01-14.02.47:142][  0]LogInit:  - built for x86_64-pc-win32
[2015.12.01-14.02.47:142][  0]LogInit:  - supports SSL with WinSSL
[2015.12.01-14.02.47:142][  0]LogInit:  - other features:
[2015.12.01-14.02.47:142][  0]LogInit:      CURL_VERSION_SSL
[2015.12.01-14.02.47:142][  0]LogInit:      CURL_VERSION_IPV6
[2015.12.01-14.02.47:142][  0]LogInit:      CURL_VERSION_ASYNCHDNS
[2015.12.01-14.02.47:142][  0]LogInit:      CURL_VERSION_LARGEFILE
[2015.12.01-14.02.47:142][  0]LogInit:      CURL_VERSION_IDN
[2015.12.01-14.02.47:142][  0]LogInit:  CurlRequestOptions (configurable via config and command line):
[2015.12.01-14.02.47:142][  0]LogInit:  - bVerifyPeer = true  - Libcurl will verify peer certificate
[2015.12.01-14.02.47:142][  0]LogInit:  - bUseHttpProxy = false  - Libcurl will NOT use HTTP proxy
[2015.12.01-14.02.47:142][  0]LogInit:  - bDontReuseConnections = false  - Libcurl will reuse connections
[2015.12.01-14.02.47:142][  0]LogInit:  - CertBundlePath = nullptr  - Libcurl will use whatever was configured at build time.
[2015.12.01-14.02.47:154][  0]LogInit: Presizing for 0 objects not considered by GC, pre-allocating 0 bytes.
[2015.12.01-14.02.47:161][  0]LogInit: Object subsystem initialized
[2015.12.01-14.02.47:164][  0]LogInit: Selected Device Profile: [Windows]
[2015.12.01-14.02.47:164][  0]LogInit: Applying CVar settings loaded from the selected device profile: [Windows]
[2015.12.01-14.02.47:167][  0]LogInit: Computer: NICKSCOMPUTER
[2015.12.01-14.02.47:167][  0]LogInit: User: ntanc000
[2015.12.01-14.02.47:167][  0]LogInit: CPU Page size=4096, Cores=4
[2015.12.01-14.02.47:167][  0]LogInit: High frequency timer resolution =2.537595 MHz
[2015.12.01-14.02.47:167][  0]LogMemory: Memory total: Physical=15.9GB (16GB approx)
[2015.12.01-14.02.47:167][  0]LogMemory: Platform Memory Stats for Windows
[2015.12.01-14.02.47:167][  0]LogMemory: Process Physical Memory: 54.22 MB used, 54.22 MB peak
[2015.12.01-14.02.47:167][  0]LogMemory: Process Virtual Memory: 58.23 MB used, 58.23 MB peak
[2015.12.01-14.02.47:167][  0]LogMemory: Physical Memory: 3722.74 MB used, 16269.45 MB total
[2015.12.01-14.02.47:167][  0]LogMemory: Virtual Memory: 372.15 MB used, 134217728.00 MB total
[2015.12.01-14.02.47:234][  0]LogTextLocalizationManager: No specific translations for ('en-US') exist, so ('en') translations will be used.
[2015.12.01-14.02.47:984][  0]LogD3D11RHI: Found D3D11 adapter 0: NVIDIA GeForce GTX 980M  (Feature Level 11_0)
[2015.12.01-14.02.47:984][  0]LogD3D11RHI: Adapter has 4012MB of dedicated video memory, 0MB of dedicated system memory, and 8134MB of shared system memory, 1 output[s]
[2015.12.01-14.02.47:993][  0]LogD3D11RHI: Found D3D11 adapter 1: Intel(R) HD Graphics 4600 (Feature Level 11_0)
[2015.12.01-14.02.47:993][  0]LogD3D11RHI: Adapter has 112MB of dedicated video memory, 0MB of dedicated system memory, and 8134MB of shared system memory, 0 output[s]
[2015.12.01-14.02.47:996][  0]LogD3D11RHI: Found D3D11 adapter 2: Microsoft Basic Render Driver (Feature Level 11_0)
[2015.12.01-14.02.47:996][  0]LogD3D11RHI: Adapter has 0MB of dedicated video memory, 0MB of dedicated system memory, and 8134MB of shared system memory, 0 output[s]
[2015.12.01-14.02.47:996][  0]LogD3D11RHI: Chosen D3D11 Adapter Id = 0
[2015.12.01-14.02.48:000][  0]LogD3D11RHI: !Direct3DDevice
[2015.12.01-14.02.48:000][  0]LogRHI: Texture pool is 1361 MB (70% of 1945 MB)
[2015.12.01-14.02.48:018][  0]LogD3D11RHI: Async texture creation enabled
[2015.12.01-14.02.48:038][  0]LogShaderCompilers: Guid format shader working directory is 15 characters bigger than the processId version (../../../../../../Users/ntanc_000/Desktop/NightmareGame/TheGame/Intermediate/Shaders/WorkingDirectory/5044/).
[2015.12.01-14.02.48:039][  0]LogShaderCompilers: Cleaned the shader compiler working directory '../../../../../../Users/ntanc_000/Desktop/NightmareGame/TheGame/Intermediate/Shaders/tmp/2D7141694DBE397898F3099E3287C3AE/'.
[2015.12.01-14.02.48:039][  0]LogShaderCompilers:Display: Using Local Shader Compiler.
[2015.12.01-14.02.49:114][  0]LogTemp:Display: Loaded TP AllDesktopTargetPlatform
[2015.12.01-14.02.49:120][  0]LogTemp:Display: Loaded TP WindowsClientTargetPlatform
[2015.12.01-14.02.49:127][  0]LogTemp:Display: Loaded TP WindowsNoEditorTargetPlatform
[2015.12.01-14.02.49:133][  0]LogTemp:Display: Loaded TP WindowsServerTargetPlatform
[2015.12.01-14.02.49:140][  0]LogTemp:Display: Loaded TP WindowsTargetPlatform
[2015.12.01-14.02.49:144][  0]LogTemp:Display: Loaded TP AndroidTargetPlatform
[2015.12.01-14.02.49:148][  0]LogTemp:Display: Loaded TP Android_ASTCTargetPlatform
[2015.12.01-14.02.49:153][  0]LogTemp:Display: Loaded TP Android_ATCTargetPlatform
[2015.12.01-14.02.49:157][  0]LogTemp:Display: Loaded TP Android_DXTTargetPlatform
[2015.12.01-14.02.49:161][  0]LogTemp:Display: Loaded TP Android_ETC1TargetPlatform
[2015.12.01-14.02.49:165][  0]LogTemp:Display: Loaded TP Android_ETC2TargetPlatform
[2015.12.01-14.02.49:169][  0]LogTemp:Display: Loaded TP Android_PVRTCTargetPlatform
[2015.12.01-14.02.49:171][  0]LogTemp:Display: Loaded TP HTML5TargetPlatform
[2015.12.01-14.02.49:191][  0]LogTemp:Display: Loaded TP IOSTargetPlatform
[2015.12.01-14.02.49:196][  0]LogTemp:Display: Loaded TP LinuxNoEditorTargetPlatform
[2015.12.01-14.02.49:200][  0]LogTemp:Display: Loaded TP LinuxServerTargetPlatform
[2015.12.01-14.02.49:204][  0]LogTemp:Display: Loaded TP LinuxTargetPlatform
[2015.12.01-14.02.49:205][  0]LogTargetPlatformManager:Display: Building Assets For Windows
[2015.12.01-14.02.49:305][  0]LogDerivedDataCache:Display: Max Cache Size: 512 MB
[2015.12.01-14.02.49:355][  0]LogDerivedDataCache: Loaded boot cache 0.05s 57MB C:/Users/ntanc_000/AppData/Local/UnrealEngine/4.9/DerivedDataCache/Boot.ddc.
[2015.12.01-14.02.49:355][  0]LogDerivedDataCache:Display: Loaded Boot cache: C:/Users/ntanc_000/AppData/Local/UnrealEngine/4.9/DerivedDataCache/Boot.ddc
[2015.12.01-14.02.49:355][  0]LogDerivedDataCache: FDerivedDataBackendGraph:  Pak pak cache file ../../../../../../Users/ntanc_000/Desktop/NightmareGame/TheGame/DerivedDataCache/DDC.ddp not found, will not use a pak cache.
[2015.12.01-14.02.49:355][  0]LogDerivedDataCache: Unable to find inner node Pak for hierarchical cache Hierarchy.
[2015.12.01-14.02.49:355][  0]LogDerivedDataCache: FDerivedDataBackendGraph:  CompressedPak pak cache file ../../../../../../Users/ntanc_000/Desktop/NightmareGame/TheGame/DerivedDataCache/Compressed.ddp not found, will not use a pak cache.
[2015.12.01-14.02.49:355][  0]LogDerivedDataCache: Unable to find inner node CompressedPak for hierarchical cache Hierarchy.
[2015.12.01-14.02.49:482][  0]LogDerivedDataCache:Display: Pak cache opened for reading ../../../Engine/DerivedDataCache/Compressed.ddp.
[2015.12.01-14.02.49:495][  0]LogDerivedDataCache: Using Local data cache path C:/Users/ntanc_000/AppData/Local/UnrealEngine/Common/DerivedDataCache: Writable
[2015.12.01-14.02.49:650][  0]LogInit: Selected Device Profile: [Windows]
[2015.12.01-14.02.49:653][  0]LogContentStreaming: Texture pool size is 1000.000000MB
[2015.12.01-14.02.49:760][  0]LogMeshUtilities: No automatic mesh reduction module available
[2015.12.01-14.02.49:760][  0]LogMeshUtilities: No automatic mesh merging module available
[2015.12.01-14.02.49:971][  0]LogInit: WinSock: version 1.1 (2.2), MaxSocks=32767, MaxUdp=65467
[2015.12.01-14.02.50:207][  0]LogWindowsMoviePlayer: Unable to load movie: ../../../../../../Users/ntanc_000/Desktop/NightmareGame/TheGame/Content/Movies/Default_Startup.mp4
[2015.12.01-14.02.50:391][  0]SourceControl: Info Source control is disabled
[2015.12.01-14.02.50:391][  0]SourceControl: Info Source control is disabled
[2015.12.01-14.02.50:429][  0]SourceControl: Info Source control is disabled
[2015.12.01-14.02.50:581][  0]LogLinker:Warning: Asset '../../../Engine/Plugins/Runtime/LeapMotionController/Content/LM_PassthroughMaterial.uasset' has been saved with empty engine version. The asset will be loaded but may be incompatible.
[2015.12.01-14.02.50:692][  0]LogObj: 27669 objects as part of root set at end of initial load.
[2015.12.01-14.02.50:692][  0]LogUObjectAllocator: 5775704 out of 0 bytes used by permanent object pool.
[2015.12.01-14.02.50:798][  0]LogEngine: Initializing Engine...
[2015.12.01-14.02.50:802][  0]LogHMD: Can't find Oculus library dev build: is proper Runtime installed? Version: 0.7.0.0
[2015.12.01-14.02.50:807][  0]LogHMD: SteamVR failed to initialize.  Err: 110
[2015.12.01-14.02.50:947][  0]LogInit: XAudio2 using 'Speakers (Sound Blaster Recon3Di)' : 2 channels at 48 kHz using 32 bits per sample (channel mask 0x3)
[2015.12.01-14.02.50:966][  0]LogInit: FAudioDevice initialized.
[2015.12.01-14.02.50:970][  0]LogInit: Texture streaming: Enabled
[2015.12.01-14.02.51:048][  0]LogNet: Browse: /Temp/Autosaves/Game/ThirdPersonBP/Maps/UEDPCAntiHub?Name=Player
[2015.12.01-14.02.51:050][  0]LogLoad: LoadMap: /Temp/Autosaves/Game/ThirdPersonBP/Maps/UEDPCAntiHub?Name=Player
[2015.12.01-14.02.51:063][  0]LogParticles: Destroying 0 GPU particle simulations for FXSystem 0x000001FB05C50720
[2015.12.01-14.02.51:075][  0]LogMemory: Platform Memory Stats for Windows
[2015.12.01-14.02.51:075][  0]LogMemory: Process Physical Memory: 387.57 MB used, 387.57 MB peak
[2015.12.01-14.02.51:075][  0]LogMemory: Process Virtual Memory: 438.78 MB used, 438.79 MB peak
[2015.12.01-14.02.51:075][  0]LogMemory: Physical Memory: 4000.46 MB used, 16269.45 MB total
[2015.12.01-14.02.51:075][  0]LogMemory: Virtual Memory: 979.96 MB used, 134217728.00 MB total
[2015.12.01-14.02.51:075][  0]LogMemory: 
[2015.12.01-14.02.51:075][  0]Allocator Stats for TBB: (not implemented)
[2015.12.01-14.02.51:794][  0]LogAIModule: Creating AISystem for world AntiHub
[2015.12.01-14.02.51:833][  0]LogWorld: Game class is 'ThirdPersonGameMode_C'
[2015.12.01-14.02.51:839][  0]LogWorld: Bringing World /Temp/Autosaves/Game/ThirdPersonBP/Maps/UEDPCAntiHub.AntiHub up for play (max tick rate 0) at 2015.12.01-09.02.51
[2015.12.01-14.02.51:839][  0]LogWorld: Bringing up level for play took: 0.005053
[2015.12.01-14.02.51:843][  0]LogInit:Display: Game Engine Initialized.
[2015.12.01-14.02.52:070][  0]LogLoad: Full Startup: 5.36 seconds (BP compile: 0.16 seconds)
[2015.12.01-14.02.52:087][  0]LogWindowsTextInputMethodSystem:Display: IME system now deactivated.
[2015.12.01-14.02.52:088][  0]LogWindowsTextInputMethodSystem:Display: IME system now deactivated.
[2015.12.01-14.02.52:148][  0]LogRenderer: Reallocating scene render targets to support 128x128 (Frame:1).
[2015.12.01-14.02.52:271][  1]LogRenderer: Reallocating scene render targets to support 1280x720 (Frame:2).
[2015.12.01-14.05.40:854][428]LogWindowsTextInputMethodSystem:Display: IME system now deactivated.
[2015.12.01-14.05.40:854][428]LogWindowsTextInputMethodSystem:Display: IME system now deactivated.
[2015.12.01-14.05.40:858][428]LogEngine: All Windows Closed
[2015.12.01-14.05.40:858][428]LogWindows: FPlatformMisc::RequestExit(0)
[2015.12.01-14.05.41:868][429]LogExit: Preparing to exit.
[2015.12.01-14.05.42:007][429]LogExit: Game engine shut down
[2015.12.01-14.05.42:008][429]LogParticles: Destroying 0 GPU particle simulations for FXSystem 0x000001FB051B5120
[2015.12.01-14.05.42:253][429]LogExit: Object subsystem successfully closed.
[2015.12.01-14.05.42:275][429]LogD3D11RHI: Shutdown
[2015.12.01-14.05.42:275][429]LogD3D11RHI: CleanupD3DDevice
[2015.12.01-14.05.42:386][429]LogD3D11RHI: ~FD3D11DynamicRHI
[2015.12.01-14.05.42:408][429]LogModuleManager: Shutting down and abandoning module AndroidDeviceDetection (115)
[2015.12.01-14.05.43:138][429]LogModuleManager: Shutting down and abandoning module AutomationController (114)
[2015.12.01-14.05.43:138][429]LogModuleManager: Shutting down and abandoning module AutomationWorker (113)
[2015.12.01-14.05.43:138][429]LogModuleManager: Shutting down and abandoning module CharacterAI (112)
[2015.12.01-14.05.43:138][429]LogModuleManager: Shutting down and abandoning module AITestSuite (111)
[2015.12.01-14.05.43:138][429]LogModuleManager: Shutting down and abandoning module GameplayDebugger (110)
[2015.12.01-14.05.43:138][429]LogModuleManager: Shutting down and abandoning module AIModule (109)
[2015.12.01-14.05.43:138][429]LogModuleManager: Shutting down and abandoning module GameLiveStreaming (108)
[2015.12.01-14.05.43:138][429]LogModuleManager: Shutting down and abandoning module StreamingPauseRendering (107)
[2015.12.01-14.05.43:138][429]LogModuleManager: Shutting down and abandoning module ProfilerService (106)
[2015.12.01-14.05.43:147][429]LogModuleManager: Shutting down and abandoning module TaskGraph (105)
[2015.12.01-14.05.43:147][429]LogModuleManager: Shutting down and abandoning module SlateRemote (104)
[2015.12.01-14.05.43:147][429]LogModuleManager: Shutting down and abandoning module SteamVRController (103)
[2015.12.01-14.05.43:147][429]LogModuleManager: Shutting down and abandoning module SteamVR (102)
[2015.12.01-14.05.43:147][429]LogModuleManager: Shutting down and abandoning module ProceduralMeshComponent (101)
[2015.12.01-14.05.43:147][429]LogModuleManager: Shutting down and abandoning module OculusRift (100)
[2015.12.01-14.05.43:147][429]LogModuleManager: Shutting down and abandoning module OculusLibrary (99)
[2015.12.01-14.05.43:147][429]LogModuleManager: Shutting down and abandoning module LeapMotionController (98)
[2015.12.01-14.05.43:159][429]LogModuleManager: Shutting down and abandoning module CustomMeshComponent (97)
[2015.12.01-14.05.43:159][429]LogModuleManager: Shutting down and abandoning module CableComponent (96)
[2015.12.01-14.05.43:159][429]LogModuleManager: Shutting down and abandoning module ArchVisCharacter (95)
[2015.12.01-14.05.43:159][429]LogModuleManager: Shutting down and abandoning module HTML5Networking (94)
[2015.12.01-14.05.43:159][429]LogModuleManager: Shutting down and abandoning module DesktopPlatform (93)
[2015.12.01-14.05.43:159][429]LogModuleManager: Shutting down and abandoning module DirectoryWatcher (92)
[2015.12.01-14.05.43:159][429]LogModuleManager: Shutting down and abandoning module HotReload (91)
[2015.12.01-14.05.43:159][429]LogModuleManager: Shutting down and abandoning module VisualStudioSourceCodeAccess (90)
[2015.12.01-14.05.43:159][429]LogModuleManager: Shutting down and abandoning module UObjectPlugin (89)
[2015.12.01-14.05.43:159][429]LogModuleManager: Shutting down and abandoning module SubversionSourceControl (88)
[2015.12.01-14.05.43:159][429]LogModuleManager: Shutting down and abandoning module SourceControl (87)
[2015.12.01-14.05.43:160][429]LogModuleManager: Shutting down and abandoning module PerforceSourceControl (86)
[2015.12.01-14.05.43:160][429]LogModuleManager: Shutting down and abandoning module UdpMessaging (85)
[2015.12.01-14.05.43:160][429]LogModuleManager: Shutting down and abandoning module LightPropagationVolumeRuntime (84)
[2015.12.01-14.05.43:160][429]LogModuleManager: Shutting down and abandoning module Paper2D (83)
[2015.12.01-14.05.43:160][429]LogModuleManager: Shutting down and abandoning module WindowsMoviePlayer (82)
[2015.12.01-14.05.43:164][429]LogModuleManager: Shutting down and abandoning module Media (81)
[2015.12.01-14.05.43:164][429]LogModuleManager: Shutting down and abandoning module WmfMedia (80)
[2015.12.01-14.05.43:165][429]LogModuleManager: Shutting down and abandoning module OnlineBlueprintSupport (79)
[2015.12.01-14.05.43:165][429]LogModuleManager: Shutting down and abandoning module GameplayTasksEditor (78)
[2015.12.01-14.05.43:165][429]LogModuleManager: Shutting down and abandoning module PropertyEditor (77)
[2015.12.01-14.05.43:165][429]LogModuleManager: Shutting down and abandoning module BehaviorTreeEditor (76)
[2015.12.01-14.05.43:165][429]LogModuleManager: Shutting down and abandoning module FunctionalTesting (75)
[2015.12.01-14.05.43:165][429]LogModuleManager: Shutting down and abandoning module CollisionAnalyzer (74)
[2015.12.01-14.05.43:165][429]LogModuleManager: Shutting down and abandoning module WorkspaceMenuStructure (73)
[2015.12.01-14.05.43:165][429]LogModuleManager: Shutting down and abandoning module MessageLog (72)
[2015.12.01-14.05.43:165][429]LogModuleManager: Shutting down and abandoning module Sequencer (71)
[2015.12.01-14.05.43:165][429]LogModuleManager: Shutting down and abandoning module AssetTools (70)
[2015.12.01-14.05.43:165][429]LogModuleManager: Shutting down and abandoning module UMGEditor (69)
[2015.12.01-14.05.43:165][429]LogModuleManager: Shutting down and abandoning module UMG (68)
[2015.12.01-14.05.43:165][429]LogModuleManager: Shutting down and abandoning module Slate (67)
[2015.12.01-14.05.43:165][429]LogModuleManager: Shutting down and abandoning module EditorStyle (66)
[2015.12.01-14.05.43:167][429]LogModuleManager: Shutting down and abandoning module SessionServices (65)
[2015.12.01-14.05.43:167][429]LogModuleManager: Shutting down and abandoning module SourceCodeAccess (64)
[2015.12.01-14.05.43:167][429]LogModuleManager: Shutting down and abandoning module HeadMountedDisplay (63)
[2015.12.01-14.05.43:167][429]LogModuleManager: Shutting down and abandoning module XAudio2 (62)
[2015.12.01-14.05.43:167][429]LogModuleManager: Shutting down and abandoning module Networking (60)
[2015.12.01-14.05.43:167][429]LogModuleManager: Shutting down and abandoning module Core (59)
[2015.12.01-14.05.43:167][429]LogModuleManager: Shutting down and abandoning module KismetCompiler (58)
[2015.12.01-14.05.43:167][429]LogModuleManager: Shutting down and abandoning module PhysXFormats (57)
[2015.12.01-14.05.43:167][429]LogModuleManager: Shutting down and abandoning module MeshUtilities (56)
[2015.12.01-14.05.43:167][429]LogModuleManager: Shutting down and abandoning module CookingStats (55)
[2015.12.01-14.05.43:168][429]LogModuleManager: Shutting down and abandoning module DerivedDataCache (54)
[2015.12.01-14.05.43:208][429]LogDerivedDataCache: Shutdown
[2015.12.01-14.05.43:208][429]LogModuleManager: Shutting down and abandoning module ShaderFormatOpenGL (53)
[2015.12.01-14.05.43:208][429]LogModuleManager: Shutting down and abandoning module ShaderFormatD3D (52)
[2015.12.01-14.05.43:208][429]LogModuleManager: Shutting down and abandoning module MetalShaderFormat (51)
[2015.12.01-14.05.43:208][429]LogModuleManager: Shutting down and abandoning module TextureFormatUncompressed (50)
[2015.12.01-14.05.43:208][429]LogModuleManager: Shutting down and abandoning module TextureFormatPVR (49)
[2015.12.01-14.05.43:208][429]LogModuleManager: Shutting down and abandoning module TextureFormatIntelISPCTexComp (48)
[2015.12.01-14.05.43:208][429]LogModuleManager: Shutting down and abandoning module TextureFormatDXT (47)
[2015.12.01-14.05.43:208][429]LogModuleManager: Shutting down and abandoning module ImageWrapper (46)
[2015.12.01-14.05.43:208][429]LogModuleManager: Shutting down and abandoning module TextureFormatASTC (45)
[2015.12.01-14.05.43:208][429]LogModuleManager: Shutting down and abandoning module TextureFormatAndroid (44)
[2015.12.01-14.05.43:208][429]LogModuleManager: Shutting down and abandoning module AudioFormatOpus (43)
[2015.12.01-14.05.43:208][429]LogModuleManager: Shutting down and abandoning module AudioFormatOgg (42)
[2015.12.01-14.05.43:208][429]LogModuleManager: Shutting down and abandoning module AudioFormatADPCM (41)
[2015.12.01-14.05.43:208][429]LogModuleManager: Shutting down and abandoning module LinuxTargetPlatform (40)
[2015.12.01-14.05.43:208][429]LogModuleManager: Shutting down and abandoning module LinuxServerTargetPlatform (39)
[2015.12.01-14.05.43:208][429]LogModuleManager: Shutting down and abandoning module LinuxNoEditorTargetPlatform (38)
[2015.12.01-14.05.43:208][429]LogModuleManager: Shutting down and abandoning module Messaging (37)
[2015.12.01-14.05.43:208][429]LogModuleManager: Shutting down and abandoning module IOSTargetPlatform (36)
[2015.12.01-14.05.43:208][429]LogModuleManager: Shutting down and abandoning module HTML5TargetPlatform (35)
[2015.12.01-14.05.43:208][429]LogModuleManager: Shutting down and abandoning module Android_PVRTCTargetPlatform (34)
[2015.12.01-14.05.43:208][429]LogModuleManager: Shutting down and abandoning module Android_ETC2TargetPlatform (33)
[2015.12.01-14.05.43:208][429]LogModuleManager: Shutting down and abandoning module Android_ETC1TargetPlatform (32)
[2015.12.01-14.05.43:208][429]LogModuleManager: Shutting down and abandoning module Android_DXTTargetPlatform (31)
[2015.12.01-14.05.43:208][429]LogModuleManager: Shutting down and abandoning module Android_ATCTargetPlatform (30)
[2015.12.01-14.05.43:208][429]LogModuleManager: Shutting down and abandoning module Android_ASTCTargetPlatform (29)
[2015.12.01-14.05.43:208][429]LogModuleManager: Shutting down and abandoning module AndroidTargetPlatform (28)
[2015.12.01-14.05.43:208][429]LogModuleManager: Shutting down and abandoning module WindowsTargetPlatform (27)
[2015.12.01-14.05.43:208][429]LogModuleManager: Shutting down and abandoning module WindowsServerTargetPlatform (26)
[2015.12.01-14.05.43:208][429]LogModuleManager: Shutting down and abandoning module WindowsNoEditorTargetPlatform (25)
[2015.12.01-14.05.43:208][429]LogModuleManager: Shutting down and abandoning module WindowsClientTargetPlatform (24)
[2015.12.01-14.05.43:208][429]LogModuleManager: Shutting down and abandoning module AllDesktopTargetPlatform (23)
[2015.12.01-14.05.43:208][429]LogModuleManager: Shutting down and abandoning module TargetPlatform (22)
[2015.12.01-14.05.43:208][429]LogModuleManager: Shutting down and abandoning module InputCore (21)
[2015.12.01-14.05.43:208][429]LogModuleManager: Shutting down and abandoning module Settings (20)
[2015.12.01-14.05.43:208][429]LogModuleManager: Shutting down and abandoning module OnlineSubsystem (18)
[2015.12.01-14.05.43:208][429]LogModuleManager: Shutting down and abandoning module HTTP (17)
[2015.12.01-14.05.43:208][429]LogModuleManager: Shutting down and abandoning module XMPP (16)
[2015.12.01-14.05.43:208][429]LogModuleManager: Shutting down and abandoning module ExampleDeviceProfileSelector (15)
[2015.12.01-14.05.43:208][429]LogModuleManager: Shutting down and abandoning module TextureCompressor (14)
[2015.12.01-14.05.43:208][429]LogModuleManager: Shutting down and abandoning module ShaderCore (13)
[2015.12.01-14.05.43:209][429]LogModuleManager: Shutting down and abandoning module Landscape (12)
[2015.12.01-14.05.43:209][429]LogModuleManager: Shutting down and abandoning module SlateRHIRenderer (11)
[2015.12.01-14.05.43:209][429]LogModuleManager: Shutting down and abandoning module OpenGLDrv (10)
[2015.12.01-14.05.43:209][429]LogModuleManager: Shutting down and abandoning module D3D11RHI (9)
[2015.12.01-14.05.43:209][429]LogModuleManager: Shutting down and abandoning module AnimGraphRuntime (8)
[2015.12.01-14.05.43:209][429]LogModuleManager: Shutting down and abandoning module Renderer (7)
[2015.12.01-14.05.43:209][429]LogModuleManager: Shutting down and abandoning module Engine (6)
[2015.12.01-14.05.43:209][429]LogModuleManager: Shutting down and abandoning module CoreUObject (5)
[2015.12.01-14.05.43:209][429]LogModuleManager: Shutting down and abandoning module NetworkFile (4)
[2015.12.01-14.05.43:209][429]LogModuleManager: Shutting down and abandoning module StreamingFile (3)
[2015.12.01-14.05.43:209][429]LogModuleManager: Shutting down and abandoning module SandboxFile (2)
[2015.12.01-14.05.43:209][429]LogModuleManager: Shutting down and abandoning module PakFile (1)
[2015.12.01-14.05.43:209][429]LogExit: Exiting.
[2015.12.01-14.05.43:211][429]Log file closed, 12/01/15 09:05:43
