[2015.11.07-00.57.40:534][  0]Log file open, 11/06/15 19:57:40
[2015.11.07-00.57.40:534][  0]LogInit:Display: Running engine for game: NightmareGame
[2015.11.07-00.57.40:534][  0]LogInit:Display: RandInit(1074147938) SRandInit(1074147939).
[2015.11.07-00.57.40:534][  0]LogTaskGraph: Started task graph with 4 named threads and 5 total threads.
[2015.11.07-00.57.40:534][  0]LogStats: Stats thread started at 3.421481
[2015.11.07-00.57.40:534][  0]LogInit: Version: 4.9.2-2707645+++depot+UE4-Releases+4.9
[2015.11.07-00.57.40:534][  0]LogInit: API Version: 2672455
[2015.11.07-00.57.40:534][  0]LogInit: Compiled (64-bit): Sep 28 2015 10:25:44
[2015.11.07-00.57.40:534][  0]LogInit: Compiled with Visual C++: 18.00.21005.01
[2015.11.07-00.57.40:534][  0]LogInit: Build Configuration: Development
[2015.11.07-00.57.40:534][  0]LogInit: Branch Name: ++depot+UE4-Releases+4.9
[2015.11.07-00.57.40:534][  0]LogInit: Command line:  
[2015.11.07-00.57.40:534][  0]LogInit: Base directory: C:/Program Files/Epic Games/4.9/Engine/Binaries/Win64/
[2015.11.07-00.57.40:534][  0]LogInit: Rocket: 1
[2015.11.07-00.57.41:487][  0]LogInit: Using libcurl 7.41.0
[2015.11.07-00.57.41:487][  0]LogInit:  - built for x86_64-pc-win32
[2015.11.07-00.57.41:487][  0]LogInit:  - supports SSL with WinSSL
[2015.11.07-00.57.41:487][  0]LogInit:  - other features:
[2015.11.07-00.57.41:487][  0]LogInit:      CURL_VERSION_SSL
[2015.11.07-00.57.41:487][  0]LogInit:      CURL_VERSION_IPV6
[2015.11.07-00.57.41:487][  0]LogInit:      CURL_VERSION_ASYNCHDNS
[2015.11.07-00.57.41:487][  0]LogInit:      CURL_VERSION_LARGEFILE
[2015.11.07-00.57.41:487][  0]LogInit:      CURL_VERSION_IDN
[2015.11.07-00.57.41:487][  0]LogInit:  CurlRequestOptions (configurable via config and command line):
[2015.11.07-00.57.41:487][  0]LogInit:  - bVerifyPeer = true  - Libcurl will verify peer certificate
[2015.11.07-00.57.41:487][  0]LogInit:  - bUseHttpProxy = false  - Libcurl will NOT use HTTP proxy
[2015.11.07-00.57.41:487][  0]LogInit:  - bDontReuseConnections = false  - Libcurl will reuse connections
[2015.11.07-00.57.41:487][  0]LogInit:  - CertBundlePath = nullptr  - Libcurl will use whatever was configured at build time.
[2015.11.07-00.57.42:737][  0]LogInit: Presizing for 0 objects not considered by GC, pre-allocating 0 bytes.
[2015.11.07-00.57.42:737][  0]LogInit: Object subsystem initialized
[2015.11.07-00.57.42:737][  0]LogInit: Selected Device Profile: [Windows]
[2015.11.07-00.57.42:737][  0]LogInit: Applying CVar settings loaded from the selected device profile: [Windows]
[2015.11.07-00.57.45:472][  0]LogInit: Computer: DAKOTA-LAPTOP
[2015.11.07-00.57.45:472][  0]LogInit: User: Dakota
[2015.11.07-00.57.45:472][  0]LogInit: CPU Page size=4096, Cores=2
[2015.11.07-00.57.45:472][  0]LogInit: High frequency timer resolution =2.533198 MHz
[2015.11.07-00.57.45:472][  0]LogMemory: Memory total: Physical=11.9GB (12GB approx)
[2015.11.07-00.57.45:472][  0]LogMemory: Platform Memory Stats for Windows
[2015.11.07-00.57.45:472][  0]LogMemory: Process Physical Memory: 52.21 MB used, 52.21 MB peak
[2015.11.07-00.57.45:472][  0]LogMemory: Process Virtual Memory: 56.90 MB used, 56.90 MB peak
[2015.11.07-00.57.45:472][  0]LogMemory: Physical Memory: 1815.37 MB used, 12208.14 MB total
[2015.11.07-00.57.45:472][  0]LogMemory: Virtual Memory: 347.29 MB used, 134217728.00 MB total
[2015.11.07-00.57.50:866][  0]LogTextLocalizationManager: No specific translations for ('en-US') exist, so ('en') translations will be used.
[2015.11.07-00.57.55:903][  0]LogD3D11RHI: Found D3D11 adapter 0: Intel(R) HD Graphics Family (Feature Level 11_0)
[2015.11.07-00.57.55:903][  0]LogD3D11RHI: Adapter has 0MB of dedicated video memory, 0MB of dedicated system memory, and 1792MB of shared system memory, 1 output[s]
[2015.11.07-00.57.55:942][  0]LogD3D11RHI: Found D3D11 adapter 1: Microsoft Basic Render Driver (Feature Level 11_0)
[2015.11.07-00.57.55:942][  0]LogD3D11RHI: Adapter has 0MB of dedicated video memory, 0MB of dedicated system memory, and 256MB of shared system memory, 0 output[s]
[2015.11.07-00.57.55:942][  0]LogD3D11RHI: Chosen D3D11 Adapter Id = 0
[2015.11.07-00.57.55:946][  0]LogD3D11RHI: !Direct3DDevice
[2015.11.07-00.57.55:946][  0]LogRHI: Texture pool is 627 MB (70% of 896 MB)
[2015.11.07-00.57.55:954][  0]LogD3D11RHI: Async texture creation enabled
[2015.11.07-00.57.56:045][  0]LogShaderCompilers: Guid format shader working directory is 15 characters bigger than the processId version (D:/Year 3/Fall Semester/GDD II/Nightmare Game/NightmareGame/TheGame/Intermediate/Shaders/WorkingDirectory/4764/).
[2015.11.07-00.57.56:046][  0]LogShaderCompilers: Cleaned the shader compiler working directory 'D:/Year 3/Fall Semester/GDD II/Nightmare Game/NightmareGame/TheGame/Intermediate/Shaders/tmp/42CE472344130D0BC4694F8DEBDD1A24/'.
[2015.11.07-00.57.56:046][  0]LogShaderCompilers:Display: Using Local Shader Compiler.
[2015.11.07-00.58.13:157][  0]LogTemp:Display: Loaded TP AllDesktopTargetPlatform
[2015.11.07-00.58.13:234][  0]LogTemp:Display: Loaded TP WindowsClientTargetPlatform
[2015.11.07-00.58.13:332][  0]LogTemp:Display: Loaded TP WindowsNoEditorTargetPlatform
[2015.11.07-00.58.13:393][  0]LogTemp:Display: Loaded TP WindowsServerTargetPlatform
[2015.11.07-00.58.13:451][  0]LogTemp:Display: Loaded TP WindowsTargetPlatform
[2015.11.07-00.58.13:491][  0]LogTemp:Display: Loaded TP AndroidTargetPlatform
[2015.11.07-00.58.13:665][  0]LogTemp:Display: Loaded TP Android_ASTCTargetPlatform
[2015.11.07-00.58.13:740][  0]LogTemp:Display: Loaded TP Android_ATCTargetPlatform
[2015.11.07-00.58.13:778][  0]LogTemp:Display: Loaded TP Android_DXTTargetPlatform
[2015.11.07-00.58.13:843][  0]LogTemp:Display: Loaded TP Android_ETC1TargetPlatform
[2015.11.07-00.58.13:876][  0]LogTemp:Display: Loaded TP Android_ETC2TargetPlatform
[2015.11.07-00.58.13:906][  0]LogTemp:Display: Loaded TP Android_PVRTCTargetPlatform
[2015.11.07-00.58.13:938][  0]LogTemp:Display: Loaded TP HTML5TargetPlatform
[2015.11.07-00.58.14:137][  0]LogTemp:Display: Loaded TP IOSTargetPlatform
[2015.11.07-00.58.14:239][  0]LogTemp:Display: Loaded TP LinuxNoEditorTargetPlatform
[2015.11.07-00.58.14:270][  0]LogTemp:Display: Loaded TP LinuxServerTargetPlatform
[2015.11.07-00.58.14:415][  0]LogTemp:Display: Loaded TP LinuxTargetPlatform
[2015.11.07-00.58.14:415][  0]LogTargetPlatformManager:Display: Building Assets For Windows
[2015.11.07-00.58.17:863][  0]LogDerivedDataCache:Display: Max Cache Size: 512 MB
[2015.11.07-00.58.24:956][  0]LogDerivedDataCache: Loaded boot cache 7.09s 57MB C:/Users/Dakota/AppData/Local/UnrealEngine/4.9/DerivedDataCache/Boot.ddc.
[2015.11.07-00.58.24:956][  0]LogDerivedDataCache:Display: Loaded Boot cache: C:/Users/Dakota/AppData/Local/UnrealEngine/4.9/DerivedDataCache/Boot.ddc
[2015.11.07-00.58.24:956][  0]LogDerivedDataCache: FDerivedDataBackendGraph:  Pak pak cache file D:/Year 3/Fall Semester/GDD II/Nightmare Game/NightmareGame/TheGame/DerivedDataCache/DDC.ddp not found, will not use a pak cache.
[2015.11.07-00.58.24:956][  0]LogDerivedDataCache: Unable to find inner node Pak for hierarchical cache Hierarchy.
[2015.11.07-00.58.24:957][  0]LogDerivedDataCache: FDerivedDataBackendGraph:  CompressedPak pak cache file D:/Year 3/Fall Semester/GDD II/Nightmare Game/NightmareGame/TheGame/DerivedDataCache/Compressed.ddp not found, will not use a pak cache.
[2015.11.07-00.58.24:957][  0]LogDerivedDataCache: Unable to find inner node CompressedPak for hierarchical cache Hierarchy.
[2015.11.07-00.58.25:458][  0]LogDerivedDataCache:Display: Pak cache opened for reading ../../../Engine/DerivedDataCache/Compressed.ddp.
[2015.11.07-00.58.25:470][  0]LogDerivedDataCache: Using Local data cache path C:/Users/Dakota/AppData/Local/UnrealEngine/Common/DerivedDataCache: Writable
[2015.11.07-00.58.51:087][  0]LogInit: Selected Device Profile: [Windows]
[2015.11.07-00.58.51:098][  0]LogContentStreaming: Texture pool size is 0.000000MB
[2015.11.07-00.58.52:781][  0]LogMeshUtilities: No automatic mesh reduction module available
[2015.11.07-00.58.52:781][  0]LogMeshUtilities: No automatic mesh merging module available
[2015.11.07-00.59.07:174][  0]LogInit: WinSock: version 1.1 (2.2), MaxSocks=32767, MaxUdp=65467
[2015.11.07-01.00.06:425][  0]UdpMessaging: Initializing bridge on interface 0.0.0.0:0 to multicast group 230.0.0.1:6666.
[2015.11.07-01.00.07:154][  0]LogAssetRegistry: FAssetRegistry took 0.0114 seconds to start up
[2015.11.07-01.00.13:051][  0]SourceControl: Info Source control is disabled
[2015.11.07-01.00.20:732][  0]LogLinker:Warning: Asset '../../../Engine/Plugins/Runtime/LeapMotionController/Content/LM_PassthroughMaterial.uasset' has been saved with empty engine version. The asset will be loaded but may be incompatible.
[2015.11.07-01.00.21:211][  0]LogObj: 28361 objects as part of root set at end of initial load.
[2015.11.07-01.00.21:211][  0]LogUObjectAllocator: 6038864 out of 0 bytes used by permanent object pool.
[2015.11.07-01.00.21:526][  0]LogEngine: Initializing Engine...
[2015.11.07-01.00.21:530][  0]LogHMD: Can't find Oculus library dev build: is proper Runtime installed? Version: 0.7.0.0
[2015.11.07-01.00.21:568][  0]LogHMD: SteamVR failed to initialize.  Err: 110
[2015.11.07-01.00.22:478][  0]LogAIModule: Creating AISystem for world NewWorld
[2015.11.07-01.00.22:499][  0]LogInit: XAudio2 using 'Speakers (Conexant SmartAudio HD)' : 2 channels at 48 kHz using 32 bits per sample (channel mask 0x3)
[2015.11.07-01.00.23:766][  0]LogInit: FAudioDevice initialized.
[2015.11.07-01.00.23:828][  0]LogDerivedDataCache: Saved boot cache 0.06s 57MB C:/Users/Dakota/AppData/Local/UnrealEngine/4.9/DerivedDataCache/Boot.ddc.
[2015.11.07-01.00.23:834][  0]LogInit: Texture streaming: Enabled
[2015.11.07-01.00.23:988][  0]LogAnalytics: Creating configured Analytics provider AnalyticsET
[2015.11.07-01.00.23:988][  0]LogAnalytics: [UEEditor.Rocket.Release] APIServer = http://et2.epicgames.com/ET2/. AppVersion = 4.9.2-2707645+++depot+UE4-Releases+4.9
[2015.11.07-01.00.23:989][  0]LogAnalytics: [UEEditor.Rocket.Release] SetUserId beea72564c5e292331dd6ca809bca9c7|94ef35f5a50f483a91bb39f0bb183548|be7d8118-7827-47e6-8d7c-09dff9a798de
[2015.11.07-01.00.23:989][  0]LogAnalytics: [UEEditor.Rocket.Release] AnalyticsET::StartSession
[2015.11.07-01.00.29:246][  0]LogInit: Transaction tracking system initialized
[2015.11.07-01.00.35:965][  0]BlueprintLog: New page: Editor Load
[2015.11.07-01.00.43:182][  0]LocalizationService: Info Localization service is disabled
[2015.11.07-01.00.47:068][  0]LogConsoleResponse:Display: 
[2015.11.07-01.00.49:997][  0]LogCook:Display: Done creating registry. It took  0.00s.
[2015.11.07-01.00.50:770][  0]LogFileCache: Scanning file cache for directory 'D:/Year 3/Fall Semester/GDD II/Nightmare Game/NightmareGame/TheGame/Content/' took 0.03s
[2015.11.07-01.00.53:716][  0]Cmd: MAP LOAD FILE="D:/Year 3/Fall Semester/GDD II/Nightmare Game/NightmareGame/TheGame/Content/ThirdPersonBP/Maps/Hub.umap" TEMPLATE=0 SHOWPROGRESS=1 FEATURELEVEL=3
[2015.11.07-01.00.53:739][  0]LightingResults: New page: Lighting Build
[2015.11.07-01.00.53:745][  0]MapCheck: New page: Map Check
[2015.11.07-01.00.53:745][  0]LightingResults: New page: Lighting Build
[2015.11.07-01.00.53:766][  0]LogParticles: Destroying 0 GPU particle simulations for FXSystem 0x000000D4065CBCE0
[2015.11.07-01.00.54:820][  0]LogLinker:Warning: Asset 'D:/Year 3/Fall Semester/GDD II/Nightmare Game/NightmareGame/TheGame/Content/Mannequin/Animations/ThirdPerson_AnimBP.uasset' has been saved with empty engine version. The asset will be loaded but may be incompatible.
[2015.11.07-01.00.54:840][  0]LogLinker:Warning: Asset 'D:/Year 3/Fall Semester/GDD II/Nightmare Game/NightmareGame/TheGame/Content/Mannequin/Animations/ThirdPerson_Jump.uasset' has been saved with empty engine version. The asset will be loaded but may be incompatible.
[2015.11.07-01.00.54:852][  0]LogLinker:Warning: Asset 'D:/Year 3/Fall Semester/GDD II/Nightmare Game/NightmareGame/TheGame/Content/Mannequin/Animations/ThirdPersonJump_Loop.uasset' has been saved with empty engine version. The asset will be loaded but may be incompatible.
[2015.11.07-01.00.54:861][  0]LogLinker:Warning: Asset 'D:/Year 3/Fall Semester/GDD II/Nightmare Game/NightmareGame/TheGame/Content/Mannequin/Animations/ThirdPersonJump_Start.uasset' has been saved with empty engine version. The asset will be loaded but may be incompatible.
[2015.11.07-01.00.54:870][  0]LogLinker:Warning: Asset 'D:/Year 3/Fall Semester/GDD II/Nightmare Game/NightmareGame/TheGame/Content/Mannequin/Animations/ThirdPerson_IdleRun_2D.uasset' has been saved with empty engine version. The asset will be loaded but may be incompatible.
[2015.11.07-01.00.54:878][  0]LogLinker:Warning: Asset 'D:/Year 3/Fall Semester/GDD II/Nightmare Game/NightmareGame/TheGame/Content/Mannequin/Animations/ThirdPersonIdle.uasset' has been saved with empty engine version. The asset will be loaded but may be incompatible.
[2015.11.07-01.00.54:889][  0]LogLinker:Warning: Asset 'D:/Year 3/Fall Semester/GDD II/Nightmare Game/NightmareGame/TheGame/Content/Mannequin/Animations/ThirdPersonRun.uasset' has been saved with empty engine version. The asset will be loaded but may be incompatible.
[2015.11.07-01.00.54:899][  0]LogLinker:Warning: Asset 'D:/Year 3/Fall Semester/GDD II/Nightmare Game/NightmareGame/TheGame/Content/Mannequin/Animations/ThirdPersonWalk.uasset' has been saved with empty engine version. The asset will be loaded but may be incompatible.
[2015.11.07-01.01.01:217][  0]LogAIModule: Creating AISystem for world Hub
[2015.11.07-01.01.01:298][  0]LogEditorServer: Finished looking for orphan Actors (0.000 secs)
[2015.11.07-01.01.01:300][  0]Cmd: MAP CHECKDEP NOCLEARLOG
[2015.11.07-01.01.01:911][  0]MapCheck: Info Map check complete: 0 Error(s), 0 Warning(s), took 610.51ms to complete.
[2015.11.07-01.01.01:911][  0]LogFileHelpers: Loading map 'Hub' took 8.195
[2015.11.07-01.01.03:656][  0]LogCollectionManager: Loaded 0 collections in 0.004045 seconds
[2015.11.07-01.01.03:708][  0]LogFileCache: Scanning file cache for directory 'D:/Year 3/Fall Semester/GDD II/Nightmare Game/NightmareGame/TheGame/Saved/Collections/' took 0.01s
[2015.11.07-01.01.03:708][  0]LogFileCache: Scanning file cache for directory 'D:/Year 3/Fall Semester/GDD II/Nightmare Game/NightmareGame/TheGame/Content/Developers/Dakota/Collections/' took 0.01s
[2015.11.07-01.01.03:708][  0]LogFileCache: Scanning file cache for directory 'D:/Year 3/Fall Semester/GDD II/Nightmare Game/NightmareGame/TheGame/Content/Collections/' took 0.01s
[2015.11.07-01.01.03:708][  0]LogContentBrowser: Native class hierarchy populated in 0.0110 seconds. Added 1867 classes and 333 folders.
[2015.11.07-01.01.03:719][  0]LogCollectionManager: Rebuilt the GUID cache for 0 collections in 0.000009 seconds
[2015.11.07-01.01.03:742][  0]LogContentBrowser: Native class hierarchy updated for 'WidgetCarousel' in 0.0011 seconds. Added 0 classes and 0 folders.
[2015.11.07-01.01.05:842][  0]LogContentBrowser: Native class hierarchy updated for 'AddContentDialog' in 0.0012 seconds. Added 0 classes and 0 folders.
[2015.11.07-01.01.05:909][  0]LogContentBrowser: Native class hierarchy updated for 'SceneOutliner' in 0.0020 seconds. Added 1 classes and 2 folders.
[2015.11.07-01.01.06:025][  0]LogCrashTracker: Crashtracker disabled due to settings.
[2015.11.07-01.01.06:030][  0]LogUObjectGlobals:Warning: Failed to find object 'Class None.'
[2015.11.07-01.01.06:052][  0]LogLoad: Full Startup: 231.37 seconds (BP compile: 0.74 seconds)
[2015.11.07-01.01.06:671][  0]SourceControl: Info On branch Dakota
[2015.11.07-01.01.06:671][  0]SourceControl: Info Your branch is up-to-date with 'origin/Dakota'.
[2015.11.07-01.01.06:671][  0]SourceControl: Info Changes not staged for commit:
[2015.11.07-01.01.06:671][  0]SourceControl: Info   (use "git add <file>..." to update what will be committed)
[2015.11.07-01.01.06:671][  0]SourceControl: Info   (use "git checkout -- <file>..." to discard changes in working directory)
[2015.11.07-01.01.06:671][  0]SourceControl: Info 	modified:   TheGame/Intermediate/CachedAssetRegistry.bin
[2015.11.07-01.01.06:671][  0]SourceControl: Info 	modified:   TheGame/Intermediate/Config/CoalescedSourceConfigs/Engine.ini
[2015.11.07-01.01.06:672][  0]SourceControl: Info 	modified:   TheGame/Intermediate/Config/CoalescedSourceConfigs/Game.ini
[2015.11.07-01.01.06:672][  0]SourceControl: Info 	modified:   TheGame/Saved/Config/Windows/EditorPerProjectUserSettings.ini
[2015.11.07-01.01.06:672][  0]SourceControl: Info 	modified:   TheGame/Saved/Config/Windows/Engine.ini
[2015.11.07-01.01.06:672][  0]SourceControl: Info 	modified:   TheGame/Saved/Logs/NightmareGame.log
[2015.11.07-01.01.06:672][  0]SourceControl: Info Untracked files:
[2015.11.07-01.01.06:672][  0]SourceControl: Info   (use "git add <file>..." to include in what will be committed)
[2015.11.07-01.01.06:672][  0]SourceControl: Info 	TheGame/Content/ThirdPersonBP/Maps/Cave.umap
[2015.11.07-01.01.06:672][  0]SourceControl: Info 	TheGame/Saved/HardwareSurvey/
[2015.11.07-01.01.06:672][  0]SourceControl: Info no changes added to commit (use "git add" and/or "git commit -a")
[2015.11.07-01.01.06:672][  0]LogContentStreaming: Texture pool size now 700 MB
[2015.11.07-01.01.07:427][  0]LogRenderer: Reallocating scene render targets to support 856x372 (Frame:2).
[2015.11.07-01.01.10:584][  7]LogAssetRegistry: Asset discovery search completed in 63.4412 seconds
[2015.11.07-01.01.10:584][  7]LogCollectionManager: Rebuilt the object cache for 0 collections in 0.000002 seconds (found 0 objects)
[2015.11.07-01.01.10:584][  7]LogCollectionManager: Fixed up redirectors for 0 collections in 0.000041 seconds (updated 0 objects)
[2015.11.07-01.01.20:813][137]LogAIModule: Creating AISystem for world Cave
[2015.11.07-01.01.20:816][137]LogParticles:Warning: InitializeSystem called on an unregistered component. Template=/Game/ThirdPersonBP/Blueprints/ParticleSystems/P_Portal.P_Portal Component=/Game/ThirdPersonBP/Maps/Cave.Cave:PersistentLevel.TutorialIsland_C_1.P_Portal
[2015.11.07-01.01.20:821][137]LogParticles:Warning: InitializeSystem called on an unregistered component. Template=/Game/ThirdPersonBP/Blueprints/ParticleSystems/P_Portal.P_Portal Component=/Game/ThirdPersonBP/Maps/Cave.Cave:PersistentLevel.TutorialIsland_C_1.P_Portal
[2015.11.07-01.01.20:822][137]LogParticles:Warning: InitializeSystem called on an unregistered component. Template=/Game/ThirdPersonBP/Blueprints/ParticleSystems/P_Portal.P_Portal Component=/Game/ThirdPersonBP/Maps/Cave.Cave:PersistentLevel.TutorialIsland_C_1.P_Portal
[2015.11.07-01.01.20:875][137]Cmd: MAP LOAD FILE="D:/Year 3/Fall Semester/GDD II/Nightmare Game/NightmareGame/TheGame/Content/ThirdPersonBP/Maps/Cave.umap" TEMPLATE=0 SHOWPROGRESS=1 FEATURELEVEL=3
[2015.11.07-01.01.20:875][137]LightingResults: New page: Lighting Build
[2015.11.07-01.01.20:896][137]LoadErrors: New page: Loading map: Cave.umap
[2015.11.07-01.01.20:899][137]MapCheck: New page: Map Check
[2015.11.07-01.01.20:899][137]LightingResults: New page: Lighting Build
[2015.11.07-01.01.20:922][137]LogParticles: Destroying 0 GPU particle simulations for FXSystem 0x000000D47453B880
[2015.11.07-01.01.20:934][137]LogEditorServer: Finished looking for orphan Actors (0.000 secs)
[2015.11.07-01.01.23:909][137]Cmd: MAP CHECKDEP NOCLEARLOG
[2015.11.07-01.01.24:091][137]MapCheck: Info Map check complete: 0 Error(s), 0 Warning(s), took 180.827ms to complete.
[2015.11.07-01.01.24:091][137]LogFileHelpers: Loading map 'Cave' took 3.218
[2015.11.07-01.01.39:876][553]LogEditorViewport: Clicking on Actor (LMB): PlayerStart (NetworkPlayerStart)
[2015.11.07-01.01.44:989][678]LogBlueprintUserMessages: Early PlayInEditor Detection: Level '/Game/ThirdPersonBP/Maps/Cave.Cave:PersistentLevel' has LevelScriptBlueprint '/Game/ThirdPersonBP/Maps/Cave.Cave:PersistentLevel.Cave' with GeneratedClass '/Game/ThirdPersonBP/Maps/Cave.Cave_C' with ClassGeneratedBy '/Game/ThirdPersonBP/Maps/Cave.Cave:PersistentLevel.Cave'
[2015.11.07-01.01.44:989][678]LogPlayLevel: PlayLevel: No blueprints needed recompiling
[2015.11.07-01.01.44:990][678]PIE: New page: PIE session: Cave (Nov 6, 2015, 3:01:44 PM)
[2015.11.07-01.01.44:990][678]LogPlayLevel: Creating play world package: /Game/ThirdPersonBP/Maps/UEDPIE_0_Cave
[2015.11.07-01.01.45:068][678]LogPlayLevel: PIE: StaticDuplicateObject took: (0.077478s)
[2015.11.07-01.01.45:069][678]LogAIModule: Creating AISystem for world Cave
[2015.11.07-01.01.45:069][678]LogPlayLevel: PIE: World Init took: (0.001162s)
[2015.11.07-01.01.45:069][678]LogPlayLevel: PIE: Created PIE world by copying editor world from /Game/ThirdPersonBP/Maps/Cave.Cave to /Game/ThirdPersonBP/Maps/UEDPIE_0_Cave.Cave (0.079175s)
[2015.11.07-01.01.45:093][678]LogInit: XAudio2 using 'Speakers (Conexant SmartAudio HD)' : 2 channels at 48 kHz using 32 bits per sample (channel mask 0x3)
[2015.11.07-01.01.45:104][678]LogInit: FAudioDevice initialized.
[2015.11.07-01.01.45:159][678]LogWorld: Game class is 'ThirdPersonGameMode_C'
[2015.11.07-01.01.45:202][678]LogWorld: Bringing World /Game/ThirdPersonBP/Maps/UEDPIE_0_Cave.Cave up for play (max tick rate 0) at 2015.11.06-20.01.45
[2015.11.07-01.01.45:202][678]LogActor:Warning: GameSession /Game/ThirdPersonBP/Maps/UEDPIE_0_Cave.Cave:PersistentLevel.GameSession_0 has natively added scene component(s), but none of them were set as the actor's RootComponent - picking one arbitrarily
[2015.11.07-01.01.45:203][678]LogActor:Warning: GameNetworkManager /Game/ThirdPersonBP/Maps/UEDPIE_0_Cave.Cave:PersistentLevel.GameNetworkManager_0 has natively added scene component(s), but none of them were set as the actor's RootComponent - picking one arbitrarily
[2015.11.07-01.01.45:204][678]LogWorld: Bringing up level for play took: 0.043021
[2015.11.07-01.01.45:226][678]PIE: Info Play in editor start time for /Game/ThirdPersonBP/Maps/UEDPIE_0_Cave 1.226
[2015.11.07-01.01.45:226][678]LogBlueprintUserMessages: Late PlayInEditor Detection: Level '/Game/ThirdPersonBP/Maps/Cave.Cave:PersistentLevel' has LevelScriptBlueprint '/Game/ThirdPersonBP/Maps/Cave.Cave:PersistentLevel.Cave' with GeneratedClass '/Game/ThirdPersonBP/Maps/Cave.Cave_C' with ClassGeneratedBy '/Game/ThirdPersonBP/Maps/Cave.Cave:PersistentLevel.Cave'
[2015.11.07-01.01.45:356][679]LogRenderer: Reallocating scene render targets to support 1116x628 (Frame:689).
[2015.11.07-01.01.48:032][725]LogBlueprintUserMessages: Early EndPlayMap Detection: Level '/Game/ThirdPersonBP/Maps/Cave.Cave:PersistentLevel' has LevelScriptBlueprint '/Game/ThirdPersonBP/Maps/Cave.Cave:PersistentLevel.Cave' with GeneratedClass '/Game/ThirdPersonBP/Maps/Cave.Cave_C' with ClassGeneratedBy '/Game/ThirdPersonBP/Maps/Cave.Cave:PersistentLevel.Cave'
[2015.11.07-01.01.49:871][725]LogBlueprintUserMessages: Late EndPlayMap Detection: Level '/Game/ThirdPersonBP/Maps/Cave.Cave:PersistentLevel' has LevelScriptBlueprint '/Game/ThirdPersonBP/Maps/Cave.Cave:PersistentLevel.Cave' with GeneratedClass '/Game/ThirdPersonBP/Maps/Cave.Cave_C' with ClassGeneratedBy '/Game/ThirdPersonBP/Maps/Cave.Cave:PersistentLevel.Cave'
[2015.11.07-01.01.49:928][725]LogParticles: Destroying 0 GPU particle simulations for FXSystem 0x000000D476DF7920
[2015.11.07-01.02.00:728][908]LogNavigationPoint: PostEditMove Clear paths rebuilt
[2015.11.07-01.02.04:923][989]LogNavigationPoint: PostEditMove Clear paths rebuilt
[2015.11.07-01.02.12:140][142]LogEditorViewport: Clicking on Actor (LMB): TutorialIsland_C (TutorialIsland)
[2015.11.07-01.02.19:559][288]Cmd: DELETE
[2015.11.07-01.02.19:559][288]Cmd: ACTOR DELETE
[2015.11.07-01.02.27:206][288]LogEditorActor: Deleted Actor: TutorialIsland_C
[2015.11.07-01.02.27:234][288]LogEditorActor: Deleted 1 Actors (7.674 secs)
[2015.11.07-01.02.32:419][342]LogAIModule: Creating AISystem for world Hub
[2015.11.07-01.02.32:422][342]LogParticles:Warning: InitializeSystem called on an unregistered component. Template=/Game/ThirdPersonBP/Blueprints/ParticleSystems/P_Portal.P_Portal Component=/Game/ThirdPersonBP/Maps/Hub.Hub:PersistentLevel.TutorialIsland_C_0.P_Portal
[2015.11.07-01.02.32:426][342]LogParticles:Warning: InitializeSystem called on an unregistered component. Template=/Game/ThirdPersonBP/Blueprints/ParticleSystems/P_Portal.P_Portal Component=/Game/ThirdPersonBP/Maps/Hub.Hub:PersistentLevel.TutorialIsland_C_0.P_Portal
[2015.11.07-01.02.32:426][342]LogParticles:Warning: InitializeSystem called on an unregistered component. Template=/Game/ThirdPersonBP/Blueprints/ParticleSystems/P_Portal.P_Portal Component=/Game/ThirdPersonBP/Maps/Hub.Hub:PersistentLevel.TutorialIsland_C_0.P_Portal
[2015.11.07-01.02.45:828][342]LogBlueprint:Error: [compiler Cave] Error Couldn't find object for bound event node  OnActorBeginOverlap (None) 
[2015.11.07-01.02.45:829][342]LogBlueprint:Error: [compiler Cave] Error Couldn't find object for bound event node  OnActorEndOverlap (None) 
[2015.11.07-01.02.45:883][342]LogBlueprint:Warning: [compiler Cave] Warning [0331.20] Compile of Cave failed. 2 Fatal Issue(s) 0 Warning(s) [in 176 ms]
[2015.11.07-01.02.45:936][342]LogBlueprint:Warning: [compiler Cave] Warning [0331.25] Compile of Cave failed. 2 Fatal Issue(s) 1 Warning(s) [in 0 ms]
[2015.11.07-01.02.45:937][342]LogBlueprint:Warning: [compiler Cave] Warning [0331.25] Compile of Cave failed. 2 Fatal Issue(s) 2 Warning(s) [in 0 ms]
[2015.11.07-01.02.45:937][342]LogBlueprint:Warning: [compiler Cave] Warning [0331.25] Compile of Cave failed. 2 Fatal Issue(s) 3 Warning(s) [in 0 ms]
[2015.11.07-01.02.45:937][342]LogBlueprint:Warning: [compiler Cave] Warning [0331.25] Compile of Cave failed. 2 Fatal Issue(s) 4 Warning(s) [in 0 ms]
[2015.11.07-01.02.45:938][342]LogBlueprint:Warning: [compiler Cave] Warning [0331.25] Compile of Cave failed. 2 Fatal Issue(s) 5 Warning(s) [in 0 ms]
[2015.11.07-01.03.08:581][342]LogSavePackage: Save=22875.876953ms
[2015.11.07-01.03.08:582][342]LogSavePackage: Moving 'D:/Year 3/Fall Semester/GDD II/Nightmare Game/NightmareGame/TheGame/Saved/Cave92FFADFF43988DF2FDFA69B3308CB4E9.tmp' to 'D:/Year 3/Fall Semester/GDD II/Nightmare Game/NightmareGame/TheGame/Content/ThirdPersonBP/Maps/Cave.umap'
[2015.11.07-01.03.11:049][342]LogSavePackage: Total save time: 35068.079166ms
[2015.11.07-01.03.11:049][342]LogSavePackage:Warning: Finished SavePackage D:/Year 3/Fall Semester/GDD II/Nightmare Game/NightmareGame/TheGame/Content/ThirdPersonBP/Maps/Cave.umap
[2015.11.07-01.03.16:305][342]LogFileHelpers: Saving map 'Cave' took 40.547
[2015.11.07-01.03.16:307][342]Cmd: MAP LOAD FILE="D:/Year 3/Fall Semester/GDD II/Nightmare Game/NightmareGame/TheGame/Content/ThirdPersonBP/Maps/Hub.umap" TEMPLATE=0 SHOWPROGRESS=1 FEATURELEVEL=3
[2015.11.07-01.03.16:307][342]LightingResults: New page: Lighting Build
[2015.11.07-01.03.16:330][342]LoadErrors: New page: Loading map: Hub.umap
[2015.11.07-01.03.16:331][342]MapCheck: New page: Map Check
[2015.11.07-01.03.16:332][342]LightingResults: New page: Lighting Build
[2015.11.07-01.03.16:355][342]LogParticles: Destroying 0 GPU particle simulations for FXSystem 0x000000D40F70F9C0
[2015.11.07-01.03.16:378][342]LogEditorServer: Finished looking for orphan Actors (0.000 secs)
[2015.11.07-01.03.19:833][342]Cmd: MAP CHECKDEP NOCLEARLOG
[2015.11.07-01.03.19:995][342]MapCheck: Info Map check complete: 0 Error(s), 0 Warning(s), took 160.439ms to complete.
[2015.11.07-01.03.19:995][342]LogFileHelpers: Loading map 'Hub' took 3.689
[2015.11.07-01.03.26:585][483]LogBlueprintUserMessages: Early PlayInEditor Detection: Level '/Game/ThirdPersonBP/Maps/Hub.Hub:PersistentLevel' has LevelScriptBlueprint '/Game/ThirdPersonBP/Maps/Hub.Hub:PersistentLevel.Hub' with GeneratedClass '/Game/ThirdPersonBP/Maps/Hub.Hub_C' with ClassGeneratedBy '/Game/ThirdPersonBP/Maps/Hub.Hub:PersistentLevel.Hub'
[2015.11.07-01.03.26:585][483]LogPlayLevel: PlayLevel: No blueprints needed recompiling
[2015.11.07-01.03.26:585][483]PIE: New page: PIE session: Hub (Nov 6, 2015, 3:03:26 PM)
[2015.11.07-01.03.26:585][483]LogPlayLevel: Creating play world package: /Game/ThirdPersonBP/Maps/UEDPIE_0_Hub
[2015.11.07-01.03.26:641][483]LogPlayLevel: PIE: StaticDuplicateObject took: (0.055958s)
[2015.11.07-01.03.26:642][483]LogAIModule: Creating AISystem for world Hub
[2015.11.07-01.03.26:643][483]LogPlayLevel: PIE: World Init took: (0.001229s)
[2015.11.07-01.03.26:643][483]LogPlayLevel: PIE: Created PIE world by copying editor world from /Game/ThirdPersonBP/Maps/Hub.Hub to /Game/ThirdPersonBP/Maps/UEDPIE_0_Hub.Hub (0.057491s)
[2015.11.07-01.03.26:669][483]LogInit: XAudio2 using 'Speakers (Conexant SmartAudio HD)' : 2 channels at 48 kHz using 32 bits per sample (channel mask 0x3)
[2015.11.07-01.03.26:681][483]LogInit: FAudioDevice initialized.
[2015.11.07-01.03.26:717][483]LogWorld: Game class is 'ThirdPersonGameMode_C'
[2015.11.07-01.03.26:771][483]LogWorld:Warning: *** WARNING - PATHS MAY NOT BE VALID ***
[2015.11.07-01.03.26:771][483]LogWorld: Bringing World /Game/ThirdPersonBP/Maps/UEDPIE_0_Hub.Hub up for play (max tick rate 0) at 2015.11.06-20.03.26
[2015.11.07-01.03.26:771][483]LogActor:Warning: GameSession /Game/ThirdPersonBP/Maps/UEDPIE_0_Hub.Hub:PersistentLevel.GameSession_1 has natively added scene component(s), but none of them were set as the actor's RootComponent - picking one arbitrarily
[2015.11.07-01.03.26:772][483]LogActor:Warning: GameNetworkManager /Game/ThirdPersonBP/Maps/UEDPIE_0_Hub.Hub:PersistentLevel.GameNetworkManager_1 has natively added scene component(s), but none of them were set as the actor's RootComponent - picking one arbitrarily
[2015.11.07-01.03.26:784][483]LogWorld: Bringing up level for play took: 0.065786
[2015.11.07-01.03.27:555][483]PIE: Info Play in editor start time for /Game/ThirdPersonBP/Maps/UEDPIE_0_Hub 1.555
[2015.11.07-01.03.27:555][483]LogBlueprintUserMessages: Late PlayInEditor Detection: Level '/Game/ThirdPersonBP/Maps/Hub.Hub:PersistentLevel' has LevelScriptBlueprint '/Game/ThirdPersonBP/Maps/Hub.Hub:PersistentLevel.Hub' with GeneratedClass '/Game/ThirdPersonBP/Maps/Hub.Hub_C' with ClassGeneratedBy '/Game/ThirdPersonBP/Maps/Hub.Hub:PersistentLevel.Hub'
[2015.11.07-01.03.45:858][792]LogBlueprintUserMessages: Early EndPlayMap Detection: Level '/Game/ThirdPersonBP/Maps/Hub.Hub:PersistentLevel' has LevelScriptBlueprint '/Game/ThirdPersonBP/Maps/Hub.Hub:PersistentLevel.Hub' with GeneratedClass '/Game/ThirdPersonBP/Maps/Hub.Hub_C' with ClassGeneratedBy '/Game/ThirdPersonBP/Maps/Hub.Hub:PersistentLevel.Hub'
[2015.11.07-01.03.48:425][792]LogBlueprintUserMessages: Late EndPlayMap Detection: Level '/Game/ThirdPersonBP/Maps/Hub.Hub:PersistentLevel' has LevelScriptBlueprint '/Game/ThirdPersonBP/Maps/Hub.Hub:PersistentLevel.Hub' with GeneratedClass '/Game/ThirdPersonBP/Maps/Hub.Hub_C' with ClassGeneratedBy '/Game/ThirdPersonBP/Maps/Hub.Hub:PersistentLevel.Hub'
[2015.11.07-01.03.48:487][793]LogParticles: Destroying 0 GPU particle simulations for FXSystem 0x000000D4067D9EE0
[2015.11.07-01.04.16:159][305]LogBlueprint:Error: [compiler Cave] Error Couldn't find object for bound event node  OnActorBeginOverlap (None) 
[2015.11.07-01.04.16:159][305]LogBlueprint:Error: [compiler Cave] Error Couldn't find object for bound event node  OnActorEndOverlap (None) 
[2015.11.07-01.04.16:162][305]LogBlueprint:Warning: [compiler Cave] Warning [0421.48] Compile of Cave failed. 2 Fatal Issue(s) 0 Warning(s) [in 4 ms]
[2015.11.07-01.04.16:162][305]LogBlueprint:Warning: [compiler Cave] Warning [0421.48] Compile of Cave failed. 2 Fatal Issue(s) 1 Warning(s) [in 0 ms]
[2015.11.07-01.04.16:162][305]LogBlueprint:Warning: [compiler Cave] Warning [0421.48] Compile of Cave failed. 2 Fatal Issue(s) 2 Warning(s) [in 0 ms]
[2015.11.07-01.04.16:224][305]LogAIModule: Creating AISystem for world Cave
[2015.11.07-01.04.16:267][305]Cmd: MAP LOAD FILE="D:/Year 3/Fall Semester/GDD II/Nightmare Game/NightmareGame/TheGame/Content/ThirdPersonBP/Maps/Cave.umap" TEMPLATE=0 SHOWPROGRESS=1 FEATURELEVEL=3
[2015.11.07-01.04.16:267][305]LightingResults: New page: Lighting Build
[2015.11.07-01.04.16:294][305]LoadErrors: New page: Loading map: Cave.umap
[2015.11.07-01.04.16:297][305]MapCheck: New page: Map Check
[2015.11.07-01.04.16:297][305]LightingResults: New page: Lighting Build
[2015.11.07-01.04.16:321][305]LogParticles: Destroying 0 GPU particle simulations for FXSystem 0x000000D40F521760
[2015.11.07-01.04.16:998][305]LogEditorServer: Finished looking for orphan Actors (0.000 secs)
[2015.11.07-01.04.17:122][305]Cmd: MAP CHECKDEP NOCLEARLOG
[2015.11.07-01.04.17:283][305]MapCheck: Info Map check complete: 0 Error(s), 0 Warning(s), took 160.953ms to complete.
[2015.11.07-01.04.17:289][305]LogFileHelpers: Loading map 'Cave' took 1.023
[2015.11.07-01.04.30:243][579]LogEditorViewport: Clicking on Actor (LMB): TutorialIslandText_C (TutorialIslandText)
[2015.11.07-01.04.35:427][701]Cmd: DELETE
[2015.11.07-01.04.35:427][701]Cmd: ACTOR DELETE
[2015.11.07-01.04.36:054][701]LogEditorActor: Deleted Actor: TutorialIslandText_C
[2015.11.07-01.04.36:091][701]LogEditorActor: Deleted 1 Actors (0.663 secs)
[2015.11.07-01.04.37:028][712]LogEditorViewport: Clicking on Actor (LMB): StaticMeshActor (TutorialPedestal)
[2015.11.07-01.04.37:782][721]Cmd: DELETE
[2015.11.07-01.04.37:782][721]Cmd: ACTOR DELETE
[2015.11.07-01.04.37:783][721]LogEditorActor: Deleted Actor: StaticMeshActor
[2015.11.07-01.04.37:876][721]LogEditorActor: Deleted 1 Actors (0.094 secs)
[2015.11.07-01.04.44:291][867]LogEditorViewport: Clicking on Actor (LMB): StaticMeshActor (Shape_QuadPyramid3)
[2015.11.07-01.04.45:600][894]Cmd: DELETE
[2015.11.07-01.04.45:600][894]Cmd: ACTOR DELETE
[2015.11.07-01.04.45:602][894]LogEditorActor: Deleted Actor: StaticMeshActor
[2015.11.07-01.04.45:714][894]LogEditorActor: Deleted 1 Actors (0.114 secs)
[2015.11.07-01.04.46:543][913]LogEditorViewport: Clicking on Actor (LMB): StaticMeshActor (Wall_Window_400x402)
[2015.11.07-01.04.46:721][915]Cmd: DELETE
[2015.11.07-01.04.46:722][915]Cmd: ACTOR DELETE
[2015.11.07-01.04.46:724][915]LogEditorActor: Deleted Actor: StaticMeshActor
[2015.11.07-01.04.46:821][915]LogEditorActor: Deleted 1 Actors (0.100 secs)
[2015.11.07-01.04.50:938][  6]LogEditorViewport: Clicking on Actor (CTRL LMB): StaticMeshActor (Wall_400x414)
[2015.11.07-01.04.51:518][ 16]LogEditorViewport: Clicking on Actor (CTRL LMB): StaticMeshActor (Wall_400x415)
[2015.11.07-01.04.52:473][ 34]LogEditorViewport: Clicking on Actor (CTRL LMB): StaticMeshActor (Wall_400x417)
[2015.11.07-01.04.52:949][ 42]LogEditorViewport: Clicking on Actor (CTRL LMB): StaticMeshActor (Wall_400x416)
[2015.11.07-01.04.54:073][ 64]LogEditorViewport: Clicking on Actor (CTRL LMB): StaticMeshActor (Wall_400x413)
[2015.11.07-01.04.58:532][156]LogEditorViewport: Clicking on Actor (CTRL LMB): StaticMeshActor (Wall_Door_400x402)
[2015.11.07-01.05.00:887][206]LogEditorViewport: Clicking on Actor (CTRL LMB): StaticMeshActor (Wall_400x412)
[2015.11.07-01.05.04:999][290]LogEditorViewport: Clicking on Actor (CTRL LMB): StaticMeshActor (SM_GlassWindow)
[2015.11.07-01.05.06:578][323]LogEditorViewport: Clicking on Actor (CTRL LMB): StaticMeshActor (SM_TableRound3)
[2015.11.07-01.05.07:459][339]LogEditorViewport: Clicking on Actor (CTRL LMB): StaticMeshActor (SM_Chair3)
[2015.11.07-01.05.08:785][368]Cmd: DELETE
[2015.11.07-01.05.08:786][368]Cmd: ACTOR DELETE
[2015.11.07-01.05.08:787][368]LogEditorActor: Deleted Actor: StaticMeshActor
[2015.11.07-01.05.08:830][368]LogEditorActor: Deleted Actor: StaticMeshActor
[2015.11.07-01.05.08:831][368]LogEditorActor: Deleted Actor: StaticMeshActor
[2015.11.07-01.05.08:832][368]LogEditorActor: Deleted Actor: StaticMeshActor
[2015.11.07-01.05.08:834][368]LogEditorActor: Deleted Actor: StaticMeshActor
[2015.11.07-01.05.08:835][368]LogEditorActor: Deleted Actor: StaticMeshActor
[2015.11.07-01.05.08:836][368]LogEditorActor: Deleted Actor: StaticMeshActor
[2015.11.07-01.05.08:838][368]LogEditorActor: Deleted Actor: StaticMeshActor
[2015.11.07-01.05.08:840][368]LogEditorActor: Deleted Actor: StaticMeshActor
[2015.11.07-01.05.08:841][368]LogEditorActor: Deleted Actor: StaticMeshActor
[2015.11.07-01.05.08:908][368]LogEditorActor: Deleted 10 Actors (0.122 secs)
[2015.11.07-01.06.06:778][974]Cmd: TRANSACTION UNDO
[2015.11.07-01.06.06:778][974]LogEditorTransaction: Undo Delete selection
[2015.11.07-01.06.06:827][974]LogActorComponent: ~FComponentReregisterContext: (/Game/ThirdPersonBP/Maps/Cave.Cave:PersistentLevel.SM_DoorFrame_31.StaticMeshComponent0) Component already registered.
[2015.11.07-01.06.06:829][974]LogActorComponent: ~FComponentReregisterContext: (/Game/ThirdPersonBP/Maps/Cave.Cave:PersistentLevel.SM_Lamp_Ceiling2.StaticMeshComponent0) Component already registered.
[2015.11.07-01.06.06:834][974]LogActorComponent: ~FComponentReregisterContext: (/Game/ThirdPersonBP/Maps/Cave.Cave:PersistentLevel.Wall_400x405.StaticMeshComponent0) Component already registered.
[2015.11.07-01.06.06:836][974]LogActorComponent: ~FComponentReregisterContext: (/Game/ThirdPersonBP/Maps/Cave.Cave:PersistentLevel.Wall_400x400_17.StaticMeshComponent0) Component already registered.
[2015.11.07-01.06.08:154][ 62]Cmd: TRANSACTION UNDO
[2015.11.07-01.06.08:154][ 62]LogEditorTransaction: Undo Delete selection
[2015.11.07-01.06.08:216][ 62]LogActorComponent: ~FComponentReregisterContext: (/Game/ThirdPersonBP/Maps/Cave.Cave:PersistentLevel.Shape_QuadPyramid_42.StaticMeshComponent0) Component already registered.
[2015.11.07-01.06.08:224][ 62]LogActorComponent: ~FComponentReregisterContext: (/Game/ThirdPersonBP/Maps/Cave.Cave:PersistentLevel.SM_Couch3.StaticMeshComponent0) Component already registered.
[2015.11.07-01.06.08:227][ 62]LogActorComponent: ~FComponentReregisterContext: (/Game/ThirdPersonBP/Maps/Cave.Cave:PersistentLevel.SM_WindowFrame_28.StaticMeshComponent0) Component already registered.
[2015.11.07-01.06.08:229][ 62]LogActorComponent: ~FComponentReregisterContext: (/Game/ThirdPersonBP/Maps/Cave.Cave:PersistentLevel.Wall_400x402.StaticMeshComponent0) Component already registered.
[2015.11.07-01.06.08:230][ 62]LogActorComponent: ~FComponentReregisterContext: (/Game/ThirdPersonBP/Maps/Cave.Cave:PersistentLevel.SM_Couch_73.StaticMeshComponent0) Component already registered.
[2015.11.07-01.06.08:231][ 62]LogActorComponent: ~FComponentReregisterContext: (/Game/ThirdPersonBP/Maps/Cave.Cave:PersistentLevel.Shape_WideCapsule_81.StaticMeshComponent0) Component already registered.
[2015.11.07-01.06.08:234][ 62]LogActorComponent: ~FComponentReregisterContext: (/Game/ThirdPersonBP/Maps/Cave.Cave:PersistentLevel.PointLight4.LightComponent0) Component already registered.
[2015.11.07-01.06.08:236][ 62]LogActorComponent: ~FComponentReregisterContext: (/Game/ThirdPersonBP/Maps/Cave.Cave:PersistentLevel.Wall_400x411.StaticMeshComponent0) Component already registered.
[2015.11.07-01.06.38:662][761]LogEditorActor: Deleted Actor: StaticMeshActor
[2015.11.07-01.06.38:697][761]LogEditorActor: Deleted Actor: PointLight
[2015.11.07-01.06.38:699][761]LogEditorActor: Deleted Actor: StaticMeshActor
[2015.11.07-01.06.38:700][761]LogEditorActor: Deleted Actor: StaticMeshActor
[2015.11.07-01.06.38:701][761]LogEditorActor: Deleted Actor: StaticMeshActor
[2015.11.07-01.06.38:703][761]LogEditorActor: Deleted Actor: StaticMeshActor
[2015.11.07-01.06.38:705][761]LogEditorActor: Deleted Actor: StaticMeshActor
[2015.11.07-01.06.38:707][761]LogEditorActor: Deleted Actor: StaticMeshActor
[2015.11.07-01.06.38:708][761]LogEditorActor: Deleted Actor: StaticMeshActor
[2015.11.07-01.06.38:709][761]LogEditorActor: Deleted Actor: StaticMeshActor
[2015.11.07-01.06.38:710][761]LogEditorActor: Deleted Actor: StaticMeshActor
[2015.11.07-01.06.38:710][761]LogEditorActor: Deleted Actor: StaticMeshActor
[2015.11.07-01.06.38:711][761]LogEditorActor: Deleted Actor: StaticMeshActor
[2015.11.07-01.06.38:712][761]LogEditorActor: Deleted Actor: StaticMeshActor
[2015.11.07-01.06.38:713][761]LogEditorActor: Deleted Actor: StaticMeshActor
[2015.11.07-01.06.38:715][761]LogEditorActor: Deleted Actor: StaticMeshActor
[2015.11.07-01.06.38:716][761]LogEditorActor: Deleted Actor: StaticMeshActor
[2015.11.07-01.06.38:718][761]LogEditorActor: Deleted Actor: StaticMeshActor
[2015.11.07-01.06.38:719][761]LogEditorActor: Deleted Actor: StaticMeshActor
[2015.11.07-01.06.38:720][761]LogEditorActor: Deleted Actor: StaticMeshActor
[2015.11.07-01.06.38:721][761]LogEditorActor: Deleted Actor: PointLight
[2015.11.07-01.06.38:722][761]LogEditorActor: Deleted Actor: StaticMeshActor
[2015.11.07-01.06.38:723][761]LogEditorActor: Deleted Actor: StaticMeshActor
[2015.11.07-01.06.38:723][761]LogEditorActor: Deleted Actor: StaticMeshActor
[2015.11.07-01.06.38:724][761]LogEditorActor: Deleted Actor: StaticMeshActor
[2015.11.07-01.06.38:725][761]LogEditorActor: Deleted Actor: StaticMeshActor
[2015.11.07-01.06.38:726][761]LogEditorActor: Deleted Actor: StaticMeshActor
[2015.11.07-01.06.38:726][761]LogEditorActor: Deleted Actor: StaticMeshActor
[2015.11.07-01.06.38:727][761]LogEditorActor: Deleted Actor: StaticMeshActor
[2015.11.07-01.06.38:728][761]LogEditorActor: Deleted Actor: StaticMeshActor
[2015.11.07-01.06.38:728][761]LogEditorActor: Deleted Actor: PointLight
[2015.11.07-01.06.38:729][761]LogEditorActor: Deleted Actor: StaticMeshActor
[2015.11.07-01.06.38:730][761]LogEditorActor: Deleted Actor: StaticMeshActor
[2015.11.07-01.06.38:730][761]LogEditorActor: Deleted Actor: StaticMeshActor
[2015.11.07-01.06.38:731][761]LogEditorActor: Deleted Actor: StaticMeshActor
[2015.11.07-01.06.38:732][761]LogEditorActor: Deleted Actor: StaticMeshActor
[2015.11.07-01.06.38:733][761]LogEditorActor: Deleted Actor: StaticMeshActor
[2015.11.07-01.06.38:733][761]LogEditorActor: Deleted Actor: StaticMeshActor
[2015.11.07-01.06.38:734][761]LogEditorActor: Deleted Actor: StaticMeshActor
[2015.11.07-01.06.38:734][761]LogEditorActor: Deleted Actor: StaticMeshActor
[2015.11.07-01.06.38:735][761]LogEditorActor: Deleted Actor: StaticMeshActor
[2015.11.07-01.06.38:736][761]LogEditorActor: Deleted Actor: StaticMeshActor
[2015.11.07-01.06.38:736][761]LogEditorActor: Deleted Actor: StaticMeshActor
[2015.11.07-01.06.38:737][761]LogEditorActor: Deleted Actor: StaticMeshActor
[2015.11.07-01.06.38:737][761]LogEditorActor: Deleted Actor: StaticMeshActor
[2015.11.07-01.06.38:738][761]LogEditorActor: Deleted Actor: StaticMeshActor
[2015.11.07-01.06.38:738][761]LogEditorActor: Deleted Actor: StaticMeshActor
[2015.11.07-01.06.38:739][761]LogEditorActor: Deleted Actor: StaticMeshActor
[2015.11.07-01.06.38:779][761]LogEditorActor: Deleted 48 Actors (0.118 secs)
[2015.11.07-01.06.46:626][952]LogEditorViewport: Clicking on Actor (LMB): SphereReflectionCapture (SphereReflectionCapture)
[2015.11.07-01.06.50:108][ 36]Cmd: DELETE
[2015.11.07-01.06.50:108][ 36]Cmd: ACTOR DELETE
[2015.11.07-01.06.50:109][ 36]LogEditorActor: Deleted Actor: SphereReflectionCapture
[2015.11.07-01.06.50:176][ 36]LogEditorActor: Deleted 1 Actors (0.068 secs)
[2015.11.07-01.06.53:454][118]LogEditorViewport: Clicking on Actor (LMB): StaticMeshActor (Floor)
[2015.11.07-01.07.19:771][780]LogBlueprintUserMessages: Early PlayInEditor Detection: Level '/Game/ThirdPersonBP/Maps/Cave.Cave:PersistentLevel' has LevelScriptBlueprint '/Game/ThirdPersonBP/Maps/Cave.Cave:PersistentLevel.Cave' with GeneratedClass '/Game/ThirdPersonBP/Maps/Cave.Cave_C' with ClassGeneratedBy '/Game/ThirdPersonBP/Maps/Cave.Cave:PersistentLevel.Cave'
[2015.11.07-01.07.19:771][780]BlueprintLog: New page: Pre-Play auto-recompile
[2015.11.07-01.07.19:771][780]LogPlayLevel: [PlayLevel] Compiling Cave before play...
[2015.11.07-01.07.19:919][780]LogBlueprint:Error: [compiler Cave] Error Couldn't find object for bound event node  OnActorBeginOverlap (None) 
[2015.11.07-01.07.19:919][780]LogBlueprint:Error: [compiler Cave] Error Couldn't find object for bound event node  OnActorEndOverlap (None) 
[2015.11.07-01.07.19:982][780]LogBlueprint:Warning: [compiler Cave] Warning [0605.30] Compile of Cave failed. 2 Fatal Issue(s) 0 Warning(s) [in 208 ms]
[2015.11.07-01.07.19:982][780]LogBlueprint:Warning: [compiler Cave] Warning [0605.30] Compile of Cave failed. 2 Fatal Issue(s) 1 Warning(s) [in 0 ms]
[2015.11.07-01.07.19:982][780]LogBlueprint:Warning: [compiler Cave] Warning [0605.30] Compile of Cave failed. 2 Fatal Issue(s) 2 Warning(s) [in 0 ms]
[2015.11.07-01.07.19:983][780]LogBlueprint:Warning: [compiler Cave] Warning [0605.30] Compile of Cave failed. 2 Fatal Issue(s) 3 Warning(s) [in 0 ms]
[2015.11.07-01.07.19:983][780]LogBlueprint:Warning: [compiler Cave] Warning [0605.30] Compile of Cave failed. 2 Fatal Issue(s) 4 Warning(s) [in 0 ms]
[2015.11.07-01.07.19:983][780]LogBlueprint:Warning: [compiler Cave] Warning [0605.30] Compile of Cave failed. 2 Fatal Issue(s) 5 Warning(s) [in 0 ms]
[2015.11.07-01.07.20:662][780]LogPlayLevel: PlayLevel: Blueprint regeneration took 891 ms (1 blueprints)
[2015.11.07-01.07.20:694][780]BlueprintLog: Info Blueprint Cave failed to compile
[2015.11.07-01.07.23:809][780]PIE: New page: PIE session: Cave (Nov 6, 2015, 3:07:23 PM)
[2015.11.07-01.07.23:810][780]LogPlayLevel: Creating play world package: /Game/ThirdPersonBP/Maps/UEDPIE_0_Cave
[2015.11.07-01.07.24:448][780]LogPlayLevel: PIE: StaticDuplicateObject took: (0.638438s)
[2015.11.07-01.07.24:449][780]LogAIModule: Creating AISystem for world Cave
[2015.11.07-01.07.24:449][780]LogPlayLevel: PIE: World Init took: (0.001306s)
[2015.11.07-01.07.24:450][780]LogPlayLevel: PIE: Created PIE world by copying editor world from /Game/ThirdPersonBP/Maps/Cave.Cave to /Game/ThirdPersonBP/Maps/UEDPIE_0_Cave.Cave (0.640047s)
[2015.11.07-01.07.24:479][780]LogInit: XAudio2 using 'Speakers (Conexant SmartAudio HD)' : 2 channels at 48 kHz using 32 bits per sample (channel mask 0x3)
[2015.11.07-01.07.24:492][780]LogInit: FAudioDevice initialized.
[2015.11.07-01.07.24:532][780]LogWorld: Game class is 'ThirdPersonGameMode_C'
[2015.11.07-01.07.24:543][780]LogWorld: Bringing World /Game/ThirdPersonBP/Maps/UEDPIE_0_Cave.Cave up for play (max tick rate 0) at 2015.11.06-20.07.24
[2015.11.07-01.07.24:544][780]LogActor:Warning: GameSession /Game/ThirdPersonBP/Maps/UEDPIE_0_Cave.Cave:PersistentLevel.GameSession_2 has natively added scene component(s), but none of them were set as the actor's RootComponent - picking one arbitrarily
[2015.11.07-01.07.24:544][780]LogActor:Warning: GameNetworkManager /Game/ThirdPersonBP/Maps/UEDPIE_0_Cave.Cave:PersistentLevel.GameNetworkManager_2 has natively added scene component(s), but none of them were set as the actor's RootComponent - picking one arbitrarily
[2015.11.07-01.07.24:545][780]LogWorld: Bringing up level for play took: 0.012061
[2015.11.07-01.07.24:582][780]PIE: Info Play in editor start time for /Game/ThirdPersonBP/Maps/UEDPIE_0_Cave 4.582
[2015.11.07-01.07.24:582][780]LogBlueprintUserMessages: Late PlayInEditor Detection: Level '/Game/ThirdPersonBP/Maps/Cave.Cave:PersistentLevel' has LevelScriptBlueprint '/Game/ThirdPersonBP/Maps/Cave.Cave:PersistentLevel.Cave' with GeneratedClass '/Game/ThirdPersonBP/Maps/Cave.Cave_C' with ClassGeneratedBy '/Game/ThirdPersonBP/Maps/Cave.Cave:PersistentLevel.Cave'
[2015.11.07-01.07.30:877][900]LogBlueprintUserMessages: Early EndPlayMap Detection: Level '/Game/ThirdPersonBP/Maps/Cave.Cave:PersistentLevel' has LevelScriptBlueprint '/Game/ThirdPersonBP/Maps/Cave.Cave:PersistentLevel.Cave' with GeneratedClass '/Game/ThirdPersonBP/Maps/Cave.Cave_C' with ClassGeneratedBy '/Game/ThirdPersonBP/Maps/Cave.Cave:PersistentLevel.Cave'
[2015.11.07-01.07.31:468][900]LogBlueprintUserMessages: Late EndPlayMap Detection: Level '/Game/ThirdPersonBP/Maps/Cave.Cave:PersistentLevel' has LevelScriptBlueprint '/Game/ThirdPersonBP/Maps/Cave.Cave:PersistentLevel.Cave' with GeneratedClass '/Game/ThirdPersonBP/Maps/Cave.Cave_C' with ClassGeneratedBy '/Game/ThirdPersonBP/Maps/Cave.Cave:PersistentLevel.Cave'
[2015.11.07-01.07.31:520][901]LogParticles: Destroying 0 GPU particle simulations for FXSystem 0x000000D475944720
[2015.11.07-01.07.47:654][326]LogAIModule: Creating AISystem for world Hub
[2015.11.07-01.07.47:657][326]LogParticles:Warning: InitializeSystem called on an unregistered component. Template=/Game/ThirdPersonBP/Blueprints/ParticleSystems/P_Portal.P_Portal Component=/Game/ThirdPersonBP/Maps/Hub.Hub:PersistentLevel.TutorialIsland_C_0.P_Portal
[2015.11.07-01.07.47:661][326]LogParticles:Warning: InitializeSystem called on an unregistered component. Template=/Game/ThirdPersonBP/Blueprints/ParticleSystems/P_Portal.P_Portal Component=/Game/ThirdPersonBP/Maps/Hub.Hub:PersistentLevel.TutorialIsland_C_0.P_Portal
[2015.11.07-01.07.47:661][326]LogParticles:Warning: InitializeSystem called on an unregistered component. Template=/Game/ThirdPersonBP/Blueprints/ParticleSystems/P_Portal.P_Portal Component=/Game/ThirdPersonBP/Maps/Hub.Hub:PersistentLevel.TutorialIsland_C_0.P_Portal
[2015.11.07-01.07.55:449][326]LogBlueprint:Error: [compiler Cave] Error Couldn't find object for bound event node  OnActorBeginOverlap (None) 
[2015.11.07-01.07.55:449][326]LogBlueprint:Error: [compiler Cave] Error Couldn't find object for bound event node  OnActorEndOverlap (None) 
[2015.11.07-01.07.55:521][326]LogBlueprint:Warning: [compiler Cave] Warning [0640.84] Compile of Cave failed. 2 Fatal Issue(s) 0 Warning(s) [in 85 ms]
[2015.11.07-01.07.55:522][326]LogBlueprint:Warning: [compiler Cave] Warning [0640.84] Compile of Cave failed. 2 Fatal Issue(s) 1 Warning(s) [in 0 ms]
[2015.11.07-01.07.55:522][326]LogBlueprint:Warning: [compiler Cave] Warning [0640.84] Compile of Cave failed. 2 Fatal Issue(s) 2 Warning(s) [in 0 ms]
[2015.11.07-01.07.55:522][326]LogBlueprint:Warning: [compiler Cave] Warning [0640.84] Compile of Cave failed. 2 Fatal Issue(s) 3 Warning(s) [in 0 ms]
[2015.11.07-01.07.55:522][326]LogBlueprint:Warning: [compiler Cave] Warning [0640.84] Compile of Cave failed. 2 Fatal Issue(s) 4 Warning(s) [in 0 ms]
[2015.11.07-01.07.55:522][326]LogBlueprint:Warning: [compiler Cave] Warning [0640.84] Compile of Cave failed. 2 Fatal Issue(s) 5 Warning(s) [in 0 ms]
[2015.11.07-01.08.13:510][326]LogSavePackage: Save=18079.998047ms
[2015.11.07-01.08.13:511][326]LogSavePackage: Moving 'D:/Year 3/Fall Semester/GDD II/Nightmare Game/NightmareGame/TheGame/Saved/CaveCC051F2A41E2867C1DD4B485490EED53.tmp' to 'D:/Year 3/Fall Semester/GDD II/Nightmare Game/NightmareGame/TheGame/Content/ThirdPersonBP/Maps/Cave.umap'
[2015.11.07-01.08.14:944][326]LogSavePackage: Total save time: 22945.131015ms
[2015.11.07-01.08.14:944][326]LogSavePackage:Warning: Finished SavePackage D:/Year 3/Fall Semester/GDD II/Nightmare Game/NightmareGame/TheGame/Content/ThirdPersonBP/Maps/Cave.umap
[2015.11.07-01.08.18:103][326]LogFileHelpers: Saving map 'Cave' took 27.098
[2015.11.07-01.08.18:108][326]Cmd: MAP LOAD FILE="D:/Year 3/Fall Semester/GDD II/Nightmare Game/NightmareGame/TheGame/Content/ThirdPersonBP/Maps/Hub.umap" TEMPLATE=0 SHOWPROGRESS=1 FEATURELEVEL=3
[2015.11.07-01.08.18:108][326]LightingResults: New page: Lighting Build
[2015.11.07-01.08.18:154][326]LoadErrors: New page: Loading map: Hub.umap
[2015.11.07-01.08.18:158][326]MapCheck: New page: Map Check
[2015.11.07-01.08.18:158][326]LightingResults: New page: Lighting Build
[2015.11.07-01.08.18:181][326]LogParticles: Destroying 0 GPU particle simulations for FXSystem 0x000000D475914B80
[2015.11.07-01.08.18:200][326]LogEditorServer: Finished looking for orphan Actors (0.000 secs)
[2015.11.07-01.08.19:855][326]Cmd: MAP CHECKDEP NOCLEARLOG
[2015.11.07-01.08.24:062][326]MapCheck: Info Map check complete: 0 Error(s), 0 Warning(s), took 4,206.749ms to complete.
[2015.11.07-01.08.24:063][326]LogFileHelpers: Loading map 'Hub' took 5.958
[2015.11.07-01.08.30:019][445]LogBlueprint:Error: [compiler Cave] Error Couldn't find object for bound event node  OnActorBeginOverlap (None) 
[2015.11.07-01.08.30:019][445]LogBlueprint:Error: [compiler Cave] Error Couldn't find object for bound event node  OnActorEndOverlap (None) 
[2015.11.07-01.08.30:021][445]LogBlueprint:Warning: [compiler Cave] Warning [0675.34] Compile of Cave failed. 2 Fatal Issue(s) 0 Warning(s) [in 4 ms]
[2015.11.07-01.08.30:021][445]LogBlueprint:Warning: [compiler Cave] Warning [0675.34] Compile of Cave failed. 2 Fatal Issue(s) 1 Warning(s) [in 0 ms]
[2015.11.07-01.08.30:022][445]LogBlueprint:Warning: [compiler Cave] Warning [0675.34] Compile of Cave failed. 2 Fatal Issue(s) 2 Warning(s) [in 0 ms]
[2015.11.07-01.08.30:050][445]LogAIModule: Creating AISystem for world Cave
[2015.11.07-01.08.30:079][445]Cmd: MAP LOAD FILE="D:/Year 3/Fall Semester/GDD II/Nightmare Game/NightmareGame/TheGame/Content/ThirdPersonBP/Maps/Cave.umap" TEMPLATE=0 SHOWPROGRESS=1 FEATURELEVEL=3
[2015.11.07-01.08.30:079][445]LightingResults: New page: Lighting Build
[2015.11.07-01.08.30:098][445]LoadErrors: New page: Loading map: Cave.umap
[2015.11.07-01.08.30:101][445]MapCheck: New page: Map Check
[2015.11.07-01.08.30:101][445]LightingResults: New page: Lighting Build
[2015.11.07-01.08.30:121][445]LogParticles: Destroying 0 GPU particle simulations for FXSystem 0x000000D40F54D1C0
[2015.11.07-01.08.30:127][445]LogEditorServer: Finished looking for orphan Actors (0.000 secs)
[2015.11.07-01.08.35:102][445]Cmd: MAP CHECKDEP NOCLEARLOG
[2015.11.07-01.08.35:300][445]MapCheck: Info Map check complete: 0 Error(s), 0 Warning(s), took 197.667ms to complete.
[2015.11.07-01.08.35:300][445]LogFileHelpers: Loading map 'Cave' took 5.222
[2015.11.07-01.08.51:474][614]LogLinker:Warning: Asset '../../../Engine/Content/ArtTools/RenderToTexture/Macros/RenderToTextureMacros.uasset' has been saved with empty engine version. The asset will be loaded but may be incompatible.
[2015.11.07-01.08.52:381][614]LogContentBrowser: Native class hierarchy updated for 'BlueprintGraph' in 0.0172 seconds. Added 107 classes and 0 folders.
[2015.11.07-01.08.59:768][812]BlueprintLog: New page: Compile Cave
[2015.11.07-01.08.59:794][812]LogBlueprint:Error: [compiler Cave] Error Couldn't find object for bound event node  OnActorBeginOverlap (None) 
[2015.11.07-01.08.59:795][812]LogBlueprint:Error: [compiler Cave] Error Couldn't find object for bound event node  OnActorEndOverlap (None) 
[2015.11.07-01.08.59:918][812]LogActorComponent: UnregisterComponent: (/Engine/Transient.CharMoveComp) Not registered. Aborting.
[2015.11.07-01.08.59:918][812]LogActorComponent: UnregisterComponent: (/Engine/Transient.PawnSensing_GEN_VARIABLE) Not registered. Aborting.
[2015.11.07-01.08.59:918][812]LogActorComponent: UnregisterComponent: (/Engine/Transient.CharacterMovementComponent_0) Not registered. Aborting.
[2015.11.07-01.09.00:745][812]LogBlueprint:Warning: [compiler Cave] Warning [0706.06] Compile of Cave failed. 2 Fatal Issue(s) 0 Warning(s) [in 975 ms]
[2015.11.07-01.09.00:745][812]BlueprintEditorCompileResults:Error: Error Couldn't find object for bound event node  OnActorBeginOverlap (None) 
[2015.11.07-01.09.00:745][812]BlueprintEditorCompileResults:Error: Error Couldn't find object for bound event node  OnActorEndOverlap (None) 
[2015.11.07-01.09.00:745][812]BlueprintEditorCompileResults:Warning: Warning [0706.06] Compile of Cave failed. 2 Fatal Issue(s) 0 Warning(s) [in 975 ms]
[2015.11.07-01.09.13:083][156]BlueprintLog: New page: Compile Cave
[2015.11.07-01.09.13:746][156]BlueprintEditorCompileResults: Info [0719.06] Compile of Cave successful! [in 662 ms]
[2015.11.07-01.09.16:156][174]LogBlueprintUserMessages: Early PlayInEditor Detection: Level '/Game/ThirdPersonBP/Maps/Cave.Cave:PersistentLevel' has LevelScriptBlueprint '/Game/ThirdPersonBP/Maps/Cave.Cave:PersistentLevel.Cave' with GeneratedClass '/Game/ThirdPersonBP/Maps/Cave.Cave_C' with ClassGeneratedBy '/Game/ThirdPersonBP/Maps/Cave.Cave:PersistentLevel.Cave'
[2015.11.07-01.09.16:156][174]LogPlayLevel: PlayLevel: No blueprints needed recompiling
[2015.11.07-01.09.16:156][174]PIE: New page: PIE session: Cave (Nov 6, 2015, 3:09:16 PM)
[2015.11.07-01.09.16:157][174]LogPlayLevel: Creating play world package: /Game/ThirdPersonBP/Maps/UEDPIE_0_Cave
[2015.11.07-01.09.16:222][174]LogPlayLevel: PIE: StaticDuplicateObject took: (0.065627s)
[2015.11.07-01.09.16:223][174]LogAIModule: Creating AISystem for world Cave
[2015.11.07-01.09.16:223][174]LogPlayLevel: PIE: World Init took: (0.001038s)
[2015.11.07-01.09.16:224][174]LogPlayLevel: PIE: Created PIE world by copying editor world from /Game/ThirdPersonBP/Maps/Cave.Cave to /Game/ThirdPersonBP/Maps/UEDPIE_0_Cave.Cave (0.066947s)
[2015.11.07-01.09.16:262][174]LogInit: XAudio2 using 'Speakers (Conexant SmartAudio HD)' : 2 channels at 48 kHz using 32 bits per sample (channel mask 0x3)
[2015.11.07-01.09.16:273][174]LogInit: FAudioDevice initialized.
[2015.11.07-01.09.16:305][174]LogWorld: Game class is 'ThirdPersonGameMode_C'
[2015.11.07-01.09.16:317][174]LogWorld: Bringing World /Game/ThirdPersonBP/Maps/UEDPIE_0_Cave.Cave up for play (max tick rate 0) at 2015.11.06-20.09.16
[2015.11.07-01.09.16:317][174]LogActor:Warning: GameSession /Game/ThirdPersonBP/Maps/UEDPIE_0_Cave.Cave:PersistentLevel.GameSession_3 has natively added scene component(s), but none of them were set as the actor's RootComponent - picking one arbitrarily
[2015.11.07-01.09.16:317][174]LogActor:Warning: GameNetworkManager /Game/ThirdPersonBP/Maps/UEDPIE_0_Cave.Cave:PersistentLevel.GameNetworkManager_3 has natively added scene component(s), but none of them were set as the actor's RootComponent - picking one arbitrarily
[2015.11.07-01.09.16:318][174]LogWorld: Bringing up level for play took: 0.012487
[2015.11.07-01.09.16:349][174]PIE: Info Play in editor start time for /Game/ThirdPersonBP/Maps/UEDPIE_0_Cave 0.349
[2015.11.07-01.09.16:349][174]LogBlueprintUserMessages: Late PlayInEditor Detection: Level '/Game/ThirdPersonBP/Maps/Cave.Cave:PersistentLevel' has LevelScriptBlueprint '/Game/ThirdPersonBP/Maps/Cave.Cave:PersistentLevel.Cave' with GeneratedClass '/Game/ThirdPersonBP/Maps/Cave.Cave_C' with ClassGeneratedBy '/Game/ThirdPersonBP/Maps/Cave.Cave:PersistentLevel.Cave'
[2015.11.07-01.09.23:209][298]LogBlueprintUserMessages: Early EndPlayMap Detection: Level '/Game/ThirdPersonBP/Maps/Cave.Cave:PersistentLevel' has LevelScriptBlueprint '/Game/ThirdPersonBP/Maps/Cave.Cave:PersistentLevel.Cave' with GeneratedClass '/Game/ThirdPersonBP/Maps/Cave.Cave_C' with ClassGeneratedBy '/Game/ThirdPersonBP/Maps/Cave.Cave:PersistentLevel.Cave'
[2015.11.07-01.09.23:320][298]LogBlueprintUserMessages: Late EndPlayMap Detection: Level '/Game/ThirdPersonBP/Maps/Cave.Cave:PersistentLevel' has LevelScriptBlueprint '/Game/ThirdPersonBP/Maps/Cave.Cave:PersistentLevel.Cave' with GeneratedClass '/Game/ThirdPersonBP/Maps/Cave.Cave_C' with ClassGeneratedBy '/Game/ThirdPersonBP/Maps/Cave.Cave:PersistentLevel.Cave'
[2015.11.07-01.09.23:377][298]LogParticles: Destroying 0 GPU particle simulations for FXSystem 0x000000D4103A0D60
[2015.11.07-01.09.52:684][211]LogEditorActor: Deleted Actor: PlayerStart
[2015.11.07-01.09.52:776][211]LogParticles: Destroying 0 GPU particle simulations for FXSystem 0x000000D4765E1440
[2015.11.07-01.09.52:780][211]LogEditorActor: Deleted 1 Actors (0.096 secs)
[2015.11.07-01.10.45:020][601]LogEditorActor: Deleted Actor: Brush
[2015.11.07-01.10.45:110][601]LogEditorActor: Deleted 1 Actors (0.091 secs)
[2015.11.07-01.11.09:106][287]Cmd: CAMERA ALIGN ACTIVEVIEWPORTONLY
[2015.11.07-01.11.38:752][  0]LogBlueprintUserMessages: Early PlayInEditor Detection: Level '/Game/ThirdPersonBP/Maps/Cave.Cave:PersistentLevel' has LevelScriptBlueprint '/Game/ThirdPersonBP/Maps/Cave.Cave:PersistentLevel.Cave' with GeneratedClass '/Game/ThirdPersonBP/Maps/Cave.Cave_C' with ClassGeneratedBy '/Game/ThirdPersonBP/Maps/Cave.Cave:PersistentLevel.Cave'
[2015.11.07-01.11.38:752][  0]LogPlayLevel: PlayLevel: No blueprints needed recompiling
[2015.11.07-01.11.38:753][  0]PIE: New page: PIE session: Cave (Nov 6, 2015, 3:11:38 PM)
[2015.11.07-01.11.38:753][  0]LogPlayLevel: Creating play world package: /Game/ThirdPersonBP/Maps/UEDPIE_0_Cave
[2015.11.07-01.11.38:827][  0]LogPlayLevel: PIE: StaticDuplicateObject took: (0.073359s)
[2015.11.07-01.11.38:831][  0]LogAIModule: Creating AISystem for world Cave
[2015.11.07-01.11.38:832][  0]LogPlayLevel: PIE: World Init took: (0.004660s)
[2015.11.07-01.11.38:832][  0]LogPlayLevel: PIE: Created PIE world by copying editor world from /Game/ThirdPersonBP/Maps/Cave.Cave to /Game/ThirdPersonBP/Maps/UEDPIE_0_Cave.Cave (0.079135s)
[2015.11.07-01.11.38:904][  0]LogInit: XAudio2 using 'Speakers (Conexant SmartAudio HD)' : 2 channels at 48 kHz using 32 bits per sample (channel mask 0x3)
[2015.11.07-01.11.38:915][  0]LogInit: FAudioDevice initialized.
[2015.11.07-01.11.39:626][  0]LogWorld: Game class is 'ThirdPersonGameMode_C'
[2015.11.07-01.11.39:647][  0]LogWorld: Bringing World /Game/ThirdPersonBP/Maps/UEDPIE_0_Cave.Cave up for play (max tick rate 0) at 2015.11.06-20.11.39
[2015.11.07-01.11.39:647][  0]LogActor:Warning: GameSession /Game/ThirdPersonBP/Maps/UEDPIE_0_Cave.Cave:PersistentLevel.GameSession_4 has natively added scene component(s), but none of them were set as the actor's RootComponent - picking one arbitrarily
[2015.11.07-01.11.39:648][  0]LogActor:Warning: GameNetworkManager /Game/ThirdPersonBP/Maps/UEDPIE_0_Cave.Cave:PersistentLevel.GameNetworkManager_4 has natively added scene component(s), but none of them were set as the actor's RootComponent - picking one arbitrarily
[2015.11.07-01.11.39:650][  0]LogWorld: Bringing up level for play took: 0.020382
[2015.11.07-01.11.39:687][  0]PIE: Info Play in editor start time for /Game/ThirdPersonBP/Maps/UEDPIE_0_Cave 1.687
[2015.11.07-01.11.39:687][  0]LogBlueprintUserMessages: Late PlayInEditor Detection: Level '/Game/ThirdPersonBP/Maps/Cave.Cave:PersistentLevel' has LevelScriptBlueprint '/Game/ThirdPersonBP/Maps/Cave.Cave:PersistentLevel.Cave' with GeneratedClass '/Game/ThirdPersonBP/Maps/Cave.Cave_C' with ClassGeneratedBy '/Game/ThirdPersonBP/Maps/Cave.Cave:PersistentLevel.Cave'
[2015.11.07-01.11.48:618][197]LogBlueprintUserMessages: Early EndPlayMap Detection: Level '/Game/ThirdPersonBP/Maps/Cave.Cave:PersistentLevel' has LevelScriptBlueprint '/Game/ThirdPersonBP/Maps/Cave.Cave:PersistentLevel.Cave' with GeneratedClass '/Game/ThirdPersonBP/Maps/Cave.Cave_C' with ClassGeneratedBy '/Game/ThirdPersonBP/Maps/Cave.Cave:PersistentLevel.Cave'
[2015.11.07-01.11.49:000][197]LogBlueprintUserMessages: Late EndPlayMap Detection: Level '/Game/ThirdPersonBP/Maps/Cave.Cave:PersistentLevel' has LevelScriptBlueprint '/Game/ThirdPersonBP/Maps/Cave.Cave:PersistentLevel.Cave' with GeneratedClass '/Game/ThirdPersonBP/Maps/Cave.Cave_C' with ClassGeneratedBy '/Game/ThirdPersonBP/Maps/Cave.Cave:PersistentLevel.Cave'
[2015.11.07-01.11.49:038][197]LogParticles: Destroying 0 GPU particle simulations for FXSystem 0x000000D42B921BC0
[2015.11.07-01.11.50:905][233]Cmd: TRANSACTION UNDO
[2015.11.07-01.11.50:905][233]LogEditorTransaction: Undo Scale Actors
[2015.11.07-01.13.11:372][695]LogEditorViewport: Clicking on Actor (LMB): BP_Sky_Sphere_C (SkySphereBlueprint)
[2015.11.07-01.13.12:325][720]LogEditorViewport: Clicking on Actor (context menu): BP_Sky_Sphere_C (SkySphereBlueprint)
[2015.11.07-01.13.12:729][739]LogEditorViewport: Clicking on Actor (LMB): BP_Sky_Sphere_C (SkySphereBlueprint)
[2015.11.07-01.13.13:308][753]LogEditorViewport: Clicking on Actor (LMB): BP_Sky_Sphere_C (SkySphereBlueprint)
[2015.11.07-01.19.12:512][968]LogSavePackage: Save=12568.153320ms
[2015.11.07-01.19.12:513][968]LogSavePackage: Moving 'D:/Year 3/Fall Semester/GDD II/Nightmare Game/NightmareGame/TheGame/Saved/Cave_Auto1A01D52AB4CBC43B52D8B6DAB9081797D.tmp' to 'D:/Year 3/Fall Semester/GDD II/Nightmare Game/NightmareGame/TheGame/Saved/Autosaves/Game/ThirdPersonBP/Maps/Cave_Auto1.umap'
[2015.11.07-01.19.12:537][968]LogSavePackage: Total save time: 23760.006916ms
[2015.11.07-01.19.12:537][968]LogSavePackage:Warning: Finished SavePackage D:/Year 3/Fall Semester/GDD II/Nightmare Game/NightmareGame/TheGame/Saved/Autosaves/Game/ThirdPersonBP/Maps/Cave_Auto1.umap
[2015.11.07-01.19.12:560][968]LogFileHelpers: Editor autosave (incl. sublevels) for '/Game/ThirdPersonBP/Maps/Cave' took 23.866
[2015.11.07-01.19.12:560][968]LogFileHelpers: Editor autosave (incl. sublevels) for all levels took 23.866
[2015.11.07-01.20.54:936][392]LogActorFactory: Actor Factory created Cube
[2015.11.07-01.20.56:012][419]LogActorFactory: Actor Factory created Cube
[2015.11.07-01.21.12:188][855]Cmd: CAMERA ALIGN ACTIVEVIEWPORTONLY
[2015.11.07-01.21.25:784][223]Cmd: CAMERA ALIGN ACTIVEVIEWPORTONLY
[2015.11.07-01.21.57:518][ 86]Cmd: DUPLICATE
[2015.11.07-01.21.57:518][ 86]Cmd: ACTOR DUPLICATE
[2015.11.07-01.22.56:274][544]Cmd: CAMERA ALIGN ACTIVEVIEWPORTONLY
[2015.11.07-01.23.02:462][718]Cmd: TRANSACTION UNDO
[2015.11.07-01.23.02:462][718]LogEditorTransaction: Undo Move Actors
[2015.11.07-01.23.11:513][ 23]Cmd: TRANSACTION UNDO
[2015.11.07-01.23.11:513][ 23]LogEditorTransaction: Undo Move Actors
[2015.11.07-01.24.09:319][933]Cmd: DUPLICATE
[2015.11.07-01.24.09:319][933]Cmd: ACTOR DUPLICATE
[2015.11.07-01.24.36:605][698]Cmd: CAMERA ALIGN ACTIVEVIEWPORTONLY
[2015.11.07-01.24.49:881][ 66]Cmd: CAMERA ALIGN ACTIVEVIEWPORTONLY
[2015.11.07-01.24.59:651][331]LogEditorViewport: Clicking on Actor (LMB): StaticMeshActor (Cube3)
[2015.11.07-01.25.00:550][356]LogEditorViewport: Clicking on Actor (LMB): StaticMeshActor (Cube3)
[2015.11.07-01.25.01:239][374]LogEditorViewport: Clicking on Actor (LMB): StaticMeshActor (Cube2)
[2015.11.07-01.25.02:525][408]LogEditorViewport: Clicking on Actor (LMB): StaticMeshActor (Cube3)
[2015.11.07-01.25.35:089][301]LogEditorViewport: Clicking on Actor (LMB): BP_Sky_Sphere_C (SkySphereBlueprint)
[2015.11.07-01.25.38:908][400]LogBlueprintUserMessages: Early PlayInEditor Detection: Level '/Game/ThirdPersonBP/Maps/Cave.Cave:PersistentLevel' has LevelScriptBlueprint '/Game/ThirdPersonBP/Maps/Cave.Cave:PersistentLevel.Cave' with GeneratedClass '/Game/ThirdPersonBP/Maps/Cave.Cave_C' with ClassGeneratedBy '/Game/ThirdPersonBP/Maps/Cave.Cave:PersistentLevel.Cave'
[2015.11.07-01.25.38:908][400]LogPlayLevel: PlayLevel: No blueprints needed recompiling
[2015.11.07-01.25.38:908][400]PIE: New page: PIE session: Cave (Nov 6, 2015, 3:25:38 PM)
[2015.11.07-01.25.38:908][400]LogPlayLevel: Creating play world package: /Game/ThirdPersonBP/Maps/UEDPIE_0_Cave
[2015.11.07-01.25.38:945][400]LogPlayLevel: PIE: StaticDuplicateObject took: (0.036587s)
[2015.11.07-01.25.38:957][400]LogAIModule: Creating AISystem for world Cave
[2015.11.07-01.25.38:958][400]LogPlayLevel: PIE: World Init took: (0.013484s)
[2015.11.07-01.25.38:959][400]LogPlayLevel: PIE: Created PIE world by copying editor world from /Game/ThirdPersonBP/Maps/Cave.Cave to /Game/ThirdPersonBP/Maps/UEDPIE_0_Cave.Cave (0.050810s)
[2015.11.07-01.25.39:008][400]LogInit: XAudio2 using 'Speakers (Conexant SmartAudio HD)' : 2 channels at 48 kHz using 32 bits per sample (channel mask 0x3)
[2015.11.07-01.25.39:019][400]LogInit: FAudioDevice initialized.
[2015.11.07-01.25.39:059][400]LogWorld: Game class is 'ThirdPersonGameMode_C'
[2015.11.07-01.25.39:072][400]LogWorld: Bringing World /Game/ThirdPersonBP/Maps/UEDPIE_0_Cave.Cave up for play (max tick rate 0) at 2015.11.06-20.25.39
[2015.11.07-01.25.39:072][400]LogActor:Warning: GameSession /Game/ThirdPersonBP/Maps/UEDPIE_0_Cave.Cave:PersistentLevel.GameSession_5 has natively added scene component(s), but none of them were set as the actor's RootComponent - picking one arbitrarily
[2015.11.07-01.25.39:072][400]LogActor:Warning: GameNetworkManager /Game/ThirdPersonBP/Maps/UEDPIE_0_Cave.Cave:PersistentLevel.GameNetworkManager_5 has natively added scene component(s), but none of them were set as the actor's RootComponent - picking one arbitrarily
[2015.11.07-01.25.39:073][400]LogWorld: Bringing up level for play took: 0.012671
[2015.11.07-01.25.39:138][400]PIE: Info Play in editor start time for /Game/ThirdPersonBP/Maps/UEDPIE_0_Cave 1.139
[2015.11.07-01.25.39:138][400]LogBlueprintUserMessages: Late PlayInEditor Detection: Level '/Game/ThirdPersonBP/Maps/Cave.Cave:PersistentLevel' has LevelScriptBlueprint '/Game/ThirdPersonBP/Maps/Cave.Cave:PersistentLevel.Cave' with GeneratedClass '/Game/ThirdPersonBP/Maps/Cave.Cave_C' with ClassGeneratedBy '/Game/ThirdPersonBP/Maps/Cave.Cave:PersistentLevel.Cave'
[2015.11.07-01.25.47:331][573]LogBlueprintUserMessages: Early EndPlayMap Detection: Level '/Game/ThirdPersonBP/Maps/Cave.Cave:PersistentLevel' has LevelScriptBlueprint '/Game/ThirdPersonBP/Maps/Cave.Cave:PersistentLevel.Cave' with GeneratedClass '/Game/ThirdPersonBP/Maps/Cave.Cave_C' with ClassGeneratedBy '/Game/ThirdPersonBP/Maps/Cave.Cave:PersistentLevel.Cave'
[2015.11.07-01.25.47:983][573]LogBlueprintUserMessages: Late EndPlayMap Detection: Level '/Game/ThirdPersonBP/Maps/Cave.Cave:PersistentLevel' has LevelScriptBlueprint '/Game/ThirdPersonBP/Maps/Cave.Cave:PersistentLevel.Cave' with GeneratedClass '/Game/ThirdPersonBP/Maps/Cave.Cave_C' with ClassGeneratedBy '/Game/ThirdPersonBP/Maps/Cave.Cave:PersistentLevel.Cave'
[2015.11.07-01.25.48:038][573]LogParticles: Destroying 0 GPU particle simulations for FXSystem 0x000000D41A2A8400
[2015.11.07-01.25.57:900][770]LogEditorViewport: Clicking on Actor (LMB): StaticMeshActor (Cube3)
[2015.11.07-01.25.59:412][811]LogEditorViewport: Clicking on Actor (LMB): LightmassImportanceVolume (LightmassImportanceVolume)
[2015.11.07-01.26.00:194][831]LogEditorViewport: Clicking on Actor (LMB): StaticMeshActor (Cube2)
[2015.11.07-01.26.01:293][861]LogEditorViewport: Clicking on Actor (LMB): StaticMeshActor (Cube)
[2015.11.07-01.26.02:065][881]LogEditorViewport: Clicking on Actor (LMB): StaticMeshActor (Cube3)
[2015.11.07-01.26.03:822][929]Cmd: DUPLICATE
[2015.11.07-01.26.03:822][929]Cmd: ACTOR DUPLICATE
[2015.11.07-01.26.13:502][186]Cmd: CAMERA ALIGN ACTIVEVIEWPORTONLY
[2015.11.07-01.26.28:515][591]LogEditorViewport: Clicking on Actor (LMB): StaticMeshActor (Cube4)
[2015.11.07-01.26.54:395][309]LogEditorViewport: Clicking on Actor (LMB): BP_Sky_Sphere_C (SkySphereBlueprint)
[2015.11.07-01.27.11:851][793]LogEditorViewport: Clicking on Actor (LMB): BP_Sky_Sphere_C (SkySphereBlueprint)
[2015.11.07-01.27.12:375][805]LogEditorViewport: Clicking on Actor (LMB): StaticMeshActor (Cube4)
[2015.11.07-01.27.23:860][120]LogEditorViewport: Clicking on Actor (LMB): StaticMeshActor (Cube4)
[2015.11.07-01.28.17:763][904]LogEditorViewport: Clicking on Actor (LMB): StaticMeshActor (Cube4)
[2015.11.07-01.28.21:517][  5]Cmd: DUPLICATE
[2015.11.07-01.28.21:517][  5]Cmd: ACTOR DUPLICATE
[2015.11.07-01.28.56:245][957]LogActorFactory: Actor Factory created Cylinder
[2015.11.07-01.29.00:845][ 85]LogActorFactory: Actor Factory created Cylinder
[2015.11.07-01.29.02:310][124]Cmd: CAMERA ALIGN ACTIVEVIEWPORTONLY
[2015.11.07-01.29.17:080][520]Cmd: CAMERA ALIGN ACTIVEVIEWPORTONLY
[2015.11.07-01.29.33:273][980]LogActorFactory: Actor Factory created Cube
[2015.11.07-01.29.34:376][ 10]LogActorFactory: Actor Factory created Cube
[2015.11.07-01.29.39:806][155]Cmd: CAMERA ALIGN ACTIVEVIEWPORTONLY
[2015.11.07-01.29.47:072][356]LogEditorViewport: Clicking on Actor (LMB): StaticMeshActor (Cube5)
[2015.11.07-01.29.48:700][399]LogEditorViewport: Clicking on Actor (LMB): StaticMeshActor (Cube6)
[2015.11.07-01.30.01:511][690]LogEditorViewport: Clicking on Actor (LMB): StaticMeshActor (Cube5)
[2015.11.07-01.30.12:909][902]LogEditorViewport: Clicking on Actor (LMB): StaticMeshActor (Cube6)
[2015.11.07-01.30.21:285][ 93]LogEditorViewport: Clicking on Actor (LMB): StaticMeshActor (Cube5)
[2015.11.07-01.30.26:410][196]LogEditorViewport: Clicking on Actor (LMB): StaticMeshActor (Cube6)
[2015.11.07-01.30.32:142][334]LogEditorViewport: Clicking on Actor (LMB): StaticMeshActor (Cube5)
[2015.11.07-01.30.35:161][415]LogEditorViewport: Clicking on Actor (LMB): StaticMeshActor (Cube6)
[2015.11.07-01.30.42:748][566]Cmd: CAMERA ALIGN ACTIVEVIEWPORTONLY
[2015.11.07-01.31.57:570][819]LogParticles: Destroying 0 GPU particle simulations for FXSystem 0x000000D42B886E80
[2015.11.07-01.32.11:659][819]LogSavePackage: Save=14088.839844ms
[2015.11.07-01.32.11:659][819]LogSavePackage: Moving 'D:/Year 3/Fall Semester/GDD II/Nightmare Game/NightmareGame/TheGame/Saved/Cave_Auto2FBA61E13493949C7C30D2C82D9203BF8.tmp' to 'D:/Year 3/Fall Semester/GDD II/Nightmare Game/NightmareGame/TheGame/Saved/Autosaves/Game/ThirdPersonBP/Maps/Cave_Auto2.umap'
[2015.11.07-01.32.11:674][819]LogSavePackage: Total save time: 20572.795335ms
[2015.11.07-01.32.11:674][819]LogSavePackage:Warning: Finished SavePackage D:/Year 3/Fall Semester/GDD II/Nightmare Game/NightmareGame/TheGame/Saved/Autosaves/Game/ThirdPersonBP/Maps/Cave_Auto2.umap
[2015.11.07-01.32.11:701][819]LogFileHelpers: Editor autosave (incl. sublevels) for '/Game/ThirdPersonBP/Maps/Cave' took 20.709
[2015.11.07-01.32.11:701][819]LogFileHelpers: Editor autosave (incl. sublevels) for all levels took 20.709
[2015.11.07-01.32.19:705][929]LogEditorViewport: Clicking on Actor (LMB): StaticMeshActor (Cube4)
[2015.11.07-01.32.23:852][ 47]Cmd: DUPLICATE
[2015.11.07-01.32.23:852][ 47]Cmd: ACTOR DUPLICATE
[2015.11.07-01.32.57:328][782]Cmd: DUPLICATE
[2015.11.07-01.32.57:328][782]Cmd: ACTOR DUPLICATE
[2015.11.07-01.33.04:962][995]Cmd: DUPLICATE
[2015.11.07-01.33.04:962][995]Cmd: ACTOR DUPLICATE
[2015.11.07-01.33.10:379][145]Cmd: DUPLICATE
[2015.11.07-01.33.10:379][145]Cmd: ACTOR DUPLICATE
[2015.11.07-01.33.30:371][671]LogEditorViewport: Clicking on Actor (LMB): StaticMeshActor (Cube5)
[2015.11.07-01.33.32:235][721]Cmd: DUPLICATE
[2015.11.07-01.33.32:235][721]Cmd: ACTOR DUPLICATE
[2015.11.07-01.33.51:813][252]Cmd: CAMERA ALIGN ACTIVEVIEWPORTONLY
[2015.11.07-01.34.00:442][483]LogActorFactory: Actor Factory created Cube
[2015.11.07-01.34.01:504][512]LogActorFactory: Actor Factory created Cube
[2015.11.07-01.34.08:863][710]Cmd: CAMERA ALIGN ACTIVEVIEWPORTONLY
[2015.11.07-01.34.26:662][198]Cmd: DUPLICATE
[2015.11.07-01.34.26:662][198]Cmd: ACTOR DUPLICATE
[2015.11.07-01.34.30:331][298]Cmd: DUPLICATE
[2015.11.07-01.34.30:331][298]Cmd: ACTOR DUPLICATE
[2015.11.07-01.34.33:781][392]Cmd: DUPLICATE
[2015.11.07-01.34.33:781][392]Cmd: ACTOR DUPLICATE
[2015.11.07-01.34.49:898][822]LogEditorViewport: Clicking on Actor (LMB): StaticMeshActor (Cube4)
[2015.11.07-01.34.52:329][887]Cmd: DUPLICATE
[2015.11.07-01.34.52:329][887]Cmd: ACTOR DUPLICATE
[2015.11.07-01.35.08:778][327]Cmd: DUPLICATE
[2015.11.07-01.35.08:778][327]Cmd: ACTOR DUPLICATE
[2015.11.07-01.35.16:844][542]Cmd: DUPLICATE
[2015.11.07-01.35.16:844][542]Cmd: ACTOR DUPLICATE
[2015.11.07-01.35.51:849][489]Cmd: DUPLICATE
[2015.11.07-01.35.51:849][489]Cmd: ACTOR DUPLICATE
[2015.11.07-01.35.56:659][618]Cmd: CAMERA ALIGN ACTIVEVIEWPORTONLY
[2015.11.07-01.36.07:092][904]Cmd: DUPLICATE
[2015.11.07-01.36.07:092][904]Cmd: ACTOR DUPLICATE
[2015.11.07-01.36.16:480][162]Cmd: CAMERA ALIGN ACTIVEVIEWPORTONLY
[2015.11.07-01.36.33:652][635]Cmd: DUPLICATE
[2015.11.07-01.36.33:652][635]Cmd: ACTOR DUPLICATE
[2015.11.07-01.36.38:327][761]Cmd: DUPLICATE
[2015.11.07-01.36.38:327][761]Cmd: ACTOR DUPLICATE
[2015.11.07-01.36.42:862][886]Cmd: DUPLICATE
[2015.11.07-01.36.42:862][886]Cmd: ACTOR DUPLICATE
[2015.11.07-01.36.48:999][ 54]Cmd: CAMERA ALIGN ACTIVEVIEWPORTONLY
[2015.11.07-01.36.51:370][116]LogEditorViewport: Clicking on Actor (LMB): BP_Sky_Sphere_C (SkySphereBlueprint)
[2015.11.07-01.36.52:686][150]LogEditorViewport: Clicking on Actor (LMB): StaticMeshActor (Cube23)
[2015.11.07-01.36.55:148][214]LogEditorViewport: Clicking on Actor (LMB): BP_Sky_Sphere_C (SkySphereBlueprint)
[2015.11.07-01.36.55:973][235]LogEditorViewport: Clicking on Actor (LMB): StaticMeshActor (Cube19)
[2015.11.07-01.37.00:152][346]Cmd: CAMERA ALIGN ACTIVEVIEWPORTONLY
[2015.11.07-01.37.09:779][609]LogEditorViewport: Clicking on Actor (LMB): StaticMeshActor (Cube23)
[2015.11.07-01.37.13:729][719]Cmd: CAMERA ALIGN ACTIVEVIEWPORTONLY
[2015.11.07-01.37.25:887][ 50]LogEditorViewport: Clicking on Actor (LMB): BP_Sky_Sphere_C (SkySphereBlueprint)
[2015.11.07-01.39.07:937][842]LogBlueprintUserMessages: Early PlayInEditor Detection: Level '/Game/ThirdPersonBP/Maps/Cave.Cave:PersistentLevel' has LevelScriptBlueprint '/Game/ThirdPersonBP/Maps/Cave.Cave:PersistentLevel.Cave' with GeneratedClass '/Game/ThirdPersonBP/Maps/Cave.Cave_C' with ClassGeneratedBy '/Game/ThirdPersonBP/Maps/Cave.Cave:PersistentLevel.Cave'
[2015.11.07-01.39.07:937][842]LogPlayLevel: PlayLevel: No blueprints needed recompiling
[2015.11.07-01.39.07:937][842]PIE: New page: PIE session: Cave (Nov 6, 2015, 3:39:07 PM)
[2015.11.07-01.39.07:938][842]LogPlayLevel: Creating play world package: /Game/ThirdPersonBP/Maps/UEDPIE_0_Cave
[2015.11.07-01.39.07:985][842]LogPlayLevel: PIE: StaticDuplicateObject took: (0.047735s)
[2015.11.07-01.39.07:994][842]LogAIModule: Creating AISystem for world Cave
[2015.11.07-01.39.07:995][842]LogPlayLevel: PIE: World Init took: (0.009385s)
[2015.11.07-01.39.07:995][842]LogPlayLevel: PIE: Created PIE world by copying editor world from /Game/ThirdPersonBP/Maps/Cave.Cave to /Game/ThirdPersonBP/Maps/UEDPIE_0_Cave.Cave (0.057834s)
[2015.11.07-01.39.07:995][842]LogActorComponent: UnregisterComponent: (/Engine/Transient.CharMoveComp) Not registered. Aborting.
[2015.11.07-01.39.07:996][842]LogActorComponent: UnregisterComponent: (/Engine/Transient.PawnSensing_GEN_VARIABLE) Not registered. Aborting.
[2015.11.07-01.39.08:041][842]LogInit: XAudio2 using 'Speakers (Conexant SmartAudio HD)' : 2 channels at 48 kHz using 32 bits per sample (channel mask 0x3)
[2015.11.07-01.39.08:052][842]LogInit: FAudioDevice initialized.
[2015.11.07-01.39.08:091][842]LogWorld: Game class is 'ThirdPersonGameMode_C'
[2015.11.07-01.39.08:113][842]LogWorld: Bringing World /Game/ThirdPersonBP/Maps/UEDPIE_0_Cave.Cave up for play (max tick rate 60) at 2015.11.06-20.39.08
[2015.11.07-01.39.08:113][842]LogActor:Warning: GameSession /Game/ThirdPersonBP/Maps/UEDPIE_0_Cave.Cave:PersistentLevel.GameSession_6 has natively added scene component(s), but none of them were set as the actor's RootComponent - picking one arbitrarily
[2015.11.07-01.39.08:113][842]LogActor:Warning: GameNetworkManager /Game/ThirdPersonBP/Maps/UEDPIE_0_Cave.Cave:PersistentLevel.GameNetworkManager_6 has natively added scene component(s), but none of them were set as the actor's RootComponent - picking one arbitrarily
[2015.11.07-01.39.08:114][842]LogWorld: Bringing up level for play took: 0.021697
[2015.11.07-01.39.08:137][842]PIE: Info Play in editor start time for /Game/ThirdPersonBP/Maps/UEDPIE_0_Cave 0.137
[2015.11.07-01.39.08:137][842]LogBlueprintUserMessages: Late PlayInEditor Detection: Level '/Game/ThirdPersonBP/Maps/Cave.Cave:PersistentLevel' has LevelScriptBlueprint '/Game/ThirdPersonBP/Maps/Cave.Cave:PersistentLevel.Cave' with GeneratedClass '/Game/ThirdPersonBP/Maps/Cave.Cave_C' with ClassGeneratedBy '/Game/ThirdPersonBP/Maps/Cave.Cave:PersistentLevel.Cave'
[2015.11.07-01.41.01:538][804]LogEditorViewport: Clicking on Actor (LMB): StaticMeshActor (Cube11)
[2015.11.07-01.41.03:348][845]Cmd: DUPLICATE
[2015.11.07-01.41.03:348][845]Cmd: ACTOR DUPLICATE
[2015.11.07-01.41.10:798][  1]Cmd: CAMERA ALIGN ACTIVEVIEWPORTONLY
[2015.11.07-01.41.20:531][184]Cmd: TRANSACTION UNDO
[2015.11.07-01.41.20:531][184]LogEditorTransaction: Undo Duplicate Actors
[2015.11.07-01.41.22:234][222]LogEditorViewport: Clicking on Actor (LMB): BP_Sky_Sphere_C (SkySphereBlueprint)
[2015.11.07-01.41.22:975][237]LogEditorViewport: Clicking on Actor (LMB): StaticMeshActor (Cube11)
[2015.11.07-01.41.25:897][296]LogEditorViewport: Clicking on Actor (LMB): BP_Sky_Sphere_C (SkySphereBlueprint)
[2015.11.07-01.41.26:585][311]LogEditorViewport: Clicking on Actor (LMB): BP_Sky_Sphere_C (SkySphereBlueprint)
[2015.11.07-01.41.32:794][456]LogActorFactory: Actor Factory created Cube
[2015.11.07-01.41.33:769][471]LogActorFactory: Actor Factory created Cube
[2015.11.07-01.41.38:040][555]Cmd: CAMERA ALIGN ACTIVEVIEWPORTONLY
[2015.11.07-01.41.49:198][761]LogEditorViewport: Clicking on Actor (LMB): StaticMeshActor (Cube11)
[2015.11.07-01.41.49:293][761]LogEditorViewport: Clicking on Component (LMB): StaticMeshComponent (StaticMeshComponent0)
[2015.11.07-01.41.50:173][781]LogEditorViewport: Clicking on Component (LMB): StaticMeshComponent (StaticMeshComponent0)
[2015.11.07-01.41.50:259][781]LogEditorViewport: Clicking on Actor (double click): StaticMeshActor (Cube11)
[2015.11.07-01.41.56:825][930]LogEditorViewport: Clicking on Actor (LMB): StaticMeshActor (Cube11)
[2015.11.07-01.41.59:414][987]LogEditorViewport: Clicking on Actor (LMB): StaticMeshActor (Cube11)
[2015.11.07-01.41.59:522][987]LogEditorViewport: Clicking on Component (LMB): StaticMeshComponent (StaticMeshComponent0)
[2015.11.07-01.42.26:173][596]LogEditorViewport: Clicking on Actor (LMB): StaticMeshActor (Cube14)
[2015.11.07-01.42.31:363][707]LogEditorViewport: Clicking on Actor (LMB): StaticMeshActor (Cube11)
[2015.11.07-01.42.32:310][726]LogEditorViewport: Clicking on Actor (LMB): StaticMeshActor (Cube11)
[2015.11.07-01.42.40:338][893]LogEditorActor: Deleted Actor: StaticMeshActor
[2015.11.07-01.42.40:441][893]LogEditorActor: Deleted 1 Actors (0.104 secs)
[2015.11.07-01.42.46:274][ 28]LogBlueprintUserMessages: Early EndPlayMap Detection: Level '/Game/ThirdPersonBP/Maps/Cave.Cave:PersistentLevel' has LevelScriptBlueprint '/Game/T