[2015.11.25-01.57.33:316][  0]Log file open, 11/24/15 20:57:33
[2015.11.25-01.57.33:316][  0]LogInit:Display: Running engine for game: NightmareGame
[2015.11.25-01.57.33:316][  0]LogInit:Display: RandInit(-1741428731) SRandInit(-1741428731).
[2015.11.25-01.57.33:316][  0]LogTaskGraph: Started task graph with 4 named threads and 7 total threads.
[2015.11.25-01.57.33:316][  0]LogStats: Stats thread started at 0.162539
[2015.11.25-01.57.33:316][  0]LogInit: Version: 4.9.2-2707645+++depot+UE4-Releases+4.9
[2015.11.25-01.57.33:316][  0]LogInit: API Version: 2672455
[2015.11.25-01.57.33:316][  0]LogInit: Compiled (64-bit): Sep 28 2015 10:25:44
[2015.11.25-01.57.33:316][  0]LogInit: Compiled with Visual C++: 18.00.21005.01
[2015.11.25-01.57.33:316][  0]LogInit: Build Configuration: Development
[2015.11.25-01.57.33:316][  0]LogInit: Branch Name: ++depot+UE4-Releases+4.9
[2015.11.25-01.57.33:316][  0]LogInit: Command line:  
[2015.11.25-01.57.33:316][  0]LogInit: Base directory: C:/Program Files/Epic Games/4.9/Engine/Binaries/Win64/
[2015.11.25-01.57.33:316][  0]LogInit: Rocket: 1
[2015.11.25-01.57.33:632][  0]LogInit: Using libcurl 7.41.0
[2015.11.25-01.57.33:632][  0]LogInit:  - built for x86_64-pc-win32
[2015.11.25-01.57.33:632][  0]LogInit:  - supports SSL with WinSSL
[2015.11.25-01.57.33:632][  0]LogInit:  - other features:
[2015.11.25-01.57.33:632][  0]LogInit:      CURL_VERSION_SSL
[2015.11.25-01.57.33:632][  0]LogInit:      CURL_VERSION_IPV6
[2015.11.25-01.57.33:632][  0]LogInit:      CURL_VERSION_ASYNCHDNS
[2015.11.25-01.57.33:632][  0]LogInit:      CURL_VERSION_LARGEFILE
[2015.11.25-01.57.33:632][  0]LogInit:      CURL_VERSION_IDN
[2015.11.25-01.57.33:632][  0]LogInit:  CurlRequestOptions (configurable via config and command line):
[2015.11.25-01.57.33:632][  0]LogInit:  - bVerifyPeer = true  - Libcurl will verify peer certificate
[2015.11.25-01.57.33:632][  0]LogInit:  - bUseHttpProxy = false  - Libcurl will NOT use HTTP proxy
[2015.11.25-01.57.33:632][  0]LogInit:  - bDontReuseConnections = false  - Libcurl will reuse connections
[2015.11.25-01.57.33:632][  0]LogInit:  - CertBundlePath = nullptr  - Libcurl will use whatever was configured at build time.
[2015.11.25-01.57.34:045][  0]LogInit: Presizing for 0 objects not considered by GC, pre-allocating 0 bytes.
[2015.11.25-01.57.34:052][  0]LogInit: Object subsystem initialized
[2015.11.25-01.57.34:053][  0]LogInit: Selected Device Profile: [Windows]
[2015.11.25-01.57.34:053][  0]LogInit: Applying CVar settings loaded from the selected device profile: [Windows]
[2015.11.25-01.57.34:305][  0]LogInit: Computer: LAUREN-PC
[2015.11.25-01.57.34:305][  0]LogInit: User: Lauren
[2015.11.25-01.57.34:305][  0]LogInit: CPU Page size=4096, Cores=4
[2015.11.25-01.57.34:305][  0]LogInit: High frequency timer resolution =2.338378 MHz
[2015.11.25-01.57.34:305][  0]LogMemory: Memory total: Physical=7.9GB (8GB approx)
[2015.11.25-01.57.34:305][  0]LogMemory: Platform Memory Stats for Windows
[2015.11.25-01.57.34:305][  0]LogMemory: Process Physical Memory: 58.00 MB used, 58.00 MB peak
[2015.11.25-01.57.34:305][  0]LogMemory: Process Virtual Memory: 59.48 MB used, 59.48 MB peak
[2015.11.25-01.57.34:305][  0]LogMemory: Physical Memory: 5190.13 MB used, 8079.30 MB total
[2015.11.25-01.57.34:305][  0]LogMemory: Virtual Memory: 340.48 MB used, 8388608.00 MB total
[2015.11.25-01.57.42:776][  0]LogTextLocalizationManager: No specific translations for ('en-US') exist, so ('en') translations will be used.
[2015.11.25-01.57.49:154][  0]LogD3D11RHI: Found D3D11 adapter 0: NVIDIA GeForce GTX 770M (Feature Level 11_0)
[2015.11.25-01.57.49:154][  0]LogD3D11RHI: Adapter has 3009MB of dedicated video memory, 0MB of dedicated system memory, and 3783MB of shared system memory, 1 output[s]
[2015.11.25-01.57.49:733][  0]LogD3D11RHI: Found D3D11 adapter 1: NVIDIA GeForce GTX 770M (Feature Level 11_0)
[2015.11.25-01.57.49:733][  0]LogD3D11RHI: Adapter has 3009MB of dedicated video memory, 0MB of dedicated system memory, and 3783MB of shared system memory, 1 output[s]
[2015.11.25-01.57.49:746][  0]LogD3D11RHI: Chosen D3D11 Adapter Id = 0
[2015.11.25-01.57.49:754][  0]LogD3D11RHI: !Direct3DDevice
[2015.11.25-01.57.49:754][  0]LogRHI: Texture pool is 1361 MB (70% of 1945 MB)
[2015.11.25-01.57.49:777][  0]LogD3D11RHI: Async texture creation enabled
[2015.11.25-01.57.49:793][  0]LogShaderCompilers: Guid format shader working directory is 14 characters bigger than the processId version (E:/NightmareGame/TheGame/Intermediate/Shaders/WorkingDirectory/12916/).
[2015.11.25-01.57.49:795][  0]LogShaderCompilers: Cleaned the shader compiler working directory 'E:/NightmareGame/TheGame/Intermediate/Shaders/tmp/616EF9164E2792952E4E4D80FC09C785/'.
[2015.11.25-01.57.49:795][  0]LogShaderCompilers:Display: Using Local Shader Compiler.
[2015.11.25-01.58.01:523][  0]LogTemp:Display: Loaded TP AllDesktopTargetPlatform
[2015.11.25-01.58.01:540][  0]LogTemp:Display: Loaded TP WindowsClientTargetPlatform
[2015.11.25-01.58.01:566][  0]LogTemp:Display: Loaded TP WindowsNoEditorTargetPlatform
[2015.11.25-01.58.01:584][  0]LogTemp:Display: Loaded TP WindowsServerTargetPlatform
[2015.11.25-01.58.01:610][  0]LogTemp:Display: Loaded TP WindowsTargetPlatform
[2015.11.25-01.58.01:637][  0]LogTemp:Display: Loaded TP AndroidTargetPlatform
[2015.11.25-01.58.01:656][  0]LogTemp:Display: Loaded TP Android_ASTCTargetPlatform
[2015.11.25-01.58.01:668][  0]LogTemp:Display: Loaded TP Android_ATCTargetPlatform
[2015.11.25-01.58.01:689][  0]LogTemp:Display: Loaded TP Android_DXTTargetPlatform
[2015.11.25-01.58.01:707][  0]LogTemp:Display: Loaded TP Android_ETC1TargetPlatform
[2015.11.25-01.58.01:731][  0]LogTemp:Display: Loaded TP Android_ETC2TargetPlatform
[2015.11.25-01.58.01:755][  0]LogTemp:Display: Loaded TP Android_PVRTCTargetPlatform
[2015.11.25-01.58.01:758][  0]LogTemp:Display: Loaded TP HTML5TargetPlatform
[2015.11.25-01.58.01:817][  0]LogTemp:Display: Loaded TP IOSTargetPlatform
[2015.11.25-01.58.01:829][  0]LogTemp:Display: Loaded TP LinuxNoEditorTargetPlatform
[2015.11.25-01.58.01:854][  0]LogTemp:Display: Loaded TP LinuxServerTargetPlatform
[2015.11.25-01.58.01:872][  0]LogTemp:Display: Loaded TP LinuxTargetPlatform
[2015.11.25-01.58.01:872][  0]LogTargetPlatformManager:Display: Building Assets For Windows
[2015.11.25-01.58.02:764][  0]LogDerivedDataCache:Display: Max Cache Size: 512 MB
[2015.11.25-01.58.03:462][  0]LogDerivedDataCache: Loaded boot cache 0.70s 41MB C:/Users/Lauren/AppData/Local/UnrealEngine/4.9/DerivedDataCache/Boot.ddc.
[2015.11.25-01.58.03:463][  0]LogDerivedDataCache:Display: Loaded Boot cache: C:/Users/Lauren/AppData/Local/UnrealEngine/4.9/DerivedDataCache/Boot.ddc
[2015.11.25-01.58.03:463][  0]LogDerivedDataCache: FDerivedDataBackendGraph:  Pak pak cache file E:/NightmareGame/TheGame/DerivedDataCache/DDC.ddp not found, will not use a pak cache.
[2015.11.25-01.58.03:463][  0]LogDerivedDataCache: Unable to find inner node Pak for hierarchical cache Hierarchy.
[2015.11.25-01.58.03:464][  0]LogDerivedDataCache: FDerivedDataBackendGraph:  CompressedPak pak cache file E:/NightmareGame/TheGame/DerivedDataCache/Compressed.ddp not found, will not use a pak cache.
[2015.11.25-01.58.03:464][  0]LogDerivedDataCache: Unable to find inner node CompressedPak for hierarchical cache Hierarchy.
[2015.11.25-01.58.03:640][  0]LogDerivedDataCache:Display: Pak cache opened for reading ../../../Engine/DerivedDataCache/Compressed.ddp.
[2015.11.25-01.58.03:653][  0]LogDerivedDataCache: Using Local data cache path C:/Users/Lauren/AppData/Local/UnrealEngine/Common/DerivedDataCache: Writable
[2015.11.25-01.58.04:168][  0]LogInit: Selected Device Profile: [Windows]
[2015.11.25-01.58.04:169][  0]LogContentStreaming: Texture pool size is 0.000000MB
[2015.11.25-01.58.04:218][  0]LogMeshUtilities: No automatic mesh reduction module available
[2015.11.25-01.58.04:218][  0]LogMeshUtilities: No automatic mesh merging module available
[2015.11.25-01.58.04:642][  0]LogInit: WinSock: version 1.1 (2.2), MaxSocks=32767, MaxUdp=65467
[2015.11.25-01.58.06:097][  0]UdpMessaging: Initializing bridge on interface 0.0.0.0:0 to multicast group 230.0.0.1:6666.
[2015.11.25-01.58.06:261][  0]LogAssetRegistry: FAssetRegistry took 0.0101 seconds to start up
[2015.11.25-01.58.06:786][  0]SourceControl: Info Source control is disabled
[2015.11.25-01.58.19:009][  0]LogLinker:Warning: Asset '../../../Engine/Plugins/Runtime/LeapMotionController/Content/LM_PassthroughMaterial.uasset' has been saved with empty engine version. The asset will be loaded but may be incompatible.
[2015.11.25-01.58.19:216][  0]LogObj: 28361 objects as part of root set at end of initial load.
[2015.11.25-01.58.19:216][  0]LogUObjectAllocator: 6038872 out of 0 bytes used by permanent object pool.
[2015.11.25-01.58.19:280][  0]LogEngine: Initializing Engine...
[2015.11.25-01.58.19:289][  0]LogHMD: Can't find Oculus library dev build: is proper Runtime installed? Version: 0.7.0.0
[2015.11.25-01.58.19:290][  0]LogHMD: SteamVR failed to initialize.  Err: 110
[2015.11.25-01.58.19:433][  0]LogAIModule: Creating AISystem for world NewWorld
[2015.11.25-01.58.19:447][  0]LogInit: XAudio2 using 'Speakers (Siberia v2 D3H)' : 2 channels at 44.1 kHz using 16 bits per sample (channel mask 0x3)
[2015.11.25-01.58.19:459][  0]LogInit: FAudioDevice initialized.
[2015.11.25-01.58.19:483][  0]LogDerivedDataCache: Saved boot cache 0.02s 41MB C:/Users/Lauren/AppData/Local/UnrealEngine/4.9/DerivedDataCache/Boot.ddc.
[2015.11.25-01.58.19:487][  0]LogInit: Texture streaming: Enabled
[2015.11.25-01.58.19:496][  0]LogAnalytics: Creating configured Analytics provider AnalyticsET
[2015.11.25-01.58.19:496][  0]LogAnalytics: [UEEditor.Rocket.Release] APIServer = http://et2.epicgames.com/ET2/. AppVersion = 4.9.2-2707645+++depot+UE4-Releases+4.9
[2015.11.25-01.58.19:496][  0]LogAnalytics: [UEEditor.Rocket.Release] SetUserId 0dfd459848bd316af10e0286bf53d633|62a07662b49e46228294f7f33306ed31|8f7fcacd-7ea7-4aa9-9d3c-39324467dbc7
[2015.11.25-01.58.19:497][  0]LogAnalytics: [UEEditor.Rocket.Release] AnalyticsET::StartSession
[2015.11.25-01.58.19:633][  0]LogInit: Transaction tracking system initialized
[2015.11.25-01.58.19:685][  0]BlueprintLog: New page: Editor Load
[2015.11.25-01.58.26:434][  0]LocalizationService: Info Localization service is disabled
[2015.11.25-01.58.26:619][  0]LogConsoleResponse:Display: 
[2015.11.25-01.58.26:786][  0]LogCook:Display: Done creating registry. It took  0.00s.
[2015.11.25-01.58.27:440][  0]LogFileCache: Scanning file cache for directory 'E:/NightmareGame/TheGame/Content/' took 0.09s
[2015.11.25-01.58.27:441][  0]Cmd: MAP LOAD FILE="E:/NightmareGame/TheGame/Content/ThirdPersonBP/Maps/Hub.umap" TEMPLATE=0 SHOWPROGRESS=1 FEATURELEVEL=3
[2015.11.25-01.58.27:444][  0]LightingResults: New page: Lighting Build
[2015.11.25-01.58.27:449][  0]MapCheck: New page: Map Check
[2015.11.25-01.58.27:449][  0]LightingResults: New page: Lighting Build
[2015.11.25-01.58.27:458][  0]LogParticles: Destroying 0 GPU particle simulations for FXSystem 0x0000000020D076A0
[2015.11.25-01.58.28:839][  0]LogAIModule: Creating AISystem for world Hub
[2015.11.25-01.58.28:850][  0]LogEditorServer: Finished looking for orphan Actors (0.000 secs)
[2015.11.25-01.58.28:852][  0]Cmd: MAP CHECKDEP NOCLEARLOG
[2015.11.25-01.58.29:098][  0]MapCheck: Info Map check complete: 0 Error(s), 0 Warning(s), took 246.492ms to complete.
[2015.11.25-01.58.29:098][  0]LogFileHelpers: Loading map 'Hub' took 1.658
[2015.11.25-01.58.29:235][  0]LogCollectionManager: Loaded 0 collections in 0.006623 seconds
[2015.11.25-01.58.29:293][  0]LogFileCache: Scanning file cache for directory 'E:/NightmareGame/TheGame/Saved/Collections/' took 0.01s
[2015.11.25-01.58.29:293][  0]LogFileCache: Scanning file cache for directory 'E:/NightmareGame/TheGame/Content/Developers/Lauren/Collections/' took 0.01s
[2015.11.25-01.58.29:293][  0]LogFileCache: Scanning file cache for directory 'E:/NightmareGame/TheGame/Content/Collections/' took 0.01s
[2015.11.25-01.58.29:293][  0]LogContentBrowser: Native class hierarchy populated in 0.0146 seconds. Added 1867 classes and 333 folders.
[2015.11.25-01.58.29:306][  0]LogCollectionManager: Rebuilt the GUID cache for 0 collections in 0.000002 seconds
[2015.11.25-01.58.30:536][  0]LogContentBrowser: Native class hierarchy updated for 'WidgetCarousel' in 0.0116 seconds. Added 0 classes and 0 folders.
[2015.11.25-01.58.30:757][  0]LogContentBrowser: Native class hierarchy updated for 'AddContentDialog' in 0.0077 seconds. Added 0 classes and 0 folders.
[2015.11.25-01.58.30:805][  0]LogContentBrowser: Native class hierarchy updated for 'SceneOutliner' in 0.0125 seconds. Added 1 classes and 2 folders.
[2015.11.25-01.58.30:916][  0]LogCrashTracker: Crashtracker disabled due to settings.
[2015.11.25-01.58.30:924][  0]LogUObjectGlobals:Warning: Failed to find object 'Class None.'
[2015.11.25-01.58.30:945][  0]LogLoad: Full Startup: 62.59 seconds (BP compile: 0.42 seconds)
[2015.11.25-01.58.33:513][  0]LogContentStreaming: Texture pool size now 1000 MB
[2015.11.25-01.58.33:645][  0]LogRenderer: Reallocating scene render targets to support 1208x660 (Frame:2).
[2015.11.25-01.58.34:509][  3]SourceControl: Info On branch L.A
[2015.11.25-01.58.34:509][  3]SourceControl: Info Your branch is up-to-date with 'origin/L.A'.
[2015.11.25-01.58.34:509][  3]SourceControl: Info Changes not staged for commit:
[2015.11.25-01.58.34:509][  3]SourceControl: Info   (use "git add/rm <file>..." to update what will be committed)
[2015.11.25-01.58.34:509][  3]SourceControl: Info   (use "git checkout -- <file>..." to discard changes in working directory)
[2015.11.25-01.58.34:509][  3]SourceControl: Info 	modified:   TheGame/Content/ThirdPersonBP/Blueprints/ThirdPersonCharacter.uasset
[2015.11.25-01.58.34:509][  3]SourceControl: Info 	modified:   TheGame/Content/ThirdPersonBP/HUD/CharacterHUD.uasset
[2015.11.25-01.58.34:509][  3]SourceControl: Info 	modified:   TheGame/Content/ThirdPersonBP/Maps/Hub.umap
[2015.11.25-01.58.34:509][  3]SourceControl: Info 	modified:   TheGame/Content/ThirdPersonBP/Maps/MainMenu.umap
[2015.11.25-01.58.34:509][  3]SourceControl: Info 	modified:   TheGame/Content/ThirdPersonBP/Menus/StartMenu.uasset
[2015.11.25-01.58.34:509][  3]SourceControl: Info 	modified:   TheGame/Intermediate/CachedAssetRegistry.bin
[2015.11.25-01.58.34:509][  3]SourceControl: Info 	modified:   TheGame/Intermediate/Config/CoalescedSourceConfigs/Engine.ini
[2015.11.25-01.58.34:509][  3]SourceControl: Info 	modified:   TheGame/Intermediate/Config/CoalescedSourceConfigs/Game.ini
[2015.11.25-01.58.34:509][  3]SourceControl: Info 	modified:   TheGame/Saved/AutoScreenshot.png
[2015.11.25-01.58.34:509][  3]SourceControl: Info 	modified:   TheGame/Saved/Autosaves/Game/ThirdPersonBP/Blueprints/ThirdPersonCharacter_Auto1.uasset
[2015.11.25-01.58.34:509][  3]SourceControl: Info 	modified:   TheGame/Saved/Autosaves/Game/ThirdPersonBP/Blueprints/ThirdPersonCharacter_Auto2.uasset
[2015.11.25-01.58.34:509][  3]SourceControl: Info 	modified:   TheGame/Saved/Autosaves/Game/ThirdPersonBP/HUD/CharacterHUD_Auto3.uasset
[2015.11.25-01.58.34:509][  3]SourceControl: Info 	modified:   TheGame/Saved/Autosaves/Game/ThirdPersonBP/HUD/CharacterHUD_Auto4.uasset
[2015.11.25-01.58.34:509][  3]SourceControl: Info 	modified:   TheGame/Saved/Autosaves/Game/ThirdPersonBP/Menus/StartMenu_Auto3.uasset
[2015.11.25-01.58.34:509][  3]SourceControl: Info 	deleted:    TheGame/Saved/Backup/Cave_2015-11-24-00-02-23.uasset
[2015.11.25-01.58.34:509][  3]SourceControl: Info 	deleted:    TheGame/Saved/Backup/CharacterHUD_2015-11-20-22-34-11.uasset
[2015.11.25-01.58.34:509][  3]SourceControl: Info 	deleted:    TheGame/Saved/Backup/CharacterHUD_2015-11-20-22-57-31.uasset
[2015.11.25-01.58.34:509][  3]SourceControl: Info 	deleted:    TheGame/Saved/Backup/CharacterHUD_2015-11-20-23-08-21.uasset
[2015.11.25-01.58.34:509][  3]SourceControl: Info 	deleted:    TheGame/Saved/Backup/CharacterHUD_2015-11-22-17-07-28.uasset
[2015.11.25-01.58.34:509][  3]SourceControl: Info 	deleted:    TheGame/Saved/Backup/Child_2015-11-23-23-11-14.uasset
[2015.11.25-01.58.34:509][  3]SourceControl: Info 	deleted:    TheGame/Saved/Backup/Child_2015-11-24-00-06-37.uasset
[2015.11.25-01.58.34:514][  3]SourceControl: Info 	deleted:    TheGame/Saved/Backup/Circus_2015-11-23-23-11-14.umap
[2015.11.25-01.58.34:514][  3]SourceControl: Info 	deleted:    TheGame/Saved/Backup/DialogueUMG_2015-11-19-00-56-45.uasset
[2015.11.25-01.58.34:514][  3]SourceControl: Info 	deleted:    TheGame/Saved/Backup/DialogueUMG_2015-11-19-10-12-01.uasset
[2015.11.25-01.58.34:514][  3]SourceControl: Info 	deleted:    TheGame/Saved/Backup/DialogueUMG_2015-11-19-10-27-28.uasset
[2015.11.25-01.58.34:514][  3]SourceControl: Info 	deleted:    TheGame/Saved/Backup/Hub_2015-11-18-13-31-55.umap
[2015.11.25-01.58.34:514][  3]SourceControl: Info 	deleted:    TheGame/Saved/Backup/Hub_2015-11-19-10-26-34.umap
[2015.11.25-01.58.34:514][  3]SourceControl: Info 	deleted:    TheGame/Saved/Backup/Hub_2015-11-24-00-33-56.umap
[2015.11.25-01.58.34:514][  3]SourceControl: Info 	deleted:    TheGame/Saved/Backup/MainMenu_2015-11-18-13-31-37.umap
[2015.11.25-01.58.34:514][  3]SourceControl: Info 	deleted:    TheGame/Saved/Backup/MainMenu_2015-11-18-13-42-29.umap
[2015.11.25-01.58.34:514][  3]SourceControl: Info 	deleted:    TheGame/Saved/Backup/ThirdPersonCharacter_2015-11-19-21-21-16.uasset
[2015.11.25-01.58.34:514][  3]SourceControl: Info 	deleted:    TheGame/Saved/Backup/ThirdPersonCharacter_2015-11-20-18-19-52.uasset
[2015.11.25-01.58.34:514][  3]SourceControl: Info 	deleted:    TheGame/Saved/Backup/ThirdPersonCharacter_2015-11-24-00-34-57.uasset
[2015.11.25-01.58.34:514][  3]SourceControl: Info 	deleted:    TheGame/Saved/Backup/myHUD_2015-11-19-21-10-46.uasset
[2015.11.25-01.58.34:514][  3]SourceControl: Info 	deleted:    TheGame/Saved/Backup/myHUD_2015-11-19-21-22-25.uasset
[2015.11.25-01.58.34:514][  3]SourceControl: Info 	deleted:    TheGame/Saved/Backup/myHUD_2015-11-20-18-21-11.uasset
[2015.11.25-01.58.34:514][  3]SourceControl: Info 	modified:   TheGame/Saved/Config/Windows/Editor.ini
[2015.11.25-01.58.34:514][  3]SourceControl: Info 	modified:   TheGame/Saved/Config/Windows/EditorPerProjectUserSettings.ini
[2015.11.25-01.58.34:514][  3]SourceControl: Info 	modified:   TheGame/Saved/Config/Windows/Engine.ini
[2015.11.25-01.58.34:514][  3]SourceControl: Info 	modified:   TheGame/Saved/Config/WorldState/2460029373.json
[2015.11.25-01.58.34:514][  3]SourceControl: Info 	modified:   TheGame/Saved/Logs/NightmareGame.log
[2015.11.25-01.58.34:514][  3]SourceControl: Info Untracked files:
[2015.11.25-01.58.34:514][  3]SourceControl: Info   (use "git add <file>..." to include in what will be committed)
[2015.11.25-01.58.34:514][  3]SourceControl: Info 	TheGame/Content/ThirdPersonBP/HUD/Radial/
[2015.11.25-01.58.34:514][  3]SourceControl: Info 	TheGame/Saved/Autosaves/Game/ThirdPersonBP/Menus/StartMenu_Auto4.uasset
[2015.11.25-01.58.34:514][  3]SourceControl: Info 	TheGame/Saved/Backup/CharacterHUD_2015-11-24-20-06-21.uasset
[2015.11.25-01.58.34:514][  3]SourceControl: Info 	TheGame/Saved/Backup/CharacterHUD_2015-11-24-20-11-35.uasset
[2015.11.25-01.58.34:514][  3]SourceControl: Info 	TheGame/Saved/Backup/CharacterHUD_2015-11-24-20-19-17.uasset
[2015.11.25-01.58.34:514][  3]SourceControl: Info 	TheGame/Saved/Backup/CharacterHUD_2015-11-24-20-25-59.uasset
[2015.11.25-01.58.34:514][  3]SourceControl: Info 	TheGame/Saved/Backup/CharacterHUD_2015-11-24-20-49-37.uasset
[2015.11.25-01.58.34:514][  3]SourceControl: Info 	TheGame/Saved/Backup/CharacterHUD_2015-11-24-20-55-00.uasset
[2015.11.25-01.58.34:514][  3]SourceControl: Info 	TheGame/Saved/Backup/Hub_2015-11-24-20-26-10.umap
[2015.11.25-01.58.34:514][  3]SourceControl: Info 	TheGame/Saved/Backup/MainMenu_2015-11-24-20-19-28.umap
[2015.11.25-01.58.34:514][  3]SourceControl: Info 	TheGame/Saved/Backup/MainMenu_2015-11-24-20-53-53.umap
[2015.11.25-01.58.34:514][  3]SourceControl: Info 	TheGame/Saved/Backup/StartMenu_2015-11-24-20-06-33.uasset
[2015.11.25-01.58.34:514][  3]SourceControl: Info 	TheGame/Saved/Backup/StartMenu_2015-11-24-20-11-44.uasset
[2015.11.25-01.58.34:514][  3]SourceControl: Info 	TheGame/Saved/Backup/StartMenu_2015-11-24-20-19-37.uasset
[2015.11.25-01.58.34:522][  3]SourceControl: Info 	TheGame/Saved/Backup/StartMenu_2015-11-24-20-49-49.uasset
[2015.11.25-01.58.34:522][  3]SourceControl: Info 	TheGame/Saved/Backup/StartMenu_2015-11-24-20-55-12.uasset
[2015.11.25-01.58.34:522][  3]SourceControl: Info 	TheGame/Saved/Backup/ThirdPersonCharacter_2015-11-24-19-16-01.uasset
[2015.11.25-01.58.34:522][  3]SourceControl: Info 	TheGame/Saved/Backup/ThirdPersonCharacter_2015-11-24-19-43-58.uasset
[2015.11.25-01.58.34:522][  3]SourceControl: Info 	TheGame/Saved/Logs/NightmareGame-backup-2015.11.24-18.01.55.log
[2015.11.25-01.58.34:522][  3]SourceControl: Info 	TheGame/Saved/Logs/NightmareGame-backup-2015.11.24-20.57.33.log
[2015.11.25-01.58.34:522][  3]SourceControl: Info no changes added to commit (use "git add" and/or "git commit -a")
[2015.11.25-01.58.35:506][  6]LogAssetRegistry: Asset discovery search completed in 29.2546 seconds
[2015.11.25-01.58.35:506][  6]LogCollectionManager: Rebuilt the object cache for 0 collections in 0.000000 seconds (found 0 objects)
[2015.11.25-01.58.35:506][  6]LogCollectionManager: Fixed up redirectors for 0 collections in 0.000020 seconds (updated 0 objects)
[2015.11.25-01.58.55:408][831]LogLinker:Warning: Can't find file '/Game/UForumHelp_DynRadial/MaterialFunctions/MFUN_CMPCoords'
[2015.11.25-01.58.55:409][831]LogLinker:Warning: Can't find file for asset '/Game/UForumHelp_DynRadial/MaterialFunctions/MFUN_CMPCoords' while loading E:/NightmareGame/TheGame/Content/ThirdPersonBP/HUD/Radial/Materials/MAT_RadialDyn_Master.uasset.
[2015.11.25-01.58.55:410][831]LoadErrors:Error: Error /Game/ThirdPersonBP/HUD/Radial/Materials/MAT_RadialDyn_Master : Can't find file for asset. /Game/UForumHelp_DynRadial/MaterialFunctions/MFUN_CMPCoords
[2015.11.25-01.58.55:411][831]LogLinker:Warning: Can't find file '/Game/UForumHelp_DynRadial/MaterialFunctions/MFUN_DynRadius'
[2015.11.25-01.58.55:413][831]LogLinker:Warning: Can't find file for asset '/Game/UForumHelp_DynRadial/MaterialFunctions/MFUN_DynRadius' while loading E:/NightmareGame/TheGame/Content/ThirdPersonBP/HUD/Radial/Materials/MAT_RadialDyn_Master.uasset.
[2015.11.25-01.58.55:413][831]LoadErrors:Error: Error /Game/ThirdPersonBP/HUD/Radial/Materials/MAT_RadialDyn_Master : Can't find file for asset. /Game/UForumHelp_DynRadial/MaterialFunctions/MFUN_DynRadius
[2015.11.25-01.58.55:414][831]LogLinker:Warning: Can't find file '/Game/UForumHelp_DynRadial/MaterialFunctions/MFUN_Pulse'
[2015.11.25-01.58.55:416][831]LogLinker:Warning: Can't find file for asset '/Game/UForumHelp_DynRadial/MaterialFunctions/MFUN_Pulse' while loading E:/NightmareGame/TheGame/Content/ThirdPersonBP/HUD/Radial/Materials/MAT_RadialDyn_Master.uasset.
[2015.11.25-01.58.55:416][831]LoadErrors:Error: Error /Game/ThirdPersonBP/HUD/Radial/Materials/MAT_RadialDyn_Master : Can't find file for asset. /Game/UForumHelp_DynRadial/MaterialFunctions/MFUN_Pulse
[2015.11.25-01.58.55:418][831]LogLinker:Warning: Can't find file '/Game/UForumHelp_DynRadial/MaterialFunctions/MFUN_XYSplit'
[2015.11.25-01.58.55:419][831]LogLinker:Warning: Can't find file for asset '/Game/UForumHelp_DynRadial/MaterialFunctions/MFUN_XYSplit' while loading E:/NightmareGame/TheGame/Content/ThirdPersonBP/HUD/Radial/Materials/MAT_RadialDyn_Master.uasset.
[2015.11.25-01.58.55:419][831]LoadErrors:Error: Error /Game/ThirdPersonBP/HUD/Radial/Materials/MAT_RadialDyn_Master : Can't find file for asset. /Game/UForumHelp_DynRadial/MaterialFunctions/MFUN_XYSplit
[2015.11.25-01.58.55:421][831]LogLinker:Warning: Can't find file '/Game/UForumHelp_DynRadial/MaterialFunctions/MFUN_CMPCoords'
[2015.11.25-01.58.55:423][831]LogLinker:Warning: Can't find file for asset '/Game/UForumHelp_DynRadial/MaterialFunctions/MFUN_CMPCoords' while loading E:/NightmareGame/TheGame/Content/ThirdPersonBP/HUD/Radial/Materials/MAT_RadialDyn_Master.uasset.
[2015.11.25-01.58.55:424][831]LogLinker:Warning: Can't find file '/Game/UForumHelp_DynRadial/MaterialFunctions/MFUN_DynRadius'
[2015.11.25-01.58.55:426][831]LogLinker:Warning: Can't find file for asset '/Game/UForumHelp_DynRadial/MaterialFunctions/MFUN_DynRadius' while loading E:/NightmareGame/TheGame/Content/ThirdPersonBP/HUD/Radial/Materials/MAT_RadialDyn_Master.uasset.
[2015.11.25-01.58.55:435][831]LogLinker:Warning: Can't find file '/Game/UForumHelp_DynRadial/MaterialFunctions/MFUN_Pulse'
[2015.11.25-01.58.55:436][831]LogLinker:Warning: Can't find file for asset '/Game/UForumHelp_DynRadial/MaterialFunctions/MFUN_Pulse' while loading E:/NightmareGame/TheGame/Content/ThirdPersonBP/HUD/Radial/Materials/MAT_RadialDyn_Master.uasset.
[2015.11.25-01.58.55:438][831]LogLinker:Warning: Can't find file '/Game/UForumHelp_DynRadial/MaterialFunctions/MFUN_XYSplit'
[2015.11.25-01.58.55:440][831]LogLinker:Warning: Can't find file for asset '/Game/UForumHelp_DynRadial/MaterialFunctions/MFUN_XYSplit' while loading E:/NightmareGame/TheGame/Content/ThirdPersonBP/HUD/Radial/Materials/MAT_RadialDyn_Master.uasset.
[2015.11.25-01.58.55:441][831]LogLinker:Warning: Can't find file '/Game/UForumHelp_DynRadial/Textures/SK_Noise01'
[2015.11.25-01.58.55:443][831]LogLinker:Warning: Can't find file for asset '/Game/UForumHelp_DynRadial/Textures/SK_Noise01' while loading E:/NightmareGame/TheGame/Content/ThirdPersonBP/HUD/Radial/Materials/MAT_RadialDyn_Master.uasset.
[2015.11.25-01.58.55:443][831]LoadErrors:Error: Error /Game/ThirdPersonBP/HUD/Radial/Materials/MAT_RadialDyn_Master : Can't find file for asset. /Game/UForumHelp_DynRadial/Textures/SK_Noise01
[2015.11.25-01.58.55:445][831]LogLinker:Warning: Can't find file '/Game/UForumHelp_DynRadial/Textures/SK_Noise01'
[2015.11.25-01.58.55:447][831]LogLinker:Warning: Can't find file for asset '/Game/UForumHelp_DynRadial/Textures/SK_Noise01' while loading E:/NightmareGame/TheGame/Content/ThirdPersonBP/HUD/Radial/Materials/MAT_RadialDyn_Master.uasset.
[2015.11.25-01.58.55:452][831]LogLinker:Warning: Can't find file '/Game/UForumHelp_DynRadial/MaterialFunctions/MFUN_CMPCoords'
[2015.11.25-01.58.55:452][831]LoadErrors: Info Failed to load /Game/UForumHelp_DynRadial/MaterialFunctions/MFUN_CMPCoords.MFUN_CMPCoords Referenced by MAT_RadialDyn_Master
[2015.11.25-01.58.55:454][831]LogLinker:Warning: Can't find file for asset '/Game/UForumHelp_DynRadial/MaterialFunctions/MFUN_CMPCoords' while loading NULL.
[2015.11.25-01.58.55:455][831]LogLinker:Warning: Can't find file '/Game/UForumHelp_DynRadial/MaterialFunctions/MFUN_XYSplit'
[2015.11.25-01.58.55:455][831]LoadErrors: Info Failed to load /Game/UForumHelp_DynRadial/MaterialFunctions/MFUN_XYSplit.MFUN_XYSplit Referenced by MAT_RadialDyn_Master
[2015.11.25-01.58.55:457][831]LogLinker:Warning: Can't find file for asset '/Game/UForumHelp_DynRadial/MaterialFunctions/MFUN_XYSplit' while loading NULL.
[2015.11.25-01.58.55:458][831]LogLinker:Warning: Can't find file '/Game/UForumHelp_DynRadial/MaterialFunctions/MFUN_DynRadius'
[2015.11.25-01.58.55:459][831]LoadErrors: Info Failed to load /Game/UForumHelp_DynRadial/MaterialFunctions/MFUN_DynRadius.MFUN_DynRadius Referenced by MAT_RadialDyn_Master
[2015.11.25-01.58.55:460][831]LogLinker:Warning: Can't find file for asset '/Game/UForumHelp_DynRadial/MaterialFunctions/MFUN_DynRadius' while loading NULL.
[2015.11.25-01.58.55:462][831]LogLinker:Warning: Can't find file '/Game/UForumHelp_DynRadial/MaterialFunctions/MFUN_XYSplit'
[2015.11.25-01.58.55:464][831]LogLinker:Warning: Can't find file for asset '/Game/UForumHelp_DynRadial/MaterialFunctions/MFUN_XYSplit' while loading NULL.
[2015.11.25-01.58.55:465][831]LogLinker:Warning: Can't find file '/Game/UForumHelp_DynRadial/MaterialFunctions/MFUN_CMPCoords'
[2015.11.25-01.58.55:467][831]LogLinker:Warning: Can't find file for asset '/Game/UForumHelp_DynRadial/MaterialFunctions/MFUN_CMPCoords' while loading NULL.
[2015.11.25-01.58.55:468][831]LogLinker:Warning: Can't find file '/Game/UForumHelp_DynRadial/MaterialFunctions/MFUN_XYSplit'
[2015.11.25-01.58.55:470][831]LogLinker:Warning: Can't find file for asset '/Game/UForumHelp_DynRadial/MaterialFunctions/MFUN_XYSplit' while loading NULL.
[2015.11.25-01.58.55:472][831]LogLinker:Warning: Can't find file '/Game/UForumHelp_DynRadial/MaterialFunctions/MFUN_CMPCoords'
[2015.11.25-01.58.55:481][831]LogLinker:Warning: Can't find file for asset '/Game/UForumHelp_DynRadial/MaterialFunctions/MFUN_CMPCoords' while loading NULL.
[2015.11.25-01.58.55:483][831]LogLinker:Warning: Can't find file '/Game/UForumHelp_DynRadial/MaterialFunctions/MFUN_XYSplit'
[2015.11.25-01.58.55:484][831]LogLinker:Warning: Can't find file for asset '/Game/UForumHelp_DynRadial/MaterialFunctions/MFUN_XYSplit' while loading NULL.
[2015.11.25-01.58.55:486][831]LogLinker:Warning: Can't find file '/Game/UForumHelp_DynRadial/MaterialFunctions/MFUN_Pulse'
[2015.11.25-01.58.55:486][831]LoadErrors: Info Failed to load /Game/UForumHelp_DynRadial/MaterialFunctions/MFUN_Pulse.MFUN_Pulse Referenced by MAT_RadialDyn_Master
[2015.11.25-01.58.55:487][831]LogLinker:Warning: Can't find file for asset '/Game/UForumHelp_DynRadial/MaterialFunctions/MFUN_Pulse' while loading NULL.
[2015.11.25-01.58.55:489][831]LogLinker:Warning: Can't find file '/Game/UForumHelp_DynRadial/MaterialFunctions/MFUN_CMPCoords'
[2015.11.25-01.58.55:489][831]LoadErrors: Info Failed to load /Game/UForumHelp_DynRadial/MaterialFunctions/MFUN_CMPCoords.MFUN_CMPCoords Referenced by MaterialExpressionMaterialFunctionCall_10
[2015.11.25-01.58.55:491][831]LogLinker:Warning: Can't find file for asset '/Game/UForumHelp_DynRadial/MaterialFunctions/MFUN_CMPCoords' while loading NULL.
[2015.11.25-01.58.55:493][831]LogLinker:Warning: Can't find file '/Game/UForumHelp_DynRadial/MaterialFunctions/MFUN_CMPCoords'
[2015.11.25-01.58.55:493][831]LoadErrors: Info Failed to load /Game/UForumHelp_DynRadial/MaterialFunctions/MFUN_CMPCoords.MFUN_CMPCoords Referenced by MaterialExpressionMaterialFunctionCall_11
[2015.11.25-01.58.55:495][831]LogLinker:Warning: Can't find file for asset '/Game/UForumHelp_DynRadial/MaterialFunctions/MFUN_CMPCoords' while loading NULL.
[2015.11.25-01.58.55:497][831]LogLinker:Warning: Can't find file '/Game/UForumHelp_DynRadial/MaterialFunctions/MFUN_Pulse'
[2015.11.25-01.58.55:497][831]LoadErrors: Info Failed to load /Game/UForumHelp_DynRadial/MaterialFunctions/MFUN_Pulse.MFUN_Pulse Referenced by MaterialExpressionMaterialFunctionCall_12
[2015.11.25-01.58.55:498][831]LogLinker:Warning: Can't find file for asset '/Game/UForumHelp_DynRadial/MaterialFunctions/MFUN_Pulse' while loading NULL.
[2015.11.25-01.58.55:500][831]LogLinker:Warning: Can't find file '/Game/UForumHelp_DynRadial/MaterialFunctions/MFUN_DynRadius'
[2015.11.25-01.58.55:500][831]LoadErrors: Info Failed to load /Game/UForumHelp_DynRadial/MaterialFunctions/MFUN_DynRadius.MFUN_DynRadius Referenced by MaterialExpressionMaterialFunctionCall_2
[2015.11.25-01.58.55:502][831]LogLinker:Warning: Can't find file for asset '/Game/UForumHelp_DynRadial/MaterialFunctions/MFUN_DynRadius' while loading NULL.
[2015.11.25-01.58.55:503][831]LogLinker:Warning: Can't find file '/Game/UForumHelp_DynRadial/MaterialFunctions/MFUN_CMPCoords'
[2015.11.25-01.58.55:503][831]LoadErrors: Info Failed to load /Game/UForumHelp_DynRadial/MaterialFunctions/MFUN_CMPCoords.MFUN_CMPCoords Referenced by MaterialExpressionMaterialFunctionCall_8
[2015.11.25-01.58.55:504][831]LogLinker:Warning: Can't find file for asset '/Game/UForumHelp_DynRadial/MaterialFunctions/MFUN_CMPCoords' while loading NULL.
[2015.11.25-01.58.55:507][831]LogLinker:Warning: Can't find file '/Game/UForumHelp_DynRadial/Textures/SK_Noise01'
[2015.11.25-01.58.55:507][831]LoadErrors: Info Failed to load /Game/UForumHelp_DynRadial/Textures/SK_Noise01.SK_Noise01 Referenced by MaterialExpressionTextureSampleParameter2D_0
[2015.11.25-01.58.55:509][831]LogLinker:Warning: Can't find file for asset '/Game/UForumHelp_DynRadial/Textures/SK_Noise01' while loading NULL.
[2015.11.25-01.58.55:522][831]LogMaterial: Missing cached shader map for material MAT_RadialDyn_Master, compiling. 
[2015.11.25-01.58.55:563][831]LogMaterial:Warning: Failed to compile Material /Game/ThirdPersonBP/HUD/Radial/Materials/MAT_RadialDyn_Master.MAT_RadialDyn_Master for platform PCD3D_SM5, Default Material will be used in game.
[2015.11.25-01.58.55:568][831]LogMaterial:Warning: 	Missing Material Function
[2015.11.25-01.58.55:568][831]LogMaterial:Warning: 	(Node If) If input A must be of type float.
[2015.11.25-01.58.55:568][831]LogMaterial:Warning: 	(Node TextureSampleParameter2D) Param2D> Requires Texture2D
[2015.11.25-01.58.55:650][831]LogMaterial: Missing cached shader map for material MAT_RadialDyn_Master, compiling. 
[2015.11.25-01.58.55:651][831]LogMaterial:Warning: Failed to compile Material /Engine/Transient.MAT_RadialDyn_Master for platform PCD3D_SM5, Default Material will be used in game.
[2015.11.25-01.58.55:651][831]LogMaterial:Warning: 	Missing Material Function
[2015.11.25-01.58.55:651][831]LogMaterial:Warning: 	(Node If) If input A must be of type float.
[2015.11.25-01.58.55:651][831]LogMaterial:Warning: 	(Node TextureSampleParameter2D) Param2D> Requires Texture2D
[2015.11.25-01.58.56:083][831]LogMaterial: Missing cached shader map for material MAT_RadialDyn_Master, compiling. 
[2015.11.25-01.58.56:083][831]LogMaterial:Warning: Failed to compile Material /Engine/Transient.MAT_RadialDyn_Master for platform PCD3D_SM5, Default Material will be used in game.
[2015.11.25-01.58.56:083][831]LogMaterial:Warning: 	Missing Material Function
[2015.11.25-01.58.56:083][831]LogMaterial:Warning: 	(Node If) If input A must be of type float.
[2015.11.25-01.58.56:083][831]LogMaterial:Warning: 	(Node TextureSampleParameter2D) Param2D> Requires Texture2D
[2015.11.25-01.58.56:083][831]LogMaterial: 0.000053 seconds spent updating 1 materials, 1 interfaces, 0 instances, 0 with static permutations.
[2015.11.25-01.58.56:143][831]LogMaterial: Missing cached shader map for material FMatExpressionPreview MaterialExpressionVectorParameter_4, compiling. 
[2015.11.25-01.58.56:237][831]LogMaterial: Missing cached shader map for material FMatExpressionPreview MaterialExpressionVectorParameter_5, compiling. 
[2015.11.25-01.58.56:241][831]LogMaterial: Missing cached shader map for material FMatExpressionPreview MaterialExpressionTextureSampleParameter2D_0, compiling. 
[2015.11.25-01.58.56:243][831]MaterialEditorStats:Error: Error [SM5] Missing Material Function
[2015.11.25-01.58.56:243][831]MaterialEditorStats:Error: Error [SM5] (Node If) If input A must be of type float.
[2015.11.25-01.58.56:243][831]MaterialEditorStats:Error: Error [SM5] (Node TextureSampleParameter2D) Param2D> Requires Texture2D
[2015.11.25-01.59.20:741][105]LogMaterial: Missing cached shader map for material PreviewMaterial_0, compiling. 
[2015.11.25-01.59.20:741][105]LogMaterial:Warning: Failed to compile Material /Engine/Transient.PreviewMaterial_0 for platform PCD3D_SM5, Default Material will be used in game.
[2015.11.25-01.59.20:741][105]LogMaterial:Warning: 	Missing Material Function
[2015.11.25-01.59.20:741][105]LogMaterial:Warning: 	(Node If) If input A must be of type float.
[2015.11.25-01.59.20:741][105]LogMaterial:Warning: 	(Node TextureSampleParameter2D) Param2D> Requires Texture2D
[2015.11.25-01.59.21:014][105]LogMaterial: Missing cached shader map for material PreviewMaterial_0, compiling. 
[2015.11.25-01.59.21:015][105]LogMaterial:Warning: Failed to compile Material /Engine/Transient.PreviewMaterial_0 for platform PCD3D_SM5, Default Material will be used in game.
[2015.11.25-01.59.21:015][105]LogMaterial:Warning: 	Missing Material Function
[2015.11.25-01.59.21:015][105]LogMaterial:Warning: 	(Node If) If input A must be of type float.
[2015.11.25-01.59.21:015][105]LogMaterial:Warning: 	(Node TextureSampleParameter2D) Param2D> Requires Texture2D
[2015.11.25-01.59.21:015][105]LogMaterial: 0.000029 seconds spent updating 1 materials, 1 interfaces, 0 instances, 0 with static permutations.
[2015.11.25-01.59.21:050][105]LogMaterial: Missing cached shader map for material FMatExpressionPreview MaterialExpressionVectorParameter_4, compiling. 
[2015.11.25-01.59.21:062][105]LogMaterial: Missing cached shader map for material FMatExpressionPreview MaterialExpressionVectorParameter_5, compiling. 
[2015.11.25-01.59.21:066][105]LogMaterial: Missing cached shader map for material FMatExpressionPreview MaterialExpressionTextureSampleParameter2D_0, compiling. 
[2015.11.25-01.59.21:087][105]MaterialEditorStats:Error: Error [SM5] Missing Material Function
[2015.11.25-01.59.21:087][105]MaterialEditorStats:Error: Error [SM5] (Node If) If input A must be of type float.
[2015.11.25-01.59.21:087][105]MaterialEditorStats:Error: Error [SM5] (Node TextureSampleParameter2D) Param2D> Requires Texture2D
[2015.11.25-01.59.27:868][430]LogLinker:Warning: Can't find file '/Game/UForumHelp_DynRadial/MaterialFunctions/MFUN_XYSplit'
[2015.11.25-01.59.27:870][430]LogLinker:Warning: Can't find file for asset '/Game/UForumHelp_DynRadial/MaterialFunctions/MFUN_XYSplit' while loading E:/NightmareGame/TheGame/Content/ThirdPersonBP/HUD/Radial/MaterialFunctions/MFUN_CMPCoords.uasset.
[2015.11.25-01.59.27:870][430]LoadErrors:Error: Error /Game/ThirdPersonBP/HUD/Radial/MaterialFunctions/MFUN_CMPCoords : Can't find file for asset. /Game/UForumHelp_DynRadial/MaterialFunctions/MFUN_XYSplit
[2015.11.25-01.59.27:871][430]LogLinker:Warning: Can't find file '/Game/UForumHelp_DynRadial/MaterialFunctions/MFUN_XYSplit'
[2015.11.25-01.59.27:873][430]LogLinker:Warning: Can't find file for asset '/Game/UForumHelp_DynRadial/MaterialFunctions/MFUN_XYSplit' while loading E:/NightmareGame/TheGame/Content/ThirdPersonBP/HUD/Radial/MaterialFunctions/MFUN_CMPCoords.uasset.
[2015.11.25-01.59.27:876][430]LogLinker:Warning: Can't find file '/Game/UForumHelp_DynRadial/MaterialFunctions/MFUN_XYSplit'
[2015.11.25-01.59.27:876][430]LoadErrors: Info Failed to load /Game/UForumHelp_DynRadial/MaterialFunctions/MFUN_XYSplit.MFUN_XYSplit Referenced by MaterialExpressionMaterialFunctionCall_3
[2015.11.25-01.59.27:877][430]LogLinker:Warning: Can't find file for asset '/Game/UForumHelp_DynRadial/MaterialFunctions/MFUN_XYSplit' while loading NULL.
[2015.11.25-01.59.27:879][430]LogLinker:Warning: Can't find file '/Game/UForumHelp_DynRadial/MaterialFunctions/MFUN_XYSplit'
[2015.11.25-01.59.27:879][430]LoadErrors: Info Failed to load /Game/UForumHelp_DynRadial/MaterialFunctions/MFUN_XYSplit.MFUN_XYSplit Referenced by MaterialExpressionMaterialFunctionCall_4
[2015.11.25-01.59.27:880][430]LogLinker:Warning: Can't find file for asset '/Game/UForumHelp_DynRadial/MaterialFunctions/MFUN_XYSplit' while loading NULL.
[2015.11.25-01.59.28:141][430]LogMaterial: Missing cached shader map for material Material_1, compiling. 
[2015.11.25-01.59.28:141][430]LogMaterial:Warning: Failed to compile Material /Engine/Transient.Material_1 for platform PCD3D_SM5, Default Material will be used in game.
[2015.11.25-01.59.28:141][430]LogMaterial:Warning: 	Missing Material Function
[2015.11.25-01.59.28:141][430]LogMaterial:Warning: 	(Node If) If input A must be of type float.
[2015.11.25-01.59.28:141][430]LogMaterial: 0.000044 seconds spent updating 1 materials, 1 interfaces, 0 instances, 0 with static permutations.
[2015.11.25-01.59.28:188][430]LogMaterial: Missing cached shader map for material Material_1, compiling. 
[2015.11.25-01.59.28:188][430]LogMaterial:Warning: Failed to compile Material /Engine/Transient.Material_1 for platform PCD3D_SM5, Default Material will be used in game.
[2015.11.25-01.59.28:188][430]LogMaterial:Warning: 	Missing Material Function
[2015.11.25-01.59.28:188][430]LogMaterial:Warning: 	(Node If) If input A must be of type float.
[2015.11.25-01.59.28:188][430]LogMaterial: 0.000051 seconds spent updating 1 materials, 1 interfaces, 0 instances, 0 with static permutations.
[2015.11.25-01.59.28:229][430]LogMaterial: Missing cached shader map for material FMatExpressionPreview MaterialExpressionFunctionOutput_7, compiling. 
[2015.11.25-01.59.28:231][430]LogMaterial: Missing cached shader map for material FMatExpressionPreview MaterialExpressionCustom_0, compiling. 
[2015.11.25-01.59.28:257][430]LogMaterial: Missing cached shader map for material FMatExpressionPreview MaterialExpressionFunctionOutput_8, compiling. 
[2015.11.25-01.59.28:276][430]LogMaterial: Missing cached shader map for material Material_2, compiling. 
[2015.11.25-01.59.28:281][430]LogMaterial:Warning: Failed to compile Material /Engine/Transient.Material_2 for platform PCD3D_SM5, Default Material will be used in game.
[2015.11.25-01.59.28:281][430]LogMaterial:Warning: 	Missing Material Function
[2015.11.25-01.59.28:281][430]LogMaterial:Warning: 	(Node If) If input A must be of type float.
[2015.11.25-01.59.28:291][430]MaterialEditorStats:Error: Error [SM5] Missing Material Function
[2015.11.25-01.59.28:291][430]MaterialEditorStats:Error: Error [SM5] (Node If) If input A must be of type float.
[2015.11.25-01.59.41:501][199]LogLinker:Warning: Can't find file '/Game/UForumHelp_DynRadial/MaterialFunctions/MFUN_XYSplit'
[2015.11.25-01.59.41:503][199]LogLinker:Warning: Can't find file for asset '/Game/UForumHelp_DynRadial/MaterialFunctions/MFUN_XYSplit' while loading E:/NightmareGame/TheGame/Content/ThirdPersonBP/HUD/Radial/MaterialFunctions/MFUN_DynRadius.uasset.
[2015.11.25-01.59.41:503][199]LoadErrors:Error: Error /Game/ThirdPersonBP/HUD/Radial/MaterialFunctions/MFUN_DynRadius : Can't find file for asset. /Game/UForumHelp_DynRadial/MaterialFunctions/MFUN_XYSplit
[2015.11.25-01.59.41:504][199]LogLinker:Warning: Can't find file '/Game/UForumHelp_DynRadial/MaterialFunctions/MFUN_XYSplit'
[2015.11.25-01.59.41:505][199]LogLinker:Warning: Can't find file for asset '/Game/UForumHelp_DynRadial/MaterialFunctions/MFUN_XYSplit' while loading E:/NightmareGame/TheGame/Content/ThirdPersonBP/HUD/Radial/MaterialFunctions/MFUN_DynRadius.uasset.
[2015.11.25-01.59.41:509][199]LogLinker:Warning: Can't find file '/Game/UForumHelp_DynRadial/MaterialFunctions/MFUN_XYSplit'
[2015.11.25-01.59.41:509][199]LoadErrors: Info Failed to load /Game/UForumHelp_DynRadial/MaterialFunctions/MFUN_XYSplit.MFUN_XYSplit Referenced by MaterialExpressionMaterialFunctionCall_9
[2015.11.25-01.59.41:511][199]LogLinker:Warning: Can't find file for asset '/Game/UForumHelp_DynRadial/MaterialFunctions/MFUN_XYSplit' while loading NULL.
[2015.11.25-01.59.41:838][199]LogMaterial: Missing cached shader map for material Material_4, compiling. 
[2015.11.25-01.59.41:838][199]LogMaterial:Warning: Failed to compile Material /Engine/Transient.Material_4 for platform PCD3D_SM5, Default Material will be used in game.
[2015.11.25-01.59.41:838][199]LogMaterial:Warning: 	Missing Material Function
[2015.11.25-01.59.41:838][199]LogMaterial: 0.000065 seconds spent updating 1 materials, 1 interfaces, 0 instances, 0 with static permutations.
[2015.11.25-01.59.41:863][199]LogMaterial: Missing cached shader map for material Material_4, compiling. 
[2015.11.25-01.59.41:863][199]LogMaterial:Warning: Failed to compile Material /Engine/Transient.Material_4 for platform PCD3D_SM5, Default Material will be used in game.
[2015.11.25-01.59.41:863][199]LogMaterial:Warning: 	Missing Material Function
[2015.11.25-01.59.41:863][199]LogMaterial: 0.000027 seconds spent updating 1 materials, 1 interfaces, 0 instances, 0 with static permutations.
[2015.11.25-01.59.41:887][199]LogMaterial: Missing cached shader map for material FMatExpressionPreview MaterialExpressionFunctionOutput_9, compiling. 
[2015.11.25-01.59.41:888][199]LogMaterial: Missing cached shader map for material FMatExpressionPreview MaterialExpressionFunctionInput_17, compiling. 
[2015.11.25-01.59.41:922][199]LogMaterial: Missing cached shader map for material FMatExpressionPreview MaterialExpressionFunctionInput_18, compiling. 
[2015.11.25-01.59.41:927][199]LogMaterial: Missing cached shader map for material Material_5, compiling. 
[2015.11.25-01.59.41:927][199]LogMaterial:Warning: Failed to compile Material /Engine/Transient.Material_5 for platform PCD3D_SM5, Default Material will be used in game.
[2015.11.25-01.59.41:927][199]LogMaterial:Warning: 	Missing Material Function
[2015.11.25-01.59.41:929][199]MaterialEditorStats:Error: Error [SM5] Missing Material Function
[2015.11.25-01.59.49:085][605]LogLinker:Warning: Can't find file '/Game/UForumHelp_DynRadial/Materials/MAT_RadialDyn_Master'
[2015.11.25-01.59.49:087][605]LogLinker:Warning: Can't find file for asset '/Game/UForumHelp_DynRadial/Materials/MAT_RadialDyn_Master' while loading E:/NightmareGame/TheGame/Content/ThirdPersonBP/HUD/Radial/MICs/MIC_Health_StyleA.uasset.
[2015.11.25-01.59.49:097][605]LoadErrors:Error: Error /Game/ThirdPersonBP/HUD/Radial/MICs/MIC_Health_StyleA : Can't find file for asset. /Game/UForumHelp_DynRadial/Materials/MAT_RadialDyn_Master
[2015.11.25-01.59.49:110][605]LogLinker:Warning: Can't find file '/Game/UForumHelp_DynRadial/Materials/MAT_RadialDyn_Master'
[2015.11.25-01.59.49:111][605]LogLinker:Warning: Can't find file for asset '/Game/UForumHelp_DynRadial/Materials/MAT_RadialDyn_Master' while loading E:/NightmareGame/TheGame/Content/ThirdPersonBP/HUD/Radial/MICs/MIC_Health_StyleA.uasset.
[2015.11.25-01.59.49:113][605]LogLinker:Warning: Can't find file '/Game/UForumHelp_DynRadial/Materials/MAT_RadialDyn_Master'
[2015.11.25-01.59.49:113][605]LoadErrors: Info Failed to load /Game/UForumHelp_DynRadial/Materials/MAT_RadialDyn_Master.MAT_RadialDyn_Master Referenced by MIC_Health_StyleA
[2015.11.25-01.59.49:114][605]LogLinker:Warning: Can't find file for asset '/Game/UForumHelp_DynRadial/Materials/MAT_RadialDyn_Master' while loading NULL.
[2015.11.25-01.59.49:206][605]LogMaterial: 0.000851 seconds spent updating 1 materials, 1 interfaces, 1 instances, 0 with static permutations.
[2015.11.25-01.59.49:361][605]LogRenderer: Reallocating scene render targets to support 1288x760 (Frame:2140).
[2015.11.25-02.05.27:098][638]LogParticles: Destroying 0 GPU particle simulations for FXSystem 0x00000000341E9800
[2015.11.25-02.05.27:098][638]LogParticles: Destroying 0 GPU particle simulations for FXSystem 0x000000001BCB4540
[2015.11.25-02.05.27:099][638]LogParticles: Destroying 0 GPU particle simulations for FXSystem 0x000000001BE9B060
[2015.11.25-02.05.27:099][638]LogParticles: Destroying 0 GPU particle simulations for FXSystem 0x000000002BA6E5C0
[2015.11.25-02.05.27:100][638]LogParticles: Destroying 0 GPU particle simulations for FXSystem 0x000000006C10E660
[2015.11.25-02.05.29:995][639]Cmd: QUIT_EDITOR
[2015.11.25-02.05.30:433][639]LogExit: Preparing to exit.
[2015.11.25-02.05.31:216][639]LogExit: Editor shut down
[2015.11.25-02.05.31:217][639]LogExit: Transaction tracking system shut down
[2015.11.25-02.05.31:219][639]LogParticles: Destroying 0 GPU particle simulations for FXSystem 0x0000000023C46F20
[2015.11.25-02.05.31:219][639]LogParticles: Destroying 0 GPU particle simulations for FXSystem 0x0000000033FB7EC0
[2015.11.25-02.05.31:219][639]LogParticles: Destroying 0 GPU particle simulations for FXSystem 0x0000000033F4BEC0
[2015.11.25-02.05.31:219][639]LogParticles: Destroying 0 GPU particle simulations for FXSystem 0x0000000033F4BF60
[2015.11.25-02.05.31:219][639]LogParticles: Destroying 0 GPU particle simulations for FXSystem 0x0000000033F49F80
[2015.11.25-02.05.31:219][639]LogParticles: Destroying 0 GPU particle simulations for FXSystem 0x000000001F125580
[2015.11.25-02.05.31:219][639]LogParticles: Destroying 0 GPU particle simulations for FXSystem 0x000000005ABF6020
[2015.11.25-02.05.31:354][639]LogExit: Object subsystem successfully closed.
[2015.11.25-02.05.31:372][639]LogD3D11RHI: Shutdown
[2015.11.25-02.05.31:372][639]LogD3D11RHI: CleanupD3DDevice
[2015.11.25-02.05.31:431][639]LogD3D11RHI: ~FD3D11DynamicRHI
[2015.11.25-02.05.31:483][639]LogModuleManager: Shutting down and abandoning module MaterialEditor (198)
[2015.11.25-02.05.31:483][639]LogModuleManager: Shutting down and abandoning module CrashTracker (197)
[2015.11.25-02.05.31:483][639]LogModuleManager: Shutting down and abandoning module SceneOutliner (196)
[2015.11.25-02.05.31:483][639]LogModuleManager: Shutting down and abandoning module SuperSearch (195)
[2015.11.25-02.05.31:483][639]LogModuleManager: Shutting down and abandoning module WidgetCarousel (194)
[2015.11.25-02.05.31:483][639]LogModuleManager: Shutting down and abandoning module AddContentDialog (193)
[2015.11.25-02.05.31:484][639]LogModuleManager: Shutting down and abandoning module EditorWidgets (192)
[2015.11.25-02.05.31:484][639]LogModuleManager: Shutting down and abandoning module CollectionManager (191)
[2015.11.25-02.05.31:489][639]LogModuleManager: Shutting down and abandoning module StatsViewer (190)
[2015.11.25-02.05.31:489][639]LogModuleManager: Shutting down and abandoning module FoliageEdit (189)
[2015.11.25-02.05.31:489][639]LogModuleManager: Shutting down and abandoning module LandscapeEditor (188)
[2015.11.25-02.05.31:489][639]LogModuleManager: Shutting down and abandoning module ActorPickerMode (187)
[2015.11.25-02.05.31:489][639]LogModuleManager: Shutting down and abandoning module GeometryMode (186)
[2015.11.25-02.05.31:489][639]LogModuleManager: Shutting down and abandoning module TextureAlignMode (185)
[2015.11.25-02.05.31:489][639]LogModuleManager: Shutting down and abandoning module BspMode (184)
[2015.11.25-02.05.31:489][639]LogModuleManager: Shutting down and abandoning module PlacementMode (183)
[2015.11.25-02.05.31:489][639]LogModuleManager: Shutting down and abandoning module AutomationWorker (182)
[2015.11.25-02.05.31:489][639]LogModuleManager: Shutting down and abandoning module CharacterAI (181)
[2015.11.25-02.05.31:489][639]LogModuleManager: Shutting down and abandoning module SmartSnapping (180)
[2015.11.25-02.05.31:489][639]LogModuleManager: Shutting down and abandoning module ViewportSnapping (179)
[2015.11.25-02.05.31:489][639]LogModuleManager: Shutting down and abandoning module LogVisualizer (178)
[2015.11.25-02.05.31:489][639]LogModuleManager: Shutting down and abandoning module GameProjectGeneration (177)
[2015.11.25-02.05.31:489][639]LogModuleManager: Shutting down and abandoning module IntroTutorials (176)
[2015.11.25-02.05.31:489][639]LogModuleManager: Shutting down and abandoning module EditorLiveStreaming (175)
[2015.11.25-02.05.31:489][639]LogModuleManager: Shutting down and abandoning module IOSPlatformEditor (174)
[2015.11.25-02.05.31:489][639]LogModuleManager: Shutting down and abandoning module HTML5PlatformEditor (173)
[2015.11.25-02.05.31:489][639]LogModuleManager: Shutting down and abandoning module AndroidDeviceDetection (172)
[2015.11.25-02.05.31:560][639]LogModuleManager: Shutting down and abandoning module AndroidPlatformEditor (171)
[2015.11.25-02.05.31:560][639]LogModuleManager: Shutting down and abandoning module IOSRuntimeSettings (170)
[2015.11.25-02.05.31:560][639]LogModuleManager: Shutting down and abandoning module AndroidRuntimeSettings (169)
[2015.11.25-02.05.31:560][639]LogModuleManager: Shutting down and abandoning module MergeActors (168)
[2015.11.25-02.05.31:560][639]LogModuleManager: Shutting down and abandoning module SizeMap (167)
[2015.11.25-02.05.31:560][639]LogModuleManager: Shutting down and abandoning module TreeMap (166)
[2015.11.25-02.05.31:560][639]LogModuleManager: Shutting down and abandoning module ReferenceViewer (165)
[2015.11.25-02.05.31:560][639]LogModuleManager: Shutting down and abandoning module LocalizationService (164)
[2015.11.25-02.05.31:560][639]LogModuleManager: Shutting down and abandoning module LocalizationDashboard (163)
[2015.11.25-02.05.31:560][639]LogModuleManager: Shutting down and abandoning module HardwareTargeting (162)
[2015.11.25-02.05.31:560][639]LogModuleManager: Shutting down and abandoning module DeviceProfileEditor (161)
[2015.11.25-02.05.31:560][639]LogModuleManager: Shutting down and abandoning module UndoHistory (160)
[2015.11.25-02.05.31:560][639]LogModuleManager: Shutting down and abandoning module GameplayTagsEditor (159)
[2015.11.25-02.05.31:560][639]LogModuleManager: Shutting down and abandoning module UserFeedback (158)
[2015.11.25-02.05.31:560][639]LogModuleManager: Shutting down and abandoning module XmlParser (157)
[2015.11.25-02.05.31:560][639]LogModuleManager: Shutting down and abandoning module Blutility (156)
[2015.11.25-02.05.31:560][639]LogModuleManager: Shutting down and abandoning module ProjectTargetPlatformEditor (155)
[2015.11.25-02.05.31:560][639]LogModuleManager: Shutting down and abandoning module ProjectSettingsViewer (154)
[2015.11.25-02.05.31:560][639]LogModuleManager: Shutting down and abandoning module InputBindingEditor (153)
[2015.11.25-02.05.31:568][639]LogModuleManager: Shutting down and abandoning module EditorSettingsViewer (152)
[2015.11.25-02.05.31:568][639]LogModuleManager: Shutting down and abandoning module SettingsEditor (151)
[2015.11.25-02.05.31:568][639]LogModuleManager: Shutting down and abandoning module ProjectLauncher (150)
[2015.11.25-02.05.31:568][639]LogModuleManager: Shutting down and abandoning module SessionFrontend (149)
[2015.11.25-02.05.31:568][639]LogModuleManager: Shutting down and abandoning module ProfilerClient (148)
[2015.11.25-02.05.31:568][639]LogModuleManager: Shutting down and abandoning module TargetDeviceServices (147)
[2015.11.25-02.05.31:568][639]LogModuleManager: Shutting down and abandoning module DeviceManager (146)
[2015.11.25-02.05.31:568][639]LogModuleManager: Shutting down and abandoning module AutomationController (145)
[2015.11.25-02.05.31:568][639]LogModuleManager: Shutting down and abandoning module AutomationWindow (144)
[2015.11.25-02.05.31:568][639]LogModuleManager: Shutting down and abandoning module Layers (143)
[2015.11.25-02.05.31:568][639]LogModuleManager: Shutting down and abandoning module ComponentVisualizers (142)
[2015.11.25-02.05.31:568][639]LogModuleManager: Shutting down and abandoning module DetailCustomizations (141)
[2015.11.25-02.05.31:568][639]LogModuleManager: Shutting down and abandoning module PackagesDialog (140)
[2015.11.25-02.05.31:568][639]LogModuleManager: Shutting down and abandoning module Persona (139)
[2015.11.25-02.05.31:568][639]LogModuleManager: Shutting down and abandoning module Kismet (138)
[2015.11.25-02.05.31:568][639]LogModuleManager: Shutting down and abandoning module GraphEditor (137)
[2015.11.25-02.05.31:569][639]LogModuleManager: Shutting down and abandoning module ClassViewer (136)
[2015.11.25-02.05.31:569][639]LogModuleManager: Shutting down and abandoning module Toolbox (135)
[2015.11.25-02.05.31:569][639]LogModuleManager: Shutting down and abandoning module ModuleUI (134)
[2015.11.25-02.05.31:569][639]LogModuleManager: Shutting down and abandoning module MovieSceneTools (133)
[2015.11.25-02.05.31:569][639]LogModuleManager: Shutting down and abandoning module OutputLog (132)
[2015.11.25-02.05.31:569][639]LogModuleManager: Shutting down and abandoning module GammaUI (131)
[2015.11.25-02.05.31:569][639]LogModuleManager: Shutting down and abandoning module Documentation (130)
[2015.11.25-02.05.31:569][639]LogModuleManager: Shutting down and abandoning module GameLiveStreaming (129)
[2015.11.25-02.05.31:569][639]LogModuleManager: Shutting down and abandoning module StreamingPauseRendering (128)
[2015.11.25-02.05.31:569][639]LogModuleManager: Shutting down and abandoning module AnalyticsET (127)
[2015.11.25-02.05.31:569][639]LogModuleManager: Shutting down and abandoning module Analytics (126)
[2015.11.25-02.05.31:569][639]LogModuleManager: Shutting down and abandoning module AITestSuite (125)
[2015.11.25-02.05.31:569][639]LogModuleManager: Shutting down and abandoning module GameplayDebugger (124)
[2015.11.25-02.05.31:569][639]LogModuleManager: Shutting down and abandoning module AIModule (123)
[2015.11.25-02.05.31:569][639]LogModuleManager: Shutting down and abandoning module ProfilerService (122)
[2015.11.25-02.05.31:779][639]LogModuleManager: Shutting down and abandoning module TaskGraph (121)
[2015.11.25-02.05.31:779][639]LogModuleManager: Shutting down and abandoning module SlateRemote (120)
[2015.11.25-02.05.31:779][639]LogModuleManager: Shutting down and abandoning module SteamVRController (119)
[2015.11.25-02.05.31:779][639]LogModuleManager: Shutting down and abandoning module SteamVR (118)
[2015.11.25-02.05.31:779][639]LogModuleManager: Shutting down and abandoning module ProceduralMeshComponent (117)
[2015.11.25-02.05.31:779][639]LogModuleManager: Shutting down and abandoning module OculusRift (116)
[2015.11.25-02.05.31:779][639]LogModuleManager: Shutting down and abandoning module OculusLibrary (115)
[2015.11.25-02.05.31:779][639]LogModuleManager: Shutting down and abandoning module LeapMotionController (114)
[2015.11.25-02.05.31:803][639]LogModuleManager: Shutting down and abandoning module CustomMeshComponent (113)
[2015.11.25-02.05.31:803][639]LogModuleManager: Shutting down and abandoning module CableComponent (112)
[2015.11.25-02.05.31:803][639]LogModuleManager: Shutting down and abandoning module ArchVisCharacter (111)
[2015.11.25-02.05.31:803][639]LogModuleManager: Shutting down and abandoning module MessagingDebugger (110)
[2015.11.25-02.05.31:803][639]LogModuleManager: Shutting down and abandoning module MediaPlayerEditor (109)
[2015.11.25-02.05.31:803][639]LogModuleManager: Shutting down and abandoning module HTML5Networking (108)
[2015.11.25-02.05.31:803][639]LogModuleManager: Shutting down and abandoning module SpeedTreeImporter (107)
[2015.11.25-02.05.31:803][639]LogModuleManager: Shutting down and abandoning module PluginBrowser (106)
[2015.11.25-02.05.31:803][639]LogModuleManager: Shutting down and abandoning module EpicSurvey (105)
[2015.11.25-02.05.31:803][639]LogModuleManager: Shutting down and abandoning module DesktopPlatform (104)
[2015.11.25-02.05.31:803][639]LogModuleManager: Shutting down and abandoning module VisualStudioSourceCodeAccess (103)
[2015.11.25-02.05.31:803][639]LogModuleManager: Shutting down and abandoning module UObjectPlugin (102)
[2015.11.25-02.05.31:803][639]LogModuleManager: Shutting down and abandoning module SubversionSourceControl (101)
[2015.11.25-02.05.31:803][639]LogModuleManager: Shutting down and abandoning module PerforceSourceControl (100)
[2015.11.25-02.05.31:803][639]LogModuleManager: Shutting down and abandoning module SourceControl (99)
[2015.11.25-02.05.31:803][639]LogModuleManager: Shutting down and abandoning module GitSourceControl (98)
[2015.11.25-02.05.31:803][639]LogModuleManager: Shutting down and abandoning module LightPropagationVolumeEditor (97)
[2015.11.25-02.05.31:803][639]LogModuleManager: Shutting down and abandoning module PaperTiledImporter (96)
[2015.11.25-02.05.31:803][639]LogModuleManager: Shutting down and abandoning module PaperSpriteSheetImporter (95)
[2015.11.25-02.05.31:803][639]LogModuleManager: Shutting down and abandoning module MeshPaint (94)
[2015.11.25-02.05.31:803][639]LogModuleManager: Shutting down and abandoning module SlateReflector (93)
[2015.11.25-02.05.31:803][639]LogModuleManager: Shutting down and abandoning module HotReload (92)
[2015.11.25-02.05.31:803][639]LogModuleManager: Shutting down and abandoning module MainFrame (91)
[2015.11.25-02.05.31:803][639]LogModuleManager: Shutting down and abandoning module LevelEditor (90)
[2015.11.25-02.05.31:804][639]LogModuleManager: Shutting down and abandoning module DirectoryWatcher (89)
[2015.11.25-02.05.31:805][639]LogModuleManager: Shutting down and abandoning module AssetRegistry (88)
[2015.11.25-02.05.41:822][639]LogModuleManager: Shutting down and abandoning module ContentBrowser (87)
[2015.11.25-02.05.41:823][639]LogModuleManager: Shutting down and abandoning module Paper2DEditor (86)
[2015.11.25-02.05.41:823][639]LogModuleManager: Shutting down and abandoning module UdpMessaging (85)
[2015.11.25-02.05.41:923][639]LogModuleManager: Shutting down and abandoning module LightPropagationVolumeRuntime (84)
[2015.11.25-02.05.41:923][639]LogModuleManager: Shutting down and abandoning module Paper2D (83)
[2015.11.25-02.05.41:923][639]LogModuleManager: Shutting down and abandoning module WindowsMoviePlayer (82)
[2015.11.25-02.05.41:926][639]LogModuleManager: Shutting down and abandoning module Media (81)
[2015.11.25-02.05.41:926][639]LogModuleManager: Shutting down and abandoning module WmfMedia (80)
[2015.11.25-02.05.41:926][639]LogModuleManager: Shutting down and abandoning module OnlineBlueprintSupport (79)
[2015.11.25-02.05.41:926][639]LogModuleManager: Shutting down and abandoning module GameplayTasksEditor (78)
[2015.11.25-02.05.41:926][639]LogModuleManager: Shutting down and abandoning module PropertyEditor (77)
[2015.11.25-02.05.41:926][639]LogModuleManager: Shutting down and abandoning module BehaviorTreeEditor (76)
[2015.11.25-02.05.46:268][639]LogModuleManager: Shutting down and abandoning module FunctionalTesting (75)
[2015.11.25-02.05.46:268][639]LogModuleManager: Shutting down and abandoning module CollisionAnalyzer (74)
[2015.11.25-02.05.46:268][639]LogModuleManager: Shutting down and abandoning module WorkspaceMenuStructure (73)
[2015.11.25-02.05.46:268][639]LogModuleManager: Shutting down and abandoning module MessageLog (72)
[2015.11.25-02.05.46:268][639]LogModuleManager: Shutting down and abandoning module Sequencer (71)
[2015.11.25-02.05.46:268][639]LogModuleManager: Shutting down and abandoning module AssetTools (70)
[2015.11.25-02.05.46:268][639]LogModuleManager: Shutting down and abandoning module UMGEditor (69)
[2015.11.25-02.05.46:268][639]LogModuleManager: Shutting down and abandoning module UMG (68)
[2015.11.25-02.05.46:268][639]LogModuleManager: Shutting down and abandoning module Slate (67)
[2015.11.25-02.05.46:268][639]LogModuleManager: Shutting down and abandoning module EditorStyle (66)
[2015.11.25-02.05.46:271][639]LogModuleManager: Shutting down and abandoning module SessionServices (65)
[2015.11.25-02.05.46:271][639]LogModuleManager: Shutting down and abandoning module SourceCodeAccess (64)
[2015.11.25-02.05.46:271][639]LogModuleManager: Shutting down and abandoning module HeadMountedDisplay (63)
[2015.11.25-02.05.46:271][639]LogModuleManager: Shutting down and abandoning module XAudio2 (62)
[2015.11.25-02.05.46:271][639]LogModuleManager: Shutting down and abandoning module Networking (60)
[2015.11.25-02.05.46:271][639]LogModuleManager: Shutting down and abandoning module Core (59)
[2015.11.25-02.05.46:271][639]LogModuleManager: Shutting down and abandoning module KismetCompiler (58)
[2015.11.25-02.05.46:271][639]LogModuleManager: Shutting down and abandoning module PhysXFormats (57)
[2015.11.25-02.05.46:271][639]LogModuleManager: Shutting down and abandoning module MeshUtilities (56)
[2015.11.25-02.05.46:271][639]LogModuleManager: Shutting down and abandoning module CookingStats (55)
[2015.11.25-02.05.46:272][639]LogModuleManager: Shutting down and abandoning module DerivedDataCache (54)
[2015.11.25-02.05.46:354][639]LogDerivedDataCache: Shutdown
[2015.11.25-02.05.46:354][639]LogModuleManager: Shutting down and abandoning module ShaderFormatOpenGL (53)
[2015.11.25-02.05.46:354][639]LogModuleManager: Shutting down and abandoning module ShaderFormatD3D (52)
[2015.11.25-02.05.46:354][639]LogModuleManager: Shutting down and abandoning module MetalShaderFormat (51)
[2015.11.25-02.05.46:354][639]LogModuleManager: Shutting down and abandoning module TextureFormatUncompressed (50)
[2015.11.25-02.05.46:354][639]LogModuleManager: Shutting down and abandoning module TextureFormatPVR (49)
[2015.11.25-02.05.46:354][639]LogModuleManager: Shutting down and abandoning module TextureFormatIntelISPCTexComp (48)
[2015.11.25-02.05.46:354][639]LogModuleManager: Shutting down and abandoning module TextureFormatDXT (47)
[2015.11.25-02.05.46:354][639]LogModuleManager: Shutting down and abandoning module ImageWrapper (46)
[2015.11.25-02.05.46:354][639]LogModuleManager: Shutting down and abandoning module TextureFormatASTC (45)
[2015.11.25-02.05.46:354][639]LogModuleManager: Shutting down and abandoning module TextureFormatAndroid (44)
[2015.11.25-02.05.46:354][639]LogModuleManager: Shutting down and abandoning module AudioFormatOpus (43)
[2015.11.25-02.05.46:354][639]LogModuleManager: Shutting down and abandoning module AudioFormatOgg (42)
[2015.11.25-02.05.46:354][639]LogModuleManager: Shutting down and abandoning module AudioFormatADPCM (41)
[2015.11.25-02.05.46:354][639]LogModuleManager: Shutting down and abandoning module LinuxTargetPlatform (40)
[2015.11.25-02.05.46:354][639]LogModuleManager: Shutting down and abandoning module LinuxServerTargetPlatform (39)
[2015.11.25-02.05.46:354][639]LogModuleManager: Shutting down and abandoning module LinuxNoEditorTargetPlatform (38)
[2015.11.25-02.05.46:354][639]LogModuleManager: Shutting down and abandoning module Messaging (37)
[2015.11.25-02.05.46:359][639]LogModuleManager: Shutting down and abandoning module IOSTargetPlatform (36)
[2015.11.25-02.05.46:359][639]LogModuleManager: Shutting down and abandoning module HTML5TargetPlatform (35)
[2015.11.25-02.05.46:359][639]LogModuleManager: Shutting down and abandoning module Android_PVRTCTargetPlatform (34)
[2015.11.25-02.05.46:359][639]LogModuleManager: Shutting down and abandoning module Android_ETC2TargetPlatform (33)
[2015.11.25-02.05.46:359][639]LogModuleManager: Shutting down and abandoning module Android_ETC1TargetPlatform (32)
[2015.11.25-02.05.46:359][639]LogModuleManager: Shutting down and abandoning module Android_DXTTargetPlatform (31)
[2015.11.25-02.05.46:359][639]LogModuleManager: Shutting down and abandoning module Android_ATCTargetPlatform (30)
[2015.11.25-02.05.46:359][639]LogModuleManager: Shutting down and abandoning module Android_ASTCTargetPlatform (29)
[2015.11.25-02.05.46:359][639]LogModuleManager: Shutting down and abandoning module AndroidTargetPlatform (28)
[2015.11.25-02.05.46:359][639]LogModuleManager: Shutting down and abandoning module WindowsTargetPlatform (27)
[2015.11.25-02.05.46:359][639]LogModuleManager: Shutting down and abandoning module WindowsServerTargetPlatform (26)
[2015.11.25-02.05.46:359][639]LogModuleManager: Shutting down and abandoning module WindowsNoEditorTargetPlatform (25)
[2015.11.25-02.05.46:359][639]LogModuleManager: Shutting down and abandoning module WindowsClientTargetPlatform (24)
[2015.11.25-02.05.46:359][639]LogModuleManager: Shutting down and abandoning module AllDesktopTargetPlatform (23)
[2015.11.25-02.05.46:359][639]LogModuleManager: Shutting down and abandoning module TargetPlatform (22)
[2015.11.25-02.05.46:359][639]LogModuleManager: Shutting down and abandoning module InputCore (21)
[2015.11.25-02.05.46:359][639]LogModuleManager: Shutting down and abandoning module Settings (20)
[2015.11.25-02.05.46:359][639]LogModuleManager: Shutting down and abandoning module OnlineSubsystem (18)
[2015.11.25-02.05.46:359][639]LogModuleManager: Shutting down and abandoning module HTTP (17)
[2015.11.25-02.05.48:360][639]LogModuleManager: Shutting down and abandoning module XMPP (16)
[2015.11.25-02.05.48:360][639]LogModuleManager: Shutting down and abandoning module ExampleDeviceProfileSelector (15)
[2015.11.25-02.05.48:360][639]LogModuleManager: Shutting down and abandoning module TextureCompressor (14)
[2015.11.25-02.05.48:360][639]LogModuleManager: Shutting down and abandoning module ShaderCore (13)
[2015.11.25-02.05.48:360][639]LogModuleManager: Shutting down and abandoning module Landscape (12)
[2015.11.25-02.05.48:360][639]LogModuleManager: Shutting down and abandoning module SlateRHIRenderer (11)
[2015.11.25-02.05.48:361][639]LogModuleManager: Shutting down and abandoning module OpenGLDrv (10)
[2015.11.25-02.05.48:361][639]LogModuleManager: Shutting down and abandoning module D3D11RHI (9)
[2015.11.25-02.05.48:361][639]LogModuleManager: Shutting down and abandoning module AnimGraphRuntime (8)
[2015.11.25-02.05.48:361][639]LogModuleManager: Shutting down and abandoning module Renderer (7)
[2015.11.25-02.05.48:361][639]LogModuleManager: Shutting down and abandoning module Engine (6)
[2015.11.25-02.05.48:361][639]LogModuleManager: Shutting down and abandoning module CoreUObject (5)
[2015.11.25-02.05.48:361][639]LogModuleManager: Shutting down and abandoning module NetworkFile (4)
[2015.11.25-02.05.48:361][639]LogModuleManager: Shutting down and abandoning module StreamingFile (3)
[2015.11.25-02.05.48:361][639]LogModuleManager: Shutting down and abandoning module SandboxFile (2)
[2015.11.25-02.05.48:361][639]LogModuleManager: Shutting down and abandoning module PakFile (1)
[2015.11.25-02.05.48:362][639]LogExit: Exiting.
[2015.11.25-02.05.48:363][639]Log file closed, 11/24/15 21:05:48
