[2015.11.14-08.46.03:809][  0]Log file open, 11/14/15 03:46:03
[2015.11.14-08.46.03:809][  0]LogInit:Display: Running engine for game: NightmareGame
[2015.11.14-08.46.03:809][  0]LogInit:Display: RandInit(1916914912) SRandInit(1916914913).
[2015.11.14-08.46.03:809][  0]LogTaskGraph: Started task graph with 4 named threads and 7 total threads.
[2015.11.14-08.46.03:809][  0]LogStats: Stats thread started at 0.357919
[2015.11.14-08.46.03:809][  0]LogInit: Version: 4.9.2-2707645+++depot+UE4-Releases+4.9
[2015.11.14-08.46.03:809][  0]LogInit: API Version: 2672455
[2015.11.14-08.46.03:809][  0]LogInit: Compiled (64-bit): Sep 28 2015 10:25:44
[2015.11.14-08.46.03:809][  0]LogInit: Compiled with Visual C++: 18.00.21005.01
[2015.11.14-08.46.03:809][  0]LogInit: Build Configuration: Development
[2015.11.14-08.46.03:810][  0]LogInit: Branch Name: ++depot+UE4-Releases+4.9
[2015.11.14-08.46.03:810][  0]LogInit: Command line:  
[2015.11.14-08.46.03:810][  0]LogInit: Base directory: C:/Program Files/Epic Games/4.9/Engine/Binaries/Win64/
[2015.11.14-08.46.03:810][  0]LogInit: Rocket: 1
[2015.11.14-08.46.03:844][  0]LogInit: Using libcurl 7.41.0
[2015.11.14-08.46.03:844][  0]LogInit:  - built for x86_64-pc-win32
[2015.11.14-08.46.03:844][  0]LogInit:  - supports SSL with WinSSL
[2015.11.14-08.46.03:844][  0]LogInit:  - other features:
[2015.11.14-08.46.03:844][  0]LogInit:      CURL_VERSION_SSL
[2015.11.14-08.46.03:844][  0]LogInit:      CURL_VERSION_IPV6
[2015.11.14-08.46.03:844][  0]LogInit:      CURL_VERSION_ASYNCHDNS
[2015.11.14-08.46.03:844][  0]LogInit:      CURL_VERSION_LARGEFILE
[2015.11.14-08.46.03:844][  0]LogInit:      CURL_VERSION_IDN
[2015.11.14-08.46.03:844][  0]LogInit:  CurlRequestOptions (configurable via config and command line):
[2015.11.14-08.46.03:844][  0]LogInit:  - bVerifyPeer = true  - Libcurl will verify peer certificate
[2015.11.14-08.46.03:844][  0]LogInit:  - bUseHttpProxy = false  - Libcurl will NOT use HTTP proxy
[2015.11.14-08.46.03:844][  0]LogInit:  - bDontReuseConnections = false  - Libcurl will reuse connections
[2015.11.14-08.46.03:844][  0]LogInit:  - CertBundlePath = nullptr  - Libcurl will use whatever was configured at build time.
[2015.11.14-08.46.03:902][  0]LogInit: Presizing for 0 objects not considered by GC, pre-allocating 0 bytes.
[2015.11.14-08.46.03:913][  0]LogInit: Object subsystem initialized
[2015.11.14-08.46.03:926][  0]LogInit: Selected Device Profile: [Windows]
[2015.11.14-08.46.03:926][  0]LogInit: Applying CVar settings loaded from the selected device profile: [Windows]
[2015.11.14-08.46.03:949][  0]LogInit: Computer: NICKSCOMPUTER
[2015.11.14-08.46.03:949][  0]LogInit: User: ntanc000
[2015.11.14-08.46.03:949][  0]LogInit: CPU Page size=4096, Cores=4
[2015.11.14-08.46.03:949][  0]LogInit: High frequency timer resolution =2.537590 MHz
[2015.11.14-08.46.03:950][  0]LogMemory: Memory total: Physical=15.9GB (16GB approx)
[2015.11.14-08.46.03:950][  0]LogMemory: Platform Memory Stats for Windows
[2015.11.14-08.46.03:950][  0]LogMemory: Process Physical Memory: 52.93 MB used, 52.93 MB peak
[2015.11.14-08.46.03:950][  0]LogMemory: Process Virtual Memory: 55.04 MB used, 55.04 MB peak
[2015.11.14-08.46.03:950][  0]LogMemory: Physical Memory: 4253.27 MB used, 16269.45 MB total
[2015.11.14-08.46.03:950][  0]LogMemory: Virtual Memory: 360.18 MB used, 134217728.00 MB total
[2015.11.14-08.46.04:546][  0]LogTextLocalizationManager: No specific translations for ('en-US') exist, so ('en') translations will be used.
[2015.11.14-08.46.05:862][  0]LogD3D11RHI: Found D3D11 adapter 0: NVIDIA GeForce GTX 980M (Feature Level 11_0)
[2015.11.14-08.46.05:862][  0]LogD3D11RHI: Adapter has 3981MB of dedicated video memory, 0MB of dedicated system memory, and 8134MB of shared system memory, 2 output[s]
[2015.11.14-08.46.05:882][  0]LogD3D11RHI: Found D3D11 adapter 1: Intel(R) HD Graphics 4600 (Feature Level 11_0)
[2015.11.14-08.46.05:882][  0]LogD3D11RHI: Adapter has 32MB of dedicated video memory, 0MB of dedicated system memory, and 1760MB of shared system memory, 0 output[s]
[2015.11.14-08.46.05:884][  0]LogD3D11RHI: Found D3D11 adapter 2: Microsoft Basic Render Driver (Feature Level 11_0)
[2015.11.14-08.46.05:884][  0]LogD3D11RHI: Adapter has 0MB of dedicated video memory, 0MB of dedicated system memory, and 256MB of shared system memory, 0 output[s]
[2015.11.14-08.46.05:884][  0]LogD3D11RHI: Chosen D3D11 Adapter Id = 0
[2015.11.14-08.46.05:889][  0]LogD3D11RHI: !Direct3DDevice
[2015.11.14-08.46.05:889][  0]LogRHI: Texture pool is 1361 MB (70% of 1945 MB)
[2015.11.14-08.46.05:901][  0]LogD3D11RHI: Async texture creation enabled
[2015.11.14-08.46.05:919][  0]LogShaderCompilers: Guid format shader working directory is 15 characters bigger than the processId version (../../../../../../Users/ntanc_000/Desktop/NightmareGame/TheGame/Intermediate/Shaders/WorkingDirectory/9288/).
[2015.11.14-08.46.05:919][  0]LogShaderCompilers: Cleaned the shader compiler working directory '../../../../../../Users/ntanc_000/Desktop/NightmareGame/TheGame/Intermediate/Shaders/tmp/45D6F16A4EFF8E2A84A351BF1FBEF47F/'.
[2015.11.14-08.46.05:919][  0]LogShaderCompilers:Display: Using Local Shader Compiler.
[2015.11.14-08.46.08:343][  0]LogTemp:Display: Loaded TP AllDesktopTargetPlatform
[2015.11.14-08.46.08:350][  0]LogTemp:Display: Loaded TP WindowsClientTargetPlatform
[2015.11.14-08.46.08:355][  0]LogTemp:Display: Loaded TP WindowsNoEditorTargetPlatform
[2015.11.14-08.46.08:363][  0]LogTemp:Display: Loaded TP WindowsServerTargetPlatform
[2015.11.14-08.46.08:371][  0]LogTemp:Display: Loaded TP WindowsTargetPlatform
[2015.11.14-08.46.08:380][  0]LogTemp:Display: Loaded TP AndroidTargetPlatform
[2015.11.14-08.46.08:385][  0]LogTemp:Display: Loaded TP Android_ASTCTargetPlatform
[2015.11.14-08.46.08:390][  0]LogTemp:Display: Loaded TP Android_ATCTargetPlatform
[2015.11.14-08.46.08:395][  0]LogTemp:Display: Loaded TP Android_DXTTargetPlatform
[2015.11.14-08.46.08:399][  0]LogTemp:Display: Loaded TP Android_ETC1TargetPlatform
[2015.11.14-08.46.08:403][  0]LogTemp:Display: Loaded TP Android_ETC2TargetPlatform
[2015.11.14-08.46.08:408][  0]LogTemp:Display: Loaded TP Android_PVRTCTargetPlatform
[2015.11.14-08.46.08:410][  0]LogTemp:Display: Loaded TP HTML5TargetPlatform
[2015.11.14-08.46.08:458][  0]LogTemp:Display: Loaded TP IOSTargetPlatform
[2015.11.14-08.46.08:462][  0]LogTemp:Display: Loaded TP LinuxNoEditorTargetPlatform
[2015.11.14-08.46.08:466][  0]LogTemp:Display: Loaded TP LinuxServerTargetPlatform
[2015.11.14-08.46.08:474][  0]LogTemp:Display: Loaded TP LinuxTargetPlatform
[2015.11.14-08.46.08:474][  0]LogTargetPlatformManager:Display: Building Assets For Windows
[2015.11.14-08.46.08:864][  0]LogDerivedDataCache:Display: Max Cache Size: 512 MB
[2015.11.14-08.46.09:020][  0]LogDerivedDataCache: Loaded boot cache 0.16s 41MB C:/Users/ntanc_000/AppData/Local/UnrealEngine/4.9/DerivedDataCache/Boot.ddc.
[2015.11.14-08.46.09:020][  0]LogDerivedDataCache:Display: Loaded Boot cache: C:/Users/ntanc_000/AppData/Local/UnrealEngine/4.9/DerivedDataCache/Boot.ddc
[2015.11.14-08.46.09:020][  0]LogDerivedDataCache: FDerivedDataBackendGraph:  Pak pak cache file ../../../../../../Users/ntanc_000/Desktop/NightmareGame/TheGame/DerivedDataCache/DDC.ddp not found, will not use a pak cache.
[2015.11.14-08.46.09:020][  0]LogDerivedDataCache: Unable to find inner node Pak for hierarchical cache Hierarchy.
[2015.11.14-08.46.09:020][  0]LogDerivedDataCache: FDerivedDataBackendGraph:  CompressedPak pak cache file ../../../../../../Users/ntanc_000/Desktop/NightmareGame/TheGame/DerivedDataCache/Compressed.ddp not found, will not use a pak cache.
[2015.11.14-08.46.09:020][  0]LogDerivedDataCache: Unable to find inner node CompressedPak for hierarchical cache Hierarchy.
[2015.11.14-08.46.09:168][  0]LogDerivedDataCache:Display: Pak cache opened for reading ../../../Engine/DerivedDataCache/Compressed.ddp.
[2015.11.14-08.46.09:181][  0]LogDerivedDataCache: Using Local data cache path C:/Users/ntanc_000/AppData/Local/UnrealEngine/Common/DerivedDataCache: Writable
[2015.11.14-08.46.12:452][  0]LogInit: Selected Device Profile: [Windows]
[2015.11.14-08.46.12:454][  0]LogContentStreaming: Texture pool size is 0.000000MB
[2015.11.14-08.46.12:621][  0]LogMeshUtilities: No automatic mesh reduction module available
[2015.11.14-08.46.12:621][  0]LogMeshUtilities: No automatic mesh merging module available
[2015.11.14-08.46.13:158][  0]LogInit: WinSock: version 1.1 (2.2), MaxSocks=32767, MaxUdp=65467
[2015.11.14-08.46.16:207][  0]UdpMessaging: Initializing bridge on interface 0.0.0.0:0 to multicast group 230.0.0.1:6666.
[2015.11.14-08.46.16:355][  0]LogAssetRegistry: FAssetRegistry took 0.0107 seconds to start up
[2015.11.14-08.46.16:685][  0]SourceControl: Info Source control is disabled
[2015.11.14-08.46.17:006][  0]LogLinker:Warning: Asset '../../../Engine/Plugins/Runtime/LeapMotionController/Content/LM_PassthroughMaterial.uasset' has been saved with empty engine version. The asset will be loaded but may be incompatible.
[2015.11.14-08.46.17:149][  0]LogObj: 28361 objects as part of root set at end of initial load.
[2015.11.14-08.46.17:149][  0]LogUObjectAllocator: 6038864 out of 0 bytes used by permanent object pool.
[2015.11.14-08.46.17:225][  0]LogEngine: Initializing Engine...
[2015.11.14-08.46.17:227][  0]LogHMD: Can't find Oculus library dev build: is proper Runtime installed? Version: 0.7.0.0
[2015.11.14-08.46.17:238][  0]LogHMD: SteamVR failed to initialize.  Err: 110
[2015.11.14-08.46.17:487][  0]LogAIModule: Creating AISystem for world NewWorld
[2015.11.14-08.46.17:505][  0]LogInit: XAudio2 using 'Speakers (Sound Blaster Recon3Di)' : 2 channels at 48 kHz using 32 bits per sample (channel mask 0x3)
[2015.11.14-08.46.17:537][  0]LogInit: FAudioDevice initialized.
[2015.11.14-08.46.17:559][  0]LogDerivedDataCache: Saved boot cache 0.02s 41MB C:/Users/ntanc_000/AppData/Local/UnrealEngine/4.9/DerivedDataCache/Boot.ddc.
[2015.11.14-08.46.17:563][  0]LogInit: Texture streaming: Enabled
[2015.11.14-08.46.17:573][  0]LogAnalytics: Creating configured Analytics provider AnalyticsET
[2015.11.14-08.46.17:573][  0]LogAnalytics: [UEEditor.Rocket.Release] APIServer = http://et2.epicgames.com/ET2/. AppVersion = 4.9.2-2707645+++depot+UE4-Releases+4.9
[2015.11.14-08.46.17:573][  0]LogAnalytics: [UEEditor.Rocket.Release] SetUserId 2c211ad74a9e5469c13dfaa1059b2d42|1bd0216fcaf5458183f89cc914276325|d020360b-9246-478a-84ac-08a9775e7849
[2015.11.14-08.46.17:573][  0]LogAnalytics: [UEEditor.Rocket.Release] AnalyticsET::StartSession
[2015.11.14-08.46.17:643][  0]LogInit: Transaction tracking system initialized
[2015.11.14-08.46.17:677][  0]BlueprintLog: New page: Editor Load
[2015.11.14-08.46.17:802][  0]LocalizationService: Info Localization service is disabled
[2015.11.14-08.46.17:922][  0]LogConsoleResponse:Display: 
[2015.11.14-08.46.18:210][  0]LogCook:Display: Done creating registry. It took  0.00s.
[2015.11.14-08.46.18:314][  0]LogFileCache: Scanning file cache for directory 'C:/Users/ntanc_000/Desktop/NightmareGame/TheGame/Content/' took 0.02s
[2015.11.14-08.46.18:314][  0]Cmd: MAP LOAD FILE="../../../../../../Users/ntanc_000/Desktop/NightmareGame/TheGame/Content/ThirdPersonBP/Maps/Hub.umap" TEMPLATE=0 SHOWPROGRESS=1 FEATURELEVEL=3
[2015.11.14-08.46.18:316][  0]LightingResults: New page: Lighting Build
[2015.11.14-08.46.18:320][  0]MapCheck: New page: Map Check
[2015.11.14-08.46.18:320][  0]LightingResults: New page: Lighting Build
[2015.11.14-08.46.18:335][  0]LogParticles: Destroying 0 GPU particle simulations for FXSystem 0x000000B50BBA7CE0
[2015.11.14-08.46.18:552][  0]LogLinker:Warning: Asset '../../../../../../Users/ntanc_000/Desktop/NightmareGame/TheGame/Content/Mannequin/Animations/ThirdPerson_AnimBP.uasset' has been saved with empty engine version. The asset will be loaded but may be incompatible.
[2015.11.14-08.46.18:557][  0]LogLinker:Warning: Asset '../../../../../../Users/ntanc_000/Desktop/NightmareGame/TheGame/Content/Mannequin/Animations/ThirdPerson_Jump.uasset' has been saved with empty engine version. The asset will be loaded but may be incompatible.
[2015.11.14-08.46.18:566][  0]LogLinker:Warning: Asset '../../../../../../Users/ntanc_000/Desktop/NightmareGame/TheGame/Content/Mannequin/Animations/ThirdPersonJump_Loop.uasset' has been saved with empty engine version. The asset will be loaded but may be incompatible.
[2015.11.14-08.46.18:569][  0]LogLinker:Warning: Asset '../../../../../../Users/ntanc_000/Desktop/NightmareGame/TheGame/Content/Mannequin/Animations/ThirdPersonJump_Start.uasset' has been saved with empty engine version. The asset will be loaded but may be incompatible.
[2015.11.14-08.46.18:571][  0]LogLinker:Warning: Asset '../../../../../../Users/ntanc_000/Desktop/NightmareGame/TheGame/Content/Mannequin/Animations/ThirdPerson_IdleRun_2D.uasset' has been saved with empty engine version. The asset will be loaded but may be incompatible.
[2015.11.14-08.46.18:573][  0]LogLinker:Warning: Asset '../../../../../../Users/ntanc_000/Desktop/NightmareGame/TheGame/Content/Mannequin/Animations/ThirdPersonIdle.uasset' has been saved with empty engine version. The asset will be loaded but may be incompatible.
[2015.11.14-08.46.18:577][  0]LogLinker:Warning: Asset '../../../../../../Users/ntanc_000/Desktop/NightmareGame/TheGame/Content/Mannequin/Animations/ThirdPersonRun.uasset' has been saved with empty engine version. The asset will be loaded but may be incompatible.
[2015.11.14-08.46.18:583][  0]LogLinker:Warning: Asset '../../../../../../Users/ntanc_000/Desktop/NightmareGame/TheGame/Content/Mannequin/Animations/ThirdPersonWalk.uasset' has been saved with empty engine version. The asset will be loaded but may be incompatible.
[2015.11.14-08.46.20:069][  0]LogAIModule: Creating AISystem for world Hub
[2015.11.14-08.46.20:100][  0]LogEditorServer: Finished looking for orphan Actors (0.000 secs)
[2015.11.14-08.46.20:118][  0]Cmd: MAP CHECKDEP NOCLEARLOG
[2015.11.14-08.46.20:242][  0]MapCheck: Info Map check complete: 0 Error(s), 0 Warning(s), took 123.854ms to complete.
[2015.11.14-08.46.20:242][  0]LogFileHelpers: Loading map 'Hub' took 1.928
[2015.11.14-08.46.20:403][  0]LogCollectionManager: Loaded 0 collections in 0.002475 seconds
[2015.11.14-08.46.20:447][  0]LogFileCache: Scanning file cache for directory 'C:/Users/ntanc_000/Desktop/NightmareGame/TheGame/Saved/Collections/' took 0.01s
[2015.11.14-08.46.20:447][  0]LogFileCache: Scanning file cache for directory 'C:/Users/ntanc_000/Desktop/NightmareGame/TheGame/Content/Developers/ntanc000/Collections/' took 0.01s
[2015.11.14-08.46.20:447][  0]LogFileCache: Scanning file cache for directory 'C:/Users/ntanc_000/Desktop/NightmareGame/TheGame/Content/Collections/' took 0.01s
[2015.11.14-08.46.20:447][  0]LogContentBrowser: Native class hierarchy populated in 0.0070 seconds. Added 1867 classes and 333 folders.
[2015.11.14-08.46.20:457][  0]LogCollectionManager: Rebuilt the GUID cache for 0 collections in 0.000006 seconds
[2015.11.14-08.46.20:465][  0]LogContentBrowser: Native class hierarchy updated for 'WidgetCarousel' in 0.0004 seconds. Added 0 classes and 0 folders.
[2015.11.14-08.46.20:734][  0]LogContentBrowser: Native class hierarchy updated for 'AddContentDialog' in 0.0005 seconds. Added 0 classes and 0 folders.
[2015.11.14-08.46.20:741][  0]LogContentBrowser: Native class hierarchy updated for 'SceneOutliner' in 0.0004 seconds. Added 1 classes and 2 folders.
[2015.11.14-08.46.20:836][  0]LogCrashTracker: Crashtracker disabled due to settings.
[2015.11.14-08.46.20:843][  0]LogUObjectGlobals:Warning: Failed to find object 'Class None.'
[2015.11.14-08.46.20:865][  0]LogLoad: Full Startup: 18.50 seconds (BP compile: 0.35 seconds)
[2015.11.14-08.46.21:408][  0]LogContentStreaming: Texture pool size now 1000 MB
[2015.11.14-08.46.21:530][  0]LogRenderer: Reallocating scene render targets to support 944x468 (Frame:2).
[2015.11.14-08.46.23:149][  5]LogAssetRegistry: Asset discovery search completed in 6.8055 seconds
[2015.11.14-08.46.23:149][  5]LogCollectionManager: Rebuilt the object cache for 0 collections in 0.000000 seconds (found 0 objects)
[2015.11.14-08.46.23:149][  5]LogCollectionManager: Fixed up redirectors for 0 collections in 0.000033 seconds (updated 0 objects)
[2015.11.14-08.47.57:463][705]LogAIModule: Creating AISystem for world Cave
[2015.11.14-08.47.57:520][705]Cmd: MAP LOAD FILE="../../../../../../Users/ntanc_000/Desktop/NightmareGame/TheGame/Content/ThirdPersonBP/Maps/Cave.umap" TEMPLATE=0 SHOWPROGRESS=1 FEATURELEVEL=3
[2015.11.14-08.47.57:520][705]LightingResults: New page: Lighting Build
[2015.11.14-08.47.57:543][705]LoadErrors: New page: Loading map: Cave.umap
[2015.11.14-08.47.57:547][705]MapCheck: New page: Map Check
[2015.11.14-08.47.57:547][705]LightingResults: New page: Lighting Build
[2015.11.14-08.47.57:561][705]LogParticles: Destroying 0 GPU particle simulations for FXSystem 0x000000B5146B0720
[2015.11.14-08.47.57:615][705]LogEditorServer: Finished looking for orphan Actors (0.000 secs)
[2015.11.14-08.47.57:665][705]Cmd: MAP CHECKDEP NOCLEARLOG
[2015.11.14-08.47.57:815][705]MapCheck: Info Map check complete: 0 Error(s), 0 Warning(s), took 149.835ms to complete.
[2015.11.14-08.47.57:817][705]LogFileHelpers: Loading map 'Cave' took 0.298
[2015.11.14-08.48.07:841][262]LogLinker:Warning: Asset '../../../Engine/Content/ArtTools/RenderToTexture/Macros/RenderToTextureMacros.uasset' has been saved with empty engine version. The asset will be loaded but may be incompatible.
[2015.11.14-08.48.08:365][262]LogContentBrowser: Native class hierarchy updated for 'BlueprintGraph' in 0.0007 seconds. Added 107 classes and 0 folders.
[2015.11.14-08.49.32:454][774]LogFactory: FactoryCreateBinary: StaticMesh with FbxFactory (0 0 C:\Users\ntanc_000\Desktop\NightmareGame\TheGame\Import\LockedCaveDoor.fbx)
[2015.11.14-08.49.32:466][774]LogFbx: ItemName: GlobalSettings, ItemCount : 1
[2015.11.14-08.49.32:466][774]LogFbx: ItemName: AnimationStack, ItemCount : 1
[2015.11.14-08.49.32:466][774]LogFbx: ItemName: AnimationLayer, ItemCount : 1
[2015.11.14-08.49.32:466][774]LogFbx: ItemName: Geometry, ItemCount : 1
[2015.11.14-08.49.32:466][774]LogFbx: ItemName: Material, ItemCount : 1
[2015.11.14-08.49.32:466][774]LogFbx: ItemName: Model, ItemCount : 1
[2015.11.14-08.49.32:471][774]LogFbx: Loading FBX Scene from C:\Users\ntanc_000\Desktop\NightmareGame\TheGame\Import\LockedCaveDoor.fbx
[2015.11.14-08.49.32:477][774]LogFbx: FBX Scene Loaded Succesfully
[2015.11.14-08.49.34:250][774]LogFbx: Loading FBX Scene from C:\Users\ntanc_000\Desktop\NightmareGame\TheGame\Import\LockedCaveDoor.fbx
[2015.11.14-08.49.34:256][774]LogFbx: FBX Scene Loaded Succesfully
[2015.11.14-08.49.34:268][774]LogMaterial: Missing cached shader map for material lambert1, compiling. 
[2015.11.14-08.49.34:302][774]LogFbx:Warning: Triangulating static mesh pCube1
[2015.11.14-08.49.34:305][774]LogStaticMesh: Building static mesh LockedCaveDoor...
[2015.11.14-08.49.34:307][774]LogStaticMesh: Built static mesh [0.002586.2s] /Game/StarterContent/Props/LockedCaveDoor.LockedCaveDoor
[2015.11.14-08.49.34:320][774]FBXImport:Warning: Warning Warning: No smoothing group information was found in this FBX scene.  Please make sure to enable the 'Export Smoothing Groups' option in the FBX Exporter plug-in before exporting the file.  Even for tools that don't support smoothing groups, the FBX Exporter will generate appropriate smoothing data at export-time so that correct vertex normals can be inferred while importing. 
[2015.11.14-08.49.36:871][854]LogActorFactory: Actor Factory created LockedCaveDoor
[2015.11.14-08.49.44:757][268]LogRenderer: Reallocating scene render targets to support 1144x712 (Frame:2092).
[2015.11.14-08.50.06:897][436]LogEditorFactories: Performing atomic reimport of [C:/Users/ntanc_000/Desktop/NightmareGame/TheGame/Import/LockedCaveDoor.fbx]
[2015.11.14-08.50.06:977][436]LogFbx: Loading FBX Scene from C:/Users/ntanc_000/Desktop/NightmareGame/TheGame/Import/LockedCaveDoor.fbx
[2015.11.14-08.50.06:983][436]LogFbx: FBX Scene Loaded Succesfully
[2015.11.14-08.50.06:985][436]LogFbx:Warning: Warning Warning: No smoothing group information was found in this FBX scene.  Please make sure to enable the 'Export Smoothing Groups' option in the FBX Exporter plug-in before exporting the file.  Even for tools that don't support smoothing groups, the FBX Exporter will generate appropriate smoothing data at export-time so that correct vertex normals can be inferred while importing.
[2015.11.14-08.50.06:986][436]LogFbx:Warning: Triangulating static mesh pCube1
[2015.11.14-08.50.07:061][436]LogStaticMesh: Building static mesh LockedCaveDoor...
[2015.11.14-08.50.07:063][436]LogStaticMesh: Built static mesh [0.002614.2s] /Game/StarterContent/Props/LockedCaveDoor.LockedCaveDoor
[2015.11.14-08.50.07:077][436]LogEditorFactories: -- imported successfully
[2015.11.14-08.50.09:037][516]LogActorFactory: Actor Factory created LockedCaveDoor
[2015.11.14-08.50.15:661][883]LogSavePackage: Save=11.034486ms
[2015.11.14-08.50.15:661][883]LogSavePackage: Moving '../../../../../../Users/ntanc_000/Desktop/NightmareGame/TheGame/Saved/LockedCaveDoorA8E0993C4A27B33D238374B81F42C386.tmp' to '../../../../../../Users/ntanc_000/Desktop/NightmareGame/TheGame/Content/StarterContent/Props/LockedCaveDoor.uasset'
[2015.11.14-08.50.15:668][883]LogSavePackage: Total save time: 18.150687ms
[2015.11.14-08.50.15:668][883]LogSavePackage:Warning: Finished SavePackage ../../../../../../Users/ntanc_000/Desktop/NightmareGame/TheGame/Content/StarterContent/Props/LockedCaveDoor.uasset
[2015.11.14-08.50.18:401][ 16]LogEditorFactories: Performing atomic reimport of [C:/Users/ntanc_000/Desktop/NightmareGame/TheGame/Import/LockedCaveDoor.fbx]
[2015.11.14-08.50.18:475][ 16]LogFbx: Loading FBX Scene from C:/Users/ntanc_000/Desktop/NightmareGame/TheGame/Import/LockedCaveDoor.fbx
[2015.11.14-08.50.18:481][ 16]LogFbx: FBX Scene Loaded Succesfully
[2015.11.14-08.50.18:483][ 16]LogFbx:Warning: Warning Warning: No smoothing group information was found in this FBX scene.  Please make sure to enable the 'Export Smoothing Groups' option in the FBX Exporter plug-in before exporting the file.  Even for tools that don't support smoothing groups, the FBX Exporter will generate appropriate smoothing data at export-time so that correct vertex normals can be inferred while importing.
[2015.11.14-08.50.18:484][ 16]LogFbx:Warning: Triangulating static mesh pCube1
[2015.11.14-08.50.18:530][ 16]LogStaticMesh: Building static mesh LockedCaveDoor...
[2015.11.14-08.50.18:532][ 16]LogStaticMesh: Built static mesh [0.003151.2s] /Game/StarterContent/Props/LockedCaveDoor.LockedCaveDoor
[2015.11.14-08.50.18:546][ 16]LogEditorFactories: -- imported successfully
[2015.11.14-08.50.19:668][ 53]LogActorFactory: Actor Factory created LockedCaveDoor
[2015.11.14-08.50.20:531][100]LogActorFactory: Actor Factory created LockedCaveDoor
[2015.11.14-08.50.26:842][412]Cmd: CAMERA ALIGN ACTIVEVIEWPORTONLY
[2015.11.14-08.51.44:005][193]Cmd: DUPLICATE
[2015.11.14-08.51.44:005][193]Cmd: ACTOR DUPLICATE
[2015.11.14-08.52.39:037][949]Cmd: DUPLICATE
[2015.11.14-08.52.39:037][949]Cmd: ACTOR DUPLICATE
[2015.11.14-08.53.12:140][505]LogEditorViewport: Clicking on Actor (LMB): StaticMeshActor (LockedCaveDoor2)
[2015.11.14-08.53.14:398][609]Cmd: DUPLICATE
[2015.11.14-08.53.14:398][609]Cmd: ACTOR DUPLICATE
[2015.11.14-08.53.15:977][675]Cmd: EDIT COPY
[2015.11.14-08.53.20:017][866]LogEditorViewport: Clicking on Actor (LMB): StaticMeshActor (LockedCaveDoor3)
[2015.11.14-08.53.29:505][314]LogEditorViewport: Clicking on Actor (LMB): StaticMeshActor (LockedCaveDoor4)
[2015.11.14-08.53.40:079][823]Cmd: TRANSACTION UNDO
[2015.11.14-08.53.40:079][823]LogEditorTransaction: Undo Set actor location
[2015.11.14-08.53.42:180][904]LogEditorViewport: Clicking on Actor (LMB): StaticMeshActor (LockedCaveDoor2)
[2015.11.14-08.53.45:528][ 70]Cmd: DELETE
[2015.11.14-08.53.45:528][ 70]Cmd: ACTOR DELETE
[2015.11.14-08.53.45:529][ 70]LogEditorActor: Deleted Actor: StaticMeshActor
[2015.11.14-08.53.45:529][ 70]LogActorComponent: UnregisterComponent: (/Engine/Transient.CharMoveComp) Not registered. Aborting.
[2015.11.14-08.53.45:572][ 70]LogEditorActor: Deleted 1 Actors (0.044 secs)
[2015.11.14-08.53.46:251][110]LogEditorViewport: Clicking on Actor (LMB): StaticMeshActor (LockedCaveDoor4)
[2015.11.14-08.54.40:337][648]LogEditorViewport: Clicking on Actor (LMB): StaticMeshActor (LockedCaveDoor3)
[2015.11.14-08.54.57:433][496]Cmd: DELETE
[2015.11.14-08.54.57:433][496]Cmd: ACTOR DELETE
[2015.11.14-08.54.57:435][496]LogEditorActor: Deleted Actor: StaticMeshActor
[2015.11.14-08.54.57:475][496]LogEditorActor: Deleted 1 Actors (0.041 secs)
[2015.11.14-08.54.58:430][551]LogEditorViewport: Clicking on Actor (LMB): StaticMeshActor (LockedCaveDoor4)
[2015.11.14-08.54.59:221][588]Cmd: DELETE
[2015.11.14-08.54.59:221][588]Cmd: ACTOR DELETE
[2015.11.14-08.54.59:224][588]LogEditorActor: Deleted Actor: StaticMeshActor
[2015.11.14-08.54.59:266][588]LogEditorActor: Deleted 1 Actors (0.044 secs)
[2015.11.14-08.55.01:133][677]LogActorFactory: Actor Factory created Cube
[2015.11.14-08.55.01:183][679]LogActorFactory: Actor Factory created Cube
[2015.11.14-08.55.04:737][861]LogActorFactory: Actor Factory created Cube
[2015.11.14-08.55.04:770][862]LogActorFactory: Actor Factory created Cube
[2015.11.14-08.55.06:186][939]LogActorFactory: Actor Factory created Cube
[2015.11.14-08.56.31:326][202]LogEditorViewport: Clicking on Actor (LMB): StaticMeshActor (LockedCaveDoor)
[2015.11.14-08.56.32:388][252]Cmd: DUPLICATE
[2015.11.14-08.56.32:388][252]Cmd: ACTOR DUPLICATE
[2015.11.14-08.56.34:343][345]Cmd: CAMERA ALIGN ACTIVEVIEWPORTONLY
[2015.11.14-08.56.47:709][997]Cmd: DUPLICATE
[2015.11.14-08.56.47:709][997]Cmd: ACTOR DUPLICATE
[2015.11.14-08.57.27:112][902]Cmd: DUPLICATE
[2015.11.14-08.57.27:113][902]Cmd: ACTOR DUPLICATE
[2015.11.14-08.59.42:885][514]LogParticles: Destroying 0 GPU particle simulations for FXSystem 0x000000B51F5AD580
[2015.11.14-08.59.43:357][514]LogSavePackage: Save=442.820557ms
[2015.11.14-08.59.43:357][514]LogSavePackage: Moving '../../../../../../Users/ntanc_000/Desktop/NightmareGame/TheGame/Saved/Cave_Auto1F1452A6C483877D20B4E1CB667549723.tmp' to '../../../../../../Users/ntanc_000/Desktop/NightmareGame/TheGame/Saved/Autosaves/Game/ThirdPersonBP/Maps/Cave_Auto1.umap'
[2015.11.14-08.59.43:363][514]LogSavePackage: Total save time: 465.734810ms
[2015.11.14-08.59.43:363][514]LogSavePackage:Warning: Finished SavePackage ../../../../../../Users/ntanc_000/Desktop/NightmareGame/TheGame/Saved/Autosaves/Game/ThirdPersonBP/Maps/Cave_Auto1.umap
[2015.11.14-08.59.43:365][514]LogFileHelpers: Editor autosave (incl. sublevels) for '/Game/ThirdPersonBP/Maps/Cave' took 0.513
[2015.11.14-08.59.43:365][514]LogFileHelpers: Editor autosave (incl. sublevels) for all levels took 0.513
[2015.11.14-08.59.43:372][514]OBJ SavePackage: Generating thumbnails for [1] asset(s) in package [/Game/StarterContent/Props/LockedCaveDoor] ([1] browsable assets)...
[2015.11.14-08.59.43:397][514]OBJ SavePackage:     Rendered thumbnail for [StaticMesh /Game/StarterContent/Props/LockedCaveDoor.LockedCaveDoor]
[2015.11.14-08.59.43:397][514]OBJ SavePackage: Finished generating thumbnails for package [/Game/StarterContent/Props/LockedCaveDoor]
[2015.11.14-08.59.43:418][514]LogSavePackage: Save=10.226632ms
[2015.11.14-08.59.43:418][514]LogSavePackage: Moving '../../../../../../Users/ntanc_000/Desktop/NightmareGame/TheGame/Saved/LockedCaveDoor_Auto1CAC8D81341129E76F7B08C950E8D4E92.tmp' to '../../../../../../Users/ntanc_000/Desktop/NightmareGame/TheGame/Saved/Autosaves/Game/StarterContent/Props/LockedCaveDoor_Auto1.uasset'
[2015.11.14-08.59.43:423][514]LogSavePackage: Total save time: 24.138257ms
[2015.11.14-08.59.43:423][514]LogSavePackage:Warning: Finished SavePackage ../../../../../../Users/ntanc_000/Desktop/NightmareGame/TheGame/Saved/Autosaves/Game/StarterContent/Props/LockedCaveDoor_Auto1.uasset
[2015.11.14-08.59.43:428][514]OBJ SavePackage: Generating thumbnails for [1] asset(s) in package [/Game/StarterContent/Props/lambert1] ([1] browsable assets)...
[2015.11.14-08.59.43:455][514]OBJ SavePackage:     Rendered thumbnail for [Material /Game/StarterContent/Props/lambert1.lambert1]
[2015.11.14-08.59.43:455][514]OBJ SavePackage: Finished generating thumbnails for package [/Game/StarterContent/Props/lambert1]
[2015.11.14-08.59.43:478][514]LogSavePackage: Save=10.425640ms
[2015.11.14-08.59.43:478][514]LogSavePackage: Moving '../../../../../../Users/ntanc_000/Desktop/NightmareGame/TheGame/Saved/lambert1_Auto1E8B0CFAB495461918B033899098EB7C2.tmp' to '../../../../../../Users/ntanc_000/Desktop/NightmareGame/TheGame/Saved/Autosaves/Game/StarterContent/Props/lambert1_Auto1.uasset'
[2015.11.14-08.59.43:483][514]LogSavePackage: Total save time: 26.452657ms
[2015.11.14-08.59.43:483][514]LogSavePackage:Warning: Finished SavePackage ../../../../../../Users/ntanc_000/Desktop/NightmareGame/TheGame/Saved/Autosaves/Game/StarterContent/Props/lambert1_Auto1.uasset
[2015.11.14-08.59.43:483][514]LogFileHelpers: Auto-saving content packages took 0.117
[2015.11.14-09.03.05:594][188]LogEditorViewport: Clicking on Actor (LMB): StaticMeshActor (CubeGold)
[2015.11.14-09.03.47:092][413]LogEditorViewport: Clicking on Actor (LMB): StaticMeshActor (CubeChrome)
[2015.11.14-09.03.55:185][813]LogEditorViewport: Clicking on Actor (LMB): StaticMeshActor (CubeCopper)
[2015.11.14-09.04.06:875][386]LogEditorViewport: Clicking on Actor (LMB): StaticMeshActor (CubeSteel)
[2015.11.14-09.04.21:873][146]Cmd: TRANSACTION UNDO
[2015.11.14-09.04.21:873][146]LogEditorTransaction: Undo Move Actors
[2015.11.14-09.04.26:099][347]LogEditorViewport: Clicking on Actor (CTRL LMB): StaticMeshActor (CubeChrome)
[2015.11.14-09.04.29:537][525]Cmd: CAMERA ALIGN ACTIVEVIEWPORTONLY
[2015.11.14-09.04.40:913][110]LogEditorViewport: Clicking on Actor (LMB): StaticMeshActor (CubeGold)
[2015.11.14-09.04.52:013][716]LogContentBrowser: Native class hierarchy updated for 'Matinee' in 0.0009 seconds. Added 15 classes and 2 folders.
[2015.11.14-09.04.52:018][716]LogInit: Transaction tracking system initialized
[2015.11.14-09.04.52:019][716]EditorErrors: New page: Matinee Initialization
[2015.11.14-09.05.34:330][ 66]LogEditorViewport: Clicking on Actor (LMB): StaticMeshActor (CubeSteel)
[2015.11.14-09.05.46:348][637]Cmd: TRANSACTION UNDO
[2015.11.14-09.05.46:348][637]LogEditorTransaction: Undo NewTrack
[2015.11.14-09.05.57:015][ 99]Cmd: TRANSACTION UNDO
[2015.11.14-09.05.57:015][ 99]LogEditorTransaction: Undo New Group
[2015.11.14-09.05.58:464][174]Cmd: TRANSACTION UNDO
[2015.11.14-09.05.58:464][174]LogEditorTransaction: Undo Move Loop End Marker
[2015.11.14-09.07.08:861][471]Cmd: TRANSACTION UNDO
[2015.11.14-09.07.08:861][471]LogEditorTransaction: Undo Update Key Frame
[2015.11.14-09.07.09:599][506]Cmd: TRANSACTION UNDO
[2015.11.14-09.07.09:599][506]LogEditorTransaction: Undo Add Key
[2015.11.14-09.07.09:920][520]Cmd: TRANSACTION UNDO
[2015.11.14-09.07.09:921][520]LogEditorTransaction: Undo NewTrack
[2015.11.14-09.07.11:837][615]Cmd: TRANSACTION UNDO
[2015.11.14-09.07.11:837][615]LogEditorTransaction: Undo New Group
[2015.11.14-09.07.13:090][678]Cmd: TRANSACTION REDO
[2015.11.14-09.07.13:090][678]LogEditorTransaction: Redo New Group
[2015.11.14-09.07.14:380][743]Cmd: TRANSACTION UNDO
[2015.11.14-09.07.14:380][743]LogEditorTransaction: Undo New Group
[2015.11.14-09.07.15:511][799]Cmd: TRANSACTION REDO
[2015.11.14-09.07.15:511][799]LogEditorTransaction: Redo New Group
[2015.11.14-09.07.23:977][194]Cmd: TRANSACTION UNDO
[2015.11.14-09.07.23:977][194]LogEditorTransaction: Undo New Group
[2015.11.14-09.07.24:237][207]Cmd: TRANSACTION UNDO
[2015.11.14-09.07.24:237][207]LogEditorTransaction: Undo Move Loop End Marker
[2015.11.14-09.07.40:725][929]LogEditorViewport: Clicking on Actor (LMB): StaticMeshActor (Cave)
[2015.11.14-09.07.47:417][290]LogEditorViewport: Clicking on Actor (LMB): StaticMeshActor (SteelPlate)
[2015.11.14-09.08.12:141][563]Cmd: CAMERA ALIGN ACTIVEVIEWPORTONLY
[2015.11.14-09.09.03:921][187]LogEditorViewport: Clicking on Actor (LMB): StaticMeshActor (SteelPlate)
[2015.11.14-09.09.11:355][579]LogEditorViewport: Clicking on Actor (LMB): StaticMeshActor (CopperPlate)
[2015.11.14-09.09.28:939][549]Cmd: CAMERA ALIGN ACTIVEVIEWPORTONLY
[2015.11.14-09.10.04:805][460]LogEditorViewport: Clicking on Actor (LMB): StaticMeshActor (ChromePlate)
[2015.11.14-09.10.32:090][864]LogInit: Transaction tracking system initialized
[2015.11.14-09.10.32:090][864]EditorErrors: New page: Matinee Initialization
[2015.11.14-09.11.03:657][355]LogEditorTransaction: Undo NewTrack
[2015.11.14-09.11.13:688][792]LogEditorViewport: Clicking on Actor (LMB): StaticMeshActor (CubeCopper)
[2015.11.14-09.11.15:548][884]LogEditorViewport: Clicking on Actor (LMB): StaticMeshActor (CubeCopper)
[2015.11.14-09.11.22:295][210]LogEditorViewport: Clicking on Actor (LMB): StaticMeshActor (CubeSteel)
[2015.11.14-09.11.25:461][364]LogEditorViewport: Clicking on Actor (LMB): StaticMeshActor (CubeGold)
[2015.11.14-09.11.27:954][486]LogEditorViewport: Clicking on Actor (LMB): StaticMeshActor (CubeChrome)
[2015.11.14-09.11.31:146][641]LogEditorViewport: Clicking on Actor (LMB): StaticMeshActor (CubeCopper)
[2015.11.14-09.11.42:573][141]LogEditorViewport: Clicking on Actor (LMB): StaticMeshActor (GoldPlate)
[2015.11.14-09.12.01:870][979]Cmd: CAMERA ALIGN ACTIVEVIEWPORTONLY
[2015.11.14-09.12.37:961][562]Cmd: TRANSACTION UNDO
[2015.11.14-09.12.37:961][562]LogEditorTransaction: Undo NewTrack
[2015.11.14-09.12.38:462][587]Cmd: TRANSACTION UNDO
[2015.11.14-09.12.38:462][587]LogEditorTransaction: Undo Move Loop End Marker
[2015.11.14-09.12.39:601][646]Cmd: TRANSACTION UNDO
[2015.11.14-09.12.39:601][646]LogEditorTransaction: Undo New Group
[2015.11.14-09.12.40:629][699]LogEditorViewport: Clicking on Actor (LMB): StaticMeshActor (CopperPlate)
[2015.11.14-09.13.00:651][675]LogEditorViewport: Clicking on Actor (LMB): StaticMeshActor (CubeSteel)
[2015.11.14-09.13.05:221][906]LogEditorViewport: Clicking on Actor (LMB): StaticMeshActor (CubeCopper)
[2015.11.14-09.13.07:935][ 51]LogEditorViewport: Clicking on Actor (LMB): StaticMeshActor (CubeSteel)
[2015.11.14-09.13.10:061][165]LogEditorViewport: Clicking on Actor (LMB): StaticMeshActor (CubeChrome)
[2015.11.14-09.13.13:403][341]LogEditorViewport: Clicking on Actor (LMB): StaticMeshActor (CubeGold)
[2015.11.14-09.13.25:205][959]LogInit: Transaction tracking system initialized
[2015.11.14-09.13.25:205][959]EditorErrors: New page: Matinee Initialization
[2015.11.14-09.13.58:580][301]LogEditorActor: Deleted Actor: MatineeActor
[2015.11.14-09.13.58:606][301]LogExit: Transaction tracking system shut down
[2015.11.14-09.13.58:606][301]LogExit: Transaction tracking system shut down
[2015.11.14-09.13.58:607][301]LogExit: Transaction tracking system shut down
[2015.11.14-09.13.58:611][301]LogEditorActor: Deleted 1 Actors (8.160 secs)
[2015.11.14-09.14.05:725][723]LogEditorViewport: Clicking on Actor (LMB): StaticMeshActor (CubeSteel)
[2015.11.14-09.14.29:241][885]LogInit: Transaction tracking system initialized
[2015.11.14-09.14.29:241][885]EditorErrors: New page: Matinee Initialization
[2015.11.14-09.14.34:339][148]LogEditorViewport: Clicking on Actor (LMB): StaticMeshActor (CubeChrome)
[2015.11.14-09.16.01:942][275]LogEditorViewport: Clicking on Actor (LMB): StaticMeshActor (CopperPlate)
[2015.11.14-09.16.10:643][687]LogEditorViewport: Clicking on Actor (LMB): StaticMeshActor (CubeCopper)
[2015.11.14-09.16.14:129][865]LogEditorViewport: Clicking on Actor (LMB): StaticMeshActor (CubeSteel)
[2015.11.14-09.16.14:760][894]LogEditorViewport: Clicking on Actor (LMB): StaticMeshActor (SteelPlate)
[2015.11.14-09.16.17:880][ 38]Cmd: CAMERA ALIGN ACTIVEVIEWPORTONLY
[2015.11.14-09.16.45:313][443]LogEditorViewport: Clicking on Actor (LMB): StaticMeshActor (CubeSteel)
[2015.11.14-09.16.49:945][669]LogEditorViewport: Clicking on Actor (LMB): StaticMeshActor (GoldPlate)
[2015.11.14-09.17.06:385][493]LogEditorViewport: Clicking on Actor (LMB): StaticMeshActor (CubeGold)
[2015.11.14-09.17.10:396][687]LogEditorViewport: Clicking on Actor (LMB): StaticMeshActor (GoldPlate)
[2015.11.14-09.17.14:437][900]LogEditorViewport: Clicking on Actor (LMB): StaticMeshActor (CubeGold)
[2015.11.14-09.17.22:496][300]LogEditorViewport: Clicking on Actor (LMB): StaticMeshActor (ChromePlate)
[2015.11.14-09.17.36:701][ 19]LogEditorViewport: Clicking on Actor (LMB): StaticMeshActor (CubeChrome)
[2015.11.14-09.17.37:370][ 53]LogEditorViewport: Clicking on Actor (LMB): StaticMeshActor (CubeChrome)
[2015.11.14-09.17.49:062][661]LogEditorViewport: Clicking on Actor (LMB): StaticMeshActor (CubeChrome)
[2015.11.14-09.18.09:478][621]Cmd: TRANSACTION UNDO
[2015.11.14-09.18.09:478][621]LogEditorTransaction: Undo Update Key Frame
[2015.11.14-09.18.11:158][709]Cmd: TRANSACTION UNDO
[2015.11.14-09.18.11:158][709]LogEditorTransaction: Undo Add Key
[2015.11.14-09.18.11:843][747]Cmd: TRANSACTION UNDO
[2015.11.14-09.18.11:843][747]LogEditorTransaction: Undo Move Loop End Marker
[2015.11.14-09.18.12:881][805]Cmd: TRANSACTION UNDO
[2015.11.14-09.18.12:881][805]LogEditorTransaction: Undo NewTrack
[2015.11.14-09.18.16:340][986]LogEditorViewport: Clicking on Actor (LMB): StaticMeshActor (CubeChrome)
[2015.11.14-09.18.59:294][ 56]LogEditorViewport: Clicking on Actor (LMB): StaticMeshActor (ChromePlate)
[2015.11.14-09.19.01:404][148]Cmd: CAMERA ALIGN ACTIVEVIEWPORTONLY
[2015.11.14-09.19.03:482][240]LogEditorViewport: Clicking on Actor (context menu): StaticMeshActor (CubeChrome)
[2015.11.14-09.19.04:793][304]LogEditorViewport: Clicking on Actor (LMB): StaticMeshActor (ChromePlate)
[2015.11.14-09.19.19:493][ 35]LogEditorViewport: Clicking on Actor (LMB): StaticMeshActor (CubeChrome)
[2015.11.14-09.19.24:235][264]LogEditorViewport: Clicking on Actor (LMB): StaticMeshActor (ChromePlate)
[2015.11.14-09.19.29:115][445]LogEditorViewport: Clicking on Actor (LMB): StaticMeshActor (SingleStalagmite33)
[2015.11.14-09.19.30:740][526]LogEditorViewport: Clicking on Actor (LMB): StaticMeshActor (ChromePlate)
[2015.11.14-09.19.36:976][768]Cmd: CAMERA ALIGN ACTIVEVIEWPORTONLY
[2015.11.14-09.19.48:055][325]LogEditorViewport: Clicking on Actor (LMB): StaticMeshActor (CubeChrome)
[2015.11.14-09.19.50:337][430]LogEditorViewport: Clicking on Actor (LMB): StaticMeshActor (CubeChrome)
[2015.11.14-09.20.07:488][313]LogEditorViewport: Clicking on Actor (LMB): StaticMeshActor (GoldPlate)
[2015.11.14-09.20.23:872][158]Cmd: CAMERA ALIGN ACTIVEVIEWPORTONLY
[2015.11.14-09.20.55:279][584]LogEditorViewport: Clicking on Actor (LMB): StaticMeshActor (CubeGold)
[2015.11.14-09.21.05:285][ 68]LogEditorViewport: Clicking on Actor (LMB): StaticMeshActor (SteelPlate)
[2015.11.14-09.21.10:701][323]Cmd: CAMERA ALIGN ACTIVEVIEWPORTONLY
[2015.11.14-09.21.29:675][219]LogEditorViewport: Clicking on Actor (LMB): StaticMeshActor (CubeSteel)
[2015.11.14-09.21.33:520][406]Cmd: TRANSACTION UNDO
[2015.11.14-09.21.33:520][406]LogEditorTransaction: Undo New Group
[2015.11.14-09.21.37:843][653]Cmd: TRANSACTION REDO
[2015.11.14-09.21.37:843][653]LogEditorTransaction: Redo New Group
[2015.11.14-09.21.39:648][755]Cmd: TRANSACTION REDO
[2015.11.14-09.21.39:648][755]LogEditorTransaction: Redo NewTrack
[2015.11.14-09.21.49:813][238]LogEditorViewport: Clicking on Actor (LMB): StaticMeshActor (CopperPlate)
[2015.11.14-09.21.54:452][461]Cmd: CAMERA ALIGN ACTIVEVIEWPORTONLY
[2015.11.14-09.22.15:852][535]LogEditorViewport: Clicking on Actor (LMB): StaticMeshActor (CubeCopper)
[2015.11.14-09.22.31:853][301]LogEditorViewport: Clicking on Actor (LMB): StaticMeshActor (CubeGold)
[2015.11.14-09.23.39:569][386]Cmd: CAMERA ALIGN ACTIVEVIEWPORTONLY
[2015.11.14-09.24.23:757][381]LogEditorViewport: Clicking on Actor (LMB): StaticMeshActor (SteelPlate)
[2015.11.14-09.24.28:254][613]Cmd: CAMERA ALIGN ACTIVEVIEWPORTONLY
[2015.11.14-09.24.43:276][259]Cmd: CAMERA ALIGN ACTIVEVIEWPORTONLY
[2015.11.14-09.24.49:024][539]Cmd: CAMERA ALIGN ACTIVEVIEWPORTONLY
[2015.11.14-09.25.16:368][743]LogEditorViewport: Clicking on Actor (LMB): StaticMeshActor (CopperPlate)
[2015.11.14-09.25.19:624][904]Cmd: CAMERA ALIGN ACTIVEVIEWPORTONLY
[2015.11.14-09.25.21:927][ 17]Cmd: CAMERA ALIGN ACTIVEVIEWPORTONLY
[2015.11.14-09.25.32:594][526]Cmd: CAMERA ALIGN ACTIVEVIEWPORTONLY
[2015.11.14-09.26.06:435][153]LogEditorViewport: Clicking on Actor (LMB): StaticMeshActor (ChromePlate)
[2015.11.14-09.26.16:976][689]LogEditorViewport: Clicking on Actor (LMB): StaticMeshActor (CubeChrome)
[2015.11.14-09.26.21:664][928]LogEditorViewport: Clicking on Actor (LMB): StaticMeshActor (CubeGold)
[2015.11.14-09.26.26:383][172]LogEditorViewport: Clicking on Actor (LMB): StaticMeshActor (CubeSteel)
[2015.11.14-09.26.30:185][365]LogEditorViewport: Clicking on Actor (LMB): StaticMeshActor (CubeCopper)
[2015.11.14-09.27.08:560][177]Cmd: TRANSACTION UNDO
[2015.11.14-09.27.08:560][177]LogEditorTransaction: Undo Move Loop End Marker
[2015.11.14-09.27.09:034][202]Cmd: TRANSACTION UNDO
[2015.11.14-09.27.09:034][202]LogEditorTransaction: Undo NewTrack
[2015.11.14-09.27.09:416][222]Cmd: TRANSACTION UNDO
[2015.11.14-09.27.09:416][222]LogEditorTransaction: Undo New Group
[2015.11.14-09.27.15:740][536]LogEditorViewport: Clicking on Actor (LMB): StaticMeshActor (CubeGold)
[2015.11.14-09.27.20:902][807]LogEditorViewport: Clicking on Actor (LMB): StaticMeshActor (ChromePlate)
[2015.11.14-09.27.34:397][528]LogInit: Transaction tracking system initialized
[2015.11.14-09.27.34:397][528]EditorErrors: New page: Matinee Initialization
[2015.11.14-09.27.50:185][329]Cmd: TRANSACTION UNDO
[2015.11.14-09.27.50:185][329]LogEditorTransaction: Undo NewTrack
[2015.11.14-09.27.50:706][356]Cmd: TRANSACTION UNDO
[2015.11.14-09.27.50:706][356]LogEditorTransaction: Undo New Group
[2015.11.14-09.28.03:798][ 30]LogInit: Transaction tracking system initialized
[2015.11.14-09.28.03:798][ 30]EditorErrors: New page: Matinee Initialization
[2015.11.14-09.28.34:281][549]Cmd: CAMERA ALIGN ACTIVEVIEWPORTONLY
[2015.11.14-09.29.01:046][816]LogEditorViewport: Clicking on Actor (LMB): StaticMeshActor (CubeChrome)
[2015.11.14-09.29.11:461][321]LogEditorViewport: Clicking on Actor (LMB): StaticMeshActor (CubeChrome)
[2015.11.14-09.29.45:352][110]LogEditorViewport: Clicking on Actor (LMB): StaticMeshActor (CubeChrome)
[2015.11.14-09.29.46:199][152]LogEditorViewport: Clicking on Actor (LMB): StaticMeshActor (ChromePlate)
[2015.11.14-09.29.47:139][199]LogEditorViewport: Clicking on Actor (LMB): StaticMeshActor (CubeChrome)
[2015.11.14-09.29.48:339][260]Cmd: TRANSACTION UNDO
[2015.11.14-09.29.48:339][260]LogEditorTransaction: Undo Add Key
[2015.11.14-09.29.48:855][287]Cmd: TRANSACTION UNDO
[2015.11.14-09.29.48:855][287]LogEditorTransaction: Undo Add Key
[2015.11.14-09.29.49:161][303]Cmd: TRANSACTION UNDO
[2015.11.14-09.29.49:161][303]LogEditorTransaction: Undo Move End Marker
[2015.11.14-09.29.49:484][320]Cmd: TRANSACTION UNDO
[2015.11.14-09.29.49:484][320]LogEditorTransaction: Undo NewTrack
[2015.11.14-09.29.50:154][356]Cmd: TRANSACTION UNDO
[2015.11.14-09.29.50:154][356]LogEditorTransaction: Undo New Group
[2015.11.14-09.29.53:406][530]LogEditorViewport: Clicking on Actor (LMB): StaticMeshActor (ChromePlate)
[2015.11.14-09.29.54:931][609]LogEditorViewport: Clicking on Actor (LMB): StaticMeshActor (CubeChrome)
[2015.11.14-09.30.21:238][ 30]LogHttp:Warning: Timeout processing Http request. 000000B52CB6AC00
[2015.11.14-09.30.31:203][580]LogEditorViewport: Clicking on Actor (LMB): StaticMeshActor (ChromePlate)
[2015.11.14-09.30.45:452][292]Cmd: TRANSACTION UNDO
[2015.11.14-09.30.45:452][292]LogEditorTransaction: Undo NewTrack
[2015.11.14-09.30.45:682][304]Cmd: TRANSACTION UNDO
[2015.11.14-09.30.45:682][304]LogEditorTransaction: Undo Group Rename
[2015.11.14-09.30.45:888][315]Cmd: TRANSACTION UNDO
[2015.11.14-09.30.45:888][315]LogEditorTransaction: Undo New Group
[2015.11.14-09.30.46:065][324]Cmd: TRANSACTION UNDO
[2015.11.14-09.30.46:065][324]LogEditorTransaction: Undo Group Delete
[2015.11.14-09.30.46:239][333]Cmd: TRANSACTION UNDO
[2015.11.14-09.30.46:239][333]LogEditorTransaction: Undo New Group
[2015.11.14-09.30.52:238][625]LogEditorViewport: Clicking on Actor (LMB): StaticMeshActor (ChromePlate)
[2015.11.14-09.30.58:941][990]LogInit: Transaction tracking system initialized
[2015.11.14-09.30.58:941][990]EditorErrors: New page: Matinee Initialization
[2015.11.14-09.31.11:767][640]Cmd: DELETE
[2015.11.14-09.31.11:767][640]Cmd: ACTOR DELETE
[2015.11.14-09.31.13:527][640]LogEditorActor: Deleted Actor: MatineeActor
[2015.11.14-09.31.13:553][640]LogExit: Transaction tracking system shut down
[2015.11.14-09.31.13:553][640]LogExit: Transaction tracking system shut down
[2015.11.14-09.31.13:553][640]LogExit: Transaction tracking system shut down
[2015.11.14-09.31.13:554][640]LogExit: Transaction tracking system shut down
[2015.11.14-09.31.13:558][640]LogEditorActor: Deleted 1 Actors (1.791 secs)
[2015.11.14-09.31.15:338][741]LogEditorViewport: Clicking on Actor (LMB): StaticMeshActor (ChromePlate)
[2015.11.14-09.31.18:040][887]LogInit: Transaction tracking system initialized
[2015.11.14-09.31.18:040][887]EditorErrors: New page: Matinee Initialization
[2015.11.14-09.31.26:953][362]LogEditorViewport: Clicking on Actor (LMB): StaticMeshActor (ChromePlate)
[2015.11.14-09.32.13:649][970]LogEditorViewport: Clicking on Actor (LMB): StaticMeshActor (ChromePlate)
[2015.11.14-09.32.20:390][340]LogEditorViewport: Clicking on Actor (LMB): StaticMeshActor (ChromePlate)
[2015.11.14-09.33.07:991][776]LogEditorViewport: Clicking on Actor (LMB): StaticMeshActor (CubeChrome)
[2015.11.14-09.33.28:804][811]LogEditorViewport: Clicking on Actor (LMB): StaticMeshActor (CubeChrome)
[2015.11.14-09.33.41:290][444]LogEditorViewport: Clicking on Actor (LMB): StaticMeshActor (CubeChrome)
[2015.11.14-09.33.53:777][ 59]Cmd: TRANSACTION UNDO
[2015.11.14-09.33.53:777][ 59]LogEditorTransaction: Undo NewTrack
[2015.11.14-09.35.06:199][700]LogEditorViewport: Clicking on Actor (LMB): MatineeActor (MatineeActor2)
[2015.11.14-09.35.07:095][751]Cmd: DELETE
[2015.11.14-09.35.07:095][751]Cmd: ACTOR DELETE
[2015.11.14-09.35.08:655][751]LogEditorActor: Deleted Actor: MatineeActor
[2015.11.14-09.35.08:686][751]LogExit: Transaction tracking system shut down
[2015.11.14-09.35.08:691][751]LogEditorActor: Deleted 1 Actors (1.594 secs)
[2015.11.14-09.35.09:986][822]LogEditorViewport: Clicking on Actor (LMB): StaticMeshActor (ChromePlate)
[2015.11.14-09.35.29:394][967]LogSavePackage: Save=451.403107ms
[2015.11.14-09.35.29:394][967]LogSavePackage: Moving '../../../../../../Users/ntanc_000/Desktop/NightmareGame/TheGame/Saved/Cave_Auto274B0CA62420ADF914B09F7A69B114527.tmp' to '../../../../../../Users/ntanc_000/Desktop/NightmareGame/TheGame/Saved/Autosaves/Game/ThirdPersonBP/Maps/Cave_Auto2.umap'
[2015.11.14-09.35.29:400][967]LogSavePackage: Total save time: 475.384127ms
[2015.11.14-09.35.29:400][967]LogSavePackage:Warning: Finished SavePackage ../../../../../../Users/ntanc_000/Desktop/NightmareGame/TheGame/Saved/Autosaves/Game/ThirdPersonBP/Maps/Cave_Auto2.umap
[2015.11.14-09.35.29:402][967]LogFileHelpers: Editor autosave (incl. sublevels) for '/Game/ThirdPersonBP/Maps/Cave' took 0.517
[2015.11.14-09.35.29:402][967]LogFileHelpers: Editor autosave (incl. sublevels) for all levels took 0.517
[2015.11.14-09.52.48:087][ 83]LogParticles: Destroying 0 GPU particle simulations for FXSystem 0x000000B57C69C4A0
[2015.11.14-09.52.52:941][ 83]Cmd: OBJ SAVEPACKAGE PACKAGE="/Game/StarterContent/Props/lambert1" FILE="../../../../../../Users/ntanc_000/Desktop/NightmareGame/TheGame/Content/StarterContent/Props/lambert1.uasset" SILENT=true
[2015.11.14-09.52.52:957][ 83]LogSavePackage: Save=2.969353ms
[2015.11.14-09.52.52:957][ 83]LogSavePackage: Moving '../../../../../../Users/ntanc_000/Desktop/NightmareGame/TheGame/Saved/lambert194C7F8B94245270E607808BD1F5AD291.tmp' to '../../../../../../Users/ntanc_000/Desktop/NightmareGame/TheGame/Content/StarterContent/Props/lambert1.uasset'
[2015.11.14-09.52.52:966][ 83]LogSavePackage: Total save time: 22.889040ms
[2015.11.14-09.52.52:966][ 83]LogSavePackage:Warning: Finished SavePackage ../../../../../../Users/ntanc_000/Desktop/NightmareGame/TheGame/Content/StarterContent/Props/lambert1.uasset
[2015.11.14-09.52.52:991][ 83]LogSavePackage: Save=2.892902ms
[2015.11.14-09.52.52:991][ 83]LogSavePackage: Moving '../../../../../../Users/ntanc_000/Desktop/NightmareGame/TheGame/Saved/LockedCaveDoor1F46DF4948F1086E44C023ABA2ED1D4E.tmp' to '../../../../../../Users/ntanc_000/Desktop/NightmareGame/TheGame/Content/StarterContent/Props/LockedCaveDoor.uasset'
[2015.11.14-09.52.52:998][ 83]LogSavePackage: Total save time: 21.373037ms
[2015.11.14-09.52.52:998][ 83]LogSavePackage:Warning: Finished SavePackage ../../../../../../Users/ntanc_000/Desktop/NightmareGame/TheGame/Content/StarterContent/Props/LockedCaveDoor.uasset
[2015.11.14-09.52.54:122][ 83]LogSavePackage: Save=428.579071ms
[2015.11.14-09.52.54:122][ 83]LogSavePackage: Moving '../../../../../../Users/ntanc_000/Desktop/NightmareGame/TheGame/Saved/CaveEC2B43E24DC1CD7B3F722CB83A31DB0B.tmp' to '../../../../../../Users/ntanc_000/Desktop/NightmareGame/TheGame/Content/ThirdPersonBP/Maps/Cave.umap'
[2015.11.14-09.52.54:129][ 83]LogSavePackage: Total save time: 457.566038ms
[2015.11.14-09.52.54:129][ 83]LogSavePackage:Warning: Finished SavePackage ../../../../../../Users/ntanc_000/Desktop/NightmareGame/TheGame/Content/ThirdPersonBP/Maps/Cave.umap
[2015.11.14-09.52.54:191][ 83]LogFileHelpers: Saving map 'Cave' took 1.188
[2015.11.14-09.52.54:336][ 83]LogWindowsTextInputMethodSystem:Display: IME system now deactivated.
[2015.11.14-09.52.54:337][ 83]LogWindowsTextInputMethodSystem:Display: IME system now deactivated.
[2015.11.14-09.52.54:677][ 84]Cmd: QUIT_EDITOR
[2015.11.14-09.52.54:981][ 84]LogExit: Preparing to exit.
[2015.11.14-09.52.55:815][ 84]LogExit: Editor shut down
[2015.11.14-09.52.55:815][ 84]LogExit: Transaction tracking system shut down
[2015.11.14-09.52.55:821][ 84]LogParticles: Destroying 0 GPU particle simulations for FXSystem 0x000000B5205F9E40
[2015.11.14-09.52.55:821][ 84]LogParticles: Destroying 0 GPU particle simulations for FXSystem 0x000000B531E3FC40
[2015.11.14-09.52.55:821][ 84]LogParticles: Destroying 0 GPU particle simulations for FXSystem 0x000000B531E3FA60
[2015.11.14-09.52.55:831][ 84]LogParticles: Destroying 0 GPU particle simulations for FXSystem 0x000000B57D2918A0
[2015.11.14-09.52.55:834][ 84]LogParticles: Destroying 0 GPU particle simulations for FXSystem 0x000000B5274AAFC0
[2015.11.14-09.52.56:032][ 84]LogExit: Object subsystem successfully closed.
[2015.11.14-09.52.56:063][ 84]LogD3D11RHI: Shutdown
[2015.11.14-09.52.56:063][ 84]LogD3D11RHI: CleanupD3DDevice
[2015.11.14-09.52.56:159][ 84]LogD3D11RHI: ~FD3D11DynamicRHI
[2015.11.14-09.52.56:191][ 84]LogModuleManager: Shutting down and abandoning module DistCurveEditor (201)
[2015.11.14-09.52.56:191][ 84]LogModuleManager: Shutting down and abandoning module Matinee (200)
[2015.11.14-09.52.56:191][ 84]LogModuleManager: Shutting down and abandoning module StaticMeshEditor (199)
[2015.11.14-09.52.56:191][ 84]LogModuleManager: Shutting down and abandoning module BlueprintGraph (198)
[2015.11.14-09.52.56:191][ 84]LogModuleManager: Shutting down and abandoning module CrashTracker (197)
[2015.11.14-09.52.56:191][ 84]LogModuleManager: Shutting down and abandoning module SceneOutliner (196)
[2015.11.14-09.52.56:191][ 84]LogModuleManager: Shutting down and abandoning module SuperSearch (195)
[2015.11.14-09.52.56:191][ 84]LogModuleManager: Shutting down and abandoning module WidgetCarousel (194)
[2015.11.14-09.52.56:191][ 84]LogModuleManager: Shutting down and abandoning module AddContentDialog (193)
[2015.11.14-09.52.56:193][ 84]LogModuleManager: Shutting down and abandoning module EditorWidgets (192)
[2015.11.14-09.52.56:193][ 84]LogModuleManager: Shutting down and abandoning module CollectionManager (191)
[2015.11.14-09.52.56:194][ 84]LogModuleManager: Shutting down and abandoning module StatsViewer (190)
[2015.11.14-09.52.56:194][ 84]LogModuleManager: Shutting down and abandoning module FoliageEdit (189)
[2015.11.14-09.52.56:194][ 84]LogModuleManager: Shutting down and abandoning module LandscapeEditor (188)
[2015.11.14-09.52.56:194][ 84]LogModuleManager: Shutting down and abandoning module ActorPickerMode (187)
[2015.11.14-09.52.56:194][ 84]LogModuleManager: Shutting down and abandoning module GeometryMode (186)
[2015.11.14-09.52.56:194][ 84]LogModuleManager: Shutting down and abandoning module TextureAlignMode (185)
[2015.11.14-09.52.56:194][ 84]LogModuleManager: Shutting down and abandoning module BspMode (184)
[2015.11.14-09.52.56:194][ 84]LogModuleManager: Shutting down and abandoning module PlacementMode (183)
[2015.11.14-09.52.56:194][ 84]LogModuleManager: Shutting down and abandoning module AutomationWorker (182)
[2015.11.14-09.52.56:194][ 84]LogModuleManager: Shutting down and abandoning module CharacterAI (181)
[2015.11.14-09.52.56:194][ 84]LogModuleManager: Shutting down and abandoning module SmartSnapping (180)
[2015.11.14-09.52.56:194][ 84]LogModuleManager: Shutting down and abandoning module ViewportSnapping (179)
[2015.11.14-09.52.56:194][ 84]LogModuleManager: Shutting down and abandoning module LogVisualizer (178)
[2015.11.14-09.52.56:194][ 84]LogModuleManager: Shutting down and abandoning module GameProjectGeneration (177)
[2015.11.14-09.52.56:194][ 84]LogModuleManager: Shutting down and abandoning module IntroTutorials (176)
[2015.11.14-09.52.56:194][ 84]LogModuleManager: Shutting down and abandoning module EditorLiveStreaming (175)
[2015.11.14-09.52.56:194][ 84]LogModuleManager: Shutting down and abandoning module IOSPlatformEditor (174)
[2015.11.14-09.52.56:194][ 84]LogModuleManager: Shutting down and abandoning module HTML5PlatformEditor (173)
[2015.11.14-09.52.56:194][ 84]LogModuleManager: Shutting down and abandoning module AndroidDeviceDetection (172)
[2015.11.14-09.52.56:367][ 84]LogModuleManager: Shutting down and abandoning module AndroidPlatformEditor (171)
[2015.11.14-09.52.56:367][ 84]LogModuleManager: Shutting down and abandoning module IOSRuntimeSettings (170)
[2015.11.14-09.52.56:367][ 84]LogModuleManager: Shutting down and abandoning module AndroidRuntimeSettings (169)
[2015.11.14-09.52.56:367][ 84]LogModuleManager: Shutting down and abandoning module MergeActors (168)
[2015.11.14-09.52.56:367][ 84]LogModuleManager: Shutting down and abandoning module SizeMap (167)
[2015.11.14-09.52.56:367][ 84]LogModuleManager: Shutting down and abandoning module TreeMap (166)
[2015.11.14-09.52.56:367][ 84]LogModuleManager: Shutting down and abandoning module ReferenceViewer (165)
[2015.11.14-09.52.56:367][ 84]LogModuleManager: Shutting down and abandoning module LocalizationService (164)
[2015.11.14-09.52.56:367][ 84]LogModuleManager: Shutting down and abandoning module LocalizationDashboard (163)
[2015.11.14-09.52.56:368][ 84]LogModuleManager: Shutting down and abandoning module HardwareTargeting (162)
[2015.11.14-09.52.56:368][ 84]LogModuleManager: Shutting down and abandoning module DeviceProfileEditor (161)
[2015.11.14-09.52.56:368][ 84]LogModuleManager: Shutting down and abandoning module UndoHistory (160)
[2015.11.14-09.52.56:368][ 84]LogModuleManager: Shutting down and abandoning module GameplayTagsEditor (159)
[2015.11.14-09.52.56:368][ 84]LogModuleManager: Shutting down and abandoning module UserFeedback (158)
[2015.11.14-09.52.56:368][ 84]LogModuleManager: Shutting down and abandoning module XmlParser (157)
[2015.11.14-09.52.56:368][ 84]LogModuleManager: Shutting down and abandoning module Blutility (156)
[2015.11.14-09.52.56:368][ 84]LogModuleManager: Shutting down and abandoning module ProjectTargetPlatformEditor (155)
[2015.11.14-09.52.56:368][ 84]LogModuleManager: Shutting down and abandoning module ProjectSettingsViewer (154)
[2015.11.14-09.52.56:368][ 84]LogModuleManager: Shutting down and abandoning module InputBindingEditor (153)
[2015.11.14-09.52.56:369][ 84]LogModuleManager: Shutting down and abandoning module EditorSettingsViewer (152)
[2015.11.14-09.52.56:369][ 84]LogModuleManager: Shutting down and abandoning module SettingsEditor (151)
[2015.11.14-09.52.56:369][ 84]LogModuleManager: Shutting down and abandoning module ProjectLauncher (150)
[2015.11.14-09.52.56:369][ 84]LogModuleManager: Shutting down and abandoning module SessionFrontend (149)
[2015.11.14-09.52.56:369][ 84]LogModuleManager: Shutting down and abandoning module ProfilerClient (148)
[2015.11.14-09.52.56:369][ 84]LogModuleManager: Shutting down and abandoning module TargetDeviceServices (147)
[2015.11.14-09.52.56:369][ 84]LogModuleManager: Shutting down and abandoning module DeviceManager (146)
[2015.11.14-09.52.56:370][ 84]LogModuleManager: Shutting down and abandoning module AutomationController (145)
[2015.11.14-09.52.56:370][ 84]LogModuleManager: Shutting down and abandoning module AutomationWindow (144)
[2015.11.14-09.52.56:370][ 84]LogModuleManager: Shutting down and abandoning module Layers (143)
[2015.11.14-09.52.56:370][ 84]LogModuleManager: Shutting down and abandoning module ComponentVisualizers (142)
[2015.11.14-09.52.56:370][ 84]LogModuleManager: Shutting down and abandoning module DetailCustomizations (141)
[2015.11.14-09.52.56:370][ 84]LogModuleManager: Shutting down and abandoning module PackagesDialog (140)
[2015.11.14-09.52.56:370][ 84]LogModuleManager: Shutting down and abandoning module Persona (139)
[2015.11.14-09.52.56:370][ 84]LogModuleManager: Shutting down and abandoning module Kismet (138)
[2015.11.14-09.52.56:371][ 84]LogModuleManager: Shutting down and abandoning module GraphEditor (137)
[2015.11.14-09.52.56:371][ 84]LogModuleManager: Shutting down and abandoning module ClassViewer (136)
[2015.11.14-09.52.56:371][ 84]LogModuleManager: Shutting down and abandoning module Toolbox (135)
[2015.11.14-09.52.56:371][ 84]LogModuleManager: Shutting down and abandoning module ModuleUI (134)
[2015.11.14-09.52.56:371][ 84]LogModuleManager: Shutting down and abandoning module MovieSceneTools (133)
[2015.11.14-09.52.56:371][ 84]LogModuleManager: Shutting down and abandoning module OutputLog (132)
[2015.11.14-09.52.56:371][ 84]LogModuleManager: Shutting down and abandoning module GammaUI (131)
[2015.11.14-09.52.56:371][ 84]LogModuleManager: Shutting down and abandoning module Documentation (130)
[2015.11.14-09.52.56:371][ 84]LogModuleManager: Shutting down and abandoning module GameLiveStreaming (129)
[2015.11.14-09.52.56:371][ 84]LogModuleManager: Shutting down and abandoning module StreamingPauseRendering (128)
[2015.11.14-09.52.56:371][ 84]LogModuleManager: Shutting down and abandoning module AnalyticsET (127)
[2015.11.14-09.52.56:372][ 84]LogModuleManager: Shutting down and abandoning module Analytics (126)
[2015.11.14-09.52.56:372][ 84]LogModuleManager: Shutting down and abandoning module AITestSuite (125)
[2015.11.14-09.52.56:372][ 84]LogModuleManager: Shutting down and abandoning module GameplayDebugger (124)
[2015.11.14-09.52.56:372][ 84]LogModuleManager: Shutting down and abandoning module AIModule (123)
[2015.11.14-09.52.56:372][ 84]LogModuleManager: Shutting down and abandoning module ProfilerService (122)
[2015.11.14-09.52.56:538][ 84]LogModuleManager: Shutting down and abandoning module TaskGraph (121)
[2015.11.14-09.52.56:538][ 84]LogModuleManager: Shutting down and abandoning module SlateRemote (120)
[2015.11.14-09.52.56:538][ 84]LogModuleManager: Shutting down and abandoning module SteamVRController (119)
[2015.11.14-09.52.56:538][ 84]LogModuleManager: Shutting down and abandoning module SteamVR (118)
[2015.11.14-09.52.56:538][ 84]LogModuleManager: Shutting down and abandoning module ProceduralMeshComponent (117)
[2015.11.14-09.52.56:538][ 84]LogModuleManager: Shutting down and abandoning module OculusRift (116)
[2015.11.14-09.52.56:538][ 84]LogModuleManager: Shutting down and abandoning module OculusLibrary (115)
[2015.11.14-09.52.56:538][ 84]LogModuleManager: Shutting down and abandoning module LeapMotionController (114)
[2015.11.14-09.52.56:563][ 84]LogModuleManager: Shutting down and abandoning module CustomMeshComponent (113)
[2015.11.14-09.52.56:563][ 84]LogModuleManager: Shutting down and abandoning module CableComponent (112)
[2015.11.14-09.52.56:563][ 84]LogModuleManager: Shutting down and abandoning module ArchVisCharacter (111)
[2015.11.14-09.52.56:563][ 84]LogModuleManager: Shutting down and abandoning module MessagingDebugger (110)
[2015.11.14-09.52.56:563][ 84]LogModuleManager: Shutting down and abandoning module MediaPlayerEditor (109)
[2015.11.14-09.52.56:564][ 84]LogModuleManager: Shutting down and abandoning module HTML5Networking (108)
[2015.11.14-09.52.56:564][ 84]LogModuleManager: Shutting down and abandoning module SpeedTreeImporter (107)
[2015.11.14-09.52.56:564][ 84]LogModuleManager: Shutting down and abandoning module PluginBrowser (106)
[2015.11.14-09.52.56:564][ 84]LogModuleManager: Shutting down and abandoning module EpicSurvey (105)
[2015.11.14-09.52.56:564][ 84]LogModuleManager: Shutting down and abandoning module DesktopPlatform (104)
[2015.11.14-09.52.56:565][ 84]LogModuleManager: Shutting down and abandoning module VisualStudioSourceCodeAccess (103)
[2015.11.14-09.52.56:565][ 84]LogModuleManager: Shutting down and abandoning module UObjectPlugin (102)
[2015.11.14-09.52.56:565][ 84]LogModuleManager: Shutting down and abandoning module SubversionSourceControl (101)
[2015.11.14-09.52.56:565][ 84]LogModuleManager: Shutting down and abandoning module PerforceSourceControl (100)
[2015.11.14-09.52.56:565][ 84]LogModuleManager: Shutting down and abandoning module SourceControl (99)
[2015.11.14-09.52.56:565][ 84]LogModuleManager: Shutting down and abandoning module GitSourceControl (98)
[2015.11.14-09.52.56:565][ 84]LogModuleManager: Shutting down and abandoning module LightPropagationVolumeEditor (97)
[2015.11.14-09.52.56:565][ 84]LogModuleManager: Shutting down and abandoning module PaperTiledImporter (96)
[2015.11.14-09.52.56:565][ 84]LogModuleManager: Shutting down and abandoning module PaperSpriteSheetImporter (95)
[2015.11.14-09.52.56:565][ 84]LogModuleManager: Shutting down and abandoning module MeshPaint (94)
[2015.11.14-09.52.56:565][ 84]LogModuleManager: Shutting down and abandoning module SlateReflector (93)
[2015.11.14-09.52.56:565][ 84]LogModuleManager: Shutting down and abandoning module HotReload (92)
[2015.11.14-09.52.56:565][ 84]LogModuleManager: Shutting down and abandoning module MainFrame (91)
[2015.11.14-09.52.56:565][ 84]LogModuleManager: Shutting down and abandoning module LevelEditor (90)
[2015.11.14-09.52.56:567][ 84]LogModuleManager: Shutting down and abandoning module DirectoryWatcher (89)
[2015.11.14-09.52.56:568][ 84]LogModuleManager: Shutting down and abandoning module AssetRegistry (88)
[2015.11.14-09.52.56:653][ 84]LogModuleManager: Shutting down and abandoning module ContentBrowser (87)
[2015.11.14-09.52.56:654][ 84]LogModuleManager: Shutting down and abandoning module Paper2DEditor (86)
[2015.11.14-09.52.56:654][ 84]LogModuleManager: Shutting down and abandoning module UdpMessaging (85)
[2015.11.14-09.52.56:755][ 84]LogModuleManager: Shutting down and abandoning module LightPropagationVolumeRuntime (84)
[2015.11.14-09.52.56:755][ 84]LogModuleManager: Shutting down and abandoning module Paper2D (83)
[2015.11.14-09.52.56:755][ 84]LogModuleManager: Shutting down and abandoning module WindowsMoviePlayer (82)
[2015.11.14-09.52.56:767][ 84]LogModuleManager: Shutting down and abandoning module Media (81)
[2015.11.14-09.52.56:767][ 84]LogModuleManager: Shutting down and abandoning module WmfMedia (80)
[2015.11.14-09.52.56:767][ 84]LogModuleManager: Shutting down and abandoning module OnlineBlueprintSupport (79)
[2015.11.14-09.52.56:767][ 84]LogModuleManager: Shutting down and abandoning module GameplayTasksEditor (78)
[2015.11.14-09.52.56:767][ 84]LogModuleManager: Shutting down and abandoning module PropertyEditor (77)
[2015.11.14-09.52.56:767][ 84]LogModuleManager: Shutting down and abandoning module BehaviorTreeEditor (76)
[2015.11.14-09.52.56:768][ 84]LogModuleManager: Shutting down and abandoning module FunctionalTesting (75)
[2015.11.14-09.52.56:768][ 84]LogModuleManager: Shutting down and abandoning module CollisionAnalyzer (74)
[2015.11.14-09.52.56:768][ 84]LogModuleManager: Shutting down and abandoning module WorkspaceMenuStructure (73)
[2015.11.14-09.52.56:768][ 84]LogModuleManager: Shutting down and abandoning module MessageLog (72)
[2015.11.14-09.52.56:768][ 84]LogModuleManager: Shutting down and abandoning module Sequencer (71)
[2015.11.14-09.52.56:768][ 84]LogModuleManager: Shutting down and abandoning module AssetTools (70)
[2015.11.14-09.52.56:768][ 84]LogModuleManager: Shutting down and abandoning module UMGEditor (69)
[2015.11.14-09.52.56:771][ 84]LogModuleManager: Shutting down and abandoning module UMG (68)
[2015.11.14-09.52.56:771][ 84]LogModuleManager: Shutting down and abandoning module Slate (67)
[2015.11.14-09.52.56:771][ 84]LogModuleManager: Shutting down and abandoning module EditorStyle (66)
[2015.11.14-09.52.56:779][ 84]LogModuleManager: Shutting down and abandoning module SessionServices (65)
[2015.11.14-09.52.56:779][ 84]LogModuleManager: Shutting down and abandoning module SourceCodeAccess (64)
[2015.11.14-09.52.56:779][ 84]LogModuleManager: Shutting down and abandoning module HeadMountedDisplay (63)
[2015.11.14-09.52.56:779][ 84]LogModuleManager: Shutting down and abandoning module XAudio2 (62)
[2015.11.14-09.52.56:779][ 84]LogModuleManager: Shutting down and abandoning module Networking (60)
[2015.11.14-09.52.56:780][ 84]LogModuleManager: Shutting down and abandoning module Core (59)
[2015.11.14-09.52.56:780][ 84]LogModuleManager: Shutting down and abandoning module KismetCompiler (58)
[2015.11.14-09.52.56:780][ 84]LogModuleManager: Shutting down and abandoning module PhysXFormats (57)
[2015.11.14-09.52.56:780][ 84]LogModuleManager: Shutting down and abandoning module MeshUtilities (56)
[2015.11.14-09.52.56:780][ 84]LogModuleManager: Shutting down and abandoning module CookingStats (55)
[2015.11.14-09.52.56:785][ 84]LogModuleManager: Shutting down and abandoning module DerivedDataCache (54)
[2015.11.14-09.52.56:799][ 84]LogDerivedDataCache: Shutdown
[2015.11.14-09.52.56:799][ 84]LogModuleManager: Shutting down and abandoning module ShaderFormatOpenGL (53)
[2015.11.14-09.52.56:799][ 84]LogModuleManager: Shutting down and abandoning module ShaderFormatD3D (52)
[2015.11.14-09.52.56:799][ 84]LogModuleManager: Shutting down and abandoning module MetalShaderFormat (51)
[2015.11.14-09.52.56:799][ 84]LogModuleManager: Shutting down and abandoning module TextureFormatUncompressed (50)
[2015.11.14-09.52.56:799][ 84]LogModuleManager: Shutting down and abandoning module TextureFormatPVR (49)
[2015.11.14-09.52.56:799][ 84]LogModuleManager: Shutting down and abandoning module TextureFormatIntelISPCTexComp (48)
[2015.11.14-09.52.56:799][ 84]LogModuleManager: Shutting down and abandoning module TextureFormatDXT (47)
[2015.11.14-09.52.56:799][ 84]LogModuleManager: Shutting down and abandoning module ImageWrapper (46)
[2015.11.14-09.52.56:799][ 84]LogModuleManager: Shutting down and abandoning module TextureFormatASTC (45)
[2015.11.14-09.52.56:800][ 84]LogModuleManager: Shutting down and abandoning module TextureFormatAndroid (44)
[2015.11.14-09.52.56:800][ 84]LogModuleManager: Shutting down and abandoning module AudioFormatOpus (43)
[2015.11.14-09.52.56:800][ 84]LogModuleManager: Shutting down and abandoning module AudioFormatOgg (42)
[2015.11.14-09.52.56:800][ 84]LogModuleManager: Shutting down and abandoning module AudioFormatADPCM (41)
[2015.11.14-09.52.56:800][ 84]LogModuleManager: Shutting down and abandoning module LinuxTargetPlatform (40)
[2015.11.14-09.52.56:800][ 84]LogModuleManager: Shutting down and abandoning module LinuxServerTargetPlatform (39)
[2015.11.14-09.52.56:800][ 84]LogModuleManager: Shutting down and abandoning module LinuxNoEditorTargetPlatform (38)
[2015.11.14-09.52.56:800][ 84]LogModuleManager: Shutting down and abandoning module Messaging (37)
[2015.11.14-09.52.56:800][ 84]LogModuleManager: Shutting down and abandoning module IOSTargetPlatform (36)
[2015.11.14-09.52.56:800][ 84]LogModuleManager: Shutting down and abandoning module HTML5TargetPlatform (35)
[2015.11.14-09.52.56:800][ 84]LogModuleManager: Shutting down and abandoning module Android_PVRTCTargetPlatform (34)
[2015.11.14-09.52.56:800][ 84]LogModuleManager: Shutting down and abandoning module Android_ETC2TargetPlatform (33)
[2015.11.14-09.52.56:800][ 84]LogModuleManager: Shutting down and abandoning module Android_ETC1TargetPlatform (32)
[2015.11.14-09.52.56:800][ 84]LogModuleManager: Shutting down and abandoning module Android_DXTTargetPlatform (31)
[2015.11.14-09.52.56:800][ 84]LogModuleManager: Shutting down and abandoning module Android_ATCTargetPlatform (30)
[2015.11.14-09.52.56:801][ 84]LogModuleManager: Shutting down and abandoning module Android_ASTCTargetPlatform (29)
[2015.11.14-09.52.56:801][ 84]LogModuleManager: Shutting down and abandoning module AndroidTargetPlatform (28)
[2015.11.14-09.52.56:801][ 84]LogModuleManager: Shutting down and abandoning module WindowsTargetPlatform (27)
[2015.11.14-09.52.56:801][ 84]LogModuleManager: Shutting down and abandoning module WindowsServerTargetPlatform (26)
[2015.11.14-09.52.56:801][ 84]LogModuleManager: Shutting down and abandoning module WindowsNoEditorTargetPlatform (25)
[2015.11.14-09.52.56:801][ 84]LogModuleManager: Shutting down and abandoning module WindowsClientTargetPlatform (24)
[2015.11.14-09.52.56:801][ 84]LogModuleManager: Shutting down and abandoning module AllDesktopTargetPlatform (23)
[2015.11.14-09.52.56:801][ 84]LogModuleManager: Shutting down and abandoning module TargetPlatform (22)
[2015.11.14-09.52.56:801][ 84]LogModuleManager: Shutting down and abandoning module InputCore (21)
[2015.11.14-09.52.56:801][ 84]LogModuleManager: Shutting down and abandoning module Settings (20)
[2015.11.14-09.52.56:802][ 84]LogModuleManager: Shutting down and abandoning module OnlineSubsystem (18)
[2015.11.14-09.52.56:802][ 84]LogModuleManager: Shutting down and abandoning module HTTP (17)
[2015.11.14-09.53.05:312][ 84]LogModuleManager: Shutting down and abandoning module XMPP (16)
[2015.11.14-09.53.05:313][ 84]LogModuleManager: Shutting down and abandoning module ExampleDeviceProfileSelector (15)
[2015.11.14-09.53.05:313][ 84]LogModuleManager: Shutting down and abandoning module TextureCompressor (14)
[2015.11.14-09.53.05:313][ 84]LogModuleManager: Shutting down and abandoning module ShaderCore (13)
[2015.11.14-09.53.05:313][ 84]LogModuleManager: Shutting down and abandoning module Landscape (12)
[2015.11.14-09.53.05:313][ 84]LogModuleManager: Shutting down and abandoning module SlateRHIRenderer (11)
[2015.11.14-09.53.05:324][ 84]LogModuleManager: Shutting down and abandoning module OpenGLDrv (10)
[2015.11.14-09.53.05:324][ 84]LogModuleManager: Shutting down and abandoning module D3D11RHI (9)
[2015.11.14-09.53.05:324][ 84]LogModuleManager: Shutting down and abandoning module AnimGraphRuntime (8)
[2015.11.14-09.53.05:324][ 84]LogModuleManager: Shutting down and abandoning module Renderer (7)
[2015.11.14-09.53.05:324][ 84]LogModuleManager: Shutting down and abandoning module Engine (6)
[2015.11.14-09.53.05:324][ 84]LogModuleManager: Shutting down and abandoning module CoreUObject (5)
[2015.11.14-09.53.05:324][ 84]LogModuleManager: Shutting down and abandoning module NetworkFile (4)
[2015.11.14-09.53.05:325][ 84]LogModuleManager: Shutting down and abandoning module StreamingFile (3)
[2015.11.14-09.53.05:325][ 84]LogModuleManager: Shutting down and abandoning module SandboxFile (2)
[2015.11.14-09.53.05:325][ 84]LogModuleManager: Shutting down and abandoning module PakFile (1)
[2015.11.14-09.53.05:325][ 84]LogExit: Exiting.
[2015.11.14-09.53.05:327][ 84]Log file closed, 11/14/15 04:53:05
