[2015.11.05-17.22.21:809][  0]Log file open, 11/05/15 12:22:21
[2015.11.05-17.22.21:809][  0]LogInit:Display: Running engine for game: NightmareGame
[2015.11.05-17.22.21:809][  0]LogInit:Display: RandInit(-580263163) SRandInit(-580263163).
[2015.11.05-17.22.21:809][  0]LogTaskGraph: Started task graph with 4 named threads and 7 total threads.
[2015.11.05-17.22.21:809][  0]LogStats: Stats thread started at 0.086686
[2015.11.05-17.22.21:809][  0]LogInit: Version: 4.9.2-2707645+++depot+UE4-Releases+4.9
[2015.11.05-17.22.21:809][  0]LogInit: API Version: 2672455
[2015.11.05-17.22.21:809][  0]LogInit: Compiled (64-bit): Sep 28 2015 10:25:44
[2015.11.05-17.22.21:809][  0]LogInit: Compiled with Visual C++: 18.00.21005.01
[2015.11.05-17.22.21:809][  0]LogInit: Build Configuration: Development
[2015.11.05-17.22.21:809][  0]LogInit: Branch Name: ++depot+UE4-Releases+4.9
[2015.11.05-17.22.21:809][  0]LogInit: Command line:  
[2015.11.05-17.22.21:809][  0]LogInit: Base directory: C:/Program Files/Epic Games/4.9/Engine/Binaries/Win64/
[2015.11.05-17.22.21:809][  0]LogInit: Rocket: 1
[2015.11.05-17.22.21:821][  0]LogInit: Using libcurl 7.41.0
[2015.11.05-17.22.21:821][  0]LogInit:  - built for x86_64-pc-win32
[2015.11.05-17.22.21:821][  0]LogInit:  - supports SSL with WinSSL
[2015.11.05-17.22.21:821][  0]LogInit:  - other features:
[2015.11.05-17.22.21:821][  0]LogInit:      CURL_VERSION_SSL
[2015.11.05-17.22.21:821][  0]LogInit:      CURL_VERSION_IPV6
[2015.11.05-17.22.21:821][  0]LogInit:      CURL_VERSION_ASYNCHDNS
[2015.11.05-17.22.21:821][  0]LogInit:      CURL_VERSION_LARGEFILE
[2015.11.05-17.22.21:821][  0]LogInit:      CURL_VERSION_IDN
[2015.11.05-17.22.21:821][  0]LogInit:  CurlRequestOptions (configurable via config and command line):
[2015.11.05-17.22.21:821][  0]LogInit:  - bVerifyPeer = true  - Libcurl will verify peer certificate
[2015.11.05-17.22.21:821][  0]LogInit:  - bUseHttpProxy = false  - Libcurl will NOT use HTTP proxy
[2015.11.05-17.22.21:821][  0]LogInit:  - bDontReuseConnections = false  - Libcurl will reuse connections
[2015.11.05-17.22.21:821][  0]LogInit:  - CertBundlePath = nullptr  - Libcurl will use whatever was configured at build time.
[2015.11.05-17.22.21:830][  0]LogInit: Presizing for 0 objects not considered by GC, pre-allocating 0 bytes.
[2015.11.05-17.22.21:837][  0]LogInit: Object subsystem initialized
[2015.11.05-17.22.21:839][  0]LogInit: Selected Device Profile: [Windows]
[2015.11.05-17.22.21:839][  0]LogInit: Applying CVar settings loaded from the selected device profile: [Windows]
[2015.11.05-17.22.21:849][  0]LogInit: Computer: NICKSCOMPUTER
[2015.11.05-17.22.21:849][  0]LogInit: User: ntanc000
[2015.11.05-17.22.21:849][  0]LogInit: CPU Page size=4096, Cores=4
[2015.11.05-17.22.21:849][  0]LogInit: High frequency timer resolution =2.537594 MHz
[2015.11.05-17.22.21:849][  0]LogMemory: Memory total: Physical=15.9GB (16GB approx)
[2015.11.05-17.22.21:849][  0]LogMemory: Platform Memory Stats for Windows
[2015.11.05-17.22.21:849][  0]LogMemory: Process Physical Memory: 52.26 MB used, 52.26 MB peak
[2015.11.05-17.22.21:849][  0]LogMemory: Process Virtual Memory: 55.06 MB used, 55.06 MB peak
[2015.11.05-17.22.21:849][  0]LogMemory: Physical Memory: 5382.53 MB used, 16269.45 MB total
[2015.11.05-17.22.21:849][  0]LogMemory: Virtual Memory: 360.26 MB used, 134217728.00 MB total
[2015.11.05-17.22.21:903][  0]LogTextLocalizationManager: No specific translations for ('en-US') exist, so ('en') translations will be used.
[2015.11.05-17.22.22:659][  0]LogD3D11RHI: Found D3D11 adapter 0: NVIDIA GeForce GTX 980M (Feature Level 11_0)
[2015.11.05-17.22.22:659][  0]LogD3D11RHI: Adapter has 3981MB of dedicated video memory, 0MB of dedicated system memory, and 8134MB of shared system memory, 2 output[s]
[2015.11.05-17.22.22:671][  0]LogD3D11RHI: Found D3D11 adapter 1: Intel(R) HD Graphics 4600 (Feature Level 11_0)
[2015.11.05-17.22.22:671][  0]LogD3D11RHI: Adapter has 32MB of dedicated video memory, 0MB of dedicated system memory, and 1760MB of shared system memory, 0 output[s]
[2015.11.05-17.22.22:673][  0]LogD3D11RHI: Found D3D11 adapter 2: Microsoft Basic Render Driver (Feature Level 11_0)
[2015.11.05-17.22.22:673][  0]LogD3D11RHI: Adapter has 0MB of dedicated video memory, 0MB of dedicated system memory, and 256MB of shared system memory, 0 output[s]
[2015.11.05-17.22.22:673][  0]LogD3D11RHI: Chosen D3D11 Adapter Id = 0
[2015.11.05-17.22.22:680][  0]LogD3D11RHI: !Direct3DDevice
[2015.11.05-17.22.22:680][  0]LogRHI: Texture pool is 1361 MB (70% of 1945 MB)
[2015.11.05-17.22.22:696][  0]LogD3D11RHI: Async texture creation enabled
[2015.11.05-17.22.22:713][  0]LogShaderCompilers: Guid format shader working directory is 14 characters bigger than the processId version (../../../../../../Users/ntanc_000/Desktop/NightmareGame/TheGame/Intermediate/Shaders/WorkingDirectory/10548/).
[2015.11.05-17.22.22:713][  0]LogShaderCompilers: Cleaned the shader compiler working directory '../../../../../../Users/ntanc_000/Desktop/NightmareGame/TheGame/Intermediate/Shaders/tmp/111BF3D04460002DE6EF9EB649C41646/'.
[2015.11.05-17.22.22:713][  0]LogShaderCompilers:Display: Using Local Shader Compiler.
[2015.11.05-17.22.23:908][  0]LogTemp:Display: Loaded TP AllDesktopTargetPlatform
[2015.11.05-17.22.23:916][  0]LogTemp:Display: Loaded TP WindowsClientTargetPlatform
[2015.11.05-17.22.23:923][  0]LogTemp:Display: Loaded TP WindowsNoEditorTargetPlatform
[2015.11.05-17.22.23:929][  0]LogTemp:Display: Loaded TP WindowsServerTargetPlatform
[2015.11.05-17.22.23:936][  0]LogTemp:Display: Loaded TP WindowsTargetPlatform
[2015.11.05-17.22.23:940][  0]LogTemp:Display: Loaded TP AndroidTargetPlatform
[2015.11.05-17.22.23:944][  0]LogTemp:Display: Loaded TP Android_ASTCTargetPlatform
[2015.11.05-17.22.23:949][  0]LogTemp:Display: Loaded TP Android_ATCTargetPlatform
[2015.11.05-17.22.23:953][  0]LogTemp:Display: Loaded TP Android_DXTTargetPlatform
[2015.11.05-17.22.23:957][  0]LogTemp:Display: Loaded TP Android_ETC1TargetPlatform
[2015.11.05-17.22.23:962][  0]LogTemp:Display: Loaded TP Android_ETC2TargetPlatform
[2015.11.05-17.22.23:966][  0]LogTemp:Display: Loaded TP Android_PVRTCTargetPlatform
[2015.11.05-17.22.23:967][  0]LogTemp:Display: Loaded TP HTML5TargetPlatform
[2015.11.05-17.22.23:986][  0]LogTemp:Display: Loaded TP IOSTargetPlatform
[2015.11.05-17.22.23:990][  0]LogTemp:Display: Loaded TP LinuxNoEditorTargetPlatform
[2015.11.05-17.22.23:994][  0]LogTemp:Display: Loaded TP LinuxServerTargetPlatform
[2015.11.05-17.22.23:998][  0]LogTemp:Display: Loaded TP LinuxTargetPlatform
[2015.11.05-17.22.23:998][  0]LogTargetPlatformManager:Display: Building Assets For Windows
[2015.11.05-17.22.24:111][  0]LogDerivedDataCache:Display: Max Cache Size: 512 MB
[2015.11.05-17.22.24:167][  0]LogDerivedDataCache: Loaded boot cache 0.06s 41MB C:/Users/ntanc_000/AppData/Local/UnrealEngine/4.9/DerivedDataCache/Boot.ddc.
[2015.11.05-17.22.24:167][  0]LogDerivedDataCache:Display: Loaded Boot cache: C:/Users/ntanc_000/AppData/Local/UnrealEngine/4.9/DerivedDataCache/Boot.ddc
[2015.11.05-17.22.24:167][  0]LogDerivedDataCache: FDerivedDataBackendGraph:  Pak pak cache file ../../../../../../Users/ntanc_000/Desktop/NightmareGame/TheGame/DerivedDataCache/DDC.ddp not found, will not use a pak cache.
[2015.11.05-17.22.24:167][  0]LogDerivedDataCache: Unable to find inner node Pak for hierarchical cache Hierarchy.
[2015.11.05-17.22.24:167][  0]LogDerivedDataCache: FDerivedDataBackendGraph:  CompressedPak pak cache file ../../../../../../Users/ntanc_000/Desktop/NightmareGame/TheGame/DerivedDataCache/Compressed.ddp not found, will not use a pak cache.
[2015.11.05-17.22.24:167][  0]LogDerivedDataCache: Unable to find inner node CompressedPak for hierarchical cache Hierarchy.
[2015.11.05-17.22.24:298][  0]LogDerivedDataCache:Display: Pak cache opened for reading ../../../Engine/DerivedDataCache/Compressed.ddp.
[2015.11.05-17.22.24:311][  0]LogDerivedDataCache: Using Local data cache path C:/Users/ntanc_000/AppData/Local/UnrealEngine/Common/DerivedDataCache: Writable
[2015.11.05-17.22.24:526][  0]LogInit: Selected Device Profile: [Windows]
[2015.11.05-17.22.24:529][  0]LogContentStreaming: Texture pool size is 0.000000MB
[2015.11.05-17.22.24:659][  0]LogMeshUtilities: No automatic mesh reduction module available
[2015.11.05-17.22.24:659][  0]LogMeshUtilities: No automatic mesh merging module available
[2015.11.05-17.22.24:943][  0]LogInit: WinSock: version 1.1 (2.2), MaxSocks=32767, MaxUdp=65467
[2015.11.05-17.22.25:833][  0]UdpMessaging: Initializing bridge on interface 0.0.0.0:0 to multicast group 230.0.0.1:6666.
[2015.11.05-17.22.25:942][  0]LogAssetRegistry: FAssetRegistry took 0.0113 seconds to start up
[2015.11.05-17.22.26:158][  0]SourceControl: Info Source control is disabled
[2015.11.05-17.22.26:174][  0]SourceControl: Info Source control is disabled
[2015.11.05-17.22.26:200][  0]SourceControl: Info Source control is disabled
[2015.11.05-17.22.26:220][  0]SourceControl: Info Source control is disabled
[2015.11.05-17.22.26:466][  0]LogLinker:Warning: Asset '../../../Engine/Plugins/Runtime/LeapMotionController/Content/LM_PassthroughMaterial.uasset' has been saved with empty engine version. The asset will be loaded but may be incompatible.
[2015.11.05-17.22.26:581][  0]LogObj: 28361 objects as part of root set at end of initial load.
[2015.11.05-17.22.26:581][  0]LogUObjectAllocator: 6038872 out of 0 bytes used by permanent object pool.
[2015.11.05-17.22.26:641][  0]LogEngine: Initializing Engine...
[2015.11.05-17.22.26:643][  0]LogHMD: Can't find Oculus library dev build: is proper Runtime installed? Version: 0.7.0.0
[2015.11.05-17.22.26:644][  0]LogHMD: SteamVR failed to initialize.  Err: 110
[2015.11.05-17.22.26:773][  0]LogAIModule: Creating AISystem for world NewWorld
[2015.11.05-17.22.26:782][  0]LogInit: XAudio2 using 'Speakers (Sound Blaster Recon3Di)' : 2 channels at 48 kHz using 32 bits per sample (channel mask 0x3)
[2015.11.05-17.22.26:799][  0]LogInit: FAudioDevice initialized.
[2015.11.05-17.22.26:822][  0]LogDerivedDataCache: Saved boot cache 0.02s 41MB C:/Users/ntanc_000/AppData/Local/UnrealEngine/4.9/DerivedDataCache/Boot.ddc.
[2015.11.05-17.22.26:825][  0]LogInit: Texture streaming: Enabled
[2015.11.05-17.22.26:833][  0]LogAnalytics: Creating configured Analytics provider AnalyticsET
[2015.11.05-17.22.26:833][  0]LogAnalytics: [UEEditor.Rocket.Release] APIServer = http://et2.epicgames.com/ET2/. AppVersion = 4.9.2-2707645+++depot+UE4-Releases+4.9
[2015.11.05-17.22.26:834][  0]LogAnalytics: [UEEditor.Rocket.Release] SetUserId 2c211ad74a9e5469c13dfaa1059b2d42|1bd0216fcaf5458183f89cc914276325|d020360b-9246-478a-84ac-08a9775e7849
[2015.11.05-17.22.26:834][  0]LogAnalytics: [UEEditor.Rocket.Release] AnalyticsET::StartSession
[2015.11.05-17.22.26:860][  0]LogWindowsTextInputMethodSystem:Display: IME system now deactivated.
[2015.11.05-17.22.26:860][  0]LogWindowsTextInputMethodSystem:Display: IME system now deactivated.
[2015.11.05-17.22.26:884][  0]LogInit: Transaction tracking system initialized
[2015.11.05-17.22.26:921][  0]BlueprintLog: New page: Editor Load
[2015.11.05-17.22.27:022][  0]LocalizationService: Info Localization service is disabled
[2015.11.05-17.22.27:127][  0]LogConsoleResponse:Display: 
[2015.11.05-17.22.27:272][  0]LogCook:Display: Done creating registry. It took  0.00s.
[2015.11.05-17.22.27:364][  0]LogFileCache: Scanning file cache for directory 'C:/Users/ntanc_000/Desktop/NightmareGame/TheGame/Content/' took 0.02s
[2015.11.05-17.22.27:364][  0]SourceControl: Info Source control is disabled
[2015.11.05-17.22.27:364][  0]Cmd: MAP LOAD FILE="../../../../../../Users/ntanc_000/Desktop/NightmareGame/TheGame/Content/ThirdPersonBP/Maps/Hub.umap" TEMPLATE=0 SHOWPROGRESS=1 FEATURELEVEL=3
[2015.11.05-17.22.27:365][  0]LightingResults: New page: Lighting Build
[2015.11.05-17.22.27:370][  0]MapCheck: New page: Map Check
[2015.11.05-17.22.27:370][  0]LightingResults: New page: Lighting Build
[2015.11.05-17.22.27:386][  0]LogParticles: Destroying 0 GPU particle simulations for FXSystem 0x000000FFCB974400
[2015.11.05-17.22.27:404][  0]LogLinker:Warning: Asset '../../../../../../Users/ntanc_000/Desktop/NightmareGame/TheGame/Content/Mannequin/Animations/ThirdPerson_AnimBP.uasset' has been saved with empty engine version. The asset will be loaded but may be incompatible.
[2015.11.05-17.22.27:410][  0]LogLinker:Warning: Asset '../../../../../../Users/ntanc_000/Desktop/NightmareGame/TheGame/Content/Mannequin/Animations/ThirdPerson_Jump.uasset' has been saved with empty engine version. The asset will be loaded but may be incompatible.
[2015.11.05-17.22.27:418][  0]LogLinker:Warning: Asset '../../../../../../Users/ntanc_000/Desktop/NightmareGame/TheGame/Content/Mannequin/Animations/ThirdPersonJump_Loop.uasset' has been saved with empty engine version. The asset will be loaded but may be incompatible.
[2015.11.05-17.22.27:423][  0]LogLinker:Warning: Asset '../../../../../../Users/ntanc_000/Desktop/NightmareGame/TheGame/Content/Mannequin/Animations/ThirdPersonJump_Start.uasset' has been saved with empty engine version. The asset will be loaded but may be incompatible.
[2015.11.05-17.22.27:428][  0]LogLinker:Warning: Asset '../../../../../../Users/ntanc_000/Desktop/NightmareGame/TheGame/Content/Mannequin/Animations/ThirdPerson_IdleRun_2D.uasset' has been saved with empty engine version. The asset will be loaded but may be incompatible.
[2015.11.05-17.22.27:431][  0]LogLinker:Warning: Asset '../../../../../../Users/ntanc_000/Desktop/NightmareGame/TheGame/Content/Mannequin/Animations/ThirdPersonIdle.uasset' has been saved with empty engine version. The asset will be loaded but may be incompatible.
[2015.11.05-17.22.27:436][  0]LogLinker:Warning: Asset '../../../../../../Users/ntanc_000/Desktop/NightmareGame/TheGame/Content/Mannequin/Animations/ThirdPersonRun.uasset' has been saved with empty engine version. The asset will be loaded but may be incompatible.
[2015.11.05-17.22.27:441][  0]LogLinker:Warning: Asset '../../../../../../Users/ntanc_000/Desktop/NightmareGame/TheGame/Content/Mannequin/Animations/ThirdPersonWalk.uasset' has been saved with empty engine version. The asset will be loaded but may be incompatible.
[2015.11.05-17.22.28:832][  0]LogAIModule: Creating AISystem for world Hub
[2015.11.05-17.22.28:849][  0]LogEditorServer: Finished looking for orphan Actors (0.000 secs)
[2015.11.05-17.22.28:849][  0]Cmd: MAP CHECKDEP NOCLEARLOG
[2015.11.05-17.22.28:977][  0]MapCheck: Info Map check complete: 0 Error(s), 0 Warning(s), took 127.736ms to complete.
[2015.11.05-17.22.28:977][  0]LogFileHelpers: Loading map 'Hub' took 1.614
[2015.11.05-17.22.29:117][  0]LogCollectionManager: Loaded 0 collections in 0.002722 seconds
[2015.11.05-17.22.29:162][  0]LogFileCache: Scanning file cache for directory 'C:/Users/ntanc_000/Desktop/NightmareGame/TheGame/Saved/Collections/' took 0.01s
[2015.11.05-17.22.29:162][  0]LogFileCache: Scanning file cache for directory 'C:/Users/ntanc_000/Desktop/NightmareGame/TheGame/Content/Developers/ntanc000/Collections/' took 0.01s
[2015.11.05-17.22.29:162][  0]LogFileCache: Scanning file cache for directory 'C:/Users/ntanc_000/Desktop/NightmareGame/TheGame/Content/Collections/' took 0.01s
[2015.11.05-17.22.29:162][  0]LogContentBrowser: Native class hierarchy populated in 0.0086 seconds. Added 1867 classes and 333 folders.
[2015.11.05-17.22.29:176][  0]LogCollectionManager: Rebuilt the GUID cache for 0 collections in 0.000003 seconds
[2015.11.05-17.22.29:183][  0]LogContentBrowser: Native class hierarchy updated for 'WidgetCarousel' in 0.0004 seconds. Added 0 classes and 0 folders.
[2015.11.05-17.22.29:270][  0]LogContentBrowser: Native class hierarchy updated for 'AddContentDialog' in 0.0004 seconds. Added 0 classes and 0 folders.
[2015.11.05-17.22.29:274][  0]LogContentBrowser: Native class hierarchy updated for 'SceneOutliner' in 0.0004 seconds. Added 1 classes and 2 folders.
[2015.11.05-17.22.29:355][  0]LogCrashTracker: Crashtracker disabled due to settings.
[2015.11.05-17.22.29:364][  0]LogUObjectGlobals:Warning: Failed to find object 'Class None.'
[2015.11.05-17.22.29:388][  0]LogLoad: Full Startup: 8.19 seconds (BP compile: 0.23 seconds)
[2015.11.05-17.22.29:521][  0]LogContentStreaming: Texture pool size now 1000 MB
[2015.11.05-17.22.29:659][  0]LogRenderer: Reallocating scene render targets to support 740x412 (Frame:2).
[2015.11.05-17.22.30:159][  4]LogAssetRegistry: Asset discovery search completed in 4.2283 seconds
[2015.11.05-17.22.30:159][  4]LogCollectionManager: Rebuilt the object cache for 0 collections in 0.000001 seconds (found 0 objects)
[2015.11.05-17.22.30:159][  4]LogCollectionManager: Fixed up redirectors for 0 collections in 0.000029 seconds (updated 0 objects)
[2015.11.05-17.22.53:549][376]LogBlueprintUserMessages: Early PlayInEditor Detection: Level '/Game/ThirdPersonBP/Maps/Hub.Hub:PersistentLevel' has LevelScriptBlueprint '/Game/ThirdPersonBP/Maps/Hub.Hub:PersistentLevel.Hub' with GeneratedClass '/Game/ThirdPersonBP/Maps/Hub.Hub_C' with ClassGeneratedBy '/Game/ThirdPersonBP/Maps/Hub.Hub:PersistentLevel.Hub'
[2015.11.05-17.22.53:549][376]LogPlayLevel: PlayLevel: No blueprints needed recompiling
[2015.11.05-17.22.53:549][376]PIE: New page: PIE session: Hub (Nov 5, 2015, 7:22:53 AM)
[2015.11.05-17.22.53:549][376]LogPlayLevel: Creating play world package: /Game/ThirdPersonBP/Maps/UEDPIE_0_Hub
[2015.11.05-17.22.53:590][376]LogPlayLevel: PIE: StaticDuplicateObject took: (0.040719s)
[2015.11.05-17.22.53:591][376]LogAIModule: Creating AISystem for world Hub
[2015.11.05-17.22.53:591][376]LogPlayLevel: PIE: World Init took: (0.001254s)
[2015.11.05-17.22.53:592][376]LogPlayLevel: PIE: Created PIE world by copying editor world from /Game/ThirdPersonBP/Maps/Hub.Hub to /Game/ThirdPersonBP/Maps/UEDPIE_0_Hub.Hub (0.042374s)
[2015.11.05-17.22.53:632][376]LogInit: XAudio2 using 'Speakers (Sound Blaster Recon3Di)' : 2 channels at 48 kHz using 32 bits per sample (channel mask 0x3)
[2015.11.05-17.22.53:640][376]LogInit: FAudioDevice initialized.
[2015.11.05-17.22.53:701][376]LogWorld: Game class is 'ThirdPersonGameMode_C'
[2015.11.05-17.22.53:723][376]LogWorld: Bringing World /Game/ThirdPersonBP/Maps/UEDPIE_0_Hub.Hub up for play (max tick rate 60) at 2015.11.05-12.22.53
[2015.11.05-17.22.53:723][376]LogActor:Warning: GameSession /Game/ThirdPersonBP/Maps/UEDPIE_0_Hub.Hub:PersistentLevel.GameSession_0 has natively added scene component(s), but none of them were set as the actor's RootComponent - picking one arbitrarily
[2015.11.05-17.22.53:723][376]LogActor:Warning: GameNetworkManager /Game/ThirdPersonBP/Maps/UEDPIE_0_Hub.Hub:PersistentLevel.GameNetworkManager_0 has natively added scene component(s), but none of them were set as the actor's RootComponent - picking one arbitrarily
[2015.11.05-17.22.53:724][376]LogWorld: Bringing up level for play took: 0.021152
[2015.11.05-17.22.53:726][376]PIE: Info Play in editor start time for /Game/ThirdPersonBP/Maps/UEDPIE_0_Hub 0.438
[2015.11.05-17.22.53:726][376]LogBlueprintUserMessages: Late PlayInEditor Detection: Level '/Game/ThirdPersonBP/Maps/Hub.Hub:PersistentLevel' has LevelScriptBlueprint '/Game/ThirdPersonBP/Maps/Hub.Hub:PersistentLevel.Hub' with GeneratedClass '/Game/ThirdPersonBP/Maps/Hub.Hub_C' with ClassGeneratedBy '/Game/ThirdPersonBP/Maps/Hub.Hub:PersistentLevel.Hub'
[2015.11.05-17.22.55:051][445]LogBlueprintUserMessages: Early EndPlayMap Detection: Level '/Game/ThirdPersonBP/Maps/Hub.Hub:PersistentLevel' has LevelScriptBlueprint '/Game/ThirdPersonBP/Maps/Hub.Hub:PersistentLevel.Hub' with GeneratedClass '/Game/ThirdPersonBP/Maps/Hub.Hub_C' with ClassGeneratedBy '/Game/ThirdPersonBP/Maps/Hub.Hub:PersistentLevel.Hub'
[2015.11.05-17.22.55:095][445]LogBlueprintUserMessages: Late EndPlayMap Detection: Level '/Game/ThirdPersonBP/Maps/Hub.Hub:PersistentLevel' has LevelScriptBlueprint '/Game/ThirdPersonBP/Maps/Hub.Hub:PersistentLevel.Hub' with GeneratedClass '/Game/ThirdPersonBP/Maps/Hub.Hub_C' with ClassGeneratedBy '/Game/ThirdPersonBP/Maps/Hub.Hub:PersistentLevel.Hub'
[2015.11.05-17.22.55:110][445]LogParticles: Destroying 0 GPU particle simulations for FXSystem 0x000000FFC4F79620
[2015.11.05-17.23.06:762][122]LogLinker:Warning: Asset '../../../Engine/Content/ArtTools/Rend