[2015.12.10-10.52.39:027][  0]Log file open, 12/10/15 05:52:39
[2015.12.10-10.52.39:027][  0]LogInit:Display: Running engine for game: NightmareGame
[2015.12.10-10.52.39:027][  0]LogInit:Display: RandInit(137703759) SRandInit(137703759).
[2015.12.10-10.52.39:027][  0]LogTaskGraph: Started task graph with 4 named threads and 7 total threads.
[2015.12.10-10.52.39:027][  0]LogStats: Stats thread started at 0.088203
[2015.12.10-10.52.39:027][  0]LogInit: Version: 4.9.2-2707645+++depot+UE4-Releases+4.9
[2015.12.10-10.52.39:027][  0]LogInit: API Version: 2672455
[2015.12.10-10.52.39:027][  0]LogInit: Compiled (64-bit): Sep 28 2015 10:25:44
[2015.12.10-10.52.39:027][  0]LogInit: Compiled with Visual C++: 18.00.21005.01
[2015.12.10-10.52.39:027][  0]LogInit: Build Configuration: Development
[2015.12.10-10.52.39:027][  0]LogInit: Branch Name: ++depot+UE4-Releases+4.9
[2015.12.10-10.52.39:027][  0]LogInit: Command line:  /Temp/Autosaves/Game/ThirdPersonBP/Maps/UEDPCMainMenu -game -PIEVIACONSOLE -ResX=1280 -ResY=720  -Multiprocess 
[2015.12.10-10.52.39:027][  0]LogInit: Base directory: C:/Program Files/Epic Games/4.9/Engine/Binaries/Win64/
[2015.12.10-10.52.39:027][  0]LogInit: Rocket: 1
[2015.12.10-10.52.39:040][  0]LogInit: Using libcurl 7.41.0
[2015.12.10-10.52.39:040][  0]LogInit:  - built for x86_64-pc-win32
[2015.12.10-10.52.39:040][  0]LogInit:  - supports SSL with WinSSL
[2015.12.10-10.52.39:040][  0]LogInit:  - other features:
[2015.12.10-10.52.39:040][  0]LogInit:      CURL_VERSION_SSL
[2015.12.10-10.52.39:040][  0]LogInit:      CURL_VERSION_IPV6
[2015.12.10-10.52.39:040][  0]LogInit:      CURL_VERSION_ASYNCHDNS
[2015.12.10-10.52.39:040][  0]LogInit:      CURL_VERSION_LARGEFILE
[2015.12.10-10.52.39:040][  0]LogInit:      CURL_VERSION_IDN
[2015.12.10-10.52.39:040][  0]LogInit:  CurlRequestOptions (configurable via config and command line):
[2015.12.10-10.52.39:040][  0]LogInit:  - bVerifyPeer = true  - Libcurl will verify peer certificate
[2015.12.10-10.52.39:040][  0]LogInit:  - bUseHttpProxy = false  - Libcurl will NOT use HTTP proxy
[2015.12.10-10.52.39:040][  0]LogInit:  - bDontReuseConnections = false  - Libcurl will reuse connections
[2015.12.10-10.52.39:040][  0]LogInit:  - CertBundlePath = nullptr  - Libcurl will use whatever was configured at build time.
[2015.12.10-10.52.39:050][  0]LogInit: Presizing for 0 objects not considered by GC, pre-allocating 0 bytes.
[2015.12.10-10.52.39:056][  0]LogInit: Object subsystem initialized
[2015.12.10-10.52.39:058][  0]LogInit: Selected Device Profile: [Windows]
[2015.12.10-10.52.39:058][  0]LogInit: Applying CVar settings loaded from the selected device profile: [Windows]
[2015.12.10-10.52.39:061][  0]LogInit: Computer: NICKSCOMPUTER
[2015.12.10-10.52.39:061][  0]LogInit: User: ntanc000
[2015.12.10-10.52.39:061][  0]LogInit: CPU Page size=4096, Cores=4
[2015.12.10-10.52.39:061][  0]LogInit: High frequency timer resolution =2.537590 MHz
[2015.12.10-10.52.39:061][  0]LogMemory: Memory total: Physical=15.9GB (16GB approx)
[2015.12.10-10.52.39:061][  0]LogMemory: Platform Memory Stats for Windows
[2015.12.10-10.52.39:061][  0]LogMemory: Process Physical Memory: 54.55 MB used, 54.55 MB peak
[2015.12.10-10.52.39:061][  0]LogMemory: Process Virtual Memory: 58.20 MB used, 58.20 MB peak
[2015.12.10-10.52.39:061][  0]LogMemory: Physical Memory: 7023.70 MB used, 16269.45 MB total
[2015.12.10-10.52.39:061][  0]LogMemory: Virtual Memory: 372.15 MB used, 134217728.00 MB total
[2015.12.10-10.52.39:109][  0]LogTextLocalizationManager: No specific translations for ('en-US') exist, so ('en') translations will be used.
[2015.12.10-10.52.39:825][  0]LogD3D11RHI: Found D3D11 adapter 0: NVIDIA GeForce GTX 980M  (Feature Level 11_0)
[2015.12.10-10.52.39:825][  0]LogD3D11RHI: Adapter has 4012MB of dedicated video memory, 0MB of dedicated system memory, and 8134MB of shared system memory, 2 output[s]
[2015.12.10-10.52.39:832][  0]LogD3D11RHI: Found D3D11 adapter 1: Intel(R) HD Graphics 4600 (Feature Level 11_0)
[2015.12.10-10.52.39:832][  0]LogD3D11RHI: Adapter has 112MB of dedicated video memory, 0MB of dedicated system memory, and 8134MB of shared system memory, 0 output[s]
[2015.12.10-10.52.39:834][  0]LogD3D11RHI: Found D3D11 adapter 2: Microsoft Basic Render Driver (Feature Level 11_0)
[2015.12.10-10.52.39:834][  0]LogD3D11RHI: Adapter has 0MB of dedicated video memory, 0MB of dedicated system memory, and 8134MB of shared system memory, 0 output[s]
[2015.12.10-10.52.39:834][  0]LogD3D11RHI: Chosen D3D11 Adapter Id = 0
[2015.12.10-10.52.39:838][  0]LogD3D11RHI: !Direct3DDevice
[2015.12.10-10.52.39:838][  0]LogRHI: Texture pool is 1361 MB (70% of 1945 MB)
[2015.12.10-10.52.39:850][  0]LogD3D11RHI: Async texture creation enabled
[2015.12.10-10.52.39:865][  0]LogShaderCompilers: Guid format shader working directory is 15 characters bigger than the processId version (../../../../../../Users/ntanc_000/Desktop/NightmareGame/TheGame/Intermediate/Shaders/WorkingDirectory/4472/).
[2015.12.10-10.52.39:865][  0]LogShaderCompilers: Cleaned the shader compiler working directory '../../../../../../Users/ntanc_000/Desktop/NightmareGame/TheGame/Intermediate/Shaders/tmp/A446B80944E48BDF4C428D979A068CD0/'.
[2015.12.10-10.52.39:865][  0]LogShaderCompilers:Display: Using Local Shader Compiler.
[2015.12.10-10.52.40:814][  0]LogTemp:Display: Loaded TP AllDesktopTargetPlatform
[2015.12.10-10.52.40:820][  0]LogTemp:Display: Loaded TP WindowsClientTargetPlatform
[2015.12.10-10.52.40:826][  0]LogTemp:Display: Loaded TP WindowsNoEditorTargetPlatform
[2015.12.10-10.52.40:832][  0]LogTemp:Display: Loaded TP WindowsServerTargetPlatform
[2015.12.10-10.52.40:838][  0]LogTemp:Display: Loaded TP WindowsTargetPlatform
[2015.12.10-10.52.40:843][  0]LogTemp:Display: Loaded TP AndroidTargetPlatform
[2015.12.10-10.52.40:847][  0]LogTemp:Display: Loaded TP Android_ASTCTargetPlatform
[2015.12.10-10.52.40:851][  0]LogTemp:Display: Loaded TP Android_ATCTargetPlatform
[2015.12.10-10.52.40:855][  0]LogTemp:Display: Loaded TP Android_DXTTargetPlatform
[2015.12.10-10.52.40:859][  0]LogTemp:Display: Loaded TP Android_ETC1TargetPlatform
[2015.12.10-10.52.40:863][  0]LogTemp:Display: Loaded TP Android_ETC2TargetPlatform
[2015.12.10-10.52.40:867][  0]LogTemp:Display: Loaded TP Android_PVRTCTargetPlatform
[2015.12.10-10.52.40:868][  0]LogTemp:Display: Loaded TP HTML5TargetPlatform
[2015.12.10-10.52.40:887][  0]LogTemp:Display: Loaded TP IOSTargetPlatform
[2015.12.10-10.52.40:891][  0]LogTemp:Display: Loaded TP LinuxNoEditorTargetPlatform
[2015.12.10-10.52.40:894][  0]LogTemp:Display: Loaded TP LinuxServerTargetPlatform
[2015.12.10-10.52.40:899][  0]LogTemp:Display: Loaded TP LinuxTargetPlatform
[2015.12.10-10.52.40:899][  0]LogTargetPlatformManager:Display: Building Assets For Windows
[2015.12.10-10.52.40:995][  0]LogDerivedDataCache:Display: Max Cache Size: 512 MB
[2015.12.10-10.52.41:038][  0]LogDerivedDataCache: Loaded boot cache 0.04s 41MB C:/Users/ntanc_000/AppData/Local/UnrealEngine/4.9/DerivedDataCache/Boot.ddc.
[2015.12.10-10.52.41:038][  0]LogDerivedDataCache:Display: Loaded Boot cache: C:/Users/ntanc_000/AppData/Local/UnrealEngine/4.9/DerivedDataCache/Boot.ddc
[2015.12.10-10.52.41:038][  0]LogDerivedDataCache: FDerivedDataBackendGraph:  Pak pak cache file ../../../../../../Users/ntanc_000/Desktop/NightmareGame/TheGame/DerivedDataCache/DDC.ddp not found, will not use a pak cache.
[2015.12.10-10.52.41:038][  0]LogDerivedDataCache: Unable to find inner node Pak for hierarchical cache Hierarchy.
[2015.12.10-10.52.41:039][  0]LogDerivedDataCache: FDerivedDataBackendGraph:  CompressedPak pak cache file ../../../../../../Users/ntanc_000/Desktop/NightmareGame/TheGame/DerivedDataCache/Compressed.ddp not found, will not use a pak cache.
[2015.12.10-10.52.41:039][  0]LogDerivedDataCache: Unable to find inner node CompressedPak for hierarchical cache Hierarchy.
[2015.12.10-10.52.41:168][  0]LogDerivedDataCache:Display: Pak cache opened for reading ../../../Engine/DerivedDataCache/Compressed.ddp.
[2015.12.10-10.52.41:180][  0]LogDerivedDataCache: Using Local data cache path C:/Users/ntanc_000/AppData/Local/UnrealEngine/Common/DerivedDataCache: Writable
[2015.12.10-10.52.41:335][  0]LogInit: Selected Device Profile: [Windows]
[2015.12.10-10.52.41:337][  0]LogContentStreaming: Texture pool size is 1000.000000MB
[2015.12.10-10.52.41:446][  0]LogMeshUtilities: No automatic mesh reduction module available
[2015.12.10-10.52.41:446][  0]LogMeshUtilities: No automatic mesh merging module available
[2015.12.10-10.52.41:649][  0]LogInit: WinSock: version 1.1 (2.2), MaxSocks=32767, MaxUdp=65467
[2015.12.10-10.52.41:859][  0]LogWindowsMoviePlayer: Unable to load movie: ../../../../../../Users/ntanc_000/Desktop/NightmareGame/TheGame/Content/Movies/Default_Startup.mp4
[2015.12.10-10.52.41:958][  0]SourceControl: Info Source control is disabled
[2015.12.10-10.52.41:958][  0]SourceControl: Info Source control is disabled
[2015.12.10-10.52.41:970][  0]SourceControl: Info Source control is disabled
[2015.12.10-10.52.42:075][  0]LogLinker:Warning: Asset '../../../Engine/Plugins/Runtime/LeapMotionController/Content/LM_PassthroughMaterial.uasset' has been saved with empty engine version. The asset will be loaded but may be incompatible.
[2015.12.10-10.52.42:169][  0]LogObj: 27669 objects as part of root set at end of initial load.
[2015.12.10-10.52.42:169][  0]LogUObjectAllocator: 5775704 out of 0 bytes used by permanent object pool.
[2015.12.10-10.52.42:232][  0]LogEngine: Initializing Engine...
[2015.12.10-10.52.42:235][  0]LogHMD: Can't find Oculus library dev build: is proper Runtime installed? Version: 0.7.0.0
[2015.12.10-10.52.42:236][  0]LogHMD: SteamVR failed to initialize.  Err: 110
[2015.12.10-10.52.42:340][  0]LogInit: XAudio2 using 'Speakers (Sound Blaster Recon3Di)' : 2 channels at 48 kHz using 32 bits per sample (channel mask 0x3)
[2015.12.10-10.52.42:352][  0]LogInit: FAudioDevice initialized.
[2015.12.10-10.52.42:354][  0]LogInit: Texture streaming: Enabled
[2015.12.10-10.52.42:423][  0]LogNet: Browse: /Temp/Autosaves/Game/ThirdPersonBP/Maps/UEDPCMainMenu?Name=Player
[2015.12.10-10.52.42:424][  0]LogLoad: LoadMap: /Temp/Autosaves/Game/ThirdPersonBP/Maps/UEDPCMainMenu?Name=Player
[2015.12.10-10.52.42:434][  0]LogParticles: Destroying 0 GPU particle simulations for FXSystem 0x000001FE85C50720
[2015.12.10-10.52.42:444][  0]LogMemory: Platform Memory Stats for Windows
[2015.12.10-10.52.42:444][  0]LogMemory: Process Physical Memory: 388.33 MB used, 388.33 MB peak
[2015.12.10-10.52.42:444][  0]LogMemory: Process Virtual Memory: 436.08 MB used, 436.08 MB peak
[2015.12.10-10.52.42:444][  0]LogMemory: Physical Memory: 7304.14 MB used, 16269.45 MB total
[2015.12.10-10.52.42:444][  0]LogMemory: Virtual Memory: 976.91 MB used, 134217728.00 MB total
[2015.12.10-10.52.42:444][  0]LogMemory: 
[2015.12.10-10.52.42:444][  0]Allocator Stats for TBB: (not implemented)
[2015.12.10-10.52.43:024][  0]LogAIModule: Creating AISystem for world MainMenu
[2015.12.10-10.52.43:051][  0]LogWorld: Game class is 'ThirdPersonGameMode_C'
[2015.12.10-10.52.43:053][  0]LogWorld: Bringing World /Temp/Autosaves/Game/ThirdPersonBP/Maps/UEDPCMainMenu.MainMenu up for play (max tick rate 0) at 2015.12.10-05.52.43
[2015.12.10-10.52.43:053][  0]LogWorld: Bringing up level for play took: 0.000620
[2015.12.10-10.52.43:058][  0]LogInit:Display: Game Engine Initialized.
[2015.12.10-10.52.43:278][  0]LogLoad: Full Startup: 4.59 seconds (BP compile: 0.20 seconds)
[2015.12.10-10.52.43:295][  0]LogWindowsTextInputMethodSystem:Display: IME system now deactivated.
[2015.12.10-10.52.43:295][  0]LogWindowsTextInputMethodSystem:Display: IME system now deactivated.
[2015.12.10-10.52.43:301][  0]LogAudio:Warning: Detected orphaned looping sound 'Castle_in_the_Sky_Cue'.
[2015.12.10-10.52.43:431][  2]LogRenderer: Reallocating scene render targets to support 1280x720 (Frame:2).
[2015.12.10-10.52.46:045][158]LogScript:Warning: Accessed None 'Physics Handle'
	ThirdPersonCharacter_C /Temp/Autosaves/Game/ThirdPersonBP/Maps/UEDPCMainMenu.MainMenu:PersistentLevel.ThirdPersonCharacter_C_0
	Function /Game/ThirdPersonBP/Blueprints/ThirdPersonCharacter.ThirdPersonCharacter_C:ExecuteUbergraph_ThirdPersonCharacter:268B
[2015.12.10-10.52.46:057][159]LogScript:Warning: Accessed None 'Physics Handle'
	ThirdPersonCharacter_C /Temp/Autosaves/Game/ThirdPersonBP/Maps/UEDPCMainMenu.MainMenu:PersistentLevel.ThirdPersonCharacter_C_0
	Function /Game/ThirdPersonBP/Blueprints/ThirdPersonCharacter.ThirdPersonCharacter_C:ExecuteUbergraph_ThirdPersonCharacter:268B
[2015.12.10-10.52.46:073][160]LogScript:Warning: Accessed None 'Physics Handle'
	ThirdPersonCharacter_C /Temp/Autosaves/Game/ThirdPersonBP/Maps/UEDPCMainMenu.MainMenu:PersistentLevel.ThirdPersonCharacter_C_0
	Function /Game/ThirdPersonBP/Blueprints/ThirdPersonCharacter.ThirdPersonCharacter_C:ExecuteUbergraph_ThirdPersonCharacter:268B
[2015.12.10-10.52.46:090][161]LogScript:Warning: Accessed None 'Physics Handle'
	ThirdPersonCharacter_C /Temp/Autosaves/Game/ThirdPersonBP/Maps/UEDPCMainMenu.MainMenu:PersistentLevel.ThirdPersonCharacter_C_0
	Function /Game/ThirdPersonBP/Blueprints/ThirdPersonCharacter.ThirdPersonCharacter_C:ExecuteUbergraph_ThirdPersonCharacter:268B
[2015.12.10-10.52.46:106][162]LogScript:Warning: Accessed None 'Physics Handle'
	ThirdPersonCharacter_C /Temp/Autosaves/Game/ThirdPersonBP/Maps/UEDPCMainMenu.MainMenu:PersistentLevel.ThirdPersonCharacter_C_0
	Function /Game/ThirdPersonBP/Blueprints/ThirdPersonCharacter.ThirdPersonCharacter_C:ExecuteUbergraph_ThirdPersonCharacter:268B
[2015.12.10-10.52.46:122][163]LogScript:Warning: Accessed None 'Physics Handle'
	ThirdPersonCharacter_C /Temp/Autosaves/Game/ThirdPersonBP/Maps/UEDPCMainMenu.MainMenu:PersistentLevel.ThirdPersonCharacter_C_0
	Function /Game/ThirdPersonBP/Blueprints/ThirdPersonCharacter.ThirdPersonCharacter_C:ExecuteUbergraph_ThirdPersonCharacter:268B
[2015.12.10-10.52.46:138][164]LogScript:Warning: Accessed None 'Physics Handle'
	ThirdPersonCharacter_C /Temp/Autosaves/Game/ThirdPersonBP/Maps/UEDPCMainMenu.MainMenu:PersistentLevel.ThirdPersonCharacter_C_0
	Function /Game/ThirdPersonBP/Blueprints/ThirdPersonCharacter.ThirdPersonCharacter_C:ExecuteUbergraph_ThirdPersonCharacter:273D
[2015.12.10-10.52.46:138][164]LogScript:Warning: Accessed None 'Physics Object'
	ThirdPersonCharacter_C /Temp/Autosaves/Game/ThirdPersonBP/Maps/UEDPCMainMenu.MainMenu:PersistentLevel.ThirdPersonCharacter_C_0
	Function /Game/ThirdPersonBP/Blueprints/ThirdPersonCharacter.ThirdPersonCharacter_C:ExecuteUbergraph_ThirdPersonCharacter:279C
[2015.12.10-10.52.49:280][355]LogPackageName: SearchForPackageOnDisk took   0.061s to resolve Hub.umap.
[2015.12.10-10.52.49:338][355]LogPackageName: SearchForPackageOnDisk took   0.056s to resolve Hub.umap.
[2015.12.10-10.52.49:338][355]LogNet: Browse: /Game/ThirdPersonBP/Maps/Hub
[2015.12.10-10.52.49:338][355]LogLoad: LoadMap: /Game/ThirdPersonBP/Maps/Hub
[2015.12.10-10.52.49:365][355]LogParticles: Destroying 0 GPU particle simulations for FXSystem 0x000001FE804AED40
[2015.12.10-10.52.49:393][355]LogMemory: Platform Memory Stats for Windows
[2015.12.10-10.52.49:393][355]LogMemory: Process Physical Memory: 434.41 MB used, 444.22 MB peak
[2015.12.10-10.52.49:393][355]LogMemory: Process Virtual Memory: 647.21 MB used, 656.83 MB peak
[2015.12.10-10.52.49:393][355]LogMemory: Physical Memory: 7314.64 MB used, 16269.45 MB total
[2015.12.10-10.52.49:393][355]LogMemory: Virtual Memory: 1236.66 MB used, 134217728.00 MB total
[2015.12.10-10.52.49:393][355]LogMemory: 
[2015.12.10-10.52.49:393][355]Allocator Stats for TBB: (not implemented)
[2015.12.10-10.52.49:741][355]LogLinker:Warning: CreateImport: Failed to load Outer for resource 'Arrow': Starlight_C /Game/ThirdPersonBP/Blueprints/Starlight.Default__Starlight_C
[2015.12.10-10.52.50:392][355]LogAIModule: Creating AISystem for world Hub
[2015.12.10-10.52.50:395][355]LogWorld: Game class is 'ThirdPersonGameMode_C'
[2015.12.10-10.52.50:404][355]LogWorld: Bringing World /Game/ThirdPersonBP/Maps/Hub.Hub up for play (max tick rate 0) at 2015.12.10-05.52.50
[2015.12.10-10.52.50:405][355]LogWorld: Bringing up level for play took: 0.009372
[2015.12.10-10.52.51:664][422]LogScript:Warning: Accessed None 'Physics Handle'
	ThirdPersonCharacter_C /Game/ThirdPersonBP/Maps/Hub.Hub:PersistentLevel.ThirdPersonCharacter_C_0
	Function /Game/ThirdPersonBP/Blueprints/ThirdPersonCharacter.ThirdPersonCharacter_C:ExecuteUbergraph_ThirdPersonCharacter:268B
[2015.12.10-10.52.51:678][423]LogScript:Warning: Accessed None 'Physics Handle'
	ThirdPersonCharacter_C /Game/ThirdPersonBP/Maps/Hub.Hub:PersistentLevel.ThirdPersonCharacter_C_0
	Function /Game/ThirdPersonBP/Blueprints/ThirdPersonCharacter.ThirdPersonCharacter_C:ExecuteUbergraph_ThirdPersonCharacter:268B
[2015.12.10-10.52.51:694][424]LogScript:Warning: Accessed None 'Physics Handle'
	ThirdPersonCharacter_C /Game/ThirdPersonBP/Maps/Hub.Hub:PersistentLevel.ThirdPersonCharacter_C_0
	Function /Game/ThirdPersonBP/Blueprints/ThirdPersonCharacter.ThirdPersonCharacter_C:ExecuteUbergraph_ThirdPersonCharacter:268B
[2015.12.10-10.52.51:710][425]LogScript:Warning: Accessed None 'Physics Handle'
	ThirdPersonCharacter_C /Game/ThirdPersonBP/Maps/Hub.Hub:PersistentLevel.ThirdPersonCharacter_C_0
	Function /Game/ThirdPersonBP/Blueprints/ThirdPersonCharacter.ThirdPersonCharacter_C:ExecuteUbergraph_ThirdPersonCharacter:268B
[2015.12.10-10.52.51:727][426]LogScript:Warning: Accessed None 'Physics Handle'
	ThirdPersonCharacter_C /Game/ThirdPersonBP/Maps/Hub.Hub:PersistentLevel.ThirdPersonCharacter_C_0
	Function /Game/ThirdPersonBP/Blueprints/ThirdPersonCharacter.ThirdPersonCharacter_C:ExecuteUbergraph_ThirdPersonCharacter:273D
[2015.12.10-10.52.51:727][426]LogScript:Warning: Accessed None 'Physics Object'
	ThirdPersonCharacter_C /Game/ThirdPersonBP/Maps/Hub.Hub:PersistentLevel.ThirdPersonCharacter_C_0
	Function /Game/ThirdPersonBP/Blueprints/ThirdPersonCharacter.ThirdPersonCharacter_C:ExecuteUbergraph_ThirdPersonCharacter:279C
[2015.12.10-10.52.59:277][894]LogPawn:Error: EnableInput can only be specified on a Pawn for its Controller
[2015.12.10-10.53.14:970][863]LogPackageName: SearchForPackageOnDisk took   0.061s to resolve Cave.umap.
[2015.12.10-10.53.15:029][864]LogPackageName: SearchForPackageOnDisk took   0.057s to resolve Cave.umap.
[2015.12.10-10.53.15:029][864]LogNet: Browse: /Game/ThirdPersonBP/Maps/Cave
[2015.12.10-10.53.15:029][864]LogLoad: LoadMap: /Game/ThirdPersonBP/Maps/Cave
[2015.12.10-10.53.15:070][864]LogParticles: Destroying 0 GPU particle simulations for FXSystem 0x000001FEA112D620
[2015.12.10-10.53.15:098][864]LogMemory: Platform Memory Stats for Windows
[2015.12.10-10.53.15:098][864]LogMemory: Process Physical Memory: 530.91 MB used, 555.44 MB peak
[2015.12.10-10.53.15:098][864]LogMemory: Process Virtual Memory: 868.78 MB used, 923.57 MB peak
[2015.12.10-10.53.15:099][864]LogMemory: Physical Memory: 7418.29 MB used, 16269.45 MB total
[2015.12.10-10.53.15:099][864]LogMemory: Virtual Memory: 1472.36 MB used, 134217728.00 MB total
[2015.12.10-10.53.15:099][864]LogMemory: 
[2015.12.10-10.53.15:099][864]Allocator Stats for TBB: (not implemented)
[2015.12.10-10.53.15:507][864]LogLinker:Warning: CreateImport: Failed to load Outer for resource 'Arrow': Spider_BP_C /Game/ThirdPersonBP/AnimatedStuff/Spider/Spider_BP.Default__Spider_BP_C
[2015.12.10-10.53.15:509][864]LogLinker:Warning: Asset '../../../../../../Users/ntanc_000/Desktop/NightmareGame/TheGame/Content/Mannequin/Animations/ThirdPerson_AnimBP.uasset' has been saved with empty engine version. The asset will be loaded but may be incompatible.
[2015.12.10-10.53.15:511][864]LogLinker:Warning: Asset '../../../../../../Users/ntanc_000/Desktop/NightmareGame/TheGame/Content/Mannequin/Animations/ThirdPerson_Jump.uasset' has been saved with empty engine version. The asset will be loaded but may be incompatible.
[2015.12.10-10.53.15:512][864]LogLinker:Warning: Asset '../../../../../../Users/ntanc_000/Desktop/NightmareGame/TheGame/Content/Mannequin/Animations/ThirdPersonJump_Loop.uasset' has been saved with empty engine version. The asset will be loaded but may be incompatible.
[2015.12.10-10.53.15:512][864]LogLinker:Warning: Asset '../../../../../../Users/ntanc_000/Desktop/NightmareGame/TheGame/Content/Mannequin/Animations/ThirdPersonJump_Start.uasset' has been saved with empty engine version. The asset will be loaded but may be incompatible.
[2015.12.10-10.53.15:513][864]LogLinker:Warning: Asset '../../../../../../Users/ntanc_000/Desktop/NightmareGame/TheGame/Content/Mannequin/Animations/ThirdPerson_IdleRun_2D.uasset' has been saved with empty engine version. The asset will be loaded but may be incompatible.
[2015.12.10-10.53.15:525][864]LogLinker:Warning: Asset '../../../../../../Users/ntanc_000/Desktop/NightmareGame/TheGame/Content/Mannequin/Animations/ThirdPersonIdle.uasset' has been saved with empty engine version. The asset will be loaded but may be incompatible.
[2015.12.10-10.53.15:526][864]LogLinker:Warning: Asset '../../../../../../Users/ntanc_000/Desktop/NightmareGame/TheGame/Content/Mannequin/Animations/ThirdPersonWalk.uasset' has been saved with empty engine version. The asset will be loaded but may be incompatible.
[2015.12.10-10.53.15:526][864]LogLinker:Warning: Asset '../../../../../../Users/ntanc_000/Desktop/NightmareGame/TheGame/Content/Mannequin/Animations/ThirdPersonRun.uasset' has been saved with empty engine version. The asset will be loaded but may be incompatible.
[2015.12.10-10.53.15:556][864]LogLinker:Warning: CreateImport: Failed to load Outer for resource 'Arrow': Child_C /Game/ThirdPersonBP/Blueprints/Child.Default__Child_C
[2015.12.10-10.53.15:561][864]LogLinker:Warning: CreateImport: Failed to load Outer for resource 'Sprite': JumpTooltipTrigger_C /Game/ThirdPersonBP/Blueprints/TooltipTriggers/JumpTooltipTrigger.Default__JumpTooltipTrigger_C
[2015.12.10-10.53.15:566][864]LogLinker:Warning: CreateImport: Failed to load Outer for resource 'Sprite': TelekinesisTooltipTrigger_C /Game/ThirdPersonBP/Blueprints/TooltipTriggers/TelekinesisTooltipTrigger.Default__TelekinesisTooltipTrigger_C
[2015.12.10-10.53.16:409][864]LogAIModule: Creating AISystem for world Cave
[2015.12.10-10.53.16:444][864]LogWorld: Game class is 'ThirdPersonGameMode_C'
[2015.12.10-10.53.16:465][864]LogWorld: Bringing World /Game/ThirdPersonBP/Maps/Cave.Cave up for play (max tick rate 0) at 2015.12.10-05.53.16
[2015.12.10-10.53.16:476][864]LogWorld: Bringing up level for play took: 0.030266
[2015.12.10-10.53.16:480][864]LogPawn:Error: EnableInput can only be specified on a Pawn for its Controller
[2015.12.10-10.53.16:485][864]LogAudio:Warning: Detected orphaned looping sound 'Dungeon2_Cue'.
[2015.12.10-10.53.19:147][ 24]LogPawn:Error: EnableInput can only be specified on a Pawn for its Controller
[2015.12.10-10.53.55:313][266]LogScript:Warning: Accessed None 'K2Node_DynamicCast_AsGold_Cube'
	Cave_C /Game/ThirdPersonBP/Maps/Cave.Cave:PersistentLevel.Cave_C_0
	Function /Game/ThirdPersonBP/Maps/Cave.Cave_C:ExecuteUbergraph_Cave:0206
[2015.12.10-10.54.03:572][778]LogScript:Warning: Accessed None 'K2Node_DynamicCast_AsGold_Cube'
	Cave_C /Game/ThirdPersonBP/Maps/Cave.Cave:PersistentLevel.Cave_C_0
	Function /Game/ThirdPersonBP/Maps/Cave.Cave_C:ExecuteUbergraph_Cave:0206
[2015.12.10-10.54.05:587][903]LogScript:Warning: Accessed None 'K2Node_DynamicCast_AsSteel_Cube'
	Cave_C /Game/ThirdPersonBP/Maps/Cave.Cave:PersistentLevel.Cave_C_0
	Function /Game/ThirdPersonBP/Maps/Cave.Cave_C:ExecuteUbergraph_Cave:022A
[2015.12.10-10.54.09:927][172]LogScript:Warning: Accessed None 'K2Node_DynamicCast_AsSteel_Cube'
	Cave_C /Game/ThirdPersonBP/Maps/Cave.Cave:PersistentLevel.Cave_C_0
	Function /Game/ThirdPersonBP/Maps/Cave.Cave_C:ExecuteUbergraph_Cave:022A
[2015.12.10-10.54.24:225][ 57]LogCharacterMovement: ThirdPersonCharacter_C_0 is stuck and failed to move!
[2015.12.10-10.54.54:424][929]LogPawn:Error: EnableInput can only be specified on a Pawn for its Controller
[2015.12.10-10.54.57:729][130]LogPackageName: SearchForPackageOnDisk took   0.062s to resolve Hub.umap.
[2015.12.10-10.54.57:788][131]LogPackageName: SearchForPackageOnDisk took   0.057s to resolve Hub.umap.
[2015.12.10-10.54.57:788][131]LogNet: Browse: /Game/ThirdPersonBP/Maps/Hub
[2015.12.10-10.54.57:788][131]LogLoad: LoadMap: /Game/ThirdPersonBP/Maps/Hub
[2015.12.10-10.54.57:820][131]LogParticles: Destroying 0 GPU particle simulations for FXSystem 0x000001FEA2D17420
[2015.12.10-10.54.57:843][131]LogMemory: Platform Memory Stats for Windows
[2015.12.10-10.54.57:843][131]LogMemory: Process Physical Memory: 579.25 MB used, 602.45 MB peak
[2015.12.10-10.54.57:843][131]LogMemory: Process Virtual Memory: 950.83 MB used, 998.65 MB peak
[2015.12.10-10.54.57:843][131]LogMemory: Physical Memory: 7461.81 MB used, 16269.45 MB total
[2015.12.10-10.54.57:843][131]LogMemory: Virtual Memory: 1556.86 MB used, 134217728.00 MB total
[2015.12.10-10.54.57:843][131]LogMemory: 
[2015.12.10-10.54.57:843][131]Allocator Stats for TBB: (not implemented)
[2015.12.10-10.54.58:191][131]LogLinker:Warning: CreateImport: Failed to load Outer for resource 'Arrow': Starlight_C /Game/ThirdPersonBP/Blueprints/Starlight.Default__Starlight_C
[2015.12.10-10.54.58:748][131]LogAIModule: Creating AISystem for world Hub
[2015.12.10-10.54.58:751][131]LogWorld: Game class is 'ThirdPersonGameMode_C'
[2015.12.10-10.54.58:757][131]LogWorld: Bringing World /Game/ThirdPersonBP/Maps/Hub.Hub up for play (max tick rate 0) at 2015.12.10-05.54.58
[2015.12.10-10.54.58:758][131]LogWorld: Bringing up level for play took: 0.006009
[2015.12.10-10.55.07:709][681]LogScript:Warning: Accessed None 'Physics Handle'
	ThirdPersonCharacter_C /Game/ThirdPersonBP/Maps/Hub.Hub:PersistentLevel.ThirdPersonCharacter_C_0
	Function /Game/ThirdPersonBP/Blueprints/ThirdPersonCharacter.ThirdPersonCharacter_C:ExecuteUbergraph_ThirdPersonCharacter:268B
[2015.12.10-10.55.07:724][682]LogScript:Warning: Accessed None 'Physics Handle'
	ThirdPersonCharacter_C /Game/ThirdPersonBP/Maps/Hub.Hub:PersistentLevel.ThirdPersonCharacter_C_0
	Function /Game/ThirdPersonBP/Blueprints/ThirdPersonCharacter.ThirdPersonCharacter_C:ExecuteUbergraph_ThirdPersonCharacter:268B
[2015.12.10-10.55.07:740][683]LogScript:Warning: Accessed None 'Physics Handle'
	ThirdPersonCharacter_C /Game/ThirdPersonBP/Maps/Hub.Hub:PersistentLevel.ThirdPersonCharacter_C_0
	Function /Game/ThirdPersonBP/Blueprints/ThirdPersonCharacter.ThirdPersonCharacter_C:ExecuteUbergraph_ThirdPersonCharacter:268B
[2015.12.10-10.55.10:008][815]LogWindowsTextInputMethodSystem:Display: IME system now deactivated.
[2015.12.10-10.55.10:008][815]LogWindowsTextInputMethodSystem:Display: IME system now deactivated.
[2015.12.10-10.55.10:016][815]LogEngine: All Windows Closed
[2015.12.10-10.55.10:016][815]LogWindows: FPlatformMisc::RequestExit(0)
[2015.12.10-10.55.10:301][816]LogExit: Preparing to exit.
[2015.12.10-10.55.10:372][816]LogExit: Game engine shut down
[2015.12.10-10.55.10:516][816]LogParticles: Destroying 0 GPU particle simulations for FXSystem 0x000001FE838CDE40
[2015.12.10-10.55.10:516][816]LogExit: Object subsystem successfully closed.
[2015.12.10-10.55.10:539][816]LogD3D11RHI: Shutdown
[2015.12.10-10.55.10:539][816]LogD3D11RHI: CleanupD3DDevice
[2015.12.10-10.55.10:600][816]LogD3D11RHI: ~FD3D11DynamicRHI
[2015.12.10-10.55.10:611][816]LogModuleManager: Shutting down and abandoning module AndroidDeviceDetection (115)
[2015.12.10-10.55.11:330][816]LogModuleManager: Shutting down and abandoning module AutomationController (114)
[2015.12.10-10.55.11:330][816]LogModuleManager: Shutting down and abandoning module AutomationWorker (113)
[2015.12.10-10.55.11:330][816]LogModuleManager: Shutting down and abandoning module CharacterAI (112)
[2015.12.10-10.55.11:330][816]LogModuleManager: Shutting down and abandoning module AITestSuite (111)
[2015.12.10-10.55.11:330][816]LogModuleManager: Shutting down and abandoning module GameplayDebugger (110)
[2015.12.10-10.55.11:330][816]LogModuleManager: Shutting down and abandoning module AIModule (109)
[2015.12.10-10.55.11:330][816]LogModuleManager: Shutting down and abandoning module GameLiveStreaming (108)
[2015.12.10-10.55.11:330][816]LogModuleManager: Shutting down and abandoning module StreamingPauseRendering (107)
[2015.12.10-10.55.11:330][816]LogModuleManager: Shutting down and abandoning module ProfilerService (106)
[2015.12.10-10.55.11:339][816]LogModuleManager: Shutting down and abandoning module TaskGraph (105)
[2015.12.10-10.55.11:339][816]LogModuleManager: Shutting down and abandoning module SlateRemote (104)
[2015.12.10-10.55.11:339][816]LogModuleManager: Shutting down and abandoning module SteamVRController (103)
[2015.12.10-10.55.11:339][816]LogModuleManager: Shutting down and abandoning module SteamVR (102)
[2015.12.10-10.55.11:339][816]LogModuleManager: Shutting down and abandoning module ProceduralMeshComponent (101)
[2015.12.10-10.55.11:339][816]LogModuleManager: Shutting down and abandoning module OculusRift (100)
[2015.12.10-10.55.11:339][816]LogModuleManager: Shutting down and abandoning module OculusLibrary (99)
[2015.12.10-10.55.11:339][816]LogModuleManager: Shutting down and abandoning module LeapMotionController (98)
[2015.12.10-10.55.11:354][816]LogModuleManager: Shutting down and abandoning module CustomMeshComponent (97)
[2015.12.10-10.55.11:354][816]LogModuleManager: Shutting down and abandoning module CableComponent (96)
[2015.12.10-10.55.11:354][816]LogModuleManager: Shutting down and abandoning module ArchVisCharacter (95)
[2015.12.10-10.55.11:354][816]LogModuleManager: Shutting down and abandoning module HTML5Networking (94)
[2015.12.10-10.55.11:354][816]LogModuleManager: Shutting down and abandoning module DesktopPlatform (93)
[2015.12.10-10.55.11:354][816]LogModuleManager: Shutting down and abandoning module DirectoryWatcher (92)
[2015.12.10-10.55.11:354][816]LogModuleManager: Shutting down and abandoning module HotReload (91)
[2015.12.10-10.55.11:354][816]LogModuleManager: Shutting down and abandoning module VisualStudioSourceCodeAccess (90)
[2015.12.10-10.55.11:354][816]LogModuleManager: Shutting down and abandoning module UObjectPlugin (89)
[2015.12.10-10.55.11:354][816]LogModuleManager: Shutting down and abandoning module SubversionSourceControl (88)
[2015.12.10-10.55.11:354][816]LogModuleManager: Shutting down and abandoning module SourceControl (87)
[2015.12.10-10.55.11:354][816]LogModuleManager: Shutting down and abandoning module PerforceSourceControl (86)
[2015.12.10-10.55.11:354][816]LogModuleManager: Shutting down and abandoning module UdpMessaging (85)
[2015.12.10-10.55.11:354][816]LogModuleManager: Shutting down and abandoning module LightPropagationVolumeRuntime (84)
[2015.12.10-10.55.11:354][816]LogModuleManager: Shutting down and abandoning module Paper2D (83)
[2015.12.10-10.55.11:354][816]LogModuleManager: Shutting down and abandoning module WindowsMoviePlayer (82)
[2015.12.10-10.55.11:358][816]LogModuleManager: Shutting down and abandoning module Media (81)
[2015.12.10-10.55.11:358][816]LogModuleManager: Shutting down and abandoning module WmfMedia (80)
[2015.12.10-10.55.11:358][816]LogModuleManager: Shutting down and abandoning module OnlineBlueprintSupport (79)
[2015.12.10-10.55.11:358][816]LogModuleManager: Shutting down and abandoning module GameplayTasksEditor (78)
[2015.12.10-10.55.11:358][816]LogModuleManager: Shutting down and abandoning module PropertyEditor (77)
[2015.12.10-10.55.11:358][816]LogModuleManager: Shutting down and abandoning module BehaviorTreeEditor (76)
[2015.12.10-10.55.11:358][816]LogModuleManager: Shutting down and abandoning module FunctionalTesting (75)
[2015.12.10-10.55.11:358][816]LogModuleManager: Shutting down and abandoning module CollisionAnalyzer (74)
[2015.12.10-10.55.11:358][816]LogModuleManager: Shutting down and abandoning module WorkspaceMenuStructure (73)
[2015.12.10-10.55.11:358][816]LogModuleManager: Shutting down and abandoning module MessageLog (72)
[2015.12.10-10.55.11:358][816]LogModuleManager: Shutting down and abandoning module Sequencer (71)
[2015.12.10-10.55.11:358][816]LogModuleManager: Shutting down and abandoning module AssetTools (70)
[2015.12.10-10.55.11:358][816]LogModuleManager: Shutting down and abandoning module UMGEditor (69)
[2015.12.10-10.55.11:358][816]LogModuleManager: Shutting down and abandoning module UMG (68)
[2015.12.10-10.55.11:358][816]LogModuleManager: Shutting down and abandoning module Slate (67)
[2015.12.10-10.55.11:358][816]LogModuleManager: Shutting down and abandoning module EditorStyle (66)
[2015.12.10-10.55.11:360][816]LogModuleManager: Shutting down and abandoning module SessionServices (65)
[2015.12.10-10.55.11:360][816]LogModuleManager: Shutting down and abandoning module SourceCodeAccess (64)
[2015.12.10-10.55.11:360][816]LogModuleManager: Shutting down and abandoning module HeadMountedDisplay (63)
[2015.12.10-10.55.11:360][816]LogModuleManager: Shutting down and abandoning module XAudio2 (62)
[2015.12.10-10.55.11:360][816]LogModuleManager: Shutting down and abandoning module Networking (60)
[2015.12.10-10.55.11:360][816]LogModuleManager: Shutting down and abandoning module Core (59)
[2015.12.10-10.55.11:360][816]LogModuleManager: Shutting down and abandoning module KismetCompiler (58)
[2015.12.10-10.55.11:360][816]LogModuleManager: Shutting down and abandoning module PhysXFormats (57)
[2015.12.10-10.55.11:360][816]LogModuleManager: Shutting down and abandoning module MeshUtilities (56)
[2015.12.10-10.55.11:360][816]LogModuleManager: Shutting down and abandoning module CookingStats (55)
[2015.12.10-10.55.11:364][816]LogModuleManager: Shutting down and abandoning module DerivedDataCache (54)
[2015.12.10-10.55.11:421][816]LogDerivedDataCache: Shutdown
[2015.12.10-10.55.11:421][816]LogModuleManager: Shutting down and abandoning module ShaderFormatOpenGL (53)
[2015.12.10-10.55.11:421][816]LogModuleManager: Shutting down and abandoning module ShaderFormatD3D (52)
[2015.12.10-10.55.11:421][816]LogModuleManager: Shutting down and abandoning module MetalShaderFormat (51)
[2015.12.10-10.55.11:421][816]LogModuleManager: Shutting down and abandoning module TextureFormatUncompressed (50)
[2015.12.10-10.55.11:421][816]LogModuleManager: Shutting down and abandoning module TextureFormatPVR (49)
[2015.12.10-10.55.11:421][816]LogModuleManager: Shutting down and abandoning module TextureFormatIntelISPCTexComp (48)
[2015.12.10-10.55.11:421][816]LogModuleManager: Shutting down and abandoning module TextureFormatDXT (47)
[2015.12.10-10.55.11:421][816]LogModuleManager: Shutting down and abandoning module ImageWrapper (46)
[2015.12.10-10.55.11:421][816]LogModuleManager: Shutting down and abandoning module TextureFormatASTC (45)
[2015.12.10-10.55.11:421][816]LogModuleManager: Shutting down and abandoning module TextureFormatAndroid (44)
[2015.12.10-10.55.11:421][816]LogModuleManager: Shutting down and abandoning module AudioFormatOpus (43)
[2015.12.10-10.55.11:421][816]LogModuleManager: Shutting down and abandoning module AudioFormatOgg (42)
[2015.12.10-10.55.11:421][816]LogModuleManager: Shutting down and abandoning module AudioFormatADPCM (41)
[2015.12.10-10.55.11:421][816]LogModuleManager: Shutting down and abandoning module LinuxTargetPlatform (40)
[2015.12.10-10.55.11:421][816]LogModuleManager: Shutting down and abandoning module LinuxServerTargetPlatform (39)
[2015.12.10-10.55.11:421][816]LogModuleManager: Shutting down and abandoning module LinuxNoEditorTargetPlatform (38)
[2015.12.10-10.55.11:421][816]LogModuleManager: Shutting down and abandoning module Messaging (37)
[2015.12.10-10.55.11:421][816]LogModuleManager: Shutting down and abandoning module IOSTargetPlatform (36)
[2015.12.10-10.55.11:421][816]LogModuleManager: Shutting down and abandoning module HTML5TargetPlatform (35)
[2015.12.10-10.55.11:421][816]LogModuleManager: Shutting down and abandoning module Android_PVRTCTargetPlatform (34)
[2015.12.10-10.55.11:421][816]LogModuleManager: Shutting down and abandoning module Android_ETC2TargetPlatform (33)
[2015.12.10-10.55.11:421][816]LogModuleManager: Shutting down and abandoning module Android_ETC1TargetPlatform (32)
[2015.12.10-10.55.11:421][816]LogModuleManager: Shutting down and abandoning module Android_DXTTargetPlatform (31)
[2015.12.10-10.55.11:421][816]LogModuleManager: Shutting down and abandoning module Android_ATCTargetPlatform (30)
[2015.12.10-10.55.11:421][816]LogModuleManager: Shutting down and abandoning module Android_ASTCTargetPlatform (29)
[2015.12.10-10.55.11:422][816]LogModuleManager: Shutting down and abandoning module AndroidTargetPlatform (28)
[2015.12.10-10.55.11:422][816]LogModuleManager: Shutting down and abandoning module WindowsTargetPlatform (27)
[2015.12.10-10.55.11:422][816]LogModuleManager: Shutting down and abandoning module WindowsServerTargetPlatform (26)
[2015.12.10-10.55.11:422][816]LogModuleManager: Shutting down and abandoning module WindowsNoEditorTargetPlatform (25)
[2015.12.10-10.55.11:422][816]LogModuleManager: Shutting down and abandoning module WindowsClientTargetPlatform (24)
[2015.12.10-10.55.11:422][816]LogModuleManager: Shutting down and abandoning module AllDesktopTargetPlatform (23)
[2015.12.10-10.55.11:422][816]LogModuleManager: Shutting down and abandoning module TargetPlatform (22)
[2015.12.10-10.55.11:422][816]LogModuleManager: Shutting down and abandoning module InputCore (21)
[2015.12.10-10.55.11:422][816]LogModuleManager: Shutting down and abandoning module Settings (20)
[2015.12.10-10.55.11:422][816]LogModuleManager: Shutting down and abandoning module OnlineSubsystem (18)
[2015.12.10-10.55.11:422][816]LogModuleManager: Shutting down and abandoning module HTTP (17)
[2015.12.10-10.55.11:422][816]LogModuleManager: Shutting down and abandoning module XMPP (16)
[2015.12.10-10.55.11:422][816]LogModuleManager: Shutting down and abandoning module ExampleDeviceProfileSelector (15)
[2015.12.10-10.55.11:422][816]LogModuleManager: Shutting down and abandoning module TextureCompressor (14)
[2015.12.10-10.55.11:422][816]LogModuleManager: Shutting down and abandoning module ShaderCore (13)
[2015.12.10-10.55.11:422][816]LogModuleManager: Shutting down and abandoning module Landscape (12)
[2015.12.10-10.55.11:422][816]LogModuleManager: Shutting down and abandoning module SlateRHIRenderer (11)
[2015.12.10-10.55.11:422][816]LogModuleManager: Shutting down and abandoning module OpenGLDrv (10)
[2015.12.10-10.55.11:422][816]LogModuleManager: Shutting down and abandoning module D3D11RHI (9)
[2015.12.10-10.55.11:422][816]LogModuleManager: Shutting down and abandoning module AnimGraphRuntime (8)
[2015.12.10-10.55.11:422][816]LogModuleManager: Shutting down and abandoning module Renderer (7)
[2015.12.10-10.55.11:422][816]LogModuleManager: Shutting down and abandoning module Engine (6)
[2015.12.10-10.55.11:422][816]LogModuleManager: Shutting down and abandoning module CoreUObject (5)
[2015.12.10-10.55.11:422][816]LogModuleManager: Shutting down and abandoning module NetworkFile (4)
[2015.12.10-10.55.11:422][816]LogModuleManager: Shutting down and abandoning module StreamingFile (3)
[2015.12.10-10.55.11:422][816]LogModuleManager: Shutting down and abandoning module SandboxFile (2)
[2015.12.10-10.55.11:422][816]LogModuleManager: Shutting down and abandoning module PakFile (1)
[2015.12.10-10.55.11:423][816]LogExit: Exiting.
[2015.12.10-10.55.11:424][816]Log file closed, 12/10/15 05:55:11
