[2015.11.07-01.53.03:395][  0]Log file open, 11/06/15 20:53:03
[2015.11.07-01.53.03:395][  0]LogInit:Display: Running engine for game: NightmareGame
[2015.11.07-01.53.03:395][  0]LogInit:Display: RandInit(891432059) SRandInit(891432059).
[2015.11.07-01.53.03:395][  0]LogTaskGraph: Started task graph with 4 named threads and 5 total threads.
[2015.11.07-01.53.03:395][  0]LogStats: Stats thread started at 0.071996
[2015.11.07-01.53.03:395][  0]LogInit: Version: 4.9.2-2707645+++depot+UE4-Releases+4.9
[2015.11.07-01.53.03:395][  0]LogInit: API Version: 2672455
[2015.11.07-01.53.03:395][  0]LogInit: Compiled (64-bit): Sep 28 2015 10:25:44
[2015.11.07-01.53.03:395][  0]LogInit: Compiled with Visual C++: 18.00.21005.01
[2015.11.07-01.53.03:395][  0]LogInit: Build Configuration: Development
[2015.11.07-01.53.03:395][  0]LogInit: Branch Name: ++depot+UE4-Releases+4.9
[2015.11.07-01.53.03:395][  0]LogInit: Command line:  
[2015.11.07-01.53.03:395][  0]LogInit: Base directory: C:/Program Files/Epic Games/4.9/Engine/Binaries/Win64/
[2015.11.07-01.53.03:395][  0]LogInit: Rocket: 1
[2015.11.07-01.53.03:431][  0]LogInit: Using libcurl 7.41.0
[2015.11.07-01.53.03:431][  0]LogInit:  - built for x86_64-pc-win32
[2015.11.07-01.53.03:431][  0]LogInit:  - supports SSL with WinSSL
[2015.11.07-01.53.03:431][  0]LogInit:  - other features:
[2015.11.07-01.53.03:431][  0]LogInit:      CURL_VERSION_SSL
[2015.11.07-01.53.03:431][  0]LogInit:      CURL_VERSION_IPV6
[2015.11.07-01.53.03:431][  0]LogInit:      CURL_VERSION_ASYNCHDNS
[2015.11.07-01.53.03:431][  0]LogInit:      CURL_VERSION_LARGEFILE
[2015.11.07-01.53.03:431][  0]LogInit:      CURL_VERSION_IDN
[2015.11.07-01.53.03:431][  0]LogInit:  CurlRequestOptions (configurable via config and command line):
[2015.11.07-01.53.03:431][  0]LogInit:  - bVerifyPeer = true  - Libcurl will verify peer certificate
[2015.11.07-01.53.03:431][  0]LogInit:  - bUseHttpProxy = false  - Libcurl will NOT use HTTP proxy
[2015.11.07-01.53.03:431][  0]LogInit:  - bDontReuseConnections = false  - Libcurl will reuse connections
[2015.11.07-01.53.03:431][  0]LogInit:  - CertBundlePath = nullptr  - Libcurl will use whatever was configured at build time.
[2015.11.07-01.53.03:446][  0]LogInit: Presizing for 0 objects not considered by GC, pre-allocating 0 bytes.
[2015.11.07-01.53.03:453][  0]LogInit: Object subsystem initialized
[2015.11.07-01.53.03:458][  0]LogInit: Selected Device Profile: [Windows]
[2015.11.07-01.53.03:458][  0]LogInit: Applying CVar settings loaded from the selected device profile: [Windows]
[2015.11.07-01.53.07:394][  0]LogInit: Computer: DAKOTA-LAPTOP
[2015.11.07-01.53.07:394][  0]LogInit: User: Dakota
[2015.11.07-01.53.07:394][  0]LogInit: CPU Page size=4096, Cores=2
[2015.11.07-01.53.07:394][  0]LogInit: High frequency timer resolution =2.533198 MHz
[2015.11.07-01.53.07:394][  0]LogMemory: Memory total: Physical=11.9GB (12GB approx)
[2015.11.07-01.53.07:394][  0]LogMemory: Platform Memory Stats for Windows
[2015.11.07-01.53.07:394][  0]LogMemory: Process Physical Memory: 52.28 MB used, 52.28 MB peak
[2015.11.07-01.53.07:394][  0]LogMemory: Process Virtual Memory: 54.99 MB used, 54.99 MB peak
[2015.11.07-01.53.07:394][  0]LogMemory: Physical Memory: 3082.45 MB used, 12208.14 MB total
[2015.11.07-01.53.07:394][  0]LogMemory: Virtual Memory: 345.35 MB used, 134217728.00 MB total
[2015.11.07-01.53.09:046][  0]LogTextLocalizationManager: No specific translations for ('en-US') exist, so ('en') translations will be used.
[2015.11.07-01.53.10:052][  0]LogD3D11RHI: Found D3D11 adapter 0: Intel(R) HD Graphics Family (Feature Level 11_0)
[2015.11.07-01.53.10:052][  0]LogD3D11RHI: Adapter has 0MB of dedicated video memory, 0MB of dedicated system memory, and 1792MB of shared system memory, 1 output[s]
[2015.11.07-01.53.10:054][  0]LogD3D11RHI: Found D3D11 adapter 1: Microsoft Basic Render Driver (Feature Level 11_0)
[2015.11.07-01.53.10:054][  0]LogD3D11RHI: Adapter has 0MB of dedicated video memory, 0MB of dedicated system memory, and 256MB of shared system memory, 0 output[s]
[2015.11.07-01.53.10:054][  0]LogD3D11RHI: Chosen D3D11 Adapter Id = 0
[2015.11.07-01.53.10:058][  0]LogD3D11RHI: !Direct3DDevice
[2015.11.07-01.53.10:058][  0]LogRHI: Texture pool is 627 MB (70% of 896 MB)
[2015.11.07-01.53.10:070][  0]LogD3D11RHI: Async texture creation enabled
[2015.11.07-01.53.10:073][  0]LogShaderCompilers: Guid format shader working directory is 15 characters bigger than the processId version (D:/Year 3/Fall Semester/GDD II/Nightmare Game/NightmareGame/TheGame/Intermediate/Shaders/WorkingDirectory/6560/).
[2015.11.07-01.53.10:074][  0]LogShaderCompilers: Cleaned the shader compiler working directory 'D:/Year 3/Fall Semester/GDD II/Nightmare Game/NightmareGame/TheGame/Intermediate/Shaders/tmp/8136262C4706203D78EF5CBC7B2A04FC/'.
[2015.11.07-01.53.10:074][  0]LogShaderCompilers:Display: Using Local Shader Compiler.
[2015.11.07-01.53.15:890][  0]LogTemp:Display: Loaded TP AllDesktopTargetPlatform
[2015.11.07-01.53.15:900][  0]LogTemp:Display: Loaded TP WindowsClientTargetPlatform
[2015.11.07-01.53.15:909][  0]LogTemp:Display: Loaded TP WindowsNoEditorTargetPlatform
[2015.11.07-01.53.15:921][  0]LogTemp:Display: Loaded TP WindowsServerTargetPlatform
[2015.11.07-01.53.15:933][  0]LogTemp:Display: Loaded TP WindowsTargetPlatform
[2015.11.07-01.53.15:939][  0]LogTemp:Display: Loaded TP AndroidTargetPlatform
[2015.11.07-01.53.15:945][  0]LogTemp:Display: Loaded TP Android_ASTCTargetPlatform
[2015.11.07-01.53.15:951][  0]LogTemp:Display: Loaded TP Android_ATCTargetPlatform
[2015.11.07-01.53.15:958][  0]LogTemp:Display: Loaded TP Android_DXTTargetPlatform
[2015.11.07-01.53.15:965][  0]LogTemp:Display: Loaded TP Android_ETC1TargetPlatform
[2015.11.07-01.53.15:972][  0]LogTemp:Display: Loaded TP Android_ETC2TargetPlatform
[2015.11.07-01.53.15:978][  0]LogTemp:Display: Loaded TP Android_PVRTCTargetPlatform
[2015.11.07-01.53.15:979][  0]LogTemp:Display: Loaded TP HTML5TargetPlatform
[2015.11.07-01.53.16:004][  0]LogTemp:Display: Loaded TP IOSTargetPlatform
[2015.11.07-01.53.16:011][  0]LogTemp:Display: Loaded TP LinuxNoEditorTargetPlatform
[2015.11.07-01.53.16:019][  0]LogTemp:Display: Loaded TP LinuxServerTargetPlatform
[2015.11.07-01.53.16:027][  0]LogTemp:Display: Loaded TP LinuxTargetPlatform
[2015.11.07-01.53.16:027][  0]LogTargetPlatformManager:Display: Building Assets For Windows
[2015.11.07-01.53.16:927][  0]LogDerivedDataCache:Display: Max Cache Size: 512 MB
[2015.11.07-01.53.17:003][  0]LogDerivedDataCache: Loaded boot cache 0.08s 41MB C:/Users/Dakota/AppData/Local/UnrealEngine/4.9/DerivedDataCache/Boot.ddc.
[2015.11.07-01.53.17:003][  0]LogDerivedDataCache:Display: Loaded Boot cache: C:/Users/Dakota/AppData/Local/UnrealEngine/4.9/DerivedDataCache/Boot.ddc
[2015.11.07-01.53.17:734][  0]LogDerivedDataCache: FDerivedDataBackendGraph:  Pak pak cache file D:/Year 3/Fall Semester/GDD II/Nightmare Game/NightmareGame/TheGame/DerivedDataCache/DDC.ddp not found, will not use a pak cache.
[2015.11.07-01.53.17:734][  0]LogDerivedDataCache: Unable to find inner node Pak for hierarchical cache Hierarchy.
[2015.11.07-01.53.17:734][  0]LogDerivedDataCache: FDerivedDataBackendGraph:  CompressedPak pak cache file D:/Year 3/Fall Semester/GDD II/Nightmare Game/NightmareGame/TheGame/DerivedDataCache/Compressed.ddp not found, will not use a pak cache.
[2015.11.07-01.53.17:734][  0]LogDerivedDataCache: Unable to find inner node CompressedPak for hierarchical cache Hierarchy.
[2015.11.07-01.53.17:943][  0]LogDerivedDataCache:Display: Pak cache opened for reading ../../../Engine/DerivedDataCache/Compressed.ddp.
[2015.11.07-01.53.17:956][  0]LogDerivedDataCache: Using Local data cache path C:/Users/Dakota/AppData/Local/UnrealEngine/Common/DerivedDataCache: Writable
[2015.11.07-01.53.18:894][  0]LogInit: Selected Device Profile: [Windows]
[2015.11.07-01.53.18:896][  0]LogContentStreaming: Texture pool size is 0.000000MB
[2015.11.07-01.53.19:697][  0]LogMeshUtilities: No automatic mesh reduction module available
[2015.11.07-01.53.19:697][  0]LogMeshUtilities: No automatic mesh merging module available
[2015.11.07-01.53.20:040][  0]LogInit: WinSock: version 1.1 (2.2), MaxSocks=32767, MaxUdp=65467
[2015.11.07-01.53.22:527][  0]UdpMessaging: Initializing bridge on interface 0.0.0.0:0 to multicast group 230.0.0.1:6666.
[2015.11.07-01.53.22:653][  0]LogAssetRegistry: FAssetRegistry took 0.0117 seconds to start up
[2015.11.07-01.53.24:462][  0]SourceControl: Info Source control is disabled
[2015.11.07-01.53.35:738][  0]LogLinker:Warning: Asset '../../../Engine/Plugins/Runtime/LeapMotionController/Content/LM_PassthroughMaterial.uasset' has been saved with empty engine version. The asset will be loaded but may be incompatible.
[2015.11.07-01.53.36:555][  0]LogObj: 28361 objects as part of root set at end of initial load.
[2015.11.07-01.53.36:555][  0]LogUObjectAllocator: 6038872 out of 0 bytes used by permanent object pool.
[2015.11.07-01.53.36:623][  0]LogEngine: Initializing Engine...
[2015.11.07-01.53.36:627][  0]LogHMD: Can't find Oculus library dev build: is proper Runtime installed? Version: 0.7.0.0
[2015.11.07-01.53.36:628][  0]LogHMD: SteamVR failed to initialize.  Err: 110
[2015.11.07-01.53.37:371][  0]LogAIModule: Creating AISystem for world NewWorld
[2015.11.07-01.53.37:376][  0]LogInit: XAudio2 using 'Speakers (Conexant SmartAudio HD)' : 2 channels at 48 kHz using 32 bits per sample (channel mask 0x3)
[2015.11.07-01.53.37:389][  0]LogInit: FAudioDevice initialized.
[2015.11.07-01.53.37:420][  0]LogDerivedDataCache: Saved boot cache 0.03s 41MB C:/Users/Dakota/AppData/Local/UnrealEngine/4.9/DerivedDataCache/Boot.ddc.
[2015.11.07-01.53.37:424][  0]LogInit: Texture streaming: Enabled
[2015.11.07-01.53.37:433][  0]LogAnalytics: Creating configured Analytics provider AnalyticsET
[2015.11.07-01.53.37:433][  0]LogAnalytics: [UEEditor.Rocket.Release] APIServer = http://et2.epicgames.com/ET2/. AppVersion = 4.9.2-2707645+++depot+UE4-Releases+4.9
[2015.11.07-01.53.37:433][  0]LogAnalytics: [UEEditor.Rocket.Release] SetUserId beea72564c5e292331dd6ca809bca9c7|94ef35f5a50f483a91bb39f0bb183548|be7d8118-7827-47e6-8d7c-09dff9a798de
[2015.11.07-01.53.37:433][  0]LogAnalytics: [UEEditor.Rocket.Release] AnalyticsET::StartSession
[2015.11.07-01.53.37:503][  0]LogInit: Transaction tracking system initialized
[2015.11.07-01.53.38:257][  0]BlueprintLog: New page: Editor Load
[2015.11.07-01.53.38:460][  0]LocalizationService: Info Localization service is disabled
[2015.11.07-01.53.38:595][  0]LogConsoleResponse:Display: 
[2015.11.07-01.53.38:789][  0]LogCook:Display: Done creating registry. It took  0.00s.
[2015.11.07-01.53.39:573][  0]LogFileCache: Scanning file cache for directory 'D:/Year 3/Fall Semester/GDD II/Nightmare Game/NightmareGame/TheGame/Content/' took 0.03s
[2015.11.07-01.53.40:707][  0]Cmd: MAP LOAD FILE="D:/Year 3/Fall Semester/GDD II/Nightmare Game/NightmareGame/TheGame/Content/ThirdPersonBP/Maps/Hub.umap" TEMPLATE=0 SHOWPROGRESS=1 FEATURELEVEL=3
[2015.11.07-01.53.40:709][  0]LightingResults: New page: Lighting Build
[2015.11.07-01.53.41:446][  0]MapCheck: New page: Map Check
[2015.11.07-01.53.41:446][  0]LightingResults: New page: Lighting Build
[2015.11.07-01.53.41:474][  0]LogParticles: Destroying 0 GPU particle simulations for FXSystem 0x0000008AFEACFCE0
[2015.11.07-01.53.42:371][  0]LogLinker:Warning: Asset 'D:/Year 3/Fall Semester/GDD II/Nightmare Game/NightmareGame/TheGame/Content/Mannequin/Animations/ThirdPerson_AnimBP.uasset' has been saved with empty engine version. The asset will be loaded but may be incompatible.
[2015.11.07-01.53.42:374][  0]LogLinker:Warning: Asset 'D:/Year 3/Fall Semester/GDD II/Nightmare Game/NightmareGame/TheGame/Content/Mannequin/Animations/ThirdPerson_Jump.uasset' has been saved with empty engine version. The asset will be loaded but may be incompatible.
[2015.11.07-01.53.42:377][  0]LogLinker:Warning: Asset 'D:/Year 3/Fall Semester/GDD II/Nightmare Game/NightmareGame/TheGame/Content/Mannequin/Animations/ThirdPersonJump_Loop.uasset' has been saved with empty engine version. The asset will be loaded but may be incompatible.
[2015.11.07-01.53.42:380][  0]LogLinker:Warning: Asset 'D:/Year 3/Fall Semester/GDD II/Nightmare Game/NightmareGame/TheGame/Content/Mannequin/Animations/ThirdPersonJump_Start.uasset' has been saved with empty engine version. The asset will be loaded but may be incompatible.
[2015.11.07-01.53.42:384][  0]LogLinker:Warning: Asset 'D:/Year 3/Fall Semester/GDD II/Nightmare Game/NightmareGame/TheGame/Content/Mannequin/Animations/ThirdPerson_IdleRun_2D.uasset' has been saved with empty engine version. The asset will be loaded but may be incompatible.
[2015.11.07-01.53.42:384][  0]LogLinker:Warning: Asset 'D:/Year 3/Fall Semester/GDD II/Nightmare Game/NightmareGame/TheGame/Content/Mannequin/Animations/ThirdPersonIdle.uasset' has been saved with empty engine version. The asset will be loaded but may be incompatible.
[2015.11.07-01.53.42:387][  0]LogLinker:Warning: Asset 'D:/Year 3/Fall Semester/GDD II/Nightmare Game/NightmareGame/TheGame/Content/Mannequin/Animations/ThirdPersonRun.uasset' has been saved with empty engine version. The asset will be loaded but may be incompatible.
[2015.11.07-01.53.42:389][  0]LogLinker:Warning: Asset 'D:/Year 3/Fall Semester/GDD II/Nightmare Game/NightmareGame/TheGame/Content/Mannequin/Animations/ThirdPersonWalk.uasset' has been saved with empty engine version. The asset will be loaded but may be incompatible.
[2015.11.07-01.53.46:115][  0]LogAIModule: Creating AISystem for world Hub
[2015.11.07-01.53.46:182][  0]LogEditorServer: Finished looking for orphan Actors (0.000 secs)
[2015.11.07-01.53.46:183][  0]Cmd: MAP CHECKDEP NOCLEARLOG
[2015.11.07-01.53.47:126][  0]MapCheck: Info Map check complete: 0 Error(s), 0 Warning(s), took 942.312ms to complete.
[2015.11.07-01.53.47:126][  0]LogFileHelpers: Loading map 'Hub' took 6.419
[2015.11.07-01.53.47:912][  0]LogCollectionManager: Loaded 0 collections in 0.006522 seconds
[2015.11.07-01.53.47:965][  0]LogFileCache: Scanning file cache for directory 'D:/Year 3/Fall Semester/GDD II/Nightmare Game/NightmareGame/TheGame/Saved/Collections/' took 0.01s
[2015.11.07-01.53.47:965][  0]LogFileCache: Scanning file cache for directory 'D:/Year 3/Fall Semester/GDD II/Nightmare Game/NightmareGame/TheGame/Content/Developers/Dakota/Collections/' took 0.01s
[2015.11.07-01.53.47:965][  0]LogFileCache: Scanning file cache for directory 'D:/Year 3/Fall Semester/GDD II/Nightmare Game/NightmareGame/TheGame/Content/Collections/' took 0.01s
[2015.11.07-01.53.47:965][  0]LogContentBrowser: Native class hierarchy populated in 0.0130 seconds. Added 1867 classes and 333 folders.
[2015.11.07-01.53.47:973][  0]LogCollectionManager: Rebuilt the GUID cache for 0 collections in 0.000004 seconds
[2015.11.07-01.53.47:985][  0]LogContentBrowser: Native class hierarchy updated for 'WidgetCarousel' in 0.0013 seconds. Added 0 classes and 0 folders.
[2015.11.07-01.53.48:755][  0]LogContentBrowser: Native class hierarchy updated for 'AddContentDialog' in 0.6406 seconds. Added 0 classes and 0 folders.
[2015.11.07-01.53.48:763][  0]LogContentBrowser: Native class hierarchy updated for 'SceneOutliner' in 0.0011 seconds. Added 1 classes and 2 folders.
[2015.11.07-01.53.48:796][  0]LogCrashTracker: Crashtracker disabled due to settings.
[2015.11.07-01.53.48:801][  0]LogUObjectGlobals:Warning: Failed to find object 'Class None.'
[2015.11.07-01.53.48:824][  0]LogLoad: Full Startup: 72.02 seconds (BP compile: 0.31 seconds)
[2015.11.07-01.53.49:797][  0]SourceControl: Info On branch Dakota
[2015.11.07-01.53.49:797][  0]SourceControl: Info Your branch is up-to-date with 'origin/Dakota'.
[2015.11.07-01.53.49:797][  0]SourceControl: Info Changes not staged for commit:
[2015.11.07-01.53.49:797][  0]SourceControl: Info   (use "git add/rm <file>..." to update what will be committed)
[2015.11.07-01.53.49:797][  0]SourceControl: Info   (use "git checkout -- <file>..." to discard changes in working directory)
[2015.11.07-01.53.49:797][  0]SourceControl: Info 	modified:   TheGame/Intermediate/CachedAssetRegistry.bin
[2015.11.07-01.53.49:797][  0]SourceControl: Info 	modified:   TheGame/Intermediate/Config/CoalescedSourceConfigs/Engine.ini
[2015.11.07-01.53.49:797][  0]SourceControl: Info 	modified:   TheGame/Intermediate/Config/CoalescedSourceConfigs/Game.ini
[2015.11.07-01.53.49:797][  0]SourceControl: Info 	deleted:    TheGame/Saved/Backup/Hub_2015-11-05-19-52-00.umap
[2015.11.07-01.53.49:797][  0]SourceControl: Info 	deleted:    TheGame/Saved/Backup/Hub_2015-11-05-20-04-39.umap
[2015.11.07-01.53.49:797][  0]SourceControl: Info 	deleted:    TheGame/Saved/Backup/Hub_2015-11-05-20-17-22.umap
[2015.11.07-01.53.49:797][  0]SourceControl: Info 	deleted:    TheGame/Saved/Backup/ThirdPersonExampleMap_2015-11-03-22-06-17.umap
[2015.11.07-01.53.49:797][  0]SourceControl: Info 	modified:   TheGame/Saved/Config/Windows/EditorPerProjectUserSettings.ini
[2015.11.07-01.53.49:797][  0]SourceControl: Info 	modified:   TheGame/Saved/Config/Windows/Engine.ini
[2015.11.07-01.53.49:797][  0]SourceControl: Info 	modified:   TheGame/Saved/Logs/NightmareGame.log
[2015.11.07-01.53.49:797][  0]SourceControl: Info Untracked files:
[2015.11.07-01.53.49:797][  0]SourceControl: Info   (use "git add <file>..." to include in what will be committed)
[2015.11.07-01.53.49:797][  0]SourceControl: Info 	TheGame/Content/ThirdPersonBP/Maps/Cave.umap
[2015.11.07-01.53.49:797][  0]SourceControl: Info 	TheGame/Saved/Autosaves/Game/ThirdPersonBP/Maps/Cave_Auto1.umap
[2015.11.07-01.53.49:798][  0]SourceControl: Info 	TheGame/Saved/Autosaves/Game/ThirdPersonBP/Maps/Cave_Auto2.umap
[2015.11.07-01.53.49:798][  0]SourceControl: Info 	TheGame/Saved/Backup/Cave_2015-11-06-20-02-36.umap
[2015.11.07-01.53.49:798][  0]SourceControl: Info 	TheGame/Saved/Backup/Cave_2015-11-06-20-07-52.umap
[2015.11.07-01.53.49:798][  0]SourceControl: Info 	TheGame/Saved/Backup/Cave_2015-11-06-20-18-48.umap
[2015.11.07-01.53.49:798][  0]SourceControl: Info 	TheGame/Saved/Backup/Cave_2015-11-06-20-31-51.umap
[2015.11.07-01.53.49:798][  0]SourceControl: Info 	TheGame/Saved/Backup/Cave_2015-11-06-20-49-24.umap
[2015.11.07-01.53.49:798][  0]SourceControl: Info 	TheGame/Saved/Config/WorldState/2027844520.json
[2015.11.07-01.53.49:798][  0]SourceControl: Info 	TheGame/Saved/HardwareSurvey/
[2015.11.07-01.53.49:798][  0]SourceControl: Info no changes added to commit (use "git add" and/or "git commit -a")
[2015.11.07-01.53.49:798][  0]LogContentStreaming: Texture pool size now 700 MB
[2015.11.07-01.53.49:928][  0]LogRenderer: Reallocating scene render targets to support 856x372 (Frame:2).
[2015.11.07-01.53.51:846][  5]LogAssetRegistry: Asset discovery search completed in 29.2051 seconds
[2015.11.07-01.53.51:847][  5]LogCollectionManager: Rebuilt the object cache for 0 collections in 0.000001 seconds (found 0 objects)
[2015.11.07-01.53.51:847][  5]LogCollectionManager: Fixed up redirectors for 0 collections in 0.000031 seconds (updated 0 objects)
[2015.11.07-01.54.03:120][ 31]LogMaterial: Missing cached shader map for material BasicShapeMaterial, compiling. 
[2015.11.07-01.54.06:254][ 31]LogMaterial: Missing cached shader map for material BasicShapeMaterial, compiling. 
[2015.11.07-01.54.06:275][ 31]LogMaterial: 0.000163 seconds spent updating 1 materials, 1 interfaces, 0 instances, 0 with static permutations.
[2015.11.07-01.54.07:919][ 31]LogMaterial: Missing cached shader map for material FMatExpressionPreview MaterialExpressionVectorParameter_0, compiling. 
[2015.11.07-01.54.18:791][300]LogMaterial: Missing cached shader map for material BasicShapeMaterial, compiling. 
[2015.11.07-01.54.18:800][300]LogMaterial: 0.000074 seconds spent updating 1 materials, 1 interfaces, 0 instances, 0 with static permutations.
[2015.11.07-01.54.18:859][300]LogMaterial: Missing cached shader map for material FMatExpressionPreview MaterialExpressionVectorParameter_0, compiling. 
[2015.11.07-01.55.00:175][856]LogMaterial: Missing cached shader map for material BasicShapeMaterial, compiling. 
[2015.11.07-01.55.00:184][856]LogMaterial: 0.000086 seconds spent updating 1 materials, 1 interfaces, 0 instances, 0 with static permutations.
[2015.11.07-01.55.00:211][856]L